[  1%] Built target moveit_task_constructor_msgs__rosidl_generator_type_description
[  1%] Built target ament_cmake_python_copy_moveit_task_constructor_msgs
[  1%] Built target moveit_task_constructor_msgs__cpp
[ 27%] Built target moveit_task_constructor_msgs__rosidl_generator_c
[ 37%] Built target moveit_task_constructor_msgs__rosidl_typesupport_c
[ 46%] Built target moveit_task_constructor_msgs__rosidl_typesupport_introspection_c
[ 61%] Built target moveit_task_constructor_msgs__rosidl_typesupport_fastrtps_cpp
[ 66%] Built target moveit_task_constructor_msgs__rosidl_typesupport_fastrtps_c
[ 76%] Built target moveit_task_constructor_msgs__rosidl_typesupport_cpp
[ 86%] Built target moveit_task_constructor_msgs__rosidl_typesupport_introspection_cpp
[ 86%] Built target moveit_task_constructor_msgs
[ 87%] Built target moveit_task_constructor_msgs__py
[ 96%] Built target moveit_task_constructor_msgs__rosidl_generator_py
[ 97%] Built target moveit_task_constructor_msgs__rosidl_typesupport_fastrtps_c__pyext
[ 98%] Built target moveit_task_constructor_msgs__rosidl_typesupport_c__pyext
[100%] Built target moveit_task_constructor_msgs__rosidl_typesupport_introspection_c__pyext
running egg_info
writing moveit_task_constructor_msgs.egg-info/PKG-INFO
writing dependency_links to moveit_task_constructor_msgs.egg-info/dependency_links.txt
writing top-level names to moveit_task_constructor_msgs.egg-info/top_level.txt
reading manifest file 'moveit_task_constructor_msgs.egg-info/SOURCES.txt'
writing manifest file 'moveit_task_constructor_msgs.egg-info/SOURCES.txt'
[100%] Built target ament_cmake_python_build_moveit_task_constructor_msgs_egg
