[0.193s] Invoking command in '/home/buhrmann/ws_moveit/build/point_cloud_circle_detector': CMAKE_PREFIX_PATH=${CMAKE_PREFIX_PATH}:/home/buhrmann/ws_moveit/install/ros2_azure_bridge:/home/buhrmann/ws_moveit/install/moveit_configs_utils:/opt/ros/iron /usr/bin/cmake --build /home/buhrmann/ws_moveit/build/point_cloud_circle_detector -- -j28 -l28
[0.237s] [35m[1mConsolidate compiler generated dependencies of target hsv_color_filter[0m
[0.248s] [  9%] Built target point_cloud_circle_detector
[0.249s] [ 18%] Built target rgb_edge_filter
[0.250s] [ 27%] Built target point_cloud_plantpot_detector
[0.252s] [ 50%] Built target point_cloud_cylinder_detector
[0.252s] [ 50%] Built target point_cloud_plantpot_rgb_edge_pfh_detector
[0.252s] [ 59%] Built target cup_pointcloud_segmentation_color
[0.252s] [ 59%] [32mBuilding CXX object CMakeFiles/hsv_color_filter.dir/src/hsv_color_filter.cpp.o[0m
[0.252s] [ 68%] Built target cup_segmentation_color
[0.256s] [ 77%] Built target point_cloud_plantpot_ppf_detector
[0.256s] [ 86%] Built target point_cloud_plantpot_edge_pfh_detector
[0.258s] [ 95%] Built target point_cloud_plantpot_pfh_detector
[3.381s] [01m[K/home/buhrmann/ws_moveit/src/point_cloud_circle_detector/src/hsv_color_filter.cpp:[m[K In member function ‘[01m[Kvoid ColorFilterNode::cloud_callback(sensor_msgs::msg::PointCloud2_<std::allocator<void> >::SharedPtr)[m[K’:
[3.381s] [01m[K/home/buhrmann/ws_moveit/src/point_cloud_circle_detector/src/hsv_color_filter.cpp:111:31:[m[K [01;31m[Kerror: [m[Kcannot bind non-const lvalue reference of type ‘[01m[Kdouble&[m[K’ to a value of type ‘[01m[Kfloat[m[K’
[3.381s]   111 |     hsv2rgb(h_max,s_max,v_max,[01;31m[Kmax_red[m[K,max_green,max_blue);
[3.381s]       |                               [01;31m[K^~~~~~~[m[K
[3.381s] [01m[K/home/buhrmann/ws_moveit/src/point_cloud_circle_detector/src/hsv_color_filter.cpp:37:53:[m[K [01;36m[Knote: [m[K  initializing argument 4 of ‘[01m[Kvoid ColorFilterNode::hsv2rgb(double, double, double, double&, double&, double&)[m[K’
[3.381s]    37 |  void hsv2rgb(double h, double s, double v, [01;36m[Kdouble &r[m[K, double &g, double &b) {
[3.381s]       |                                             [01;36m[K~~~~~~~~^[m[K
[3.381s] [01m[K/home/buhrmann/ws_moveit/src/point_cloud_circle_detector/src/hsv_color_filter.cpp:112:31:[m[K [01;31m[Kerror: [m[Kcannot bind non-const lvalue reference of type ‘[01m[Kdouble&[m[K’ to a value of type ‘[01m[Kfloat[m[K’
[3.381s]   112 |     hsv2rgb(h_min,s_min,v_min,[01;31m[Kmin_red[m[K,min_green,min_blue);
[3.381s]       |                               [01;31m[K^~~~~~~[m[K
[3.381s] [01m[K/home/buhrmann/ws_moveit/src/point_cloud_circle_detector/src/hsv_color_filter.cpp:37:53:[m[K [01;36m[Knote: [m[K  initializing argument 4 of ‘[01m[Kvoid ColorFilterNode::hsv2rgb(double, double, double, double&, double&, double&)[m[K’
[3.381s]    37 |  void hsv2rgb(double h, double s, double v, [01;36m[Kdouble &r[m[K, double &g, double &b) {
[3.381s]       |                                             [01;36m[K~~~~~~~~^[m[K
[3.402s] [01m[K/home/buhrmann/ws_moveit/src/point_cloud_circle_detector/src/hsv_color_filter.cpp:142:36:[m[K [01;31m[Kerror: [m[K‘[01m[Kcloud_rgb[m[K’ was not declared in this scope
[3.402s]   142 |         cond_removal.setInputCloud([01;31m[Kcloud_rgb[m[K);
[3.402s]       |                                    [01;31m[K^~~~~~~~~[m[K
[4.427s] gmake[2]: *** [CMakeFiles/hsv_color_filter.dir/build.make:76: CMakeFiles/hsv_color_filter.dir/src/hsv_color_filter.cpp.o] Error 1
[4.427s] gmake[1]: *** [CMakeFiles/Makefile2:417: CMakeFiles/hsv_color_filter.dir/all] Error 2
[4.427s] gmake: *** [Makefile:146: all] Error 2
[4.429s] Invoked command in '/home/buhrmann/ws_moveit/build/point_cloud_circle_detector' returned '2': CMAKE_PREFIX_PATH=${CMAKE_PREFIX_PATH}:/home/buhrmann/ws_moveit/install/ros2_azure_bridge:/home/buhrmann/ws_moveit/install/moveit_configs_utils:/opt/ros/iron /usr/bin/cmake --build /home/buhrmann/ws_moveit/build/point_cloud_circle_detector -- -j28 -l28
