[0.008s] Invoking command in '/home/buhrmann/ws_moveit/build/point_cloud_circle_detector': CMAKE_PREFIX_PATH=${CMAKE_PREFIX_PATH}:/home/buhrmann/ws_moveit/install/moveit_configs_utils:/opt/ros/iron /usr/bin/cmake --build /home/buhrmann/ws_moveit/build/point_cloud_circle_detector -- -j28 -l28
[0.033s] -- Found ament_cmake: 2.0.7 (/opt/ros/iron/share/ament_cmake/cmake)
[0.105s] -- Found Python3: /usr/bin/python3.10 (found version "3.10.12") found components: Interpreter 
[0.144s] -- Override CMake install command with custom implementation using symlinks instead of copying resources
[0.182s] -- FLANN found (include: /usr/include, lib: /usr/lib/x86_64-linux-gnu/libflann_cpp.so)
[0.186s] -- Could NOT find Pcap (missing: PCAP_LIBRARIES PCAP_INCLUDE_DIRS) 
[0.186s] [0m** WARNING ** io features related to pcap will be disabled[0m
[0.254s] -- Found Python3: /usr/bin/python3.10 (found suitable version "3.10.12", minimum required is "3.10") found components: Interpreter Development.Module Development.Embed 
[0.674s] [0m** WARNING **  features related to /opt/ros/iron/lib/libpcl_msgs__rosidl_typesupport_fastrtps_cpp.so will be disabled[0m
[0.686s] -- Found Qhull version 8.0.2
[1.151s] [0m** WARNING **  features related to /opt/ros/iron/lib/libpcl_msgs__rosidl_typesupport_fastrtps_cpp.so will be disabled[0m
[1.157s] -- looking for PCL_COMMON
[1.157s] -- looking for PCL_KDTREE
[1.157s] -- looking for PCL_OCTREE
[1.157s] -- looking for PCL_SEARCH
[1.157s] -- looking for PCL_SAMPLE_CONSENSUS
[1.157s] -- looking for PCL_FILTERS
[1.158s] -- looking for PCL_2D
[1.158s] -- looking for PCL_GEOMETRY
[1.158s] -- looking for PCL_IO
[1.158s] -- looking for PCL_FEATURES
[1.158s] -- looking for PCL_ML
[1.158s] -- looking for PCL_SEGMENTATION
[1.158s] -- looking for PCL_SURFACE
[1.159s] -- looking for PCL_REGISTRATION
[1.159s] -- looking for PCL_KEYPOINTS
[1.159s] -- looking for PCL_TRACKING
[1.159s] -- looking for PCL_RECOGNITION
[1.159s] -- looking for PCL_STEREO
[1.160s] [0mPCL Libraries: TESSSSt[0m
[1.160s] [0mPCL Libraries: /usr/local/share/pcl-1.14[0m
[1.160s] [0mPCL Libraries: pcl_common;pcl_kdtree;pcl_octree;pcl_search;pcl_sample_consensus;pcl_filters;pcl_io;pcl_features;pcl_ml;pcl_segmentation;pcl_surface;pcl_registration;pcl_keypoints;pcl_tracking;pcl_recognition;pcl_stereo;Boost::system;Boost::iostreams;Boost::filesystem;Boost::serialization;FLANN::FLANN;QHULL::QHULL[0m
[1.160s] [0mPCL Libraries: /usr/lib/x86_64-linux-gnu/cmake/vtk-9.1[0m
[1.160s] -- Found sensor_msgs: 5.0.1 (/opt/ros/iron/share/sensor_msgs/cmake)
[1.170s] -- Found rosidl_generator_c: 4.0.1 (/opt/ros/iron/share/rosidl_generator_c/cmake)
[1.174s] -- Found rosidl_generator_cpp: 4.0.1 (/opt/ros/iron/share/rosidl_generator_cpp/cmake)
[1.181s] -- Using all available rosidl_typesupport_c: rosidl_typesupport_fastrtps_c;rosidl_typesupport_introspection_c
[1.190s] -- Using all available rosidl_typesupport_cpp: rosidl_typesupport_fastrtps_cpp;rosidl_typesupport_introspection_cpp
[1.286s] -- Found rclcpp: 21.0.8 (/opt/ros/iron/share/rclcpp/cmake)
[1.332s] -- Found rmw_implementation_cmake: 7.1.0 (/opt/ros/iron/share/rmw_implementation_cmake/cmake)
[1.334s] -- Found rmw_fastrtps_cpp: 7.1.4 (/opt/ros/iron/share/rmw_fastrtps_cpp/cmake)
[1.420s] -- Using RMW implementation 'rmw_fastrtps_cpp' as default
[1.500s] -- Found pcl_conversions: 2.5.4 (/opt/ros/iron/share/pcl_conversions/cmake)
[1.802s] [31mCMake Error at /opt/ros/iron/share/ament_cmake_target_dependencies/cmake/ament_target_dependencies.cmake:77 (message):
[1.802s]   ament_target_dependencies() the passed package name 'pcl_features' was not
[1.802s]   found before
[1.802s] Call Stack (most recent call first):
[1.802s]   CMakeLists.txt:37 (ament_target_dependencies)
[1.802s] 
[1.802s] [0m
[1.802s] -- Configuring incomplete, errors occurred!
[1.802s] See also "/home/buhrmann/ws_moveit/build/point_cloud_circle_detector/CMakeFiles/CMakeOutput.log".
[1.810s] gmake: *** [Makefile:390: cmake_check_build_system] Error 1
[1.812s] Invoked command in '/home/buhrmann/ws_moveit/build/point_cloud_circle_detector' returned '2': CMAKE_PREFIX_PATH=${CMAKE_PREFIX_PATH}:/home/buhrmann/ws_moveit/install/moveit_configs_utils:/opt/ros/iron /usr/bin/cmake --build /home/buhrmann/ws_moveit/build/point_cloud_circle_detector -- -j28 -l28
