[35m[1mConsolidate compiler generated dependencies of target image_based_hsv_color_filter[0m
[  6%] Built target point_cloud_circle_detector
[ 13%] Built target point_cloud_plantpot_edge_pfh_detector
[ 20%] Built target rgb_edge_filter
[ 26%] Built target point_cloud_plantpot_rgb_edge_pfh_detector
[ 33%] Built target point_cloud_plantpot_detector
[ 40%] Built target point_cloud_cylinder_detector
[ 46%] Built target cup_segmentation_color
[ 53%] Built target point_cloud_plantpot_pfh_detector
[ 60%] Built target cup_pointcloud_segmentation_color
[ 66%] Built target point_cloud_plantpot_ppf_detector
[ 73%] Built target hsv_color_filter
[ 80%] [32mBuilding CXX object CMakeFiles/image_based_hsv_color_filter.dir/src/image_based_hsv_color_filter.cpp.o[0m
[ 83%] Built target plantplot_ransac_conversion
[ 90%] Built target plantplot_icp_conversion
[ 96%] Built target plantplot_placement
In file included from [01m[K/home/buhrmann/ws_moveit/src/point_cloud_circle_detector/src/image_based_hsv_color_filter.cpp:10[m[K:
[01m[K/opt/ros/iron/include/cv_bridge/cv_bridge/cv_bridge.h:42:2:[m[K [01;35m[Kwarning: [m[K#warning This header is obsolete, please include cv_bridge/cv_bridge.hpp instead [[01;35m[K]8;;https://gcc.gnu.org/onlinedocs/gcc/Warning-Options.html#index-Wcpp-Wcpp]8;;[m[K]
   42 | #[01;35m[Kwarning[m[K This header is obsolete, please include cv_bridge/cv_bridge.hpp instead
      |  [01;35m[K^~~~~~~[m[K
[01m[K/home/buhrmann/ws_moveit/src/point_cloud_circle_detector/src/image_based_hsv_color_filter.cpp:[m[K In constructor ‘[01m[KPointCloudGenerator::PointCloudGenerator()[m[K’:
[01m[K/home/buhrmann/ws_moveit/src/point_cloud_circle_detector/src/image_based_hsv_color_filter.cpp:44:94:[m[K [01;31m[Kerror: [m[Kno match for ‘[01m[Koperator=[m[K’ (operand types are ‘[01m[Krclcpp::Subscription<sensor_msgs::msg::Image_<std::allocator<void> > >::SharedPtr[m[K’ {aka ‘[01m[Kstd::shared_ptr<rclcpp::Subscription<sensor_msgs::msg::Image_<std::allocator<void> > > >[m[K’} and ‘[01m[Kstd::shared_ptr<rclcpp::Publisher<sensor_msgs::msg::Image_<std::allocator<void> >, std::allocator<void> > >[m[K’)
   44 |         image_pub_ = create_publisher<sensor_msgs::msg::Image>("/UR5/image/green_filtered", 1[01;31m[K)[m[K;
      |                                                                                              [01;31m[K^[m[K
In file included from [01m[K/usr/include/c++/11/memory:77[m[K,
                 from [01m[K/opt/ros/iron/include/rclcpp/rclcpp/rclcpp.hpp:165[m[K,
                 from [01m[K/home/buhrmann/ws_moveit/src/point_cloud_circle_detector/src/image_based_hsv_color_filter.cpp:1[m[K:
[01m[K/usr/include/c++/11/bits/shared_ptr.h:363:9:[m[K [01;36m[Knote: [m[Kcandidate: ‘[01m[Ktemplate<class _Yp> std::shared_ptr<_Tp>::_Assignable<const std::shared_ptr<_Yp>&> std::shared_ptr<_Tp>::operator=(const std::shared_ptr<_Yp>&) [with _Yp = _Yp; _Tp = rclcpp::Subscription<sensor_msgs::msg::Image_<std::allocator<void> > >][m[K’
  363 |         [01;36m[Koperator[m[K=(const shared_ptr<_Yp>& __r) noexcept
      |         [01;36m[K^~~~~~~~[m[K
[01m[K/usr/include/c++/11/bits/shared_ptr.h:363:9:[m[K [01;36m[Knote: [m[K  template argument deduction/substitution failed:
/usr/include/c++/11/bits/shared_ptr.h: In substitution of ‘[01m[Ktemplate<class _Tp> template<class _Arg> using _Assignable = typename std::enable_if<std::is_assignable<std::__shared_ptr<_Tp>&, _Arg>::value, std::shared_ptr<_Tp>&>::type [with _Arg = const std::shared_ptr<rclcpp::Publisher<sensor_msgs::msg::Image_<std::allocator<void> >, std::allocator<void> > >&; _Tp = rclcpp::Subscription<sensor_msgs::msg::Image_<std::allocator<void> > >][m[K’:
[01m[K/usr/include/c++/11/bits/shared_ptr.h:363:2:[m[K   required by substitution of ‘[01m[Ktemplate<class _Yp> std::shared_ptr<rclcpp::Subscription<sensor_msgs::msg::Image_<std::allocator<void> > > >::_Assignable<const std::shared_ptr<_Tp>&> std::shared_ptr<rclcpp::Subscription<sensor_msgs::msg::Image_<std::allocator<void> > > >::operator=<_Yp>(const std::shared_ptr<_Tp>&) [with _Yp = rclcpp::Publisher<sensor_msgs::msg::Image_<std::allocator<void> >, std::allocator<void> >][m[K’
[01m[K/home/buhrmann/ws_moveit/src/point_cloud_circle_detector/src/image_based_hsv_color_filter.cpp:44:94:[m[K   required from here
[01m[K/usr/include/c++/11/bits/shared_ptr.h:130:15:[m[K [01;31m[Kerror: [m[Kno type named ‘[01m[Ktype[m[K’ in ‘[01m[Kstruct std::enable_if<false, std::shared_ptr<rclcpp::Subscription<sensor_msgs::msg::Image_<std::allocator<void> > > >&>[m[K’
  130 |         using [01;31m[K_Assignable[m[K = typename enable_if<
      |               [01;31m[K^~~~~~~~~~~[m[K
[01m[K/usr/include/c++/11/bits/shared_ptr.h:374:9:[m[K [01;36m[Knote: [m[Kcandidate: ‘[01m[Ktemplate<class _Yp> std::shared_ptr<_Tp>::_Assignable<std::auto_ptr<_Up> > std::shared_ptr<_Tp>::operator=(std::auto_ptr<_Up>&&) [with _Yp = _Yp; _Tp = rclcpp::Subscription<sensor_msgs::msg::Image_<std::allocator<void> > >][m[K’
  374 |         [01;36m[Koperator[m[K=(auto_ptr<_Yp>&& __r)
      |         [01;36m[K^~~~~~~~[m[K
[01m[K/usr/include/c++/11/bits/shared_ptr.h:374:9:[m[K [01;36m[Knote: [m[K  template argument deduction/substitution failed:
[01m[K/home/buhrmann/ws_moveit/src/point_cloud_circle_detector/src/image_based_hsv_color_filter.cpp:44:94:[m[K [01;36m[Knote: [m[K  ‘[01m[Kstd::shared_ptr<rclcpp::Publisher<sensor_msgs::msg::Image_<std::allocator<void> >, std::allocator<void> > >[m[K’ is not derived from ‘[01m[Kstd::auto_ptr<_Up>[m[K’
   44 |         image_pub_ = create_publisher<sensor_msgs::msg::Image>("/UR5/image/green_filtered", 1[01;36m[K)[m[K;
      |                                                                                              [01;36m[K^[m[K
In file included from [01m[K/usr/include/c++/11/memory:77[m[K,
                 from [01m[K/opt/ros/iron/include/rclcpp/rclcpp/rclcpp.hpp:165[m[K,
                 from [01m[K/home/buhrmann/ws_moveit/src/point_cloud_circle_detector/src/image_based_hsv_color_filter.cpp:1[m[K:
[01m[K/usr/include/c++/11/bits/shared_ptr.h:391:9:[m[K [01;36m[Knote: [m[Kcandidate: ‘[01m[Ktemplate<class _Yp> std::shared_ptr<_Tp>::_Assignable<std::shared_ptr<_Yp> > std::shared_ptr<_Tp>::operator=(std::shared_ptr<_Yp>&&) [with _Yp = _Yp; _Tp = rclcpp::Subscription<sensor_msgs::msg::Image_<std::allocator<void> > >][m[K’
  391 |         [01;36m[Koperator[m[K=(shared_ptr<_Yp>&& __r) noexcept
      |         [01;36m[K^~~~~~~~[m[K
[01m[K/usr/include/c++/11/bits/shared_ptr.h:391:9:[m[K [01;36m[Knote: [m[K  template argument deduction/substitution failed:
/usr/include/c++/11/bits/shared_ptr.h: In substitution of ‘[01m[Ktemplate<class _Tp> template<class _Arg> using _Assignable = typename std::enable_if<std::is_assignable<std::__shared_ptr<_Tp>&, _Arg>::value, std::shared_ptr<_Tp>&>::type [with _Arg = std::shared_ptr<rclcpp::Publisher<sensor_msgs::msg::Image_<std::allocator<void> >, std::allocator<void> > >; _Tp = rclcpp::Subscription<sensor_msgs::msg::Image_<std::allocator<void> > >][m[K’:
[01m[K/usr/include/c++/11/bits/shared_ptr.h:391:2:[m[K   required by substitution of ‘[01m[Ktemplate<class _Yp> std::shared_ptr<rclcpp::Subscription<sensor_msgs::msg::Image_<std::allocator<void> > > >::_Assignable<std::shared_ptr<_Tp> > std::shared_ptr<rclcpp::Subscription<sensor_msgs::msg::Image_<std::allocator<void> > > >::operator=<_Yp>(std::shared_ptr<_Tp>&&) [with _Yp = rclcpp::Publisher<sensor_msgs::msg::Image_<std::allocator<void> >, std::allocator<void> >][m[K’
[01m[K/home/buhrmann/ws_moveit/src/point_cloud_circle_detector/src/image_based_hsv_color_filter.cpp:44:94:[m[K   required from here
[01m[K/usr/include/c++/11/bits/shared_ptr.h:130:15:[m[K [01;31m[Kerror: [m[Kno type named ‘[01m[Ktype[m[K’ in ‘[01m[Kstruct std::enable_if<false, std::shared_ptr<rclcpp::Subscription<sensor_msgs::msg::Image_<std::allocator<void> > > >&>[m[K’
  130 |         using [01;31m[K_Assignable[m[K = typename enable_if<
      |               [01;31m[K^~~~~~~~~~~[m[K
[01m[K/usr/include/c++/11/bits/shared_ptr.h:399:9:[m[K [01;36m[Knote: [m[Kcandidate: ‘[01m[Ktemplate<class _Yp, class _Del> std::shared_ptr<_Tp>::_Assignable<std::unique_ptr<_Up, _Ep> > std::shared_ptr<_Tp>::operator=(std::unique_ptr<_Up, _Ep>&&) [with _Yp = _Yp; _Del = _Del; _Tp = rclcpp::Subscription<sensor_msgs::msg::Image_<std::allocator<void> > >][m[K’
  399 |         [01;36m[Koperator[m[K=(unique_ptr<_Yp, _Del>&& __r)
      |         [01;36m[K^~~~~~~~[m[K
[01m[K/usr/include/c++/11/bits/shared_ptr.h:399:9:[m[K [01;36m[Knote: [m[K  template argument deduction/substitution failed:
[01m[K/home/buhrmann/ws_moveit/src/point_cloud_circle_detector/src/image_based_hsv_color_filter.cpp:44:94:[m[K [01;36m[Knote: [m[K  ‘[01m[Kstd::shared_ptr<rclcpp::Publisher<sensor_msgs::msg::Image_<std::allocator<void> >, std::allocator<void> > >[m[K’ is not derived from ‘[01m[Kstd::unique_ptr<_Tp, _Dp>[m[K’
   44 |         image_pub_ = create_publisher<sensor_msgs::msg::Image>("/UR5/image/green_filtered", 1[01;36m[K)[m[K;
      |                                                                                              [01;36m[K^[m[K
In file included from [01m[K/usr/include/c++/11/memory:77[m[K,
                 from [01m[K/opt/ros/iron/include/rclcpp/rclcpp/rclcpp.hpp:165[m[K,
                 from [01m[K/home/buhrmann/ws_moveit/src/point_cloud_circle_detector/src/image_based_hsv_color_filter.cpp:1[m[K:
[01m[K/usr/include/c++/11/bits/shared_ptr.h:359:19:[m[K [01;36m[Knote: [m[Kcandidate: ‘[01m[Kstd::shared_ptr<_Tp>& std::shared_ptr<_Tp>::operator=(const std::shared_ptr<_Tp>&) [with _Tp = rclcpp::Subscription<sensor_msgs::msg::Image_<std::allocator<void> > >][m[K’
  359 |       shared_ptr& [01;36m[Koperator[m[K=(const shared_ptr&) noexcept = default;
      |                   [01;36m[K^~~~~~~~[m[K
[01m[K/usr/include/c++/11/bits/shared_ptr.h:359:29:[m[K [01;36m[Knote: [m[K  no known conversion for argument 1 from ‘[01m[Kstd::shared_ptr<rclcpp::Publisher<sensor_msgs::msg::Image_<std::allocator<void> >, std::allocator<void> > >[m[K’ to ‘[01m[Kconst std::shared_ptr<rclcpp::Subscription<sensor_msgs::msg::Image_<std::allocator<void> > > >&[m[K’
  359 |       shared_ptr& operator=([01;36m[Kconst shared_ptr&[m[K) noexcept = default;
      |                             [01;36m[K^~~~~~~~~~~~~~~~~[m[K
[01m[K/usr/include/c++/11/bits/shared_ptr.h:383:7:[m[K [01;36m[Knote: [m[Kcandidate: ‘[01m[Kstd::shared_ptr<_Tp>& std::shared_ptr<_Tp>::operator=(std::shared_ptr<_Tp>&&) [with _Tp = rclcpp::Subscription<sensor_msgs::msg::Image_<std::allocator<void> > >][m[K’
  383 |       [01;36m[Koperator[m[K=(shared_ptr&& __r) noexcept
      |       [01;36m[K^~~~~~~~[m[K
[01m[K/usr/include/c++/11/bits/shared_ptr.h:383:30:[m[K [01;36m[Knote: [m[K  no known conversion for argument 1 from ‘[01m[Kstd::shared_ptr<rclcpp::Publisher<sensor_msgs::msg::Image_<std::allocator<void> >, std::allocator<void> > >[m[K’ to ‘[01m[Kstd::shared_ptr<rclcpp::Subscription<sensor_msgs::msg::Image_<std::allocator<void> > > >&&[m[K’
  383 |       operator=([01;36m[Kshared_ptr&& __r[m[K) noexcept
      |                 [01;36m[K~~~~~~~~~~~~~^~~[m[K
[01m[K/home/buhrmann/ws_moveit/src/point_cloud_circle_detector/src/image_based_hsv_color_filter.cpp:[m[K In member function ‘[01m[Kvoid PointCloudGenerator::rgbCallback(sensor_msgs::msg::Image_<std::allocator<void> >::SharedPtr)[m[K’:
[01m[K/home/buhrmann/ws_moveit/src/point_cloud_circle_detector/src/image_based_hsv_color_filter.cpp:111:21:[m[K [01;31m[Kerror: [m[K‘[01m[Kusing element_type = class rclcpp::Subscription<sensor_msgs::msg::Image_<std::allocator<void> > >[m[K’ {aka ‘[01m[Kclass rclcpp::Subscription<sensor_msgs::msg::Image_<std::allocator<void> > >[m[K’} has no member named ‘[01m[Kpublish[m[K’
  111 |         image_pub_->[01;31m[Kpublish[m[K(*output_msg)
      |                     [01;31m[K^~~~~~~[m[K
[01m[K/home/buhrmann/ws_moveit/src/point_cloud_circle_detector/src/image_based_hsv_color_filter.cpp:118:9:[m[K [01;31m[Kerror: [m[K‘[01m[Kcloud[m[K’ was not declared in this scope
  118 |         [01;31m[Kcloud[m[K->width = current_depth_.cols;
      |         [01;31m[K^~~~~[m[K
gmake[2]: *** [CMakeFiles/image_based_hsv_color_filter.dir/build.make:76: CMakeFiles/image_based_hsv_color_filter.dir/src/image_based_hsv_color_filter.cpp.o] Error 1
gmake[1]: *** [CMakeFiles/Makefile2:451: CMakeFiles/image_based_hsv_color_filter.dir/all] Error 2
gmake: *** [Makefile:146: all] Error 2
