[  1%] Built target gtest_main
[  2%] Built target moveit_acceleration_filter_parameters
[  3%] [34m[1mGenerate version header[0m
[  3%] Built target moveit_butterworth_filter_parameters
[  5%] Built target gmock_main
[  6%] Built target moveit_ruckig_filter_parameters
[  7%] Built target gtest
[ 10%] Built target moveit_utils
[ 11%] Built target gmock
[ 12%] Built target moveit_smoothing_base
[ 13%] Built target logger_dut
[ 14%] [34m[1mGenerating version.h[0m
[ 15%] Built target moveit_transforms
[ 16%] Built target moveit_exceptions
[ 19%] Built target moveit_distance_field
[ 19%] Built target version_h
[ 20%] Built target test_transforms
[ 21%] Built target moveit_version
[ 22%] Built target test_voxel_grid
[ 28%] Built target moveit_robot_model
[ 29%] Built target test_distance_field
[ 30%] Built target moveit_kinematics_base
[ 31%] Built target moveit_butterworth_filter
[ 32%] Built target moveit_test_utils
[ 33%] Built target test_butterworth_filter
[ 36%] Built target moveit_robot_state
[ 37%] Built target test_robot_model
[ 40%] Built target test_aabb
[ 40%] Built target moveit_robot_trajectory
[ 41%] Built target moveit_kinematics_metrics
[ 42%] Built target moveit_acceleration_filter
[ 43%] Built target test_robot_state
[ 45%] Built target test_cartesian_interpolator
[ 46%] Built target robot_state_benchmark
[ 47%] Built target test_robot_state_complex
[ 48%] Built target moveit_ruckig_filter
[ 49%] Built target moveit_dynamics_solver
[ 55%] Built target moveit_collision_detection
[ 57%] Built target moveit_trajectory_processing
[ 59%] Built target test_robot_trajectory
[ 60%] Built target test_acceleration_filter
[ 61%] Built target test_world
[ 63%] Built target test_all_valid
[ 63%] Built target test_world_diff
[ 64%] Built target moveit_collision_detection_fcl
[ 66%] Built target robot_trajectory_benchmark
[ 66%] Built target test_ruckig_traj_smoothing
[ 67%] Built target test_time_optimal_trajectory_generation
[ 72%] Built target moveit_collision_detection_bullet
[ 73%] Built target test_fcl_collision_detection
[ 75%] Built target test_fcl_collision_detection_panda
[ 77%] Built target moveit_kinematic_constraints
[ 80%] Built target test_fcl_collision_env
[ 80%] Built target test_bullet_continuous_collision_checking
[ 80%] Built target test_bullet_collision_detection_panda
[ 81%] Built target test_bullet_collision_detection
[ 82%] Built target test_constraints
[ 83%] Built target test_orientation_constraints
[ 84%] Built target moveit_planning_scene
[ 85%] Built target collision_detector_bullet_plugin
[ 86%] Built target collision_detector_fcl_plugin
[ 87%] Built target test_collision_objects
[ 88%] Built target test_multi_threaded
[ 90%] Built target moveit_planning_interface
[ 96%] Built target moveit_collision_distance_field
[ 96%] Built target moveit_constraint_samplers
[ 97%] Built target test_planning_scene
[ 98%] Built target test_collision_distance_field
[100%] Built target test_constraint_samplers
