[0.206s] Invoking command in '/home/buhrmann/ws_moveit/build/common_services_package': CMAKE_PREFIX_PATH=${CMAKE_PREFIX_PATH}:/home/buhrmann/ws_moveit/install/ros2_azure_bridge:/home/buhrmann/ws_moveit/install/moveit_configs_utils:/opt/ros/iron /usr/bin/cmake --build /home/buhrmann/ws_moveit/build/common_services_package -- -j28 -l28
[0.280s] [  1%] Built target common_services_package__rosidl_generator_type_description
[0.366s] [  1%] Built target ament_cmake_python_copy_common_services_package
[0.366s] [  3%] [32mBuilding C object CMakeFiles/common_services_package__rosidl_generator_c.dir/rosidl_generator_c/common_services_package/srv/detail/get_plantpot_coords__description.c.o[0m
[0.366s] [  5%] Built target common_services_package__cpp
[0.372s] [  7%] [32mBuilding C object CMakeFiles/common_services_package__rosidl_generator_c.dir/rosidl_generator_c/common_services_package/srv/detail/get_plantpot_coords__type_support.c.o[0m
[0.372s] [  9%] [32mBuilding C object CMakeFiles/common_services_package__rosidl_generator_c.dir/rosidl_generator_c/common_services_package/srv/detail/get_plantpot_coords__functions.c.o[0m
[0.372s] [ 11%] [32mBuilding C object CMakeFiles/common_services_package__rosidl_generator_c.dir/rosidl_generator_c/common_services_package/srv/detail/get_point_cloud2__description.c.o[0m
[0.372s] [ 12%] [32mBuilding C object CMakeFiles/common_services_package__rosidl_generator_c.dir/rosidl_generator_c/common_services_package/srv/detail/get_float32_array__description.c.o[0m
[0.373s] [ 14%] [32mBuilding C object CMakeFiles/common_services_package__rosidl_generator_c.dir/rosidl_generator_c/common_services_package/srv/detail/get_float32_array__type_support.c.o[0m
[0.373s] [ 16%] [32mBuilding C object CMakeFiles/common_services_package__rosidl_generator_c.dir/rosidl_generator_c/common_services_package/srv/detail/get_point_cloud2__functions.c.o[0m
[0.373s] [ 18%] [32mBuilding C object CMakeFiles/common_services_package__rosidl_generator_c.dir/rosidl_generator_c/common_services_package/srv/detail/get_point_cloud2__type_support.c.o[0m
[0.387s] [ 20%] [32mBuilding C object CMakeFiles/common_services_package__rosidl_generator_c.dir/rosidl_generator_c/common_services_package/srv/detail/get_float32_array__functions.c.o[0m
[0.589s] [ 22%] [32m[1mLinking C shared library libcommon_services_package__rosidl_generator_c.so[0m
[0.753s] [ 24%] Built target common_services_package__rosidl_generator_c
[0.781s] running egg_info
[0.783s] writing common_services_package.egg-info/PKG-INFO
[0.784s] writing dependency_links to common_services_package.egg-info/dependency_links.txt
[0.784s] [ 25%] [32mBuilding CXX object CMakeFiles/common_services_package__rosidl_typesupport_fastrtps_cpp.dir/rosidl_typesupport_fastrtps_cpp/common_services_package/srv/detail/dds_fastrtps/get_float32_array__type_support.cpp.o[0m
[0.785s] writing top-level names to common_services_package.egg-info/top_level.txt
[0.785s] [ 27%] [32mBuilding CXX object CMakeFiles/common_services_package__rosidl_typesupport_fastrtps_cpp.dir/rosidl_typesupport_fastrtps_cpp/common_services_package/srv/detail/dds_fastrtps/get_plantpot_coords__type_support.cpp.o[0m
[0.790s] [ 29%] [32mBuilding CXX object CMakeFiles/common_services_package__rosidl_typesupport_fastrtps_cpp.dir/rosidl_typesupport_fastrtps_cpp/common_services_package/srv/detail/dds_fastrtps/get_point_cloud2__type_support.cpp.o[0m
[0.796s] reading manifest file 'common_services_package.egg-info/SOURCES.txt'
[0.799s] [ 31%] [32mBuilding CXX object CMakeFiles/common_services_package__rosidl_typesupport_cpp.dir/rosidl_typesupport_cpp/common_services_package/srv/get_point_cloud2__type_support.cpp.o[0m
[0.802s] [ 33%] [32mBuilding CXX object CMakeFiles/common_services_package__rosidl_typesupport_cpp.dir/rosidl_typesupport_cpp/common_services_package/srv/get_float32_array__type_support.cpp.o[0m
[0.804s] writing manifest file 'common_services_package.egg-info/SOURCES.txt'
[0.807s] [ 35%] [32mBuilding CXX object CMakeFiles/common_services_package__rosidl_typesupport_cpp.dir/rosidl_typesupport_cpp/common_services_package/srv/get_plantpot_coords__type_support.cpp.o[0m
[0.812s] [ 37%] [32mBuilding C object CMakeFiles/common_services_package__rosidl_typesupport_introspection_c.dir/rosidl_typesupport_introspection_c/common_services_package/srv/detail/get_plantpot_coords__type_support.c.o[0m
[0.814s] [ 38%] [32mBuilding CXX object CMakeFiles/common_services_package__rosidl_typesupport_c.dir/rosidl_typesupport_c/common_services_package/srv/get_plantpot_coords__type_support.cpp.o[0m
[0.814s] [ 40%] [32mBuilding C object CMakeFiles/common_services_package__rosidl_typesupport_introspection_c.dir/rosidl_typesupport_introspection_c/common_services_package/srv/detail/get_point_cloud2__type_support.c.o[0m
[0.815s] [ 42%] [32mBuilding CXX object CMakeFiles/common_services_package__rosidl_typesupport_fastrtps_c.dir/rosidl_typesupport_fastrtps_c/common_services_package/srv/detail/get_plantpot_coords__type_support_c.cpp.o[0m
[0.818s] [ 44%] [32mBuilding CXX object CMakeFiles/common_services_package__rosidl_typesupport_c.dir/rosidl_typesupport_c/common_services_package/srv/get_point_cloud2__type_support.cpp.o[0m
[0.818s] [ 46%] [32mBuilding CXX object CMakeFiles/common_services_package__rosidl_typesupport_c.dir/rosidl_typesupport_c/common_services_package/srv/get_float32_array__type_support.cpp.o[0m
[0.823s] [ 48%] [32mBuilding CXX object CMakeFiles/common_services_package__rosidl_typesupport_fastrtps_c.dir/rosidl_typesupport_fastrtps_c/common_services_package/srv/detail/get_point_cloud2__type_support_c.cpp.o[0m
[0.827s] [ 50%] [32mBuilding CXX object CMakeFiles/common_services_package__rosidl_typesupport_introspection_cpp.dir/rosidl_typesupport_introspection_cpp/common_services_package/srv/detail/get_float32_array__type_support.cpp.o[0m
[0.828s] [ 51%] [32mBuilding CXX object CMakeFiles/common_services_package__rosidl_typesupport_introspection_cpp.dir/rosidl_typesupport_introspection_cpp/common_services_package/srv/detail/get_plantpot_coords__type_support.cpp.o[0m
[0.832s] [ 53%] [32mBuilding C object CMakeFiles/common_services_package__rosidl_typesupport_introspection_c.dir/rosidl_typesupport_introspection_c/common_services_package/srv/detail/get_float32_array__type_support.c.o[0m
[0.836s] [ 55%] [32mBuilding CXX object CMakeFiles/common_services_package__rosidl_typesupport_introspection_cpp.dir/rosidl_typesupport_introspection_cpp/common_services_package/srv/detail/get_point_cloud2__type_support.cpp.o[0m
[0.836s] [ 57%] [32mBuilding CXX object CMakeFiles/common_services_package__rosidl_typesupport_fastrtps_c.dir/rosidl_typesupport_fastrtps_c/common_services_package/srv/detail/get_float32_array__type_support_c.cpp.o[0m
[0.938s] [ 59%] [32m[1mLinking C shared library libcommon_services_package__rosidl_typesupport_introspection_c.so[0m
[0.984s] [ 61%] [32m[1mLinking CXX shared library libcommon_services_package__rosidl_typesupport_c.so[0m
[0.984s] [ 61%] Built target ament_cmake_python_build_common_services_package_egg
[1.104s] [ 62%] Built target common_services_package__rosidl_typesupport_introspection_c
[1.142s] [ 64%] Built target common_services_package__rosidl_typesupport_c
[1.973s] [ 66%] [32m[1mLinking CXX shared library libcommon_services_package__rosidl_typesupport_fastrtps_c.so[0m
[2.160s] [ 68%] Built target common_services_package__rosidl_typesupport_fastrtps_c
[2.268s] [ 70%] [32m[1mLinking CXX shared library libcommon_services_package__rosidl_typesupport_cpp.so[0m
[2.350s] [ 72%] [32m[1mLinking CXX shared library libcommon_services_package__rosidl_typesupport_fastrtps_cpp.so[0m
[2.527s] [ 74%] Built target common_services_package__rosidl_typesupport_cpp
[2.527s] [ 75%] Built target common_services_package__rosidl_typesupport_fastrtps_cpp
[2.764s] [ 77%] [32m[1mLinking CXX shared library libcommon_services_package__rosidl_typesupport_introspection_cpp.so[0m
[3.198s] [ 79%] Built target common_services_package__rosidl_typesupport_introspection_cpp
[3.272s] [ 79%] Built target common_services_package
[3.362s] [ 81%] Built target common_services_package__py
[3.406s] [ 83%] [32mBuilding C object CMakeFiles/common_services_package__rosidl_generator_py.dir/rosidl_generator_py/common_services_package/srv/_get_plantpot_coords_s.c.o[0m
[3.410s] [ 85%] [32mBuilding C object CMakeFiles/common_services_package__rosidl_generator_py.dir/rosidl_generator_py/common_services_package/srv/_get_float32_array_s.c.o[0m
[3.432s] [ 87%] [32mBuilding C object CMakeFiles/common_services_package__rosidl_generator_py.dir/rosidl_generator_py/common_services_package/srv/_get_point_cloud2_s.c.o[0m
[3.581s] [ 88%] [32m[1mLinking C shared library rosidl_generator_py/common_services_package/libcommon_services_package__rosidl_generator_py.so[0m
[3.713s] [ 88%] Built target common_services_package__rosidl_generator_py
[3.787s] [ 90%] [32mBuilding C object CMakeFiles/common_services_package__rosidl_typesupport_fastrtps_c__pyext.dir/rosidl_generator_py/common_services_package/_common_services_package_s.ep.rosidl_typesupport_fastrtps_c.c.o[0m
[3.812s] [ 92%] [32mBuilding C object CMakeFiles/common_services_package__rosidl_typesupport_c__pyext.dir/rosidl_generator_py/common_services_package/_common_services_package_s.ep.rosidl_typesupport_c.c.o[0m
[3.823s] [ 94%] [32mBuilding C object CMakeFiles/common_services_package__rosidl_typesupport_introspection_c__pyext.dir/rosidl_generator_py/common_services_package/_common_services_package_s.ep.rosidl_typesupport_introspection_c.c.o[0m
[3.973s] [ 96%] [32m[1mLinking C shared library rosidl_generator_py/common_services_package/common_services_package_s__rosidl_typesupport_c.cpython-310-x86_64-linux-gnu.so[0m
[3.986s] [ 98%] [32m[1mLinking C shared library rosidl_generator_py/common_services_package/common_services_package_s__rosidl_typesupport_fastrtps_c.cpython-310-x86_64-linux-gnu.so[0m
[4.013s] [100%] [32m[1mLinking C shared library rosidl_generator_py/common_services_package/common_services_package_s__rosidl_typesupport_introspection_c.cpython-310-x86_64-linux-gnu.so[0m
[4.126s] [100%] Built target common_services_package__rosidl_typesupport_fastrtps_c__pyext
[4.135s] [100%] Built target common_services_package__rosidl_typesupport_c__pyext
[4.153s] [100%] Built target common_services_package__rosidl_typesupport_introspection_c__pyext
[4.195s] Invoked command in '/home/buhrmann/ws_moveit/build/common_services_package' returned '0': CMAKE_PREFIX_PATH=${CMAKE_PREFIX_PATH}:/home/buhrmann/ws_moveit/install/ros2_azure_bridge:/home/buhrmann/ws_moveit/install/moveit_configs_utils:/opt/ros/iron /usr/bin/cmake --build /home/buhrmann/ws_moveit/build/common_services_package -- -j28 -l28
[4.202s] Invoking command in '/home/buhrmann/ws_moveit/build/common_services_package': CMAKE_PREFIX_PATH=${CMAKE_PREFIX_PATH}:/home/buhrmann/ws_moveit/install/ros2_azure_bridge:/home/buhrmann/ws_moveit/install/moveit_configs_utils:/opt/ros/iron /usr/bin/cmake --install /home/buhrmann/ws_moveit/build/common_services_package
[4.231s] -- Install configuration: ""
[4.236s] -- Up-to-date: /home/buhrmann/ws_moveit/install/common_services_package/share/ament_index/resource_index/rosidl_interfaces/common_services_package
[4.237s] -- Up-to-date: /home/buhrmann/ws_moveit/install/common_services_package/share/common_services_package/srv/GetPlantpotCoords.json
[4.237s] -- Up-to-date: /home/buhrmann/ws_moveit/install/common_services_package/share/common_services_package/srv/GetPointCloud2.json
[4.237s] -- Up-to-date: /home/buhrmann/ws_moveit/install/common_services_package/share/common_services_package/srv/GetFloat32Array.json
[4.237s] -- Up-to-date: /home/buhrmann/ws_moveit/install/common_services_package/include/common_services_package/common_services_package
[4.237s] -- Up-to-date: /home/buhrmann/ws_moveit/install/common_services_package/include/common_services_package/common_services_package/srv
[4.237s] -- Up-to-date: /home/buhrmann/ws_moveit/install/common_services_package/include/common_services_package/common_services_package/srv/get_plantpot_coords.h
[4.237s] -- Up-to-date: /home/buhrmann/ws_moveit/install/common_services_package/include/common_services_package/common_services_package/srv/detail
[4.237s] -- Up-to-date: /home/buhrmann/ws_moveit/install/common_services_package/include/common_services_package/common_services_package/srv/detail/get_plantpot_coords__struct.h
[4.237s] -- Up-to-date: /home/buhrmann/ws_moveit/install/common_services_package/include/common_services_package/common_services_package/srv/detail/get_plantpot_coords__type_support.c
[4.237s] -- Up-to-date: /home/buhrmann/ws_moveit/install/common_services_package/include/common_services_package/common_services_package/srv/detail/get_plantpot_coords__functions.h
[4.237s] -- Up-to-date: /home/buhrmann/ws_moveit/install/common_services_package/include/common_services_package/common_services_package/srv/detail/get_float32_array__description.c
[4.238s] -- Up-to-date: /home/buhrmann/ws_moveit/install/common_services_package/include/common_services_package/common_services_package/srv/detail/get_point_cloud2__functions.c
[4.238s] -- Up-to-date: /home/buhrmann/ws_moveit/install/common_services_package/include/common_services_package/common_services_package/srv/detail/get_point_cloud2__struct.h
[4.238s] -- Up-to-date: /home/buhrmann/ws_moveit/install/common_services_package/include/common_services_package/common_services_package/srv/detail/get_float32_array__functions.h
[4.238s] -- Up-to-date: /home/buhrmann/ws_moveit/install/common_services_package/include/common_services_package/common_services_package/srv/detail/get_point_cloud2__type_support.c
[4.238s] -- Up-to-date: /home/buhrmann/ws_moveit/install/common_services_package/include/common_services_package/common_services_package/srv/detail/get_float32_array__type_support.c
[4.238s] -- Up-to-date: /home/buhrmann/ws_moveit/install/common_services_package/include/common_services_package/common_services_package/srv/detail/get_plantpot_coords__functions.c
[4.238s] -- Up-to-date: /home/buhrmann/ws_moveit/install/common_services_package/include/common_services_package/common_services_package/srv/detail/get_float32_array__type_support.h
[4.238s] -- Up-to-date: /home/buhrmann/ws_moveit/install/common_services_package/include/common_services_package/common_services_package/srv/detail/get_point_cloud2__description.c
[4.238s] -- Up-to-date: /home/buhrmann/ws_moveit/install/common_services_package/include/common_services_package/common_services_package/srv/detail/get_point_cloud2__functions.h
[4.238s] -- Up-to-date: /home/buhrmann/ws_moveit/install/common_services_package/include/common_services_package/common_services_package/srv/detail/get_float32_array__struct.h
[4.238s] -- Up-to-date: /home/buhrmann/ws_moveit/install/common_services_package/include/common_services_package/common_services_package/srv/detail/get_float32_array__functions.c
[4.238s] -- Up-to-date: /home/buhrmann/ws_moveit/install/common_services_package/include/common_services_package/common_services_package/srv/detail/get_plantpot_coords__type_support.h
[4.238s] -- Up-to-date: /home/buhrmann/ws_moveit/install/common_services_package/include/common_services_package/common_services_package/srv/detail/get_plantpot_coords__description.c
[4.238s] -- Up-to-date: /home/buhrmann/ws_moveit/install/common_services_package/include/common_services_package/common_services_package/srv/detail/get_point_cloud2__type_support.h
[4.238s] -- Up-to-date: /home/buhrmann/ws_moveit/install/common_services_package/include/common_services_package/common_services_package/srv/get_float32_array.h
[4.238s] -- Up-to-date: /home/buhrmann/ws_moveit/install/common_services_package/include/common_services_package/common_services_package/srv/get_point_cloud2.h
[4.238s] -- Up-to-date: /home/buhrmann/ws_moveit/install/common_services_package/include/common_services_package/common_services_package/msg
[4.249s] -- Up-to-date: /home/buhrmann/ws_moveit/install/common_services_package/include/common_services_package/common_services_package/msg/rosidl_generator_c__visibility_control.h
[4.249s] -- Up-to-date: /home/buhrmann/ws_moveit/install/common_services_package/share/common_services_package/environment/library_path.sh
[4.249s] -- Up-to-date: /home/buhrmann/ws_moveit/install/common_services_package/share/common_services_package/environment/library_path.dsv
[4.252s] -- Installing: /home/buhrmann/ws_moveit/install/common_services_package/lib/libcommon_services_package__rosidl_generator_c.so
[4.252s] -- Set runtime path of "/home/buhrmann/ws_moveit/install/common_services_package/lib/libcommon_services_package__rosidl_generator_c.so" to ""
[4.252s] -- Up-to-date: /home/buhrmann/ws_moveit/install/common_services_package/include/common_services_package/common_services_package
[4.252s] -- Up-to-date: /home/buhrmann/ws_moveit/install/common_services_package/include/common_services_package/common_services_package/srv
[4.252s] -- Up-to-date: /home/buhrmann/ws_moveit/install/common_services_package/include/common_services_package/common_services_package/srv/detail
[4.252s] -- Up-to-date: /home/buhrmann/ws_moveit/install/common_services_package/include/common_services_package/common_services_package/srv/detail/get_plantpot_coords__rosidl_typesupport_fastrtps_c.h
[4.252s] -- Up-to-date: /home/buhrmann/ws_moveit/install/common_services_package/include/common_services_package/common_services_package/srv/detail/get_float32_array__rosidl_typesupport_fastrtps_c.h
[4.252s] -- Up-to-date: /home/buhrmann/ws_moveit/install/common_services_package/include/common_services_package/common_services_package/srv/detail/get_point_cloud2__rosidl_typesupport_fastrtps_c.h
[4.252s] -- Up-to-date: /home/buhrmann/ws_moveit/install/common_services_package/include/common_services_package/common_services_package/msg
[4.252s] -- Up-to-date: /home/buhrmann/ws_moveit/install/common_services_package/include/common_services_package/common_services_package/msg/rosidl_typesupport_fastrtps_c__visibility_control.h
[4.253s] -- Installing: /home/buhrmann/ws_moveit/install/common_services_package/lib/libcommon_services_package__rosidl_typesupport_fastrtps_c.so
[4.253s] -- Set runtime path of "/home/buhrmann/ws_moveit/install/common_services_package/lib/libcommon_services_package__rosidl_typesupport_fastrtps_c.so" to ""
[4.253s] -- Up-to-date: /home/buhrmann/ws_moveit/install/common_services_package/include/common_services_package/common_services_package
[4.253s] -- Up-to-date: /home/buhrmann/ws_moveit/install/common_services_package/include/common_services_package/common_services_package/srv
[4.253s] -- Up-to-date: /home/buhrmann/ws_moveit/install/common_services_package/include/common_services_package/common_services_package/srv/detail
[4.253s] -- Up-to-date: /home/buhrmann/ws_moveit/install/common_services_package/include/common_services_package/common_services_package/srv/detail/get_plantpot_coords__type_support.c
[4.253s] -- Up-to-date: /home/buhrmann/ws_moveit/install/common_services_package/include/common_services_package/common_services_package/srv/detail/get_plantpot_coords__rosidl_typesupport_introspection_c.h
[4.253s] -- Up-to-date: /home/buhrmann/ws_moveit/install/common_services_package/include/common_services_package/common_services_package/srv/detail/get_point_cloud2__type_support.c
[4.253s] -- Up-to-date: /home/buhrmann/ws_moveit/install/common_services_package/include/common_services_package/common_services_package/srv/detail/get_point_cloud2__rosidl_typesupport_introspection_c.h
[4.253s] -- Up-to-date: /home/buhrmann/ws_moveit/install/common_services_package/include/common_services_package/common_services_package/srv/detail/get_float32_array__type_support.c
[4.253s] -- Up-to-date: /home/buhrmann/ws_moveit/install/common_services_package/include/common_services_package/common_services_package/srv/detail/get_float32_array__rosidl_typesupport_introspection_c.h
[4.253s] -- Up-to-date: /home/buhrmann/ws_moveit/install/common_services_package/include/common_services_package/common_services_package/msg
[4.253s] -- Up-to-date: /home/buhrmann/ws_moveit/install/common_services_package/include/common_services_package/common_services_package/msg/rosidl_typesupport_introspection_c__visibility_control.h
[4.267s] -- Installing: /home/buhrmann/ws_moveit/install/common_services_package/lib/libcommon_services_package__rosidl_typesupport_introspection_c.so
[4.267s] -- Set runtime path of "/home/buhrmann/ws_moveit/install/common_services_package/lib/libcommon_services_package__rosidl_typesupport_introspection_c.so" to ""
[4.267s] -- Installing: /home/buhrmann/ws_moveit/install/common_services_package/lib/libcommon_services_package__rosidl_typesupport_c.so
[4.267s] -- Set runtime path of "/home/buhrmann/ws_moveit/install/common_services_package/lib/libcommon_services_package__rosidl_typesupport_c.so" to ""
[4.267s] -- Up-to-date: /home/buhrmann/ws_moveit/install/common_services_package/include/common_services_package/common_services_package
[4.267s] -- Up-to-date: /home/buhrmann/ws_moveit/install/common_services_package/include/common_services_package/common_services_package/srv
[4.267s] -- Up-to-date: /home/buhrmann/ws_moveit/install/common_services_package/include/common_services_package/common_services_package/srv/get_point_cloud2.hpp
[4.267s] -- Up-to-date: /home/buhrmann/ws_moveit/install/common_services_package/include/common_services_package/common_services_package/srv/get_float32_array.hpp
[4.267s] -- Up-to-date: /home/buhrmann/ws_moveit/install/common_services_package/include/common_services_package/common_services_package/srv/detail
[4.267s] -- Up-to-date: /home/buhrmann/ws_moveit/install/common_services_package/include/common_services_package/common_services_package/srv/detail/get_plantpot_coords__traits.hpp
[4.267s] -- Up-to-date: /home/buhrmann/ws_moveit/install/common_services_package/include/common_services_package/common_services_package/srv/detail/get_float32_array__builder.hpp
[4.268s] -- Up-to-date: /home/buhrmann/ws_moveit/install/common_services_package/include/common_services_package/common_services_package/srv/detail/get_plantpot_coords__builder.hpp
[4.268s] -- Up-to-date: /home/buhrmann/ws_moveit/install/common_services_package/include/common_services_package/common_services_package/srv/detail/get_point_cloud2__builder.hpp
[4.268s] -- Up-to-date: /home/buhrmann/ws_moveit/install/common_services_package/include/common_services_package/common_services_package/srv/detail/get_point_cloud2__traits.hpp
[4.268s] -- Up-to-date: /home/buhrmann/ws_moveit/install/common_services_package/include/common_services_package/common_services_package/srv/detail/get_float32_array__traits.hpp
[4.268s] -- Up-to-date: /home/buhrmann/ws_moveit/install/common_services_package/include/common_services_package/common_services_package/srv/detail/get_float32_array__struct.hpp
[4.268s] -- Up-to-date: /home/buhrmann/ws_moveit/install/common_services_package/include/common_services_package/common_services_package/srv/detail/get_plantpot_coords__struct.hpp
[4.268s] -- Up-to-date: /home/buhrmann/ws_moveit/install/common_services_package/include/common_services_package/common_services_package/srv/detail/get_point_cloud2__struct.hpp
[4.268s] -- Up-to-date: /home/buhrmann/ws_moveit/install/common_services_package/include/common_services_package/common_services_package/srv/get_plantpot_coords.hpp
[4.268s] -- Up-to-date: /home/buhrmann/ws_moveit/install/common_services_package/include/common_services_package/common_services_package
[4.268s] -- Up-to-date: /home/buhrmann/ws_moveit/install/common_services_package/include/common_services_package/common_services_package/srv
[4.268s] -- Up-to-date: /home/buhrmann/ws_moveit/install/common_services_package/include/common_services_package/common_services_package/srv/detail
[4.268s] -- Up-to-date: /home/buhrmann/ws_moveit/install/common_services_package/include/common_services_package/common_services_package/srv/detail/get_float32_array__rosidl_typesupport_fastrtps_cpp.hpp
[4.268s] -- Up-to-date: /home/buhrmann/ws_moveit/install/common_services_package/include/common_services_package/common_services_package/srv/detail/get_plantpot_coords__rosidl_typesupport_fastrtps_cpp.hpp
[4.268s] -- Up-to-date: /home/buhrmann/ws_moveit/install/common_services_package/include/common_services_package/common_services_package/srv/detail/get_point_cloud2__rosidl_typesupport_fastrtps_cpp.hpp
[4.268s] -- Up-to-date: /home/buhrmann/ws_moveit/install/common_services_package/include/common_services_package/common_services_package/srv/detail/dds_fastrtps
[4.268s] -- Up-to-date: /home/buhrmann/ws_moveit/install/common_services_package/include/common_services_package/common_services_package/msg
[4.268s] -- Up-to-date: /home/buhrmann/ws_moveit/install/common_services_package/include/common_services_package/common_services_package/msg/rosidl_typesupport_fastrtps_cpp__visibility_control.h
[4.268s] -- Installing: /home/buhrmann/ws_moveit/install/common_services_package/lib/libcommon_services_package__rosidl_typesupport_fastrtps_cpp.so
[4.269s] -- Set runtime path of "/home/buhrmann/ws_moveit/install/common_services_package/lib/libcommon_services_package__rosidl_typesupport_fastrtps_cpp.so" to ""
[4.269s] -- Up-to-date: /home/buhrmann/ws_moveit/install/common_services_package/include/common_services_package/common_services_package
[4.269s] -- Up-to-date: /home/buhrmann/ws_moveit/install/common_services_package/include/common_services_package/common_services_package/srv
[4.269s] -- Up-to-date: /home/buhrmann/ws_moveit/install/common_services_package/include/common_services_package/common_services_package/srv/detail
[4.269s] -- Up-to-date: /home/buhrmann/ws_moveit/install/common_services_package/include/common_services_package/common_services_package/srv/detail/get_point_cloud2__type_support.cpp
[4.269s] -- Up-to-date: /home/buhrmann/ws_moveit/install/common_services_package/include/common_services_package/common_services_package/srv/detail/get_float32_array__type_support.cpp
[4.269s] -- Up-to-date: /home/buhrmann/ws_moveit/install/common_services_package/include/common_services_package/common_services_package/srv/detail/get_float32_array__rosidl_typesupport_introspection_cpp.hpp
[4.269s] -- Up-to-date: /home/buhrmann/ws_moveit/install/common_services_package/include/common_services_package/common_services_package/srv/detail/get_plantpot_coords__type_support.cpp
[4.269s] -- Up-to-date: /home/buhrmann/ws_moveit/install/common_services_package/include/common_services_package/common_services_package/srv/detail/get_plantpot_coords__rosidl_typesupport_introspection_cpp.hpp
[4.269s] -- Up-to-date: /home/buhrmann/ws_moveit/install/common_services_package/include/common_services_package/common_services_package/srv/detail/get_point_cloud2__rosidl_typesupport_introspection_cpp.hpp
[4.274s] -- Installing: /home/buhrmann/ws_moveit/install/common_services_package/lib/libcommon_services_package__rosidl_typesupport_introspection_cpp.so
[4.276s] -- Set runtime path of "/home/buhrmann/ws_moveit/install/common_services_package/lib/libcommon_services_package__rosidl_typesupport_introspection_cpp.so" to ""
[4.276s] -- Installing: /home/buhrmann/ws_moveit/install/common_services_package/lib/libcommon_services_package__rosidl_typesupport_cpp.so
[4.276s] -- Set runtime path of "/home/buhrmann/ws_moveit/install/common_services_package/lib/libcommon_services_package__rosidl_typesupport_cpp.so" to ""
[4.276s] -- Up-to-date: /home/buhrmann/ws_moveit/install/common_services_package/share/common_services_package/environment/pythonpath.sh
[4.276s] -- Up-to-date: /home/buhrmann/ws_moveit/install/common_services_package/share/common_services_package/environment/pythonpath.dsv
[4.276s] -- Up-to-date: /home/buhrmann/ws_moveit/install/common_services_package/lib/python3.10/site-packages/common_services_package-0.0.0-py3.10.egg-info
[4.276s] -- Installing: /home/buhrmann/ws_moveit/install/common_services_package/lib/python3.10/site-packages/common_services_package-0.0.0-py3.10.egg-info/SOURCES.txt
[4.276s] -- Installing: /home/buhrmann/ws_moveit/install/common_services_package/lib/python3.10/site-packages/common_services_package-0.0.0-py3.10.egg-info/dependency_links.txt
[4.277s] -- Installing: /home/buhrmann/ws_moveit/install/common_services_package/lib/python3.10/site-packages/common_services_package-0.0.0-py3.10.egg-info/top_level.txt
[4.277s] -- Installing: /home/buhrmann/ws_moveit/install/common_services_package/lib/python3.10/site-packages/common_services_package-0.0.0-py3.10.egg-info/PKG-INFO
[4.277s] -- Up-to-date: /home/buhrmann/ws_moveit/install/common_services_package/lib/python3.10/site-packages/common_services_package
[4.277s] -- Up-to-date: /home/buhrmann/ws_moveit/install/common_services_package/lib/python3.10/site-packages/common_services_package/srv
[4.277s] -- Up-to-date: /home/buhrmann/ws_moveit/install/common_services_package/lib/python3.10/site-packages/common_services_package/srv/_get_float32_array.py
[4.277s] -- Up-to-date: /home/buhrmann/ws_moveit/install/common_services_package/lib/python3.10/site-packages/common_services_package/srv/_get_point_cloud2_s.c
[4.277s] -- Up-to-date: /home/buhrmann/ws_moveit/install/common_services_package/lib/python3.10/site-packages/common_services_package/srv/_get_plantpot_coords_s.c
[4.277s] -- Up-to-date: /home/buhrmann/ws_moveit/install/common_services_package/lib/python3.10/site-packages/common_services_package/srv/_get_plantpot_coords.py
[4.277s] -- Up-to-date: /home/buhrmann/ws_moveit/install/common_services_package/lib/python3.10/site-packages/common_services_package/srv/_get_float32_array_s.c
[4.277s] -- Up-to-date: /home/buhrmann/ws_moveit/install/common_services_package/lib/python3.10/site-packages/common_services_package/srv/__init__.py
[4.277s] -- Up-to-date: /home/buhrmann/ws_moveit/install/common_services_package/lib/python3.10/site-packages/common_services_package/srv/_get_point_cloud2.py
[4.277s] -- Up-to-date: /home/buhrmann/ws_moveit/install/common_services_package/lib/python3.10/site-packages/common_services_package/_common_services_package_s.ep.rosidl_typesupport_introspection_c.c
[4.277s] -- Up-to-date: /home/buhrmann/ws_moveit/install/common_services_package/lib/python3.10/site-packages/common_services_package/_common_services_package_s.ep.rosidl_typesupport_c.c
[4.277s] -- Installing: /home/buhrmann/ws_moveit/install/common_services_package/lib/python3.10/site-packages/common_services_package/libcommon_services_package__rosidl_generator_py.so
[4.277s] -- Installing: /home/buhrmann/ws_moveit/install/common_services_package/lib/python3.10/site-packages/common_services_package/common_services_package_s__rosidl_typesupport_introspection_c.cpython-310-x86_64-linux-gnu.so
[4.277s] -- Installing: /home/buhrmann/ws_moveit/install/common_services_package/lib/python3.10/site-packages/common_services_package/common_services_package_s__rosidl_typesupport_fastrtps_c.cpython-310-x86_64-linux-gnu.so
[4.277s] -- Up-to-date: /home/buhrmann/ws_moveit/install/common_services_package/lib/python3.10/site-packages/common_services_package/__init__.py
[4.279s] -- Installing: /home/buhrmann/ws_moveit/install/common_services_package/lib/python3.10/site-packages/common_services_package/common_services_package_s__rosidl_typesupport_c.cpython-310-x86_64-linux-gnu.so
[4.279s] -- Up-to-date: /home/buhrmann/ws_moveit/install/common_services_package/lib/python3.10/site-packages/common_services_package/_common_services_package_s.ep.rosidl_typesupport_fastrtps_c.c
[4.334s] Listing '/home/buhrmann/ws_moveit/install/common_services_package/lib/python3.10/site-packages/common_services_package'...
[4.334s] Listing '/home/buhrmann/ws_moveit/install/common_services_package/lib/python3.10/site-packages/common_services_package/srv'...
[4.348s] -- Installing: /home/buhrmann/ws_moveit/install/common_services_package/lib/python3.10/site-packages/common_services_package/common_services_package_s__rosidl_typesupport_fastrtps_c.cpython-310-x86_64-linux-gnu.so
[4.348s] -- Set runtime path of "/home/buhrmann/ws_moveit/install/common_services_package/lib/python3.10/site-packages/common_services_package/common_services_package_s__rosidl_typesupport_fastrtps_c.cpython-310-x86_64-linux-gnu.so" to ""
[4.348s] -- Installing: /home/buhrmann/ws_moveit/install/common_services_package/lib/python3.10/site-packages/common_services_package/common_services_package_s__rosidl_typesupport_introspection_c.cpython-310-x86_64-linux-gnu.so
[4.352s] -- Set runtime path of "/home/buhrmann/ws_moveit/install/common_services_package/lib/python3.10/site-packages/common_services_package/common_services_package_s__rosidl_typesupport_introspection_c.cpython-310-x86_64-linux-gnu.so" to ""
[4.352s] -- Installing: /home/buhrmann/ws_moveit/install/common_services_package/lib/python3.10/site-packages/common_services_package/common_services_package_s__rosidl_typesupport_c.cpython-310-x86_64-linux-gnu.so
[4.352s] -- Set runtime path of "/home/buhrmann/ws_moveit/install/common_services_package/lib/python3.10/site-packages/common_services_package/common_services_package_s__rosidl_typesupport_c.cpython-310-x86_64-linux-gnu.so" to ""
[4.352s] -- Installing: /home/buhrmann/ws_moveit/install/common_services_package/lib/libcommon_services_package__rosidl_generator_py.so
[4.352s] -- Set runtime path of "/home/buhrmann/ws_moveit/install/common_services_package/lib/libcommon_services_package__rosidl_generator_py.so" to ""
[4.352s] -- Up-to-date: /home/buhrmann/ws_moveit/install/common_services_package/share/common_services_package/srv/GetPlantpotCoords.idl
[4.352s] -- Up-to-date: /home/buhrmann/ws_moveit/install/common_services_package/share/common_services_package/srv/GetPointCloud2.idl
[4.352s] -- Up-to-date: /home/buhrmann/ws_moveit/install/common_services_package/share/common_services_package/srv/GetFloat32Array.idl
[4.352s] -- Up-to-date: /home/buhrmann/ws_moveit/install/common_services_package/share/common_services_package/srv/GetPlantpotCoords.srv
[4.352s] -- Up-to-date: /home/buhrmann/ws_moveit/install/common_services_package/share/common_services_package/srv/GetPlantpotCoords_Request.msg
[4.353s] -- Up-to-date: /home/buhrmann/ws_moveit/install/common_services_package/share/common_services_package/srv/GetPlantpotCoords_Response.msg
[4.353s] -- Up-to-date: /home/buhrmann/ws_moveit/install/common_services_package/share/common_services_package/srv/GetPointCloud2.srv
[4.353s] -- Up-to-date: /home/buhrmann/ws_moveit/install/common_services_package/share/common_services_package/srv/GetPointCloud2_Request.msg
[4.353s] -- Up-to-date: /home/buhrmann/ws_moveit/install/common_services_package/share/common_services_package/srv/GetPointCloud2_Response.msg
[4.353s] -- Up-to-date: /home/buhrmann/ws_moveit/install/common_services_package/share/common_services_package/srv/GetFloat32Array.srv
[4.353s] -- Up-to-date: /home/buhrmann/ws_moveit/install/common_services_package/share/common_services_package/srv/GetFloat32Array_Request.msg
[4.353s] -- Up-to-date: /home/buhrmann/ws_moveit/install/common_services_package/share/common_services_package/srv/GetFloat32Array_Response.msg
[4.353s] -- Up-to-date: /home/buhrmann/ws_moveit/install/common_services_package/share/ament_index/resource_index/package_run_dependencies/common_services_package
[4.353s] -- Up-to-date: /home/buhrmann/ws_moveit/install/common_services_package/share/ament_index/resource_index/parent_prefix_path/common_services_package
[4.353s] -- Up-to-date: /home/buhrmann/ws_moveit/install/common_services_package/share/common_services_package/environment/ament_prefix_path.sh
[4.353s] -- Up-to-date: /home/buhrmann/ws_moveit/install/common_services_package/share/common_services_package/environment/ament_prefix_path.dsv
[4.353s] -- Up-to-date: /home/buhrmann/ws_moveit/install/common_services_package/share/common_services_package/environment/path.sh
[4.353s] -- Up-to-date: /home/buhrmann/ws_moveit/install/common_services_package/share/common_services_package/environment/path.dsv
[4.353s] -- Up-to-date: /home/buhrmann/ws_moveit/install/common_services_package/share/common_services_package/local_setup.bash
[4.353s] -- Up-to-date: /home/buhrmann/ws_moveit/install/common_services_package/share/common_services_package/local_setup.sh
[4.353s] -- Up-to-date: /home/buhrmann/ws_moveit/install/common_services_package/share/common_services_package/local_setup.zsh
[4.353s] -- Up-to-date: /home/buhrmann/ws_moveit/install/common_services_package/share/common_services_package/local_setup.dsv
[4.353s] -- Installing: /home/buhrmann/ws_moveit/install/common_services_package/share/common_services_package/package.dsv
[4.353s] -- Up-to-date: /home/buhrmann/ws_moveit/install/common_services_package/share/ament_index/resource_index/packages/common_services_package
[4.354s] -- Up-to-date: /home/buhrmann/ws_moveit/install/common_services_package/share/common_services_package/cmake/export_common_services_package__rosidl_generator_cExport.cmake
[4.355s] -- Up-to-date: /home/buhrmann/ws_moveit/install/common_services_package/share/common_services_package/cmake/export_common_services_package__rosidl_generator_cExport-noconfig.cmake
[4.355s] -- Up-to-date: /home/buhrmann/ws_moveit/install/common_services_package/share/common_services_package/cmake/export_common_services_package__rosidl_typesupport_fastrtps_cExport.cmake
[4.355s] -- Up-to-date: /home/buhrmann/ws_moveit/install/common_services_package/share/common_services_package/cmake/export_common_services_package__rosidl_typesupport_fastrtps_cExport-noconfig.cmake
[4.355s] -- Up-to-date: /home/buhrmann/ws_moveit/install/common_services_package/share/common_services_package/cmake/common_services_package__rosidl_typesupport_introspection_cExport.cmake
[4.355s] -- Up-to-date: /home/buhrmann/ws_moveit/install/common_services_package/share/common_services_package/cmake/common_services_package__rosidl_typesupport_introspection_cExport-noconfig.cmake
[4.356s] -- Up-to-date: /home/buhrmann/ws_moveit/install/common_services_package/share/common_services_package/cmake/common_services_package__rosidl_typesupport_cExport.cmake
[4.356s] -- Up-to-date: /home/buhrmann/ws_moveit/install/common_services_package/share/common_services_package/cmake/common_services_package__rosidl_typesupport_cExport-noconfig.cmake
[4.356s] -- Up-to-date: /home/buhrmann/ws_moveit/install/common_services_package/share/common_services_package/cmake/export_common_services_package__rosidl_generator_cppExport.cmake
[4.356s] -- Up-to-date: /home/buhrmann/ws_moveit/install/common_services_package/share/common_services_package/cmake/export_common_services_package__rosidl_typesupport_fastrtps_cppExport.cmake
[4.357s] -- Up-to-date: /home/buhrmann/ws_moveit/install/common_services_package/share/common_services_package/cmake/export_common_services_package__rosidl_typesupport_fastrtps_cppExport-noconfig.cmake
[4.357s] -- Up-to-date: /home/buhrmann/ws_moveit/install/common_services_package/share/common_services_package/cmake/common_services_package__rosidl_typesupport_introspection_cppExport.cmake
[4.357s] -- Up-to-date: /home/buhrmann/ws_moveit/install/common_services_package/share/common_services_package/cmake/common_services_package__rosidl_typesupport_introspection_cppExport-noconfig.cmake
[4.358s] -- Up-to-date: /home/buhrmann/ws_moveit/install/common_services_package/share/common_services_package/cmake/common_services_package__rosidl_typesupport_cppExport.cmake
[4.358s] -- Up-to-date: /home/buhrmann/ws_moveit/install/common_services_package/share/common_services_package/cmake/common_services_package__rosidl_typesupport_cppExport-noconfig.cmake
[4.358s] -- Up-to-date: /home/buhrmann/ws_moveit/install/common_services_package/share/common_services_package/cmake/export_common_services_package__rosidl_generator_pyExport.cmake
[4.358s] -- Up-to-date: /home/buhrmann/ws_moveit/install/common_services_package/share/common_services_package/cmake/export_common_services_package__rosidl_generator_pyExport-noconfig.cmake
[4.358s] -- Up-to-date: /home/buhrmann/ws_moveit/install/common_services_package/share/common_services_package/cmake/rosidl_cmake-extras.cmake
[4.358s] -- Up-to-date: /home/buhrmann/ws_moveit/install/common_services_package/share/common_services_package/cmake/ament_cmake_export_dependencies-extras.cmake
[4.359s] -- Up-to-date: /home/buhrmann/ws_moveit/install/common_services_package/share/common_services_package/cmake/ament_cmake_export_include_directories-extras.cmake
[4.359s] -- Up-to-date: /home/buhrmann/ws_moveit/install/common_services_package/share/common_services_package/cmake/ament_cmake_export_libraries-extras.cmake
[4.359s] -- Up-to-date: /home/buhrmann/ws_moveit/install/common_services_package/share/common_services_package/cmake/ament_cmake_export_targets-extras.cmake
[4.359s] -- Up-to-date: /home/buhrmann/ws_moveit/install/common_services_package/share/common_services_package/cmake/rosidl_cmake_export_typesupport_targets-extras.cmake
[4.359s] -- Up-to-date: /home/buhrmann/ws_moveit/install/common_services_package/share/common_services_package/cmake/rosidl_cmake_export_typesupport_libraries-extras.cmake
[4.359s] -- Up-to-date: /home/buhrmann/ws_moveit/install/common_services_package/share/common_services_package/cmake/common_services_packageConfig.cmake
[4.359s] -- Up-to-date: /home/buhrmann/ws_moveit/install/common_services_package/share/common_services_package/cmake/common_services_packageConfig-version.cmake
[4.359s] -- Up-to-date: /home/buhrmann/ws_moveit/install/common_services_package/share/common_services_package/package.xml
[4.363s] Invoked command in '/home/buhrmann/ws_moveit/build/common_services_package' returned '0': CMAKE_PREFIX_PATH=${CMAKE_PREFIX_PATH}:/home/buhrmann/ws_moveit/install/ros2_azure_bridge:/home/buhrmann/ws_moveit/install/moveit_configs_utils:/opt/ros/iron /usr/bin/cmake --install /home/buhrmann/ws_moveit/build/common_services_package
