[0.166s] Invoking command in '/home/buhrmann/ws_moveit/build/point_cloud_circle_detector': CMAKE_PREFIX_PATH=${CMAKE_PREFIX_PATH}:/home/buhrmann/ws_moveit/install/moveit_configs_utils:/opt/ros/iron /usr/bin/cmake /home/buhrmann/ws_moveit/src/point_cloud_circle_detector -DCMAKE_INSTALL_PREFIX=/home/buhrmann/ws_moveit/install/point_cloud_circle_detector
[0.177s] -- Found ament_cmake: 2.0.7 (/opt/ros/iron/share/ament_cmake/cmake)
[0.278s] -- Found sensor_msgs: 5.0.1 (/opt/ros/iron/share/sensor_msgs/cmake)
[0.291s] -- Found rosidl_generator_c: 4.0.1 (/opt/ros/iron/share/rosidl_generator_c/cmake)
[0.295s] -- Found rosidl_generator_cpp: 4.0.1 (/opt/ros/iron/share/rosidl_generator_cpp/cmake)
[0.303s] -- Using all available rosidl_typesupport_c: rosidl_typesupport_fastrtps_c;rosidl_typesupport_introspection_c
[0.313s] -- Using all available rosidl_typesupport_cpp: rosidl_typesupport_fastrtps_cpp;rosidl_typesupport_introspection_cpp
[0.416s] -- Found rclcpp: 21.0.8 (/opt/ros/iron/share/rclcpp/cmake)
[0.536s] -- Found rmw_implementation_cmake: 7.1.0 (/opt/ros/iron/share/rmw_implementation_cmake/cmake)
[0.537s] -- Found rmw_fastrtps_cpp: 7.1.4 (/opt/ros/iron/share/rmw_fastrtps_cpp/cmake)
[0.553s] -- Using RMW implementation 'rmw_fastrtps_cpp' as default
[0.628s] -- Found pcl_conversions: 2.5.4 (/opt/ros/iron/share/pcl_conversions/cmake)
[0.730s] -- Eigen found (include: /usr/include/eigen3, version: 3.4.0)
[0.759s] -- FLANN found (include: /usr/include, lib: /usr/lib/x86_64-linux-gnu/libflann_cpp.so)
[1.000s] -- OpenNI found (version: 1.5.4.0, include: /usr/include/ni, lib: /usr/lib/libOpenNI.so;libusb::libusb)
[1.004s] -- OpenNI2 found (version: 2.2.0.33, include: /usr/include/openni2, lib: /usr/lib/x86_64-linux-gnu/libOpenNI2.so;libusb::libusb)
[1.138s] -- Eigen found (include: /usr/include/eigen3, version: 3.4.0)
[1.142s] -- OpenNI found (version: 1.5.4.0, include: /usr/include/ni, lib: /usr/lib/libOpenNI.so;libusb::libusb)
[1.148s] -- OpenNI2 found (version: 2.2.0.33, include: /usr/include/openni2, lib: /usr/lib/x86_64-linux-gnu/libOpenNI2.so;libusb::libusb)
[1.255s] -- Found Qhull version 8.0.2
[1.378s] -- OpenNI found (version: 1.5.4.0, include: /usr/include/ni, lib: /usr/lib/libOpenNI.so;libusb::libusb)
[1.542s] [0m - /home/buhrmann/ws_moveit/src/point_cloud_circle_detector/pcl_common[0m
[1.542s] [0m - /home/buhrmann/ws_moveit/src/point_cloud_circle_detector/pcl_kdtree[0m
[1.542s] [0m - /home/buhrmann/ws_moveit/src/point_cloud_circle_detector/pcl_octree[0m
[1.542s] [0m - /home/buhrmann/ws_moveit/src/point_cloud_circle_detector/pcl_search[0m
[1.542s] [0m - /home/buhrmann/ws_moveit/src/point_cloud_circle_detector/pcl_sample_consensus[0m
[1.542s] [0m - /home/buhrmann/ws_moveit/src/point_cloud_circle_detector/pcl_filters[0m
[1.542s] [0m - /home/buhrmann/ws_moveit/src/point_cloud_circle_detector/pcl_io[0m
[1.542s] [0m - /home/buhrmann/ws_moveit/src/point_cloud_circle_detector/pcl_features[0m
[1.542s] [0m - /home/buhrmann/ws_moveit/src/point_cloud_circle_detector/pcl_ml[0m
[1.542s] [0m - /home/buhrmann/ws_moveit/src/point_cloud_circle_detector/pcl_segmentation[0m
[1.542s] [0m - /home/buhrmann/ws_moveit/src/point_cloud_circle_detector/pcl_visualization[0m
[1.542s] [0m - /home/buhrmann/ws_moveit/src/point_cloud_circle_detector/pcl_surface[0m
[1.542s] [0m - /home/buhrmann/ws_moveit/src/point_cloud_circle_detector/pcl_registration[0m
[1.542s] [0m - /home/buhrmann/ws_moveit/src/point_cloud_circle_detector/pcl_keypoints[0m
[1.542s] [0m - /home/buhrmann/ws_moveit/src/point_cloud_circle_detector/pcl_tracking[0m
[1.542s] [0m - /home/buhrmann/ws_moveit/src/point_cloud_circle_detector/pcl_recognition[0m
[1.542s] [0m - /home/buhrmann/ws_moveit/src/point_cloud_circle_detector/pcl_stereo[0m
[1.542s] [0m - /home/buhrmann/ws_moveit/src/point_cloud_circle_detector/pcl_apps[0m
[1.542s] [0m - /home/buhrmann/ws_moveit/src/point_cloud_circle_detector/pcl_outofcore[0m
[1.543s] [0m - /home/buhrmann/ws_moveit/src/point_cloud_circle_detector/pcl_people[0m
[1.543s] [0m - /home/buhrmann/ws_moveit/src/point_cloud_circle_detector/Boost::system[0m
[1.543s] [0m - /home/buhrmann/ws_moveit/src/point_cloud_circle_detector/Boost::filesystem[0m
[1.543s] [0m - /home/buhrmann/ws_moveit/src/point_cloud_circle_detector/Boost::date_time[0m
[1.543s] [0m - /home/buhrmann/ws_moveit/src/point_cloud_circle_detector/Boost::iostreams[0m
[1.543s] [0m - /home/buhrmann/ws_moveit/src/point_cloud_circle_detector/Boost::serialization[0m
[1.543s] [0m - /usr/lib/libOpenNI.so[0m
[1.543s] [0m - /home/buhrmann/ws_moveit/src/point_cloud_circle_detector/libusb::libusb[0m
[1.543s] [0m - /usr/lib/x86_64-linux-gnu/libOpenNI2.so[0m
[1.543s] [0m - /home/buhrmann/ws_moveit/src/point_cloud_circle_detector/libusb::libusb[0m
[1.543s] [0m - /home/buhrmann/ws_moveit/src/point_cloud_circle_detector/VTK::ChartsCore[0m
[1.543s] [0m - /home/buhrmann/ws_moveit/src/point_cloud_circle_detector/VTK::CommonColor[0m
[1.543s] [0m - /home/buhrmann/ws_moveit/src/point_cloud_circle_detector/VTK::CommonComputationalGeometry[0m
[1.543s] [0m - /home/buhrmann/ws_moveit/src/point_cloud_circle_detector/VTK::CommonCore[0m
[1.543s] [0m - /home/buhrmann/ws_moveit/src/point_cloud_circle_detector/VTK::CommonDataModel[0m
[1.543s] [0m - /home/buhrmann/ws_moveit/src/point_cloud_circle_detector/VTK::CommonExecutionModel[0m
[1.543s] [0m - /home/buhrmann/ws_moveit/src/point_cloud_circle_detector/VTK::CommonMath[0m
[1.543s] [0m - /home/buhrmann/ws_moveit/src/point_cloud_circle_detector/VTK::CommonMisc[0m
[1.543s] [0m - /home/buhrmann/ws_moveit/src/point_cloud_circle_detector/VTK::CommonTransforms[0m
[1.543s] [0m - /home/buhrmann/ws_moveit/src/point_cloud_circle_detector/VTK::FiltersCore[0m
[1.543s] [0m - /home/buhrmann/ws_moveit/src/point_cloud_circle_detector/VTK::FiltersExtraction[0m
[1.543s] [0m - /home/buhrmann/ws_moveit/src/point_cloud_circle_detector/VTK::FiltersGeneral[0m
[1.544s] [0m - /home/buhrmann/ws_moveit/src/point_cloud_circle_detector/VTK::FiltersGeometry[0m
[1.544s] [0m - /home/buhrmann/ws_moveit/src/point_cloud_circle_detector/VTK::FiltersModeling[0m
[1.544s] [0m - /home/buhrmann/ws_moveit/src/point_cloud_circle_detector/VTK::FiltersSources[0m
[1.544s] [0m - /home/buhrmann/ws_moveit/src/point_cloud_circle_detector/VTK::ImagingCore[0m
[1.544s] [0m - /home/buhrmann/ws_moveit/src/point_cloud_circle_detector/VTK::ImagingSources[0m
[1.544s] [0m - /home/buhrmann/ws_moveit/src/point_cloud_circle_detector/VTK::InteractionImage[0m
[1.544s] [0m - /home/buhrmann/ws_moveit/src/point_cloud_circle_detector/VTK::InteractionStyle[0m
[1.544s] [0m - /home/buhrmann/ws_moveit/src/point_cloud_circle_detector/VTK::InteractionWidgets[0m
[1.544s] [0m - /home/buhrmann/ws_moveit/src/point_cloud_circle_detector/VTK::IOCore[0m
[1.544s] [0m - /home/buhrmann/ws_moveit/src/point_cloud_circle_detector/VTK::IOGeometry[0m
[1.544s] [0m - /home/buhrmann/ws_moveit/src/point_cloud_circle_detector/VTK::IOImage[0m
[1.544s] [0m - /home/buhrmann/ws_moveit/src/point_cloud_circle_detector/VTK::IOLegacy[0m
[1.544s] [0m - /home/buhrmann/ws_moveit/src/point_cloud_circle_detector/VTK::IOPLY[0m
[1.544s] [0m - /home/buhrmann/ws_moveit/src/point_cloud_circle_detector/VTK::RenderingAnnotation[0m
[1.544s] [0m - /home/buhrmann/ws_moveit/src/point_cloud_circle_detector/VTK::RenderingCore[0m
[1.544s] [0m - /home/buhrmann/ws_moveit/src/point_cloud_circle_detector/VTK::RenderingContext2D[0m
[1.544s] [0m - /home/buhrmann/ws_moveit/src/point_cloud_circle_detector/VTK::RenderingLOD[0m
[1.544s] [0m - /home/buhrmann/ws_moveit/src/point_cloud_circle_detector/VTK::RenderingFreeType[0m
[1.544s] [0m - /home/buhrmann/ws_moveit/src/point_cloud_circle_detector/VTK::ViewsCore[0m
[1.544s] [0m - /home/buhrmann/ws_moveit/src/point_cloud_circle_detector/VTK::ViewsContext2D[0m
[1.545s] [0m - /home/buhrmann/ws_moveit/src/point_cloud_circle_detector/VTK::RenderingOpenGL2[0m
[1.545s] [0m - /home/buhrmann/ws_moveit/src/point_cloud_circle_detector/VTK::GUISupportQt[0m
[1.545s] [0m - /home/buhrmann/ws_moveit/src/point_cloud_circle_detector/FLANN::FLANN[0m
[1.545s] [0m - /home/buhrmann/ws_moveit/src/point_cloud_circle_detector/QHULL::QHULL[0m
[1.881s] -- Found ament_lint_auto: 0.14.4 (/opt/ros/iron/share/ament_lint_auto/cmake)
[1.923s] -- Configuring done
[1.965s] -- Generating done
[1.978s] -- Build files have been written to: /home/buhrmann/ws_moveit/build/point_cloud_circle_detector
[1.988s] Invoked command in '/home/buhrmann/ws_moveit/build/point_cloud_circle_detector' returned '0': CMAKE_PREFIX_PATH=${CMAKE_PREFIX_PATH}:/home/buhrmann/ws_moveit/install/moveit_configs_utils:/opt/ros/iron /usr/bin/cmake /home/buhrmann/ws_moveit/src/point_cloud_circle_detector -DCMAKE_INSTALL_PREFIX=/home/buhrmann/ws_moveit/install/point_cloud_circle_detector
[1.989s] Invoking command in '/home/buhrmann/ws_moveit/build/point_cloud_circle_detector': CMAKE_PREFIX_PATH=${CMAKE_PREFIX_PATH}:/home/buhrmann/ws_moveit/install/moveit_configs_utils:/opt/ros/iron /usr/bin/cmake --build /home/buhrmann/ws_moveit/build/point_cloud_circle_detector -- -j28 -l28
[2.042s] [ 25%] [32mBuilding CXX object CMakeFiles/point_cloud_plantpot_ppf_detector.dir/src/point_cloud_plantpot_ppf_detector.cpp.o[0m
[2.042s] [ 25%] [32mBuilding CXX object CMakeFiles/point_cloud_plantpot_detector.dir/src/point_cloud_custom_plant_pot_detection.cpp.o[0m
[2.042s] [ 50%] [32mBuilding CXX object CMakeFiles/point_cloud_cylinder_detector.dir/src/point_cloud_cylinder_detector.cpp.o[0m
[2.042s] [ 50%] [32mBuilding CXX object CMakeFiles/point_cloud_circle_detector.dir/src/point_cloud_circle_detector.cpp.o[0m
[17.668s] [ 62%] [32m[1mLinking CXX executable point_cloud_circle_detector[0m
[19.000s] [ 62%] Built target point_cloud_circle_detector
[19.229s] [ 75%] [32m[1mLinking CXX executable point_cloud_cylinder_detector[0m
[21.149s] [ 75%] Built target point_cloud_cylinder_detector
[23.090s] [ 87%] [32m[1mLinking CXX executable point_cloud_plantpot_ppf_detector[0m
[25.168s] [100%] [32m[1mLinking CXX executable point_cloud_plantpot_detector[0m
[26.203s] /usr/bin/ld: CMakeFiles/point_cloud_plantpot_ppf_detector.dir/src/point_cloud_plantpot_ppf_detector.cpp.o: in function `PointCloudCustomObjectMatcher::listener_callback(std::shared_ptr<sensor_msgs::msg::PointCloud2_<std::allocator<void> > >)':
[26.203s] point_cloud_plantpot_ppf_detector.cpp:(.text._ZN29PointCloudCustomObjectMatcher17listener_callbackESt10shared_ptrIN11sensor_msgs3msg12PointCloud2_ISaIvEEEE[_ZN29PointCloudCustomObjectMatcher17listener_callbackESt10shared_ptrIN11sensor_msgs3msg12PointCloud2_ISaIvEEEE]+0x1009): undefined reference to `pcl::PPFEstimation<pcl::PointXYZ, pcl::PointXYZ, pcl::PPFSignature>::PPFEstimation()'
[26.204s] /usr/bin/ld: point_cloud_plantpot_ppf_detector.cpp:(.text._ZN29PointCloudCustomObjectMatcher17listener_callbackESt10shared_ptrIN11sensor_msgs3msg12PointCloud2_ISaIvEEEE[_ZN29PointCloudCustomObjectMatcher17listener_callbackESt10shared_ptrIN11sensor_msgs3msg12PointCloud2_ISaIvEEEE]+0x1363): undefined reference to `pcl::PPFEstimation<pcl::PointXYZ, pcl::PointXYZ, pcl::PPFSignature>::PPFEstimation()'
[26.209s] /usr/bin/ld: CMakeFiles/point_cloud_plantpot_ppf_detector.dir/src/point_cloud_plantpot_ppf_detector.cpp.o:(.data.rel.ro._ZTVN3pcl13PPFEstimationINS_8PointXYZES1_NS_12PPFSignatureEEE[_ZTVN3pcl13PPFEstimationINS_8PointXYZES1_NS_12PPFSignatureEEE]+0x58): undefined reference to `pcl::PPFEstimation<pcl::PointXYZ, pcl::PointXYZ, pcl::PPFSignature>::computeFeature(pcl::PointCloud<pcl::PPFSignature>&)'
[26.265s] collect2: error: ld returned 1 exit status
[26.266s] gmake[2]: *** [CMakeFiles/point_cloud_plantpot_ppf_detector.dir/build.make:330: point_cloud_plantpot_ppf_detector] Error 1
[26.267s] gmake[1]: *** [CMakeFiles/Makefile2:221: CMakeFiles/point_cloud_plantpot_ppf_detector.dir/all] Error 2
[26.267s] gmake[1]: *** Waiting for unfinished jobs....
[26.820s] [100%] Built target point_cloud_plantpot_detector
[26.821s] gmake: *** [Makefile:146: all] Error 2
