-- The C compiler identification is GNU 11.4.0
-- The CXX compiler identification is GNU 11.4.0
-- Detecting C compiler ABI info
-- Detecting C compiler ABI info - done
-- Check for working C compiler: /usr/bin/cc - skipped
-- Detecting C compile features
-- Detecting C compile features - done
-- Detecting CXX compiler ABI info
-- Detecting CXX compiler ABI info - done
-- Check for working CXX compiler: /usr/bin/c++ - skipped
-- Detecting CXX compile features
-- Detecting CXX compile features - done
-- Found ament_cmake: 2.0.6 (/opt/ros/iron/share/ament_cmake/cmake)
-- Found Python3: /usr/bin/python3.10 (found version "3.10.12") found components: Interpreter 
-- Found rclcpp: 21.0.7 (/opt/ros/iron/share/rclcpp/cmake)
-- Found rosidl_generator_c: 4.0.1 (/opt/ros/iron/share/rosidl_generator_c/cmake)
-- Found rosidl_generator_cpp: 4.0.1 (/opt/ros/iron/share/rosidl_generator_cpp/cmake)
-- Using all available rosidl_typesupport_c: rosidl_typesupport_fastrtps_c;rosidl_typesupport_introspection_c
-- Using all available rosidl_typesupport_cpp: rosidl_typesupport_fastrtps_cpp;rosidl_typesupport_introspection_cpp
-- Found rmw_implementation_cmake: 7.1.0 (/opt/ros/iron/share/rmw_implementation_cmake/cmake)
-- Found rmw_fastrtps_cpp: 7.1.4 (/opt/ros/iron/share/rmw_fastrtps_cpp/cmake)
-- Found OpenSSL: /usr/lib/x86_64-linux-gnu/libcrypto.so (found version "3.0.2")  
-- Found FastRTPS: /opt/ros/iron/include  
-- Using RMW implementation 'rmw_fastrtps_cpp' as default
-- Found std_msgs: 5.0.1 (/opt/ros/iron/share/std_msgs/cmake)
-- Found geometry_msgs: 5.0.1 (/opt/ros/iron/share/geometry_msgs/cmake)
-- Found moveit_ros_planning_interface: 2.11.0 (/home/buhrmann/ws_moveit/install/moveit_ros_planning_interface/share/moveit_ros_planning_interface/cmake)
-- Found Boost: /usr/lib/x86_64-linux-gnu/cmake/Boost-1.74.0/BoostConfig.cmake (found version "1.74.0") found components: date_time filesystem program_options system thread 
-- Found Boost: /usr/lib/x86_64-linux-gnu/cmake/Boost-1.74.0/BoostConfig.cmake (found version "1.74.0") found components: chrono date_time filesystem iostreams program_options regex serialization system thread 
-- Found parameter_traits: 0.3.9 (/opt/ros/iron/share/parameter_traits/cmake)
-- Found Eigen3: TRUE (found version "3.4.0") 
-- Found rclcpp_lifecycle: 21.0.7 (/opt/ros/iron/share/rclcpp_lifecycle/cmake)
-- Found Boost: /usr/lib/x86_64-linux-gnu/cmake/Boost-1.74.0/BoostConfig.cmake (found version "1.74.0") found components: filesystem 
-- library: /usr/lib/x86_64-linux-gnu/libcurl.so
-- Ensuring Eigen3 include directory is part of orocos-kdl CMake target
-- Found Boost: /usr/lib/x86_64-linux-gnu/cmake/Boost-1.74.0/BoostConfig.cmake (found version "1.74.0") found components: system filesystem date_time program_options thread chrono 
-- Found Boost: /usr/lib/x86_64-linux-gnu/cmake/Boost-1.74.0/BoostConfig.cmake (found version "1.74.0") found components: thread system filesystem regex date_time program_options 
-- Found Boost: /usr/lib/x86_64-linux-gnu/cmake/Boost-1.74.0/BoostConfig.cmake (found version "1.74.0") found components: system filesystem date_time program_options thread 
-- Found rviz_visual_tools: 4.1.4 (/home/buhrmann/ws_moveit/install/rviz_visual_tools/share/rviz_visual_tools/cmake)
-- Setting assimp_DIR to: '/opt/ros/iron/share/rviz_assimp_vendor/cmake/../../../opt/rviz_assimp_vendor/lib/cmake/assimp-4.1'
-- Setting OGRE_DIR to: '/opt/ros/iron/share/rviz_ogre_vendor/cmake/../../../opt/rviz_ogre_vendor/lib/OGRE/cmake'
-- Found OGRE
--   static     : OFF
--   components : MeshLodGenerator;Overlay;Paging;Property;RTShaderSystem;Terrain;Volume
--   plugins    : Plugin_BSPSceneManager;Plugin_OctreeSceneManager;Plugin_PCZSceneManager;Plugin_ParticleFX;RenderSystem_GL;RenderSystem_GL3Plus;Codec_STBI
--   media      : /opt/ros/iron/opt/rviz_ogre_vendor/share/OGRE/Media
-- OGRE_LIBRARIES: OgreMeshLodGenerator;OgreOverlay;OgrePaging;OgreProperty;OgreRTShaderSystem;OgreTerrain;OgreVolume;OgreMain
-- OGRE_LIBRARY_DIRS: /opt/ros/iron/opt/rviz_ogre_vendor/lib
-- OGRE_PLUGINS: Plugin_BSPSceneManager;Plugin_OctreeSceneManager;Plugin_PCZSceneManager;Plugin_ParticleFX;RenderSystem_GL;RenderSystem_GL3Plus;Codec_STBI
-- OGRE_PLUGIN_DIR: /opt/ros/iron/opt/rviz_ogre_vendor/lib/OGRE
-- rviz_ogre_vendor::OgreOverlay for IMPORTED_LOCATION_RELEASE: /opt/ros/iron/opt/rviz_ogre_vendor/lib/libOgreOverlay.so
-- rviz_ogre_vendor::OgreOverlay for IMPORTED_LOCATION_DEBUG: /opt/ros/iron/opt/rviz_ogre_vendor/lib/libOgreOverlay.so
-- rviz_ogre_vendor::OgreMain for IMPORTED_LOCATION_RELEASE: /opt/ros/iron/opt/rviz_ogre_vendor/lib/libOgreMain.so
-- rviz_ogre_vendor::OgreMain for IMPORTED_LOCATION_DEBUG: /opt/ros/iron/opt/rviz_ogre_vendor/lib/libOgreMain.so
-- Could not find freeimage library
-- Found ZLIB: /usr/lib/x86_64-linux-gnu/libz.so (found version "1.2.11") 
-- Found OpenGL: /usr/lib/x86_64-linux-gnu/libOpenGL.so   
-- Found X11: /usr/include   
-- Looking for XOpenDisplay in /usr/lib/x86_64-linux-gnu/libX11.so;/usr/lib/x86_64-linux-gnu/libXext.so
-- Looking for XOpenDisplay in /usr/lib/x86_64-linux-gnu/libX11.so;/usr/lib/x86_64-linux-gnu/libXext.so - found
-- Looking for gethostbyname
-- Looking for gethostbyname - found
-- Looking for connect
-- Looking for connect - found
-- Looking for remove
-- Looking for remove - found
-- Looking for shmat
-- Looking for shmat - found
-- Looking for IceConnectionNumber in ICE
-- Looking for IceConnectionNumber in ICE - found
-- Found moveit_visual_tools: 4.1.0 (/home/buhrmann/ws_moveit/install/moveit_visual_tools/share/moveit_visual_tools/cmake)
-- Found ament_lint_auto: 0.14.4 (/opt/ros/iron/share/ament_lint_auto/cmake)
-- Added test 'cppcheck' to perform static code analysis on C / C++ code
-- Configured cppcheck include dirs: 
-- Configured cppcheck exclude dirs and/or files: 
-- Added test 'flake8' to check Python code syntax and style conventions
-- Configured 'flake8' exclude dirs and/or files: 
-- Added test 'lint_cmake' to check CMake code style
-- Added test 'pep257' to check Python code against some of the docstring style conventions in PEP 257
-- Added test 'uncrustify' to check C / C++ code style
-- Configured uncrustify additional arguments: 
-- Added test 'xmllint' to check XML markup files
-- Configuring done
-- Generating done
-- Build files have been written to: /home/buhrmann/ws_moveit/build/object_creation
[  7%] [32mBuilding CXX object CMakeFiles/object_test.dir/src/test.cpp.o[0m
[ 21%] [32mBuilding CXX object CMakeFiles/object_test2.dir/src/test2.cpp.o[0m
[ 35%] [32mBuilding CXX object CMakeFiles/object_test5.dir/src/Object_placement2.cpp.o[0m
[ 28%] [32mBuilding CXX object CMakeFiles/object_test4.dir/src/Object_placement.cpp.o[0m
[ 50%] [32mBuilding CXX object CMakeFiles/Transfrom_test.dir/src/Transform_Test.cpp.o[0m
[ 42%] [32mBuilding CXX object CMakeFiles/object_test6.dir/src/Object_placement3.cpp.o[0m
[ 42%] [32mBuilding CXX object CMakeFiles/object_test3.dir/src/test3.cpp.o[0m
[ 57%] [32m[1mLinking CXX executable object_test[0m
[ 64%] [32m[1mLinking CXX executable Transfrom_test[0m
[ 64%] Built target Transfrom_test
[ 71%] [32m[1mLinking CXX executable object_test3[0m
[ 78%] [32m[1mLinking CXX executable object_test2[0m
[ 85%] [32m[1mLinking CXX executable object_test4[0m
[ 92%] [32m[1mLinking CXX executable object_test5[0m
[ 92%] Built target object_test2
[ 92%] Built target object_test3
[ 92%] Built target object_test5
[100%] [32m[1mLinking CXX executable object_test6[0m
[100%] Built target object_test4
[100%] Built target object_test6
[100%] Built target object_test
-- Install configuration: ""
-- Installing: /home/buhrmann/ws_moveit/install/object_creation/lib/object_creation/object_test
-- Set runtime path of "/home/buhrmann/ws_moveit/install/object_creation/lib/object_creation/object_test" to ""
-- Installing: /home/buhrmann/ws_moveit/install/object_creation/lib/object_creation/object_test2
-- Set runtime path of "/home/buhrmann/ws_moveit/install/object_creation/lib/object_creation/object_test2" to ""
-- Installing: /home/buhrmann/ws_moveit/install/object_creation/lib/object_creation/object_test3
-- Set runtime path of "/home/buhrmann/ws_moveit/install/object_creation/lib/object_creation/object_test3" to ""
-- Installing: /home/buhrmann/ws_moveit/install/object_creation/lib/object_creation/object_test4
-- Set runtime path of "/home/buhrmann/ws_moveit/install/object_creation/lib/object_creation/object_test4" to ""
-- Installing: /home/buhrmann/ws_moveit/install/object_creation/lib/object_creation/object_test5
-- Set runtime path of "/home/buhrmann/ws_moveit/install/object_creation/lib/object_creation/object_test5" to ""
-- Installing: /home/buhrmann/ws_moveit/install/object_creation/lib/object_creation/object_test6
-- Set runtime path of "/home/buhrmann/ws_moveit/install/object_creation/lib/object_creation/object_test6" to ""
-- Installing: /home/buhrmann/ws_moveit/install/object_creation/lib/object_creation/Transfrom_test
-- Set runtime path of "/home/buhrmann/ws_moveit/install/object_creation/lib/object_creation/Transfrom_test" to ""
-- Installing: /home/buhrmann/ws_moveit/install/object_creation/share/ament_index/resource_index/package_run_dependencies/object_creation
-- Installing: /home/buhrmann/ws_moveit/install/object_creation/share/ament_index/resource_index/parent_prefix_path/object_creation
-- Installing: /home/buhrmann/ws_moveit/install/object_creation/share/object_creation/environment/ament_prefix_path.sh
-- Installing: /home/buhrmann/ws_moveit/install/object_creation/share/object_creation/environment/ament_prefix_path.dsv
-- Installing: /home/buhrmann/ws_moveit/install/object_creation/share/object_creation/environment/path.sh
-- Installing: /home/buhrmann/ws_moveit/install/object_creation/share/object_creation/environment/path.dsv
-- Installing: /home/buhrmann/ws_moveit/install/object_creation/share/object_creation/local_setup.bash
-- Installing: /home/buhrmann/ws_moveit/install/object_creation/share/object_creation/local_setup.sh
-- Installing: /home/buhrmann/ws_moveit/install/object_creation/share/object_creation/local_setup.zsh
-- Installing: /home/buhrmann/ws_moveit/install/object_creation/share/object_creation/local_setup.dsv
-- Installing: /home/buhrmann/ws_moveit/install/object_creation/share/object_creation/package.dsv
-- Installing: /home/buhrmann/ws_moveit/install/object_creation/share/ament_index/resource_index/packages/object_creation
-- Installing: /home/buhrmann/ws_moveit/install/object_creation/share/object_creation/cmake/object_creationConfig.cmake
-- Installing: /home/buhrmann/ws_moveit/install/object_creation/share/object_creation/cmake/object_creationConfig-version.cmake
-- Installing: /home/buhrmann/ws_moveit/install/object_creation/share/object_creation/package.xml
