-- The CXX compiler identification is GNU 11.4.0
-- Detecting CXX compiler ABI info
-- Detecting CXX compiler ABI info - done
-- Check for working CXX compiler: /usr/bin/c++ - skipped
-- Detecting CXX compile features
-- Detecting CXX compile features - done
-- Found moveit_common: 2.11.0 (/home/buhrmann/ws_moveit/install/moveit_common/share/moveit_common/cmake)
-- Found ament_cmake: 2.0.7 (/opt/ros/iron/share/ament_cmake/cmake)
-- Found Python3: /usr/bin/python3.10 (found version "3.10.12") found components: Interpreter 
-- Found Boost: /usr/lib/x86_64-linux-gnu/cmake/Boost-1.74.0/BoostConfig.cmake (found version "1.74.0") found components: system filesystem date_time program_options thread 
-- Found moveit_core: 2.11.0 (/home/buhrmann/ws_moveit/install/moveit_core/share/moveit_core/cmake)
-- Found Boost: /usr/lib/x86_64-linux-gnu/cmake/Boost-1.74.0/BoostConfig.cmake (found version "1.74.0") found components: chrono date_time filesystem iostreams program_options regex serialization system thread 
-- Found parameter_traits: 0.3.9 (/opt/ros/iron/share/parameter_traits/cmake)
-- Found rosidl_generator_c: 4.0.1 (/opt/ros/iron/share/rosidl_generator_c/cmake)
-- Found rosidl_generator_cpp: 4.0.1 (/opt/ros/iron/share/rosidl_generator_cpp/cmake)
-- Using all available rosidl_typesupport_c: rosidl_typesupport_fastrtps_c;rosidl_typesupport_introspection_c
-- Using all available rosidl_typesupport_cpp: rosidl_typesupport_fastrtps_cpp;rosidl_typesupport_introspection_cpp
-- Found rmw_implementation_cmake: 7.1.0 (/opt/ros/iron/share/rmw_implementation_cmake/cmake)
-- Found rmw_fastrtps_cpp: 7.1.4 (/opt/ros/iron/share/rmw_fastrtps_cpp/cmake)
-- Found OpenSSL: /usr/lib/x86_64-linux-gnu/libcrypto.so (found version "3.0.2")  
-- Found FastRTPS: /opt/ros/iron/include  
-- Using RMW implementation 'rmw_fastrtps_cpp' as default
-- Found Eigen3: TRUE (found version "3.4.0") 
-- Found rclcpp_lifecycle: 21.0.8 (/opt/ros/iron/share/rclcpp_lifecycle/cmake)
-- Found Boost: /usr/lib/x86_64-linux-gnu/cmake/Boost-1.74.0/BoostConfig.cmake (found version "1.74.0") found components: filesystem 
-- library: /usr/lib/x86_64-linux-gnu/libcurl.so
-- Ensuring Eigen3 include directory is part of orocos-kdl CMake target
-- Found moveit_ros_occupancy_map_monitor: 2.11.0 (/home/buhrmann/ws_moveit/install/moveit_ros_occupancy_map_monitor/share/moveit_ros_occupancy_map_monitor/cmake)
-- Found moveit_ros_planning: 2.11.0 (/home/buhrmann/ws_moveit/install/moveit_ros_planning/share/moveit_ros_planning/cmake)
-- Found Boost: /usr/lib/x86_64-linux-gnu/cmake/Boost-1.74.0/BoostConfig.cmake (found version "1.74.0") found components: system filesystem date_time program_options thread chrono 
-- Found std_srvs: 5.0.1 (/opt/ros/iron/share/std_srvs/cmake)
-- Configuring done
-- Generating done
-- Build files have been written to: /home/buhrmann/ws_moveit/build/moveit_ros_move_group
[  4%] [32mBuilding CXX object CMakeFiles/moveit_move_group_capabilities_base.dir/src/move_group_context.cpp.o[0m
[  9%] [32mBuilding CXX object CMakeFiles/moveit_move_group_capabilities_base.dir/src/move_group_capability.cpp.o[0m
[ 13%] [32m[1mLinking CXX shared library libmoveit_move_group_capabilities_base.so[0m
[ 13%] Built target moveit_move_group_capabilities_base
[ 18%] [32mBuilding CXX object CMakeFiles/moveit_move_group_default_capabilities.dir/src/default_capabilities/apply_planning_scene_service_capability.cpp.o[0m
[ 22%] [32mBuilding CXX object CMakeFiles/moveit_move_group_default_capabilities.dir/src/default_capabilities/get_group_urdf_capability.cpp.o[0m
[ 27%] [32mBuilding CXX object CMakeFiles/moveit_move_group_default_capabilities.dir/src/default_capabilities/get_planning_scene_service_capability.cpp.o[0m
[ 31%] [32mBuilding CXX object CMakeFiles/move_group.dir/src/move_group.cpp.o[0m
[ 36%] [32mBuilding CXX object CMakeFiles/moveit_move_group_default_capabilities.dir/src/default_capabilities/move_action_capability.cpp.o[0m
[ 40%] [32mBuilding CXX object CMakeFiles/moveit_move_group_default_capabilities.dir/src/default_capabilities/kinematics_service_capability.cpp.o[0m
[ 45%] [32mBuilding CXX object CMakeFiles/moveit_move_group_default_capabilities.dir/src/default_capabilities/query_planners_service_capability.cpp.o[0m
[ 50%] [32mBuilding CXX object CMakeFiles/list_move_group_capabilities.dir/src/list_capabilities.cpp.o[0m
[ 54%] [32mBuilding CXX object CMakeFiles/moveit_move_group_default_capabilities.dir/src/default_capabilities/cartesian_path_service_capability.cpp.o[0m
[ 63%] [32mBuilding CXX object CMakeFiles/moveit_move_group_default_capabilities.dir/src/default_capabilities/execute_trajectory_action_capability.cpp.o[0m
[ 63%] [32mBuilding CXX object CMakeFiles/moveit_move_group_default_capabilities.dir/src/default_capabilities/clear_octomap_service_capability.cpp.o[0m
[ 68%] [32mBuilding CXX object CMakeFiles/moveit_move_group_default_capabilities.dir/src/default_capabilities/plan_service_capability.cpp.o[0m
[ 72%] [32mBuilding CXX object CMakeFiles/moveit_move_group_default_capabilities.dir/src/default_capabilities/load_geometry_from_file_service_capability.cpp.o[0m
[ 77%] [32mBuilding CXX object CMakeFiles/moveit_move_group_default_capabilities.dir/src/default_capabilities/tf_publisher_capability.cpp.o[0m
[ 81%] [32mBuilding CXX object CMakeFiles/moveit_move_group_default_capabilities.dir/src/default_capabilities/save_geometry_to_file_service_capability.cpp.o[0m
[ 86%] [32mBuilding CXX object CMakeFiles/moveit_move_group_default_capabilities.dir/src/default_capabilities/state_validation_service_capability.cpp.o[0m
[ 90%] [32m[1mLinking CXX executable list_move_group_capabilities[0m
[ 90%] Built target list_move_group_capabilities
[ 95%] [32m[1mLinking CXX shared library libmoveit_move_group_default_capabilities.so[0m
[100%] [32m[1mLinking CXX executable move_group[0m
[100%] Built target move_group
[100%] Built target moveit_move_group_default_capabilities
-- Install configuration: "Release"
-- Installing: /home/buhrmann/ws_moveit/install/moveit_ros_move_group/lib/moveit_ros_move_group/move_group
-- Set runtime path of "/home/buhrmann/ws_moveit/install/moveit_ros_move_group/lib/moveit_ros_move_group/move_group" to ""
-- Installing: /home/buhrmann/ws_moveit/install/moveit_ros_move_group/lib/moveit_ros_move_group/list_move_group_capabilities
-- Set runtime path of "/home/buhrmann/ws_moveit/install/moveit_ros_move_group/lib/moveit_ros_move_group/list_move_group_capabilities" to ""
-- Installing: /home/buhrmann/ws_moveit/install/moveit_ros_move_group/lib/libmoveit_move_group_default_capabilities.so.2.11.0
-- Set runtime path of "/home/buhrmann/ws_moveit/install/moveit_ros_move_group/lib/libmoveit_move_group_default_capabilities.so.2.11.0" to ""
-- Installing: /home/buhrmann/ws_moveit/install/moveit_ros_move_group/lib/libmoveit_move_group_default_capabilities.so
-- Installing: /home/buhrmann/ws_moveit/install/moveit_ros_move_group/lib/libmoveit_move_group_capabilities_base.so.2.11.0
-- Set runtime path of "/home/buhrmann/ws_moveit/install/moveit_ros_move_group/lib/libmoveit_move_group_capabilities_base.so.2.11.0" to ""
-- Installing: /home/buhrmann/ws_moveit/install/moveit_ros_move_group/lib/libmoveit_move_group_capabilities_base.so
-- Installing: /home/buhrmann/ws_moveit/install/moveit_ros_move_group/include/moveit_ros_move_group
-- Installing: /home/buhrmann/ws_moveit/install/moveit_ros_move_group/include/moveit_ros_move_group/moveit
-- Installing: /home/buhrmann/ws_moveit/install/moveit_ros_move_group/include/moveit_ros_move_group/moveit/move_group
-- Installing: /home/buhrmann/ws_moveit/install/moveit_ros_move_group/include/moveit_ros_move_group/moveit/move_group/move_group_capability.h
-- Installing: /home/buhrmann/ws_moveit/install/moveit_ros_move_group/include/moveit_ros_move_group/moveit/move_group/capability_names.h
-- Installing: /home/buhrmann/ws_moveit/install/moveit_ros_move_group/include/moveit_ros_move_group/moveit/move_group/move_group_context.h
-- Installing: /home/buhrmann/ws_moveit/install/moveit_ros_move_group/lib/moveit_ros_move_group/load_map
-- Installing: /home/buhrmann/ws_moveit/install/moveit_ros_move_group/lib/moveit_ros_move_group/save_map
-- Installing: /home/buhrmann/ws_moveit/install/moveit_ros_move_group/share/moveit_ros_move_group/default_capabilities_plugin_description.xml
-- Installing: /home/buhrmann/ws_moveit/install/moveit_ros_move_group/share/moveit_ros_move_group/environment/library_path.sh
-- Installing: /home/buhrmann/ws_moveit/install/moveit_ros_move_group/share/moveit_ros_move_group/environment/library_path.dsv
-- Installing: /home/buhrmann/ws_moveit/install/moveit_ros_move_group/share/ament_index/resource_index/package_run_dependencies/moveit_ros_move_group
-- Installing: /home/buhrmann/ws_moveit/install/moveit_ros_move_group/share/ament_index/resource_index/parent_prefix_path/moveit_ros_move_group
-- Installing: /home/buhrmann/ws_moveit/install/moveit_ros_move_group/share/moveit_ros_move_group/environment/ament_prefix_path.sh
-- Installing: /home/buhrmann/ws_moveit/install/moveit_ros_move_group/share/moveit_ros_move_group/environment/ament_prefix_path.dsv
-- Installing: /home/buhrmann/ws_moveit/install/moveit_ros_move_group/share/moveit_ros_move_group/environment/path.sh
-- Installing: /home/buhrmann/ws_moveit/install/moveit_ros_move_group/share/moveit_ros_move_group/environment/path.dsv
-- Installing: /home/buhrmann/ws_moveit/install/moveit_ros_move_group/share/moveit_ros_move_group/local_setup.bash
-- Installing: /home/buhrmann/ws_moveit/install/moveit_ros_move_group/share/moveit_ros_move_group/local_setup.sh
-- Installing: /home/buhrmann/ws_moveit/install/moveit_ros_move_group/share/moveit_ros_move_group/local_setup.zsh
-- Installing: /home/buhrmann/ws_moveit/install/moveit_ros_move_group/share/moveit_ros_move_group/local_setup.dsv
-- Installing: /home/buhrmann/ws_moveit/install/moveit_ros_move_group/share/moveit_ros_move_group/package.dsv
-- Installing: /home/buhrmann/ws_moveit/install/moveit_ros_move_group/share/ament_index/resource_index/packages/moveit_ros_move_group
-- Installing: /home/buhrmann/ws_moveit/install/moveit_ros_move_group/share/ament_index/resource_index/moveit_ros_move_group__pluginlib__plugin/moveit_ros_move_group
-- Installing: /home/buhrmann/ws_moveit/install/moveit_ros_move_group/share/moveit_ros_move_group/cmake/moveit_ros_move_groupTargetsExport.cmake
-- Installing: /home/buhrmann/ws_moveit/install/moveit_ros_move_group/share/moveit_ros_move_group/cmake/moveit_ros_move_groupTargetsExport-release.cmake
-- Installing: /home/buhrmann/ws_moveit/install/moveit_ros_move_group/share/moveit_ros_move_group/cmake/ConfigExtras.cmake
-- Installing: /home/buhrmann/ws_moveit/install/moveit_ros_move_group/share/moveit_ros_move_group/cmake/ament_cmake_export_targets-extras.cmake
-- Installing: /home/buhrmann/ws_moveit/install/moveit_ros_move_group/share/moveit_ros_move_group/cmake/ament_cmake_export_dependencies-extras.cmake
-- Installing: /home/buhrmann/ws_moveit/install/moveit_ros_move_group/share/moveit_ros_move_group/cmake/moveit_ros_move_groupConfig.cmake
-- Installing: /home/buhrmann/ws_moveit/install/moveit_ros_move_group/share/moveit_ros_move_group/cmake/moveit_ros_move_groupConfig-version.cmake
-- Installing: /home/buhrmann/ws_moveit/install/moveit_ros_move_group/share/moveit_ros_move_group/package.xml
