[0.178s] Invoking command in '/home/buhrmann/ws_moveit/build/point_cloud_circle_detector': CMAKE_PREFIX_PATH=${CMAKE_PREFIX_PATH}:/home/buhrmann/ws_moveit/install/ros2_azure_bridge:/home/buhrmann/ws_moveit/install/moveit_configs_utils:/opt/ros/iron /usr/bin/cmake --build /home/buhrmann/ws_moveit/build/point_cloud_circle_detector -- -j28 -l28
[0.226s] [35m[1mConsolidate compiler generated dependencies of target cup_pointcloud_segmentation_color[0m
[0.234s] [ 10%] Built target cup_segmentation_color
[0.234s] [ 20%] Built target point_cloud_circle_detector
[0.235s] [ 30%] Built target point_cloud_plantpot_rgb_edge_pfh_detector
[0.236s] [ 40%] Built target point_cloud_plantpot_edge_pfh_detector
[0.236s] [ 50%] Built target point_cloud_plantpot_pfh_detector
[0.237s] [ 60%] Built target point_cloud_plantpot_detector
[0.238s] [ 70%] Built target point_cloud_plantpot_ppf_detector
[0.243s] [ 90%] Built target point_cloud_cylinder_detector
[0.243s] [ 90%] Built target rgb_edge_filter
[0.248s] [ 95%] [32mBuilding CXX object CMakeFiles/cup_pointcloud_segmentation_color.dir/src/cup_pointcloud_segmentation_and_coloring.cpp.o[0m
[3.673s] [01m[K/home/buhrmann/ws_moveit/src/point_cloud_circle_detector/src/cup_pointcloud_segmentation_and_coloring.cpp:[m[K In member function ‘[01m[Kvoid PointCloudGenerator::pointCloudCallback(std_msgs::msg::Float32MultiArray_<std::allocator<void> >::SharedPtr)[m[K’:
[3.673s] [01m[K/home/buhrmann/ws_moveit/src/point_cloud_circle_detector/src/cup_pointcloud_segmentation_and_coloring.cpp:117:48:[m[K [01;31m[Kerror: [m[K‘[01m[Kusing element_type = class cv_bridge::CvImage[m[K’ {aka ‘[01m[Kclass cv_bridge::CvImage[m[K’} has no member named ‘[01m[Krotated_depth_image[m[K’
[3.673s]   117 |                 uint16_t depth = depth_cv_ptr->[01;31m[Krotated_depth_image[m[K.at<uint16_t>(data[i+2], data[i+1]);
[3.673s]       |                                                [01;31m[K^~~~~~~~~~~~~~~~~~~[m[K
[3.673s] [01m[K/home/buhrmann/ws_moveit/src/point_cloud_circle_detector/src/cup_pointcloud_segmentation_and_coloring.cpp:117:79:[m[K [01;31m[Kerror: [m[Kexpected primary-expression before ‘[01m[K>[m[K’ token
[3.673s]   117 |                 uint16_t depth = depth_cv_ptr->rotated_depth_image.at<uint16_t[01;31m[K>[m[K(data[i+2], data[i+1]);
[3.673s]       |                                                                               [01;31m[K^[m[K
[6.201s] gmake[2]: *** [CMakeFiles/cup_pointcloud_segmentation_color.dir/build.make:76: CMakeFiles/cup_pointcloud_segmentation_color.dir/src/cup_pointcloud_segmentation_and_coloring.cpp.o] Error 1
[6.202s] gmake[1]: *** [CMakeFiles/Makefile2:389: CMakeFiles/cup_pointcloud_segmentation_color.dir/all] Error 2
[6.202s] gmake: *** [Makefile:146: all] Error 2
[6.203s] Invoked command in '/home/buhrmann/ws_moveit/build/point_cloud_circle_detector' returned '2': CMAKE_PREFIX_PATH=${CMAKE_PREFIX_PATH}:/home/buhrmann/ws_moveit/install/ros2_azure_bridge:/home/buhrmann/ws_moveit/install/moveit_configs_utils:/opt/ros/iron /usr/bin/cmake --build /home/buhrmann/ws_moveit/build/point_cloud_circle_detector -- -j28 -l28
