-- The C compiler identification is GNU 11.4.0
-- The CXX compiler identification is GNU 11.4.0
-- Detecting C compiler ABI info
-- Detecting C compiler ABI info - done
-- Check for working C compiler: /usr/bin/cc - skipped
-- Detecting C compile features
-- Detecting C compile features - done
-- Detecting CXX compiler ABI info
-- Detecting CXX compiler ABI info - done
-- Check for working CXX compiler: /usr/bin/c++ - skipped
-- Detecting CXX compile features
-- Detecting CXX compile features - done
-- Found ament_cmake: 2.0.6 (/opt/ros/iron/share/ament_cmake/cmake)
-- Found Python3: /usr/bin/python3.10 (found version "3.10.12") found components: Interpreter 
-- Found controller_interface: 3.28.1 (/opt/ros/iron/share/controller_interface/cmake)
-- Found rosidl_generator_c: 4.0.1 (/opt/ros/iron/share/rosidl_generator_c/cmake)
-- Found rosidl_generator_cpp: 4.0.1 (/opt/ros/iron/share/rosidl_generator_cpp/cmake)
-- Using all available rosidl_typesupport_c: rosidl_typesupport_fastrtps_c;rosidl_typesupport_introspection_c
-- Using all available rosidl_typesupport_cpp: rosidl_typesupport_fastrtps_cpp;rosidl_typesupport_introspection_cpp
-- Found rmw_implementation_cmake: 7.1.0 (/opt/ros/iron/share/rmw_implementation_cmake/cmake)
-- Found rmw_fastrtps_cpp: 7.1.4 (/opt/ros/iron/share/rmw_fastrtps_cpp/cmake)
-- Found TinyXML2 via Config file: TinyXML2_DIR-NOTFOUND
-- Found OpenSSL: /usr/lib/x86_64-linux-gnu/libcrypto.so (found version "3.0.2")  
-- Found TinyXML2 via Config file: TinyXML2_DIR-NOTFOUND
-- Found FastRTPS: /opt/ros/iron/include  
-- Found TinyXML2 via Config file: TinyXML2_DIR-NOTFOUND
-- Found TinyXML2 via Config file: TinyXML2_DIR-NOTFOUND
-- Using RMW implementation 'rmw_fastrtps_cpp' as default
-- Found std_srvs: 5.0.1 (/opt/ros/iron/share/std_srvs/cmake)
-- Found ament_lint_auto: 0.14.4 (/opt/ros/iron/share/ament_lint_auto/cmake)
-- Added test 'cppcheck' to perform static code analysis on C / C++ code
-- Configured cppcheck include dirs: /home/buhrmann/ws_moveit/src/ros2_robotiq_gripper/robotiq_controllers/include
-- Configured cppcheck exclude dirs and/or files: 
-- Added test 'lint_cmake' to check CMake code style
-- Configuring done
-- Generating done
-- Build files have been written to: /home/buhrmann/ws_moveit/build/robotiq_controllers
[ 50%] [32mBuilding CXX object CMakeFiles/robotiq_controllers.dir/src/robotiq_activation_controller.cpp.o[0m
[100%] [32m[1mLinking CXX shared library librobotiq_controllers.so[0m
[100%] Built target robotiq_controllers
-- Install configuration: ""
-- Installing: /home/buhrmann/ws_moveit/install/robotiq_controllers/share/robotiq_controllers/controller_plugins.xml
-- Installing: /home/buhrmann/ws_moveit/install/robotiq_controllers/lib/librobotiq_controllers.so
-- Set runtime path of "/home/buhrmann/ws_moveit/install/robotiq_controllers/lib/librobotiq_controllers.so" to ""
-- Installing: /home/buhrmann/ws_moveit/install/robotiq_controllers/include
-- Installing: /home/buhrmann/ws_moveit/install/robotiq_controllers/include/robotiq_controllers
-- Installing: /home/buhrmann/ws_moveit/install/robotiq_controllers/include/robotiq_controllers/robotiq_activation_controller.hpp
-- Installing: /home/buhrmann/ws_moveit/install/robotiq_controllers/share/robotiq_controllers/environment/library_path.sh
-- Installing: /home/buhrmann/ws_moveit/install/robotiq_controllers/share/robotiq_controllers/environment/library_path.dsv
-- Installing: /home/buhrmann/ws_moveit/install/robotiq_controllers/share/ament_index/resource_index/package_run_dependencies/robotiq_controllers
-- Installing: /home/buhrmann/ws_moveit/install/robotiq_controllers/share/ament_index/resource_index/parent_prefix_path/robotiq_controllers
-- Installing: /home/buhrmann/ws_moveit/install/robotiq_controllers/share/robotiq_controllers/environment/ament_prefix_path.sh
-- Installing: /home/buhrmann/ws_moveit/install/robotiq_controllers/share/robotiq_controllers/environment/ament_prefix_path.dsv
-- Installing: /home/buhrmann/ws_moveit/install/robotiq_controllers/share/robotiq_controllers/environment/path.sh
-- Installing: /home/buhrmann/ws_moveit/install/robotiq_controllers/share/robotiq_controllers/environment/path.dsv
-- Installing: /home/buhrmann/ws_moveit/install/robotiq_controllers/share/robotiq_controllers/local_setup.bash
-- Installing: /home/buhrmann/ws_moveit/install/robotiq_controllers/share/robotiq_controllers/local_setup.sh
-- Installing: /home/buhrmann/ws_moveit/install/robotiq_controllers/share/robotiq_controllers/local_setup.zsh
-- Installing: /home/buhrmann/ws_moveit/install/robotiq_controllers/share/robotiq_controllers/local_setup.dsv
-- Installing: /home/buhrmann/ws_moveit/install/robotiq_controllers/share/robotiq_controllers/package.dsv
-- Installing: /home/buhrmann/ws_moveit/install/robotiq_controllers/share/ament_index/resource_index/packages/robotiq_controllers
-- Installing: /home/buhrmann/ws_moveit/install/robotiq_controllers/share/ament_index/resource_index/controller_interface__pluginlib__plugin/robotiq_controllers
-- Installing: /home/buhrmann/ws_moveit/install/robotiq_controllers/share/robotiq_controllers/cmake/export_robotiq_controllersExport.cmake
-- Installing: /home/buhrmann/ws_moveit/install/robotiq_controllers/share/robotiq_controllers/cmake/export_robotiq_controllersExport-noconfig.cmake
-- Installing: /home/buhrmann/ws_moveit/install/robotiq_controllers/share/robotiq_controllers/cmake/ament_cmake_export_include_directories-extras.cmake
-- Installing: /home/buhrmann/ws_moveit/install/robotiq_controllers/share/robotiq_controllers/cmake/ament_cmake_export_libraries-extras.cmake
-- Installing: /home/buhrmann/ws_moveit/install/robotiq_controllers/share/robotiq_controllers/cmake/ament_cmake_export_targets-extras.cmake
-- Installing: /home/buhrmann/ws_moveit/install/robotiq_controllers/share/robotiq_controllers/cmake/ament_cmake_export_dependencies-extras.cmake
-- Installing: /home/buhrmann/ws_moveit/install/robotiq_controllers/share/robotiq_controllers/cmake/robotiq_controllersConfig.cmake
-- Installing: /home/buhrmann/ws_moveit/install/robotiq_controllers/share/robotiq_controllers/cmake/robotiq_controllersConfig-version.cmake
-- Installing: /home/buhrmann/ws_moveit/install/robotiq_controllers/share/robotiq_controllers/package.xml
