[0.225s] Invoking command in '/home/buhrmann/ws_moveit/build/robotiq_controllers': CMAKE_PREFIX_PATH=${CMAKE_PREFIX_PATH}:/home/buhrmann/ws_moveit/install/moveit_configs_utils:/opt/ros/iron /usr/bin/cmake /home/buhrmann/ws_moveit/src/ros2_robotiq_gripper/robotiq_controllers -DCMAKE_INSTALL_PREFIX=/home/buhrmann/ws_moveit/install/robotiq_controllers
[0.256s] -- The C compiler identification is GNU 11.4.0
[0.295s] -- The CXX compiler identification is GNU 11.4.0
[0.300s] -- Detecting C compiler ABI info
[0.350s] -- Detecting C compiler ABI info - done
[0.356s] -- Check for working C compiler: /usr/bin/cc - skipped
[0.356s] -- Detecting C compile features
[0.356s] -- Detecting C compile features - done
[0.359s] -- Detecting CXX compiler ABI info
[0.409s] -- Detecting CXX compiler ABI info - done
[0.415s] -- Check for working CXX compiler: /usr/bin/c++ - skipped
[0.415s] -- Detecting CXX compile features
[0.415s] -- Detecting CXX compile features - done
[0.417s] -- Found ament_cmake: 2.0.6 (/opt/ros/iron/share/ament_cmake/cmake)
[0.531s] -- Found Python3: /usr/bin/python3.10 (found version "3.10.12") found components: Interpreter 
[0.582s] -- Found controller_interface: 3.28.1 (/opt/ros/iron/share/controller_interface/cmake)
[0.621s] -- Found rosidl_generator_c: 4.0.1 (/opt/ros/iron/share/rosidl_generator_c/cmake)
[0.630s] -- Found rosidl_generator_cpp: 4.0.1 (/opt/ros/iron/share/rosidl_generator_cpp/cmake)
[0.648s] -- Using all available rosidl_typesupport_c: rosidl_typesupport_fastrtps_c;rosidl_typesupport_introspection_c
[0.670s] -- Using all available rosidl_typesupport_cpp: rosidl_typesupport_fastrtps_cpp;rosidl_typesupport_introspection_cpp
[1.285s] -- Found rmw_implementation_cmake: 7.1.0 (/opt/ros/iron/share/rmw_implementation_cmake/cmake)
[1.289s] -- Found rmw_fastrtps_cpp: 7.1.4 (/opt/ros/iron/share/rmw_fastrtps_cpp/cmake)
[1.318s] -- Found TinyXML2 via Config file: TinyXML2_DIR-NOTFOUND
[1.368s] -- Found OpenSSL: /usr/lib/x86_64-linux-gnu/libcrypto.so (found version "3.0.2")  
[1.370s] -- Found TinyXML2 via Config file: TinyXML2_DIR-NOTFOUND
[1.382s] -- Found FastRTPS: /opt/ros/iron/include  
[1.386s] -- Found TinyXML2 via Config file: TinyXML2_DIR-NOTFOUND
[1.393s] -- Found TinyXML2 via Config file: TinyXML2_DIR-NOTFOUND
[1.403s] -- Using RMW implementation 'rmw_fastrtps_cpp' as default
[1.549s] -- Found std_srvs: 5.0.1 (/opt/ros/iron/share/std_srvs/cmake)
[1.580s] -- Found ament_lint_auto: 0.14.4 (/opt/ros/iron/share/ament_lint_auto/cmake)
[1.637s] -- Added test 'cppcheck' to perform static code analysis on C / C++ code
[1.637s] -- Configured cppcheck include dirs: /home/buhrmann/ws_moveit/src/ros2_robotiq_gripper/robotiq_controllers/include
[1.637s] -- Configured cppcheck exclude dirs and/or files: 
[1.638s] -- Added test 'lint_cmake' to check CMake code style
[1.640s] -- Configuring done
[1.646s] -- Generating done
[1.647s] -- Build files have been written to: /home/buhrmann/ws_moveit/build/robotiq_controllers
[1.654s] Invoked command in '/home/buhrmann/ws_moveit/build/robotiq_controllers' returned '0': CMAKE_PREFIX_PATH=${CMAKE_PREFIX_PATH}:/home/buhrmann/ws_moveit/install/moveit_configs_utils:/opt/ros/iron /usr/bin/cmake /home/buhrmann/ws_moveit/src/ros2_robotiq_gripper/robotiq_controllers -DCMAKE_INSTALL_PREFIX=/home/buhrmann/ws_moveit/install/robotiq_controllers
[1.655s] Invoking command in '/home/buhrmann/ws_moveit/build/robotiq_controllers': CMAKE_PREFIX_PATH=${CMAKE_PREFIX_PATH}:/home/buhrmann/ws_moveit/install/moveit_configs_utils:/opt/ros/iron /usr/bin/cmake --build /home/buhrmann/ws_moveit/build/robotiq_controllers -- -j28 -l28
[1.692s] [ 50%] [32mBuilding CXX object CMakeFiles/robotiq_controllers.dir/src/robotiq_activation_controller.cpp.o[0m
[4.266s] [100%] [32m[1mLinking CXX shared library librobotiq_controllers.so[0m
[4.434s] [100%] Built target robotiq_controllers
[4.445s] Invoked command in '/home/buhrmann/ws_moveit/build/robotiq_controllers' returned '0': CMAKE_PREFIX_PATH=${CMAKE_PREFIX_PATH}:/home/buhrmann/ws_moveit/install/moveit_configs_utils:/opt/ros/iron /usr/bin/cmake --build /home/buhrmann/ws_moveit/build/robotiq_controllers -- -j28 -l28
[4.477s] Invoking command in '/home/buhrmann/ws_moveit/build/robotiq_controllers': CMAKE_PREFIX_PATH=${CMAKE_PREFIX_PATH}:/home/buhrmann/ws_moveit/install/moveit_configs_utils:/opt/ros/iron /usr/bin/cmake --install /home/buhrmann/ws_moveit/build/robotiq_controllers
[4.484s] -- Install configuration: ""
[4.484s] -- Installing: /home/buhrmann/ws_moveit/install/robotiq_controllers/share/robotiq_controllers/controller_plugins.xml
[4.484s] -- Installing: /home/buhrmann/ws_moveit/install/robotiq_controllers/lib/librobotiq_controllers.so
[4.485s] -- Set runtime path of "/home/buhrmann/ws_moveit/install/robotiq_controllers/lib/librobotiq_controllers.so" to ""
[4.485s] -- Installing: /home/buhrmann/ws_moveit/install/robotiq_controllers/include
[4.485s] -- Installing: /home/buhrmann/ws_moveit/install/robotiq_controllers/include/robotiq_controllers
[4.485s] -- Installing: /home/buhrmann/ws_moveit/install/robotiq_controllers/include/robotiq_controllers/robotiq_activation_controller.hpp
[4.486s] -- Installing: /home/buhrmann/ws_moveit/install/robotiq_controllers/share/robotiq_controllers/environment/library_path.sh
[4.486s] -- Installing: /home/buhrmann/ws_moveit/install/robotiq_controllers/share/robotiq_controllers/environment/library_path.dsv
[4.486s] -- Installing: /home/buhrmann/ws_moveit/install/robotiq_controllers/share/ament_index/resource_index/package_run_dependencies/robotiq_controllers
[4.486s] -- Installing: /home/buhrmann/ws_moveit/install/robotiq_controllers/share/ament_index/resource_index/parent_prefix_path/robotiq_controllers
[4.486s] -- Installing: /home/buhrmann/ws_moveit/install/robotiq_controllers/share/robotiq_controllers/environment/ament_prefix_path.sh
[4.486s] -- Installing: /home/buhrmann/ws_moveit/install/robotiq_controllers/share/robotiq_controllers/environment/ament_prefix_path.dsv
[4.486s] -- Installing: /home/buhrmann/ws_moveit/install/robotiq_controllers/share/robotiq_controllers/environment/path.sh
[4.486s] -- Installing: /home/buhrmann/ws_moveit/install/robotiq_controllers/share/robotiq_controllers/environment/path.dsv
[4.486s] -- Installing: /home/buhrmann/ws_moveit/install/robotiq_controllers/share/robotiq_controllers/local_setup.bash
[4.486s] -- Installing: /home/buhrmann/ws_moveit/install/robotiq_controllers/share/robotiq_controllers/local_setup.sh
[4.487s] -- Installing: /home/buhrmann/ws_moveit/install/robotiq_controllers/share/robotiq_controllers/local_setup.zsh
[4.487s] -- Installing: /home/buhrmann/ws_moveit/install/robotiq_controllers/share/robotiq_controllers/local_setup.dsv
[4.487s] -- Installing: /home/buhrmann/ws_moveit/install/robotiq_controllers/share/robotiq_controllers/package.dsv
[4.487s] -- Installing: /home/buhrmann/ws_moveit/install/robotiq_controllers/share/ament_index/resource_index/packages/robotiq_controllers
[4.487s] -- Installing: /home/buhrmann/ws_moveit/install/robotiq_controllers/share/ament_index/resource_index/controller_interface__pluginlib__plugin/robotiq_controllers
[4.487s] -- Installing: /home/buhrmann/ws_moveit/install/robotiq_controllers/share/robotiq_controllers/cmake/export_robotiq_controllersExport.cmake
[4.487s] -- Installing: /home/buhrmann/ws_moveit/install/robotiq_controllers/share/robotiq_controllers/cmake/export_robotiq_controllersExport-noconfig.cmake
[4.487s] -- Installing: /home/buhrmann/ws_moveit/install/robotiq_controllers/share/robotiq_controllers/cmake/ament_cmake_export_include_directories-extras.cmake
[4.488s] -- Installing: /home/buhrmann/ws_moveit/install/robotiq_controllers/share/robotiq_controllers/cmake/ament_cmake_export_libraries-extras.cmake
[4.488s] -- Installing: /home/buhrmann/ws_moveit/install/robotiq_controllers/share/robotiq_controllers/cmake/ament_cmake_export_targets-extras.cmake
[4.488s] -- Installing: /home/buhrmann/ws_moveit/install/robotiq_controllers/share/robotiq_controllers/cmake/ament_cmake_export_dependencies-extras.cmake
[4.488s] -- Installing: /home/buhrmann/ws_moveit/install/robotiq_controllers/share/robotiq_controllers/cmake/robotiq_controllersConfig.cmake
[4.488s] -- Installing: /home/buhrmann/ws_moveit/install/robotiq_controllers/share/robotiq_controllers/cmake/robotiq_controllersConfig-version.cmake
[4.488s] -- Installing: /home/buhrmann/ws_moveit/install/robotiq_controllers/share/robotiq_controllers/package.xml
[4.490s] Invoked command in '/home/buhrmann/ws_moveit/build/robotiq_controllers' returned '0': CMAKE_PREFIX_PATH=${CMAKE_PREFIX_PATH}:/home/buhrmann/ws_moveit/install/moveit_configs_utils:/opt/ros/iron /usr/bin/cmake --install /home/buhrmann/ws_moveit/build/robotiq_controllers
