[0.179s] Invoking command in '/home/buhrmann/ws_moveit/build/serial': CMAKE_PREFIX_PATH=${CMAKE_PREFIX_PATH}:/home/buhrmann/ws_moveit/install/moveit_configs_utils:/opt/ros/iron /usr/bin/cmake --build /home/buhrmann/ws_moveit/build/serial -- -j28 -l28
[0.215s] [ 25%] [32mBuilding CXX object CMakeFiles/serial.dir/src/serial.cc.o[0m
[0.216s] [ 50%] [32mBuilding CXX object CMakeFiles/serial.dir/src/impl/unix.cc.o[0m
[0.218s] [ 75%] [32mBuilding CXX object CMakeFiles/serial.dir/src/impl/list_ports/list_ports_linux.cc.o[0m
[1.036s] [100%] [32m[1mLinking CXX static library libserial.a[0m
[1.290s] [100%] Built target serial
[1.314s] Invoked command in '/home/buhrmann/ws_moveit/build/serial' returned '0': CMAKE_PREFIX_PATH=${CMAKE_PREFIX_PATH}:/home/buhrmann/ws_moveit/install/moveit_configs_utils:/opt/ros/iron /usr/bin/cmake --build /home/buhrmann/ws_moveit/build/serial -- -j28 -l28
[1.323s] Invoking command in '/home/buhrmann/ws_moveit/build/serial': CMAKE_PREFIX_PATH=${CMAKE_PREFIX_PATH}:/home/buhrmann/ws_moveit/install/moveit_configs_utils:/opt/ros/iron /usr/bin/cmake --install /home/buhrmann/ws_moveit/build/serial
[1.342s] -- Install configuration: ""
[1.343s] -- Installing: /home/buhrmann/ws_moveit/install/serial/lib/libserial.a
[1.343s] -- Up-to-date: /home/buhrmann/ws_moveit/install/serial/include
[1.343s] -- Up-to-date: /home/buhrmann/ws_moveit/install/serial/include/serial
[1.343s] -- Up-to-date: /home/buhrmann/ws_moveit/install/serial/include/serial/serial.h
[1.343s] -- Up-to-date: /home/buhrmann/ws_moveit/install/serial/include/serial/v8stdint.h
[1.343s] -- Up-to-date: /home/buhrmann/ws_moveit/install/serial/include/serial/impl
[1.343s] -- Up-to-date: /home/buhrmann/ws_moveit/install/serial/include/serial/impl/win.h
[1.343s] -- Up-to-date: /home/buhrmann/ws_moveit/install/serial/include/serial/impl/unix.h
[1.343s] -- Up-to-date: /home/buhrmann/ws_moveit/install/serial/share/serial/environment/library_path.sh
[1.343s] -- Up-to-date: /home/buhrmann/ws_moveit/install/serial/share/serial/environment/library_path.dsv
[1.343s] -- Up-to-date: /home/buhrmann/ws_moveit/install/serial/share/ament_index/resource_index/package_run_dependencies/serial
[1.343s] -- Up-to-date: /home/buhrmann/ws_moveit/install/serial/share/ament_index/resource_index/parent_prefix_path/serial
[1.344s] -- Up-to-date: /home/buhrmann/ws_moveit/install/serial/share/serial/environment/ament_prefix_path.sh
[1.344s] -- Up-to-date: /home/buhrmann/ws_moveit/install/serial/share/serial/environment/ament_prefix_path.dsv
[1.344s] -- Up-to-date: /home/buhrmann/ws_moveit/install/serial/share/serial/environment/path.sh
[1.344s] -- Up-to-date: /home/buhrmann/ws_moveit/install/serial/share/serial/environment/path.dsv
[1.344s] -- Up-to-date: /home/buhrmann/ws_moveit/install/serial/share/serial/local_setup.bash
[1.344s] -- Up-to-date: /home/buhrmann/ws_moveit/install/serial/share/serial/local_setup.sh
[1.344s] -- Up-to-date: /home/buhrmann/ws_moveit/install/serial/share/serial/local_setup.zsh
[1.344s] -- Up-to-date: /home/buhrmann/ws_moveit/install/serial/share/serial/local_setup.dsv
[1.344s] -- Installing: /home/buhrmann/ws_moveit/install/serial/share/serial/package.dsv
[1.344s] -- Up-to-date: /home/buhrmann/ws_moveit/install/serial/share/ament_index/resource_index/packages/serial
[1.344s] -- Up-to-date: /home/buhrmann/ws_moveit/install/serial/share/serial/cmake/export_serialExport.cmake
[1.344s] -- Up-to-date: /home/buhrmann/ws_moveit/install/serial/share/serial/cmake/export_serialExport-noconfig.cmake
[1.344s] -- Up-to-date: /home/buhrmann/ws_moveit/install/serial/share/serial/cmake/ament_cmake_export_include_directories-extras.cmake
[1.344s] -- Up-to-date: /home/buhrmann/ws_moveit/install/serial/share/serial/cmake/ament_cmake_export_libraries-extras.cmake
[1.344s] -- Up-to-date: /home/buhrmann/ws_moveit/install/serial/share/serial/cmake/ament_cmake_export_targets-extras.cmake
[1.344s] -- Up-to-date: /home/buhrmann/ws_moveit/install/serial/share/serial/cmake/serialConfig.cmake
[1.344s] -- Up-to-date: /home/buhrmann/ws_moveit/install/serial/share/serial/cmake/serialConfig-version.cmake
[1.344s] -- Up-to-date: /home/buhrmann/ws_moveit/install/serial/share/serial/package.xml
[1.371s] Invoked command in '/home/buhrmann/ws_moveit/build/serial' returned '0': CMAKE_PREFIX_PATH=${CMAKE_PREFIX_PATH}:/home/buhrmann/ws_moveit/install/moveit_configs_utils:/opt/ros/iron /usr/bin/cmake --install /home/buhrmann/ws_moveit/build/serial
