[0.033s] Invoking command in '/home/buhrmann/ws_moveit/build/moveit_core': CMAKE_PREFIX_PATH=/home/buhrmann/ws_moveit/install/moveit_resources_panda_moveit_config:/home/buhrmann/ws_moveit/install/moveit_resources_pr2_description:/home/buhrmann/ws_moveit/install/moveit_resources_panda_description:/home/buhrmann/ws_moveit/install/moveit_msgs:/home/buhrmann/ws_moveit/install/moveit_common:/home/buhrmann/ws_moveit/install/ur5_moveit_test:/home/buhrmann/ws_moveit/install/ur5_camera_moveit_config2:/home/buhrmann/ws_moveit/install/ur5_camera_moveit_config:/home/buhrmann/ws_moveit/install/ur5_description_controller:/home/buhrmann/ws_moveit/install/ur3_camera_moveit_config:/home/buhrmann/ws_moveit/install/ur3_description_controller:/home/buhrmann/ws_moveit/install/robotiq_hardware_tests:/home/buhrmann/ws_moveit/install/robotiq_driver:/home/buhrmann/ws_moveit/install/serial:/home/buhrmann/ws_moveit/install/moveit2_tutorials:/home/buhrmann/ws_moveit/install/moveit_visual_tools:/home/buhrmann/ws_moveit/install/rviz_visual_tools:/home/buhrmann/ws_moveit/install/moveit_task_constructor_visualization:/home/buhrmann/ws_moveit/install/moveit_task_constructor_demo:/home/buhrmann/ws_moveit/install/moveit_task_constructor_capabilities:/home/buhrmann/ws_moveit/install/moveit_task_constructor_core:/home/buhrmann/ws_moveit/install/rviz_marker_tools:/home/buhrmann/ws_moveit/install/picknik_accessories:/home/buhrmann/ws_moveit/install/kortex_bringup:/home/buhrmann/ws_moveit/install/kinova_gen3_lite_moveit_config:/home/buhrmann/ws_moveit/install/kinova_gen3_7dof_robotiq_2f_85_moveit_config:/home/buhrmann/ws_moveit/install/kinova_gen3_6dof_robotiq_2f_85_moveit_config:/home/buhrmann/ws_moveit/install/kortex_description:/home/buhrmann/ws_moveit/install/robotiq_description:/home/buhrmann/ws_moveit/install/robotiq_controllers:/home/buhrmann/ws_moveit/install/ppf_test_pkg:/home/buhrmann/ws_moveit/install/point_cloud_circle_detector:/home/buhrmann/ws_moveit/install/pilz_industrial_motion_planner_testutils:/home/buhrmann/ws_moveit/install/moveit_runtime:/home/buhrmann/ws_moveit/install/moveit:/home/buhrmann/ws_moveit/install/moveit_planners:/home/buhrmann/ws_moveit/install/pilz_industrial_motion_planner:/home/buhrmann/ws_moveit/install/pick_ik:/home/buhrmann/ws_moveit/install/object_detection_pcl:/home/buhrmann/ws_moveit/install/object_detection:/home/buhrmann/ws_moveit/install/object_creation:/home/buhrmann/ws_moveit/install/moveit_task_constructor_msgs:/home/buhrmann/ws_moveit/install/moveit_ros_control_interface:/home/buhrmann/ws_moveit/install/moveit_plugins:/home/buhrmann/ws_moveit/install/moveit_simple_controller_manager:/home/buhrmann/ws_moveit/install/moveit_setup_assistant:/home/buhrmann/ws_moveit/install/moveit_setup_srdf_plugins:/home/buhrmann/ws_moveit/install/moveit_setup_core_plugins:/home/buhrmann/ws_moveit/install/moveit_setup_controllers:/home/buhrmann/ws_moveit/install/moveit_setup_app_plugins:/home/buhrmann/ws_moveit/install/moveit_setup_framework:/home/buhrmann/ws_moveit/install/moveit_servo:/home/buhrmann/ws_moveit/install/moveit_ros_trajectory_cache:/home/buhrmann/ws_moveit/install/moveit_ros:/home/buhrmann/ws_moveit/install/moveit_ros_visualization:/home/buhrmann/ws_moveit/install/moveit_py:/home/buhrmann/ws_moveit/install/moveit_hybrid_planning:/home/buhrmann/ws_moveit/install/edit_planning_scene:/home/buhrmann/ws_moveit/install/moveit_ros_planning_interface:/home/buhrmann/ws_moveit/install/moveit_ros_benchmarks:/home/buhrmann/ws_moveit/install/moveit_ros_warehouse:/home/buhrmann/ws_moveit/install/moveit_ros_robot_interaction:/home/buhrmann/ws_moveit/install/moveit_ros_perception:/home/buhrmann/ws_moveit/install/moveit_resources_prbt_pg70_support:/home/buhrmann/ws_moveit/install/moveit_resources_prbt_moveit_config:/home/buhrmann/ws_moveit/install/moveit_ros_move_group:/home/buhrmann/ws_moveit/install/moveit_planners_ompl:/home/buhrmann/ws_moveit/install/moveit_kinematics:/home/buhrmann/ws_moveit/install/moveit_ros_planning:/home/buhrmann/ws_moveit/install/moveit_ros_occupancy_map_monitor:/home/buhrmann/ws_moveit/install/moveit_resources_prbt_support:/home/buhrmann/ws_moveit/install/moveit_resources_prbt_ikfast_manipulator_plugin:/home/buhrmann/ws_moveit/install/moveit_resources:/home/buhrmann/ws_moveit/install/dual_arm_panda_moveit_config:/home/buhrmann/ws_moveit/install/moveit_resources_fanuc_moveit_config:/home/buhrmann/ws_moveit/install/moveit_resources_fanuc_description:/home/buhrmann/ws_moveit/install/moveit_planners_stomp:/home/buhrmann/ws_moveit/install/moveit_planners_chomp:/home/buhrmann/ws_moveit/install/chomp_motion_planner:/home/buhrmann/ws_moveit/install/moveit_core:/home/buhrmann/ws_moveit/install/kortex_driver:/home/buhrmann/ws_moveit/install/kortex_api:/home/buhrmann/ws_moveit/install/common_services_package:/home/buhrmann/ws_moveit/install/ros2_azure_bridge:/home/buhrmann/ws_moveit/install/moveit_configs_utils:/opt/ros/iron LD_LIBRARY_PATH=/home/buhrmann/ws_moveit/install/moveit_msgs/lib:/home/buhrmann/ws_moveit/install/robotiq_driver/lib:/home/buhrmann/ws_moveit/install/serial/lib:/home/buhrmann/ws_moveit/install/moveit_visual_tools/lib:/home/buhrmann/ws_moveit/install/rviz_visual_tools/lib:/home/buhrmann/ws_moveit/install/moveit_task_constructor_visualization/lib:/home/buhrmann/ws_moveit/install/moveit_task_constructor_demo/lib:/home/buhrmann/ws_moveit/install/moveit_task_constructor_capabilities/lib:/home/buhrmann/ws_moveit/install/moveit_task_constructor_core/lib:/home/buhrmann/ws_moveit/install/rviz_marker_tools/lib:/home/buhrmann/ws_moveit/install/robotiq_controllers/lib:/home/buhrmann/ws_moveit/install/pilz_industrial_motion_planner_testutils/lib:/home/buhrmann/ws_moveit/install/pilz_industrial_motion_planner/lib:/home/buhrmann/ws_moveit/install/pick_ik/lib:/home/buhrmann/ws_moveit/install/moveit_task_constructor_msgs/lib:/home/buhrmann/ws_moveit/install/moveit_ros_control_interface/lib:/home/buhrmann/ws_moveit/install/moveit_simple_controller_manager/lib:/home/buhrmann/ws_moveit/install/moveit_setup_assistant/lib:/home/buhrmann/ws_moveit/install/moveit_setup_srdf_plugins/lib:/home/buhrmann/ws_moveit/install/moveit_setup_core_plugins/lib:/home/buhrmann/ws_moveit/install/moveit_setup_controllers/lib:/home/buhrmann/ws_moveit/install/moveit_setup_app_plugins/lib:/home/buhrmann/ws_moveit/install/moveit_setup_framework/lib:/home/buhrmann/ws_moveit/install/moveit_servo/lib:/home/buhrmann/ws_moveit/install/moveit_ros_trajectory_cache/lib:/home/buhrmann/ws_moveit/install/moveit_ros_visualization/lib:/home/buhrmann/ws_moveit/install/moveit_py/lib:/home/buhrmann/ws_moveit/install/moveit_hybrid_planning/lib:/home/buhrmann/ws_moveit/install/moveit_ros_planning_interface/lib:/home/buhrmann/ws_moveit/install/moveit_ros_benchmarks/lib:/home/buhrmann/ws_moveit/install/moveit_ros_warehouse/lib:/home/buhrmann/ws_moveit/install/moveit_ros_robot_interaction/lib:/home/buhrmann/ws_moveit/install/moveit_ros_perception/lib:/home/buhrmann/ws_moveit/install/moveit_ros_move_group/lib:/home/buhrmann/ws_moveit/install/moveit_planners_ompl/lib:/home/buhrmann/ws_moveit/install/moveit_kinematics/lib:/home/buhrmann/ws_moveit/install/moveit_ros_planning/lib:/home/buhrmann/ws_moveit/install/moveit_ros_occupancy_map_monitor/lib:/home/buhrmann/ws_moveit/install/moveit_resources_prbt_ikfast_manipulator_plugin/lib:/home/buhrmann/ws_moveit/install/moveit_planners_stomp/lib:/home/buhrmann/ws_moveit/install/moveit_planners_chomp/lib:/home/buhrmann/ws_moveit/install/chomp_motion_planner/lib:/home/buhrmann/ws_moveit/install/moveit_core/lib:/home/buhrmann/ws_moveit/install/kortex_driver/lib:/home/buhrmann/ws_moveit/install/common_services_package/lib:/opt/ros/iron/opt/rviz_ogre_vendor/lib:/opt/ros/iron/lib/x86_64-linux-gnu:/opt/ros/iron/lib:/usr/lib/jvm/java-11-openjdk-amd64/lib/amd64 PYTHONPATH=/home/buhrmann/ws_moveit/install/moveit_msgs/lib/python3.10/site-packages:/home/buhrmann/ws_moveit/install/moveit_task_constructor_core/lib/python3.10/site-packages:/home/buhrmann/ws_moveit/install/ros2_azure_bridge/lib/python3.10/site-packages:/home/buhrmann/ws_moveit/install/moveit_task_constructor_msgs/lib/python3.10/site-packages:/home/buhrmann/ws_moveit/install/moveit_py/lib/python3.10/site-packages:/home/buhrmann/ws_moveit/install/moveit_configs_utils/lib/python3.10/site-packages:/home/buhrmann/ws_moveit/install/common_services_package/lib/python3.10/site-packages:/opt/ros/iron/lib/python3.10/site-packages /usr/bin/cmake --build /home/buhrmann/ws_moveit/build/moveit_core -- -j28 -l28
[0.145s] [  0%] [32mBuilding CXX object gtest/CMakeFiles/gtest_main.dir/src/gtest_main.cc.o[0m
[0.152s] [  3%] Built target moveit_acceleration_filter_parameters
[0.152s] [  3%] [32mBuilding CXX object gmock/CMakeFiles/gmock_main.dir/src/gmock_main.cc.o[0m
[0.152s] [  3%] Built target moveit_butterworth_filter_parameters
[0.152s] [  3%] Built target moveit_ruckig_filter_parameters
[0.159s] [  3%] [32mBuilding CXX object gtest/CMakeFiles/gtest.dir/src/gtest-all.cc.o[0m
[0.161s] [  4%] [32mBuilding CXX object gmock/CMakeFiles/gmock.dir/src/gmock-all.cc.o[0m
[0.162s] [  5%] [34m[1mGenerate version header[0m
[0.163s] [  5%] [32mBuilding CXX object utils/CMakeFiles/moveit_utils.dir/src/message_checks.cpp.o[0m
[0.167s] [  5%] [32mBuilding CXX object gmock/CMakeFiles/gmock.dir/opt/ros/iron/src/gtest_vendor/src/gtest-all.cc.o[0m
[0.168s] [  6%] [32mBuilding CXX object utils/CMakeFiles/moveit_utils.dir/src/rclcpp_utils.cpp.o[0m
[0.174s] [  7%] [32mBuilding CXX object utils/CMakeFiles/moveit_utils.dir/src/lexical_casts.cpp.o[0m
[0.181s] [  8%] [32mBuilding CXX object utils/CMakeFiles/moveit_utils.dir/src/logger.cpp.o[0m
[0.195s] [  8%] [32mBuilding CXX object online_signal_smoothing/CMakeFiles/moveit_smoothing_base.dir/src/smoothing_base_class.cpp.o[0m
[0.262s] [  9%] [34m[1mGenerating version.h[0m
[0.301s] [  9%] Built target version_h
[0.392s] [ 10%] [32mBuilding CXX object version/CMakeFiles/moveit_version.dir/version.cpp.o[0m
[1.087s] [ 10%] [32m[1mLinking CXX executable moveit_version[0m
[1.242s] [ 10%] Built target moveit_version
[1.914s] [ 11%] [32m[1mLinking CXX static library libgtest_main.a[0m
[2.139s] [ 11%] Built target gtest_main
[3.639s] [ 12%] [32m[1mLinking CXX static library libgmock_main.a[0m
[3.905s] [ 12%] Built target gmock_main
[8.394s] [ 12%] [32m[1mLinking CXX shared library libmoveit_utils.so[0m
[8.602s] [ 13%] [32m[1mLinking CXX shared library libmoveit_smoothing_base.so[0m
[8.602s] [ 13%] Built target moveit_utils
[8.650s] [ 13%] [32mBuilding CXX object exceptions/CMakeFiles/moveit_exceptions.dir/src/exceptions.cpp.o[0m
[8.658s] [ 13%] [32mBuilding CXX object utils/test/CMakeFiles/logger_dut.dir/logger_dut.cpp.o[0m
[8.664s] [ 14%] [32mBuilding CXX object transforms/CMakeFiles/moveit_transforms.dir/src/transforms.cpp.o[0m
[8.674s] [ 15%] [32mBuilding CXX object distance_field/CMakeFiles/moveit_distance_field.dir/src/find_internal_points.cpp.o[0m
[8.678s] [ 16%] [32mBuilding CXX object distance_field/CMakeFiles/moveit_distance_field.dir/src/distance_field.cpp.o[0m
[8.682s] [ 16%] [32mBuilding CXX object distance_field/CMakeFiles/moveit_distance_field.dir/src/propagation_distance_field.cpp.o[0m
[9.127s] [ 16%] Built target moveit_smoothing_base
[9.392s] [ 17%] [32m[1mLinking CXX shared library libmoveit_exceptions.so[0m
[9.565s] [ 17%] Built target moveit_exceptions
[9.624s] [ 18%] [32mBuilding CXX object robot_model/CMakeFiles/moveit_robot_model.dir/src/floating_joint_model.cpp.o[0m
[9.624s] [ 18%] [32mBuilding CXX object robot_model/CMakeFiles/moveit_robot_model.dir/src/fixed_joint_model.cpp.o[0m
[9.624s] [ 17%] [32mBuilding CXX object robot_model/CMakeFiles/moveit_robot_model.dir/src/aabb.cpp.o[0m
[9.624s] [ 19%] [32mBuilding CXX object robot_model/CMakeFiles/moveit_robot_model.dir/src/joint_model.cpp.o[0m
[9.626s] [ 20%] [32mBuilding CXX object robot_model/CMakeFiles/moveit_robot_model.dir/src/joint_model_group.cpp.o[0m
[9.628s] [ 21%] [32mBuilding CXX object robot_model/CMakeFiles/moveit_robot_model.dir/src/prismatic_joint_model.cpp.o[0m
[9.628s] [ 21%] [32mBuilding CXX object robot_model/CMakeFiles/moveit_robot_model.dir/src/planar_joint_model.cpp.o[0m
[9.628s] [ 21%] [32mBuilding CXX object robot_model/CMakeFiles/moveit_robot_model.dir/src/link_model.cpp.o[0m
[9.633s] [ 22%] [32mBuilding CXX object robot_model/CMakeFiles/moveit_robot_model.dir/src/revolute_joint_model.cpp.o[0m
[9.637s] [ 22%] [32mBuilding CXX object robot_model/CMakeFiles/moveit_robot_model.dir/src/robot_model.cpp.o[0m
[13.915s] [ 22%] [32m[1mLinking CXX static library libgmock.a[0m
[14.019s] [ 23%] [32m[1mLinking CXX static library libgtest.a[0m
[14.031s] [ 23%] Built target gmock
[14.107s] [ 23%] Built target gtest
[14.513s] [ 24%] [32m[1mLinking CXX executable logger_dut[0m
[14.728s] [ 24%] Built target logger_dut
[19.259s] [ 25%] [32m[1mLinking CXX shared library libmoveit_distance_field.so[0m
[19.519s] [ 25%] Built target moveit_distance_field
[19.547s] [ 25%] [32m[1mLinking CXX shared library libmoveit_transforms.so[0m
[19.558s] [ 26%] [32mBuilding CXX object distance_field/CMakeFiles/test_voxel_grid.dir/test/test_voxel_grid.cpp.o[0m
[19.566s] [ 27%] [32mBuilding CXX object distance_field/CMakeFiles/test_distance_field.dir/test/test_distance_field.cpp.o[0m
[19.735s] [ 27%] Built target moveit_transforms
[19.785s] [ 27%] [32mBuilding CXX object transforms/CMakeFiles/test_transforms.dir/test/test_transforms.cpp.o[0m
[21.131s] [ 28%] [32m[1mLinking CXX shared library libmoveit_robot_model.so[0m
[21.347s] [ 28%] Built target moveit_robot_model
[21.392s] [ 28%] [32mBuilding CXX object kinematics_base/CMakeFiles/moveit_kinematics_base.dir/src/kinematics_base.cpp.o[0m
[21.401s] [ 28%] [32mBuilding CXX object online_signal_smoothing/CMakeFiles/moveit_butterworth_filter.dir/src/butterworth_filter.cpp.o[0m
[22.648s] [ 29%] [32m[1mLinking CXX executable test_transforms[0m
[22.865s] [ 29%] Built target test_transforms
[24.110s] [ 29%] [32m[1mLinking CXX executable test_voxel_grid[0m
[24.785s] [ 29%] Built target test_voxel_grid
[26.911s] [ 30%] [32m[1mLinking CXX shared library libmoveit_kinematics_base.so[0m
[27.069s] [ 30%] Built target moveit_kinematics_base
[27.121s] [ 30%] [32mBuilding CXX object utils/CMakeFiles/moveit_test_utils.dir/src/robot_model_test_utils.cpp.o[0m
[27.127s] [ 31%] [32mBuilding CXX object robot_state/CMakeFiles/moveit_robot_state.dir/src/conversions.cpp.o[0m
[27.127s] [ 31%] [32mBuilding CXX object robot_state/CMakeFiles/moveit_robot_state.dir/src/attached_body.cpp.o[0m
[27.131s] [ 32%] [32mBuilding CXX object robot_state/CMakeFiles/moveit_robot_state.dir/src/robot_state.cpp.o[0m
[27.134s] [ 32%] [32mBuilding CXX object robot_state/CMakeFiles/moveit_robot_state.dir/src/cartesian_interpolator.cpp.o[0m
[29.584s] [ 33%] [32m[1mLinking CXX shared library libmoveit_butterworth_filter.so[0m
[29.816s] [ 33%] Built target moveit_butterworth_filter
[29.870s] [ 34%] [32mBuilding CXX object online_signal_smoothing/CMakeFiles/test_butterworth_filter.dir/test/test_butterworth_filter.cpp.o[0m
[30.067s] [ 34%] [32m[1mLinking CXX executable test_distance_field[0m
[30.347s] [ 34%] Built target test_distance_field
[36.266s] [ 34%] [32m[1mLinking CXX executable test_butterworth_filter[0m
[36.456s] [ 34%] Built target test_butterworth_filter
[39.287s] [ 35%] [32m[1mLinking CXX shared library libmoveit_test_utils.so[0m
[39.433s] [ 35%] Built target moveit_test_utils
[39.464s] [ 36%] [32mBuilding CXX object robot_model/CMakeFiles/test_robot_model.dir/test/test.cpp.o[0m
[43.050s] [ 36%] [32m[1mLinking CXX executable test_robot_model[0m
[43.244s] [ 36%] Built target test_robot_model
[46.565s] [ 37%] [32m[1mLinking CXX shared library libmoveit_robot_state.so[0m
[46.724s] [ 37%] Built target moveit_robot_state
[46.761s] [ 38%] [32mBuilding CXX object robot_state/CMakeFiles/robot_state_benchmark.dir/test/robot_state_benchmark.cpp.o[0m
[46.762s] [ 39%] [32mBuilding CXX object robot_state/CMakeFiles/test_robot_state_complex.dir/test/test_kinematic_complex.cpp.o[0m
[46.762s] [ 39%] [32mBuilding CXX object robot_trajectory/CMakeFiles/moveit_robot_trajectory.dir/src/robot_trajectory.cpp.o[0m
[46.762s] [ 39%] [32mBuilding CXX object kinematics_metrics/CMakeFiles/moveit_kinematics_metrics.dir/src/kinematics_metrics.cpp.o[0m
[46.763s] [ 40%] [32mBuilding CXX object online_signal_smoothing/CMakeFiles/moveit_acceleration_filter.dir/src/acceleration_filter.cpp.o[0m
[46.764s] [ 40%] [32mBuilding CXX object online_signal_smoothing/CMakeFiles/moveit_ruckig_filter.dir/src/ruckig_filter.cpp.o[0m
[46.770s] [ 41%] [32mBuilding CXX object dynamics_solver/CMakeFiles/moveit_dynamics_solver.dir/src/dynamics_solver.cpp.o[0m
[46.770s] [ 41%] [32mBuilding CXX object robot_state/CMakeFiles/test_robot_state.dir/test/robot_state_test.cpp.o[0m
[46.772s] [ 43%] [32mBuilding CXX object robot_state/CMakeFiles/test_aabb.dir/test/test_aabb.cpp.o[0m
[46.772s] [ 43%] [32mBuilding CXX object robot_state/CMakeFiles/test_cartesian_interpolator.dir/test/test_cartesian_interpolator.cpp.o[0m
[46.785s] [ 43%] [32mBuilding CXX object collision_detection/CMakeFiles/moveit_collision_detection.dir/src/collision_common.cpp.o[0m
[46.787s] [ 43%] [32mBuilding CXX object collision_detection/CMakeFiles/moveit_collision_detection.dir/src/collision_tools.cpp.o[0m
[46.788s] [ 44%] [32mBuilding CXX object collision_detection/CMakeFiles/moveit_collision_detection.dir/src/allvalid/collision_env_allvalid.cpp.o[0m
[46.788s] [ 45%] [32mBuilding CXX object collision_detection/CMakeFiles/moveit_collision_detection.dir/src/collision_matrix.cpp.o[0m
[46.788s] [ 45%] [32mBuilding CXX object collision_detection/CMakeFiles/moveit_collision_detection.dir/src/world_diff.cpp.o[0m
[46.789s] [ 46%] [32mBuilding CXX object collision_detection/CMakeFiles/moveit_collision_detection.dir/src/collision_octomap_filter.cpp.o[0m
[46.790s] [ 47%] [32mBuilding CXX object collision_detection/CMakeFiles/moveit_collision_detection.dir/src/collision_env.cpp.o[0m
[46.792s] [ 48%] [32mBuilding CXX object collision_detection/CMakeFiles/moveit_collision_detection.dir/src/world.cpp.o[0m
[46.793s] [ 48%] [32mBuilding CXX object collision_detection/CMakeFiles/moveit_collision_detection.dir/src/collision_plugin_cache.cpp.o[0m
[53.164s] [ 49%] [32m[1mLinking CXX shared library libmoveit_dynamics_solver.so[0m
[53.376s] [ 49%] Built target moveit_dynamics_solver
[54.398s] [ 50%] [32m[1mLinking CXX executable test_cartesian_interpolator[0m
[54.734s] [ 50%] Built target test_cartesian_interpolator
[55.185s] [ 50%] [32m[1mLinking CXX executable test_robot_state_complex[0m
[55.542s] [ 50%] Built target test_robot_state_complex
[55.781s] [ 50%] [32m[1mLinking CXX executable robot_state_benchmark[0m
[56.109s] [ 50%] Built target robot_state_benchmark
[56.462s] [ 51%] [32m[1mLinking CXX executable test_aabb[0m
[56.737s] [ 51%] Built target test_aabb
[56.758s] [ 52%] [32m[1mLinking CXX shared library libmoveit_robot_trajectory.so[0m
[56.952s] [ 52%] Built target moveit_robot_trajectory
[56.995s] [ 53%] [32mBuilding CXX object robot_trajectory/CMakeFiles/test_robot_trajectory.dir/test/test_robot_trajectory.cpp.o[0m
[57.007s] [ 53%] [32mBuilding CXX object trajectory_processing/CMakeFiles/moveit_trajectory_processing.dir/src/ruckig_traj_smoothing.cpp.o[0m
[57.007s] [ 54%] [32mBuilding CXX object trajectory_processing/CMakeFiles/moveit_trajectory_processing.dir/src/trajectory_tools.cpp.o[0m
[57.007s] [ 55%] [32mBuilding CXX object trajectory_processing/CMakeFiles/moveit_trajectory_processing.dir/src/time_optimal_trajectory_generation.cpp.o[0m
[57.854s] [ 56%] [32m[1mLinking CXX shared library libmoveit_ruckig_filter.so[0m
[58.073s] [ 56%] Built target moveit_ruckig_filter
[58.102s] [ 56%] [32m[1mLinking CXX shared library libmoveit_acceleration_filter.so[0m
[58.314s] [ 56%] Built target moveit_acceleration_filter
[58.363s] [ 56%] [32mBuilding CXX object online_signal_smoothing/CMakeFiles/test_acceleration_filter.dir/test/test_acceleration_filter.cpp.o[0m
[60.829s] [ 56%] [32m[1mLinking CXX executable test_robot_state[0m
[61.129s] [ 56%] Built target test_robot_state
[61.297s] [ 57%] [32m[1mLinking CXX shared library libmoveit_collision_detection.so[0m
[61.522s] [ 57%] Built target moveit_collision_detection
[61.558s] [ 58%] [32mBuilding CXX object collision_detection/CMakeFiles/test_world_diff.dir/test/test_world_diff.cpp.o[0m
[61.568s] [ 59%] [32mBuilding CXX object collision_detection/CMakeFiles/test_world.dir/test/test_world.cpp.o[0m
[61.568s] [ 59%] [32mBuilding CXX object collision_detection/CMakeFiles/test_all_valid.dir/test/test_all_valid.cpp.o[0m
[61.583s] [ 60%] [32mBuilding CXX object collision_detection_fcl/CMakeFiles/moveit_collision_detection_fcl.dir/src/collision_env_fcl.cpp.o[0m
[61.583s] [ 60%] [32mBuilding CXX object collision_detection_fcl/CMakeFiles/moveit_collision_detection_fcl.dir/src/collision_common.cpp.o[0m
[61.597s] [ 60%] [32mBuilding CXX object collision_detection_bullet/CMakeFiles/moveit_collision_detection_bullet.dir/src/bullet_integration/bullet_discrete_bvh_manager.cpp.o[0m
[61.598s] [ 61%] [32mBuilding CXX object collision_detection_bullet/CMakeFiles/moveit_collision_detection_bullet.dir/src/bullet_integration/bullet_utils.cpp.o[0m
[61.600s] [ 62%] [32mBuilding CXX object collision_detection_bullet/CMakeFiles/moveit_collision_detection_bullet.dir/src/bullet_integration/bullet_bvh_manager.cpp.o[0m
[61.600s] [ 63%] [32mBuilding CXX object collision_detection_bullet/CMakeFiles/moveit_collision_detection_bullet.dir/src/bullet_integration/bullet_cast_bvh_manager.cpp.o[0m
[61.602s] [ 63%] [32mBuilding CXX object collision_detection_bullet/CMakeFiles/moveit_collision_detection_bullet.dir/src/collision_env_bullet.cpp.o[0m
[61.603s] [ 63%] [32mBuilding CXX object collision_detection_bullet/CMakeFiles/moveit_collision_detection_bullet.dir/src/bullet_integration/contact_checker_common.cpp.o[0m
[61.607s] [ 64%] [32mBuilding CXX object collision_detection_bullet/CMakeFiles/moveit_collision_detection_bullet.dir/src/bullet_integration/ros_bullet_utils.cpp.o[0m
[66.494s] [ 65%] [32m[1mLinking CXX executable test_robot_trajectory[0m
[66.899s] [ 65%] Built target test_robot_trajectory
[67.403s] [ 66%] [32m[1mLinking CXX shared library libmoveit_kinematics_metrics.so[0m
[67.592s] [ 66%] Built target moveit_kinematics_metrics
[67.802s] [ 66%] [32m[1mLinking CXX executable test_world[0m
[68.088s] [ 66%] Built target test_world
[68.094s] [ 66%] [32m[1mLinking CXX executable test_world_diff[0m
[68.356s] [ 66%] Built target test_world_diff
[68.697s] [ 66%] [32m[1mLinking CXX shared library libmoveit_trajectory_processing.so[0m
[68.903s] [ 66%] Built target moveit_trajectory_processing
[68.955s] [ 66%] [32mBuilding CXX object trajectory_processing/CMakeFiles/test_ruckig_traj_smoothing.dir/test/test_ruckig_traj_smoothing.cpp.o[0m
[68.956s] [ 67%] [32mBuilding CXX object trajectory_processing/CMakeFiles/test_time_optimal_trajectory_generation.dir/test/test_time_optimal_trajectory_generation.cpp.o[0m
[68.956s] [ 67%] [32mBuilding CXX object trajectory_processing/CMakeFiles/robot_trajectory_benchmark.dir/test/robot_trajectory_benchmark.cpp.o[0m
[69.487s] [ 68%] [32m[1mLinking CXX executable test_all_valid[0m
[69.752s] [ 68%] Built target test_all_valid
[70.464s] [ 69%] [32m[1mLinking CXX shared library libmoveit_collision_detection_bullet.so[0m
[70.484s] [ 70%] [32m[1mLinking CXX executable test_acceleration_filter[0m
[70.683s] [ 70%] Built target moveit_collision_detection_bullet
[70.734s] [ 70%] [32mBuilding CXX object collision_detection_bullet/CMakeFiles/test_bullet_collision_detection.dir/test/test_bullet_collision_detection_pr2.cpp.o[0m
[70.737s] [ 71%] [32mBuilding CXX object collision_detection_bullet/CMakeFiles/test_bullet_collision_detection_panda.dir/test/test_bullet_collision_detection_panda.cpp.o[0m
[70.738s] [ 72%] [32mBuilding CXX object collision_detection_bullet/CMakeFiles/test_bullet_continuous_collision_checking.dir/test/test_bullet_continuous_collision_checking.cpp.o[0m
[70.787s] [ 72%] Built target test_acceleration_filter
[72.027s] [ 72%] [32m[1mLinking CXX shared library libmoveit_collision_detection_fcl.so[0m
[72.275s] [ 72%] Built target moveit_collision_detection_fcl
[72.326s] [ 73%] [32mBuilding CXX object kinematic_constraints/CMakeFiles/moveit_kinematic_constraints.dir/src/utils.cpp.o[0m
[72.326s] [ 73%] [32mBuilding CXX object collision_detection_fcl/CMakeFiles/test_fcl_collision_detection_panda.dir/test/test_fcl_collision_detection_panda.cpp.o[0m
[72.327s] [ 75%] [32mBuilding CXX object collision_detection_fcl/CMakeFiles/test_fcl_collision_detection.dir/test/test_fcl_collision_detection_pr2.cpp.o[0m
[72.327s] [ 75%] [32mBuilding CXX object kinematic_constraints/CMakeFiles/moveit_kinematic_constraints.dir/src/kinematic_constraint.cpp.o[0m
[72.332s] [ 75%] [32mBuilding CXX object collision_detection_fcl/CMakeFiles/test_fcl_collision_env.dir/test/test_fcl_env.cpp.o[0m
[76.549s] [ 75%] [32m[1mLinking CXX executable robot_trajectory_benchmark[0m
[76.902s] [ 75%] Built target robot_trajectory_benchmark
[76.939s] [ 76%] [32m[1mLinking CXX executable test_ruckig_traj_smoothing[0m
[77.246s] [ 76%] Built target test_ruckig_traj_smoothing
[78.124s] [ 76%] [32m[1mLinking CXX executable test_bullet_collision_detection_panda[0m
[78.445s] [ 76%] Built target test_bullet_collision_detection_panda
[78.841s] [ 77%] [32m[1mLinking CXX executable test_time_optimal_trajectory_generation[0m
[79.185s] [ 77%] Built target test_time_optimal_trajectory_generation
[80.215s] [ 78%] [32m[1mLinking CXX executable test_fcl_collision_env[0m
[80.493s] [ 78%] [32m[1mLinking CXX executable test_bullet_continuous_collision_checking[0m
[80.531s] [ 78%] Built target test_fcl_collision_env
[80.793s] [ 78%] Built target test_bullet_continuous_collision_checking
[81.137s] [ 79%] [32m[1mLinking CXX executable test_fcl_collision_detection_panda[0m
[81.335s] [ 80%] [32m[1mLinking CXX executable test_bullet_collision_detection[0m
[81.353s] [ 80%] [32m[1mLinking CXX executable test_fcl_collision_detection[0m
[81.416s] [ 80%] Built target test_fcl_collision_detection_panda
[81.654s] [ 80%] Built target test_bullet_collision_detection
[81.671s] [ 80%] Built target test_fcl_collision_detection
[84.345s] [ 81%] [32m[1mLinking CXX shared library libmoveit_kinematic_constraints.so[0m
[84.509s] [ 81%] Built target moveit_kinematic_constraints
[84.548s] [ 82%] [32mBuilding CXX object kinematic_constraints/CMakeFiles/test_orientation_constraints.dir/test/test_orientation_constraints.cpp.o[0m
[84.548s] [ 82%] [32mBuilding CXX object kinematic_constraints/CMakeFiles/test_constraints.dir/test/test_constraints.cpp.o[0m
[84.551s] [ 82%] [32mBuilding CXX object planning_scene/CMakeFiles/moveit_planning_scene.dir/src/planning_scene.cpp.o[0m
[91.955s] [ 83%] [32m[1mLinking CXX executable test_orientation_constraints[0m
[92.210s] [ 83%] Built target test_orientation_constraints
[92.907s] [ 83%] [32m[1mLinking CXX executable test_constraints[0m
[93.144s] [ 83%] Built target test_constraints
[97.694s] [ 84%] [32m[1mLinking CXX shared library libmoveit_planning_scene.so[0m
[97.857s] [ 84%] Built target moveit_planning_scene
[97.888s] [ 84%] [32mBuilding CXX object collision_detection_bullet/CMakeFiles/collision_detector_bullet_plugin.dir/src/collision_detector_bullet_plugin_loader.cpp.o[0m
[97.889s] [ 84%] [32mBuilding CXX object planning_scene/CMakeFiles/test_collision_objects.dir/test/test_collision_objects.cpp.o[0m
[97.889s] [ 85%] [32mBuilding CXX object planning_scene/CMakeFiles/test_planning_scene.dir/test/test_planning_scene.cpp.o[0m
[97.890s] [ 85%] [32mBuilding CXX object collision_detection_fcl/CMakeFiles/collision_detector_fcl_plugin.dir/src/collision_detector_fcl_plugin_loader.cpp.o[0m
[97.893s] [ 85%] [32mBuilding CXX object planning_scene/CMakeFiles/test_multi_threaded.dir/test/test_multi_threaded.cpp.o[0m
[97.894s] [ 85%] [32mBuilding CXX object planning_interface/CMakeFiles/moveit_planning_interface.dir/src/planning_interface.cpp.o[0m
[97.897s] [ 86%] [32mBuilding CXX object planning_interface/CMakeFiles/moveit_planning_interface.dir/src/planning_response.cpp.o[0m
[97.900s] [ 86%] [32mBuilding CXX object constraint_samplers/CMakeFiles/moveit_constraint_samplers.dir/src/constraint_sampler_manager.cpp.o[0m
[97.900s] [ 87%] [32mBuilding CXX object constraint_samplers/CMakeFiles/moveit_constraint_samplers.dir/src/constraint_sampler_tools.cpp.o[0m
[97.901s] [ 88%] [32mBuilding CXX object constraint_samplers/CMakeFiles/moveit_constraint_samplers.dir/src/constraint_sampler.cpp.o[0m
[97.902s] [ 88%] [32mBuilding CXX object collision_distance_field/CMakeFiles/moveit_collision_distance_field.dir/src/collision_common_distance_field.cpp.o[0m
[97.902s] [ 89%] [32mBuilding CXX object constraint_samplers/CMakeFiles/moveit_constraint_samplers.dir/src/union_constraint_sampler.cpp.o[0m
[97.902s] [ 89%] [32mBuilding CXX object constraint_samplers/CMakeFiles/moveit_constraint_samplers.dir/src/default_constraint_samplers.cpp.o[0m
[97.905s] [ 90%] [32mBuilding CXX object collision_distance_field/CMakeFiles/moveit_collision_distance_field.dir/src/collision_distance_field_types.cpp.o[0m
[97.905s] [ 90%] [32mBuilding CXX object collision_distance_field/CMakeFiles/moveit_collision_distance_field.dir/src/collision_env_hybrid.cpp.o[0m
[97.907s] [ 91%] [32mBuilding CXX object collision_distance_field/CMakeFiles/moveit_collision_distance_field.dir/src/collision_env_distance_field.cpp.o[0m
[107.689s] [ 92%] [32m[1mLinking CXX shared library libcollision_detector_fcl_plugin.so[0m
[107.902s] [ 92%] Built target collision_detector_fcl_plugin
[107.928s] [ 93%] [32m[1mLinking CXX executable test_multi_threaded[0m
[108.261s] [ 93%] Built target test_multi_threaded
[108.773s] [ 94%] [32m[1mLinking CXX shared library libmoveit_planning_interface.so[0m
[108.948s] [ 94%] Built target moveit_planning_interface
[109.456s] [ 95%] [32m[1mLinking CXX shared library libcollision_detector_bullet_plugin.so[0m
[109.647s] [ 95%] Built target collision_detector_bullet_plugin
[110.487s] [ 95%] [32m[1mLinking CXX shared library libmoveit_constraint_samplers.so[0m
[110.675s] [ 95%] Built target moveit_constraint_samplers
[110.728s] [ 95%] [32mBuilding CXX object constraint_samplers/CMakeFiles/test_constraint_samplers.dir/test/test_constraint_samplers.cpp.o[0m
[110.729s] [ 96%] [32mBuilding CXX object constraint_samplers/CMakeFiles/test_constraint_samplers.dir/test/pr2_arm_kinematics_plugin.cpp.o[0m
[110.729s] [ 96%] [32mBuilding CXX object constraint_samplers/CMakeFiles/test_constraint_samplers.dir/test/pr2_arm_ik.cpp.o[0m
[111.313s] [ 97%] [32m[1mLinking CXX executable test_collision_objects[0m
[111.606s] [ 97%] Built target test_collision_objects
[114.125s] [ 98%] [32m[1mLinking CXX shared library libmoveit_collision_distance_field.so[0m
[114.336s] [ 98%] Built target moveit_collision_distance_field
[114.387s] [ 98%] [32mBuilding CXX object collision_distance_field/CMakeFiles/test_collision_distance_field.dir/test/test_collision_distance_field.cpp.o[0m
[115.224s] [ 98%] [32m[1mLinking CXX executable test_planning_scene[0m
[115.531s] [ 98%] Built target test_planning_scene
[121.342s] [ 99%] [32m[1mLinking CXX executable test_constraint_samplers[0m
[121.620s] [ 99%] Built target test_constraint_samplers
[122.091s] [100%] [32m[1mLinking CXX executable test_collision_distance_field[0m
[122.318s] [100%] Built target test_collision_distance_field
[122.330s] Invoked command in '/home/buhrmann/ws_moveit/build/moveit_core' returned '0': CMAKE_PREFIX_PATH=/home/buhrmann/ws_moveit/install/moveit_resources_panda_moveit_config:/home/buhrmann/ws_moveit/install/moveit_resources_pr2_description:/home/buhrmann/ws_moveit/install/moveit_resources_panda_description:/home/buhrmann/ws_moveit/install/moveit_msgs:/home/buhrmann/ws_moveit/install/moveit_common:/home/buhrmann/ws_moveit/install/ur5_moveit_test:/home/buhrmann/ws_moveit/install/ur5_camera_moveit_config2:/home/buhrmann/ws_moveit/install/ur5_camera_moveit_config:/home/buhrmann/ws_moveit/install/ur5_description_controller:/home/buhrmann/ws_moveit/install/ur3_camera_moveit_config:/home/buhrmann/ws_moveit/install/ur3_description_controller:/home/buhrmann/ws_moveit/install/robotiq_hardware_tests:/home/buhrmann/ws_moveit/install/robotiq_driver:/home/buhrmann/ws_moveit/install/serial:/home/buhrmann/ws_moveit/install/moveit2_tutorials:/home/buhrmann/ws_moveit/install/moveit_visual_tools:/home/buhrmann/ws_moveit/install/rviz_visual_tools:/home/buhrmann/ws_moveit/install/moveit_task_constructor_visualization:/home/buhrmann/ws_moveit/install/moveit_task_constructor_demo:/home/buhrmann/ws_moveit/install/moveit_task_constructor_capabilities:/home/buhrmann/ws_moveit/install/moveit_task_constructor_core:/home/buhrmann/ws_moveit/install/rviz_marker_tools:/home/buhrmann/ws_moveit/install/picknik_accessories:/home/buhrmann/ws_moveit/install/kortex_bringup:/home/buhrmann/ws_moveit/install/kinova_gen3_lite_moveit_config:/home/buhrmann/ws_moveit/install/kinova_gen3_7dof_robotiq_2f_85_moveit_config:/home/buhrmann/ws_moveit/install/kinova_gen3_6dof_robotiq_2f_85_moveit_config:/home/buhrmann/ws_moveit/install/kortex_description:/home/buhrmann/ws_moveit/install/robotiq_description:/home/buhrmann/ws_moveit/install/robotiq_controllers:/home/buhrmann/ws_moveit/install/ppf_test_pkg:/home/buhrmann/ws_moveit/install/point_cloud_circle_detector:/home/buhrmann/ws_moveit/install/pilz_industrial_motion_planner_testutils:/home/buhrmann/ws_moveit/install/moveit_runtime:/home/buhrmann/ws_moveit/install/moveit:/home/buhrmann/ws_moveit/install/moveit_planners:/home/buhrmann/ws_moveit/install/pilz_industrial_motion_planner:/home/buhrmann/ws_moveit/install/pick_ik:/home/buhrmann/ws_moveit/install/object_detection_pcl:/home/buhrmann/ws_moveit/install/object_detection:/home/buhrmann/ws_moveit/install/object_creation:/home/buhrmann/ws_moveit/install/moveit_task_constructor_msgs:/home/buhrmann/ws_moveit/install/moveit_ros_control_interface:/home/buhrmann/ws_moveit/install/moveit_plugins:/home/buhrmann/ws_moveit/install/moveit_simple_controller_manager:/home/buhrmann/ws_moveit/install/moveit_setup_assistant:/home/buhrmann/ws_moveit/install/moveit_setup_srdf_plugins:/home/buhrmann/ws_moveit/install/moveit_setup_core_plugins:/home/buhrmann/ws_moveit/install/moveit_setup_controllers:/home/buhrmann/ws_moveit/install/moveit_setup_app_plugins:/home/buhrmann/ws_moveit/install/moveit_setup_framework:/home/buhrmann/ws_moveit/install/moveit_servo:/home/buhrmann/ws_moveit/install/moveit_ros_trajectory_cache:/home/buhrmann/ws_moveit/install/moveit_ros:/home/buhrmann/ws_moveit/install/moveit_ros_visualization:/home/buhrmann/ws_moveit/install/moveit_py:/home/buhrmann/ws_moveit/install/moveit_hybrid_planning:/home/buhrmann/ws_moveit/install/edit_planning_scene:/home/buhrmann/ws_moveit/install/moveit_ros_planning_interface:/home/buhrmann/ws_moveit/install/moveit_ros_benchmarks:/home/buhrmann/ws_moveit/install/moveit_ros_warehouse:/home/buhrmann/ws_moveit/install/moveit_ros_robot_interaction:/home/buhrmann/ws_moveit/install/moveit_ros_perception:/home/buhrmann/ws_moveit/install/moveit_resources_prbt_pg70_support:/home/buhrmann/ws_moveit/install/moveit_resources_prbt_moveit_config:/home/buhrmann/ws_moveit/install/moveit_ros_move_group:/home/buhrmann/ws_moveit/install/moveit_planners_ompl:/home/buhrmann/ws_moveit/install/moveit_kinematics:/home/buhrmann/ws_moveit/install/moveit_ros_planning:/home/buhrmann/ws_moveit/install/moveit_ros_occupancy_map_monitor:/home/buhrmann/ws_moveit/install/moveit_resources_prbt_support:/home/buhrmann/ws_moveit/install/moveit_resources_prbt_ikfast_manipulator_plugin:/home/buhrmann/ws_moveit/install/moveit_resources:/home/buhrmann/ws_moveit/install/dual_arm_panda_moveit_config:/home/buhrmann/ws_moveit/install/moveit_resources_fanuc_moveit_config:/home/buhrmann/ws_moveit/install/moveit_resources_fanuc_description:/home/buhrmann/ws_moveit/install/moveit_planners_stomp:/home/buhrmann/ws_moveit/install/moveit_planners_chomp:/home/buhrmann/ws_moveit/install/chomp_motion_planner:/home/buhrmann/ws_moveit/install/moveit_core:/home/buhrmann/ws_moveit/install/kortex_driver:/home/buhrmann/ws_moveit/install/kortex_api:/home/buhrmann/ws_moveit/install/common_services_package:/home/buhrmann/ws_moveit/install/ros2_azure_bridge:/home/buhrmann/ws_moveit/install/moveit_configs_utils:/opt/ros/iron LD_LIBRARY_PATH=/home/buhrmann/ws_moveit/install/moveit_msgs/lib:/home/buhrmann/ws_moveit/install/robotiq_driver/lib:/home/buhrmann/ws_moveit/install/serial/lib:/home/buhrmann/ws_moveit/install/moveit_visual_tools/lib:/home/buhrmann/ws_moveit/install/rviz_visual_tools/lib:/home/buhrmann/ws_moveit/install/moveit_task_constructor_visualization/lib:/home/buhrmann/ws_moveit/install/moveit_task_constructor_demo/lib:/home/buhrmann/ws_moveit/install/moveit_task_constructor_capabilities/lib:/home/buhrmann/ws_moveit/install/moveit_task_constructor_core/lib:/home/buhrmann/ws_moveit/install/rviz_marker_tools/lib:/home/buhrmann/ws_moveit/install/robotiq_controllers/lib:/home/buhrmann/ws_moveit/install/pilz_industrial_motion_planner_testutils/lib:/home/buhrmann/ws_moveit/install/pilz_industrial_motion_planner/lib:/home/buhrmann/ws_moveit/install/pick_ik/lib:/home/buhrmann/ws_moveit/install/moveit_task_constructor_msgs/lib:/home/buhrmann/ws_moveit/install/moveit_ros_control_interface/lib:/home/buhrmann/ws_moveit/install/moveit_simple_controller_manager/lib:/home/buhrmann/ws_moveit/install/moveit_setup_assistant/lib:/home/buhrmann/ws_moveit/install/moveit_setup_srdf_plugins/lib:/home/buhrmann/ws_moveit/install/moveit_setup_core_plugins/lib:/home/buhrmann/ws_moveit/install/moveit_setup_controllers/lib:/home/buhrmann/ws_moveit/install/moveit_setup_app_plugins/lib:/home/buhrmann/ws_moveit/install/moveit_setup_framework/lib:/home/buhrmann/ws_moveit/install/moveit_servo/lib:/home/buhrmann/ws_moveit/install/moveit_ros_trajectory_cache/lib:/home/buhrmann/ws_moveit/install/moveit_ros_visualization/lib:/home/buhrmann/ws_moveit/install/moveit_py/lib:/home/buhrmann/ws_moveit/install/moveit_hybrid_planning/lib:/home/buhrmann/ws_moveit/install/moveit_ros_planning_interface/lib:/home/buhrmann/ws_moveit/install/moveit_ros_benchmarks/lib:/home/buhrmann/ws_moveit/install/moveit_ros_warehouse/lib:/home/buhrmann/ws_moveit/install/moveit_ros_robot_interaction/lib:/home/buhrmann/ws_moveit/install/moveit_ros_perception/lib:/home/buhrmann/ws_moveit/install/moveit_ros_move_group/lib:/home/buhrmann/ws_moveit/install/moveit_planners_ompl/lib:/home/buhrmann/ws_moveit/install/moveit_kinematics/lib:/home/buhrmann/ws_moveit/install/moveit_ros_planning/lib:/home/buhrmann/ws_moveit/install/moveit_ros_occupancy_map_monitor/lib:/home/buhrmann/ws_moveit/install/moveit_resources_prbt_ikfast_manipulator_plugin/lib:/home/buhrmann/ws_moveit/install/moveit_planners_stomp/lib:/home/buhrmann/ws_moveit/install/moveit_planners_chomp/lib:/home/buhrmann/ws_moveit/install/chomp_motion_planner/lib:/home/buhrmann/ws_moveit/install/moveit_core/lib:/home/buhrmann/ws_moveit/install/kortex_driver/lib:/home/buhrmann/ws_moveit/install/common_services_package/lib:/opt/ros/iron/opt/rviz_ogre_vendor/lib:/opt/ros/iron/lib/x86_64-linux-gnu:/opt/ros/iron/lib:/usr/lib/jvm/java-11-openjdk-amd64/lib/amd64 PYTHONPATH=/home/buhrmann/ws_moveit/install/moveit_msgs/lib/python3.10/site-packages:/home/buhrmann/ws_moveit/install/moveit_task_constructor_core/lib/python3.10/site-packages:/home/buhrmann/ws_moveit/install/ros2_azure_bridge/lib/python3.10/site-packages:/home/buhrmann/ws_moveit/install/moveit_task_constructor_msgs/lib/python3.10/site-packages:/home/buhrmann/ws_moveit/install/moveit_py/lib/python3.10/site-packages:/home/buhrmann/ws_moveit/install/moveit_configs_utils/lib/python3.10/site-packages:/home/buhrmann/ws_moveit/install/common_services_package/lib/python3.10/site-packages:/opt/ros/iron/lib/python3.10/site-packages /usr/bin/cmake --build /home/buhrmann/ws_moveit/build/moveit_core -- -j28 -l28
[122.333s] Invoking command in '/home/buhrmann/ws_moveit/build/moveit_core': CMAKE_PREFIX_PATH=/home/buhrmann/ws_moveit/install/moveit_resources_panda_moveit_config:/home/buhrmann/ws_moveit/install/moveit_resources_pr2_description:/home/buhrmann/ws_moveit/install/moveit_resources_panda_description:/home/buhrmann/ws_moveit/install/moveit_msgs:/home/buhrmann/ws_moveit/install/moveit_common:/home/buhrmann/ws_moveit/install/ur5_moveit_test:/home/buhrmann/ws_moveit/install/ur5_camera_moveit_config2:/home/buhrmann/ws_moveit/install/ur5_camera_moveit_config:/home/buhrmann/ws_moveit/install/ur5_description_controller:/home/buhrmann/ws_moveit/install/ur3_camera_moveit_config:/home/buhrmann/ws_moveit/install/ur3_description_controller:/home/buhrmann/ws_moveit/install/robotiq_hardware_tests:/home/buhrmann/ws_moveit/install/robotiq_driver:/home/buhrmann/ws_moveit/install/serial:/home/buhrmann/ws_moveit/install/moveit2_tutorials:/home/buhrmann/ws_moveit/install/moveit_visual_tools:/home/buhrmann/ws_moveit/install/rviz_visual_tools:/home/buhrmann/ws_moveit/install/moveit_task_constructor_visualization:/home/buhrmann/ws_moveit/install/moveit_task_constructor_demo:/home/buhrmann/ws_moveit/install/moveit_task_constructor_capabilities:/home/buhrmann/ws_moveit/install/moveit_task_constructor_core:/home/buhrmann/ws_moveit/install/rviz_marker_tools:/home/buhrmann/ws_moveit/install/picknik_accessories:/home/buhrmann/ws_moveit/install/kortex_bringup:/home/buhrmann/ws_moveit/install/kinova_gen3_lite_moveit_config:/home/buhrmann/ws_moveit/install/kinova_gen3_7dof_robotiq_2f_85_moveit_config:/home/buhrmann/ws_moveit/install/kinova_gen3_6dof_robotiq_2f_85_moveit_config:/home/buhrmann/ws_moveit/install/kortex_description:/home/buhrmann/ws_moveit/install/robotiq_description:/home/buhrmann/ws_moveit/install/robotiq_controllers:/home/buhrmann/ws_moveit/install/ppf_test_pkg:/home/buhrmann/ws_moveit/install/point_cloud_circle_detector:/home/buhrmann/ws_moveit/install/pilz_industrial_motion_planner_testutils:/home/buhrmann/ws_moveit/install/moveit_runtime:/home/buhrmann/ws_moveit/install/moveit:/home/buhrmann/ws_moveit/install/moveit_planners:/home/buhrmann/ws_moveit/install/pilz_industrial_motion_planner:/home/buhrmann/ws_moveit/install/pick_ik:/home/buhrmann/ws_moveit/install/object_detection_pcl:/home/buhrmann/ws_moveit/install/object_detection:/home/buhrmann/ws_moveit/install/object_creation:/home/buhrmann/ws_moveit/install/moveit_task_constructor_msgs:/home/buhrmann/ws_moveit/install/moveit_ros_control_interface:/home/buhrmann/ws_moveit/install/moveit_plugins:/home/buhrmann/ws_moveit/install/moveit_simple_controller_manager:/home/buhrmann/ws_moveit/install/moveit_setup_assistant:/home/buhrmann/ws_moveit/install/moveit_setup_srdf_plugins:/home/buhrmann/ws_moveit/install/moveit_setup_core_plugins:/home/buhrmann/ws_moveit/install/moveit_setup_controllers:/home/buhrmann/ws_moveit/install/moveit_setup_app_plugins:/home/buhrmann/ws_moveit/install/moveit_setup_framework:/home/buhrmann/ws_moveit/install/moveit_servo:/home/buhrmann/ws_moveit/install/moveit_ros_trajectory_cache:/home/buhrmann/ws_moveit/install/moveit_ros:/home/buhrmann/ws_moveit/install/moveit_ros_visualization:/home/buhrmann/ws_moveit/install/moveit_py:/home/buhrmann/ws_moveit/install/moveit_hybrid_planning:/home/buhrmann/ws_moveit/install/edit_planning_scene:/home/buhrmann/ws_moveit/install/moveit_ros_planning_interface:/home/buhrmann/ws_moveit/install/moveit_ros_benchmarks:/home/buhrmann/ws_moveit/install/moveit_ros_warehouse:/home/buhrmann/ws_moveit/install/moveit_ros_robot_interaction:/home/buhrmann/ws_moveit/install/moveit_ros_perception:/home/buhrmann/ws_moveit/install/moveit_resources_prbt_pg70_support:/home/buhrmann/ws_moveit/install/moveit_resources_prbt_moveit_config:/home/buhrmann/ws_moveit/install/moveit_ros_move_group:/home/buhrmann/ws_moveit/install/moveit_planners_ompl:/home/buhrmann/ws_moveit/install/moveit_kinematics:/home/buhrmann/ws_moveit/install/moveit_ros_planning:/home/buhrmann/ws_moveit/install/moveit_ros_occupancy_map_monitor:/home/buhrmann/ws_moveit/install/moveit_resources_prbt_support:/home/buhrmann/ws_moveit/install/moveit_resources_prbt_ikfast_manipulator_plugin:/home/buhrmann/ws_moveit/install/moveit_resources:/home/buhrmann/ws_moveit/install/dual_arm_panda_moveit_config:/home/buhrmann/ws_moveit/install/moveit_resources_fanuc_moveit_config:/home/buhrmann/ws_moveit/install/moveit_resources_fanuc_description:/home/buhrmann/ws_moveit/install/moveit_planners_stomp:/home/buhrmann/ws_moveit/install/moveit_planners_chomp:/home/buhrmann/ws_moveit/install/chomp_motion_planner:/home/buhrmann/ws_moveit/install/moveit_core:/home/buhrmann/ws_moveit/install/kortex_driver:/home/buhrmann/ws_moveit/install/kortex_api:/home/buhrmann/ws_moveit/install/common_services_package:/home/buhrmann/ws_moveit/install/ros2_azure_bridge:/home/buhrmann/ws_moveit/install/moveit_configs_utils:/opt/ros/iron LD_LIBRARY_PATH=/home/buhrmann/ws_moveit/install/moveit_msgs/lib:/home/buhrmann/ws_moveit/install/robotiq_driver/lib:/home/buhrmann/ws_moveit/install/serial/lib:/home/buhrmann/ws_moveit/install/moveit_visual_tools/lib:/home/buhrmann/ws_moveit/install/rviz_visual_tools/lib:/home/buhrmann/ws_moveit/install/moveit_task_constructor_visualization/lib:/home/buhrmann/ws_moveit/install/moveit_task_constructor_demo/lib:/home/buhrmann/ws_moveit/install/moveit_task_constructor_capabilities/lib:/home/buhrmann/ws_moveit/install/moveit_task_constructor_core/lib:/home/buhrmann/ws_moveit/install/rviz_marker_tools/lib:/home/buhrmann/ws_moveit/install/robotiq_controllers/lib:/home/buhrmann/ws_moveit/install/pilz_industrial_motion_planner_testutils/lib:/home/buhrmann/ws_moveit/install/pilz_industrial_motion_planner/lib:/home/buhrmann/ws_moveit/install/pick_ik/lib:/home/buhrmann/ws_moveit/install/moveit_task_constructor_msgs/lib:/home/buhrmann/ws_moveit/install/moveit_ros_control_interface/lib:/home/buhrmann/ws_moveit/install/moveit_simple_controller_manager/lib:/home/buhrmann/ws_moveit/install/moveit_setup_assistant/lib:/home/buhrmann/ws_moveit/install/moveit_setup_srdf_plugins/lib:/home/buhrmann/ws_moveit/install/moveit_setup_core_plugins/lib:/home/buhrmann/ws_moveit/install/moveit_setup_controllers/lib:/home/buhrmann/ws_moveit/install/moveit_setup_app_plugins/lib:/home/buhrmann/ws_moveit/install/moveit_setup_framework/lib:/home/buhrmann/ws_moveit/install/moveit_servo/lib:/home/buhrmann/ws_moveit/install/moveit_ros_trajectory_cache/lib:/home/buhrmann/ws_moveit/install/moveit_ros_visualization/lib:/home/buhrmann/ws_moveit/install/moveit_py/lib:/home/buhrmann/ws_moveit/install/moveit_hybrid_planning/lib:/home/buhrmann/ws_moveit/install/moveit_ros_planning_interface/lib:/home/buhrmann/ws_moveit/install/moveit_ros_benchmarks/lib:/home/buhrmann/ws_moveit/install/moveit_ros_warehouse/lib:/home/buhrmann/ws_moveit/install/moveit_ros_robot_interaction/lib:/home/buhrmann/ws_moveit/install/moveit_ros_perception/lib:/home/buhrmann/ws_moveit/install/moveit_ros_move_group/lib:/home/buhrmann/ws_moveit/install/moveit_planners_ompl/lib:/home/buhrmann/ws_moveit/install/moveit_kinematics/lib:/home/buhrmann/ws_moveit/install/moveit_ros_planning/lib:/home/buhrmann/ws_moveit/install/moveit_ros_occupancy_map_monitor/lib:/home/buhrmann/ws_moveit/install/moveit_resources_prbt_ikfast_manipulator_plugin/lib:/home/buhrmann/ws_moveit/install/moveit_planners_stomp/lib:/home/buhrmann/ws_moveit/install/moveit_planners_chomp/lib:/home/buhrmann/ws_moveit/install/chomp_motion_planner/lib:/home/buhrmann/ws_moveit/install/moveit_core/lib:/home/buhrmann/ws_moveit/install/kortex_driver/lib:/home/buhrmann/ws_moveit/install/common_services_package/lib:/opt/ros/iron/opt/rviz_ogre_vendor/lib:/opt/ros/iron/lib/x86_64-linux-gnu:/opt/ros/iron/lib:/usr/lib/jvm/java-11-openjdk-amd64/lib/amd64 PYTHONPATH=/home/buhrmann/ws_moveit/install/moveit_msgs/lib/python3.10/site-packages:/home/buhrmann/ws_moveit/install/moveit_task_constructor_core/lib/python3.10/site-packages:/home/buhrmann/ws_moveit/install/ros2_azure_bridge/lib/python3.10/site-packages:/home/buhrmann/ws_moveit/install/moveit_task_constructor_msgs/lib/python3.10/site-packages:/home/buhrmann/ws_moveit/install/moveit_py/lib/python3.10/site-packages:/home/buhrmann/ws_moveit/install/moveit_configs_utils/lib/python3.10/site-packages:/home/buhrmann/ws_moveit/install/common_services_package/lib/python3.10/site-packages:/opt/ros/iron/lib/python3.10/site-packages /usr/bin/cmake --install /home/buhrmann/ws_moveit/build/moveit_core
[122.341s] -- Install configuration: "Release"
[122.341s] -- Up-to-date: /home/buhrmann/ws_moveit/install/moveit_core/include/moveit_core
[122.341s] -- Up-to-date: /home/buhrmann/ws_moveit/install/moveit_core/include/moveit_core/moveit
[122.341s] -- Up-to-date: /home/buhrmann/ws_moveit/install/moveit_core/include/moveit_core/moveit/collision_detection_bullet
[122.341s] -- Up-to-date: /home/buhrmann/ws_moveit/install/moveit_core/include/moveit_core/moveit/collision_detection_bullet/collision_detector_bullet_plugin_loader.h
[122.342s] -- Up-to-date: /home/buhrmann/ws_moveit/install/moveit_core/include/moveit_core/moveit/collision_detection_bullet/bullet_integration
[122.342s] -- Up-to-date: /home/buhrmann/ws_moveit/install/moveit_core/include/moveit_core/moveit/collision_detection_bullet/bullet_integration/bullet_discrete_bvh_manager.h
[122.342s] -- Up-to-date: /home/buhrmann/ws_moveit/install/moveit_core/include/moveit_core/moveit/collision_detection_bullet/bullet_integration/basic_types.h
[122.342s] -- Up-to-date: /home/buhrmann/ws_moveit/install/moveit_core/include/moveit_core/moveit/collision_detection_bullet/bullet_integration/ros_bullet_utils.h
[122.342s] -- Up-to-date: /home/buhrmann/ws_moveit/install/moveit_core/include/moveit_core/moveit/collision_detection_bullet/bullet_integration/contact_checker_common.h
[122.342s] -- Up-to-date: /home/buhrmann/ws_moveit/install/moveit_core/include/moveit_core/moveit/collision_detection_bullet/bullet_integration/bullet_bvh_manager.h
[122.342s] -- Up-to-date: /home/buhrmann/ws_moveit/install/moveit_core/include/moveit_core/moveit/collision_detection_bullet/bullet_integration/bullet_utils.h
[122.342s] -- Up-to-date: /home/buhrmann/ws_moveit/install/moveit_core/include/moveit_core/moveit/collision_detection_bullet/bullet_integration/bullet_cast_bvh_manager.h
[122.342s] -- Up-to-date: /home/buhrmann/ws_moveit/install/moveit_core/include/moveit_core/moveit/collision_detection_bullet/collision_detector_allocator_bullet.h
[122.342s] -- Up-to-date: /home/buhrmann/ws_moveit/install/moveit_core/include/moveit_core/moveit/collision_detection_bullet/collision_env_bullet.h
[122.342s] -- Up-to-date: /home/buhrmann/ws_moveit/install/moveit_core/include/moveit_core/moveit_collision_detection_bullet_export.h
[122.342s] -- Up-to-date: /home/buhrmann/ws_moveit/install/moveit_core/include/moveit_core
[122.342s] -- Up-to-date: /home/buhrmann/ws_moveit/install/moveit_core/include/moveit_core/moveit
[122.342s] -- Up-to-date: /home/buhrmann/ws_moveit/install/moveit_core/include/moveit_core/moveit/collision_detection_fcl
[122.342s] -- Up-to-date: /home/buhrmann/ws_moveit/install/moveit_core/include/moveit_core/moveit/collision_detection_fcl/collision_common.h
[122.342s] -- Up-to-date: /home/buhrmann/ws_moveit/install/moveit_core/include/moveit_core/moveit/collision_detection_fcl/collision_detector_allocator_fcl.h
[122.343s] -- Up-to-date: /home/buhrmann/ws_moveit/install/moveit_core/include/moveit_core/moveit/collision_detection_fcl/collision_detector_fcl_plugin_loader.h
[122.343s] -- Up-to-date: /home/buhrmann/ws_moveit/install/moveit_core/include/moveit_core/moveit/collision_detection_fcl/collision_env_fcl.h
[122.343s] -- Up-to-date: /home/buhrmann/ws_moveit/install/moveit_core/include/moveit_core/moveit/collision_detection_fcl/fcl_compat.h
[122.343s] -- Up-to-date: /home/buhrmann/ws_moveit/install/moveit_core/include/moveit_core/moveit_collision_detection_fcl_export.h
[122.343s] -- Up-to-date: /home/buhrmann/ws_moveit/install/moveit_core/include/moveit_core
[122.343s] -- Up-to-date: /home/buhrmann/ws_moveit/install/moveit_core/include/moveit_core/moveit
[122.343s] -- Up-to-date: /home/buhrmann/ws_moveit/install/moveit_core/include/moveit_core/moveit/collision_detection
[122.343s] -- Up-to-date: /home/buhrmann/ws_moveit/install/moveit_core/include/moveit_core/moveit/collision_detection/collision_common.h
[122.343s] -- Up-to-date: /home/buhrmann/ws_moveit/install/moveit_core/include/moveit_core/moveit/collision_detection/world_diff.h
[122.343s] -- Up-to-date: /home/buhrmann/ws_moveit/install/moveit_core/include/moveit_core/moveit/collision_detection/collision_tools.h
[122.343s] -- Up-to-date: /home/buhrmann/ws_moveit/install/moveit_core/include/moveit_core/moveit/collision_detection/collision_plugin_cache.h
[122.343s] -- Up-to-date: /home/buhrmann/ws_moveit/install/moveit_core/include/moveit_core/moveit/collision_detection/collision_env.h
[122.343s] -- Up-to-date: /home/buhrmann/ws_moveit/install/moveit_core/include/moveit_core/moveit/collision_detection/test_collision_common_pr2.h
[122.343s] -- Up-to-date: /home/buhrmann/ws_moveit/install/moveit_core/include/moveit_core/moveit/collision_detection/collision_matrix.h
[122.343s] -- Up-to-date: /home/buhrmann/ws_moveit/install/moveit_core/include/moveit_core/moveit/collision_detection/occupancy_map.h
[122.343s] -- Up-to-date: /home/buhrmann/ws_moveit/install/moveit_core/include/moveit_core/moveit/collision_detection/world.h
[122.344s] -- Up-to-date: /home/buhrmann/ws_moveit/install/moveit_core/include/moveit_core/moveit/collision_detection/collision_plugin.h
[122.344s] -- Up-to-date: /home/buhrmann/ws_moveit/install/moveit_core/include/moveit_core/moveit/collision_detection/test_collision_common_panda.h
[122.344s] -- Up-to-date: /home/buhrmann/ws_moveit/install/moveit_core/include/moveit_core/moveit/collision_detection/allvalid
[122.344s] -- Up-to-date: /home/buhrmann/ws_moveit/install/moveit_core/include/moveit_core/moveit/collision_detection/allvalid/collision_detector_allocator_allvalid.h
[122.344s] -- Up-to-date: /home/buhrmann/ws_moveit/install/moveit_core/include/moveit_core/moveit/collision_detection/allvalid/collision_env_allvalid.h
[122.344s] -- Up-to-date: /home/buhrmann/ws_moveit/install/moveit_core/include/moveit_core/moveit/collision_detection/collision_octomap_filter.h
[122.344s] -- Up-to-date: /home/buhrmann/ws_moveit/install/moveit_core/include/moveit_core/moveit/collision_detection/collision_detector_allocator.h
[122.344s] -- Up-to-date: /home/buhrmann/ws_moveit/install/moveit_core/include/moveit_core/moveit_collision_detection_export.h
[122.344s] -- Up-to-date: /home/buhrmann/ws_moveit/install/moveit_core/include/moveit_core
[122.344s] -- Up-to-date: /home/buhrmann/ws_moveit/install/moveit_core/include/moveit_core/moveit
[122.344s] -- Up-to-date: /home/buhrmann/ws_moveit/install/moveit_core/include/moveit_core/moveit/collision_distance_field
[122.344s] -- Up-to-date: /home/buhrmann/ws_moveit/install/moveit_core/include/moveit_core/moveit/collision_distance_field/collision_env_distance_field.h
[122.344s] -- Up-to-date: /home/buhrmann/ws_moveit/install/moveit_core/include/moveit_core/moveit/collision_distance_field/collision_env_hybrid.h
[122.344s] -- Up-to-date: /home/buhrmann/ws_moveit/install/moveit_core/include/moveit_core/moveit/collision_distance_field/collision_common_distance_field.h
[122.344s] -- Up-to-date: /home/buhrmann/ws_moveit/install/moveit_core/include/moveit_core/moveit/collision_distance_field/collision_detector_allocator_hybrid.h
[122.344s] -- Up-to-date: /home/buhrmann/ws_moveit/install/moveit_core/include/moveit_core/moveit/collision_distance_field/collision_distance_field_types.h
[122.344s] -- Up-to-date: /home/buhrmann/ws_moveit/install/moveit_core/include/moveit_core/moveit/collision_distance_field/collision_detector_allocator_distance_field.h
[122.344s] -- Up-to-date: /home/buhrmann/ws_moveit/install/moveit_core/include/moveit_core/moveit_collision_distance_field_export.h
[122.345s] -- Up-to-date: /home/buhrmann/ws_moveit/install/moveit_core/include/moveit_core
[122.345s] -- Up-to-date: /home/buhrmann/ws_moveit/install/moveit_core/include/moveit_core/moveit
[122.345s] -- Up-to-date: /home/buhrmann/ws_moveit/install/moveit_core/include/moveit_core/moveit/constraint_samplers
[122.345s] -- Up-to-date: /home/buhrmann/ws_moveit/install/moveit_core/include/moveit_core/moveit/constraint_samplers/constraint_sampler_manager.h
[122.345s] -- Up-to-date: /home/buhrmann/ws_moveit/install/moveit_core/include/moveit_core/moveit/constraint_samplers/constraint_sampler.h
[122.345s] -- Up-to-date: /home/buhrmann/ws_moveit/install/moveit_core/include/moveit_core/moveit/constraint_samplers/constraint_sampler_allocator.h
[122.345s] -- Up-to-date: /home/buhrmann/ws_moveit/install/moveit_core/include/moveit_core/moveit/constraint_samplers/union_constraint_sampler.h
[122.345s] -- Up-to-date: /home/buhrmann/ws_moveit/install/moveit_core/include/moveit_core/moveit/constraint_samplers/default_constraint_samplers.h
[122.345s] -- Up-to-date: /home/buhrmann/ws_moveit/install/moveit_core/include/moveit_core/moveit/constraint_samplers/constraint_sampler_tools.h
[122.345s] -- Up-to-date: /home/buhrmann/ws_moveit/install/moveit_core/include/moveit_core
[122.345s] -- Up-to-date: /home/buhrmann/ws_moveit/install/moveit_core/include/moveit_core/moveit
[122.345s] -- Up-to-date: /home/buhrmann/ws_moveit/install/moveit_core/include/moveit_core/moveit/controller_manager
[122.345s] -- Up-to-date: /home/buhrmann/ws_moveit/install/moveit_core/include/moveit_core/moveit/controller_manager/controller_manager.h
[122.345s] -- Up-to-date: /home/buhrmann/ws_moveit/install/moveit_core/include/moveit_core
[122.345s] -- Up-to-date: /home/buhrmann/ws_moveit/install/moveit_core/include/moveit_core/moveit
[122.345s] -- Up-to-date: /home/buhrmann/ws_moveit/install/moveit_core/include/moveit_core/moveit/distance_field
[122.345s] -- Up-to-date: /home/buhrmann/ws_moveit/install/moveit_core/include/moveit_core/moveit/distance_field/find_internal_points.h
[122.346s] -- Up-to-date: /home/buhrmann/ws_moveit/install/moveit_core/include/moveit_core/moveit/distance_field/voxel_grid.h
[122.346s] -- Up-to-date: /home/buhrmann/ws_moveit/install/moveit_core/include/moveit_core/moveit/distance_field/propagation_distance_field.h
[122.346s] -- Up-to-date: /home/buhrmann/ws_moveit/install/moveit_core/include/moveit_core/moveit/distance_field/distance_field.h
[122.346s] -- Up-to-date: /home/buhrmann/ws_moveit/install/moveit_core/include/moveit_core
[122.346s] -- Up-to-date: /home/buhrmann/ws_moveit/install/moveit_core/include/moveit_core/moveit
[122.346s] -- Up-to-date: /home/buhrmann/ws_moveit/install/moveit_core/include/moveit_core/moveit/dynamics_solver
[122.346s] -- Up-to-date: /home/buhrmann/ws_moveit/install/moveit_core/include/moveit_core/moveit/dynamics_solver/dynamics_solver.h
[122.346s] -- Up-to-date: /home/buhrmann/ws_moveit/install/moveit_core/include/moveit_core
[122.346s] -- Up-to-date: /home/buhrmann/ws_moveit/install/moveit_core/include/moveit_core/moveit
[122.346s] -- Up-to-date: /home/buhrmann/ws_moveit/install/moveit_core/include/moveit_core/moveit/exceptions
[122.346s] -- Up-to-date: /home/buhrmann/ws_moveit/install/moveit_core/include/moveit_core/moveit/exceptions/exceptions.h
[122.346s] -- Up-to-date: /home/buhrmann/ws_moveit/install/moveit_core/include/moveit_core
[122.346s] -- Up-to-date: /home/buhrmann/ws_moveit/install/moveit_core/include/moveit_core/moveit
[122.346s] -- Up-to-date: /home/buhrmann/ws_moveit/install/moveit_core/include/moveit_core/moveit/kinematic_constraints
[122.346s] -- Up-to-date: /home/buhrmann/ws_moveit/install/moveit_core/include/moveit_core/moveit/kinematic_constraints/kinematic_constraint.h
[122.346s] -- Up-to-date: /home/buhrmann/ws_moveit/install/moveit_core/include/moveit_core/moveit/kinematic_constraints/utils.h
[122.346s] -- Up-to-date: /home/buhrmann/ws_moveit/install/moveit_core/include/moveit_core
[122.347s] -- Up-to-date: /home/buhrmann/ws_moveit/install/moveit_core/include/moveit_core/moveit
[122.347s] -- Up-to-date: /home/buhrmann/ws_moveit/install/moveit_core/include/moveit_core/moveit/kinematics_base
[122.347s] -- Up-to-date: /home/buhrmann/ws_moveit/install/moveit_core/include/moveit_core/moveit/kinematics_base/kinematics_base.h
[122.347s] -- Up-to-date: /home/buhrmann/ws_moveit/install/moveit_core/include/moveit_core/moveit_kinematics_base_export.h
[122.347s] -- Up-to-date: /home/buhrmann/ws_moveit/install/moveit_core/include/moveit_core
[122.347s] -- Up-to-date: /home/buhrmann/ws_moveit/install/moveit_core/include/moveit_core/moveit
[122.347s] -- Up-to-date: /home/buhrmann/ws_moveit/install/moveit_core/include/moveit_core/moveit/kinematics_metrics
[122.347s] -- Up-to-date: /home/buhrmann/ws_moveit/install/moveit_core/include/moveit_core/moveit/kinematics_metrics/kinematics_metrics.h
[122.347s] -- Up-to-date: /home/buhrmann/ws_moveit/install/moveit_core/include/moveit_core
[122.347s] -- Up-to-date: /home/buhrmann/ws_moveit/install/moveit_core/include/moveit_core/moveit
[122.347s] -- Up-to-date: /home/buhrmann/ws_moveit/install/moveit_core/include/moveit_core/moveit/macros
[122.347s] -- Up-to-date: /home/buhrmann/ws_moveit/install/moveit_core/include/moveit_core/moveit/macros/console_colors.h
[122.347s] -- Up-to-date: /home/buhrmann/ws_moveit/install/moveit_core/include/moveit_core/moveit/macros/declare_ptr.h
[122.347s] -- Up-to-date: /home/buhrmann/ws_moveit/install/moveit_core/include/moveit_core/moveit/macros/class_forward.h
[122.347s] -- Up-to-date: /home/buhrmann/ws_moveit/install/moveit_core/include/moveit_acceleration_filter_parameters
[122.348s] -- Up-to-date: /home/buhrmann/ws_moveit/install/moveit_core/include/moveit_acceleration_filter_parameters/moveit_acceleration_filter_parameters.hpp
[122.348s] -- Up-to-date: /home/buhrmann/ws_moveit/install/moveit_core/include/moveit_butterworth_filter_parameters
[122.348s] -- Up-to-date: /home/buhrmann/ws_moveit/install/moveit_core/include/moveit_butterworth_filter_parameters/moveit_butterworth_filter_parameters.hpp
[122.348s] -- Up-to-date: /home/buhrmann/ws_moveit/install/moveit_core/include/moveit_ruckig_filter_parameters
[122.348s] -- Up-to-date: /home/buhrmann/ws_moveit/install/moveit_core/include/moveit_ruckig_filter_parameters/moveit_ruckig_filter_parameters.hpp
[122.348s] -- Up-to-date: /home/buhrmann/ws_moveit/install/moveit_core/include/moveit_core
[122.348s] -- Up-to-date: /home/buhrmann/ws_moveit/install/moveit_core/include/moveit_core/moveit
[122.348s] -- Up-to-date: /home/buhrmann/ws_moveit/install/moveit_core/include/moveit_core/moveit/online_signal_smoothing
[122.348s] -- Up-to-date: /home/buhrmann/ws_moveit/install/moveit_core/include/moveit_core/moveit/online_signal_smoothing/ruckig_filter.h
[122.348s] -- Up-to-date: /home/buhrmann/ws_moveit/install/moveit_core/include/moveit_core/moveit/online_signal_smoothing/butterworth_filter.h
[122.348s] -- Up-to-date: /home/buhrmann/ws_moveit/install/moveit_core/include/moveit_core/moveit/online_signal_smoothing/acceleration_filter.h
[122.348s] -- Up-to-date: /home/buhrmann/ws_moveit/install/moveit_core/include/moveit_core/moveit/online_signal_smoothing/smoothing_base_class.h
[122.348s] -- Up-to-date: /home/buhrmann/ws_moveit/install/moveit_core/include/moveit_core/moveit_smoothing_base_export.h
[122.348s] -- Up-to-date: /home/buhrmann/ws_moveit/install/moveit_core/include/moveit_core/moveit_acceleration_filter_export.h
[122.348s] -- Up-to-date: /home/buhrmann/ws_moveit/install/moveit_core/include/moveit_core/moveit_butterworth_filter_export.h
[122.348s] -- Up-to-date: /home/buhrmann/ws_moveit/install/moveit_core/include/moveit_core/moveit_ruckig_filter_export.h
[122.348s] -- Up-to-date: /home/buhrmann/ws_moveit/install/moveit_core/include/moveit_core
[122.348s] -- Up-to-date: /home/buhrmann/ws_moveit/install/moveit_core/include/moveit_core/moveit
[122.349s] -- Up-to-date: /home/buhrmann/ws_moveit/install/moveit_core/include/moveit_core/moveit/planning_interface
[122.349s] -- Up-to-date: /home/buhrmann/ws_moveit/install/moveit_core/include/moveit_core/moveit/planning_interface/planning_request.h
[122.349s] -- Up-to-date: /home/buhrmann/ws_moveit/install/moveit_core/include/moveit_core/moveit/planning_interface/planning_response_adapter.h
[122.349s] -- Up-to-date: /home/buhrmann/ws_moveit/install/moveit_core/include/moveit_core/moveit/planning_interface/planning_request_adapter.h
[122.349s] -- Up-to-date: /home/buhrmann/ws_moveit/install/moveit_core/include/moveit_core/moveit/planning_interface/planning_interface.h
[122.349s] -- Up-to-date: /home/buhrmann/ws_moveit/install/moveit_core/include/moveit_core/moveit/planning_interface/planning_response.h
[122.349s] -- Up-to-date: /home/buhrmann/ws_moveit/install/moveit_core/include/moveit_core
[122.349s] -- Up-to-date: /home/buhrmann/ws_moveit/install/moveit_core/include/moveit_core/moveit
[122.349s] -- Up-to-date: /home/buhrmann/ws_moveit/install/moveit_core/include/moveit_core/moveit/planning_scene
[122.349s] -- Up-to-date: /home/buhrmann/ws_moveit/install/moveit_core/include/moveit_core/moveit/planning_scene/planning_scene.h
[122.349s] -- Up-to-date: /home/buhrmann/ws_moveit/install/moveit_core/include/moveit_core/moveit_planning_scene_export.h
[122.349s] -- Up-to-date: /home/buhrmann/ws_moveit/install/moveit_core/include/moveit_core
[122.349s] -- Up-to-date: /home/buhrmann/ws_moveit/install/moveit_core/include/moveit_core/moveit
[122.349s] -- Up-to-date: /home/buhrmann/ws_moveit/install/moveit_core/include/moveit_core/moveit/robot_model
[122.349s] -- Up-to-date: /home/buhrmann/ws_moveit/install/moveit_core/include/moveit_core/moveit/robot_model/floating_joint_model.h
[122.349s] -- Up-to-date: /home/buhrmann/ws_moveit/install/moveit_core/include/moveit_core/moveit/robot_model/robot_model.h
[122.349s] -- Up-to-date: /home/buhrmann/ws_moveit/install/moveit_core/include/moveit_core/moveit/robot_model/planar_joint_model.h
[122.349s] -- Up-to-date: /home/buhrmann/ws_moveit/install/moveit_core/include/moveit_core/moveit/robot_model/prismatic_joint_model.h
[122.350s] -- Up-to-date: /home/buhrmann/ws_moveit/install/moveit_core/include/moveit_core/moveit/robot_model/aabb.h
[122.350s] -- Up-to-date: /home/buhrmann/ws_moveit/install/moveit_core/include/moveit_core/moveit/robot_model/fixed_joint_model.h
[122.350s] -- Up-to-date: /home/buhrmann/ws_moveit/install/moveit_core/include/moveit_core/moveit/robot_model/joint_model.h
[122.350s] -- Up-to-date: /home/buhrmann/ws_moveit/install/moveit_core/include/moveit_core/moveit/robot_model/revolute_joint_model.h
[122.350s] -- Up-to-date: /home/buhrmann/ws_moveit/install/moveit_core/include/moveit_core/moveit/robot_model/joint_model_group.h
[122.350s] -- Up-to-date: /home/buhrmann/ws_moveit/install/moveit_core/include/moveit_core/moveit/robot_model/link_model.h
[122.350s] -- Up-to-date: /home/buhrmann/ws_moveit/install/moveit_core/include/moveit_core
[122.350s] -- Up-to-date: /home/buhrmann/ws_moveit/install/moveit_core/include/moveit_core/moveit
[122.350s] -- Up-to-date: /home/buhrmann/ws_moveit/install/moveit_core/include/moveit_core/moveit/robot_state
[122.350s] -- Up-to-date: /home/buhrmann/ws_moveit/install/moveit_core/include/moveit_core/moveit/robot_state/conversions.h
[122.350s] -- Up-to-date: /home/buhrmann/ws_moveit/install/moveit_core/include/moveit_core/moveit/robot_state/robot_state.h
[122.350s] -- Up-to-date: /home/buhrmann/ws_moveit/install/moveit_core/include/moveit_core/moveit/robot_state/attached_body.h
[122.350s] -- Up-to-date: /home/buhrmann/ws_moveit/install/moveit_core/include/moveit_core/moveit/robot_state/cartesian_interpolator.h
[122.350s] -- Up-to-date: /home/buhrmann/ws_moveit/install/moveit_core/include/moveit_core
[122.350s] -- Up-to-date: /home/buhrmann/ws_moveit/install/moveit_core/include/moveit_core/moveit
[122.350s] -- Up-to-date: /home/buhrmann/ws_moveit/install/moveit_core/include/moveit_core/moveit/robot_trajectory
[122.350s] -- Up-to-date: /home/buhrmann/ws_moveit/install/moveit_core/include/moveit_core/moveit/robot_trajectory/robot_trajectory.h
[122.350s] -- Up-to-date: /home/buhrmann/ws_moveit/install/moveit_core/include/moveit_core
[122.351s] -- Up-to-date: /home/buhrmann/ws_moveit/install/moveit_core/include/moveit_core/moveit
[122.351s] -- Up-to-date: /home/buhrmann/ws_moveit/install/moveit_core/include/moveit_core/moveit/trajectory_processing
[122.351s] -- Up-to-date: /home/buhrmann/ws_moveit/install/moveit_core/include/moveit_core/moveit/trajectory_processing/ruckig_traj_smoothing.h
[122.351s] -- Up-to-date: /home/buhrmann/ws_moveit/install/moveit_core/include/moveit_core/moveit/trajectory_processing/time_optimal_trajectory_generation.h
[122.351s] -- Up-to-date: /home/buhrmann/ws_moveit/install/moveit_core/include/moveit_core/moveit/trajectory_processing/time_parameterization.h
[122.351s] -- Up-to-date: /home/buhrmann/ws_moveit/install/moveit_core/include/moveit_core/moveit/trajectory_processing/trajectory_tools.h
[122.351s] -- Up-to-date: /home/buhrmann/ws_moveit/install/moveit_core/include/moveit_core
[122.351s] -- Up-to-date: /home/buhrmann/ws_moveit/install/moveit_core/include/moveit_core/moveit
[122.351s] -- Up-to-date: /home/buhrmann/ws_moveit/install/moveit_core/include/moveit_core/moveit/transforms
[122.351s] -- Up-to-date: /home/buhrmann/ws_moveit/install/moveit_core/include/moveit_core/moveit/transforms/transforms.h
[122.351s] -- Up-to-date: /home/buhrmann/ws_moveit/install/moveit_core/include/moveit_core
[122.351s] -- Up-to-date: /home/buhrmann/ws_moveit/install/moveit_core/include/moveit_core/moveit
[122.351s] -- Up-to-date: /home/buhrmann/ws_moveit/install/moveit_core/include/moveit_core/moveit/utils
[122.351s] -- Up-to-date: /home/buhrmann/ws_moveit/install/moveit_core/include/moveit_core/moveit/utils/robot_model_test_utils.h
[122.351s] -- Up-to-date: /home/buhrmann/ws_moveit/install/moveit_core/include/moveit_core/moveit/utils/eigen_test_utils.h
[122.351s] -- Up-to-date: /home/buhrmann/ws_moveit/install/moveit_core/include/moveit_core/moveit/utils/moveit_error_code.h
[122.351s] -- Up-to-date: /home/buhrmann/ws_moveit/install/moveit_core/include/moveit_core/moveit/utils/message_checks.h
[122.351s] -- Up-to-date: /home/buhrmann/ws_moveit/install/moveit_core/include/moveit_core/moveit/utils/rclcpp_utils.h
[122.352s] -- Up-to-date: /home/buhrmann/ws_moveit/install/moveit_core/include/moveit_core/moveit/utils/logger.hpp
[122.352s] -- Up-to-date: /home/buhrmann/ws_moveit/install/moveit_core/include/moveit_core/moveit/utils/lexical_casts.h
[122.352s] -- Installing: /home/buhrmann/ws_moveit/install/moveit_core/lib/moveit_core/logger_dut
[122.352s] -- Set runtime path of "/home/buhrmann/ws_moveit/install/moveit_core/lib/moveit_core/logger_dut" to ""
[122.352s] -- Up-to-date: /home/buhrmann/ws_moveit/install/moveit_core/include/moveit_core/moveit/version.h
[122.352s] -- Installing: /home/buhrmann/ws_moveit/install/moveit_core/bin/moveit_version
[122.352s] -- Installing: /home/buhrmann/ws_moveit/install/moveit_core/lib/libcollision_detector_bullet_plugin.so.2.11.0
[122.352s] -- Set runtime path of "/home/buhrmann/ws_moveit/install/moveit_core/lib/libcollision_detector_bullet_plugin.so.2.11.0" to ""
[122.352s] -- Up-to-date: /home/buhrmann/ws_moveit/install/moveit_core/lib/libcollision_detector_bullet_plugin.so
[122.352s] -- Installing: /home/buhrmann/ws_moveit/install/moveit_core/lib/libcollision_detector_fcl_plugin.so.2.11.0
[122.352s] -- Set runtime path of "/home/buhrmann/ws_moveit/install/moveit_core/lib/libcollision_detector_fcl_plugin.so.2.11.0" to ""
[122.352s] -- Up-to-date: /home/buhrmann/ws_moveit/install/moveit_core/lib/libcollision_detector_fcl_plugin.so
[122.352s] -- Installing: /home/buhrmann/ws_moveit/install/moveit_core/lib/libmoveit_acceleration_filter.so.2.11.0
[122.352s] -- Set runtime path of "/home/buhrmann/ws_moveit/install/moveit_core/lib/libmoveit_acceleration_filter.so.2.11.0" to ""
[122.352s] -- Up-to-date: /home/buhrmann/ws_moveit/install/moveit_core/lib/libmoveit_acceleration_filter.so
[122.352s] -- Installing: /home/buhrmann/ws_moveit/install/moveit_core/lib/libmoveit_butterworth_filter.so.2.11.0
[122.352s] -- Set runtime path of "/home/buhrmann/ws_moveit/install/moveit_core/lib/libmoveit_butterworth_filter.so.2.11.0" to ""
[122.352s] -- Up-to-date: /home/buhrmann/ws_moveit/install/moveit_core/lib/libmoveit_butterworth_filter.so
[122.353s] -- Installing: /home/buhrmann/ws_moveit/install/moveit_core/lib/libmoveit_collision_detection.so.2.11.0
[122.353s] -- Set runtime path of "/home/buhrmann/ws_moveit/install/moveit_core/lib/libmoveit_collision_detection.so.2.11.0" to ""
[122.353s] -- Up-to-date: /home/buhrmann/ws_moveit/install/moveit_core/lib/libmoveit_collision_detection.so
[122.353s] -- Installing: /home/buhrmann/ws_moveit/install/moveit_core/lib/libmoveit_collision_detection_bullet.so.2.11.0
[122.353s] -- Set runtime path of "/home/buhrmann/ws_moveit/install/moveit_core/lib/libmoveit_collision_detection_bullet.so.2.11.0" to ""
[122.353s] -- Up-to-date: /home/buhrmann/ws_moveit/install/moveit_core/lib/libmoveit_collision_detection_bullet.so
[122.353s] -- Installing: /home/buhrmann/ws_moveit/install/moveit_core/lib/libmoveit_collision_detection_fcl.so.2.11.0
[122.353s] -- Set runtime path of "/home/buhrmann/ws_moveit/install/moveit_core/lib/libmoveit_collision_detection_fcl.so.2.11.0" to ""
[122.353s] -- Up-to-date: /home/buhrmann/ws_moveit/install/moveit_core/lib/libmoveit_collision_detection_fcl.so
[122.353s] -- Installing: /home/buhrmann/ws_moveit/install/moveit_core/lib/libmoveit_collision_distance_field.so.2.11.0
[122.353s] -- Set runtime path of "/home/buhrmann/ws_moveit/install/moveit_core/lib/libmoveit_collision_distance_field.so.2.11.0" to ""
[122.353s] -- Up-to-date: /home/buhrmann/ws_moveit/install/moveit_core/lib/libmoveit_collision_distance_field.so
[122.353s] -- Installing: /home/buhrmann/ws_moveit/install/moveit_core/lib/libmoveit_constraint_samplers.so.2.11.0
[122.353s] -- Set runtime path of "/home/buhrmann/ws_moveit/install/moveit_core/lib/libmoveit_constraint_samplers.so.2.11.0" to ""
[122.353s] -- Up-to-date: /home/buhrmann/ws_moveit/install/moveit_core/lib/libmoveit_constraint_samplers.so
[122.353s] -- Installing: /home/buhrmann/ws_moveit/install/moveit_core/lib/libmoveit_distance_field.so.2.11.0
[122.354s] -- Set runtime path of "/home/buhrmann/ws_moveit/install/moveit_core/lib/libmoveit_distance_field.so.2.11.0" to ""
[122.354s] -- Up-to-date: /home/buhrmann/ws_moveit/install/moveit_core/lib/libmoveit_distance_field.so
[122.354s] -- Installing: /home/buhrmann/ws_moveit/install/moveit_core/lib/libmoveit_dynamics_solver.so.2.11.0
[122.354s] -- Set runtime path of "/home/buhrmann/ws_moveit/install/moveit_core/lib/libmoveit_dynamics_solver.so.2.11.0" to ""
[122.354s] -- Up-to-date: /home/buhrmann/ws_moveit/install/moveit_core/lib/libmoveit_dynamics_solver.so
[122.354s] -- Installing: /home/buhrmann/ws_moveit/install/moveit_core/lib/libmoveit_exceptions.so.2.11.0
[122.354s] -- Set runtime path of "/home/buhrmann/ws_moveit/install/moveit_core/lib/libmoveit_exceptions.so.2.11.0" to ""
[122.354s] -- Up-to-date: /home/buhrmann/ws_moveit/install/moveit_core/lib/libmoveit_exceptions.so
[122.354s] -- Installing: /home/buhrmann/ws_moveit/install/moveit_core/lib/libmoveit_kinematic_constraints.so.2.11.0
[122.354s] -- Set runtime path of "/home/buhrmann/ws_moveit/install/moveit_core/lib/libmoveit_kinematic_constraints.so.2.11.0" to ""
[122.354s] -- Up-to-date: /home/buhrmann/ws_moveit/install/moveit_core/lib/libmoveit_kinematic_constraints.so
[122.354s] -- Installing: /home/buhrmann/ws_moveit/install/moveit_core/lib/libmoveit_kinematics_base.so
[122.355s] -- Set runtime path of "/home/buhrmann/ws_moveit/install/moveit_core/lib/libmoveit_kinematics_base.so" to ""
[122.355s] -- Installing: /home/buhrmann/ws_moveit/install/moveit_core/lib/libmoveit_kinematics_metrics.so.2.11.0
[122.355s] -- Set runtime path of "/home/buhrmann/ws_moveit/install/moveit_core/lib/libmoveit_kinematics_metrics.so.2.11.0" to ""
[122.355s] -- Up-to-date: /home/buhrmann/ws_moveit/install/moveit_core/lib/libmoveit_kinematics_metrics.so
[122.355s] -- Installing: /home/buhrmann/ws_moveit/install/moveit_core/lib/libmoveit_planning_interface.so.2.11.0
[122.355s] -- Set runtime path of "/home/buhrmann/ws_moveit/install/moveit_core/lib/libmoveit_planning_interface.so.2.11.0" to ""
[122.355s] -- Up-to-date: /home/buhrmann/ws_moveit/install/moveit_core/lib/libmoveit_planning_interface.so
[122.355s] -- Installing: /home/buhrmann/ws_moveit/install/moveit_core/lib/libmoveit_planning_scene.so.2.11.0
[122.356s] -- Set runtime path of "/home/buhrmann/ws_moveit/install/moveit_core/lib/libmoveit_planning_scene.so.2.11.0" to ""
[122.356s] -- Up-to-date: /home/buhrmann/ws_moveit/install/moveit_core/lib/libmoveit_planning_scene.so
[122.356s] -- Installing: /home/buhrmann/ws_moveit/install/moveit_core/lib/libmoveit_robot_model.so.2.11.0
[122.356s] -- Set runtime path of "/home/buhrmann/ws_moveit/install/moveit_core/lib/libmoveit_robot_model.so.2.11.0" to ""
[122.356s] -- Up-to-date: /home/buhrmann/ws_moveit/install/moveit_core/lib/libmoveit_robot_model.so
[122.356s] -- Installing: /home/buhrmann/ws_moveit/install/moveit_core/lib/libmoveit_robot_state.so.2.11.0
[122.357s] -- Set runtime path of "/home/buhrmann/ws_moveit/install/moveit_core/lib/libmoveit_robot_state.so.2.11.0" to ""
[122.357s] -- Up-to-date: /home/buhrmann/ws_moveit/install/moveit_core/lib/libmoveit_robot_state.so
[122.357s] -- Installing: /home/buhrmann/ws_moveit/install/moveit_core/lib/libmoveit_robot_trajectory.so.2.11.0
[122.357s] -- Set runtime path of "/home/buhrmann/ws_moveit/install/moveit_core/lib/libmoveit_robot_trajectory.so.2.11.0" to ""
[122.357s] -- Up-to-date: /home/buhrmann/ws_moveit/install/moveit_core/lib/libmoveit_robot_trajectory.so
[122.357s] -- Installing: /home/buhrmann/ws_moveit/install/moveit_core/lib/libmoveit_ruckig_filter.so.2.11.0
[122.357s] -- Set runtime path of "/home/buhrmann/ws_moveit/install/moveit_core/lib/libmoveit_ruckig_filter.so.2.11.0" to ""
[122.358s] -- Up-to-date: /home/buhrmann/ws_moveit/install/moveit_core/lib/libmoveit_ruckig_filter.so
[122.358s] -- Installing: /home/buhrmann/ws_moveit/install/moveit_core/lib/libmoveit_smoothing_base.so.2.11.0
[122.358s] -- Set runtime path of "/home/buhrmann/ws_moveit/install/moveit_core/lib/libmoveit_smoothing_base.so.2.11.0" to ""
[122.358s] -- Up-to-date: /home/buhrmann/ws_moveit/install/moveit_core/lib/libmoveit_smoothing_base.so
[122.358s] -- Installing: /home/buhrmann/ws_moveit/install/moveit_core/lib/libmoveit_test_utils.so.2.11.0
[122.358s] -- Set runtime path of "/home/buhrmann/ws_moveit/install/moveit_core/lib/libmoveit_test_utils.so.2.11.0" to ""
[122.358s] -- Up-to-date: /home/buhrmann/ws_moveit/install/moveit_core/lib/libmoveit_test_utils.so
[122.358s] -- Installing: /home/buhrmann/ws_moveit/install/moveit_core/lib/libmoveit_trajectory_processing.so.2.11.0
[122.359s] -- Set runtime path of "/home/buhrmann/ws_moveit/install/moveit_core/lib/libmoveit_trajectory_processing.so.2.11.0" to ""
[122.359s] -- Up-to-date: /home/buhrmann/ws_moveit/install/moveit_core/lib/libmoveit_trajectory_processing.so
[122.359s] -- Installing: /home/buhrmann/ws_moveit/install/moveit_core/lib/libmoveit_transforms.so.2.11.0
[122.359s] -- Set runtime path of "/home/buhrmann/ws_moveit/install/moveit_core/lib/libmoveit_transforms.so.2.11.0" to ""
[122.359s] -- Up-to-date: /home/buhrmann/ws_moveit/install/moveit_core/lib/libmoveit_transforms.so
[122.359s] -- Installing: /home/buhrmann/ws_moveit/install/moveit_core/lib/libmoveit_utils.so.2.11.0
[122.359s] -- Set runtime path of "/home/buhrmann/ws_moveit/install/moveit_core/lib/libmoveit_utils.so.2.11.0" to ""
[122.359s] -- Up-to-date: /home/buhrmann/ws_moveit/install/moveit_core/lib/libmoveit_utils.so
[122.360s] -- Up-to-date: /home/buhrmann/ws_moveit/install/moveit_core/share/moveit_core/environment/library_path.sh
[122.360s] -- Up-to-date: /home/buhrmann/ws_moveit/install/moveit_core/share/moveit_core/environment/library_path.dsv
[122.360s] -- Up-to-date: /home/buhrmann/ws_moveit/install/moveit_core/share/moveit_core/collision_detector_fcl_description.xml
[122.360s] -- Up-to-date: /home/buhrmann/ws_moveit/install/moveit_core/share/moveit_core/collision_detector_bullet_description.xml
[122.360s] -- Up-to-date: /home/buhrmann/ws_moveit/install/moveit_core/share/moveit_core/filter_plugin_acceleration.xml
[122.360s] -- Up-to-date: /home/buhrmann/ws_moveit/install/moveit_core/share/moveit_core/filter_plugin_butterworth.xml
[122.360s] -- Up-to-date: /home/buhrmann/ws_moveit/install/moveit_core/share/moveit_core/filter_plugin_ruckig.xml
[122.360s] -- Up-to-date: /home/buhrmann/ws_moveit/install/moveit_core/share/ament_index/resource_index/package_run_dependencies/moveit_core
[122.360s] -- Up-to-date: /home/buhrmann/ws_moveit/install/moveit_core/share/ament_index/resource_index/parent_prefix_path/moveit_core
[122.360s] -- Up-to-date: /home/buhrmann/ws_moveit/install/moveit_core/share/moveit_core/environment/ament_prefix_path.sh
[122.360s] -- Up-to-date: /home/buhrmann/ws_moveit/install/moveit_core/share/moveit_core/environment/ament_prefix_path.dsv
[122.360s] -- Up-to-date: /home/buhrmann/ws_moveit/install/moveit_core/share/moveit_core/environment/path.sh
[122.360s] -- Up-to-date: /home/buhrmann/ws_moveit/install/moveit_core/share/moveit_core/environment/path.dsv
[122.360s] -- Up-to-date: /home/buhrmann/ws_moveit/install/moveit_core/share/moveit_core/local_setup.bash
[122.360s] -- Up-to-date: /home/buhrmann/ws_moveit/install/moveit_core/share/moveit_core/local_setup.sh
[122.360s] -- Up-to-date: /home/buhrmann/ws_moveit/install/moveit_core/share/moveit_core/local_setup.zsh
[122.360s] -- Up-to-date: /home/buhrmann/ws_moveit/install/moveit_core/share/moveit_core/local_setup.dsv
[122.360s] -- Installing: /home/buhrmann/ws_moveit/install/moveit_core/share/moveit_core/package.dsv
[122.360s] -- Up-to-date: /home/buhrmann/ws_moveit/install/moveit_core/share/ament_index/resource_index/packages/moveit_core
[122.360s] -- Up-to-date: /home/buhrmann/ws_moveit/install/moveit_core/share/ament_index/resource_index/moveit_core__pluginlib__plugin/moveit_core
[122.361s] -- Up-to-date: /home/buhrmann/ws_moveit/install/moveit_core/share/moveit_core/cmake/moveit_coreTargetsExport.cmake
[122.361s] -- Up-to-date: /home/buhrmann/ws_moveit/install/moveit_core/share/moveit_core/cmake/moveit_coreTargetsExport-release.cmake
[122.361s] -- Up-to-date: /home/buhrmann/ws_moveit/install/moveit_core/share/moveit_core/cmake/ConfigExtras.cmake
[122.361s] -- Up-to-date: /home/buhrmann/ws_moveit/install/moveit_core/share/moveit_core/cmake/ament_cmake_export_targets-extras.cmake
[122.361s] -- Up-to-date: /home/buhrmann/ws_moveit/install/moveit_core/share/moveit_core/cmake/ament_cmake_export_dependencies-extras.cmake
[122.361s] -- Up-to-date: /home/buhrmann/ws_moveit/install/moveit_core/share/moveit_core/cmake/moveit_coreConfig.cmake
[122.361s] -- Up-to-date: /home/buhrmann/ws_moveit/install/moveit_core/share/moveit_core/cmake/moveit_coreConfig-version.cmake
[122.361s] -- Up-to-date: /home/buhrmann/ws_moveit/install/moveit_core/share/moveit_core/package.xml
[122.363s] Invoked command in '/home/buhrmann/ws_moveit/build/moveit_core' returned '0': CMAKE_PREFIX_PATH=/home/buhrmann/ws_moveit/install/moveit_resources_panda_moveit_config:/home/buhrmann/ws_moveit/install/moveit_resources_pr2_description:/home/buhrmann/ws_moveit/install/moveit_resources_panda_description:/home/buhrmann/ws_moveit/install/moveit_msgs:/home/buhrmann/ws_moveit/install/moveit_common:/home/buhrmann/ws_moveit/install/ur5_moveit_test:/home/buhrmann/ws_moveit/install/ur5_camera_moveit_config2:/home/buhrmann/ws_moveit/install/ur5_camera_moveit_config:/home/buhrmann/ws_moveit/install/ur5_description_controller:/home/buhrmann/ws_moveit/install/ur3_camera_moveit_config:/home/buhrmann/ws_moveit/install/ur3_description_controller:/home/buhrmann/ws_moveit/install/robotiq_hardware_tests:/home/buhrmann/ws_moveit/install/robotiq_driver:/home/buhrmann/ws_moveit/install/serial:/home/buhrmann/ws_moveit/install/moveit2_tutorials:/home/buhrmann/ws_moveit/install/moveit_visual_tools:/home/buhrmann/ws_moveit/install/rviz_visual_tools:/home/buhrmann/ws_moveit/install/moveit_task_constructor_visualization:/home/buhrmann/ws_moveit/install/moveit_task_constructor_demo:/home/buhrmann/ws_moveit/install/moveit_task_constructor_capabilities:/home/buhrmann/ws_moveit/install/moveit_task_constructor_core:/home/buhrmann/ws_moveit/install/rviz_marker_tools:/home/buhrmann/ws_moveit/install/picknik_accessories:/home/buhrmann/ws_moveit/install/kortex_bringup:/home/buhrmann/ws_moveit/install/kinova_gen3_lite_moveit_config:/home/buhrmann/ws_moveit/install/kinova_gen3_7dof_robotiq_2f_85_moveit_config:/home/buhrmann/ws_moveit/install/kinova_gen3_6dof_robotiq_2f_85_moveit_config:/home/buhrmann/ws_moveit/install/kortex_description:/home/buhrmann/ws_moveit/install/robotiq_description:/home/buhrmann/ws_moveit/install/robotiq_controllers:/home/buhrmann/ws_moveit/install/ppf_test_pkg:/home/buhrmann/ws_moveit/install/point_cloud_circle_detector:/home/buhrmann/ws_moveit/install/pilz_industrial_motion_planner_testutils:/home/buhrmann/ws_moveit/install/moveit_runtime:/home/buhrmann/ws_moveit/install/moveit:/home/buhrmann/ws_moveit/install/moveit_planners:/home/buhrmann/ws_moveit/install/pilz_industrial_motion_planner:/home/buhrmann/ws_moveit/install/pick_ik:/home/buhrmann/ws_moveit/install/object_detection_pcl:/home/buhrmann/ws_moveit/install/object_detection:/home/buhrmann/ws_moveit/install/object_creation:/home/buhrmann/ws_moveit/install/moveit_task_constructor_msgs:/home/buhrmann/ws_moveit/install/moveit_ros_control_interface:/home/buhrmann/ws_moveit/install/moveit_plugins:/home/buhrmann/ws_moveit/install/moveit_simple_controller_manager:/home/buhrmann/ws_moveit/install/moveit_setup_assistant:/home/buhrmann/ws_moveit/install/moveit_setup_srdf_plugins:/home/buhrmann/ws_moveit/install/moveit_setup_core_plugins:/home/buhrmann/ws_moveit/install/moveit_setup_controllers:/home/buhrmann/ws_moveit/install/moveit_setup_app_plugins:/home/buhrmann/ws_moveit/install/moveit_setup_framework:/home/buhrmann/ws_moveit/install/moveit_servo:/home/buhrmann/ws_moveit/install/moveit_ros_trajectory_cache:/home/buhrmann/ws_moveit/install/moveit_ros:/home/buhrmann/ws_moveit/install/moveit_ros_visualization:/home/buhrmann/ws_moveit/install/moveit_py:/home/buhrmann/ws_moveit/install/moveit_hybrid_planning:/home/buhrmann/ws_moveit/install/edit_planning_scene:/home/buhrmann/ws_moveit/install/moveit_ros_planning_interface:/home/buhrmann/ws_moveit/install/moveit_ros_benchmarks:/home/buhrmann/ws_moveit/install/moveit_ros_warehouse:/home/buhrmann/ws_moveit/install/moveit_ros_robot_interaction:/home/buhrmann/ws_moveit/install/moveit_ros_perception:/home/buhrmann/ws_moveit/install/moveit_resources_prbt_pg70_support:/home/buhrmann/ws_moveit/install/moveit_resources_prbt_moveit_config:/home/buhrmann/ws_moveit/install/moveit_ros_move_group:/home/buhrmann/ws_moveit/install/moveit_planners_ompl:/home/buhrmann/ws_moveit/install/moveit_kinematics:/home/buhrmann/ws_moveit/install/moveit_ros_planning:/home/buhrmann/ws_moveit/install/moveit_ros_occupancy_map_monitor:/home/buhrmann/ws_moveit/install/moveit_resources_prbt_support:/home/buhrmann/ws_moveit/install/moveit_resources_prbt_ikfast_manipulator_plugin:/home/buhrmann/ws_moveit/install/moveit_resources:/home/buhrmann/ws_moveit/install/dual_arm_panda_moveit_config:/home/buhrmann/ws_moveit/install/moveit_resources_fanuc_moveit_config:/home/buhrmann/ws_moveit/install/moveit_resources_fanuc_description:/home/buhrmann/ws_moveit/install/moveit_planners_stomp:/home/buhrmann/ws_moveit/install/moveit_planners_chomp:/home/buhrmann/ws_moveit/install/chomp_motion_planner:/home/buhrmann/ws_moveit/install/moveit_core:/home/buhrmann/ws_moveit/install/kortex_driver:/home/buhrmann/ws_moveit/install/kortex_api:/home/buhrmann/ws_moveit/install/common_services_package:/home/buhrmann/ws_moveit/install/ros2_azure_bridge:/home/buhrmann/ws_moveit/install/moveit_configs_utils:/opt/ros/iron LD_LIBRARY_PATH=/home/buhrmann/ws_moveit/install/moveit_msgs/lib:/home/buhrmann/ws_moveit/install/robotiq_driver/lib:/home/buhrmann/ws_moveit/install/serial/lib:/home/buhrmann/ws_moveit/install/moveit_visual_tools/lib:/home/buhrmann/ws_moveit/install/rviz_visual_tools/lib:/home/buhrmann/ws_moveit/install/moveit_task_constructor_visualization/lib:/home/buhrmann/ws_moveit/install/moveit_task_constructor_demo/lib:/home/buhrmann/ws_moveit/install/moveit_task_constructor_capabilities/lib:/home/buhrmann/ws_moveit/install/moveit_task_constructor_core/lib:/home/buhrmann/ws_moveit/install/rviz_marker_tools/lib:/home/buhrmann/ws_moveit/install/robotiq_controllers/lib:/home/buhrmann/ws_moveit/install/pilz_industrial_motion_planner_testutils/lib:/home/buhrmann/ws_moveit/install/pilz_industrial_motion_planner/lib:/home/buhrmann/ws_moveit/install/pick_ik/lib:/home/buhrmann/ws_moveit/install/moveit_task_constructor_msgs/lib:/home/buhrmann/ws_moveit/install/moveit_ros_control_interface/lib:/home/buhrmann/ws_moveit/install/moveit_simple_controller_manager/lib:/home/buhrmann/ws_moveit/install/moveit_setup_assistant/lib:/home/buhrmann/ws_moveit/install/moveit_setup_srdf_plugins/lib:/home/buhrmann/ws_moveit/install/moveit_setup_core_plugins/lib:/home/buhrmann/ws_moveit/install/moveit_setup_controllers/lib:/home/buhrmann/ws_moveit/install/moveit_setup_app_plugins/lib:/home/buhrmann/ws_moveit/install/moveit_setup_framework/lib:/home/buhrmann/ws_moveit/install/moveit_servo/lib:/home/buhrmann/ws_moveit/install/moveit_ros_trajectory_cache/lib:/home/buhrmann/ws_moveit/install/moveit_ros_visualization/lib:/home/buhrmann/ws_moveit/install/moveit_py/lib:/home/buhrmann/ws_moveit/install/moveit_hybrid_planning/lib:/home/buhrmann/ws_moveit/install/moveit_ros_planning_interface/lib:/home/buhrmann/ws_moveit/install/moveit_ros_benchmarks/lib:/home/buhrmann/ws_moveit/install/moveit_ros_warehouse/lib:/home/buhrmann/ws_moveit/install/moveit_ros_robot_interaction/lib:/home/buhrmann/ws_moveit/install/moveit_ros_perception/lib:/home/buhrmann/ws_moveit/install/moveit_ros_move_group/lib:/home/buhrmann/ws_moveit/install/moveit_planners_ompl/lib:/home/buhrmann/ws_moveit/install/moveit_kinematics/lib:/home/buhrmann/ws_moveit/install/moveit_ros_planning/lib:/home/buhrmann/ws_moveit/install/moveit_ros_occupancy_map_monitor/lib:/home/buhrmann/ws_moveit/install/moveit_resources_prbt_ikfast_manipulator_plugin/lib:/home/buhrmann/ws_moveit/install/moveit_planners_stomp/lib:/home/buhrmann/ws_moveit/install/moveit_planners_chomp/lib:/home/buhrmann/ws_moveit/install/chomp_motion_planner/lib:/home/buhrmann/ws_moveit/install/moveit_core/lib:/home/buhrmann/ws_moveit/install/kortex_driver/lib:/home/buhrmann/ws_moveit/install/common_services_package/lib:/opt/ros/iron/opt/rviz_ogre_vendor/lib:/opt/ros/iron/lib/x86_64-linux-gnu:/opt/ros/iron/lib:/usr/lib/jvm/java-11-openjdk-amd64/lib/amd64 PYTHONPATH=/home/buhrmann/ws_moveit/install/moveit_msgs/lib/python3.10/site-packages:/home/buhrmann/ws_moveit/install/moveit_task_constructor_core/lib/python3.10/site-packages:/home/buhrmann/ws_moveit/install/ros2_azure_bridge/lib/python3.10/site-packages:/home/buhrmann/ws_moveit/install/moveit_task_constructor_msgs/lib/python3.10/site-packages:/home/buhrmann/ws_moveit/install/moveit_py/lib/python3.10/site-packages:/home/buhrmann/ws_moveit/install/moveit_configs_utils/lib/python3.10/site-packages:/home/buhrmann/ws_moveit/install/common_services_package/lib/python3.10/site-packages:/opt/ros/iron/lib/python3.10/site-packages /usr/bin/cmake --install /home/buhrmann/ws_moveit/build/moveit_core
