[0.025s] Invoking command in '/home/buhrmann/ws_moveit/build/moveit_core': CMAKE_PREFIX_PATH=/home/buhrmann/ws_moveit/install/moveit_resources_panda_moveit_config:/home/buhrmann/ws_moveit/install/moveit_resources_pr2_description:/home/buhrmann/ws_moveit/install/moveit_resources_panda_description:/home/buhrmann/ws_moveit/install/moveit_msgs:/home/buhrmann/ws_moveit/install/moveit_common:/home/buhrmann/ws_moveit/install/ur5_moveit_test:/home/buhrmann/ws_moveit/install/ur5_camera_moveit_config2:/home/buhrmann/ws_moveit/install/ur5_camera_moveit_config:/home/buhrmann/ws_moveit/install/ur5_description_controller:/home/buhrmann/ws_moveit/install/ur3_camera_moveit_config:/home/buhrmann/ws_moveit/install/ur3_description_controller:/home/buhrmann/ws_moveit/install/robotiq_hardware_tests:/home/buhrmann/ws_moveit/install/robotiq_driver:/home/buhrmann/ws_moveit/install/serial:/home/buhrmann/ws_moveit/install/moveit2_tutorials:/home/buhrmann/ws_moveit/install/moveit_visual_tools:/home/buhrmann/ws_moveit/install/rviz_visual_tools:/home/buhrmann/ws_moveit/install/moveit_task_constructor_visualization:/home/buhrmann/ws_moveit/install/moveit_task_constructor_demo:/home/buhrmann/ws_moveit/install/moveit_task_constructor_capabilities:/home/buhrmann/ws_moveit/install/moveit_task_constructor_core:/home/buhrmann/ws_moveit/install/rviz_marker_tools:/home/buhrmann/ws_moveit/install/picknik_accessories:/home/buhrmann/ws_moveit/install/kortex_bringup:/home/buhrmann/ws_moveit/install/kinova_gen3_lite_moveit_config:/home/buhrmann/ws_moveit/install/kinova_gen3_7dof_robotiq_2f_85_moveit_config:/home/buhrmann/ws_moveit/install/kinova_gen3_6dof_robotiq_2f_85_moveit_config:/home/buhrmann/ws_moveit/install/kortex_description:/home/buhrmann/ws_moveit/install/robotiq_description:/home/buhrmann/ws_moveit/install/robotiq_controllers:/home/buhrmann/ws_moveit/install/ppf_test_pkg:/home/buhrmann/ws_moveit/install/point_cloud_circle_detector:/home/buhrmann/ws_moveit/install/pilz_industrial_motion_planner_testutils:/home/buhrmann/ws_moveit/install/moveit_runtime:/home/buhrmann/ws_moveit/install/moveit:/home/buhrmann/ws_moveit/install/moveit_planners:/home/buhrmann/ws_moveit/install/pilz_industrial_motion_planner:/home/buhrmann/ws_moveit/install/pick_ik:/home/buhrmann/ws_moveit/install/object_detection_pcl:/home/buhrmann/ws_moveit/install/object_detection:/home/buhrmann/ws_moveit/install/object_creation:/home/buhrmann/ws_moveit/install/moveit_task_constructor_msgs:/home/buhrmann/ws_moveit/install/moveit_ros_control_interface:/home/buhrmann/ws_moveit/install/moveit_plugins:/home/buhrmann/ws_moveit/install/moveit_simple_controller_manager:/home/buhrmann/ws_moveit/install/moveit_setup_assistant:/home/buhrmann/ws_moveit/install/moveit_setup_srdf_plugins:/home/buhrmann/ws_moveit/install/moveit_setup_core_plugins:/home/buhrmann/ws_moveit/install/moveit_setup_controllers:/home/buhrmann/ws_moveit/install/moveit_setup_app_plugins:/home/buhrmann/ws_moveit/install/moveit_setup_framework:/home/buhrmann/ws_moveit/install/moveit_servo:/home/buhrmann/ws_moveit/install/moveit_ros_trajectory_cache:/home/buhrmann/ws_moveit/install/moveit_ros:/home/buhrmann/ws_moveit/install/moveit_ros_visualization:/home/buhrmann/ws_moveit/install/moveit_py:/home/buhrmann/ws_moveit/install/moveit_hybrid_planning:/home/buhrmann/ws_moveit/install/edit_planning_scene:/home/buhrmann/ws_moveit/install/moveit_ros_planning_interface:/home/buhrmann/ws_moveit/install/moveit_ros_benchmarks:/home/buhrmann/ws_moveit/install/moveit_ros_warehouse:/home/buhrmann/ws_moveit/install/moveit_ros_robot_interaction:/home/buhrmann/ws_moveit/install/moveit_ros_perception:/home/buhrmann/ws_moveit/install/moveit_resources_prbt_pg70_support:/home/buhrmann/ws_moveit/install/moveit_resources_prbt_moveit_config:/home/buhrmann/ws_moveit/install/moveit_ros_move_group:/home/buhrmann/ws_moveit/install/moveit_planners_ompl:/home/buhrmann/ws_moveit/install/moveit_kinematics:/home/buhrmann/ws_moveit/install/moveit_ros_planning:/home/buhrmann/ws_moveit/install/moveit_ros_occupancy_map_monitor:/home/buhrmann/ws_moveit/install/moveit_resources_prbt_support:/home/buhrmann/ws_moveit/install/moveit_resources_prbt_ikfast_manipulator_plugin:/home/buhrmann/ws_moveit/install/moveit_resources:/home/buhrmann/ws_moveit/install/dual_arm_panda_moveit_config:/home/buhrmann/ws_moveit/install/moveit_resources_fanuc_moveit_config:/home/buhrmann/ws_moveit/install/moveit_resources_fanuc_description:/home/buhrmann/ws_moveit/install/moveit_planners_stomp:/home/buhrmann/ws_moveit/install/moveit_planners_chomp:/home/buhrmann/ws_moveit/install/chomp_motion_planner:/home/buhrmann/ws_moveit/install/moveit_core:/home/buhrmann/ws_moveit/install/kortex_driver:/home/buhrmann/ws_moveit/install/kortex_api:/home/buhrmann/ws_moveit/install/moveit_configs_utils:/opt/ros/iron LD_LIBRARY_PATH=/home/buhrmann/ws_moveit/install/moveit_msgs/lib:/home/buhrmann/ws_moveit/install/robotiq_driver/lib:/home/buhrmann/ws_moveit/install/serial/lib:/home/buhrmann/ws_moveit/install/moveit_visual_tools/lib:/home/buhrmann/ws_moveit/install/rviz_visual_tools/lib:/home/buhrmann/ws_moveit/install/moveit_task_constructor_visualization/lib:/home/buhrmann/ws_moveit/install/moveit_task_constructor_demo/lib:/home/buhrmann/ws_moveit/install/moveit_task_constructor_capabilities/lib:/home/buhrmann/ws_moveit/install/moveit_task_constructor_core/lib:/home/buhrmann/ws_moveit/install/rviz_marker_tools/lib:/home/buhrmann/ws_moveit/install/robotiq_controllers/lib:/home/buhrmann/ws_moveit/install/pilz_industrial_motion_planner_testutils/lib:/home/buhrmann/ws_moveit/install/pilz_industrial_motion_planner/lib:/home/buhrmann/ws_moveit/install/pick_ik/lib:/home/buhrmann/ws_moveit/install/moveit_task_constructor_msgs/lib:/home/buhrmann/ws_moveit/install/moveit_ros_control_interface/lib:/home/buhrmann/ws_moveit/install/moveit_simple_controller_manager/lib:/home/buhrmann/ws_moveit/install/moveit_setup_assistant/lib:/home/buhrmann/ws_moveit/install/moveit_setup_srdf_plugins/lib:/home/buhrmann/ws_moveit/install/moveit_setup_core_plugins/lib:/home/buhrmann/ws_moveit/install/moveit_setup_controllers/lib:/home/buhrmann/ws_moveit/install/moveit_setup_app_plugins/lib:/home/buhrmann/ws_moveit/install/moveit_setup_framework/lib:/home/buhrmann/ws_moveit/install/moveit_servo/lib:/home/buhrmann/ws_moveit/install/moveit_ros_trajectory_cache/lib:/home/buhrmann/ws_moveit/install/moveit_ros_visualization/lib:/home/buhrmann/ws_moveit/install/moveit_py/lib:/home/buhrmann/ws_moveit/install/moveit_hybrid_planning/lib:/home/buhrmann/ws_moveit/install/moveit_ros_planning_interface/lib:/home/buhrmann/ws_moveit/install/moveit_ros_benchmarks/lib:/home/buhrmann/ws_moveit/install/moveit_ros_warehouse/lib:/home/buhrmann/ws_moveit/install/moveit_ros_robot_interaction/lib:/home/buhrmann/ws_moveit/install/moveit_ros_perception/lib:/home/buhrmann/ws_moveit/install/moveit_ros_move_group/lib:/home/buhrmann/ws_moveit/install/moveit_planners_ompl/lib:/home/buhrmann/ws_moveit/install/moveit_kinematics/lib:/home/buhrmann/ws_moveit/install/moveit_ros_planning/lib:/home/buhrmann/ws_moveit/install/moveit_ros_occupancy_map_monitor/lib:/home/buhrmann/ws_moveit/install/moveit_resources_prbt_ikfast_manipulator_plugin/lib:/home/buhrmann/ws_moveit/install/moveit_planners_stomp/lib:/home/buhrmann/ws_moveit/install/moveit_planners_chomp/lib:/home/buhrmann/ws_moveit/install/chomp_motion_planner/lib:/home/buhrmann/ws_moveit/install/moveit_core/lib:/home/buhrmann/ws_moveit/install/kortex_driver/lib:/opt/ros/iron/opt/rviz_ogre_vendor/lib:/opt/ros/iron/lib/x86_64-linux-gnu:/opt/ros/iron/lib:/usr/lib/jvm/java-11-openjdk-amd64/lib/amd64 PYTHONPATH=/home/buhrmann/ws_moveit/install/moveit_msgs/lib/python3.10/site-packages:/home/buhrmann/ws_moveit/install/moveit_task_constructor_core/lib/python3.10/site-packages:/home/buhrmann/ws_moveit/install/moveit_task_constructor_msgs/lib/python3.10/site-packages:/home/buhrmann/ws_moveit/install/moveit_py/lib/python3.10/site-packages:/home/buhrmann/ws_moveit/install/moveit_configs_utils/lib/python3.10/site-packages:/opt/ros/iron/lib/python3.10/site-packages /usr/bin/cmake --build /home/buhrmann/ws_moveit/build/moveit_core -- -j28 -l28
[0.108s] [  2%] [34m[1mGenerate version header[0m
[0.108s] [  2%] [32mBuilding CXX object gtest/CMakeFiles/gtest_main.dir/src/gtest_main.cc.o[0m
[0.108s] [  2%] Built target moveit_ruckig_filter_parameters
[0.108s] [  2%] Built target moveit_butterworth_filter_parameters
[0.110s] [  3%] [32mBuilding CXX object gmock/CMakeFiles/gmock.dir/src/gmock-all.cc.o[0m
[0.110s] [  3%] [32mBuilding CXX object gmock/CMakeFiles/gmock.dir/opt/ros/iron/src/gtest_vendor/src/gtest-all.cc.o[0m
[0.110s] [  3%] [32mBuilding CXX object gtest/CMakeFiles/gtest.dir/src/gtest-all.cc.o[0m
[0.114s] [  3%] [32mBuilding CXX object utils/CMakeFiles/moveit_utils.dir/src/message_checks.cpp.o[0m
[0.115s] [  4%] [32mBuilding CXX object gmock/CMakeFiles/gmock_main.dir/src/gmock_main.cc.o[0m
[0.116s] [  5%] [32mBuilding CXX object utils/CMakeFiles/moveit_utils.dir/src/lexical_casts.cpp.o[0m
[0.116s] [  6%] Built target moveit_acceleration_filter_parameters
[0.117s] [  7%] [32mBuilding CXX object utils/CMakeFiles/moveit_utils.dir/src/rclcpp_utils.cpp.o[0m
[0.122s] [  7%] [32mBuilding CXX object online_signal_smoothing/CMakeFiles/moveit_smoothing_base.dir/src/smoothing_base_class.cpp.o[0m
[0.124s] [  8%] [32mBuilding CXX object utils/CMakeFiles/moveit_utils.dir/src/logger.cpp.o[0m
[0.167s] [  9%] [34m[1mGenerating version.h[0m
[0.195s] [  9%] Built target version_h
[0.258s] [ 10%] [32mBuilding CXX object version/CMakeFiles/moveit_version.dir/version.cpp.o[0m
[1.064s] [ 10%] [32m[1mLinking CXX executable moveit_version[0m
[1.194s] [ 11%] [32m[1mLinking CXX static library libgtest_main.a[0m
[1.285s] [ 11%] Built target moveit_version
[1.346s] [ 11%] Built target gtest_main
[2.343s] [ 12%] [32m[1mLinking CXX static library libgmock_main.a[0m
[2.462s] [ 12%] Built target gmock_main
[5.201s] [ 12%] [32m[1mLinking CXX shared library libmoveit_utils.so[0m
[5.368s] [ 12%] Built target moveit_utils
[5.397s] [ 12%] [32mBuilding CXX object utils/test/CMakeFiles/logger_dut.dir/logger_dut.cpp.o[0m
[5.401s] [ 12%] [32mBuilding CXX object exceptions/CMakeFiles/moveit_exceptions.dir/src/exceptions.cpp.o[0m
[5.403s] [ 13%] [32mBuilding CXX object transforms/CMakeFiles/moveit_transforms.dir/src/transforms.cpp.o[0m
[5.413s] [ 13%] [32mBuilding CXX object distance_field/CMakeFiles/moveit_distance_field.dir/src/propagation_distance_field.cpp.o[0m
[5.414s] [ 15%] [32mBuilding CXX object distance_field/CMakeFiles/moveit_distance_field.dir/src/distance_field.cpp.o[0m
[5.414s] [ 15%] [32mBuilding CXX object distance_field/CMakeFiles/moveit_distance_field.dir/src/find_internal_points.cpp.o[0m
[5.959s] [ 16%] [32m[1mLinking CXX shared library libmoveit_exceptions.so[0m
[6.083s] [ 16%] Built target moveit_exceptions
[6.120s] [ 17%] [32mBuilding CXX object robot_model/CMakeFiles/moveit_robot_model.dir/src/joint_model.cpp.o[0m
[6.120s] [ 18%] [32mBuilding CXX object robot_model/CMakeFiles/moveit_robot_model.dir/src/aabb.cpp.o[0m
[6.121s] [ 18%] [32mBuilding CXX object robot_model/CMakeFiles/moveit_robot_model.dir/src/fixed_joint_model.cpp.o[0m
[6.121s] [ 18%] [32mBuilding CXX object robot_model/CMakeFiles/moveit_robot_model.dir/src/floating_joint_model.cpp.o[0m
[6.123s] [ 19%] [32mBuilding CXX object robot_model/CMakeFiles/moveit_robot_model.dir/src/joint_model_group.cpp.o[0m
[6.123s] [ 19%] [32mBuilding CXX object robot_model/CMakeFiles/moveit_robot_model.dir/src/link_model.cpp.o[0m
[6.124s] [ 20%] [32mBuilding CXX object robot_model/CMakeFiles/moveit_robot_model.dir/src/planar_joint_model.cpp.o[0m
[6.125s] [ 20%] [32mBuilding CXX object robot_model/CMakeFiles/moveit_robot_model.dir/src/prismatic_joint_model.cpp.o[0m
[6.126s] [ 20%] [32mBuilding CXX object robot_model/CMakeFiles/moveit_robot_model.dir/src/robot_model.cpp.o[0m
[6.129s] [ 21%] [32mBuilding CXX object robot_model/CMakeFiles/moveit_robot_model.dir/src/revolute_joint_model.cpp.o[0m
[6.506s] [ 22%] [32m[1mLinking CXX shared library libmoveit_smoothing_base.so[0m
[6.907s] [ 22%] Built target moveit_smoothing_base
[8.547s] [ 22%] [32m[1mLinking CXX static library libgmock.a[0m
[8.605s] [ 22%] Built target gmock
[8.762s] [ 23%] [32m[1mLinking CXX executable logger_dut[0m
[8.915s] [ 23%] Built target logger_dut
[9.328s] [ 24%] [32m[1mLinking CXX static library libgtest.a[0m
[9.396s] [ 24%] Built target gtest
[12.213s] [ 25%] [32m[1mLinking CXX shared library libmoveit_distance_field.so[0m
[12.390s] [ 25%] Built target moveit_distance_field
[12.424s] [ 26%] [32mBuilding CXX object distance_field/CMakeFiles/test_voxel_grid.dir/test/test_voxel_grid.cpp.o[0m
[12.429s] [ 27%] [32mBuilding CXX object distance_field/CMakeFiles/test_distance_field.dir/test/test_distance_field.cpp.o[0m
[12.556s] [ 27%] [32m[1mLinking CXX shared library libmoveit_transforms.so[0m
[12.697s] [ 27%] Built target moveit_transforms
[12.735s] [ 27%] [32mBuilding CXX object transforms/CMakeFiles/test_transforms.dir/test/test_transforms.cpp.o[0m
[13.424s] [ 28%] [32m[1mLinking CXX shared library libmoveit_robot_model.so[0m
[13.567s] [ 28%] Built target moveit_robot_model
[13.604s] [ 28%] [32mBuilding CXX object kinematics_base/CMakeFiles/moveit_kinematics_base.dir/src/kinematics_base.cpp.o[0m
[13.612s] [ 28%] [32mBuilding CXX object online_signal_smoothing/CMakeFiles/moveit_butterworth_filter.dir/src/butterworth_filter.cpp.o[0m
[14.651s] [ 29%] [32m[1mLinking CXX executable test_transforms[0m
[14.844s] [ 29%] Built target test_transforms
[15.850s] [ 29%] [32m[1mLinking CXX executable test_voxel_grid[0m
[16.450s] [ 29%] Built target test_voxel_grid
[16.688s] [ 30%] [32m[1mLinking CXX shared library libmoveit_kinematics_base.so[0m
[16.798s] [ 30%] Built target moveit_kinematics_base
[16.835s] [ 30%] [32mBuilding CXX object robot_state/CMakeFiles/moveit_robot_state.dir/src/conversions.cpp.o[0m
[16.835s] [ 30%] [32mBuilding CXX object robot_state/CMakeFiles/moveit_robot_state.dir/src/cartesian_interpolator.cpp.o[0m
[16.836s] [ 31%] [32mBuilding CXX object robot_state/CMakeFiles/moveit_robot_state.dir/src/attached_body.cpp.o[0m
[16.839s] [ 32%] [32mBuilding CXX object robot_state/CMakeFiles/moveit_robot_state.dir/src/robot_state.cpp.o[0m
[16.847s] [ 32%] [32mBuilding CXX object utils/CMakeFiles/moveit_test_utils.dir/src/robot_model_test_utils.cpp.o[0m
[18.885s] [ 33%] [32m[1mLinking CXX shared library libmoveit_butterworth_filter.so[0m
[19.066s] [ 33%] Built target moveit_butterworth_filter
[19.107s] [ 34%] [32mBuilding CXX object online_signal_smoothing/CMakeFiles/test_butterworth_filter.dir/test/test_butterworth_filter.cpp.o[0m
[19.276s] [ 34%] [32m[1mLinking CXX executable test_distance_field[0m
[19.524s] [ 34%] Built target test_distance_field
[24.025s] [ 34%] [32m[1mLinking CXX executable test_butterworth_filter[0m
[24.154s] [ 34%] Built target test_butterworth_filter
[26.973s] [ 35%] [32m[1mLinking CXX shared library libmoveit_test_utils.so[0m
[27.090s] [ 35%] Built target moveit_test_utils
[27.116s] [ 36%] [32mBuilding CXX object robot_model/CMakeFiles/test_robot_model.dir/test/test.cpp.o[0m
[29.868s] [ 36%] [32m[1mLinking CXX executable test_robot_model[0m
[30.021s] [ 36%] Built target test_robot_model
[31.419s] [ 37%] [32m[1mLinking CXX shared library libmoveit_robot_state.so[0m
[31.564s] [ 37%] Built target moveit_robot_state
[31.592s] [ 37%] [32mBuilding CXX object kinematics_metrics/CMakeFiles/moveit_kinematics_metrics.dir/src/kinematics_metrics.cpp.o[0m
[31.594s] [ 38%] [32mBuilding CXX object robot_state/CMakeFiles/test_robot_state_complex.dir/test/test_kinematic_complex.cpp.o[0m
[31.595s] [ 39%] [32mBuilding CXX object robot_state/CMakeFiles/test_cartesian_interpolator.dir/test/test_cartesian_interpolator.cpp.o[0m
[31.597s] [ 40%] [32mBuilding CXX object robot_state/CMakeFiles/test_aabb.dir/test/test_aabb.cpp.o[0m
[31.600s] [ 41%] [32mBuilding CXX object robot_state/CMakeFiles/test_robot_state.dir/test/robot_state_test.cpp.o[0m
[31.601s] [ 41%] [32mBuilding CXX object robot_trajectory/CMakeFiles/moveit_robot_trajectory.dir/src/robot_trajectory.cpp.o[0m
[31.601s] [ 41%] [32mBuilding CXX object online_signal_smoothing/CMakeFiles/moveit_ruckig_filter.dir/src/ruckig_filter.cpp.o[0m
[31.601s] [ 41%] [32mBuilding CXX object dynamics_solver/CMakeFiles/moveit_dynamics_solver.dir/src/dynamics_solver.cpp.o[0m
[31.601s] [ 42%] [32mBuilding CXX object robot_state/CMakeFiles/robot_state_benchmark.dir/test/robot_state_benchmark.cpp.o[0m
[31.602s] [ 43%] [32mBuilding CXX object collision_detection/CMakeFiles/moveit_collision_detection.dir/src/allvalid/collision_env_allvalid.cpp.o[0m
[31.602s] [ 43%] [32mBuilding CXX object collision_detection/CMakeFiles/moveit_collision_detection.dir/src/collision_common.cpp.o[0m
[31.602s] [ 44%] [32mBuilding CXX object online_signal_smoothing/CMakeFiles/moveit_acceleration_filter.dir/src/acceleration_filter.cpp.o[0m
[31.603s] [ 45%] [32mBuilding CXX object collision_detection/CMakeFiles/moveit_collision_detection.dir/src/collision_matrix.cpp.o[0m
[31.607s] [ 45%] [32mBuilding CXX object collision_detection/CMakeFiles/moveit_collision_detection.dir/src/collision_tools.cpp.o[0m
[31.609s] [ 46%] [32mBuilding CXX object collision_detection/CMakeFiles/moveit_collision_detection.dir/src/world.cpp.o[0m
[31.610s] [ 46%] [32mBuilding CXX object collision_detection/CMakeFiles/moveit_collision_detection.dir/src/world_diff.cpp.o[0m
[31.610s] [ 47%] [32mBuilding CXX object collision_detection/CMakeFiles/moveit_collision_detection.dir/src/collision_octomap_filter.cpp.o[0m
[31.618s] [ 48%] [32mBuilding CXX object collision_detection/CMakeFiles/moveit_collision_detection.dir/src/collision_env.cpp.o[0m
[31.619s] [ 48%] [32mBuilding CXX object collision_detection/CMakeFiles/moveit_collision_detection.dir/src/collision_plugin_cache.cpp.o[0m
[37.428s] [ 48%] [32m[1mLinking CXX executable robot_state_benchmark[0m
[37.690s] [ 48%] Built target robot_state_benchmark
[37.876s] [ 49%] [32m[1mLinking CXX executable test_aabb[0m
[37.988s] [ 50%] [32m[1mLinking CXX executable test_cartesian_interpolator[0m
[38.098s] [ 50%] Built target test_aabb
[38.236s] [ 50%] Built target test_cartesian_interpolator
[38.577s] [ 51%] [32m[1mLinking CXX shared library libmoveit_dynamics_solver.so[0m
[38.602s] [ 51%] [32m[1mLinking CXX executable test_robot_state_complex[0m
[38.636s] [ 52%] [32m[1mLinking CXX shared library libmoveit_robot_trajectory.so[0m
[38.708s] [ 52%] Built target moveit_dynamics_solver
[38.752s] [ 53%] [32m[1mLinking CXX shared library libmoveit_ruckig_filter.so[0m
[38.795s] [ 53%] Built target moveit_robot_trajectory
[38.831s] [ 53%] Built target test_robot_state_complex
[38.831s] [ 53%] [32mBuilding CXX object trajectory_processing/CMakeFiles/moveit_trajectory_processing.dir/src/ruckig_traj_smoothing.cpp.o[0m
[38.831s] [ 54%] [32mBuilding CXX object robot_trajectory/CMakeFiles/test_robot_trajectory.dir/test/test_robot_trajectory.cpp.o[0m
[38.831s] [ 55%] [32mBuilding CXX object trajectory_processing/CMakeFiles/moveit_trajectory_processing.dir/src/trajectory_tools.cpp.o[0m
[38.832s] [ 56%] [32mBuilding CXX object trajectory_processing/CMakeFiles/moveit_trajectory_processing.dir/src/time_optimal_trajectory_generation.cpp.o[0m
[38.914s] [ 56%] Built target moveit_ruckig_filter
[39.752s] [ 56%] [32m[1mLinking CXX shared library libmoveit_acceleration_filter.so[0m
[39.901s] [ 56%] Built target moveit_acceleration_filter
[39.940s] [ 56%] [32mBuilding CXX object online_signal_smoothing/CMakeFiles/test_acceleration_filter.dir/test/test_acceleration_filter.cpp.o[0m
[40.746s] [ 57%] [32m[1mLinking CXX shared library libmoveit_collision_detection.so[0m
[40.959s] [ 57%] Built target moveit_collision_detection
[40.986s] [ 57%] [32mBuilding CXX object collision_detection/CMakeFiles/test_all_valid.dir/test/test_all_valid.cpp.o[0m
[40.987s] [ 59%] [32mBuilding CXX object collision_detection/CMakeFiles/test_world_diff.dir/test/test_world_diff.cpp.o[0m
[40.987s] [ 59%] [32mBuilding CXX object collision_detection/CMakeFiles/test_world.dir/test/test_world.cpp.o[0m
[41.003s] [ 59%] [32mBuilding CXX object collision_detection_fcl/CMakeFiles/moveit_collision_detection_fcl.dir/src/collision_common.cpp.o[0m
[41.006s] [ 60%] [32mBuilding CXX object collision_detection_fcl/CMakeFiles/moveit_collision_detection_fcl.dir/src/collision_env_fcl.cpp.o[0m
[41.011s] [ 61%] [32mBuilding CXX object collision_detection_bullet/CMakeFiles/moveit_collision_detection_bullet.dir/src/bullet_integration/bullet_utils.cpp.o[0m
[41.015s] [ 61%] [32mBuilding CXX object collision_detection_bullet/CMakeFiles/moveit_collision_detection_bullet.dir/src/collision_env_bullet.cpp.o[0m
[41.015s] [ 63%] [32mBuilding CXX object collision_detection_bullet/CMakeFiles/moveit_collision_detection_bullet.dir/src/bullet_integration/bullet_bvh_manager.cpp.o[0m
[41.016s] [ 63%] [32mBuilding CXX object collision_detection_bullet/CMakeFiles/moveit_collision_detection_bullet.dir/src/bullet_integration/contact_checker_common.cpp.o[0m
[41.016s] [ 63%] [32mBuilding CXX object collision_detection_bullet/CMakeFiles/moveit_collision_detection_bullet.dir/src/bullet_integration/bullet_discrete_bvh_manager.cpp.o[0m
[41.016s] [ 63%] [32mBuilding CXX object collision_detection_bullet/CMakeFiles/moveit_collision_detection_bullet.dir/src/bullet_integration/bullet_cast_bvh_manager.cpp.o[0m
[41.022s] [ 64%] [32mBuilding CXX object collision_detection_bullet/CMakeFiles/moveit_collision_detection_bullet.dir/src/bullet_integration/ros_bullet_utils.cpp.o[0m
[44.678s] [ 64%] [32m[1mLinking CXX executable test_robot_state[0m
[45.065s] [ 64%] Built target test_robot_state
[46.120s] [ 65%] [32m[1mLinking CXX executable test_robot_trajectory[0m
[46.206s] [ 65%] [32m[1mLinking CXX executable test_world_diff[0m
[46.374s] [ 65%] Built target test_robot_trajectory
[46.432s] [ 65%] Built target test_world_diff
[46.795s] [ 66%] [32m[1mLinking CXX shared library libmoveit_kinematics_metrics.so[0m
[46.849s] [ 66%] [32m[1mLinking CXX executable test_world[0m
[46.937s] [ 66%] Built target moveit_kinematics_metrics
[47.046s] [ 66%] Built target test_world
[47.498s] [ 66%] [32m[1mLinking CXX shared library libmoveit_trajectory_processing.so[0m
[47.633s] [ 67%] [32m[1mLinking CXX executable test_all_valid[0m
[47.645s] [ 67%] Built target moveit_trajectory_processing
[47.677s] [ 68%] [32mBuilding CXX object trajectory_processing/CMakeFiles/robot_trajectory_benchmark.dir/test/robot_trajectory_benchmark.cpp.o[0m
[47.678s] [ 68%] [32mBuilding CXX object trajectory_processing/CMakeFiles/test_time_optimal_trajectory_generation.dir/test/test_time_optimal_trajectory_generation.cpp.o[0m
[47.678s] [ 68%] [32mBuilding CXX object trajectory_processing/CMakeFiles/test_ruckig_traj_smoothing.dir/test/test_ruckig_traj_smoothing.cpp.o[0m
[47.836s] [ 68%] Built target test_all_valid
[48.495s] [ 69%] [32m[1mLinking CXX shared library libmoveit_collision_detection_bullet.so[0m
[48.661s] [ 69%] Built target moveit_collision_detection_bullet
[48.680s] [ 69%] [32m[1mLinking CXX shared library libmoveit_collision_detection_fcl.so[0m
[48.694s] [ 70%] [32mBuilding CXX object collision_detection_bullet/CMakeFiles/test_bullet_continuous_collision_checking.dir/test/test_bullet_continuous_collision_checking.cpp.o[0m
[48.695s] [ 71%] [32mBuilding CXX object collision_detection_bullet/CMakeFiles/test_bullet_collision_detection.dir/test/test_bullet_collision_detection_pr2.cpp.o[0m
[48.695s] [ 71%] [32mBuilding CXX object collision_detection_bullet/CMakeFiles/test_bullet_collision_detection_panda.dir/test/test_bullet_collision_detection_panda.cpp.o[0m
[48.873s] [ 71%] Built target moveit_collision_detection_fcl
[48.913s] [ 72%] [32mBuilding CXX object kinematic_constraints/CMakeFiles/moveit_kinematic_constraints.dir/src/kinematic_constraint.cpp.o[0m
[48.914s] [ 72%] [32mBuilding CXX object collision_detection_fcl/CMakeFiles/test_fcl_collision_env.dir/test/test_fcl_env.cpp.o[0m
[48.915s] [ 74%] [32mBuilding CXX object collision_detection_fcl/CMakeFiles/test_fcl_collision_detection_panda.dir/test/test_fcl_collision_detection_panda.cpp.o[0m
[48.916s] [ 74%] [32mBuilding CXX object kinematic_constraints/CMakeFiles/moveit_kinematic_constraints.dir/src/utils.cpp.o[0m
[48.916s] [ 74%] [32mBuilding CXX object collision_detection_fcl/CMakeFiles/test_fcl_collision_detection.dir/test/test_fcl_collision_detection_pr2.cpp.o[0m
[48.968s] [ 75%] [32m[1mLinking CXX executable test_acceleration_filter[0m
[49.265s] [ 75%] Built target test_acceleration_filter
[52.750s] [ 75%] [32m[1mLinking CXX executable robot_trajectory_benchmark[0m
[53.000s] [ 75%] Built target robot_trajectory_benchmark
[54.056s] [ 76%] [32m[1mLinking CXX executable test_ruckig_traj_smoothing[0m
[54.307s] [ 76%] Built target test_ruckig_traj_smoothing
[54.354s] [ 76%] [32m[1mLinking CXX executable test_bullet_collision_detection_panda[0m
[54.599s] [ 76%] Built target test_bullet_collision_detection_panda
[55.152s] [ 77%] [32m[1mLinking CXX executable test_bullet_collision_detection[0m
[55.174s] [ 78%] [32m[1mLinking CXX executable test_fcl_collision_detection_panda[0m
[55.454s] [ 78%] Built target test_bullet_collision_detection
[55.489s] [ 78%] Built target test_fcl_collision_detection_panda
[55.634s] [ 78%] [32m[1mLinking CXX executable test_bullet_continuous_collision_checking[0m
[55.863s] [ 78%] Built target test_bullet_continuous_collision_checking
[55.945s] [ 79%] [32m[1mLinking CXX executable test_fcl_collision_env[0m
[56.048s] [ 79%] [32m[1mLinking CXX executable test_fcl_collision_detection[0m
[56.157s] [ 79%] Built target test_fcl_collision_env
[56.273s] [ 79%] Built target test_fcl_collision_detection
[56.655s] [ 80%] [32m[1mLinking CXX executable test_time_optimal_trajectory_generation[0m
[56.837s] [ 80%] Built target test_time_optimal_trajectory_generation
[58.869s] [ 81%] [32m[1mLinking CXX shared library libmoveit_kinematic_constraints.so[0m
[59.026s] [ 81%] Built target moveit_kinematic_constraints
[59.067s] [ 82%] [32mBuilding CXX object kinematic_constraints/CMakeFiles/test_constraints.dir/test/test_constraints.cpp.o[0m
[59.069s] [ 82%] [32mBuilding CXX object kinematic_constraints/CMakeFiles/test_orientation_constraints.dir/test/test_orientation_constraints.cpp.o[0m
[59.075s] [ 82%] [32mBuilding CXX object planning_scene/CMakeFiles/moveit_planning_scene.dir/src/planning_scene.cpp.o[0m
[64.795s] [ 83%] [32m[1mLinking CXX executable test_orientation_constraints[0m
[64.998s] [ 83%] Built target test_orientation_constraints
[65.619s] [ 83%] [32m[1mLinking CXX executable test_constraints[0m
[65.804s] [ 83%] Built target test_constraints
[69.332s] [ 84%] [32m[1mLinking CXX shared library libmoveit_planning_scene.so[0m
[69.482s] [ 84%] Built target moveit_planning_scene
[69.515s] [ 85%] [32mBuilding CXX object constraint_samplers/CMakeFiles/moveit_constraint_samplers.dir/src/constraint_sampler.cpp.o[0m
[69.516s] [ 85%] [32mBuilding CXX object constraint_samplers/CMakeFiles/moveit_constraint_samplers.dir/src/constraint_sampler_manager.cpp.o[0m
[69.516s] [ 86%] [32mBuilding CXX object constraint_samplers/CMakeFiles/moveit_constraint_samplers.dir/src/constraint_sampler_tools.cpp.o[0m
[69.517s] [ 86%] [32mBuilding CXX object collision_detection_bullet/CMakeFiles/collision_detector_bullet_plugin.dir/src/collision_detector_bullet_plugin_loader.cpp.o[0m
[69.518s] [ 86%] [32mBuilding CXX object constraint_samplers/CMakeFiles/moveit_constraint_samplers.dir/src/default_constraint_samplers.cpp.o[0m
[69.518s] [ 87%] [32mBuilding CXX object planning_interface/CMakeFiles/moveit_planning_interface.dir/src/planning_response.cpp.o[0m
[69.519s] [ 87%] [32mBuilding CXX object collision_detection_fcl/CMakeFiles/collision_detector_fcl_plugin.dir/src/collision_detector_fcl_plugin_loader.cpp.o[0m
[69.519s] [ 87%] [32mBuilding CXX object planning_interface/CMakeFiles/moveit_planning_interface.dir/src/planning_interface.cpp.o[0m
[69.523s] [ 87%] [32mBuilding CXX object planning_scene/CMakeFiles/test_multi_threaded.dir/test/test_multi_threaded.cpp.o[0m
[69.523s] [ 88%] [32mBuilding CXX object planning_scene/CMakeFiles/test_planning_scene.dir/test/test_planning_scene.cpp.o[0m
[69.525s] [ 89%] [32mBuilding CXX object constraint_samplers/CMakeFiles/moveit_constraint_samplers.dir/src/union_constraint_sampler.cpp.o[0m
[69.529s] [ 89%] [32mBuilding CXX object planning_scene/CMakeFiles/test_collision_objects.dir/test/test_collision_objects.cpp.o[0m
[69.546s] [ 90%] [32mBuilding CXX object collision_distance_field/CMakeFiles/moveit_collision_distance_field.dir/src/collision_distance_field_types.cpp.o[0m
[69.546s] [ 90%] [32mBuilding CXX object collision_distance_field/CMakeFiles/moveit_collision_distance_field.dir/src/collision_common_distance_field.cpp.o[0m
[69.548s] [ 91%] [32mBuilding CXX object collision_distance_field/CMakeFiles/moveit_collision_distance_field.dir/src/collision_env_distance_field.cpp.o[0m
[69.550s] [ 91%] [32mBuilding CXX object collision_distance_field/CMakeFiles/moveit_collision_distance_field.dir/src/collision_env_hybrid.cpp.o[0m
[76.349s] [ 92%] [32m[1mLinking CXX shared library libcollision_detector_bullet_plugin.so[0m
[76.595s] [ 92%] Built target collision_detector_bullet_plugin
[77.741s] [ 93%] [32m[1mLinking CXX executable test_multi_threaded[0m
[78.102s] [ 93%] Built target test_multi_threaded
[78.511s] [ 94%] [32m[1mLinking CXX executable test_collision_objects[0m
[78.539s] [ 95%] [32m[1mLinking CXX shared library libmoveit_planning_interface.so[0m
[78.747s] [ 95%] Built target moveit_planning_interface
[78.783s] [ 95%] Built target test_collision_objects
[79.766s] [ 96%] [32m[1mLinking CXX shared library libcollision_detector_fcl_plugin.so[0m
[79.909s] [ 96%] Built target collision_detector_fcl_plugin
[79.963s] [ 96%] [32m[1mLinking CXX shared library libmoveit_constraint_samplers.so[0m
[80.110s] [ 96%] Built target moveit_constraint_samplers
[80.145s] [ 96%] [32mBuilding CXX object constraint_samplers/CMakeFiles/test_constraint_samplers.dir/test/test_constraint_samplers.cpp.o[0m
[80.154s] [ 97%] [32mBuilding CXX object constraint_samplers/CMakeFiles/test_constraint_samplers.dir/test/pr2_arm_kinematics_plugin.cpp.o[0m
[80.156s] [ 97%] [32mBuilding CXX object constraint_samplers/CMakeFiles/test_constraint_samplers.dir/test/pr2_arm_ik.cpp.o[0m
[80.848s] [ 98%] [32m[1mLinking CXX shared library libmoveit_collision_distance_field.so[0m
[81.039s] [ 98%] Built target moveit_collision_distance_field
[81.075s] [ 98%] [32mBuilding CXX object collision_distance_field/CMakeFiles/test_collision_distance_field.dir/test/test_collision_distance_field.cpp.o[0m
[83.308s] [ 98%] [32m[1mLinking CXX executable test_planning_scene[0m
[83.547s] [ 98%] Built target test_planning_scene
[87.651s] [ 99%] [32m[1mLinking CXX executable test_collision_distance_field[0m
[87.852s] [ 99%] Built target test_collision_distance_field
[88.512s] [100%] [32m[1mLinking CXX executable test_constraint_samplers[0m
[88.742s] [100%] Built target test_constraint_samplers
[88.754s] Invoked command in '/home/buhrmann/ws_moveit/build/moveit_core' returned '0': CMAKE_PREFIX_PATH=/home/buhrmann/ws_moveit/install/moveit_resources_panda_moveit_config:/home/buhrmann/ws_moveit/install/moveit_resources_pr2_description:/home/buhrmann/ws_moveit/install/moveit_resources_panda_description:/home/buhrmann/ws_moveit/install/moveit_msgs:/home/buhrmann/ws_moveit/install/moveit_common:/home/buhrmann/ws_moveit/install/ur5_moveit_test:/home/buhrmann/ws_moveit/install/ur5_camera_moveit_config2:/home/buhrmann/ws_moveit/install/ur5_camera_moveit_config:/home/buhrmann/ws_moveit/install/ur5_description_controller:/home/buhrmann/ws_moveit/install/ur3_camera_moveit_config:/home/buhrmann/ws_moveit/install/ur3_description_controller:/home/buhrmann/ws_moveit/install/robotiq_hardware_tests:/home/buhrmann/ws_moveit/install/robotiq_driver:/home/buhrmann/ws_moveit/install/serial:/home/buhrmann/ws_moveit/install/moveit2_tutorials:/home/buhrmann/ws_moveit/install/moveit_visual_tools:/home/buhrmann/ws_moveit/install/rviz_visual_tools:/home/buhrmann/ws_moveit/install/moveit_task_constructor_visualization:/home/buhrmann/ws_moveit/install/moveit_task_constructor_demo:/home/buhrmann/ws_moveit/install/moveit_task_constructor_capabilities:/home/buhrmann/ws_moveit/install/moveit_task_constructor_core:/home/buhrmann/ws_moveit/install/rviz_marker_tools:/home/buhrmann/ws_moveit/install/picknik_accessories:/home/buhrmann/ws_moveit/install/kortex_bringup:/home/buhrmann/ws_moveit/install/kinova_gen3_lite_moveit_config:/home/buhrmann/ws_moveit/install/kinova_gen3_7dof_robotiq_2f_85_moveit_config:/home/buhrmann/ws_moveit/install/kinova_gen3_6dof_robotiq_2f_85_moveit_config:/home/buhrmann/ws_moveit/install/kortex_description:/home/buhrmann/ws_moveit/install/robotiq_description:/home/buhrmann/ws_moveit/install/robotiq_controllers:/home/buhrmann/ws_moveit/install/ppf_test_pkg:/home/buhrmann/ws_moveit/install/point_cloud_circle_detector:/home/buhrmann/ws_moveit/install/pilz_industrial_motion_planner_testutils:/home/buhrmann/ws_moveit/install/moveit_runtime:/home/buhrmann/ws_moveit/install/moveit:/home/buhrmann/ws_moveit/install/moveit_planners:/home/buhrmann/ws_moveit/install/pilz_industrial_motion_planner:/home/buhrmann/ws_moveit/install/pick_ik:/home/buhrmann/ws_moveit/install/object_detection_pcl:/home/buhrmann/ws_moveit/install/object_detection:/home/buhrmann/ws_moveit/install/object_creation:/home/buhrmann/ws_moveit/install/moveit_task_constructor_msgs:/home/buhrmann/ws_moveit/install/moveit_ros_control_interface:/home/buhrmann/ws_moveit/install/moveit_plugins:/home/buhrmann/ws_moveit/install/moveit_simple_controller_manager:/home/buhrmann/ws_moveit/install/moveit_setup_assistant:/home/buhrmann/ws_moveit/install/moveit_setup_srdf_plugins:/home/buhrmann/ws_moveit/install/moveit_setup_core_plugins:/home/buhrmann/ws_moveit/install/moveit_setup_controllers:/home/buhrmann/ws_moveit/install/moveit_setup_app_plugins:/home/buhrmann/ws_moveit/install/moveit_setup_framework:/home/buhrmann/ws_moveit/install/moveit_servo:/home/buhrmann/ws_moveit/install/moveit_ros_trajectory_cache:/home/buhrmann/ws_moveit/install/moveit_ros:/home/buhrmann/ws_moveit/install/moveit_ros_visualization:/home/buhrmann/ws_moveit/install/moveit_py:/home/buhrmann/ws_moveit/install/moveit_hybrid_planning:/home/buhrmann/ws_moveit/install/edit_planning_scene:/home/buhrmann/ws_moveit/install/moveit_ros_planning_interface:/home/buhrmann/ws_moveit/install/moveit_ros_benchmarks:/home/buhrmann/ws_moveit/install/moveit_ros_warehouse:/home/buhrmann/ws_moveit/install/moveit_ros_robot_interaction:/home/buhrmann/ws_moveit/install/moveit_ros_perception:/home/buhrmann/ws_moveit/install/moveit_resources_prbt_pg70_support:/home/buhrmann/ws_moveit/install/moveit_resources_prbt_moveit_config:/home/buhrmann/ws_moveit/install/moveit_ros_move_group:/home/buhrmann/ws_moveit/install/moveit_planners_ompl:/home/buhrmann/ws_moveit/install/moveit_kinematics:/home/buhrmann/ws_moveit/install/moveit_ros_planning:/home/buhrmann/ws_moveit/install/moveit_ros_occupancy_map_monitor:/home/buhrmann/ws_moveit/install/moveit_resources_prbt_support:/home/buhrmann/ws_moveit/install/moveit_resources_prbt_ikfast_manipulator_plugin:/home/buhrmann/ws_moveit/install/moveit_resources:/home/buhrmann/ws_moveit/install/dual_arm_panda_moveit_config:/home/buhrmann/ws_moveit/install/moveit_resources_fanuc_moveit_config:/home/buhrmann/ws_moveit/install/moveit_resources_fanuc_description:/home/buhrmann/ws_moveit/install/moveit_planners_stomp:/home/buhrmann/ws_moveit/install/moveit_planners_chomp:/home/buhrmann/ws_moveit/install/chomp_motion_planner:/home/buhrmann/ws_moveit/install/moveit_core:/home/buhrmann/ws_moveit/install/kortex_driver:/home/buhrmann/ws_moveit/install/kortex_api:/home/buhrmann/ws_moveit/install/moveit_configs_utils:/opt/ros/iron LD_LIBRARY_PATH=/home/buhrmann/ws_moveit/install/moveit_msgs/lib:/home/buhrmann/ws_moveit/install/robotiq_driver/lib:/home/buhrmann/ws_moveit/install/serial/lib:/home/buhrmann/ws_moveit/install/moveit_visual_tools/lib:/home/buhrmann/ws_moveit/install/rviz_visual_tools/lib:/home/buhrmann/ws_moveit/install/moveit_task_constructor_visualization/lib:/home/buhrmann/ws_moveit/install/moveit_task_constructor_demo/lib:/home/buhrmann/ws_moveit/install/moveit_task_constructor_capabilities/lib:/home/buhrmann/ws_moveit/install/moveit_task_constructor_core/lib:/home/buhrmann/ws_moveit/install/rviz_marker_tools/lib:/home/buhrmann/ws_moveit/install/robotiq_controllers/lib:/home/buhrmann/ws_moveit/install/pilz_industrial_motion_planner_testutils/lib:/home/buhrmann/ws_moveit/install/pilz_industrial_motion_planner/lib:/home/buhrmann/ws_moveit/install/pick_ik/lib:/home/buhrmann/ws_moveit/install/moveit_task_constructor_msgs/lib:/home/buhrmann/ws_moveit/install/moveit_ros_control_interface/lib:/home/buhrmann/ws_moveit/install/moveit_simple_controller_manager/lib:/home/buhrmann/ws_moveit/install/moveit_setup_assistant/lib:/home/buhrmann/ws_moveit/install/moveit_setup_srdf_plugins/lib:/home/buhrmann/ws_moveit/install/moveit_setup_core_plugins/lib:/home/buhrmann/ws_moveit/install/moveit_setup_controllers/lib:/home/buhrmann/ws_moveit/install/moveit_setup_app_plugins/lib:/home/buhrmann/ws_moveit/install/moveit_setup_framework/lib:/home/buhrmann/ws_moveit/install/moveit_servo/lib:/home/buhrmann/ws_moveit/install/moveit_ros_trajectory_cache/lib:/home/buhrmann/ws_moveit/install/moveit_ros_visualization/lib:/home/buhrmann/ws_moveit/install/moveit_py/lib:/home/buhrmann/ws_moveit/install/moveit_hybrid_planning/lib:/home/buhrmann/ws_moveit/install/moveit_ros_planning_interface/lib:/home/buhrmann/ws_moveit/install/moveit_ros_benchmarks/lib:/home/buhrmann/ws_moveit/install/moveit_ros_warehouse/lib:/home/buhrmann/ws_moveit/install/moveit_ros_robot_interaction/lib:/home/buhrmann/ws_moveit/install/moveit_ros_perception/lib:/home/buhrmann/ws_moveit/install/moveit_ros_move_group/lib:/home/buhrmann/ws_moveit/install/moveit_planners_ompl/lib:/home/buhrmann/ws_moveit/install/moveit_kinematics/lib:/home/buhrmann/ws_moveit/install/moveit_ros_planning/lib:/home/buhrmann/ws_moveit/install/moveit_ros_occupancy_map_monitor/lib:/home/buhrmann/ws_moveit/install/moveit_resources_prbt_ikfast_manipulator_plugin/lib:/home/buhrmann/ws_moveit/install/moveit_planners_stomp/lib:/home/buhrmann/ws_moveit/install/moveit_planners_chomp/lib:/home/buhrmann/ws_moveit/install/chomp_motion_planner/lib:/home/buhrmann/ws_moveit/install/moveit_core/lib:/home/buhrmann/ws_moveit/install/kortex_driver/lib:/opt/ros/iron/opt/rviz_ogre_vendor/lib:/opt/ros/iron/lib/x86_64-linux-gnu:/opt/ros/iron/lib:/usr/lib/jvm/java-11-openjdk-amd64/lib/amd64 PYTHONPATH=/home/buhrmann/ws_moveit/install/moveit_msgs/lib/python3.10/site-packages:/home/buhrmann/ws_moveit/install/moveit_task_constructor_core/lib/python3.10/site-packages:/home/buhrmann/ws_moveit/install/moveit_task_constructor_msgs/lib/python3.10/site-packages:/home/buhrmann/ws_moveit/install/moveit_py/lib/python3.10/site-packages:/home/buhrmann/ws_moveit/install/moveit_configs_utils/lib/python3.10/site-packages:/opt/ros/iron/lib/python3.10/site-packages /usr/bin/cmake --build /home/buhrmann/ws_moveit/build/moveit_core -- -j28 -l28
[88.756s] Invoking command in '/home/buhrmann/ws_moveit/build/moveit_core': CMAKE_PREFIX_PATH=/home/buhrmann/ws_moveit/install/moveit_resources_panda_moveit_config:/home/buhrmann/ws_moveit/install/moveit_resources_pr2_description:/home/buhrmann/ws_moveit/install/moveit_resources_panda_description:/home/buhrmann/ws_moveit/install/moveit_msgs:/home/buhrmann/ws_moveit/install/moveit_common:/home/buhrmann/ws_moveit/install/ur5_moveit_test:/home/buhrmann/ws_moveit/install/ur5_camera_moveit_config2:/home/buhrmann/ws_moveit/install/ur5_camera_moveit_config:/home/buhrmann/ws_moveit/install/ur5_description_controller:/home/buhrmann/ws_moveit/install/ur3_camera_moveit_config:/home/buhrmann/ws_moveit/install/ur3_description_controller:/home/buhrmann/ws_moveit/install/robotiq_hardware_tests:/home/buhrmann/ws_moveit/install/robotiq_driver:/home/buhrmann/ws_moveit/install/serial:/home/buhrmann/ws_moveit/install/moveit2_tutorials:/home/buhrmann/ws_moveit/install/moveit_visual_tools:/home/buhrmann/ws_moveit/install/rviz_visual_tools:/home/buhrmann/ws_moveit/install/moveit_task_constructor_visualization:/home/buhrmann/ws_moveit/install/moveit_task_constructor_demo:/home/buhrmann/ws_moveit/install/moveit_task_constructor_capabilities:/home/buhrmann/ws_moveit/install/moveit_task_constructor_core:/home/buhrmann/ws_moveit/install/rviz_marker_tools:/home/buhrmann/ws_moveit/install/picknik_accessories:/home/buhrmann/ws_moveit/install/kortex_bringup:/home/buhrmann/ws_moveit/install/kinova_gen3_lite_moveit_config:/home/buhrmann/ws_moveit/install/kinova_gen3_7dof_robotiq_2f_85_moveit_config:/home/buhrmann/ws_moveit/install/kinova_gen3_6dof_robotiq_2f_85_moveit_config:/home/buhrmann/ws_moveit/install/kortex_description:/home/buhrmann/ws_moveit/install/robotiq_description:/home/buhrmann/ws_moveit/install/robotiq_controllers:/home/buhrmann/ws_moveit/install/ppf_test_pkg:/home/buhrmann/ws_moveit/install/point_cloud_circle_detector:/home/buhrmann/ws_moveit/install/pilz_industrial_motion_planner_testutils:/home/buhrmann/ws_moveit/install/moveit_runtime:/home/buhrmann/ws_moveit/install/moveit:/home/buhrmann/ws_moveit/install/moveit_planners:/home/buhrmann/ws_moveit/install/pilz_industrial_motion_planner:/home/buhrmann/ws_moveit/install/pick_ik:/home/buhrmann/ws_moveit/install/object_detection_pcl:/home/buhrmann/ws_moveit/install/object_detection:/home/buhrmann/ws_moveit/install/object_creation:/home/buhrmann/ws_moveit/install/moveit_task_constructor_msgs:/home/buhrmann/ws_moveit/install/moveit_ros_control_interface:/home/buhrmann/ws_moveit/install/moveit_plugins:/home/buhrmann/ws_moveit/install/moveit_simple_controller_manager:/home/buhrmann/ws_moveit/install/moveit_setup_assistant:/home/buhrmann/ws_moveit/install/moveit_setup_srdf_plugins:/home/buhrmann/ws_moveit/install/moveit_setup_core_plugins:/home/buhrmann/ws_moveit/install/moveit_setup_controllers:/home/buhrmann/ws_moveit/install/moveit_setup_app_plugins:/home/buhrmann/ws_moveit/install/moveit_setup_framework:/home/buhrmann/ws_moveit/install/moveit_servo:/home/buhrmann/ws_moveit/install/moveit_ros_trajectory_cache:/home/buhrmann/ws_moveit/install/moveit_ros:/home/buhrmann/ws_moveit/install/moveit_ros_visualization:/home/buhrmann/ws_moveit/install/moveit_py:/home/buhrmann/ws_moveit/install/moveit_hybrid_planning:/home/buhrmann/ws_moveit/install/edit_planning_scene:/home/buhrmann/ws_moveit/install/moveit_ros_planning_interface:/home/buhrmann/ws_moveit/install/moveit_ros_benchmarks:/home/buhrmann/ws_moveit/install/moveit_ros_warehouse:/home/buhrmann/ws_moveit/install/moveit_ros_robot_interaction:/home/buhrmann/ws_moveit/install/moveit_ros_perception:/home/buhrmann/ws_moveit/install/moveit_resources_prbt_pg70_support:/home/buhrmann/ws_moveit/install/moveit_resources_prbt_moveit_config:/home/buhrmann/ws_moveit/install/moveit_ros_move_group:/home/buhrmann/ws_moveit/install/moveit_planners_ompl:/home/buhrmann/ws_moveit/install/moveit_kinematics:/home/buhrmann/ws_moveit/install/moveit_ros_planning:/home/buhrmann/ws_moveit/install/moveit_ros_occupancy_map_monitor:/home/buhrmann/ws_moveit/install/moveit_resources_prbt_support:/home/buhrmann/ws_moveit/install/moveit_resources_prbt_ikfast_manipulator_plugin:/home/buhrmann/ws_moveit/install/moveit_resources:/home/buhrmann/ws_moveit/install/dual_arm_panda_moveit_config:/home/buhrmann/ws_moveit/install/moveit_resources_fanuc_moveit_config:/home/buhrmann/ws_moveit/install/moveit_resources_fanuc_description:/home/buhrmann/ws_moveit/install/moveit_planners_stomp:/home/buhrmann/ws_moveit/install/moveit_planners_chomp:/home/buhrmann/ws_moveit/install/chomp_motion_planner:/home/buhrmann/ws_moveit/install/moveit_core:/home/buhrmann/ws_moveit/install/kortex_driver:/home/buhrmann/ws_moveit/install/kortex_api:/home/buhrmann/ws_moveit/install/moveit_configs_utils:/opt/ros/iron LD_LIBRARY_PATH=/home/buhrmann/ws_moveit/install/moveit_msgs/lib:/home/buhrmann/ws_moveit/install/robotiq_driver/lib:/home/buhrmann/ws_moveit/install/serial/lib:/home/buhrmann/ws_moveit/install/moveit_visual_tools/lib:/home/buhrmann/ws_moveit/install/rviz_visual_tools/lib:/home/buhrmann/ws_moveit/install/moveit_task_constructor_visualization/lib:/home/buhrmann/ws_moveit/install/moveit_task_constructor_demo/lib:/home/buhrmann/ws_moveit/install/moveit_task_constructor_capabilities/lib:/home/buhrmann/ws_moveit/install/moveit_task_constructor_core/lib:/home/buhrmann/ws_moveit/install/rviz_marker_tools/lib:/home/buhrmann/ws_moveit/install/robotiq_controllers/lib:/home/buhrmann/ws_moveit/install/pilz_industrial_motion_planner_testutils/lib:/home/buhrmann/ws_moveit/install/pilz_industrial_motion_planner/lib:/home/buhrmann/ws_moveit/install/pick_ik/lib:/home/buhrmann/ws_moveit/install/moveit_task_constructor_msgs/lib:/home/buhrmann/ws_moveit/install/moveit_ros_control_interface/lib:/home/buhrmann/ws_moveit/install/moveit_simple_controller_manager/lib:/home/buhrmann/ws_moveit/install/moveit_setup_assistant/lib:/home/buhrmann/ws_moveit/install/moveit_setup_srdf_plugins/lib:/home/buhrmann/ws_moveit/install/moveit_setup_core_plugins/lib:/home/buhrmann/ws_moveit/install/moveit_setup_controllers/lib:/home/buhrmann/ws_moveit/install/moveit_setup_app_plugins/lib:/home/buhrmann/ws_moveit/install/moveit_setup_framework/lib:/home/buhrmann/ws_moveit/install/moveit_servo/lib:/home/buhrmann/ws_moveit/install/moveit_ros_trajectory_cache/lib:/home/buhrmann/ws_moveit/install/moveit_ros_visualization/lib:/home/buhrmann/ws_moveit/install/moveit_py/lib:/home/buhrmann/ws_moveit/install/moveit_hybrid_planning/lib:/home/buhrmann/ws_moveit/install/moveit_ros_planning_interface/lib:/home/buhrmann/ws_moveit/install/moveit_ros_benchmarks/lib:/home/buhrmann/ws_moveit/install/moveit_ros_warehouse/lib:/home/buhrmann/ws_moveit/install/moveit_ros_robot_interaction/lib:/home/buhrmann/ws_moveit/install/moveit_ros_perception/lib:/home/buhrmann/ws_moveit/install/moveit_ros_move_group/lib:/home/buhrmann/ws_moveit/install/moveit_planners_ompl/lib:/home/buhrmann/ws_moveit/install/moveit_kinematics/lib:/home/buhrmann/ws_moveit/install/moveit_ros_planning/lib:/home/buhrmann/ws_moveit/install/moveit_ros_occupancy_map_monitor/lib:/home/buhrmann/ws_moveit/install/moveit_resources_prbt_ikfast_manipulator_plugin/lib:/home/buhrmann/ws_moveit/install/moveit_planners_stomp/lib:/home/buhrmann/ws_moveit/install/moveit_planners_chomp/lib:/home/buhrmann/ws_moveit/install/chomp_motion_planner/lib:/home/buhrmann/ws_moveit/install/moveit_core/lib:/home/buhrmann/ws_moveit/install/kortex_driver/lib:/opt/ros/iron/opt/rviz_ogre_vendor/lib:/opt/ros/iron/lib/x86_64-linux-gnu:/opt/ros/iron/lib:/usr/lib/jvm/java-11-openjdk-amd64/lib/amd64 PYTHONPATH=/home/buhrmann/ws_moveit/install/moveit_msgs/lib/python3.10/site-packages:/home/buhrmann/ws_moveit/install/moveit_task_constructor_core/lib/python3.10/site-packages:/home/buhrmann/ws_moveit/install/moveit_task_constructor_msgs/lib/python3.10/site-packages:/home/buhrmann/ws_moveit/install/moveit_py/lib/python3.10/site-packages:/home/buhrmann/ws_moveit/install/moveit_configs_utils/lib/python3.10/site-packages:/opt/ros/iron/lib/python3.10/site-packages /usr/bin/cmake --install /home/buhrmann/ws_moveit/build/moveit_core
[88.766s] -- Install configuration: "Release"
[88.766s] -- Up-to-date: /home/buhrmann/ws_moveit/install/moveit_core/include/moveit_core
[88.767s] -- Up-to-date: /home/buhrmann/ws_moveit/install/moveit_core/include/moveit_core/moveit
[88.767s] -- Up-to-date: /home/buhrmann/ws_moveit/install/moveit_core/include/moveit_core/moveit/collision_detection_bullet
[88.767s] -- Up-to-date: /home/buhrmann/ws_moveit/install/moveit_core/include/moveit_core/moveit/collision_detection_bullet/collision_detector_bullet_plugin_loader.h
[88.767s] -- Up-to-date: /home/buhrmann/ws_moveit/install/moveit_core/include/moveit_core/moveit/collision_detection_bullet/bullet_integration
[88.767s] -- Up-to-date: /home/buhrmann/ws_moveit/install/moveit_core/include/moveit_core/moveit/collision_detection_bullet/bullet_integration/bullet_discrete_bvh_manager.h
[88.767s] -- Up-to-date: /home/buhrmann/ws_moveit/install/moveit_core/include/moveit_core/moveit/collision_detection_bullet/bullet_integration/basic_types.h
[88.767s] -- Up-to-date: /home/buhrmann/ws_moveit/install/moveit_core/include/moveit_core/moveit/collision_detection_bullet/bullet_integration/ros_bullet_utils.h
[88.767s] -- Up-to-date: /home/buhrmann/ws_moveit/install/moveit_core/include/moveit_core/moveit/collision_detection_bullet/bullet_integration/contact_checker_common.h
[88.767s] -- Up-to-date: /home/buhrmann/ws_moveit/install/moveit_core/include/moveit_core/moveit/collision_detection_bullet/bullet_integration/bullet_bvh_manager.h
[88.768s] -- Up-to-date: /home/buhrmann/ws_moveit/install/moveit_core/include/moveit_core/moveit/collision_detection_bullet/bullet_integration/bullet_utils.h
[88.768s] -- Up-to-date: /home/buhrmann/ws_moveit/install/moveit_core/include/moveit_core/moveit/collision_detection_bullet/bullet_integration/bullet_cast_bvh_manager.h
[88.768s] -- Up-to-date: /home/buhrmann/ws_moveit/install/moveit_core/include/moveit_core/moveit/collision_detection_bullet/collision_detector_allocator_bullet.h
[88.768s] -- Up-to-date: /home/buhrmann/ws_moveit/install/moveit_core/include/moveit_core/moveit/collision_detection_bullet/collision_env_bullet.h
[88.768s] -- Up-to-date: /home/buhrmann/ws_moveit/install/moveit_core/include/moveit_core/moveit_collision_detection_bullet_export.h
[88.768s] -- Up-to-date: /home/buhrmann/ws_moveit/install/moveit_core/include/moveit_core
[88.768s] -- Up-to-date: /home/buhrmann/ws_moveit/install/moveit_core/include/moveit_core/moveit
[88.769s] -- Up-to-date: /home/buhrmann/ws_moveit/install/moveit_core/include/moveit_core/moveit/collision_detection_fcl
[88.769s] -- Up-to-date: /home/buhrmann/ws_moveit/install/moveit_core/include/moveit_core/moveit/collision_detection_fcl/collision_common.h
[88.769s] -- Up-to-date: /home/buhrmann/ws_moveit/install/moveit_core/include/moveit_core/moveit/collision_detection_fcl/collision_detector_allocator_fcl.h
[88.769s] -- Up-to-date: /home/buhrmann/ws_moveit/install/moveit_core/include/moveit_core/moveit/collision_detection_fcl/collision_detector_fcl_plugin_loader.h
[88.769s] -- Up-to-date: /home/buhrmann/ws_moveit/install/moveit_core/include/moveit_core/moveit/collision_detection_fcl/collision_env_fcl.h
[88.769s] -- Up-to-date: /home/buhrmann/ws_moveit/install/moveit_core/include/moveit_core/moveit/collision_detection_fcl/fcl_compat.h
[88.769s] -- Up-to-date: /home/buhrmann/ws_moveit/install/moveit_core/include/moveit_core/moveit_collision_detection_fcl_export.h
[88.769s] -- Up-to-date: /home/buhrmann/ws_moveit/install/moveit_core/include/moveit_core
[88.769s] -- Up-to-date: /home/buhrmann/ws_moveit/install/moveit_core/include/moveit_core/moveit
[88.769s] -- Up-to-date: /home/buhrmann/ws_moveit/install/moveit_core/include/moveit_core/moveit/collision_detection
[88.769s] -- Up-to-date: /home/buhrmann/ws_moveit/install/moveit_core/include/moveit_core/moveit/collision_detection/collision_common.h
[88.769s] -- Up-to-date: /home/buhrmann/ws_moveit/install/moveit_core/include/moveit_core/moveit/collision_detection/world_diff.h
[88.769s] -- Up-to-date: /home/buhrmann/ws_moveit/install/moveit_core/include/moveit_core/moveit/collision_detection/collision_tools.h
[88.769s] -- Up-to-date: /home/buhrmann/ws_moveit/install/moveit_core/include/moveit_core/moveit/collision_detection/collision_plugin_cache.h
[88.770s] -- Up-to-date: /home/buhrmann/ws_moveit/install/moveit_core/include/moveit_core/moveit/collision_detection/collision_env.h
[88.770s] -- Up-to-date: /home/buhrmann/ws_moveit/install/moveit_core/include/moveit_core/moveit/collision_detection/test_collision_common_pr2.h
[88.770s] -- Up-to-date: /home/buhrmann/ws_moveit/install/moveit_core/include/moveit_core/moveit/collision_detection/collision_matrix.h
[88.770s] -- Up-to-date: /home/buhrmann/ws_moveit/install/moveit_core/include/moveit_core/moveit/collision_detection/occupancy_map.h
[88.770s] -- Up-to-date: /home/buhrmann/ws_moveit/install/moveit_core/include/moveit_core/moveit/collision_detection/world.h
[88.770s] -- Up-to-date: /home/buhrmann/ws_moveit/install/moveit_core/include/moveit_core/moveit/collision_detection/collision_plugin.h
[88.770s] -- Up-to-date: /home/buhrmann/ws_moveit/install/moveit_core/include/moveit_core/moveit/collision_detection/test_collision_common_panda.h
[88.770s] -- Up-to-date: /home/buhrmann/ws_moveit/install/moveit_core/include/moveit_core/moveit/collision_detection/allvalid
[88.770s] -- Up-to-date: /home/buhrmann/ws_moveit/install/moveit_core/include/moveit_core/moveit/collision_detection/allvalid/collision_detector_allocator_allvalid.h
[88.770s] -- Up-to-date: /home/buhrmann/ws_moveit/install/moveit_core/include/moveit_core/moveit/collision_detection/allvalid/collision_env_allvalid.h
[88.770s] -- Up-to-date: /home/buhrmann/ws_moveit/install/moveit_core/include/moveit_core/moveit/collision_detection/collision_octomap_filter.h
[88.770s] -- Up-to-date: /home/buhrmann/ws_moveit/install/moveit_core/include/moveit_core/moveit/collision_detection/collision_detector_allocator.h
[88.770s] -- Up-to-date: /home/buhrmann/ws_moveit/install/moveit_core/include/moveit_core/moveit_collision_detection_export.h
[88.770s] -- Up-to-date: /home/buhrmann/ws_moveit/install/moveit_core/include/moveit_core
[88.770s] -- Up-to-date: /home/buhrmann/ws_moveit/install/moveit_core/include/moveit_core/moveit
[88.770s] -- Up-to-date: /home/buhrmann/ws_moveit/install/moveit_core/include/moveit_core/moveit/collision_distance_field
[88.770s] -- Up-to-date: /home/buhrmann/ws_moveit/install/moveit_core/include/moveit_core/moveit/collision_distance_field/collision_env_distance_field.h
[88.770s] -- Up-to-date: /home/buhrmann/ws_moveit/install/moveit_core/include/moveit_core/moveit/collision_distance_field/collision_env_hybrid.h
[88.771s] -- Up-to-date: /home/buhrmann/ws_moveit/install/moveit_core/include/moveit_core/moveit/collision_distance_field/collision_common_distance_field.h
[88.771s] -- Up-to-date: /home/buhrmann/ws_moveit/install/moveit_core/include/moveit_core/moveit/collision_distance_field/collision_detector_allocator_hybrid.h
[88.771s] -- Up-to-date: /home/buhrmann/ws_moveit/install/moveit_core/include/moveit_core/moveit/collision_distance_field/collision_distance_field_types.h
[88.771s] -- Up-to-date: /home/buhrmann/ws_moveit/install/moveit_core/include/moveit_core/moveit/collision_distance_field/collision_detector_allocator_distance_field.h
[88.771s] -- Up-to-date: /home/buhrmann/ws_moveit/install/moveit_core/include/moveit_core/moveit_collision_distance_field_export.h
[88.771s] -- Up-to-date: /home/buhrmann/ws_moveit/install/moveit_core/include/moveit_core
[88.771s] -- Up-to-date: /home/buhrmann/ws_moveit/install/moveit_core/include/moveit_core/moveit
[88.771s] -- Up-to-date: /home/buhrmann/ws_moveit/install/moveit_core/include/moveit_core/moveit/constraint_samplers
[88.771s] -- Up-to-date: /home/buhrmann/ws_moveit/install/moveit_core/include/moveit_core/moveit/constraint_samplers/constraint_sampler_manager.h
[88.771s] -- Up-to-date: /home/buhrmann/ws_moveit/install/moveit_core/include/moveit_core/moveit/constraint_samplers/constraint_sampler.h
[88.771s] -- Up-to-date: /home/buhrmann/ws_moveit/install/moveit_core/include/moveit_core/moveit/constraint_samplers/constraint_sampler_allocator.h
[88.771s] -- Up-to-date: /home/buhrmann/ws_moveit/install/moveit_core/include/moveit_core/moveit/constraint_samplers/union_constraint_sampler.h
[88.771s] -- Up-to-date: /home/buhrmann/ws_moveit/install/moveit_core/include/moveit_core/moveit/constraint_samplers/default_constraint_samplers.h
[88.771s] -- Up-to-date: /home/buhrmann/ws_moveit/install/moveit_core/include/moveit_core/moveit/constraint_samplers/constraint_sampler_tools.h
[88.771s] -- Up-to-date: /home/buhrmann/ws_moveit/install/moveit_core/include/moveit_core
[88.771s] -- Up-to-date: /home/buhrmann/ws_moveit/install/moveit_core/include/moveit_core/moveit
[88.771s] -- Up-to-date: /home/buhrmann/ws_moveit/install/moveit_core/include/moveit_core/moveit/controller_manager
[88.771s] -- Up-to-date: /home/buhrmann/ws_moveit/install/moveit_core/include/moveit_core/moveit/controller_manager/controller_manager.h
[88.772s] -- Up-to-date: /home/buhrmann/ws_moveit/install/moveit_core/include/moveit_core
[88.772s] -- Up-to-date: /home/buhrmann/ws_moveit/install/moveit_core/include/moveit_core/moveit
[88.772s] -- Up-to-date: /home/buhrmann/ws_moveit/install/moveit_core/include/moveit_core/moveit/distance_field
[88.772s] -- Up-to-date: /home/buhrmann/ws_moveit/install/moveit_core/include/moveit_core/moveit/distance_field/find_internal_points.h
[88.772s] -- Up-to-date: /home/buhrmann/ws_moveit/install/moveit_core/include/moveit_core/moveit/distance_field/voxel_grid.h
[88.772s] -- Up-to-date: /home/buhrmann/ws_moveit/install/moveit_core/include/moveit_core/moveit/distance_field/propagation_distance_field.h
[88.772s] -- Up-to-date: /home/buhrmann/ws_moveit/install/moveit_core/include/moveit_core/moveit/distance_field/distance_field.h
[88.772s] -- Up-to-date: /home/buhrmann/ws_moveit/install/moveit_core/include/moveit_core
[88.772s] -- Up-to-date: /home/buhrmann/ws_moveit/install/moveit_core/include/moveit_core/moveit
[88.772s] -- Up-to-date: /home/buhrmann/ws_moveit/install/moveit_core/include/moveit_core/moveit/dynamics_solver
[88.772s] -- Up-to-date: /home/buhrmann/ws_moveit/install/moveit_core/include/moveit_core/moveit/dynamics_solver/dynamics_solver.h
[88.772s] -- Up-to-date: /home/buhrmann/ws_moveit/install/moveit_core/include/moveit_core
[88.772s] -- Up-to-date: /home/buhrmann/ws_moveit/install/moveit_core/include/moveit_core/moveit
[88.772s] -- Up-to-date: /home/buhrmann/ws_moveit/install/moveit_core/include/moveit_core/moveit/exceptions
[88.772s] -- Up-to-date: /home/buhrmann/ws_moveit/install/moveit_core/include/moveit_core/moveit/exceptions/exceptions.h
[88.772s] -- Up-to-date: /home/buhrmann/ws_moveit/install/moveit_core/include/moveit_core
[88.772s] -- Up-to-date: /home/buhrmann/ws_moveit/install/moveit_core/include/moveit_core/moveit
[88.772s] -- Up-to-date: /home/buhrmann/ws_moveit/install/moveit_core/include/moveit_core/moveit/kinematic_constraints
[88.772s] -- Up-to-date: /home/buhrmann/ws_moveit/install/moveit_core/include/moveit_core/moveit/kinematic_constraints/kinematic_constraint.h
[88.772s] -- Up-to-date: /home/buhrmann/ws_moveit/install/moveit_core/include/moveit_core/moveit/kinematic_constraints/utils.h
[88.773s] -- Up-to-date: /home/buhrmann/ws_moveit/install/moveit_core/include/moveit_core
[88.773s] -- Up-to-date: /home/buhrmann/ws_moveit/install/moveit_core/include/moveit_core/moveit
[88.773s] -- Up-to-date: /home/buhrmann/ws_moveit/install/moveit_core/include/moveit_core/moveit/kinematics_base
[88.773s] -- Up-to-date: /home/buhrmann/ws_moveit/install/moveit_core/include/moveit_core/moveit/kinematics_base/kinematics_base.h
[88.773s] -- Up-to-date: /home/buhrmann/ws_moveit/install/moveit_core/include/moveit_core/moveit_kinematics_base_export.h
[88.773s] -- Up-to-date: /home/buhrmann/ws_moveit/install/moveit_core/include/moveit_core
[88.773s] -- Up-to-date: /home/buhrmann/ws_moveit/install/moveit_core/include/moveit_core/moveit
[88.773s] -- Up-to-date: /home/buhrmann/ws_moveit/install/moveit_core/include/moveit_core/moveit/kinematics_metrics
[88.773s] -- Up-to-date: /home/buhrmann/ws_moveit/install/moveit_core/include/moveit_core/moveit/kinematics_metrics/kinematics_metrics.h
[88.773s] -- Up-to-date: /home/buhrmann/ws_moveit/install/moveit_core/include/moveit_core
[88.773s] -- Up-to-date: /home/buhrmann/ws_moveit/install/moveit_core/include/moveit_core/moveit
[88.773s] -- Up-to-date: /home/buhrmann/ws_moveit/install/moveit_core/include/moveit_core/moveit/macros
[88.773s] -- Up-to-date: /home/buhrmann/ws_moveit/install/moveit_core/include/moveit_core/moveit/macros/console_colors.h
[88.773s] -- Up-to-date: /home/buhrmann/ws_moveit/install/moveit_core/include/moveit_core/moveit/macros/declare_ptr.h
[88.773s] -- Up-to-date: /home/buhrmann/ws_moveit/install/moveit_core/include/moveit_core/moveit/macros/class_forward.h
[88.773s] -- Up-to-date: /home/buhrmann/ws_moveit/install/moveit_core/include/moveit_acceleration_filter_parameters
[88.773s] -- Up-to-date: /home/buhrmann/ws_moveit/install/moveit_core/include/moveit_acceleration_filter_parameters/moveit_acceleration_filter_parameters.hpp
[88.773s] -- Up-to-date: /home/buhrmann/ws_moveit/install/moveit_core/include/moveit_butterworth_filter_parameters
[88.773s] -- Up-to-date: /home/buhrmann/ws_moveit/install/moveit_core/include/moveit_butterworth_filter_parameters/moveit_butterworth_filter_parameters.hpp
[88.774s] -- Up-to-date: /home/buhrmann/ws_moveit/install/moveit_core/include/moveit_ruckig_filter_parameters
[88.774s] -- Up-to-date: /home/buhrmann/ws_moveit/install/moveit_core/include/moveit_ruckig_filter_parameters/moveit_ruckig_filter_parameters.hpp
[88.774s] -- Up-to-date: /home/buhrmann/ws_moveit/install/moveit_core/include/moveit_core
[88.774s] -- Up-to-date: /home/buhrmann/ws_moveit/install/moveit_core/include/moveit_core/moveit
[88.774s] -- Up-to-date: /home/buhrmann/ws_moveit/install/moveit_core/include/moveit_core/moveit/online_signal_smoothing
[88.774s] -- Up-to-date: /home/buhrmann/ws_moveit/install/moveit_core/include/moveit_core/moveit/online_signal_smoothing/ruckig_filter.h
[88.774s] -- Up-to-date: /home/buhrmann/ws_moveit/install/moveit_core/include/moveit_core/moveit/online_signal_smoothing/butterworth_filter.h
[88.774s] -- Up-to-date: /home/buhrmann/ws_moveit/install/moveit_core/include/moveit_core/moveit/online_signal_smoothing/acceleration_filter.h
[88.774s] -- Up-to-date: /home/buhrmann/ws_moveit/install/moveit_core/include/moveit_core/moveit/online_signal_smoothing/smoothing_base_class.h
[88.774s] -- Up-to-date: /home/buhrmann/ws_moveit/install/moveit_core/include/moveit_core/moveit_smoothing_base_export.h
[88.774s] -- Up-to-date: /home/buhrmann/ws_moveit/install/moveit_core/include/moveit_core/moveit_acceleration_filter_export.h
[88.774s] -- Up-to-date: /home/buhrmann/ws_moveit/install/moveit_core/include/moveit_core/moveit_butterworth_filter_export.h
[88.774s] -- Up-to-date: /home/buhrmann/ws_moveit/install/moveit_core/include/moveit_core/moveit_ruckig_filter_export.h
[88.774s] -- Up-to-date: /home/buhrmann/ws_moveit/install/moveit_core/include/moveit_core
[88.774s] -- Up-to-date: /home/buhrmann/ws_moveit/install/moveit_core/include/moveit_core/moveit
[88.774s] -- Up-to-date: /home/buhrmann/ws_moveit/install/moveit_core/include/moveit_core/moveit/planning_interface
[88.774s] -- Up-to-date: /home/buhrmann/ws_moveit/install/moveit_core/include/moveit_core/moveit/planning_interface/planning_request.h
[88.774s] -- Up-to-date: /home/buhrmann/ws_moveit/install/moveit_core/include/moveit_core/moveit/planning_interface/planning_response_adapter.h
[88.774s] -- Up-to-date: /home/buhrmann/ws_moveit/install/moveit_core/include/moveit_core/moveit/planning_interface/planning_request_adapter.h
[88.774s] -- Up-to-date: /home/buhrmann/ws_moveit/install/moveit_core/include/moveit_core/moveit/planning_interface/planning_interface.h
[88.775s] -- Up-to-date: /home/buhrmann/ws_moveit/install/moveit_core/include/moveit_core/moveit/planning_interface/planning_response.h
[88.775s] -- Up-to-date: /home/buhrmann/ws_moveit/install/moveit_core/include/moveit_core
[88.775s] -- Up-to-date: /home/buhrmann/ws_moveit/install/moveit_core/include/moveit_core/moveit
[88.775s] -- Up-to-date: /home/buhrmann/ws_moveit/install/moveit_core/include/moveit_core/moveit/planning_scene
[88.775s] -- Up-to-date: /home/buhrmann/ws_moveit/install/moveit_core/include/moveit_core/moveit/planning_scene/planning_scene.h
[88.775s] -- Up-to-date: /home/buhrmann/ws_moveit/install/moveit_core/include/moveit_core/moveit_planning_scene_export.h
[88.775s] -- Up-to-date: /home/buhrmann/ws_moveit/install/moveit_core/include/moveit_core
[88.775s] -- Up-to-date: /home/buhrmann/ws_moveit/install/moveit_core/include/moveit_core/moveit
[88.775s] -- Up-to-date: /home/buhrmann/ws_moveit/install/moveit_core/include/moveit_core/moveit/robot_model
[88.775s] -- Up-to-date: /home/buhrmann/ws_moveit/install/moveit_core/include/moveit_core/moveit/robot_model/floating_joint_model.h
[88.775s] -- Up-to-date: /home/buhrmann/ws_moveit/install/moveit_core/include/moveit_core/moveit/robot_model/robot_model.h
[88.775s] -- Up-to-date: /home/buhrmann/ws_moveit/install/moveit_core/include/moveit_core/moveit/robot_model/planar_joint_model.h
[88.775s] -- Up-to-date: /home/buhrmann/ws_moveit/install/moveit_core/include/moveit_core/moveit/robot_model/prismatic_joint_model.h
[88.775s] -- Up-to-date: /home/buhrmann/ws_moveit/install/moveit_core/include/moveit_core/moveit/robot_model/aabb.h
[88.775s] -- Up-to-date: /home/buhrmann/ws_moveit/install/moveit_core/include/moveit_core/moveit/robot_model/fixed_joint_model.h
[88.775s] -- Up-to-date: /home/buhrmann/ws_moveit/install/moveit_core/include/moveit_core/moveit/robot_model/joint_model.h
[88.775s] -- Up-to-date: /home/buhrmann/ws_moveit/install/moveit_core/include/moveit_core/moveit/robot_model/revolute_joint_model.h
[88.775s] -- Up-to-date: /home/buhrmann/ws_moveit/install/moveit_core/include/moveit_core/moveit/robot_model/joint_model_group.h
[88.775s] -- Up-to-date: /home/buhrmann/ws_moveit/install/moveit_core/include/moveit_core/moveit/robot_model/link_model.h
[88.775s] -- Up-to-date: /home/buhrmann/ws_moveit/install/moveit_core/include/moveit_core
[88.776s] -- Up-to-date: /home/buhrmann/ws_moveit/install/moveit_core/include/moveit_core/moveit
[88.776s] -- Up-to-date: /home/buhrmann/ws_moveit/install/moveit_core/include/moveit_core/moveit/robot_state
[88.776s] -- Up-to-date: /home/buhrmann/ws_moveit/install/moveit_core/include/moveit_core/moveit/robot_state/conversions.h
[88.776s] -- Up-to-date: /home/buhrmann/ws_moveit/install/moveit_core/include/moveit_core/moveit/robot_state/robot_state.h
[88.776s] -- Up-to-date: /home/buhrmann/ws_moveit/install/moveit_core/include/moveit_core/moveit/robot_state/attached_body.h
[88.776s] -- Up-to-date: /home/buhrmann/ws_moveit/install/moveit_core/include/moveit_core/moveit/robot_state/cartesian_interpolator.h
[88.776s] -- Up-to-date: /home/buhrmann/ws_moveit/install/moveit_core/include/moveit_core
[88.776s] -- Up-to-date: /home/buhrmann/ws_moveit/install/moveit_core/include/moveit_core/moveit
[88.776s] -- Up-to-date: /home/buhrmann/ws_moveit/install/moveit_core/include/moveit_core/moveit/robot_trajectory
[88.776s] -- Up-to-date: /home/buhrmann/ws_moveit/install/moveit_core/include/moveit_core/moveit/robot_trajectory/robot_trajectory.h
[88.776s] -- Up-to-date: /home/buhrmann/ws_moveit/install/moveit_core/include/moveit_core
[88.776s] -- Up-to-date: /home/buhrmann/ws_moveit/install/moveit_core/include/moveit_core/moveit
[88.776s] -- Up-to-date: /home/buhrmann/ws_moveit/install/moveit_core/include/moveit_core/moveit/trajectory_processing
[88.776s] -- Up-to-date: /home/buhrmann/ws_moveit/install/moveit_core/include/moveit_core/moveit/trajectory_processing/ruckig_traj_smoothing.h
[88.776s] -- Up-to-date: /home/buhrmann/ws_moveit/install/moveit_core/include/moveit_core/moveit/trajectory_processing/time_optimal_trajectory_generation.h
[88.776s] -- Up-to-date: /home/buhrmann/ws_moveit/install/moveit_core/include/moveit_core/moveit/trajectory_processing/time_parameterization.h
[88.776s] -- Up-to-date: /home/buhrmann/ws_moveit/install/moveit_core/include/moveit_core/moveit/trajectory_processing/trajectory_tools.h
[88.776s] -- Up-to-date: /home/buhrmann/ws_moveit/install/moveit_core/include/moveit_core
[88.776s] -- Up-to-date: /home/buhrmann/ws_moveit/install/moveit_core/include/moveit_core/moveit
[88.777s] -- Up-to-date: /home/buhrmann/ws_moveit/install/moveit_core/include/moveit_core/moveit/transforms
[88.777s] -- Up-to-date: /home/buhrmann/ws_moveit/install/moveit_core/include/moveit_core/moveit/transforms/transforms.h
[88.777s] -- Up-to-date: /home/buhrmann/ws_moveit/install/moveit_core/include/moveit_core
[88.777s] -- Up-to-date: /home/buhrmann/ws_moveit/install/moveit_core/include/moveit_core/moveit
[88.777s] -- Up-to-date: /home/buhrmann/ws_moveit/install/moveit_core/include/moveit_core/moveit/utils
[88.777s] -- Up-to-date: /home/buhrmann/ws_moveit/install/moveit_core/include/moveit_core/moveit/utils/robot_model_test_utils.h
[88.777s] -- Up-to-date: /home/buhrmann/ws_moveit/install/moveit_core/include/moveit_core/moveit/utils/eigen_test_utils.h
[88.777s] -- Up-to-date: /home/buhrmann/ws_moveit/install/moveit_core/include/moveit_core/moveit/utils/moveit_error_code.h
[88.777s] -- Up-to-date: /home/buhrmann/ws_moveit/install/moveit_core/include/moveit_core/moveit/utils/message_checks.h
[88.777s] -- Up-to-date: /home/buhrmann/ws_moveit/install/moveit_core/include/moveit_core/moveit/utils/rclcpp_utils.h
[88.777s] -- Up-to-date: /home/buhrmann/ws_moveit/install/moveit_core/include/moveit_core/moveit/utils/logger.hpp
[88.777s] -- Up-to-date: /home/buhrmann/ws_moveit/install/moveit_core/include/moveit_core/moveit/utils/lexical_casts.h
[88.777s] -- Installing: /home/buhrmann/ws_moveit/install/moveit_core/lib/moveit_core/logger_dut
[88.777s] -- Set runtime path of "/home/buhrmann/ws_moveit/install/moveit_core/lib/moveit_core/logger_dut" to ""
[88.777s] -- Up-to-date: /home/buhrmann/ws_moveit/install/moveit_core/include/moveit_core/moveit/version.h
[88.777s] -- Installing: /home/buhrmann/ws_moveit/install/moveit_core/bin/moveit_version
[88.777s] -- Installing: /home/buhrmann/ws_moveit/install/moveit_core/lib/libcollision_detector_bullet_plugin.so.2.11.0
[88.777s] -- Set runtime path of "/home/buhrmann/ws_moveit/install/moveit_core/lib/libcollision_detector_bullet_plugin.so.2.11.0" to ""
[88.777s] -- Up-to-date: /home/buhrmann/ws_moveit/install/moveit_core/lib/libcollision_detector_bullet_plugin.so
[88.778s] -- Installing: /home/buhrmann/ws_moveit/install/moveit_core/lib/libcollision_detector_fcl_plugin.so.2.11.0
[88.778s] -- Set runtime path of "/home/buhrmann/ws_moveit/install/moveit_core/lib/libcollision_detector_fcl_plugin.so.2.11.0" to ""
[88.778s] -- Up-to-date: /home/buhrmann/ws_moveit/install/moveit_core/lib/libcollision_detector_fcl_plugin.so
[88.778s] -- Installing: /home/buhrmann/ws_moveit/install/moveit_core/lib/libmoveit_acceleration_filter.so.2.11.0
[88.778s] -- Set runtime path of "/home/buhrmann/ws_moveit/install/moveit_core/lib/libmoveit_acceleration_filter.so.2.11.0" to ""
[88.778s] -- Up-to-date: /home/buhrmann/ws_moveit/install/moveit_core/lib/libmoveit_acceleration_filter.so
[88.778s] -- Installing: /home/buhrmann/ws_moveit/install/moveit_core/lib/libmoveit_butterworth_filter.so.2.11.0
[88.778s] -- Set runtime path of "/home/buhrmann/ws_moveit/install/moveit_core/lib/libmoveit_butterworth_filter.so.2.11.0" to ""
[88.778s] -- Up-to-date: /home/buhrmann/ws_moveit/install/moveit_core/lib/libmoveit_butterworth_filter.so
[88.778s] -- Installing: /home/buhrmann/ws_moveit/install/moveit_core/lib/libmoveit_collision_detection.so.2.11.0
[88.778s] -- Set runtime path of "/home/buhrmann/ws_moveit/install/moveit_core/lib/libmoveit_collision_detection.so.2.11.0" to ""
[88.778s] -- Up-to-date: /home/buhrmann/ws_moveit/install/moveit_core/lib/libmoveit_collision_detection.so
[88.778s] -- Installing: /home/buhrmann/ws_moveit/install/moveit_core/lib/libmoveit_collision_detection_bullet.so.2.11.0
[88.778s] -- Set runtime path of "/home/buhrmann/ws_moveit/install/moveit_core/lib/libmoveit_collision_detection_bullet.so.2.11.0" to ""
[88.778s] -- Up-to-date: /home/buhrmann/ws_moveit/install/moveit_core/lib/libmoveit_collision_detection_bullet.so
[88.778s] -- Installing: /home/buhrmann/ws_moveit/install/moveit_core/lib/libmoveit_collision_detection_fcl.so.2.11.0
[88.778s] -- Set runtime path of "/home/buhrmann/ws_moveit/install/moveit_core/lib/libmoveit_collision_detection_fcl.so.2.11.0" to ""
[88.778s] -- Up-to-date: /home/buhrmann/ws_moveit/install/moveit_core/lib/libmoveit_collision_detection_fcl.so
[88.778s] -- Installing: /home/buhrmann/ws_moveit/install/moveit_core/lib/libmoveit_collision_distance_field.so.2.11.0
[88.778s] -- Set runtime path of "/home/buhrmann/ws_moveit/install/moveit_core/lib/libmoveit_collision_distance_field.so.2.11.0" to ""
[88.779s] -- Up-to-date: /home/buhrmann/ws_moveit/install/moveit_core/lib/libmoveit_collision_distance_field.so
[88.779s] -- Installing: /home/buhrmann/ws_moveit/install/moveit_core/lib/libmoveit_constraint_samplers.so.2.11.0
[88.779s] -- Set runtime path of "/home/buhrmann/ws_moveit/install/moveit_core/lib/libmoveit_constraint_samplers.so.2.11.0" to ""
[88.779s] -- Up-to-date: /home/buhrmann/ws_moveit/install/moveit_core/lib/libmoveit_constraint_samplers.so
[88.779s] -- Installing: /home/buhrmann/ws_moveit/install/moveit_core/lib/libmoveit_distance_field.so.2.11.0
[88.779s] -- Set runtime path of "/home/buhrmann/ws_moveit/install/moveit_core/lib/libmoveit_distance_field.so.2.11.0" to ""
[88.779s] -- Up-to-date: /home/buhrmann/ws_moveit/install/moveit_core/lib/libmoveit_distance_field.so
[88.779s] -- Installing: /home/buhrmann/ws_moveit/install/moveit_core/lib/libmoveit_dynamics_solver.so.2.11.0
[88.779s] -- Set runtime path of "/home/buhrmann/ws_moveit/install/moveit_core/lib/libmoveit_dynamics_solver.so.2.11.0" to ""
[88.779s] -- Up-to-date: /home/buhrmann/ws_moveit/install/moveit_core/lib/libmoveit_dynamics_solver.so
[88.779s] -- Installing: /home/buhrmann/ws_moveit/install/moveit_core/lib/libmoveit_exceptions.so.2.11.0
[88.779s] -- Set runtime path of "/home/buhrmann/ws_moveit/install/moveit_core/lib/libmoveit_exceptions.so.2.11.0" to ""
[88.779s] -- Up-to-date: /home/buhrmann/ws_moveit/install/moveit_core/lib/libmoveit_exceptions.so
[88.779s] -- Installing: /home/buhrmann/ws_moveit/install/moveit_core/lib/libmoveit_kinematic_constraints.so.2.11.0
[88.779s] -- Set runtime path of "/home/buhrmann/ws_moveit/install/moveit_core/lib/libmoveit_kinematic_constraints.so.2.11.0" to ""
[88.779s] -- Up-to-date: /home/buhrmann/ws_moveit/install/moveit_core/lib/libmoveit_kinematic_constraints.so
[88.780s] -- Installing: /home/buhrmann/ws_moveit/install/moveit_core/lib/libmoveit_kinematics_base.so
[88.780s] -- Set runtime path of "/home/buhrmann/ws_moveit/install/moveit_core/lib/libmoveit_kinematics_base.so" to ""
[88.780s] -- Installing: /home/buhrmann/ws_moveit/install/moveit_core/lib/libmoveit_kinematics_metrics.so.2.11.0
[88.780s] -- Set runtime path of "/home/buhrmann/ws_moveit/install/moveit_core/lib/libmoveit_kinematics_metrics.so.2.11.0" to ""
[88.780s] -- Up-to-date: /home/buhrmann/ws_moveit/install/moveit_core/lib/libmoveit_kinematics_metrics.so
[88.780s] -- Installing: /home/buhrmann/ws_moveit/install/moveit_core/lib/libmoveit_planning_interface.so.2.11.0
[88.780s] -- Set runtime path of "/home/buhrmann/ws_moveit/install/moveit_core/lib/libmoveit_planning_interface.so.2.11.0" to ""
[88.780s] -- Up-to-date: /home/buhrmann/ws_moveit/install/moveit_core/lib/libmoveit_planning_interface.so
[88.780s] -- Installing: /home/buhrmann/ws_moveit/install/moveit_core/lib/libmoveit_planning_scene.so.2.11.0
[88.780s] -- Set runtime path of "/home/buhrmann/ws_moveit/install/moveit_core/lib/libmoveit_planning_scene.so.2.11.0" to ""
[88.780s] -- Up-to-date: /home/buhrmann/ws_moveit/install/moveit_core/lib/libmoveit_planning_scene.so
[88.780s] -- Installing: /home/buhrmann/ws_moveit/install/moveit_core/lib/libmoveit_robot_model.so.2.11.0
[88.780s] -- Set runtime path of "/home/buhrmann/ws_moveit/install/moveit_core/lib/libmoveit_robot_model.so.2.11.0" to ""
[88.780s] -- Up-to-date: /home/buhrmann/ws_moveit/install/moveit_core/lib/libmoveit_robot_model.so
[88.780s] -- Installing: /home/buhrmann/ws_moveit/install/moveit_core/lib/libmoveit_robot_state.so.2.11.0
[88.780s] -- Set runtime path of "/home/buhrmann/ws_moveit/install/moveit_core/lib/libmoveit_robot_state.so.2.11.0" to ""
[88.781s] -- Up-to-date: /home/buhrmann/ws_moveit/install/moveit_core/lib/libmoveit_robot_state.so
[88.781s] -- Installing: /home/buhrmann/ws_moveit/install/moveit_core/lib/libmoveit_robot_trajectory.so.2.11.0
[88.781s] -- Set runtime path of "/home/buhrmann/ws_moveit/install/moveit_core/lib/libmoveit_robot_trajectory.so.2.11.0" to ""
[88.781s] -- Up-to-date: /home/buhrmann/ws_moveit/install/moveit_core/lib/libmoveit_robot_trajectory.so
[88.781s] -- Installing: /home/buhrmann/ws_moveit/install/moveit_core/lib/libmoveit_ruckig_filter.so.2.11.0
[88.781s] -- Set runtime path of "/home/buhrmann/ws_moveit/install/moveit_core/lib/libmoveit_ruckig_filter.so.2.11.0" to ""
[88.781s] -- Up-to-date: /home/buhrmann/ws_moveit/install/moveit_core/lib/libmoveit_ruckig_filter.so
[88.781s] -- Installing: /home/buhrmann/ws_moveit/install/moveit_core/lib/libmoveit_smoothing_base.so.2.11.0
[88.781s] -- Set runtime path of "/home/buhrmann/ws_moveit/install/moveit_core/lib/libmoveit_smoothing_base.so.2.11.0" to ""
[88.781s] -- Up-to-date: /home/buhrmann/ws_moveit/install/moveit_core/lib/libmoveit_smoothing_base.so
[88.781s] -- Installing: /home/buhrmann/ws_moveit/install/moveit_core/lib/libmoveit_test_utils.so.2.11.0
[88.781s] -- Set runtime path of "/home/buhrmann/ws_moveit/install/moveit_core/lib/libmoveit_test_utils.so.2.11.0" to ""
[88.782s] -- Up-to-date: /home/buhrmann/ws_moveit/install/moveit_core/lib/libmoveit_test_utils.so
[88.782s] -- Installing: /home/buhrmann/ws_moveit/install/moveit_core/lib/libmoveit_trajectory_processing.so.2.11.0
[88.782s] -- Set runtime path of "/home/buhrmann/ws_moveit/install/moveit_core/lib/libmoveit_trajectory_processing.so.2.11.0" to ""
[88.782s] -- Up-to-date: /home/buhrmann/ws_moveit/install/moveit_core/lib/libmoveit_trajectory_processing.so
[88.782s] -- Installing: /home/buhrmann/ws_moveit/install/moveit_core/lib/libmoveit_transforms.so.2.11.0
[88.782s] -- Set runtime path of "/home/buhrmann/ws_moveit/install/moveit_core/lib/libmoveit_transforms.so.2.11.0" to ""
[88.782s] -- Up-to-date: /home/buhrmann/ws_moveit/install/moveit_core/lib/libmoveit_transforms.so
[88.782s] -- Installing: /home/buhrmann/ws_moveit/install/moveit_core/lib/libmoveit_utils.so.2.11.0
[88.782s] -- Set runtime path of "/home/buhrmann/ws_moveit/install/moveit_core/lib/libmoveit_utils.so.2.11.0" to ""
[88.782s] -- Up-to-date: /home/buhrmann/ws_moveit/install/moveit_core/lib/libmoveit_utils.so
[88.782s] -- Up-to-date: /home/buhrmann/ws_moveit/install/moveit_core/share/moveit_core/environment/library_path.sh
[88.782s] -- Up-to-date: /home/buhrmann/ws_moveit/install/moveit_core/share/moveit_core/environment/library_path.dsv
[88.782s] -- Up-to-date: /home/buhrmann/ws_moveit/install/moveit_core/share/moveit_core/collision_detector_fcl_description.xml
[88.782s] -- Up-to-date: /home/buhrmann/ws_moveit/install/moveit_core/share/moveit_core/collision_detector_bullet_description.xml
[88.782s] -- Up-to-date: /home/buhrmann/ws_moveit/install/moveit_core/share/moveit_core/filter_plugin_acceleration.xml
[88.782s] -- Up-to-date: /home/buhrmann/ws_moveit/install/moveit_core/share/moveit_core/filter_plugin_butterworth.xml
[88.782s] -- Up-to-date: /home/buhrmann/ws_moveit/install/moveit_core/share/moveit_core/filter_plugin_ruckig.xml
[88.783s] -- Up-to-date: /home/buhrmann/ws_moveit/install/moveit_core/share/ament_index/resource_index/package_run_dependencies/moveit_core
[88.783s] -- Up-to-date: /home/buhrmann/ws_moveit/install/moveit_core/share/ament_index/resource_index/parent_prefix_path/moveit_core
[88.783s] -- Up-to-date: /home/buhrmann/ws_moveit/install/moveit_core/share/moveit_core/environment/ament_prefix_path.sh
[88.783s] -- Up-to-date: /home/buhrmann/ws_moveit/install/moveit_core/share/moveit_core/environment/ament_prefix_path.dsv
[88.783s] -- Up-to-date: /home/buhrmann/ws_moveit/install/moveit_core/share/moveit_core/environment/path.sh
[88.783s] -- Up-to-date: /home/buhrmann/ws_moveit/install/moveit_core/share/moveit_core/environment/path.dsv
[88.783s] -- Up-to-date: /home/buhrmann/ws_moveit/install/moveit_core/share/moveit_core/local_setup.bash
[88.783s] -- Up-to-date: /home/buhrmann/ws_moveit/install/moveit_core/share/moveit_core/local_setup.sh
[88.783s] -- Up-to-date: /home/buhrmann/ws_moveit/install/moveit_core/share/moveit_core/local_setup.zsh
[88.783s] -- Up-to-date: /home/buhrmann/ws_moveit/install/moveit_core/share/moveit_core/local_setup.dsv
[88.783s] -- Installing: /home/buhrmann/ws_moveit/install/moveit_core/share/moveit_core/package.dsv
[88.783s] -- Up-to-date: /home/buhrmann/ws_moveit/install/moveit_core/share/ament_index/resource_index/packages/moveit_core
[88.783s] -- Up-to-date: /home/buhrmann/ws_moveit/install/moveit_core/share/ament_index/resource_index/moveit_core__pluginlib__plugin/moveit_core
[88.783s] -- Up-to-date: /home/buhrmann/ws_moveit/install/moveit_core/share/moveit_core/cmake/moveit_coreTargetsExport.cmake
[88.783s] -- Up-to-date: /home/buhrmann/ws_moveit/install/moveit_core/share/moveit_core/cmake/moveit_coreTargetsExport-release.cmake
[88.783s] -- Up-to-date: /home/buhrmann/ws_moveit/install/moveit_core/share/moveit_core/cmake/ConfigExtras.cmake
[88.783s] -- Up-to-date: /home/buhrmann/ws_moveit/install/moveit_core/share/moveit_core/cmake/ament_cmake_export_targets-extras.cmake
[88.783s] -- Up-to-date: /home/buhrmann/ws_moveit/install/moveit_core/share/moveit_core/cmake/ament_cmake_export_dependencies-extras.cmake
[88.783s] -- Up-to-date: /home/buhrmann/ws_moveit/install/moveit_core/share/moveit_core/cmake/moveit_coreConfig.cmake
[88.784s] -- Up-to-date: /home/buhrmann/ws_moveit/install/moveit_core/share/moveit_core/cmake/moveit_coreConfig-version.cmake
[88.784s] -- Up-to-date: /home/buhrmann/ws_moveit/install/moveit_core/share/moveit_core/package.xml
[88.784s] Invoked command in '/home/buhrmann/ws_moveit/build/moveit_core' returned '0': CMAKE_PREFIX_PATH=/home/buhrmann/ws_moveit/install/moveit_resources_panda_moveit_config:/home/buhrmann/ws_moveit/install/moveit_resources_pr2_description:/home/buhrmann/ws_moveit/install/moveit_resources_panda_description:/home/buhrmann/ws_moveit/install/moveit_msgs:/home/buhrmann/ws_moveit/install/moveit_common:/home/buhrmann/ws_moveit/install/ur5_moveit_test:/home/buhrmann/ws_moveit/install/ur5_camera_moveit_config2:/home/buhrmann/ws_moveit/install/ur5_camera_moveit_config:/home/buhrmann/ws_moveit/install/ur5_description_controller:/home/buhrmann/ws_moveit/install/ur3_camera_moveit_config:/home/buhrmann/ws_moveit/install/ur3_description_controller:/home/buhrmann/ws_moveit/install/robotiq_hardware_tests:/home/buhrmann/ws_moveit/install/robotiq_driver:/home/buhrmann/ws_moveit/install/serial:/home/buhrmann/ws_moveit/install/moveit2_tutorials:/home/buhrmann/ws_moveit/install/moveit_visual_tools:/home/buhrmann/ws_moveit/install/rviz_visual_tools:/home/buhrmann/ws_moveit/install/moveit_task_constructor_visualization:/home/buhrmann/ws_moveit/install/moveit_task_constructor_demo:/home/buhrmann/ws_moveit/install/moveit_task_constructor_capabilities:/home/buhrmann/ws_moveit/install/moveit_task_constructor_core:/home/buhrmann/ws_moveit/install/rviz_marker_tools:/home/buhrmann/ws_moveit/install/picknik_accessories:/home/buhrmann/ws_moveit/install/kortex_bringup:/home/buhrmann/ws_moveit/install/kinova_gen3_lite_moveit_config:/home/buhrmann/ws_moveit/install/kinova_gen3_7dof_robotiq_2f_85_moveit_config:/home/buhrmann/ws_moveit/install/kinova_gen3_6dof_robotiq_2f_85_moveit_config:/home/buhrmann/ws_moveit/install/kortex_description:/home/buhrmann/ws_moveit/install/robotiq_description:/home/buhrmann/ws_moveit/install/robotiq_controllers:/home/buhrmann/ws_moveit/install/ppf_test_pkg:/home/buhrmann/ws_moveit/install/point_cloud_circle_detector:/home/buhrmann/ws_moveit/install/pilz_industrial_motion_planner_testutils:/home/buhrmann/ws_moveit/install/moveit_runtime:/home/buhrmann/ws_moveit/install/moveit:/home/buhrmann/ws_moveit/install/moveit_planners:/home/buhrmann/ws_moveit/install/pilz_industrial_motion_planner:/home/buhrmann/ws_moveit/install/pick_ik:/home/buhrmann/ws_moveit/install/object_detection_pcl:/home/buhrmann/ws_moveit/install/object_detection:/home/buhrmann/ws_moveit/install/object_creation:/home/buhrmann/ws_moveit/install/moveit_task_constructor_msgs:/home/buhrmann/ws_moveit/install/moveit_ros_control_interface:/home/buhrmann/ws_moveit/install/moveit_plugins:/home/buhrmann/ws_moveit/install/moveit_simple_controller_manager:/home/buhrmann/ws_moveit/install/moveit_setup_assistant:/home/buhrmann/ws_moveit/install/moveit_setup_srdf_plugins:/home/buhrmann/ws_moveit/install/moveit_setup_core_plugins:/home/buhrmann/ws_moveit/install/moveit_setup_controllers:/home/buhrmann/ws_moveit/install/moveit_setup_app_plugins:/home/buhrmann/ws_moveit/install/moveit_setup_framework:/home/buhrmann/ws_moveit/install/moveit_servo:/home/buhrmann/ws_moveit/install/moveit_ros_trajectory_cache:/home/buhrmann/ws_moveit/install/moveit_ros:/home/buhrmann/ws_moveit/install/moveit_ros_visualization:/home/buhrmann/ws_moveit/install/moveit_py:/home/buhrmann/ws_moveit/install/moveit_hybrid_planning:/home/buhrmann/ws_moveit/install/edit_planning_scene:/home/buhrmann/ws_moveit/install/moveit_ros_planning_interface:/home/buhrmann/ws_moveit/install/moveit_ros_benchmarks:/home/buhrmann/ws_moveit/install/moveit_ros_warehouse:/home/buhrmann/ws_moveit/install/moveit_ros_robot_interaction:/home/buhrmann/ws_moveit/install/moveit_ros_perception:/home/buhrmann/ws_moveit/install/moveit_resources_prbt_pg70_support:/home/buhrmann/ws_moveit/install/moveit_resources_prbt_moveit_config:/home/buhrmann/ws_moveit/install/moveit_ros_move_group:/home/buhrmann/ws_moveit/install/moveit_planners_ompl:/home/buhrmann/ws_moveit/install/moveit_kinematics:/home/buhrmann/ws_moveit/install/moveit_ros_planning:/home/buhrmann/ws_moveit/install/moveit_ros_occupancy_map_monitor:/home/buhrmann/ws_moveit/install/moveit_resources_prbt_support:/home/buhrmann/ws_moveit/install/moveit_resources_prbt_ikfast_manipulator_plugin:/home/buhrmann/ws_moveit/install/moveit_resources:/home/buhrmann/ws_moveit/install/dual_arm_panda_moveit_config:/home/buhrmann/ws_moveit/install/moveit_resources_fanuc_moveit_config:/home/buhrmann/ws_moveit/install/moveit_resources_fanuc_description:/home/buhrmann/ws_moveit/install/moveit_planners_stomp:/home/buhrmann/ws_moveit/install/moveit_planners_chomp:/home/buhrmann/ws_moveit/install/chomp_motion_planner:/home/buhrmann/ws_moveit/install/moveit_core:/home/buhrmann/ws_moveit/install/kortex_driver:/home/buhrmann/ws_moveit/install/kortex_api:/home/buhrmann/ws_moveit/install/moveit_configs_utils:/opt/ros/iron LD_LIBRARY_PATH=/home/buhrmann/ws_moveit/install/moveit_msgs/lib:/home/buhrmann/ws_moveit/install/robotiq_driver/lib:/home/buhrmann/ws_moveit/install/serial/lib:/home/buhrmann/ws_moveit/install/moveit_visual_tools/lib:/home/buhrmann/ws_moveit/install/rviz_visual_tools/lib:/home/buhrmann/ws_moveit/install/moveit_task_constructor_visualization/lib:/home/buhrmann/ws_moveit/install/moveit_task_constructor_demo/lib:/home/buhrmann/ws_moveit/install/moveit_task_constructor_capabilities/lib:/home/buhrmann/ws_moveit/install/moveit_task_constructor_core/lib:/home/buhrmann/ws_moveit/install/rviz_marker_tools/lib:/home/buhrmann/ws_moveit/install/robotiq_controllers/lib:/home/buhrmann/ws_moveit/install/pilz_industrial_motion_planner_testutils/lib:/home/buhrmann/ws_moveit/install/pilz_industrial_motion_planner/lib:/home/buhrmann/ws_moveit/install/pick_ik/lib:/home/buhrmann/ws_moveit/install/moveit_task_constructor_msgs/lib:/home/buhrmann/ws_moveit/install/moveit_ros_control_interface/lib:/home/buhrmann/ws_moveit/install/moveit_simple_controller_manager/lib:/home/buhrmann/ws_moveit/install/moveit_setup_assistant/lib:/home/buhrmann/ws_moveit/install/moveit_setup_srdf_plugins/lib:/home/buhrmann/ws_moveit/install/moveit_setup_core_plugins/lib:/home/buhrmann/ws_moveit/install/moveit_setup_controllers/lib:/home/buhrmann/ws_moveit/install/moveit_setup_app_plugins/lib:/home/buhrmann/ws_moveit/install/moveit_setup_framework/lib:/home/buhrmann/ws_moveit/install/moveit_servo/lib:/home/buhrmann/ws_moveit/install/moveit_ros_trajectory_cache/lib:/home/buhrmann/ws_moveit/install/moveit_ros_visualization/lib:/home/buhrmann/ws_moveit/install/moveit_py/lib:/home/buhrmann/ws_moveit/install/moveit_hybrid_planning/lib:/home/buhrmann/ws_moveit/install/moveit_ros_planning_interface/lib:/home/buhrmann/ws_moveit/install/moveit_ros_benchmarks/lib:/home/buhrmann/ws_moveit/install/moveit_ros_warehouse/lib:/home/buhrmann/ws_moveit/install/moveit_ros_robot_interaction/lib:/home/buhrmann/ws_moveit/install/moveit_ros_perception/lib:/home/buhrmann/ws_moveit/install/moveit_ros_move_group/lib:/home/buhrmann/ws_moveit/install/moveit_planners_ompl/lib:/home/buhrmann/ws_moveit/install/moveit_kinematics/lib:/home/buhrmann/ws_moveit/install/moveit_ros_planning/lib:/home/buhrmann/ws_moveit/install/moveit_ros_occupancy_map_monitor/lib:/home/buhrmann/ws_moveit/install/moveit_resources_prbt_ikfast_manipulator_plugin/lib:/home/buhrmann/ws_moveit/install/moveit_planners_stomp/lib:/home/buhrmann/ws_moveit/install/moveit_planners_chomp/lib:/home/buhrmann/ws_moveit/install/chomp_motion_planner/lib:/home/buhrmann/ws_moveit/install/moveit_core/lib:/home/buhrmann/ws_moveit/install/kortex_driver/lib:/opt/ros/iron/opt/rviz_ogre_vendor/lib:/opt/ros/iron/lib/x86_64-linux-gnu:/opt/ros/iron/lib:/usr/lib/jvm/java-11-openjdk-amd64/lib/amd64 PYTHONPATH=/home/buhrmann/ws_moveit/install/moveit_msgs/lib/python3.10/site-packages:/home/buhrmann/ws_moveit/install/moveit_task_constructor_core/lib/python3.10/site-packages:/home/buhrmann/ws_moveit/install/moveit_task_constructor_msgs/lib/python3.10/site-packages:/home/buhrmann/ws_moveit/install/moveit_py/lib/python3.10/site-packages:/home/buhrmann/ws_moveit/install/moveit_configs_utils/lib/python3.10/site-packages:/opt/ros/iron/lib/python3.10/site-packages /usr/bin/cmake --install /home/buhrmann/ws_moveit/build/moveit_core
