-- The C compiler identification is GNU 11.4.0
-- The CXX compiler identification is GNU 11.4.0
-- Detecting C compiler ABI info
-- Detecting C compiler ABI info - done
-- Check for working C compiler: /usr/bin/cc - skipped
-- Detecting C compile features
-- Detecting C compile features - done
-- Detecting CXX compiler ABI info
-- Detecting CXX compiler ABI info - done
-- Check for working CXX compiler: /usr/bin/c++ - skipped
-- Detecting CXX compile features
-- Detecting CXX compile features - done
-- Found ament_cmake: 2.0.7 (/opt/ros/iron/share/ament_cmake/cmake)
-- Found Python3: /usr/bin/python3.10 (found version "3.10.12") found components: Interpreter 
-- Found rclpy: 4.1.7 (/opt/ros/iron/share/rclpy/cmake)
-- Found sensor_msgs: 5.0.1 (/opt/ros/iron/share/sensor_msgs/cmake)
-- Found rosidl_generator_c: 4.0.1 (/opt/ros/iron/share/rosidl_generator_c/cmake)
-- Found rosidl_generator_cpp: 4.0.1 (/opt/ros/iron/share/rosidl_generator_cpp/cmake)
-- Using all available rosidl_typesupport_c: rosidl_typesupport_fastrtps_c;rosidl_typesupport_introspection_c
-- Using all available rosidl_typesupport_cpp: rosidl_typesupport_fastrtps_cpp;rosidl_typesupport_introspection_cpp
-- Found visualization_msgs: 5.0.1 (/opt/ros/iron/share/visualization_msgs/cmake)
-- Found cv_bridge: 3.5.0 (/opt/ros/iron/share/cv_bridge/cmake)
-- Found rmw_implementation_cmake: 7.1.0 (/opt/ros/iron/share/rmw_implementation_cmake/cmake)
-- Found rmw_fastrtps_cpp: 7.1.4 (/opt/ros/iron/share/rmw_fastrtps_cpp/cmake)
-- Found OpenSSL: /usr/lib/x86_64-linux-gnu/libcrypto.so (found version "3.0.2")  
-- Found FastRTPS: /opt/ros/iron/include  
-- Using RMW implementation 'rmw_fastrtps_cpp' as default
-- Found pcl_conversions: 2.5.4 (/opt/ros/iron/share/pcl_conversions/cmake)
-- Checking for module 'flann'
--   Found flann, version 1.9.1
-- Found FLANN: /usr/lib/x86_64-linux-gnu/libflann_cpp.so  
-- FLANN found (include: /usr/include, lib: /usr/lib/x86_64-linux-gnu/libflann_cpp.so)
-- Found OpenMP_CXX: -fopenmp (found version "4.5") 
-- Found OpenMP: TRUE (found version "4.5") found components: CXX 
-- Checking for module 'libusb-1.0'
--   Found libusb-1.0, version 1.0.25
-- Found libusb: /usr/lib/x86_64-linux-gnu/libusb-1.0.so  
-- OpenNI found (version: 1.5.4.0, include: /usr/include/ni, lib: /usr/lib/libOpenNI.so;libusb::libusb)
-- OpenNI2 found (version: 2.2.0.33, include: /usr/include/openni2, lib: /usr/lib/x86_64-linux-gnu/libOpenNI2.so;libusb::libusb)
-- Could NOT find Pcap (missing: PCAP_LIBRARIES PCAP_INCLUDE_DIRS) 
-- Found ZLIB: /usr/lib/x86_64-linux-gnu/libz.so (found version "1.2.11") 
-- Found PNG: /usr/lib/x86_64-linux-gnu/libpng.so (found version "1.6.37") 
-- OpenNI found (version: 1.5.4.0, include: /usr/include/ni, lib: /usr/lib/libOpenNI.so;libusb::libusb)
-- OpenNI2 found (version: 2.2.0.33, include: /usr/include/openni2, lib: /usr/lib/x86_64-linux-gnu/libOpenNI2.so;libusb::libusb)
-- Found Qhull version 8.0.2
-- Found PCL_COMMON: /usr/local/lib/libpcl_common.so  
-- Found PCL_KDTREE: /usr/local/lib/libpcl_kdtree.so  
-- Found PCL_OCTREE: /usr/local/lib/libpcl_octree.so  
-- Found PCL_SEARCH: /usr/local/lib/libpcl_search.so  
-- Found PCL_SAMPLE_CONSENSUS: /usr/local/lib/libpcl_sample_consensus.so  
-- Found PCL_FILTERS: /usr/local/lib/libpcl_filters.so  
-- Found PCL_2D: /usr/local/include/pcl-1.14  
-- Found PCL_GEOMETRY: /usr/local/include/pcl-1.14  
-- Found PCL_IO: /usr/local/lib/libpcl_io.so  
-- Found PCL_FEATURES: /usr/local/lib/libpcl_features.so  
-- Found PCL_ML: /usr/local/lib/libpcl_ml.so  
-- Found PCL_SEGMENTATION: /usr/local/lib/libpcl_segmentation.so  
-- Found PCL_VISUALIZATION: /usr/local/lib/libpcl_visualization.so  
-- Found PCL_SURFACE: /usr/local/lib/libpcl_surface.so  
-- Found PCL_REGISTRATION: /usr/local/lib/libpcl_registration.so  
-- Found PCL_KEYPOINTS: /usr/local/lib/libpcl_keypoints.so  
-- Found PCL_TRACKING: /usr/local/lib/libpcl_tracking.so  
-- Found PCL_RECOGNITION: /usr/local/lib/libpcl_recognition.so  
-- Found PCL_STEREO: /usr/local/lib/libpcl_stereo.so  
-- Found PCL_OUTOFCORE: /usr/local/lib/libpcl_outofcore.so  
-- Found PCL_PEOPLE: /usr/local/lib/libpcl_people.so  
-- Found ament_lint_auto: 0.14.4 (/opt/ros/iron/share/ament_lint_auto/cmake)
-- Added test 'flake8' to check Python code syntax and style conventions
-- Configured 'flake8' exclude dirs and/or files: 
-- Added test 'lint_cmake' to check CMake code style
-- Added test 'pep257' to check Python code against some of the docstring style conventions in PEP 257
-- Added test 'xmllint' to check XML markup files
-- Configuring done
-- Generating done
-- Build files have been written to: /home/buhrmann/ws_moveit/build/object_detection_pcl
-- Install configuration: ""
-- Installing: /home/buhrmann/ws_moveit/install/object_detection_pcl/lib/object_detection_pcl/object_detection_pcl.py
-- Installing: /home/buhrmann/ws_moveit/install/object_detection_pcl/share/ament_index/resource_index/package_run_dependencies/object_detection_pcl
-- Installing: /home/buhrmann/ws_moveit/install/object_detection_pcl/share/ament_index/resource_index/parent_prefix_path/object_detection_pcl
-- Installing: /home/buhrmann/ws_moveit/install/object_detection_pcl/share/object_detection_pcl/environment/ament_prefix_path.sh
-- Installing: /home/buhrmann/ws_moveit/install/object_detection_pcl/share/object_detection_pcl/environment/ament_prefix_path.dsv
-- Installing: /home/buhrmann/ws_moveit/install/object_detection_pcl/share/object_detection_pcl/environment/path.sh
-- Installing: /home/buhrmann/ws_moveit/install/object_detection_pcl/share/object_detection_pcl/environment/path.dsv
-- Installing: /home/buhrmann/ws_moveit/install/object_detection_pcl/share/object_detection_pcl/local_setup.bash
-- Installing: /home/buhrmann/ws_moveit/install/object_detection_pcl/share/object_detection_pcl/local_setup.sh
-- Installing: /home/buhrmann/ws_moveit/install/object_detection_pcl/share/object_detection_pcl/local_setup.zsh
-- Installing: /home/buhrmann/ws_moveit/install/object_detection_pcl/share/object_detection_pcl/local_setup.dsv
-- Installing: /home/buhrmann/ws_moveit/install/object_detection_pcl/share/object_detection_pcl/package.dsv
-- Installing: /home/buhrmann/ws_moveit/install/object_detection_pcl/share/ament_index/resource_index/packages/object_detection_pcl
-- Installing: /home/buhrmann/ws_moveit/install/object_detection_pcl/share/object_detection_pcl/cmake/object_detection_pclConfig.cmake
-- Installing: /home/buhrmann/ws_moveit/install/object_detection_pcl/share/object_detection_pcl/cmake/object_detection_pclConfig-version.cmake
-- Installing: /home/buhrmann/ws_moveit/install/object_detection_pcl/share/object_detection_pcl/package.xml
