/home/buhrmann/ws_moveit/install/ros2_azure_bridge/lib/python3.10/site-packages/ros2_azure_bridge/service_calls.py
/home/buhrmann/ws_moveit/install/ros2_azure_bridge/lib/python3.10/site-packages/ros2_azure_bridge/ros2_azure_iot_bridge.py
/home/buhrmann/ws_moveit/install/ros2_azure_bridge/lib/python3.10/site-packages/ros2_azure_bridge/__init__.py
/home/buhrmann/ws_moveit/install/ros2_azure_bridge/lib/python3.10/site-packages/ros2_azure_bridge/__pycache__/service_calls.cpython-310.pyc
/home/buhrmann/ws_moveit/install/ros2_azure_bridge/lib/python3.10/site-packages/ros2_azure_bridge/__pycache__/ros2_azure_iot_bridge.cpython-310.pyc
/home/buhrmann/ws_moveit/install/ros2_azure_bridge/lib/python3.10/site-packages/ros2_azure_bridge/__pycache__/__init__.cpython-310.pyc
/home/buhrmann/ws_moveit/install/ros2_azure_bridge/share/ament_index/resource_index/packages/ros2_azure_bridge
/home/buhrmann/ws_moveit/install/ros2_azure_bridge/share/ros2_azure_bridge/package.xml
/home/buhrmann/ws_moveit/install/ros2_azure_bridge/share/ros2_azure_bridge/launch/azure_bridge.launch.py
/home/buhrmann/ws_moveit/install/ros2_azure_bridge/share/ros2_azure_bridge/launch/service_calls.launch.py
/home/buhrmann/ws_moveit/install/ros2_azure_bridge/share/ros2_azure_bridge/config/bridge_config.yaml
/home/buhrmann/ws_moveit/install/ros2_azure_bridge/lib/python3.10/site-packages/ros2_azure_bridge-0.1.0-py3.10.egg-info/SOURCES.txt
/home/buhrmann/ws_moveit/install/ros2_azure_bridge/lib/python3.10/site-packages/ros2_azure_bridge-0.1.0-py3.10.egg-info/dependency_links.txt
/home/buhrmann/ws_moveit/install/ros2_azure_bridge/lib/python3.10/site-packages/ros2_azure_bridge-0.1.0-py3.10.egg-info/requires.txt
/home/buhrmann/ws_moveit/install/ros2_azure_bridge/lib/python3.10/site-packages/ros2_azure_bridge-0.1.0-py3.10.egg-info/entry_points.txt
/home/buhrmann/ws_moveit/install/ros2_azure_bridge/lib/python3.10/site-packages/ros2_azure_bridge-0.1.0-py3.10.egg-info/top_level.txt
/home/buhrmann/ws_moveit/install/ros2_azure_bridge/lib/python3.10/site-packages/ros2_azure_bridge-0.1.0-py3.10.egg-info/PKG-INFO
/home/buhrmann/ws_moveit/install/ros2_azure_bridge/lib/python3.10/site-packages/ros2_azure_bridge-0.1.0-py3.10.egg-info/zip-safe
/home/buhrmann/ws_moveit/install/ros2_azure_bridge/lib/ros2_azure_bridge/azure_bridge_node
/home/buhrmann/ws_moveit/install/ros2_azure_bridge/lib/ros2_azure_bridge/service_calls
