[0.213s] Invoking command in '/home/buhrmann/ws_moveit/build/ur3_description_controller': CMAKE_PREFIX_PATH=${CMAKE_PREFIX_PATH}:/home/buhrmann/ws_moveit/install/moveit_configs_utils:/opt/ros/iron /usr/bin/cmake /home/buhrmann/ws_moveit/src/ur3_description_controller -DCMAKE_INSTALL_PREFIX=/home/buhrmann/ws_moveit/install/ur3_description_controller
[0.241s] -- The C compiler identification is GNU 11.4.0
[0.280s] -- The CXX compiler identification is GNU 11.4.0
[0.285s] -- Detecting C compiler ABI info
[0.330s] -- Detecting C compiler ABI info - done
[0.333s] -- Check for working C compiler: /usr/bin/cc - skipped
[0.333s] -- Detecting C compile features
[0.334s] -- Detecting C compile features - done
[0.335s] -- Detecting CXX compiler ABI info
[0.386s] -- Detecting CXX compiler ABI info - done
[0.391s] -- Check for working CXX compiler: /usr/bin/c++ - skipped
[0.391s] -- Detecting CXX compile features
[0.392s] -- Detecting CXX compile features - done
[0.393s] -- Found ament_cmake: 2.0.6 (/opt/ros/iron/share/ament_cmake/cmake)
[0.500s] -- Found Python3: /usr/bin/python3.10 (found version "3.10.12") found components: Interpreter 
[0.613s] -- Configuring done
[0.615s] -- Generating done
[0.615s] -- Build files have been written to: /home/buhrmann/ws_moveit/build/ur3_description_controller
[0.619s] Invoked command in '/home/buhrmann/ws_moveit/build/ur3_description_controller' returned '0': CMAKE_PREFIX_PATH=${CMAKE_PREFIX_PATH}:/home/buhrmann/ws_moveit/install/moveit_configs_utils:/opt/ros/iron /usr/bin/cmake /home/buhrmann/ws_moveit/src/ur3_description_controller -DCMAKE_INSTALL_PREFIX=/home/buhrmann/ws_moveit/install/ur3_description_controller
[0.621s] Invoking command in '/home/buhrmann/ws_moveit/build/ur3_description_controller': CMAKE_PREFIX_PATH=${CMAKE_PREFIX_PATH}:/home/buhrmann/ws_moveit/install/moveit_configs_utils:/opt/ros/iron /usr/bin/cmake --build /home/buhrmann/ws_moveit/build/ur3_description_controller -- -j28 -l28
[0.649s] Invoked command in '/home/buhrmann/ws_moveit/build/ur3_description_controller' returned '0': CMAKE_PREFIX_PATH=${CMAKE_PREFIX_PATH}:/home/buhrmann/ws_moveit/install/moveit_configs_utils:/opt/ros/iron /usr/bin/cmake --build /home/buhrmann/ws_moveit/build/ur3_description_controller -- -j28 -l28
[0.675s] Invoking command in '/home/buhrmann/ws_moveit/build/ur3_description_controller': CMAKE_PREFIX_PATH=${CMAKE_PREFIX_PATH}:/home/buhrmann/ws_moveit/install/moveit_configs_utils:/opt/ros/iron /usr/bin/cmake --install /home/buhrmann/ws_moveit/build/ur3_description_controller
[0.680s] -- Install configuration: ""
[0.681s] -- Installing: /home/buhrmann/ws_moveit/install/ur3_description_controller/share/ur3_description_controller/launch
[0.681s] -- Installing: /home/buhrmann/ws_moveit/install/ur3_description_controller/share/ur3_description_controller/launch/command
[0.681s] -- Installing: /home/buhrmann/ws_moveit/install/ur3_description_controller/share/ur3_description_controller/launch/command_namespaces
[0.681s] -- Installing: /home/buhrmann/ws_moveit/install/ur3_description_controller/share/ur3_description_controller/launch/ur5.launch.py
[0.681s] -- Installing: /home/buhrmann/ws_moveit/install/ur3_description_controller/share/ur3_description_controller/launch/ur_control.namespace.launch .py
[0.681s] -- Installing: /home/buhrmann/ws_moveit/install/ur3_description_controller/share/ur3_description_controller/launch/ur_control.launch.py
[0.681s] -- Installing: /home/buhrmann/ws_moveit/install/ur3_description_controller/share/ur3_description_controller/launch/ur_control.namespace.launch.py
[0.681s] -- Installing: /home/buhrmann/ws_moveit/install/ur3_description_controller/share/ur3_description_controller/config
[0.681s] -- Installing: /home/buhrmann/ws_moveit/install/ur3_description_controller/share/ur3_description_controller/config/my_robot_calibration.yaml
[0.681s] -- Installing: /home/buhrmann/ws_moveit/install/ur3_description_controller/share/ur3_description_controller/config/ur3
[0.681s] -- Installing: /home/buhrmann/ws_moveit/install/ur3_description_controller/share/ur3_description_controller/config/ur3/joint_limits.yaml
[0.682s] -- Installing: /home/buhrmann/ws_moveit/install/ur3_description_controller/share/ur3_description_controller/config/ur3/physical_parameters.yaml
[0.682s] -- Installing: /home/buhrmann/ws_moveit/install/ur3_description_controller/share/ur3_description_controller/config/ur3/default_kinematics.yaml
[0.682s] -- Installing: /home/buhrmann/ws_moveit/install/ur3_description_controller/share/ur3_description_controller/config/ur3/visual_parameters.yaml
[0.682s] -- Installing: /home/buhrmann/ws_moveit/install/ur3_description_controller/share/ur3_description_controller/config/ur_namespace_controllers.yaml
[0.682s] -- Installing: /home/buhrmann/ws_moveit/install/ur3_description_controller/share/ur3_description_controller/config/ur_controllers.yaml
[0.682s] -- Installing: /home/buhrmann/ws_moveit/install/ur3_description_controller/share/ur3_description_controller/urdf
[0.682s] -- Installing: /home/buhrmann/ws_moveit/install/ur3_description_controller/share/ur3_description_controller/urdf/ur.urdf.xacro
[0.682s] -- Installing: /home/buhrmann/ws_moveit/install/ur3_description_controller/share/ament_index/resource_index/package_run_dependencies/ur3_description_controller
[0.682s] -- Installing: /home/buhrmann/ws_moveit/install/ur3_description_controller/share/ament_index/resource_index/parent_prefix_path/ur3_description_controller
[0.682s] -- Installing: /home/buhrmann/ws_moveit/install/ur3_description_controller/share/ur3_description_controller/environment/ament_prefix_path.sh
[0.682s] -- Installing: /home/buhrmann/ws_moveit/install/ur3_description_controller/share/ur3_description_controller/environment/ament_prefix_path.dsv
[0.682s] -- Installing: /home/buhrmann/ws_moveit/install/ur3_description_controller/share/ur3_description_controller/environment/path.sh
[0.682s] -- Installing: /home/buhrmann/ws_moveit/install/ur3_description_controller/share/ur3_description_controller/environment/path.dsv
[0.682s] -- Installing: /home/buhrmann/ws_moveit/install/ur3_description_controller/share/ur3_description_controller/local_setup.bash
[0.682s] -- Installing: /home/buhrmann/ws_moveit/install/ur3_description_controller/share/ur3_description_controller/local_setup.sh
[0.682s] -- Installing: /home/buhrmann/ws_moveit/install/ur3_description_controller/share/ur3_description_controller/local_setup.zsh
[0.682s] -- Installing: /home/buhrmann/ws_moveit/install/ur3_description_controller/share/ur3_description_controller/local_setup.dsv
[0.682s] -- Installing: /home/buhrmann/ws_moveit/install/ur3_description_controller/share/ur3_description_controller/package.dsv
[0.682s] -- Installing: /home/buhrmann/ws_moveit/install/ur3_description_controller/share/ament_index/resource_index/packages/ur3_description_controller
[0.682s] -- Installing: /home/buhrmann/ws_moveit/install/ur3_description_controller/share/ur3_description_controller/cmake/ur3_description_controllerConfig.cmake
[0.682s] -- Installing: /home/buhrmann/ws_moveit/install/ur3_description_controller/share/ur3_description_controller/cmake/ur3_description_controllerConfig-version.cmake
[0.682s] -- Installing: /home/buhrmann/ws_moveit/install/ur3_description_controller/share/ur3_description_controller/package.xml
[0.690s] Invoked command in '/home/buhrmann/ws_moveit/build/ur3_description_controller' returned '0': CMAKE_PREFIX_PATH=${CMAKE_PREFIX_PATH}:/home/buhrmann/ws_moveit/install/moveit_configs_utils:/opt/ros/iron /usr/bin/cmake --install /home/buhrmann/ws_moveit/build/ur3_description_controller
