[0.052s] Invoking command in '/home/buhrmann/ws_moveit/build/moveit_common': CMAKE_PREFIX_PATH=${CMAKE_PREFIX_PATH}:/home/buhrmann/ws_moveit/install/moveit_configs_utils:/opt/ros/iron /usr/bin/cmake /home/buhrmann/ws_moveit/src/moveit2/moveit_common -DCMAKE_INSTALL_PREFIX=/home/buhrmann/ws_moveit/install/moveit_common
[0.198s] -- Found ament_cmake: 2.0.7 (/opt/ros/iron/share/ament_cmake/cmake)
[0.198s] -- Override CMake install command with custom implementation using symlinks instead of copying resources
[0.198s] -- Configuring done
[0.198s] -- Generating done
[0.199s] -- Build files have been written to: /home/buhrmann/ws_moveit/build/moveit_common
[0.204s] Invoked command in '/home/buhrmann/ws_moveit/build/moveit_common' returned '0': CMAKE_PREFIX_PATH=${CMAKE_PREFIX_PATH}:/home/buhrmann/ws_moveit/install/moveit_configs_utils:/opt/ros/iron /usr/bin/cmake /home/buhrmann/ws_moveit/src/moveit2/moveit_common -DCMAKE_INSTALL_PREFIX=/home/buhrmann/ws_moveit/install/moveit_common
[0.206s] Invoking command in '/home/buhrmann/ws_moveit/build/moveit_common': CMAKE_PREFIX_PATH=${CMAKE_PREFIX_PATH}:/home/buhrmann/ws_moveit/install/moveit_configs_utils:/opt/ros/iron /usr/bin/cmake --build /home/buhrmann/ws_moveit/build/moveit_common -- -j28 -l28
[0.246s] Invoked command in '/home/buhrmann/ws_moveit/build/moveit_common' returned '0': CMAKE_PREFIX_PATH=${CMAKE_PREFIX_PATH}:/home/buhrmann/ws_moveit/install/moveit_configs_utils:/opt/ros/iron /usr/bin/cmake --build /home/buhrmann/ws_moveit/build/moveit_common -- -j28 -l28
[0.247s] Invoking command in '/home/buhrmann/ws_moveit/build/moveit_common': CMAKE_PREFIX_PATH=${CMAKE_PREFIX_PATH}:/home/buhrmann/ws_moveit/install/moveit_configs_utils:/opt/ros/iron /usr/bin/cmake --install /home/buhrmann/ws_moveit/build/moveit_common
[0.253s] -- Install configuration: ""
[0.254s] -- Execute custom install script
[0.254s] -- Up-to-date symlink: /home/buhrmann/ws_moveit/install/moveit_common/share/ament_index/resource_index/package_run_dependencies/moveit_common
[0.254s] -- Up-to-date symlink: /home/buhrmann/ws_moveit/install/moveit_common/share/ament_index/resource_index/parent_prefix_path/moveit_common
[0.254s] -- Up-to-date symlink: /home/buhrmann/ws_moveit/install/moveit_common/share/moveit_common/environment/ament_prefix_path.sh
[0.255s] -- Up-to-date symlink: /home/buhrmann/ws_moveit/install/moveit_common/share/moveit_common/environment/ament_prefix_path.dsv
[0.255s] -- Up-to-date symlink: /home/buhrmann/ws_moveit/install/moveit_common/share/moveit_common/environment/path.sh
[0.255s] -- Up-to-date symlink: /home/buhrmann/ws_moveit/install/moveit_common/share/moveit_common/environment/path.dsv
[0.255s] -- Up-to-date symlink: /home/buhrmann/ws_moveit/install/moveit_common/share/moveit_common/local_setup.bash
[0.255s] -- Up-to-date symlink: /home/buhrmann/ws_moveit/install/moveit_common/share/moveit_common/local_setup.sh
[0.255s] -- Up-to-date symlink: /home/buhrmann/ws_moveit/install/moveit_common/share/moveit_common/local_setup.zsh
[0.255s] -- Up-to-date symlink: /home/buhrmann/ws_moveit/install/moveit_common/share/moveit_common/local_setup.dsv
[0.255s] -- Symlinking: /home/buhrmann/ws_moveit/install/moveit_common/share/moveit_common/package.dsv
[0.262s] -- Up-to-date symlink: /home/buhrmann/ws_moveit/install/moveit_common/share/ament_index/resource_index/packages/moveit_common
[0.262s] -- Up-to-date symlink: /home/buhrmann/ws_moveit/install/moveit_common/share/moveit_common/cmake/moveit_common-extras.cmake
[0.262s] -- Up-to-date symlink: /home/buhrmann/ws_moveit/install/moveit_common/share/moveit_common/cmake/moveit_commonConfig.cmake
[0.262s] -- Up-to-date symlink: /home/buhrmann/ws_moveit/install/moveit_common/share/moveit_common/cmake/moveit_commonConfig-version.cmake
[0.262s] -- Up-to-date symlink: /home/buhrmann/ws_moveit/install/moveit_common/share/moveit_common/package.xml
[0.263s] -- Up-to-date symlink: /home/buhrmann/ws_moveit/install/moveit_common/share/moveit_common/cmake/moveit_package.cmake
[0.304s] Invoked command in '/home/buhrmann/ws_moveit/build/moveit_common' returned '0': CMAKE_PREFIX_PATH=${CMAKE_PREFIX_PATH}:/home/buhrmann/ws_moveit/install/moveit_configs_utils:/opt/ros/iron /usr/bin/cmake --install /home/buhrmann/ws_moveit/build/moveit_common
