[0m** WARNING ** io features related to pcap will be disabled[0m
[0m** WARNING ** io features related to png will be disabled[0m
/usr/bin/ld: CMakeFiles/point_cloud_circle_detector.dir/src/point_cloud_circle_detector.cpp.o: in function `PointCloudCircleDetector::listener_callback(std::shared_ptr<sensor_msgs::msg::PointCloud2_<std::allocator<void> > >)':
point_cloud_circle_detector.cpp:(.text._ZN24PointCloudCircleDetector17listener_callbackESt10shared_ptrIN11sensor_msgs3msg12PointCloud2_ISaIvEEEE[_ZN24PointCloudCircleDetector17listener_callbackESt10shared_ptrIN11sensor_msgs3msg12PointCloud2_ISaIvEEEE]+0x648): undefined reference to `pcl::SACSegmentation<pcl::PointXYZ>::segment(pcl::PointIndices&, pcl::ModelCoefficients&)'
/usr/bin/ld: CMakeFiles/point_cloud_circle_detector.dir/src/point_cloud_circle_detector.cpp.o:(.data.rel.ro._ZTVN3pcl15SACSegmentationINS_8PointXYZEEE[_ZTVN3pcl15SACSegmentationINS_8PointXYZEEE]+0x48): undefined reference to `pcl::SACSegmentation<pcl::PointXYZ>::segment(pcl::PointIndices&, pcl::ModelCoefficients&)'
/usr/bin/ld: CMakeFiles/point_cloud_circle_detector.dir/src/point_cloud_circle_detector.cpp.o:(.data.rel.ro._ZTVN3pcl15SACSegmentationINS_8PointXYZEEE[_ZTVN3pcl15SACSegmentationINS_8PointXYZEEE]+0x50): undefined reference to `pcl::SACSegmentation<pcl::PointXYZ>::initSACModel(int)'
/usr/bin/ld: CMakeFiles/point_cloud_circle_detector.dir/src/point_cloud_circle_detector.cpp.o:(.data.rel.ro._ZTVN3pcl15SACSegmentationINS_8PointXYZEEE[_ZTVN3pcl15SACSegmentationINS_8PointXYZEEE]+0x58): undefined reference to `pcl::SACSegmentation<pcl::PointXYZ>::initSAC(int)'
collect2: error: ld returned 1 exit status
gmake[2]: *** [CMakeFiles/point_cloud_circle_detector.dir/build.make:301: point_cloud_circle_detector] Error 1
gmake[1]: *** [CMakeFiles/Makefile2:143: CMakeFiles/point_cloud_circle_detector.dir/all] Error 2
gmake[1]: *** Waiting for unfinished jobs....
/usr/bin/ld: CMakeFiles/point_cloud_cylinder_detector.dir/src/point_cloud_cylinder_detector.cpp.o: in function `PointCloudCylinderDetector::listener_callback(std::shared_ptr<sensor_msgs::msg::PointCloud2_<std::allocator<void> > >)':
point_cloud_cylinder_detector.cpp:(.text._ZN26PointCloudCylinderDetector17listener_callbackESt10shared_ptrIN11sensor_msgs3msg12PointCloud2_ISaIvEEEE[_ZN26PointCloudCylinderDetector17listener_callbackESt10shared_ptrIN11sensor_msgs3msg12PointCloud2_ISaIvEEEE]+0x707): undefined reference to `pcl::SACSegmentation<pcl::PointXYZ>::segment(pcl::PointIndices&, pcl::ModelCoefficients&)'
/usr/bin/ld: CMakeFiles/point_cloud_cylinder_detector.dir/src/point_cloud_cylinder_detector.cpp.o:(.data.rel.ro._ZTVN3pcl26SACSegmentationFromNormalsINS_8PointXYZENS_6NormalEEE[_ZTVN3pcl26SACSegmentationFromNormalsINS_8PointXYZENS_6NormalEEE]+0x48): undefined reference to `pcl::SACSegmentation<pcl::PointXYZ>::segment(pcl::PointIndices&, pcl::ModelCoefficients&)'
/usr/bin/ld: CMakeFiles/point_cloud_cylinder_detector.dir/src/point_cloud_cylinder_detector.cpp.o:(.data.rel.ro._ZTVN3pcl26SACSegmentationFromNormalsINS_8PointXYZENS_6NormalEEE[_ZTVN3pcl26SACSegmentationFromNormalsINS_8PointXYZENS_6NormalEEE]+0x50): undefined reference to `pcl::SACSegmentationFromNormals<pcl::PointXYZ, pcl::Normal>::initSACModel(int)'
/usr/bin/ld: CMakeFiles/point_cloud_cylinder_detector.dir/src/point_cloud_cylinder_detector.cpp.o:(.data.rel.ro._ZTVN3pcl26SACSegmentationFromNormalsINS_8PointXYZENS_6NormalEEE[_ZTVN3pcl26SACSegmentationFromNormalsINS_8PointXYZENS_6NormalEEE]+0x58): undefined reference to `pcl::SACSegmentation<pcl::PointXYZ>::initSAC(int)'
/usr/bin/ld: CMakeFiles/point_cloud_cylinder_detector.dir/src/point_cloud_cylinder_detector.cpp.o:(.data.rel.ro._ZTVN3pcl15SACSegmentationINS_8PointXYZEEE[_ZTVN3pcl15SACSegmentationINS_8PointXYZEEE]+0x48): undefined reference to `pcl::SACSegmentation<pcl::PointXYZ>::segment(pcl::PointIndices&, pcl::ModelCoefficients&)'
/usr/bin/ld: CMakeFiles/point_cloud_cylinder_detector.dir/src/point_cloud_cylinder_detector.cpp.o:(.data.rel.ro._ZTVN3pcl15SACSegmentationINS_8PointXYZEEE[_ZTVN3pcl15SACSegmentationINS_8PointXYZEEE]+0x50): undefined reference to `pcl::SACSegmentation<pcl::PointXYZ>::initSACModel(int)'
/usr/bin/ld: CMakeFiles/point_cloud_cylinder_detector.dir/src/point_cloud_cylinder_detector.cpp.o:(.data.rel.ro._ZTVN3pcl15SACSegmentationINS_8PointXYZEEE[_ZTVN3pcl15SACSegmentationINS_8PointXYZEEE]+0x58): undefined reference to `pcl::SACSegmentation<pcl::PointXYZ>::initSAC(int)'
collect2: error: ld returned 1 exit status
gmake[2]: *** [CMakeFiles/point_cloud_cylinder_detector.dir/build.make:301: point_cloud_cylinder_detector] Error 1
gmake[1]: *** [CMakeFiles/Makefile2:169: CMakeFiles/point_cloud_cylinder_detector.dir/all] Error 2
/usr/bin/ld: cannot find -lcommon: No such file or directory
/usr/bin/ld: cannot find -lio: No such file or directory
/usr/bin/ld: cannot find -lfeatures: No such file or directory
/usr/bin/ld: cannot find -lsearch: No such file or directory
collect2: error: ld returned 1 exit status
gmake[2]: *** [CMakeFiles/point_cloud_plantpot_ppf_detector.dir/build.make:305: point_cloud_plantpot_ppf_detector] Error 1
gmake[1]: *** [CMakeFiles/Makefile2:221: CMakeFiles/point_cloud_plantpot_ppf_detector.dir/all] Error 2
gmake: *** [Makefile:146: all] Error 2
