-- Install configuration: ""
-- Up-to-date: /home/buhrmann/ws_moveit/install/ur3_description_controller/share/ur3_description_controller/launch
-- Up-to-date: /home/buhrmann/ws_moveit/install/ur3_description_controller/share/ur3_description_controller/launch/command
-- Up-to-date: /home/buhrmann/ws_moveit/install/ur3_description_controller/share/ur3_description_controller/launch/command_namespaces
-- Up-to-date: /home/buhrmann/ws_moveit/install/ur3_description_controller/share/ur3_description_controller/launch/ur5.launch.py
-- Up-to-date: /home/buhrmann/ws_moveit/install/ur3_description_controller/share/ur3_description_controller/launch/ur_control.namespace.launch .py
-- Up-to-date: /home/buhrmann/ws_moveit/install/ur3_description_controller/share/ur3_description_controller/launch/ur_control.launch.py
-- Up-to-date: /home/buhrmann/ws_moveit/install/ur3_description_controller/share/ur3_description_controller/launch/ur_control.namespace.launch.py
-- Up-to-date: /home/buhrmann/ws_moveit/install/ur3_description_controller/share/ur3_description_controller/config
-- Up-to-date: /home/buhrmann/ws_moveit/install/ur3_description_controller/share/ur3_description_controller/config/my_robot_calibration.yaml
-- Up-to-date: /home/buhrmann/ws_moveit/install/ur3_description_controller/share/ur3_description_controller/config/ur3
-- Up-to-date: /home/buhrmann/ws_moveit/install/ur3_description_controller/share/ur3_description_controller/config/ur3/joint_limits.yaml
-- Up-to-date: /home/buhrmann/ws_moveit/install/ur3_description_controller/share/ur3_description_controller/config/ur3/physical_parameters.yaml
-- Up-to-date: /home/buhrmann/ws_moveit/install/ur3_description_controller/share/ur3_description_controller/config/ur3/default_kinematics.yaml
-- Up-to-date: /home/buhrmann/ws_moveit/install/ur3_description_controller/share/ur3_description_controller/config/ur3/visual_parameters.yaml
-- Up-to-date: /home/buhrmann/ws_moveit/install/ur3_description_controller/share/ur3_description_controller/config/ur_namespace_controllers.yaml
-- Up-to-date: /home/buhrmann/ws_moveit/install/ur3_description_controller/share/ur3_description_controller/config/ur_controllers.yaml
-- Up-to-date: /home/buhrmann/ws_moveit/install/ur3_description_controller/share/ur3_description_controller/urdf
-- Up-to-date: /home/buhrmann/ws_moveit/install/ur3_description_controller/share/ur3_description_controller/urdf/ur.urdf.xacro
-- Up-to-date: /home/buhrmann/ws_moveit/install/ur3_description_controller/share/ament_index/resource_index/package_run_dependencies/ur3_description_controller
-- Up-to-date: /home/buhrmann/ws_moveit/install/ur3_description_controller/share/ament_index/resource_index/parent_prefix_path/ur3_description_controller
-- Up-to-date: /home/buhrmann/ws_moveit/install/ur3_description_controller/share/ur3_description_controller/environment/ament_prefix_path.sh
-- Up-to-date: /home/buhrmann/ws_moveit/install/ur3_description_controller/share/ur3_description_controller/environment/ament_prefix_path.dsv
-- Up-to-date: /home/buhrmann/ws_moveit/install/ur3_description_controller/share/ur3_description_controller/environment/path.sh
-- Up-to-date: /home/buhrmann/ws_moveit/install/ur3_description_controller/share/ur3_description_controller/environment/path.dsv
-- Up-to-date: /home/buhrmann/ws_moveit/install/ur3_description_controller/share/ur3_description_controller/local_setup.bash
-- Up-to-date: /home/buhrmann/ws_moveit/install/ur3_description_controller/share/ur3_description_controller/local_setup.sh
-- Up-to-date: /home/buhrmann/ws_moveit/install/ur3_description_controller/share/ur3_description_controller/local_setup.zsh
-- Up-to-date: /home/buhrmann/ws_moveit/install/ur3_description_controller/share/ur3_description_controller/local_setup.dsv
-- Installing: /home/buhrmann/ws_moveit/install/ur3_description_controller/share/ur3_description_controller/package.dsv
-- Up-to-date: /home/buhrmann/ws_moveit/install/ur3_description_controller/share/ament_index/resource_index/packages/ur3_description_controller
-- Up-to-date: /home/buhrmann/ws_moveit/install/ur3_description_controller/share/ur3_description_controller/cmake/ur3_description_controllerConfig.cmake
-- Up-to-date: /home/buhrmann/ws_moveit/install/ur3_description_controller/share/ur3_description_controller/cmake/ur3_description_controllerConfig-version.cmake
-- Up-to-date: /home/buhrmann/ws_moveit/install/ur3_description_controller/share/ur3_description_controller/package.xml
