[0.010s] Invoking command in '/home/buhrmann/ws_moveit/build/point_cloud_circle_detector': CMAKE_PREFIX_PATH=${CMAKE_PREFIX_PATH}:/home/buhrmann/ws_moveit/install/moveit_configs_utils:/opt/ros/iron /usr/bin/cmake --build /home/buhrmann/ws_moveit/build/point_cloud_circle_detector -- -j28 -l28
[0.059s] [35m[1mConsolidate compiler generated dependencies of target point_cloud_plantpot_edge_pfh_detector[0m
[0.073s] [ 16%] Built target point_cloud_cylinder_detector
[0.073s] [ 33%] Built target point_cloud_plantpot_pfh_detector
[0.073s] [ 50%] Built target point_cloud_plantpot_ppf_detector
[0.073s] [ 66%] Built target point_cloud_circle_detector
[0.074s] [ 83%] Built target point_cloud_plantpot_detector
[0.075s] [ 91%] [32mBuilding CXX object CMakeFiles/point_cloud_plantpot_edge_pfh_detector.dir/src/point_cloud_plantpot_edge_pfh_detector.cpp.o[0m
[1.815s] [01m[K/home/buhrmann/ws_moveit/src/point_cloud_circle_detector/src/point_cloud_plantpot_edge_pfh_detector.cpp:[m[K In function ‘[01m[Kint main()[m[K’:
[1.815s] [01m[K/home/buhrmann/ws_moveit/src/point_cloud_circle_detector/src/point_cloud_plantpot_edge_pfh_detector.cpp:28:34:[m[K [01;31m[Kerror: [m[Kcannot convert ‘[01m[Kpcl::PointCloud<pcl::PointXYZ>::Ptr[m[K’ {aka ‘[01m[Kstd::shared_ptr<pcl::PointCloud<pcl::PointXYZ> >[m[K’} to ‘[01m[Kstd::vector<pcl::PointIndices>&[m[K’
[1.816s]    28 |     edge_detector.compute(*cloud,[01;31m[Kedges[m[K);
[1.816s]       |                                  [01;31m[K^~~~~[m[K
[1.816s]       |                                  [01;31m[K|[m[K
[1.816s]       |                                  [01;31m[Kpcl::PointCloud<pcl::PointXYZ>::Ptr {aka std::shared_ptr<pcl::PointCloud<pcl::PointXYZ> >}[m[K
[1.816s] In file included from [01m[K/usr/include/pcl-1.12/pcl/features/organized_edge_detection.h:429[m[K,
[1.816s]                  from [01m[K/home/buhrmann/ws_moveit/src/point_cloud_circle_detector/src/point_cloud_plantpot_edge_pfh_detector.cpp:5[m[K:
[1.816s] [01m[K/usr/include/pcl-1.12/pcl/features/impl/organized_edge_detection.hpp:52:117:[m[K [01;36m[Knote: [m[K  initializing argument 2 of ‘[01m[Kvoid pcl::OrganizedEdgeBase<PointT, PointLT>::compute(pcl::PointCloud<PointOutT>&, std::vector<pcl::PointIndices>&) const [with PointT = pcl::PointXYZ; PointLT = pcl::PointXYZ][m[K’
[1.816s]    52 | pcl::OrganizedEdgeBase<PointT, PointLT>::compute (pcl::PointCloud<PointLT>& labels, [01;36m[Kstd::vector<pcl::PointIndices>& label_indices[m[K) const
[1.816s]       |                                                                                     [01;36m[K~~~~~~~~~~~~~~~~~~~~~~~~~~~~~~~~^~~~~~~~~~~~~[m[K
[1.819s] [01m[K/home/buhrmann/ws_moveit/src/point_cloud_circle_detector/src/point_cloud_plantpot_edge_pfh_detector.cpp:31:80:[m[K [01;31m[Kerror: [m[K‘[01m[Kedge_cloud[m[K’ was not declared in this scope
[1.819s]    31 |     pcl::io::savePCDFile("/home/buhrmann/Desktop/Pointcloud_Tests/edges.pcd", *[01;31m[Kedge_cloud[m[K);
[1.819s]       |                                                                                [01;31m[K^~~~~~~~~~[m[K
[2.115s] gmake[2]: *** [CMakeFiles/point_cloud_plantpot_edge_pfh_detector.dir/build.make:76: CMakeFiles/point_cloud_plantpot_edge_pfh_detector.dir/src/point_cloud_plantpot_edge_pfh_detector.cpp.o] Error 1
[2.115s] gmake[1]: *** [CMakeFiles/Makefile2:277: CMakeFiles/point_cloud_plantpot_edge_pfh_detector.dir/all] Error 2
[2.115s] gmake: *** [Makefile:146: all] Error 2
[2.117s] Invoked command in '/home/buhrmann/ws_moveit/build/point_cloud_circle_detector' returned '2': CMAKE_PREFIX_PATH=${CMAKE_PREFIX_PATH}:/home/buhrmann/ws_moveit/install/moveit_configs_utils:/opt/ros/iron /usr/bin/cmake --build /home/buhrmann/ws_moveit/build/point_cloud_circle_detector -- -j28 -l28
