[0.008s] Invoking command in '/home/buhrmann/ws_moveit/build/point_cloud_circle_detector': CMAKE_PREFIX_PATH=${CMAKE_PREFIX_PATH}:/home/buhrmann/ws_moveit/install/moveit_configs_utils:/opt/ros/iron /usr/bin/cmake --build /home/buhrmann/ws_moveit/build/point_cloud_circle_detector -- -j28 -l28
[0.042s] -- Found ament_cmake: 2.0.7 (/opt/ros/iron/share/ament_cmake/cmake)
[0.148s] -- Found sensor_msgs: 5.0.1 (/opt/ros/iron/share/sensor_msgs/cmake)
[0.175s] -- Found rosidl_generator_c: 4.0.1 (/opt/ros/iron/share/rosidl_generator_c/cmake)
[0.180s] -- Found rosidl_generator_cpp: 4.0.1 (/opt/ros/iron/share/rosidl_generator_cpp/cmake)
[0.191s] -- Using all available rosidl_typesupport_c: rosidl_typesupport_fastrtps_c;rosidl_typesupport_introspection_c
[0.202s] -- Using all available rosidl_typesupport_cpp: rosidl_typesupport_fastrtps_cpp;rosidl_typesupport_introspection_cpp
[0.313s] -- Found rclcpp: 21.0.8 (/opt/ros/iron/share/rclcpp/cmake)
[0.368s] -- Found rmw_implementation_cmake: 7.1.0 (/opt/ros/iron/share/rmw_implementation_cmake/cmake)
[0.371s] -- Found rmw_fastrtps_cpp: 7.1.4 (/opt/ros/iron/share/rmw_fastrtps_cpp/cmake)
[0.462s] -- Using RMW implementation 'rmw_fastrtps_cpp' as default
[0.551s] -- Found pcl_conversions: 2.5.4 (/opt/ros/iron/share/pcl_conversions/cmake)
[0.647s] -- Eigen found (include: /usr/include/eigen3, version: 3.4.0)
[0.669s] -- FLANN found (include: /usr/include, lib: /usr/lib/x86_64-linux-gnu/libflann_cpp.so)
[0.960s] -- OpenNI found (version: 1.5.4.0, include: /usr/include/ni, lib: /usr/lib/libOpenNI.so;libusb::libusb)
[0.966s] -- OpenNI2 found (version: 2.2.0.33, include: /usr/include/openni2, lib: /usr/lib/x86_64-linux-gnu/libOpenNI2.so;libusb::libusb)
[1.095s] -- Eigen found (include: /usr/include/eigen3, version: 3.4.0)
[1.100s] -- OpenNI found (version: 1.5.4.0, include: /usr/include/ni, lib: /usr/lib/libOpenNI.so;libusb::libusb)
[1.105s] -- OpenNI2 found (version: 2.2.0.33, include: /usr/include/openni2, lib: /usr/lib/x86_64-linux-gnu/libOpenNI2.so;libusb::libusb)
[1.216s] -- Found Qhull version 8.0.2
[1.322s] -- OpenNI found (version: 1.5.4.0, include: /usr/include/ni, lib: /usr/lib/libOpenNI.so;libusb::libusb)
[1.434s] [33mCMake Warning (dev) at CMakeLists.txt:22 (find_package):
[1.434s]   Policy CMP0074 is not set: find_package uses <PackageName>_ROOT variables.
[1.434s]   Run "cmake --help-policy CMP0074" for policy details.  Use the cmake_policy
[1.434s]   command to set the policy and suppress this warning.
[1.434s] 
[1.434s]   CMake variable PCL_ROOT is set to:
[1.434s] 
[1.435s]     /usr
[1.435s] 
[1.435s]   For compatibility, CMake is ignoring the variable.
[1.435s] This warning is for project developers.  Use -Wno-dev to suppress it.
[1.435s] [0m
[1.843s] -- Found ament_lint_auto: 0.14.4 (/opt/ros/iron/share/ament_lint_auto/cmake)
[1.906s] -- Added test 'cppcheck' to perform static code analysis on C / C++ code
[1.906s] -- Configured cppcheck include dirs: 
[1.906s] -- Configured cppcheck exclude dirs and/or files: 
[1.907s] -- Added test 'lint_cmake' to check CMake code style
[1.908s] -- Added test 'uncrustify' to check C / C++ code style
[1.908s] -- Configured uncrustify additional arguments: 
[1.909s] -- Added test 'xmllint' to check XML markup files
[1.911s] -- Configuring done
[1.959s] -- Generating done
[1.972s] -- Build files have been written to: /home/buhrmann/ws_moveit/build/point_cloud_circle_detector
[1.998s] [35m[1mConsolidate compiler generated dependencies of target point_cloud_cylinder_detector[0m
[2.000s] [35m[1mConsolidate compiler generated dependencies of target point_cloud_circle_detector[0m
[2.000s] [35m[1mConsolidate compiler generated dependencies of target point_cloud_plantpot_ppf_detector[0m
[2.000s] [35m[1mConsolidate compiler generated dependencies of target point_cloud_plantpot_detector[0m
[2.009s] [ 10%] [32mBuilding CXX object CMakeFiles/point_cloud_plantpot_pfh_detector.dir/src/point_cloud_plantpot_pfh_detector.cpp.o[0m
[2.013s] [ 30%] Built target point_cloud_cylinder_detector
[2.015s] [ 50%] Built target point_cloud_circle_detector
[2.017s] [ 70%] Built target point_cloud_plantpot_ppf_detector
[2.019s] [ 90%] Built target point_cloud_plantpot_detector
[5.011s] [01m[K/home/buhrmann/ws_moveit/src/point_cloud_circle_detector/src/point_cloud_plantpot_pfh_detector.cpp:[m[K In member function ‘[01m[Kvoid PointCloudCustomObjectMatcher::listener_callback(sensor_msgs::msg::PointCloud2_<std::allocator<void> >::SharedPtr)[m[K’:
[5.011s] [01m[K/home/buhrmann/ws_moveit/src/point_cloud_circle_detector/src/point_cloud_plantpot_pfh_detector.cpp:145:13:[m[K [01;31m[Kerror: [m[K‘[01m[Kpfh_estimator[m[K’ was not declared in this scope
[5.011s]   145 |             [01;31m[Kpfh_estimator[m[K.setInputCloud(cloud_filtered_voxel);  // Set input cloud
[5.011s]       |             [01;31m[K^~~~~~~~~~~~~[m[K
[5.011s] [01m[K/home/buhrmann/ws_moveit/src/point_cloud_circle_detector/src/point_cloud_plantpot_pfh_detector.cpp:147:35:[m[K [01;31m[Kerror: [m[Kno match for ‘[01m[Koperator*[m[K’ (operand type is ‘[01m[Kpcl::PFHEstimation<pcl::PointXYZ, pcl::Normal, pcl::PFHSignature125>[m[K’)
[5.011s]   147 |             pfh_estimator.compute([01;31m[K*cloud_pfh_features[m[K);  // Compute PPF features
[5.011s]       |                                   [01;31m[K^~~~~~~~~~~~~~~~~~~[m[K
[5.012s] [01m[K/home/buhrmann/ws_moveit/src/point_cloud_circle_detector/src/point_cloud_plantpot_pfh_detector.cpp:176:24:[m[K [01;31m[Kerror: [m[K‘[01m[Kusing Ptr = class std::shared_ptr<pcl::PointCloud<pcl::PFHSignature125> >[m[K’ {aka ‘[01m[Kclass std::shared_ptr<pcl::PointCloud<pcl::PFHSignature125> >[m[K’} has no member named ‘[01m[KsetInputCloud[m[K’
[5.012s]   176 |             pfh_custom.[01;31m[KsetInputCloud[m[K(object_voxel);
[5.012s]       |                        [01;31m[K^~~~~~~~~~~~~[m[K
[5.012s] [01m[K/home/buhrmann/ws_moveit/src/point_cloud_circle_detector/src/point_cloud_plantpot_pfh_detector.cpp:177:24:[m[K [01;31m[Kerror: [m[K‘[01m[Kusing Ptr = class std::shared_ptr<pcl::PointCloud<pcl::PFHSignature125> >[m[K’ {aka ‘[01m[Kclass std::shared_ptr<pcl::PointCloud<pcl::PFHSignature125> >[m[K’} has no member named ‘[01m[KsetInputNormals[m[K’
[5.012s]   177 |             pfh_custom.[01;31m[KsetInputNormals[m[K(custom_object_normals);
[5.012s]       |                        [01;31m[K^~~~~~~~~~~~~~~[m[K
[5.012s] [01m[K/home/buhrmann/ws_moveit/src/point_cloud_circle_detector/src/point_cloud_plantpot_pfh_detector.cpp:178:24:[m[K [01;31m[Kerror: [m[K‘[01m[Kusing Ptr = class std::shared_ptr<pcl::PointCloud<pcl::PFHSignature125> >[m[K’ {aka ‘[01m[Kclass std::shared_ptr<pcl::PointCloud<pcl::PFHSignature125> >[m[K’} has no member named ‘[01m[Kcompute[m[K’
[5.012s]   178 |             pfh_custom.[01;31m[Kcompute[m[K(*custom_object_pfh_features);
[5.012s]       |                        [01;31m[K^~~~~~~[m[K
[5.012s] [01m[K/home/buhrmann/ws_moveit/src/point_cloud_circle_detector/src/point_cloud_plantpot_pfh_detector.cpp:178:32:[m[K [01;31m[Kerror: [m[Kno match for ‘[01m[Koperator*[m[K’ (operand type is ‘[01m[Kpcl::PFHEstimation<pcl::PointXYZ, pcl::Normal, pcl::PFHSignature125>[m[K’)
[5.012s]   178 |             pfh_custom.compute([01;31m[K*custom_object_pfh_features[m[K);
[5.012s]       |                                [01;31m[K^~~~~~~~~~~~~~~~~~~~~~~~~~~[m[K
[5.012s] In file included from [01m[K/opt/ros/iron/include/rclcpp/rclcpp/logging.hpp:24[m[K,
[5.012s]                  from [01m[K/opt/ros/iron/include/rclcpp/rclcpp/client.hpp:43[m[K,
[5.012s]                  from [01m[K/opt/ros/iron/include/rclcpp/rclcpp/callback_group.hpp:24[m[K,
[5.012s]                  from [01m[K/opt/ros/iron/include/rclcpp/rclcpp/any_executable.hpp:20[m[K,
[5.012s]                  from [01m[K/opt/ros/iron/include/rclcpp/rclcpp/memory_strategy.hpp:25[m[K,
[5.012s]                  from [01m[K/opt/ros/iron/include/rclcpp/rclcpp/memory_strategies.hpp:18[m[K,
[5.013s]                  from [01m[K/opt/ros/iron/include/rclcpp/rclcpp/executor_options.hpp:20[m[K,
[5.013s]                  from [01m[K/opt/ros/iron/include/rclcpp/rclcpp/executor.hpp:37[m[K,
[5.013s]                  from [01m[K/opt/ros/iron/include/rclcpp/rclcpp/executors/multi_threaded_executor.hpp:25[m[K,
[5.013s]                  from [01m[K/opt/ros/iron/include/rclcpp/rclcpp/executors.hpp:21[m[K,
[5.013s]                  from [01m[K/opt/ros/iron/include/rclcpp/rclcpp/rclcpp.hpp:167[m[K,
[5.013s]                  from [01m[K/home/buhrmann/ws_moveit/src/point_cloud_circle_detector/src/point_cloud_plantpot_pfh_detector.cpp:5[m[K:
[5.013s] [01m[K/home/buhrmann/ws_moveit/src/point_cloud_circle_detector/src/point_cloud_plantpot_pfh_detector.cpp:187:101:[m[K [01;31m[Kerror: [m[Kbase operand of ‘[01m[K->[m[K’ has non-pointer type ‘[01m[Kpcl::PFHEstimation<pcl::PointXYZ, pcl::Normal, pcl::PFHSignature125>[m[K’
[5.013s]   187 |             RCLCPP_INFO(this->get_logger(), "Source feature points: %zu", custom_object_pfh_features[01;31m[K->[m[Kpoints.size());
[5.013s]       |                                                                                                     [01;31m[K^~[m[K
[5.013s] [01m[K/home/buhrmann/ws_moveit/src/point_cloud_circle_detector/src/point_cloud_plantpot_pfh_detector.cpp:188:93:[m[K [01;31m[Kerror: [m[Kbase operand of ‘[01m[K->[m[K’ has non-pointer type ‘[01m[Kpcl::PFHEstimation<pcl::PointXYZ, pcl::Normal, pcl::PFHSignature125>[m[K’
[5.013s]   188 |             RCLCPP_INFO(this->get_logger(), "Target feature points: %zu", cloud_pfh_features[01;31m[K->[m[Kpoints.size());
[5.013s]       |                                                                                             [01;31m[K^~[m[K
[5.023s] [01m[K/home/buhrmann/ws_moveit/src/point_cloud_circle_detector/src/point_cloud_plantpot_pfh_detector.cpp:199:38:[m[K [01;31m[Kerror: [m[Kcannot convert ‘[01m[Kpcl::PFHEstimation<pcl::PointXYZ, pcl::Normal, pcl::PFHSignature125>[m[K’ to ‘[01m[Kconst FeatureCloudConstPtr&[m[K’ {aka ‘[01m[Kconst std::shared_ptr<const pcl::PointCloud<pcl::PPFSignature> >&[m[K’}
[5.023s]   199 |             sac_ia.setSourceFeatures([01;31m[Kcustom_object_pfh_features[m[K);  // Set the PPF features for the source
[5.023s]       |                                      [01;31m[K^~~~~~~~~~~~~~~~~~~~~~~~~~[m[K
[5.023s]       |                                      [01;31m[K|[m[K
[5.023s]       |                                      [01;31m[Kpcl::PFHEstimation<pcl::PointXYZ, pcl::Normal, pcl::PFHSignature125>[m[K
[5.023s] In file included from [01m[K/usr/include/pcl-1.12/pcl/registration/ia_ransac.h:335[m[K,
[5.023s]                  from [01m[K/home/buhrmann/ws_moveit/src/point_cloud_circle_detector/src/point_cloud_plantpot_pfh_detector.cpp:4[m[K:
[5.024s] [01m[K/usr/include/pcl-1.12/pcl/registration/impl/ia_ransac.hpp:51:33:[m[K [01;36m[Knote: [m[K  initializing argument 1 of ‘[01m[Kvoid pcl::SampleConsensusInitialAlignment<PointSource, PointTarget, FeatureT>::setSourceFeatures(const FeatureCloudConstPtr&) [with PointSource = pcl::PointXYZ; PointTarget = pcl::PointXYZ; FeatureT = pcl::PPFSignature; pcl::SampleConsensusInitialAlignment<PointSource, PointTarget, FeatureT>::FeatureCloudConstPtr = std::shared_ptr<const pcl::PointCloud<pcl::PPFSignature> >][m[K’
[5.024s]    51 |     [01;36m[Kconst FeatureCloudConstPtr& features[m[K)
[5.024s]       |     [01;36m[K~~~~~~~~~~~~~~~~~~~~~~~~~~~~^~~~~~~~[m[K
[5.024s] [01m[K/home/buhrmann/ws_moveit/src/point_cloud_circle_detector/src/point_cloud_plantpot_pfh_detector.cpp:200:38:[m[K [01;31m[Kerror: [m[Kcannot convert ‘[01m[Kpcl::PFHEstimation<pcl::PointXYZ, pcl::Normal, pcl::PFHSignature125>[m[K’ to ‘[01m[Kconst FeatureCloudConstPtr&[m[K’ {aka ‘[01m[Kconst std::shared_ptr<const pcl::PointCloud<pcl::PPFSignature> >&[m[K’}
[5.024s]   200 |             sac_ia.setTargetFeatures([01;31m[Kcloud_pfh_features[m[K);  // Set the PPF features for the target
[5.024s]       |                                      [01;31m[K^~~~~~~~~~~~~~~~~~[m[K
[5.024s]       |                                      [01;31m[K|[m[K
[5.024s]       |                                      [01;31m[Kpcl::PFHEstimation<pcl::PointXYZ, pcl::Normal, pcl::PFHSignature125>[m[K
[5.024s] In file included from [01m[K/usr/include/pcl-1.12/pcl/registration/ia_ransac.h:335[m[K,
[5.024s]                  from [01m[K/home/buhrmann/ws_moveit/src/point_cloud_circle_detector/src/point_cloud_plantpot_pfh_detector.cpp:4[m[K:
[5.024s] [01m[K/usr/include/pcl-1.12/pcl/registration/impl/ia_ransac.hpp:65:33:[m[K [01;36m[Knote: [m[K  initializing argument 1 of ‘[01m[Kvoid pcl::SampleConsensusInitialAlignment<PointSource, PointTarget, FeatureT>::setTargetFeatures(const FeatureCloudConstPtr&) [with PointSource = pcl::PointXYZ; PointTarget = pcl::PointXYZ; FeatureT = pcl::PPFSignature; pcl::SampleConsensusInitialAlignment<PointSource, PointTarget, FeatureT>::FeatureCloudConstPtr = std::shared_ptr<const pcl::PointCloud<pcl::PPFSignature> >][m[K’
[5.024s]    65 |     [01;36m[Kconst FeatureCloudConstPtr& features[m[K)
[5.024s]       |     [01;36m[K~~~~~~~~~~~~~~~~~~~~~~~~~~~~^~~~~~~~[m[K
[11.203s] gmake[2]: *** [CMakeFiles/point_cloud_plantpot_pfh_detector.dir/build.make:76: CMakeFiles/point_cloud_plantpot_pfh_detector.dir/src/point_cloud_plantpot_pfh_detector.cpp.o] Error 1
[11.203s] gmake[1]: *** [CMakeFiles/Makefile2:249: CMakeFiles/point_cloud_plantpot_pfh_detector.dir/all] Error 2
[11.203s] gmake: *** [Makefile:146: all] Error 2
[11.205s] Invoked command in '/home/buhrmann/ws_moveit/build/point_cloud_circle_detector' returned '2': CMAKE_PREFIX_PATH=${CMAKE_PREFIX_PATH}:/home/buhrmann/ws_moveit/install/moveit_configs_utils:/opt/ros/iron /usr/bin/cmake --build /home/buhrmann/ws_moveit/build/point_cloud_circle_detector -- -j28 -l28
