[35m[1mConsolidate compiler generated dependencies of target point_cloud_plantpot_edge_pfh_detector[0m
[ 16%] Built target point_cloud_cylinder_detector
[ 33%] Built target point_cloud_plantpot_ppf_detector
[ 50%] Built target point_cloud_circle_detector
[ 66%] Built target point_cloud_plantpot_detector
[ 83%] Built target point_cloud_plantpot_pfh_detector
[ 91%] [32mBuilding CXX object CMakeFiles/point_cloud_plantpot_edge_pfh_detector.dir/src/point_cloud_plantpot_edge_pfh_detector.cpp.o[0m
[01m[K/home/buhrmann/ws_moveit/src/point_cloud_circle_detector/src/point_cloud_plantpot_edge_pfh_detector.cpp:[m[K In function ‘[01m[Kint main()[m[K’:
[01m[K/home/buhrmann/ws_moveit/src/point_cloud_circle_detector/src/point_cloud_plantpot_edge_pfh_detector.cpp:31:27:[m[K [01;31m[Kerror: [m[Kcannot convert ‘[01m[Kpcl::PointCloud<pcl::Label>[m[K’ to ‘[01m[Kpcl::PointCloud<pcl::PointXYZ>&[m[K’
   31 |     edge_detector.compute([01;31m[Klabels[m[K, label_indices);
      |                           [01;31m[K^~~~~~[m[K
      |                           [01;31m[K|[m[K
      |                           [01;31m[Kpcl::PointCloud<pcl::Label>[m[K
In file included from [01m[K/usr/include/pcl-1.12/pcl/features/organized_edge_detection.h:429[m[K,
                 from [01m[K/home/buhrmann/ws_moveit/src/point_cloud_circle_detector/src/point_cloud_plantpot_edge_pfh_detector.cpp:5[m[K:
[01m[K/usr/include/pcl-1.12/pcl/features/impl/organized_edge_detection.hpp:52:77:[m[K [01;36m[Knote: [m[K  initializing argument 1 of ‘[01m[Kvoid pcl::OrganizedEdgeBase<PointT, PointLT>::compute(pcl::PointCloud<PointOutT>&, std::vector<pcl::PointIndices>&) const [with PointT = pcl::PointXYZ; PointLT = pcl::PointXYZ][m[K’
   52 | pcl::OrganizedEdgeBase<PointT, PointLT>::compute ([01;36m[Kpcl::PointCloud<PointLT>& labels[m[K, std::vector<pcl::PointIndices>& label_indices) const
      |                                                   [01;36m[K~~~~~~~~~~~~~~~~~~~~~~~~~~^~~~~~[m[K
gmake[2]: *** [CMakeFiles/point_cloud_plantpot_edge_pfh_detector.dir/build.make:76: CMakeFiles/point_cloud_plantpot_edge_pfh_detector.dir/src/point_cloud_plantpot_edge_pfh_detector.cpp.o] Error 1
gmake[1]: *** [CMakeFiles/Makefile2:277: CMakeFiles/point_cloud_plantpot_edge_pfh_detector.dir/all] Error 2
gmake: *** [Makefile:146: all] Error 2
