[0.009s] Invoking command in '/home/buhrmann/ws_moveit/build/point_cloud_circle_detector': CMAKE_PREFIX_PATH=${CMAKE_PREFIX_PATH}:/home/buhrmann/ws_moveit/install/moveit_configs_utils:/opt/ros/iron /usr/bin/cmake --build /home/buhrmann/ws_moveit/build/point_cloud_circle_detector -- -j28 -l28
[0.031s] -- Found ament_cmake: 2.0.7 (/opt/ros/iron/share/ament_cmake/cmake)
[0.135s] -- Override CMake install command with custom implementation using symlinks instead of copying resources
[0.138s] -- Found sensor_msgs: 5.0.1 (/opt/ros/iron/share/sensor_msgs/cmake)
[0.153s] -- Found rosidl_generator_c: 4.0.1 (/opt/ros/iron/share/rosidl_generator_c/cmake)
[0.160s] -- Found rosidl_generator_cpp: 4.0.1 (/opt/ros/iron/share/rosidl_generator_cpp/cmake)
[0.167s] -- Using all available rosidl_typesupport_c: rosidl_typesupport_fastrtps_c;rosidl_typesupport_introspection_c
[0.176s] -- Using all available rosidl_typesupport_cpp: rosidl_typesupport_fastrtps_cpp;rosidl_typesupport_introspection_cpp
[0.271s] -- Found rclcpp: 21.0.8 (/opt/ros/iron/share/rclcpp/cmake)
[0.317s] -- Found rmw_implementation_cmake: 7.1.0 (/opt/ros/iron/share/rmw_implementation_cmake/cmake)
[0.320s] -- Found rmw_fastrtps_cpp: 7.1.4 (/opt/ros/iron/share/rmw_fastrtps_cpp/cmake)
[0.406s] -- Using RMW implementation 'rmw_fastrtps_cpp' as default
[0.486s] -- Found pcl_conversions: 2.5.4 (/opt/ros/iron/share/pcl_conversions/cmake)
[0.569s] [33mCMake Warning (dev) at /opt/ros/iron/share/pcl_conversions/cmake/ament_cmake_export_dependencies-extras.cmake:21 (find_package):
[0.569s]   Policy CMP0074 is not set: find_package uses <PackageName>_ROOT variables.
[0.569s]   Run "cmake --help-policy CMP0074" for policy details.  Use the cmake_policy
[0.569s]   command to set the policy and suppress this warning.
[0.569s] 
[0.569s]   CMake variable PCL_ROOT is set to:
[0.569s] 
[0.569s]     /usr/local/include/pcl-1.14
[0.569s] 
[0.569s]   For compatibility, CMake is ignoring the variable.
[0.569s] Call Stack (most recent call first):
[0.569s]   /opt/ros/iron/share/pcl_conversions/cmake/pcl_conversionsConfig.cmake:41 (include)
[0.569s]   CMakeLists.txt:18 (find_package)
[0.569s] This warning is for project developers.  Use -Wno-dev to suppress it.
[0.569s] [0m
[0.595s] -- FLANN found (include: /usr/include, lib: /usr/lib/x86_64-linux-gnu/libflann_cpp.so)
[0.599s] -- Could NOT find Pcap (missing: PCAP_LIBRARIES PCAP_INCLUDE_DIRS) 
[1.131s] -- Found Qhull version 8.0.2
[1.604s] [0mPCL Libraries with full paths:[0m
[1.605s] --  - pcl_common
[1.605s] --  - pcl_kdtree
[1.605s] --  - pcl_octree
[1.605s] --  - pcl_search
[1.605s] --  - pcl_sample_consensus
[1.605s] --  - pcl_filters
[1.605s] --  - pcl_io
[1.605s] --  - pcl_features
[1.605s] --  - pcl_ml
[1.605s] --  - pcl_segmentation
[1.605s] --  - pcl_surface
[1.605s] --  - pcl_registration
[1.605s] --  - pcl_keypoints
[1.605s] --  - pcl_tracking
[1.605s] --  - pcl_recognition
[1.605s] --  - pcl_stereo
[1.605s] --  - Boost::system
[1.605s] --  - Boost::iostreams
[1.605s] --  - Boost::filesystem
[1.605s] --  - Boost::serialization
[1.605s] --  - FLANN::FLANN
[1.605s] --  - QHULL::QHULL
[1.891s] -- Found ament_lint_auto: 0.14.4 (/opt/ros/iron/share/ament_lint_auto/cmake)
[1.931s] -- Configuring done
[1.958s] -- Generating done
[1.965s] -- Build files have been written to: /home/buhrmann/ws_moveit/build/point_cloud_circle_detector
[1.995s] [35m[1mConsolidate compiler generated dependencies of target point_cloud_circle_detector[0m
[1.995s] [35m[1mConsolidate compiler generated dependencies of target point_cloud_cylinder_detector[0m
[1.995s] [35m[1mConsolidate compiler generated dependencies of target point_cloud_plantpot_ppf_detector[0m
[1.995s] [35m[1mConsolidate compiler generated dependencies of target point_cloud_plantpot_detector[0m
[2.014s] [ 25%] Built target point_cloud_circle_detector
[2.014s] [ 75%] [32m[1mLinking CXX executable point_cloud_plantpot_ppf_detector[0m
[2.015s] [ 87%] Built target point_cloud_cylinder_detector
[2.015s] [ 87%] Built target point_cloud_plantpot_detector
[2.823s] /usr/bin/ld: CMakeFiles/point_cloud_plantpot_ppf_detector.dir/src/point_cloud_plantpot_ppf_detector.cpp.o: in function `PointCloudCustomObjectMatcher::listener_callback(std::shared_ptr<sensor_msgs::msg::PointCloud2_<std::allocator<void> > >)':
[2.823s] point_cloud_plantpot_ppf_detector.cpp:(.text._ZN29PointCloudCustomObjectMatcher17listener_callbackESt10shared_ptrIN11sensor_msgs3msg12PointCloud2_ISaIvEEEE[_ZN29PointCloudCustomObjectMatcher17listener_callbackESt10shared_ptrIN11sensor_msgs3msg12PointCloud2_ISaIvEEEE]+0xfc9): undefined reference to `pcl::PPFEstimation<pcl::PointXYZ, pcl::PointXYZ, pcl::PPFSignature>::PPFEstimation()'
[2.823s] /usr/bin/ld: point_cloud_plantpot_ppf_detector.cpp:(.text._ZN29PointCloudCustomObjectMatcher17listener_callbackESt10shared_ptrIN11sensor_msgs3msg12PointCloud2_ISaIvEEEE[_ZN29PointCloudCustomObjectMatcher17listener_callbackESt10shared_ptrIN11sensor_msgs3msg12PointCloud2_ISaIvEEEE]+0x12f6): undefined reference to `pcl::PPFEstimation<pcl::PointXYZ, pcl::PointXYZ, pcl::PPFSignature>::PPFEstimation()'
[2.826s] /usr/bin/ld: CMakeFiles/point_cloud_plantpot_ppf_detector.dir/src/point_cloud_plantpot_ppf_detector.cpp.o:(.data.rel.ro._ZTVN3pcl13PPFEstimationINS_8PointXYZES1_NS_12PPFSignatureEEE[_ZTVN3pcl13PPFEstimationINS_8PointXYZES1_NS_12PPFSignatureEEE]+0x58): undefined reference to `pcl::PPFEstimation<pcl::PointXYZ, pcl::PointXYZ, pcl::PPFSignature>::computeFeature(pcl::PointCloud<pcl::PPFSignature>&)'
[2.857s] collect2: error: ld returned 1 exit status
[2.858s] gmake[2]: *** [CMakeFiles/point_cloud_plantpot_ppf_detector.dir/build.make:263: point_cloud_plantpot_ppf_detector] Error 1
[2.858s] gmake[1]: *** [CMakeFiles/Makefile2:221: CMakeFiles/point_cloud_plantpot_ppf_detector.dir/all] Error 2
[2.858s] gmake: *** [Makefile:146: all] Error 2
[2.860s] Invoked command in '/home/buhrmann/ws_moveit/build/point_cloud_circle_detector' returned '2': CMAKE_PREFIX_PATH=${CMAKE_PREFIX_PATH}:/home/buhrmann/ws_moveit/install/moveit_configs_utils:/opt/ros/iron /usr/bin/cmake --build /home/buhrmann/ws_moveit/build/point_cloud_circle_detector -- -j28 -l28
