[0.157s] Invoking command in '/home/buhrmann/ws_moveit/build/serial': CMAKE_PREFIX_PATH=${CMAKE_PREFIX_PATH}:/home/buhrmann/ws_moveit/install/moveit_configs_utils:/opt/ros/iron /usr/bin/cmake /home/buhrmann/ws_moveit/src/serial -DCMAKE_INSTALL_PREFIX=/home/buhrmann/ws_moveit/install/serial
[0.176s] -- Found ament_cmake: 2.0.7 (/opt/ros/iron/share/ament_cmake/cmake)
[0.259s] -- Override CMake install command with custom implementation using symlinks instead of copying resources
[0.300s] -- Configuring done
[0.302s] -- Generating done
[0.303s] -- Build files have been written to: /home/buhrmann/ws_moveit/build/serial
[0.305s] Invoked command in '/home/buhrmann/ws_moveit/build/serial' returned '0': CMAKE_PREFIX_PATH=${CMAKE_PREFIX_PATH}:/home/buhrmann/ws_moveit/install/moveit_configs_utils:/opt/ros/iron /usr/bin/cmake /home/buhrmann/ws_moveit/src/serial -DCMAKE_INSTALL_PREFIX=/home/buhrmann/ws_moveit/install/serial
[0.306s] Invoking command in '/home/buhrmann/ws_moveit/build/serial': CMAKE_PREFIX_PATH=${CMAKE_PREFIX_PATH}:/home/buhrmann/ws_moveit/install/moveit_configs_utils:/opt/ros/iron /usr/bin/cmake --build /home/buhrmann/ws_moveit/build/serial -- -j28 -l28
[0.334s] [35m[1mConsolidate compiler generated dependencies of target serial[0m
[0.344s] [100%] Built target serial
[0.361s] Invoked command in '/home/buhrmann/ws_moveit/build/serial' returned '0': CMAKE_PREFIX_PATH=${CMAKE_PREFIX_PATH}:/home/buhrmann/ws_moveit/install/moveit_configs_utils:/opt/ros/iron /usr/bin/cmake --build /home/buhrmann/ws_moveit/build/serial -- -j28 -l28
[0.364s] Invoking command in '/home/buhrmann/ws_moveit/build/serial': CMAKE_PREFIX_PATH=${CMAKE_PREFIX_PATH}:/home/buhrmann/ws_moveit/install/moveit_configs_utils:/opt/ros/iron /usr/bin/cmake --install /home/buhrmann/ws_moveit/build/serial
[0.381s] -- Install configuration: ""
[0.381s] -- Execute custom install script
[0.381s] -- Up-to-date symlink: /home/buhrmann/ws_moveit/install/serial/include/serial/impl/unix.h
[0.381s] -- Up-to-date symlink: /home/buhrmann/ws_moveit/install/serial/include/serial/impl/win.h
[0.381s] -- Up-to-date symlink: /home/buhrmann/ws_moveit/install/serial/include/serial/serial.h
[0.381s] -- Up-to-date symlink: /home/buhrmann/ws_moveit/install/serial/include/serial/v8stdint.h
[0.381s] -- Up-to-date symlink: /home/buhrmann/ws_moveit/install/serial/share/serial/environment/library_path.sh
[0.381s] -- Up-to-date symlink: /home/buhrmann/ws_moveit/install/serial/share/serial/environment/library_path.dsv
[0.381s] -- Up-to-date symlink: /home/buhrmann/ws_moveit/install/serial/share/ament_index/resource_index/package_run_dependencies/serial
[0.381s] -- Up-to-date symlink: /home/buhrmann/ws_moveit/install/serial/share/ament_index/resource_index/parent_prefix_path/serial
[0.381s] -- Up-to-date symlink: /home/buhrmann/ws_moveit/install/serial/share/serial/environment/ament_prefix_path.sh
[0.381s] -- Up-to-date symlink: /home/buhrmann/ws_moveit/install/serial/share/serial/environment/ament_prefix_path.dsv
[0.381s] -- Up-to-date symlink: /home/buhrmann/ws_moveit/install/serial/share/serial/environment/path.sh
[0.381s] -- Up-to-date symlink: /home/buhrmann/ws_moveit/install/serial/share/serial/environment/path.dsv
[0.381s] -- Up-to-date symlink: /home/buhrmann/ws_moveit/install/serial/share/serial/local_setup.bash
[0.381s] -- Up-to-date symlink: /home/buhrmann/ws_moveit/install/serial/share/serial/local_setup.sh
[0.381s] -- Up-to-date symlink: /home/buhrmann/ws_moveit/install/serial/share/serial/local_setup.zsh
[0.381s] -- Up-to-date symlink: /home/buhrmann/ws_moveit/install/serial/share/serial/local_setup.dsv
[0.381s] -- Symlinking: /home/buhrmann/ws_moveit/install/serial/share/serial/package.dsv
[0.381s] -- Up-to-date symlink: /home/buhrmann/ws_moveit/install/serial/share/ament_index/resource_index/packages/serial
[0.381s] -- Up-to-date symlink: /home/buhrmann/ws_moveit/install/serial/share/serial/cmake/ament_cmake_export_include_directories-extras.cmake
[0.381s] -- Up-to-date symlink: /home/buhrmann/ws_moveit/install/serial/share/serial/cmake/ament_cmake_export_libraries-extras.cmake
[0.382s] -- Up-to-date symlink: /home/buhrmann/ws_moveit/install/serial/share/serial/cmake/ament_cmake_export_targets-extras.cmake
[0.382s] -- Up-to-date symlink: /home/buhrmann/ws_moveit/install/serial/share/serial/cmake/serialConfig.cmake
[0.382s] -- Up-to-date symlink: /home/buhrmann/ws_moveit/install/serial/share/serial/cmake/serialConfig-version.cmake
[0.382s] -- Up-to-date symlink: /home/buhrmann/ws_moveit/install/serial/share/serial/package.xml
[0.382s] -- Up-to-date: /home/buhrmann/ws_moveit/install/serial/lib/libserial.a
[0.382s] -- Up-to-date: /home/buhrmann/ws_moveit/install/serial/share/serial/cmake/export_serialExport.cmake
[0.382s] -- Up-to-date: /home/buhrmann/ws_moveit/install/serial/share/serial/cmake/export_serialExport-noconfig.cmake
[0.431s] Invoked command in '/home/buhrmann/ws_moveit/build/serial' returned '0': CMAKE_PREFIX_PATH=${CMAKE_PREFIX_PATH}:/home/buhrmann/ws_moveit/install/moveit_configs_utils:/opt/ros/iron /usr/bin/cmake --install /home/buhrmann/ws_moveit/build/serial
