[01m[K/home/buhrmann/ws_moveit/src/point_cloud_circle_detector/src/point_cloud_custom_plant_pot_detection.cpp:[m[K In member function ‘[01m[Kvoid PointCloudCustomObjectMatcher::listener_callback(sensor_msgs::msg::PointCloud2_<std::allocator<void> >::SharedPtr)[m[K’:
[01m[K/home/buhrmann/ws_moveit/src/point_cloud_circle_detector/src/point_cloud_custom_plant_pot_detection.cpp:82:28:[m[K [01;31m[Kerror: [m[K‘[01m[KSampleConsensusInitialAlignment[m[K’ is not a member of ‘[01m[Kpcl::registration[m[K’; did you mean ‘[01m[Kpcl::SampleConsensusInitialAlignment[m[K’?
   82 |         pcl::registration::[01;31m[KSampleConsensusInitialAlignment[m[K<pcl::PointXYZ, pcl::PointXYZ> sac_ia;
      |                            [01;31m[K^~~~~~~~~~~~~~~~~~~~~~~~~~~~~~~[m[K
In file included from [01m[K/home/buhrmann/ws_moveit/src/point_cloud_circle_detector/src/point_cloud_custom_plant_pot_detection.cpp:19[m[K:
[01m[K/usr/include/pcl-1.12/pcl/registration/ia_ransac.h:54:7:[m[K [01;36m[Knote: [m[K‘[01m[Kpcl::SampleConsensusInitialAlignment[m[K’ declared here
   54 | class [01;36m[KSampleConsensusInitialAlignment[m[K : public Registration<PointSource, PointTarget> {
      |       [01;36m[K^~~~~~~~~~~~~~~~~~~~~~~~~~~~~~~[m[K
[01m[K/home/buhrmann/ws_moveit/src/point_cloud_circle_detector/src/point_cloud_custom_plant_pot_detection.cpp:82:73:[m[K [01;31m[Kerror: [m[Kexpected primary-expression before ‘[01m[K,[m[K’ token
   82 |         pcl::registration::SampleConsensusInitialAlignment<pcl::PointXYZ[01;31m[K,[m[K pcl::PointXYZ> sac_ia;
      |                                                                         [01;31m[K^[m[K
[01m[K/home/buhrmann/ws_moveit/src/point_cloud_circle_detector/src/point_cloud_custom_plant_pot_detection.cpp:82:88:[m[K [01;31m[Kerror: [m[Kexpected primary-expression before ‘[01m[K>[m[K’ token
   82 |         pcl::registration::SampleConsensusInitialAlignment<pcl::PointXYZ, pcl::PointXYZ[01;31m[K>[m[K sac_ia;
      |                                                                                        [01;31m[K^[m[K
[01m[K/home/buhrmann/ws_moveit/src/point_cloud_circle_detector/src/point_cloud_custom_plant_pot_detection.cpp:82:90:[m[K [01;31m[Kerror: [m[K‘[01m[Ksac_ia[m[K’ was not declared in this scope
   82 |         pcl::registration::SampleConsensusInitialAlignment<pcl::PointXYZ, pcl::PointXYZ> [01;31m[Ksac_ia[m[K;
      |                                                                                          [01;31m[K^~~~~~[m[K
gmake[2]: *** [CMakeFiles/point_cloud_plantpot_detector.dir/build.make:76: CMakeFiles/point_cloud_plantpot_detector.dir/src/point_cloud_custom_plant_pot_detection.cpp.o] Error 1
gmake[1]: *** [CMakeFiles/Makefile2:193: CMakeFiles/point_cloud_plantpot_detector.dir/all] Error 2
gmake: *** [Makefile:146: all] Error 2
