[01m[K/home/buhrmann/ws_moveit/src/point_cloud_circle_detector/src/point_cloud_custom_plant_pot_detection.cpp:[m[K In constructor ‘[01m[KPointCloudCustomObjectMatcher::PointCloudCustomObjectMatcher()[m[K’:
[01m[K/home/buhrmann/ws_moveit/src/point_cloud_circle_detector/src/point_cloud_custom_plant_pot_detection.cpp:29:9:[m[K [01;31m[Kerror: [m[K‘[01m[Kpoint_cloud_publisher_[m[K’ was not declared in this scope
   29 |         [01;31m[Kpoint_cloud_publisher_[m[K = this->create_publisher<sensor_msgs::msg::PointCloud2>(
      |         [01;31m[K^~~~~~~~~~~~~~~~~~~~~~[m[K
[01m[K/home/buhrmann/ws_moveit/src/point_cloud_circle_detector/src/point_cloud_custom_plant_pot_detection.cpp:33:9:[m[K [01;31m[Kerror: [m[K‘[01m[Kcustom_object_publisher_[m[K’ was not declared in this scope
   33 |         [01;31m[Kcustom_object_publisher_[m[K = this->create_publisher<sensor_msgs::msg::PointCloud2>(
      |         [01;31m[K^~~~~~~~~~~~~~~~~~~~~~~~[m[K
[01m[K/home/buhrmann/ws_moveit/src/point_cloud_circle_detector/src/point_cloud_custom_plant_pot_detection.cpp:[m[K In member function ‘[01m[Kvoid PointCloudCustomObjectMatcher::listener_callback(sensor_msgs::msg::PointCloud2_<std::allocator<void> >::SharedPtr)[m[K’:
[01m[K/home/buhrmann/ws_moveit/src/point_cloud_circle_detector/src/point_cloud_custom_plant_pot_detection.cpp:76:31:[m[K [01;31m[Kerror: [m[K‘[01m[Kcloud_filtered[m[K’ was not declared in this scope
   76 |         sac_ia.setInputTarget([01;31m[Kcloud_filtered[m[K);
      |                               [01;31m[K^~~~~~~~~~~~~~[m[K
[01m[K/home/buhrmann/ws_moveit/src/point_cloud_circle_detector/src/point_cloud_custom_plant_pot_detection.cpp:77:34:[m[K [01;31m[Kerror: [m[K‘[01m[Kcustom_object_fpfh[m[K’ was not declared in this scope; did you mean ‘[01m[Kcustom_object_[m[K’?
   77 |         sac_ia.setSourceFeatures([01;31m[Kcustom_object_fpfh[m[K);
      |                                  [01;31m[K^~~~~~~~~~~~~~~~~~[m[K
      |                                  [32m[Kcustom_object_[m[K
[01m[K/home/buhrmann/ws_moveit/src/point_cloud_circle_detector/src/point_cloud_custom_plant_pot_detection.cpp:78:34:[m[K [01;31m[Kerror: [m[K‘[01m[Kcloud_filtered_fpfh[m[K’ was not declared in this scope
   78 |         sac_ia.setTargetFeatures([01;31m[Kcloud_filtered_fpfh[m[K);
      |                                  [01;31m[K^~~~~~~~~~~~~~~~~~~[m[K
[01m[K/home/buhrmann/ws_moveit/src/point_cloud_circle_detector/src/point_cloud_custom_plant_pot_detection.cpp:99:13:[m[K [01;31m[Kerror: [m[K‘[01m[Kpoint_cloud_publisher_[m[K’ was not declared in this scope
   99 |             [01;31m[Kpoint_cloud_publisher_[m[K->publish(output_aligned);
      |             [01;31m[K^~~~~~~~~~~~~~~~~~~~~~[m[K
[01m[K/home/buhrmann/ws_moveit/src/point_cloud_circle_detector/src/point_cloud_custom_plant_pot_detection.cpp:[m[K In member function ‘[01m[Kvoid PointCloudCustomObjectMatcher::publish_custom_object_to_world()[m[K’:
[01m[K/home/buhrmann/ws_moveit/src/point_cloud_circle_detector/src/point_cloud_custom_plant_pot_detection.cpp:134:9:[m[K [01;31m[Kerror: [m[K‘[01m[Kcustom_object_publisher_[m[K’ was not declared in this scope
  134 |         [01;31m[Kcustom_object_publisher_[m[K->publish(output_custom_object);
      |         [01;31m[K^~~~~~~~~~~~~~~~~~~~~~~~[m[K
gmake[2]: *** [CMakeFiles/point_cloud_plantpot_detector.dir/build.make:76: CMakeFiles/point_cloud_plantpot_detector.dir/src/point_cloud_custom_plant_pot_detection.cpp.o] Error 1
gmake[1]: *** [CMakeFiles/Makefile2:193: CMakeFiles/point_cloud_plantpot_detector.dir/all] Error 2
gmake: *** [Makefile:146: all] Error 2
