running egg_info
creating ../../build/edit_planning_scene/edit_planning_scene.egg-info
writing ../../build/edit_planning_scene/edit_planning_scene.egg-info/PKG-INFO
writing dependency_links to ../../build/edit_planning_scene/edit_planning_scene.egg-info/dependency_links.txt
writing entry points to ../../build/edit_planning_scene/edit_planning_scene.egg-info/entry_points.txt
writing requirements to ../../build/edit_planning_scene/edit_planning_scene.egg-info/requires.txt
writing top-level names to ../../build/edit_planning_scene/edit_planning_scene.egg-info/top_level.txt
writing manifest file '../../build/edit_planning_scene/edit_planning_scene.egg-info/SOURCES.txt'
reading manifest file '../../build/edit_planning_scene/edit_planning_scene.egg-info/SOURCES.txt'
writing manifest file '../../build/edit_planning_scene/edit_planning_scene.egg-info/SOURCES.txt'
running build
running build_py
creating /home/buhrmann/ws_moveit/build/edit_planning_scene/build
creating /home/buhrmann/ws_moveit/build/edit_planning_scene/build/lib
creating /home/buhrmann/ws_moveit/build/edit_planning_scene/build/lib/edit_planning_scene
copying edit_planning_scene/add_object_to_planning_scene.py -> /home/buhrmann/ws_moveit/build/edit_planning_scene/build/lib/edit_planning_scene
copying edit_planning_scene/__init__.py -> /home/buhrmann/ws_moveit/build/edit_planning_scene/build/lib/edit_planning_scene
running install
running install_lib
creating /home/buhrmann/ws_moveit/install/edit_planning_scene/lib/python3.10/site-packages/edit_planning_scene
copying /home/buhrmann/ws_moveit/build/edit_planning_scene/build/lib/edit_planning_scene/add_object_to_planning_scene.py -> /home/buhrmann/ws_moveit/install/edit_planning_scene/lib/python3.10/site-packages/edit_planning_scene
copying /home/buhrmann/ws_moveit/build/edit_planning_scene/build/lib/edit_planning_scene/__init__.py -> /home/buhrmann/ws_moveit/install/edit_planning_scene/lib/python3.10/site-packages/edit_planning_scene
byte-compiling /home/buhrmann/ws_moveit/install/edit_planning_scene/lib/python3.10/site-packages/edit_planning_scene/add_object_to_planning_scene.py to add_object_to_planning_scene.cpython-310.pyc
byte-compiling /home/buhrmann/ws_moveit/install/edit_planning_scene/lib/python3.10/site-packages/edit_planning_scene/__init__.py to __init__.cpython-310.pyc
running install_data
creating /home/buhrmann/ws_moveit/install/edit_planning_scene/share/ament_index
creating /home/buhrmann/ws_moveit/install/edit_planning_scene/share/ament_index/resource_index
creating /home/buhrmann/ws_moveit/install/edit_planning_scene/share/ament_index/resource_index/packages
copying resource/edit_planning_scene -> /home/buhrmann/ws_moveit/install/edit_planning_scene/share/ament_index/resource_index/packages
copying package.xml -> /home/buhrmann/ws_moveit/install/edit_planning_scene/share/edit_planning_scene
running install_egg_info
Copying ../../build/edit_planning_scene/edit_planning_scene.egg-info to /home/buhrmann/ws_moveit/install/edit_planning_scene/lib/python3.10/site-packages/edit_planning_scene-0.0.0-py3.10.egg-info
running install_scripts
Installing add_object_to_planning_scene script to /home/buhrmann/ws_moveit/install/edit_planning_scene/lib/edit_planning_scene
writing list of installed files to '/home/buhrmann/ws_moveit/build/edit_planning_scene/install.log'
