[0.009s] Invoking command in '/home/buhrmann/ws_moveit/build/point_cloud_circle_detector': CMAKE_PREFIX_PATH=${CMAKE_PREFIX_PATH}:/home/buhrmann/ws_moveit/install/moveit_configs_utils:/opt/ros/iron /usr/bin/cmake --build /home/buhrmann/ws_moveit/build/point_cloud_circle_detector -- -j28 -l28
[0.044s] [35m[1mConsolidate compiler generated dependencies of target point_cloud_plantpot_edge_pfh_detector[0m
[0.054s] [ 16%] Built target point_cloud_circle_detector
[0.056s] [ 33%] Built target point_cloud_cylinder_detector
[0.057s] [ 50%] [32mBuilding CXX object CMakeFiles/point_cloud_plantpot_edge_pfh_detector.dir/src/point_cloud_plantpot_edge_pfh_detector.cpp.o[0m
[0.057s] [ 58%] Built target point_cloud_plantpot_ppf_detector
[0.058s] [ 75%] Built target point_cloud_plantpot_detector
[0.059s] [ 91%] Built target point_cloud_plantpot_pfh_detector
[1.799s] [01m[K/home/buhrmann/ws_moveit/src/point_cloud_circle_detector/src/point_cloud_plantpot_edge_pfh_detector.cpp:[m[K In function ‘[01m[Kint main()[m[K’:
[1.800s] [01m[K/home/buhrmann/ws_moveit/src/point_cloud_circle_detector/src/point_cloud_plantpot_edge_pfh_detector.cpp:25:22:[m[K [01;31m[Kerror: [m[K‘[01m[KPointLT[m[K’ was not declared in this scope
[1.800s]    25 |     pcl::PointCloud< [01;31m[KPointLT[m[K >  egdes; // Store the labels (e.g., edge, non-edge, boundary)
[1.800s]       |                      [01;31m[K^~~~~~~[m[K
[1.800s] [01m[K/home/buhrmann/ws_moveit/src/point_cloud_circle_detector/src/point_cloud_plantpot_edge_pfh_detector.cpp:25:30:[m[K [01;31m[Kerror: [m[Ktemplate argument 1 is invalid
[1.800s]    25 |     pcl::PointCloud< PointLT [01;31m[K>[m[K  egdes; // Store the labels (e.g., edge, non-edge, boundary)
[1.800s]       |                              [01;31m[K^[m[K
[1.800s] [01m[K/home/buhrmann/ws_moveit/src/point_cloud_circle_detector/src/point_cloud_plantpot_edge_pfh_detector.cpp:29:27:[m[K [01;31m[Kerror: [m[Kcannot convert ‘[01m[Kint[m[K’ to ‘[01m[Kpcl::PointCloud<pcl::PointXYZ>&[m[K’
[1.800s]    29 |     edge_detector.compute([01;31m[Kegdes[m[K, label_indices);
[1.800s]       |                           [01;31m[K^~~~~[m[K
[1.800s]       |                           [01;31m[K|[m[K
[1.800s]       |                           [01;31m[Kint[m[K
[1.800s] In file included from [01m[K/usr/include/pcl-1.12/pcl/features/organized_edge_detection.h:429[m[K,
[1.800s]                  from [01m[K/home/buhrmann/ws_moveit/src/point_cloud_circle_detector/src/point_cloud_plantpot_edge_pfh_detector.cpp:5[m[K:
[1.800s] [01m[K/usr/include/pcl-1.12/pcl/features/impl/organized_edge_detection.hpp:52:77:[m[K [01;36m[Knote: [m[K  initializing argument 1 of ‘[01m[Kvoid pcl::OrganizedEdgeBase<PointT, PointLT>::compute(pcl::PointCloud<PointOutT>&, std::vector<pcl::PointIndices>&) const [with PointT = pcl::PointXYZ; PointLT = pcl::PointXYZ][m[K’
[1.800s]    52 | pcl::OrganizedEdgeBase<PointT, PointLT>::compute ([01;36m[Kpcl::PointCloud<PointLT>& labels[m[K, std::vector<pcl::PointIndices>& label_indices) const
[1.800s]       |                                                   [01;36m[K~~~~~~~~~~~~~~~~~~~~~~~~~~^~~~~~[m[K
[1.800s] [01m[K/home/buhrmann/ws_moveit/src/point_cloud_circle_detector/src/point_cloud_plantpot_edge_pfh_detector.cpp:44:30:[m[K [01;31m[Kerror: [m[Kno matching function for call to ‘[01m[KsavePCDFileASCII(const char [57], int&)[m[K’
[1.800s]    44 |     [01;31m[Kpcl::io::savePCDFileASCII("/home/buhrmann/Desktop/Pointcloud_Tests/output_edges.pcd", egdes)[m[K;
[1.800s]       |     [01;31m[K~~~~~~~~~~~~~~~~~~~~~~~~~^~~~~~~~~~~~~~~~~~~~~~~~~~~~~~~~~~~~~~~~~~~~~~~~~~~~~~~~~~~~~~~~~~~[m[K
[1.800s] In file included from [01m[K/home/buhrmann/ws_moveit/src/point_cloud_circle_detector/src/point_cloud_plantpot_edge_pfh_detector.cpp:6[m[K:
[1.800s] [01m[K/usr/include/pcl-1.12/pcl/io/pcd_io.h:719:5:[m[K [01;36m[Knote: [m[Kcandidate: ‘[01m[Ktemplate<class PointT> int pcl::io::savePCDFileASCII(const string&, const pcl::PointCloud<PointT>&)[m[K’
[1.800s]   719 |     [01;36m[KsavePCDFileASCII[m[K (const std::string &file_name, const pcl::PointCloud<PointT> &cloud)
[1.800s]       |     [01;36m[K^~~~~~~~~~~~~~~~[m[K
[1.800s] [01m[K/usr/include/pcl-1.12/pcl/io/pcd_io.h:719:5:[m[K [01;36m[Knote: [m[K  template argument deduction/substitution failed:
[1.800s] [01m[K/home/buhrmann/ws_moveit/src/point_cloud_circle_detector/src/point_cloud_plantpot_edge_pfh_detector.cpp:44:30:[m[K [01;36m[Knote: [m[K  mismatched types ‘[01m[Kconst pcl::PointCloud<PointT>[m[K’ and ‘[01m[Kint[m[K’
[1.800s]    44 |     [01;36m[Kpcl::io::savePCDFileASCII("/home/buhrmann/Desktop/Pointcloud_Tests/output_edges.pcd", egdes)[m[K;
[1.800s]       |     [01;36m[K~~~~~~~~~~~~~~~~~~~~~~~~~^~~~~~~~~~~~~~~~~~~~~~~~~~~~~~~~~~~~~~~~~~~~~~~~~~~~~~~~~~~~~~~~~~~[m[K
[2.100s] gmake[2]: *** [CMakeFiles/point_cloud_plantpot_edge_pfh_detector.dir/build.make:76: CMakeFiles/point_cloud_plantpot_edge_pfh_detector.dir/src/point_cloud_plantpot_edge_pfh_detector.cpp.o] Error 1
[2.101s] gmake[1]: *** [CMakeFiles/Makefile2:277: CMakeFiles/point_cloud_plantpot_edge_pfh_detector.dir/all] Error 2
[2.101s] gmake: *** [Makefile:146: all] Error 2
[2.103s] Invoked command in '/home/buhrmann/ws_moveit/build/point_cloud_circle_detector' returned '2': CMAKE_PREFIX_PATH=${CMAKE_PREFIX_PATH}:/home/buhrmann/ws_moveit/install/moveit_configs_utils:/opt/ros/iron /usr/bin/cmake --build /home/buhrmann/ws_moveit/build/point_cloud_circle_detector -- -j28 -l28
