[35m[1mConsolidate compiler generated dependencies of target cup_pointcloud_segmentation_color[0m
[ 10%] Built target point_cloud_plantpot_detector
[ 20%] Built target point_cloud_circle_detector
[ 30%] Built target point_cloud_plantpot_ppf_detector
[ 40%] Built target point_cloud_plantpot_edge_pfh_detector
[ 60%] Built target point_cloud_plantpot_pfh_detector
[ 60%] Built target point_cloud_plantpot_rgb_edge_pfh_detector
[ 70%] Built target rgb_edge_filter
[ 80%] Built target point_cloud_cylinder_detector
[ 90%] Built target cup_segmentation_color
[ 95%] [32mBuilding CXX object CMakeFiles/cup_pointcloud_segmentation_color.dir/src/cup_pointcloud_segmentation_and_coloring.cpp.o[0m
In file included from [01m[K/home/buhrmann/ws_moveit/src/point_cloud_circle_detector/src/cup_pointcloud_segmentation_and_coloring.cpp:6[m[K:
[01m[K/opt/ros/iron/include/cv_bridge/cv_bridge/cv_bridge.h:42:2:[m[K [01;35m[Kwarning: [m[K#warning This header is obsolete, please include cv_bridge/cv_bridge.hpp instead [[01;35m[K]8;;https://gcc.gnu.org/onlinedocs/gcc/Warning-Options.html#index-Wcpp-Wcpp]8;;[m[K]
   42 | #[01;35m[Kwarning[m[K This header is obsolete, please include cv_bridge/cv_bridge.hpp instead
      |  [01;35m[K^~~~~~~[m[K
[01m[K/home/buhrmann/ws_moveit/src/point_cloud_circle_detector/src/cup_pointcloud_segmentation_and_coloring.cpp:[m[K In member function ‘[01m[Kstd::tuple<int, int, int> PointCloudGenerator::get_random_rgb_from_int(int)[m[K’:
[01m[K/home/buhrmann/ws_moveit/src/point_cloud_circle_detector/src/cup_pointcloud_segmentation_and_coloring.cpp:48:14:[m[K [01;31m[Kerror: [m[K‘[01m[Kmt19937[m[K’ is not a member of ‘[01m[Kstd[m[K’
   48 |         std::[01;31m[Kmt19937[m[K rng(input);  // Mersenne Twister RNG
      |              [01;31m[K^~~~~~~[m[K
[01m[K/home/buhrmann/ws_moveit/src/point_cloud_circle_detector/src/cup_pointcloud_segmentation_and_coloring.cpp:52:24:[m[K [01;31m[Kerror: [m[K‘[01m[Krng[m[K’ was not declared in this scope
   52 |         int red = dist([01;31m[Krng[m[K);    // Generate random value for Red channel
      |                        [01;31m[K^~~[m[K
[01m[K/home/buhrmann/ws_moveit/src/point_cloud_circle_detector/src/cup_pointcloud_segmentation_and_coloring.cpp:46:59:[m[K [01;35m[Kwarning: [m[Kunused parameter ‘[01m[Kinput[m[K’ [[01;35m[K]8;;https://gcc.gnu.org/onlinedocs/gcc/Warning-Options.html#index-Wunused-parameter-Wunused-parameter]8;;[m[K]
   46 |     std::tuple<int, int, int> get_random_rgb_from_int([01;35m[Kint input[m[K) {
      |                                                       [01;35m[K~~~~^~~~~[m[K
[01m[K/home/buhrmann/ws_moveit/src/point_cloud_circle_detector/src/cup_pointcloud_segmentation_and_coloring.cpp:[m[K In member function ‘[01m[Kvoid PointCloudGenerator::pointCloudCallback(std_msgs::msg::Float32MultiArray_<std::allocator<void> >::SharedPtr)[m[K’:
[01m[K/home/buhrmann/ws_moveit/src/point_cloud_circle_detector/src/cup_pointcloud_segmentation_and_coloring.cpp:99:78:[m[K [01;31m[Kerror: [m[Kexpected primary-expression before ‘[01m[K)[m[K’ token
   99 |                 uint16_t depth = depth_cv_ptr->image.at<uint16_t>(data[i+1], [01;31m[K)[m[K;
      |                                                                              [01;31m[K^[m[K
gmake[2]: *** [CMakeFiles/cup_pointcloud_segmentation_color.dir/build.make:76: CMakeFiles/cup_pointcloud_segmentation_color.dir/src/cup_pointcloud_segmentation_and_coloring.cpp.o] Error 1
gmake[1]: *** [CMakeFiles/Makefile2:389: CMakeFiles/cup_pointcloud_segmentation_color.dir/all] Error 2
gmake: *** [Makefile:146: all] Error 2
