[0.050s] Invoking command in '/home/buhrmann/ws_moveit/build/moveit_resources_pr2_description': CMAKE_PREFIX_PATH=${CMAKE_PREFIX_PATH}:/home/buhrmann/ws_moveit/install/moveit_configs_utils:/opt/ros/iron /usr/bin/cmake /home/buhrmann/ws_moveit/src/moveit_resources/pr2_description -DAMENT_CMAKE_SYMLINK_INSTALL=1 -DCMAKE_INSTALL_PREFIX=/home/buhrmann/ws_moveit/install/moveit_resources_pr2_description
[0.193s] -- Found ament_cmake: 2.0.7 (/opt/ros/iron/share/ament_cmake/cmake)
[0.193s] -- Override CMake install command with custom implementation using symlinks instead of copying resources
[0.193s] -- Configuring done
[0.193s] -- Generating done
[0.193s] -- Build files have been written to: /home/buhrmann/ws_moveit/build/moveit_resources_pr2_description
[0.199s] Invoked command in '/home/buhrmann/ws_moveit/build/moveit_resources_pr2_description' returned '0': CMAKE_PREFIX_PATH=${CMAKE_PREFIX_PATH}:/home/buhrmann/ws_moveit/install/moveit_configs_utils:/opt/ros/iron /usr/bin/cmake /home/buhrmann/ws_moveit/src/moveit_resources/pr2_description -DAMENT_CMAKE_SYMLINK_INSTALL=1 -DCMAKE_INSTALL_PREFIX=/home/buhrmann/ws_moveit/install/moveit_resources_pr2_description
[0.200s] Invoking command in '/home/buhrmann/ws_moveit/build/moveit_resources_pr2_description': CMAKE_PREFIX_PATH=${CMAKE_PREFIX_PATH}:/home/buhrmann/ws_moveit/install/moveit_configs_utils:/opt/ros/iron /usr/bin/cmake --build /home/buhrmann/ws_moveit/build/moveit_resources_pr2_description -- -j28 -l28
[0.225s] Invoked command in '/home/buhrmann/ws_moveit/build/moveit_resources_pr2_description' returned '0': CMAKE_PREFIX_PATH=${CMAKE_PREFIX_PATH}:/home/buhrmann/ws_moveit/install/moveit_configs_utils:/opt/ros/iron /usr/bin/cmake --build /home/buhrmann/ws_moveit/build/moveit_resources_pr2_description -- -j28 -l28
[0.234s] Invoking command in '/home/buhrmann/ws_moveit/build/moveit_resources_pr2_description': CMAKE_PREFIX_PATH=${CMAKE_PREFIX_PATH}:/home/buhrmann/ws_moveit/install/moveit_configs_utils:/opt/ros/iron /usr/bin/cmake --install /home/buhrmann/ws_moveit/build/moveit_resources_pr2_description
[0.239s] -- Install configuration: ""
[0.239s] -- Execute custom install script
[0.239s] -- Symlinking: /home/buhrmann/ws_moveit/install/moveit_resources_pr2_description/share/ament_index/resource_index/package_run_dependencies/moveit_resources_pr2_description
[0.244s] -- Symlinking: /home/buhrmann/ws_moveit/install/moveit_resources_pr2_description/share/ament_index/resource_index/parent_prefix_path/moveit_resources_pr2_description
[0.249s] -- Symlinking: /home/buhrmann/ws_moveit/install/moveit_resources_pr2_description/share/moveit_resources_pr2_description/environment/ament_prefix_path.sh
[0.255s] -- Symlinking: /home/buhrmann/ws_moveit/install/moveit_resources_pr2_description/share/moveit_resources_pr2_description/environment/ament_prefix_path.dsv
[0.261s] -- Symlinking: /home/buhrmann/ws_moveit/install/moveit_resources_pr2_description/share/moveit_resources_pr2_description/environment/path.sh
[0.269s] -- Symlinking: /home/buhrmann/ws_moveit/install/moveit_resources_pr2_description/share/moveit_resources_pr2_description/environment/path.dsv
[0.275s] -- Symlinking: /home/buhrmann/ws_moveit/install/moveit_resources_pr2_description/share/moveit_resources_pr2_description/local_setup.bash
[0.285s] -- Symlinking: /home/buhrmann/ws_moveit/install/moveit_resources_pr2_description/share/moveit_resources_pr2_description/local_setup.sh
[0.296s] -- Symlinking: /home/buhrmann/ws_moveit/install/moveit_resources_pr2_description/share/moveit_resources_pr2_description/local_setup.zsh
[0.302s] -- Symlinking: /home/buhrmann/ws_moveit/install/moveit_resources_pr2_description/share/moveit_resources_pr2_description/local_setup.dsv
[0.310s] -- Symlinking: /home/buhrmann/ws_moveit/install/moveit_resources_pr2_description/share/moveit_resources_pr2_description/package.dsv
[0.318s] -- Symlinking: /home/buhrmann/ws_moveit/install/moveit_resources_pr2_description/share/ament_index/resource_index/packages/moveit_resources_pr2_description
[0.325s] -- Symlinking: /home/buhrmann/ws_moveit/install/moveit_resources_pr2_description/share/moveit_resources_pr2_description/cmake/moveit_resources_pr2_descriptionConfig.cmake
[0.331s] -- Symlinking: /home/buhrmann/ws_moveit/install/moveit_resources_pr2_description/share/moveit_resources_pr2_description/cmake/moveit_resources_pr2_descriptionConfig-version.cmake
[0.339s] -- Symlinking: /home/buhrmann/ws_moveit/install/moveit_resources_pr2_description/share/moveit_resources_pr2_description/package.xml
[0.347s] -- Symlinking: /home/buhrmann/ws_moveit/install/moveit_resources_pr2_description/share/moveit_resources_pr2_description/srdf/robot.xml
[0.357s] -- Symlinking: /home/buhrmann/ws_moveit/install/moveit_resources_pr2_description/share/moveit_resources_pr2_description/urdf/materials/textures/pr2_caster_texture.png
[0.366s] -- Symlinking: /home/buhrmann/ws_moveit/install/moveit_resources_pr2_description/share/moveit_resources_pr2_description/urdf/materials/textures/pr2_wheel_left.png
[0.371s] -- Symlinking: /home/buhrmann/ws_moveit/install/moveit_resources_pr2_description/share/moveit_resources_pr2_description/urdf/materials/textures/pr2_wheel_right.png
[0.375s] -- Symlinking: /home/buhrmann/ws_moveit/install/moveit_resources_pr2_description/share/moveit_resources_pr2_description/urdf/meshes/base_v0/base.dae
[0.382s] -- Symlinking: /home/buhrmann/ws_moveit/install/moveit_resources_pr2_description/share/moveit_resources_pr2_description/urdf/meshes/base_v0/base.stl
[0.389s] -- Symlinking: /home/buhrmann/ws_moveit/install/moveit_resources_pr2_description/share/moveit_resources_pr2_description/urdf/meshes/base_v0/base_L.stl
[0.397s] -- Symlinking: /home/buhrmann/ws_moveit/install/moveit_resources_pr2_description/share/moveit_resources_pr2_description/urdf/meshes/base_v0/base_color.tif
[0.402s] -- Symlinking: /home/buhrmann/ws_moveit/install/moveit_resources_pr2_description/share/moveit_resources_pr2_description/urdf/meshes/base_v0/base_normals.tif
[0.409s] -- Symlinking: /home/buhrmann/ws_moveit/install/moveit_resources_pr2_description/share/moveit_resources_pr2_description/urdf/meshes/base_v0/caster.stl
[0.417s] -- Symlinking: /home/buhrmann/ws_moveit/install/moveit_resources_pr2_description/share/moveit_resources_pr2_description/urdf/meshes/base_v0/caster_L.stl
[0.422s] -- Symlinking: /home/buhrmann/ws_moveit/install/moveit_resources_pr2_description/share/moveit_resources_pr2_description/urdf/meshes/base_v0/convex/base.dae
[0.428s] -- Symlinking: /home/buhrmann/ws_moveit/install/moveit_resources_pr2_description/share/moveit_resources_pr2_description/urdf/meshes/base_v0/convex/base.xml
[0.435s] -- Symlinking: /home/buhrmann/ws_moveit/install/moveit_resources_pr2_description/share/moveit_resources_pr2_description/urdf/meshes/base_v0/convex/base_L.dae
[0.441s] -- Symlinking: /home/buhrmann/ws_moveit/install/moveit_resources_pr2_description/share/moveit_resources_pr2_description/urdf/meshes/base_v0/convex/base_L.xml
[0.447s] -- Symlinking: /home/buhrmann/ws_moveit/install/moveit_resources_pr2_description/share/moveit_resources_pr2_description/urdf/meshes/base_v0/convex/base_L_convex.stla
[0.454s] -- Symlinking: /home/buhrmann/ws_moveit/install/moveit_resources_pr2_description/share/moveit_resources_pr2_description/urdf/meshes/base_v0/convex/base_L_convex.stlb
[0.460s] -- Symlinking: /home/buhrmann/ws_moveit/install/moveit_resources_pr2_description/share/moveit_resources_pr2_description/urdf/meshes/base_v0/convex/base_convex.stla
[0.467s] -- Symlinking: /home/buhrmann/ws_moveit/install/moveit_resources_pr2_description/share/moveit_resources_pr2_description/urdf/meshes/base_v0/convex/base_convex.stlb
[0.473s] -- Symlinking: /home/buhrmann/ws_moveit/install/moveit_resources_pr2_description/share/moveit_resources_pr2_description/urdf/meshes/base_v0/convex/caster.dae
[0.480s] -- Symlinking: /home/buhrmann/ws_moveit/install/moveit_resources_pr2_description/share/moveit_resources_pr2_description/urdf/meshes/base_v0/convex/caster.xml
[0.486s] -- Symlinking: /home/buhrmann/ws_moveit/install/moveit_resources_pr2_description/share/moveit_resources_pr2_description/urdf/meshes/base_v0/convex/caster_L.dae
[0.494s] -- Symlinking: /home/buhrmann/ws_moveit/install/moveit_resources_pr2_description/share/moveit_resources_pr2_description/urdf/meshes/base_v0/convex/caster_L.xml
[0.504s] -- Symlinking: /home/buhrmann/ws_moveit/install/moveit_resources_pr2_description/share/moveit_resources_pr2_description/urdf/meshes/base_v0/convex/caster_L_convex.stla
[0.510s] -- Symlinking: /home/buhrmann/ws_moveit/install/moveit_resources_pr2_description/share/moveit_resources_pr2_description/urdf/meshes/base_v0/convex/caster_L_convex.stlb
[0.516s] -- Symlinking: /home/buhrmann/ws_moveit/install/moveit_resources_pr2_description/share/moveit_resources_pr2_description/urdf/meshes/base_v0/convex/caster_convex.stla
[0.523s] -- Symlinking: /home/buhrmann/ws_moveit/install/moveit_resources_pr2_description/share/moveit_resources_pr2_description/urdf/meshes/base_v0/convex/caster_convex.stlb
[0.533s] -- Symlinking: /home/buhrmann/ws_moveit/install/moveit_resources_pr2_description/share/moveit_resources_pr2_description/urdf/meshes/base_v0/convex/pr2_wheel.dae
[0.539s] -- Symlinking: /home/buhrmann/ws_moveit/install/moveit_resources_pr2_description/share/moveit_resources_pr2_description/urdf/meshes/base_v0/convex/pr2_wheel.xml
[0.545s] -- Symlinking: /home/buhrmann/ws_moveit/install/moveit_resources_pr2_description/share/moveit_resources_pr2_description/urdf/meshes/base_v0/convex/pr2_wheel_convex.stla
[0.551s] -- Symlinking: /home/buhrmann/ws_moveit/install/moveit_resources_pr2_description/share/moveit_resources_pr2_description/urdf/meshes/base_v0/convex/pr2_wheel_convex.stlb
[0.561s] -- Symlinking: /home/buhrmann/ws_moveit/install/moveit_resources_pr2_description/share/moveit_resources_pr2_description/urdf/meshes/base_v0/convex/wheel.dae
[0.567s] -- Symlinking: /home/buhrmann/ws_moveit/install/moveit_resources_pr2_description/share/moveit_resources_pr2_description/urdf/meshes/base_v0/convex/wheel.xml
[0.573s] -- Symlinking: /home/buhrmann/ws_moveit/install/moveit_resources_pr2_description/share/moveit_resources_pr2_description/urdf/meshes/base_v0/convex/wheel_convex.stla
[0.579s] -- Symlinking: /home/buhrmann/ws_moveit/install/moveit_resources_pr2_description/share/moveit_resources_pr2_description/urdf/meshes/base_v0/convex/wheel_convex.stlb
[0.589s] -- Symlinking: /home/buhrmann/ws_moveit/install/moveit_resources_pr2_description/share/moveit_resources_pr2_description/urdf/meshes/base_v0/pr2_wheel.stl
[0.593s] -- Symlinking: /home/buhrmann/ws_moveit/install/moveit_resources_pr2_description/share/moveit_resources_pr2_description/urdf/meshes/base_v0/wheel.dae
[0.601s] -- Symlinking: /home/buhrmann/ws_moveit/install/moveit_resources_pr2_description/share/moveit_resources_pr2_description/urdf/meshes/base_v0/wheel.stl
[0.607s] -- Symlinking: /home/buhrmann/ws_moveit/install/moveit_resources_pr2_description/share/moveit_resources_pr2_description/urdf/meshes/base_v0/wheel_color.tif
[0.614s] -- Symlinking: /home/buhrmann/ws_moveit/install/moveit_resources_pr2_description/share/moveit_resources_pr2_description/urdf/meshes/base_v0/wheel_h.dae
[0.620s] -- Symlinking: /home/buhrmann/ws_moveit/install/moveit_resources_pr2_description/share/moveit_resources_pr2_description/urdf/meshes/base_v0/wheel_h_color.tif
[0.630s] -- Symlinking: /home/buhrmann/ws_moveit/install/moveit_resources_pr2_description/share/moveit_resources_pr2_description/urdf/meshes/base_v0/wheel_normals.tif
[0.635s] -- Symlinking: /home/buhrmann/ws_moveit/install/moveit_resources_pr2_description/share/moveit_resources_pr2_description/urdf/meshes/forearm_v0/convex/forearm.dae
[0.642s] -- Symlinking: /home/buhrmann/ws_moveit/install/moveit_resources_pr2_description/share/moveit_resources_pr2_description/urdf/meshes/forearm_v0/convex/forearm.xml
[0.649s] -- Symlinking: /home/buhrmann/ws_moveit/install/moveit_resources_pr2_description/share/moveit_resources_pr2_description/urdf/meshes/forearm_v0/convex/forearm_convex.stla
[0.655s] -- Symlinking: /home/buhrmann/ws_moveit/install/moveit_resources_pr2_description/share/moveit_resources_pr2_description/urdf/meshes/forearm_v0/convex/forearm_convex.stlb
[0.664s] -- Symlinking: /home/buhrmann/ws_moveit/install/moveit_resources_pr2_description/share/moveit_resources_pr2_description/urdf/meshes/forearm_v0/convex/wrist_flex.dae
[0.673s] -- Symlinking: /home/buhrmann/ws_moveit/install/moveit_resources_pr2_description/share/moveit_resources_pr2_description/urdf/meshes/forearm_v0/convex/wrist_flex.xml
[0.683s] -- Symlinking: /home/buhrmann/ws_moveit/install/moveit_resources_pr2_description/share/moveit_resources_pr2_description/urdf/meshes/forearm_v0/convex/wrist_flex_convex.stla
[0.691s] -- Symlinking: /home/buhrmann/ws_moveit/install/moveit_resources_pr2_description/share/moveit_resources_pr2_description/urdf/meshes/forearm_v0/convex/wrist_flex_convex.stlb
[0.698s] -- Symlinking: /home/buhrmann/ws_moveit/install/moveit_resources_pr2_description/share/moveit_resources_pr2_description/urdf/meshes/forearm_v0/convex/wrist_roll.dae
[0.704s] -- Symlinking: /home/buhrmann/ws_moveit/install/moveit_resources_pr2_description/share/moveit_resources_pr2_description/urdf/meshes/forearm_v0/convex/wrist_roll.xml
[0.709s] -- Symlinking: /home/buhrmann/ws_moveit/install/moveit_resources_pr2_description/share/moveit_resources_pr2_description/urdf/meshes/forearm_v0/convex/wrist_roll_L.dae
[0.718s] -- Symlinking: /home/buhrmann/ws_moveit/install/moveit_resources_pr2_description/share/moveit_resources_pr2_description/urdf/meshes/forearm_v0/convex/wrist_roll_L.xml
[0.725s] -- Symlinking: /home/buhrmann/ws_moveit/install/moveit_resources_pr2_description/share/moveit_resources_pr2_description/urdf/meshes/forearm_v0/convex/wrist_roll_L_convex.stla
[0.731s] -- Symlinking: /home/buhrmann/ws_moveit/install/moveit_resources_pr2_description/share/moveit_resources_pr2_description/urdf/meshes/forearm_v0/convex/wrist_roll_L_convex.stlb
[0.738s] -- Symlinking: /home/buhrmann/ws_moveit/install/moveit_resources_pr2_description/share/moveit_resources_pr2_description/urdf/meshes/forearm_v0/convex/wrist_roll_convex.stla
[0.744s] -- Symlinking: /home/buhrmann/ws_moveit/install/moveit_resources_pr2_description/share/moveit_resources_pr2_description/urdf/meshes/forearm_v0/convex/wrist_roll_convex.stlb
[0.750s] -- Symlinking: /home/buhrmann/ws_moveit/install/moveit_resources_pr2_description/share/moveit_resources_pr2_description/urdf/meshes/forearm_v0/forearm.dae
[0.757s] -- Symlinking: /home/buhrmann/ws_moveit/install/moveit_resources_pr2_description/share/moveit_resources_pr2_description/urdf/meshes/forearm_v0/forearm.jpg
[0.763s] -- Symlinking: /home/buhrmann/ws_moveit/install/moveit_resources_pr2_description/share/moveit_resources_pr2_description/urdf/meshes/forearm_v0/forearm.stl
[0.770s] -- Symlinking: /home/buhrmann/ws_moveit/install/moveit_resources_pr2_description/share/moveit_resources_pr2_description/urdf/meshes/forearm_v0/forearm_color.tif
[0.776s] -- Symlinking: /home/buhrmann/ws_moveit/install/moveit_resources_pr2_description/share/moveit_resources_pr2_description/urdf/meshes/forearm_v0/forearm_normals.tif
[0.783s] -- Symlinking: /home/buhrmann/ws_moveit/install/moveit_resources_pr2_description/share/moveit_resources_pr2_description/urdf/meshes/forearm_v0/wrist_color.tif
[0.791s] -- Symlinking: /home/buhrmann/ws_moveit/install/moveit_resources_pr2_description/share/moveit_resources_pr2_description/urdf/meshes/forearm_v0/wrist_flex.dae
[0.799s] -- Symlinking: /home/buhrmann/ws_moveit/install/moveit_resources_pr2_description/share/moveit_resources_pr2_description/urdf/meshes/forearm_v0/wrist_flex.stl
[0.805s] -- Symlinking: /home/buhrmann/ws_moveit/install/moveit_resources_pr2_description/share/moveit_resources_pr2_description/urdf/meshes/forearm_v0/wrist_normals.tif
[0.810s] -- Symlinking: /home/buhrmann/ws_moveit/install/moveit_resources_pr2_description/share/moveit_resources_pr2_description/urdf/meshes/forearm_v0/wrist_roll.stl
[0.817s] -- Symlinking: /home/buhrmann/ws_moveit/install/moveit_resources_pr2_description/share/moveit_resources_pr2_description/urdf/meshes/forearm_v0/wrist_roll_L.stl
[0.825s] -- Symlinking: /home/buhrmann/ws_moveit/install/moveit_resources_pr2_description/share/moveit_resources_pr2_description/urdf/meshes/gripper_v0/convex/finger_tip_l.dae
[0.831s] -- Symlinking: /home/buhrmann/ws_moveit/install/moveit_resources_pr2_description/share/moveit_resources_pr2_description/urdf/meshes/gripper_v0/convex/finger_tip_l.xml
[0.840s] -- Symlinking: /home/buhrmann/ws_moveit/install/moveit_resources_pr2_description/share/moveit_resources_pr2_description/urdf/meshes/gripper_v0/convex/finger_tip_l_convex.stla
[0.846s] -- Symlinking: /home/buhrmann/ws_moveit/install/moveit_resources_pr2_description/share/moveit_resources_pr2_description/urdf/meshes/gripper_v0/convex/finger_tip_l_convex.stlb
[0.855s] -- Symlinking: /home/buhrmann/ws_moveit/install/moveit_resources_pr2_description/share/moveit_resources_pr2_description/urdf/meshes/gripper_v0/convex/finger_tip_pad2_l.dae
[0.860s] -- Symlinking: /home/buhrmann/ws_moveit/install/moveit_resources_pr2_description/share/moveit_resources_pr2_description/urdf/meshes/gripper_v0/convex/finger_tip_pad2_l.xml
[0.866s] -- Symlinking: /home/buhrmann/ws_moveit/install/moveit_resources_pr2_description/share/moveit_resources_pr2_description/urdf/meshes/gripper_v0/convex/finger_tip_pad2_l_convex.stla
[0.873s] -- Symlinking: /home/buhrmann/ws_moveit/install/moveit_resources_pr2_description/share/moveit_resources_pr2_description/urdf/meshes/gripper_v0/convex/finger_tip_pad2_l_convex.stlb
[0.879s] -- Symlinking: /home/buhrmann/ws_moveit/install/moveit_resources_pr2_description/share/moveit_resources_pr2_description/urdf/meshes/gripper_v0/convex/finger_tip_pad2_r.dae
[0.886s] -- Symlinking: /home/buhrmann/ws_moveit/install/moveit_resources_pr2_description/share/moveit_resources_pr2_description/urdf/meshes/gripper_v0/convex/finger_tip_pad2_r.xml
[0.894s] -- Symlinking: /home/buhrmann/ws_moveit/install/moveit_resources_pr2_description/share/moveit_resources_pr2_description/urdf/meshes/gripper_v0/convex/finger_tip_pad2_r_convex.stla
[0.900s] -- Symlinking: /home/buhrmann/ws_moveit/install/moveit_resources_pr2_description/share/moveit_resources_pr2_description/urdf/meshes/gripper_v0/convex/finger_tip_pad2_r_convex.stlb
[0.906s] -- Symlinking: /home/buhrmann/ws_moveit/install/moveit_resources_pr2_description/share/moveit_resources_pr2_description/urdf/meshes/gripper_v0/convex/finger_tip_r.dae
[0.912s] -- Symlinking: /home/buhrmann/ws_moveit/install/moveit_resources_pr2_description/share/moveit_resources_pr2_description/urdf/meshes/gripper_v0/convex/finger_tip_r.xml
[0.919s] -- Symlinking: /home/buhrmann/ws_moveit/install/moveit_resources_pr2_description/share/moveit_resources_pr2_description/urdf/meshes/gripper_v0/convex/finger_tip_r_convex.stla
[0.926s] -- Symlinking: /home/buhrmann/ws_moveit/install/moveit_resources_pr2_description/share/moveit_resources_pr2_description/urdf/meshes/gripper_v0/convex/finger_tip_r_convex.stlb
[0.935s] -- Symlinking: /home/buhrmann/ws_moveit/install/moveit_resources_pr2_description/share/moveit_resources_pr2_description/urdf/meshes/gripper_v0/convex/gripper_palm.dae
[0.942s] -- Symlinking: /home/buhrmann/ws_moveit/install/moveit_resources_pr2_description/share/moveit_resources_pr2_description/urdf/meshes/gripper_v0/convex/gripper_palm.xml
[0.948s] -- Symlinking: /home/buhrmann/ws_moveit/install/moveit_resources_pr2_description/share/moveit_resources_pr2_description/urdf/meshes/gripper_v0/convex/gripper_palm_convex.stla
[0.954s] -- Symlinking: /home/buhrmann/ws_moveit/install/moveit_resources_pr2_description/share/moveit_resources_pr2_description/urdf/meshes/gripper_v0/convex/gripper_palm_convex.stlb
[0.961s] -- Symlinking: /home/buhrmann/ws_moveit/install/moveit_resources_pr2_description/share/moveit_resources_pr2_description/urdf/meshes/gripper_v0/convex/l_finger.dae
[0.968s] -- Symlinking: /home/buhrmann/ws_moveit/install/moveit_resources_pr2_description/share/moveit_resources_pr2_description/urdf/meshes/gripper_v0/convex/l_finger.xml
[0.976s] -- Symlinking: /home/buhrmann/ws_moveit/install/moveit_resources_pr2_description/share/moveit_resources_pr2_description/urdf/meshes/gripper_v0/convex/l_finger_convex.stla
[0.981s] -- Symlinking: /home/buhrmann/ws_moveit/install/moveit_resources_pr2_description/share/moveit_resources_pr2_description/urdf/meshes/gripper_v0/convex/l_finger_convex.stlb
[0.988s] -- Symlinking: /home/buhrmann/ws_moveit/install/moveit_resources_pr2_description/share/moveit_resources_pr2_description/urdf/meshes/gripper_v0/convex/l_finger_tip.dae
[0.998s] -- Symlinking: /home/buhrmann/ws_moveit/install/moveit_resources_pr2_description/share/moveit_resources_pr2_description/urdf/meshes/gripper_v0/convex/l_finger_tip.xml
[1.008s] -- Symlinking: /home/buhrmann/ws_moveit/install/moveit_resources_pr2_description/share/moveit_resources_pr2_description/urdf/meshes/gripper_v0/convex/l_finger_tip_convex.stla
[1.012s] -- Symlinking: /home/buhrmann/ws_moveit/install/moveit_resources_pr2_description/share/moveit_resources_pr2_description/urdf/meshes/gripper_v0/convex/l_finger_tip_convex.stlb
[1.020s] -- Symlinking: /home/buhrmann/ws_moveit/install/moveit_resources_pr2_description/share/moveit_resources_pr2_description/urdf/meshes/gripper_v0/convex/l_floating.dae
[1.026s] -- Symlinking: /home/buhrmann/ws_moveit/install/moveit_resources_pr2_description/share/moveit_resources_pr2_description/urdf/meshes/gripper_v0/convex/l_floating.xml
[1.031s] -- Symlinking: /home/buhrmann/ws_moveit/install/moveit_resources_pr2_description/share/moveit_resources_pr2_description/urdf/meshes/gripper_v0/convex/l_floating_convex.stla
[1.038s] -- Symlinking: /home/buhrmann/ws_moveit/install/moveit_resources_pr2_description/share/moveit_resources_pr2_description/urdf/meshes/gripper_v0/convex/l_floating_convex.stlb
[1.044s] -- Symlinking: /home/buhrmann/ws_moveit/install/moveit_resources_pr2_description/share/moveit_resources_pr2_description/urdf/meshes/gripper_v0/convex/upper_finger_l.dae
[1.052s] -- Symlinking: /home/buhrmann/ws_moveit/install/moveit_resources_pr2_description/share/moveit_resources_pr2_description/urdf/meshes/gripper_v0/convex/upper_finger_l.xml
[1.059s] -- Symlinking: /home/buhrmann/ws_moveit/install/moveit_resources_pr2_description/share/moveit_resources_pr2_description/urdf/meshes/gripper_v0/convex/upper_finger_l_convex.stla
[1.065s] -- Symlinking: /home/buhrmann/ws_moveit/install/moveit_resources_pr2_description/share/moveit_resources_pr2_description/urdf/meshes/gripper_v0/convex/upper_finger_l_convex.stlb
[1.072s] -- Symlinking: /home/buhrmann/ws_moveit/install/moveit_resources_pr2_description/share/moveit_resources_pr2_description/urdf/meshes/gripper_v0/convex/upper_finger_r.dae
[1.078s] -- Symlinking: /home/buhrmann/ws_moveit/install/moveit_resources_pr2_description/share/moveit_resources_pr2_description/urdf/meshes/gripper_v0/convex/upper_finger_r.xml
[1.087s] -- Symlinking: /home/buhrmann/ws_moveit/install/moveit_resources_pr2_description/share/moveit_resources_pr2_description/urdf/meshes/gripper_v0/convex/upper_finger_r_convex.stla
[1.094s] -- Symlinking: /home/buhrmann/ws_moveit/install/moveit_resources_pr2_description/share/moveit_resources_pr2_description/urdf/meshes/gripper_v0/convex/upper_finger_r_convex.stlb
[1.100s] -- Symlinking: /home/buhrmann/ws_moveit/install/moveit_resources_pr2_description/share/moveit_resources_pr2_description/urdf/meshes/gripper_v0/finger_H_Color_100430.tif
[1.106s] -- Symlinking: /home/buhrmann/ws_moveit/install/moveit_resources_pr2_description/share/moveit_resources_pr2_description/urdf/meshes/gripper_v0/finger_H_UV_100430.dae
[1.116s] -- Symlinking: /home/buhrmann/ws_moveit/install/moveit_resources_pr2_description/share/moveit_resources_pr2_description/urdf/meshes/gripper_v0/finger_tip_H_UV_100430.dae
[1.123s] -- Symlinking: /home/buhrmann/ws_moveit/install/moveit_resources_pr2_description/share/moveit_resources_pr2_description/urdf/meshes/gripper_v0/finger_tip_l.stl
[1.132s] -- Symlinking: /home/buhrmann/ws_moveit/install/moveit_resources_pr2_description/share/moveit_resources_pr2_description/urdf/meshes/gripper_v0/finger_tip_pad2_l.stl
[1.141s] -- Symlinking: /home/buhrmann/ws_moveit/install/moveit_resources_pr2_description/share/moveit_resources_pr2_description/urdf/meshes/gripper_v0/finger_tip_pad2_r.stl
[1.147s] -- Symlinking: /home/buhrmann/ws_moveit/install/moveit_resources_pr2_description/share/moveit_resources_pr2_description/urdf/meshes/gripper_v0/finger_tip_r.stl
[1.156s] -- Symlinking: /home/buhrmann/ws_moveit/install/moveit_resources_pr2_description/share/moveit_resources_pr2_description/urdf/meshes/gripper_v0/fingertip_H_Color_100430.tif
[1.164s] -- Symlinking: /home/buhrmann/ws_moveit/install/moveit_resources_pr2_description/share/moveit_resources_pr2_description/urdf/meshes/gripper_v0/float_H_Color_100430.tif
[1.173s] -- Symlinking: /home/buhrmann/ws_moveit/install/moveit_resources_pr2_description/share/moveit_resources_pr2_description/urdf/meshes/gripper_v0/float_H_UV_100430.dae
[1.182s] -- Symlinking: /home/buhrmann/ws_moveit/install/moveit_resources_pr2_description/share/moveit_resources_pr2_description/urdf/meshes/gripper_v0/gripper_palm.dae
[1.191s] -- Symlinking: /home/buhrmann/ws_moveit/install/moveit_resources_pr2_description/share/moveit_resources_pr2_description/urdf/meshes/gripper_v0/gripper_palm.stl
[1.198s] -- Symlinking: /home/buhrmann/ws_moveit/install/moveit_resources_pr2_description/share/moveit_resources_pr2_description/urdf/meshes/gripper_v0/gripper_palm_color.tif
[1.206s] -- Symlinking: /home/buhrmann/ws_moveit/install/moveit_resources_pr2_description/share/moveit_resources_pr2_description/urdf/meshes/gripper_v0/gripper_palm_normals.tif
[1.212s] -- Symlinking: /home/buhrmann/ws_moveit/install/moveit_resources_pr2_description/share/moveit_resources_pr2_description/urdf/meshes/gripper_v0/l_finger.dae
[1.220s] -- Symlinking: /home/buhrmann/ws_moveit/install/moveit_resources_pr2_description/share/moveit_resources_pr2_description/urdf/meshes/gripper_v0/l_finger.stl
[1.228s] -- Symlinking: /home/buhrmann/ws_moveit/install/moveit_resources_pr2_description/share/moveit_resources_pr2_description/urdf/meshes/gripper_v0/l_finger_color.tif
[1.237s] -- Symlinking: /home/buhrmann/ws_moveit/install/moveit_resources_pr2_description/share/moveit_resources_pr2_description/urdf/meshes/gripper_v0/l_finger_normals.tif
[1.243s] -- Symlinking: /home/buhrmann/ws_moveit/install/moveit_resources_pr2_description/share/moveit_resources_pr2_description/urdf/meshes/gripper_v0/l_finger_tip.dae
[1.252s] -- Symlinking: /home/buhrmann/ws_moveit/install/moveit_resources_pr2_description/share/moveit_resources_pr2_description/urdf/meshes/gripper_v0/l_finger_tip.stl
[1.259s] -- Symlinking: /home/buhrmann/ws_moveit/install/moveit_resources_pr2_description/share/moveit_resources_pr2_description/urdf/meshes/gripper_v0/l_finger_tip_color.tif
[1.268s] -- Symlinking: /home/buhrmann/ws_moveit/install/moveit_resources_pr2_description/share/moveit_resources_pr2_description/urdf/meshes/gripper_v0/l_finger_tip_normals.tif
[1.274s] -- Symlinking: /home/buhrmann/ws_moveit/install/moveit_resources_pr2_description/share/moveit_resources_pr2_description/urdf/meshes/gripper_v0/l_float.dae
[1.283s] -- Symlinking: /home/buhrmann/ws_moveit/install/moveit_resources_pr2_description/share/moveit_resources_pr2_description/urdf/meshes/gripper_v0/l_float_color.tif
[1.292s] -- Symlinking: /home/buhrmann/ws_moveit/install/moveit_resources_pr2_description/share/moveit_resources_pr2_description/urdf/meshes/gripper_v0/l_float_normals.tif
[1.300s] -- Symlinking: /home/buhrmann/ws_moveit/install/moveit_resources_pr2_description/share/moveit_resources_pr2_description/urdf/meshes/gripper_v0/l_floating.stl
[1.307s] -- Symlinking: /home/buhrmann/ws_moveit/install/moveit_resources_pr2_description/share/moveit_resources_pr2_description/urdf/meshes/gripper_v0/palm_H_Color_100430.tif
[1.313s] -- Symlinking: /home/buhrmann/ws_moveit/install/moveit_resources_pr2_description/share/moveit_resources_pr2_description/urdf/meshes/gripper_v0/palm_H_UV_100430.dae
[1.319s] -- Symlinking: /home/buhrmann/ws_moveit/install/moveit_resources_pr2_description/share/moveit_resources_pr2_description/urdf/meshes/gripper_v0/upper_finger_l.stl
[1.325s] -- Symlinking: /home/buhrmann/ws_moveit/install/moveit_resources_pr2_description/share/moveit_resources_pr2_description/urdf/meshes/gripper_v0/upper_finger_r.stl
[1.334s] -- Symlinking: /home/buhrmann/ws_moveit/install/moveit_resources_pr2_description/share/moveit_resources_pr2_description/urdf/meshes/head_v0/convex/head_pan.dae
[1.344s] -- Symlinking: /home/buhrmann/ws_moveit/install/moveit_resources_pr2_description/share/moveit_resources_pr2_description/urdf/meshes/head_v0/convex/head_pan.xml
[1.350s] -- Symlinking: /home/buhrmann/ws_moveit/install/moveit_resources_pr2_description/share/moveit_resources_pr2_description/urdf/meshes/head_v0/convex/head_pan_L.dae
[1.356s] -- Symlinking: /home/buhrmann/ws_moveit/install/moveit_resources_pr2_description/share/moveit_resources_pr2_description/urdf/meshes/head_v0/convex/head_pan_L.xml
[1.362s] -- Symlinking: /home/buhrmann/ws_moveit/install/moveit_resources_pr2_description/share/moveit_resources_pr2_description/urdf/meshes/head_v0/convex/head_pan_L_convex.stla
[1.370s] -- Symlinking: /home/buhrmann/ws_moveit/install/moveit_resources_pr2_description/share/moveit_resources_pr2_description/urdf/meshes/head_v0/convex/head_pan_L_convex.stlb
[1.376s] -- Symlinking: /home/buhrmann/ws_moveit/install/moveit_resources_pr2_description/share/moveit_resources_pr2_description/urdf/meshes/head_v0/convex/head_pan_convex.stla
[1.385s] -- Symlinking: /home/buhrmann/ws_moveit/install/moveit_resources_pr2_description/share/moveit_resources_pr2_description/urdf/meshes/head_v0/convex/head_pan_convex.stlb
[1.394s] -- Symlinking: /home/buhrmann/ws_moveit/install/moveit_resources_pr2_description/share/moveit_resources_pr2_description/urdf/meshes/head_v0/convex/head_tilt.dae
[1.402s] -- Symlinking: /home/buhrmann/ws_moveit/install/moveit_resources_pr2_description/share/moveit_resources_pr2_description/urdf/meshes/head_v0/convex/head_tilt.xml
[1.409s] -- Symlinking: /home/buhrmann/ws_moveit/install/moveit_resources_pr2_description/share/moveit_resources_pr2_description/urdf/meshes/head_v0/convex/head_tilt_L.dae
[1.414s] -- Symlinking: /home/buhrmann/ws_moveit/install/moveit_resources_pr2_description/share/moveit_resources_pr2_description/urdf/meshes/head_v0/convex/head_tilt_L.xml
[1.421s] -- Symlinking: /home/buhrmann/ws_moveit/install/moveit_resources_pr2_description/share/moveit_resources_pr2_description/urdf/meshes/head_v0/convex/head_tilt_L_convex.stla
[1.427s] -- Symlinking: /home/buhrmann/ws_moveit/install/moveit_resources_pr2_description/share/moveit_resources_pr2_description/urdf/meshes/head_v0/convex/head_tilt_L_convex.stlb
[1.437s] -- Symlinking: /home/buhrmann/ws_moveit/install/moveit_resources_pr2_description/share/moveit_resources_pr2_description/urdf/meshes/head_v0/convex/head_tilt_convex.stla
[1.446s] -- Symlinking: /home/buhrmann/ws_moveit/install/moveit_resources_pr2_description/share/moveit_resources_pr2_description/urdf/meshes/head_v0/convex/head_tilt_convex.stlb
[1.454s] -- Symlinking: /home/buhrmann/ws_moveit/install/moveit_resources_pr2_description/share/moveit_resources_pr2_description/urdf/meshes/head_v0/head_pan.dae
[1.462s] -- Symlinking: /home/buhrmann/ws_moveit/install/moveit_resources_pr2_description/share/moveit_resources_pr2_description/urdf/meshes/head_v0/head_pan.stl
[1.471s] -- Symlinking: /home/buhrmann/ws_moveit/install/moveit_resources_pr2_description/share/moveit_resources_pr2_description/urdf/meshes/head_v0/head_pan_L.stl
[1.476s] -- Symlinking: /home/buhrmann/ws_moveit/install/moveit_resources_pr2_description/share/moveit_resources_pr2_description/urdf/meshes/head_v0/head_pan_color.tif
[1.485s] -- Symlinking: /home/buhrmann/ws_moveit/install/moveit_resources_pr2_description/share/moveit_resources_pr2_description/urdf/meshes/head_v0/head_pan_normals.tif
[1.491s] -- Symlinking: /home/buhrmann/ws_moveit/install/moveit_resources_pr2_description/share/moveit_resources_pr2_description/urdf/meshes/head_v0/head_tilt.dae
[1.498s] -- Symlinking: /home/buhrmann/ws_moveit/install/moveit_resources_pr2_description/share/moveit_resources_pr2_description/urdf/meshes/head_v0/head_tilt.stl
[1.506s] -- Symlinking: /home/buhrmann/ws_moveit/install/moveit_resources_pr2_description/share/moveit_resources_pr2_description/urdf/meshes/head_v0/head_tilt_L.stl
[1.512s] -- Symlinking: /home/buhrmann/ws_moveit/install/moveit_resources_pr2_description/share/moveit_resources_pr2_description/urdf/meshes/head_v0/head_tilt_color.tif
[1.522s] -- Symlinking: /home/buhrmann/ws_moveit/install/moveit_resources_pr2_description/share/moveit_resources_pr2_description/urdf/meshes/head_v0/head_tilt_color_red.tif
[1.528s] -- Symlinking: /home/buhrmann/ws_moveit/install/moveit_resources_pr2_description/share/moveit_resources_pr2_description/urdf/meshes/head_v0/head_tilt_color_yellow.tif
[1.536s] -- Symlinking: /home/buhrmann/ws_moveit/install/moveit_resources_pr2_description/share/moveit_resources_pr2_description/urdf/meshes/head_v0/head_tilt_green.tif
[1.543s] -- Symlinking: /home/buhrmann/ws_moveit/install/moveit_resources_pr2_description/share/moveit_resources_pr2_description/urdf/meshes/head_v0/head_tilt_normals.tif
[1.551s] -- Symlinking: /home/buhrmann/ws_moveit/install/moveit_resources_pr2_description/share/moveit_resources_pr2_description/urdf/meshes/sensors/kinect_prosilica_v0/115x100_swept_back--coarse.STL
[1.557s] -- Symlinking: /home/buhrmann/ws_moveit/install/moveit_resources_pr2_description/share/moveit_resources_pr2_description/urdf/meshes/sensors/kinect_prosilica_v0/115x100_swept_back_no_sensors--coarse.STL
[1.564s] -- Symlinking: /home/buhrmann/ws_moveit/install/moveit_resources_pr2_description/share/moveit_resources_pr2_description/urdf/meshes/sensors/kinect_prosilica_v0/115x100_swept_fwd--coarse.STL
[1.570s] -- Symlinking: /home/buhrmann/ws_moveit/install/moveit_resources_pr2_description/share/moveit_resources_pr2_description/urdf/meshes/sensors/kinect_prosilica_v0/115x100_swept_fwd_no_sensors--coarse.STL
[1.577s] -- Symlinking: /home/buhrmann/ws_moveit/install/moveit_resources_pr2_description/share/moveit_resources_pr2_description/urdf/meshes/sensors/kinect_prosilica_v0/68-04546_Kinect_Sensor--coarse.STL
[1.584s] -- Symlinking: /home/buhrmann/ws_moveit/install/moveit_resources_pr2_description/share/moveit_resources_pr2_description/urdf/meshes/sensors/kinect_prosilica_v0/Prosilica_w_Lens--coarse.STL
[1.590s] -- Symlinking: /home/buhrmann/ws_moveit/install/moveit_resources_pr2_description/share/moveit_resources_pr2_description/urdf/meshes/sensors/kinect_v0/kinect.dae
[1.598s] -- Symlinking: /home/buhrmann/ws_moveit/install/moveit_resources_pr2_description/share/moveit_resources_pr2_description/urdf/meshes/sensors/kinect_v0/kinect.tga
[1.607s] -- Symlinking: /home/buhrmann/ws_moveit/install/moveit_resources_pr2_description/share/moveit_resources_pr2_description/urdf/meshes/sensors/kinect_v0/kinect_color.tga
[1.614s] -- Symlinking: /home/buhrmann/ws_moveit/install/moveit_resources_pr2_description/share/moveit_resources_pr2_description/urdf/meshes/sensors/kinect_v0/kinect_mount.stl
[1.621s] -- Symlinking: /home/buhrmann/ws_moveit/install/moveit_resources_pr2_description/share/moveit_resources_pr2_description/urdf/meshes/shoulder_v0/convex/shoulder_lift.dae
[1.632s] -- Symlinking: /home/buhrmann/ws_moveit/install/moveit_resources_pr2_description/share/moveit_resources_pr2_description/urdf/meshes/shoulder_v0/convex/shoulder_lift.xml
[1.641s] -- Symlinking: /home/buhrmann/ws_moveit/install/moveit_resources_pr2_description/share/moveit_resources_pr2_description/urdf/meshes/shoulder_v0/convex/shoulder_lift_convex.stla
[1.649s] -- Symlinking: /home/buhrmann/ws_moveit/install/moveit_resources_pr2_description/share/moveit_resources_pr2_description/urdf/meshes/shoulder_v0/convex/shoulder_lift_convex.stlb
[1.655s] -- Symlinking: /home/buhrmann/ws_moveit/install/moveit_resources_pr2_description/share/moveit_resources_pr2_description/urdf/meshes/shoulder_v0/convex/shoulder_pan.dae
[1.661s] -- Symlinking: /home/buhrmann/ws_moveit/install/moveit_resources_pr2_description/share/moveit_resources_pr2_description/urdf/meshes/shoulder_v0/convex/shoulder_pan.xml
[1.667s] -- Symlinking: /home/buhrmann/ws_moveit/install/moveit_resources_pr2_description/share/moveit_resources_pr2_description/urdf/meshes/shoulder_v0/convex/shoulder_pan_convex.stla
[1.675s] -- Symlinking: /home/buhrmann/ws_moveit/install/moveit_resources_pr2_description/share/moveit_resources_pr2_description/urdf/meshes/shoulder_v0/convex/shoulder_pan_convex.stlb
[1.681s] -- Symlinking: /home/buhrmann/ws_moveit/install/moveit_resources_pr2_description/share/moveit_resources_pr2_description/urdf/meshes/shoulder_v0/convex/shoulder_yaw.dae
[1.689s] -- Symlinking: /home/buhrmann/ws_moveit/install/moveit_resources_pr2_description/share/moveit_resources_pr2_description/urdf/meshes/shoulder_v0/convex/shoulder_yaw.xml
[1.698s] -- Symlinking: /home/buhrmann/ws_moveit/install/moveit_resources_pr2_description/share/moveit_resources_pr2_description/urdf/meshes/shoulder_v0/convex/shoulder_yaw_convex.stla
[1.704s] -- Symlinking: /home/buhrmann/ws_moveit/install/moveit_resources_pr2_description/share/moveit_resources_pr2_description/urdf/meshes/shoulder_v0/convex/shoulder_yaw_convex.stlb
[1.709s] -- Symlinking: /home/buhrmann/ws_moveit/install/moveit_resources_pr2_description/share/moveit_resources_pr2_description/urdf/meshes/shoulder_v0/convex/upper_arm_roll.dae
[1.715s] -- Symlinking: /home/buhrmann/ws_moveit/install/moveit_resources_pr2_description/share/moveit_resources_pr2_description/urdf/meshes/shoulder_v0/convex/upper_arm_roll.xml
[1.721s] -- Symlinking: /home/buhrmann/ws_moveit/install/moveit_resources_pr2_description/share/moveit_resources_pr2_description/urdf/meshes/shoulder_v0/convex/upper_arm_roll_L.dae
[1.728s] -- Symlinking: /home/buhrmann/ws_moveit/install/moveit_resources_pr2_description/share/moveit_resources_pr2_description/urdf/meshes/shoulder_v0/convex/upper_arm_roll_L.xml
[1.738s] -- Symlinking: /home/buhrmann/ws_moveit/install/moveit_resources_pr2_description/share/moveit_resources_pr2_description/urdf/meshes/shoulder_v0/convex/upper_arm_roll_L_convex.stla
[1.744s] -- Symlinking: /home/buhrmann/ws_moveit/install/moveit_resources_pr2_description/share/moveit_resources_pr2_description/urdf/meshes/shoulder_v0/convex/upper_arm_roll_L_convex.stlb
[1.751s] -- Symlinking: /home/buhrmann/ws_moveit/install/moveit_resources_pr2_description/share/moveit_resources_pr2_description/urdf/meshes/shoulder_v0/convex/upper_arm_roll_convex.stla
[1.758s] -- Symlinking: /home/buhrmann/ws_moveit/install/moveit_resources_pr2_description/share/moveit_resources_pr2_description/urdf/meshes/shoulder_v0/convex/upper_arm_roll_convex.stlb
[1.766s] -- Symlinking: /home/buhrmann/ws_moveit/install/moveit_resources_pr2_description/share/moveit_resources_pr2_description/urdf/meshes/shoulder_v0/shoulder_lift.dae
[1.775s] -- Symlinking: /home/buhrmann/ws_moveit/install/moveit_resources_pr2_description/share/moveit_resources_pr2_description/urdf/meshes/shoulder_v0/shoulder_lift.stl
[1.785s] -- Symlinking: /home/buhrmann/ws_moveit/install/moveit_resources_pr2_description/share/moveit_resources_pr2_description/urdf/meshes/shoulder_v0/shoulder_lift_color.tif
[1.791s] -- Symlinking: /home/buhrmann/ws_moveit/install/moveit_resources_pr2_description/share/moveit_resources_pr2_description/urdf/meshes/shoulder_v0/shoulder_lift_normals.tif
[1.797s] -- Symlinking: /home/buhrmann/ws_moveit/install/moveit_resources_pr2_description/share/moveit_resources_pr2_description/urdf/meshes/shoulder_v0/shoulder_pan.dae
[1.806s] -- Symlinking: /home/buhrmann/ws_moveit/install/moveit_resources_pr2_description/share/moveit_resources_pr2_description/urdf/meshes/shoulder_v0/shoulder_pan.stl
[1.817s] -- Symlinking: /home/buhrmann/ws_moveit/install/moveit_resources_pr2_description/share/moveit_resources_pr2_description/urdf/meshes/shoulder_v0/shoulder_pan_color.tif
[1.824s] -- Symlinking: /home/buhrmann/ws_moveit/install/moveit_resources_pr2_description/share/moveit_resources_pr2_description/urdf/meshes/shoulder_v0/shoulder_pan_normals.tif
[1.834s] -- Symlinking: /home/buhrmann/ws_moveit/install/moveit_resources_pr2_description/share/moveit_resources_pr2_description/urdf/meshes/shoulder_v0/shoulder_yaw.stl
[1.845s] -- Symlinking: /home/buhrmann/ws_moveit/install/moveit_resources_pr2_description/share/moveit_resources_pr2_description/urdf/meshes/shoulder_v0/upper_arm_roll.dae
[1.855s] -- Symlinking: /home/buhrmann/ws_moveit/install/moveit_resources_pr2_description/share/moveit_resources_pr2_description/urdf/meshes/shoulder_v0/upper_arm_roll.stl
[1.865s] -- Symlinking: /home/buhrmann/ws_moveit/install/moveit_resources_pr2_description/share/moveit_resources_pr2_description/urdf/meshes/shoulder_v0/upper_arm_roll_L.stl
[1.874s] -- Symlinking: /home/buhrmann/ws_moveit/install/moveit_resources_pr2_description/share/moveit_resources_pr2_description/urdf/meshes/shoulder_v0/upper_arm_roll_color.tif
[1.883s] -- Symlinking: /home/buhrmann/ws_moveit/install/moveit_resources_pr2_description/share/moveit_resources_pr2_description/urdf/meshes/shoulder_v0/upper_arm_roll_normals.tif
[1.891s] -- Symlinking: /home/buhrmann/ws_moveit/install/moveit_resources_pr2_description/share/moveit_resources_pr2_description/urdf/meshes/tilting_laser_v0/convex/hok_tilt.dae
[1.900s] -- Symlinking: /home/buhrmann/ws_moveit/install/moveit_resources_pr2_description/share/moveit_resources_pr2_description/urdf/meshes/tilting_laser_v0/convex/hok_tilt.xml
[1.910s] -- Symlinking: /home/buhrmann/ws_moveit/install/moveit_resources_pr2_description/share/moveit_resources_pr2_description/urdf/meshes/tilting_laser_v0/convex/hok_tilt_convex.stla
[1.917s] -- Symlinking: /home/buhrmann/ws_moveit/install/moveit_resources_pr2_description/share/moveit_resources_pr2_description/urdf/meshes/tilting_laser_v0/convex/hok_tilt_convex.stlb
[1.924s] -- Symlinking: /home/buhrmann/ws_moveit/install/moveit_resources_pr2_description/share/moveit_resources_pr2_description/urdf/meshes/tilting_laser_v0/convex/tilting_hokuyo.dae
[1.934s] -- Symlinking: /home/buhrmann/ws_moveit/install/moveit_resources_pr2_description/share/moveit_resources_pr2_description/urdf/meshes/tilting_laser_v0/convex/tilting_hokuyo.xml
[1.943s] -- Symlinking: /home/buhrmann/ws_moveit/install/moveit_resources_pr2_description/share/moveit_resources_pr2_description/urdf/meshes/tilting_laser_v0/convex/tilting_hokuyo_L.dae
[1.952s] -- Symlinking: /home/buhrmann/ws_moveit/install/moveit_resources_pr2_description/share/moveit_resources_pr2_description/urdf/meshes/tilting_laser_v0/convex/tilting_hokuyo_L.xml
[1.958s] -- Symlinking: /home/buhrmann/ws_moveit/install/moveit_resources_pr2_description/share/moveit_resources_pr2_description/urdf/meshes/tilting_laser_v0/convex/tilting_hokuyo_L_convex.stla
[1.967s] -- Symlinking: /home/buhrmann/ws_moveit/install/moveit_resources_pr2_description/share/moveit_resources_pr2_description/urdf/meshes/tilting_laser_v0/convex/tilting_hokuyo_L_convex.stlb
[1.974s] -- Symlinking: /home/buhrmann/ws_moveit/install/moveit_resources_pr2_description/share/moveit_resources_pr2_description/urdf/meshes/tilting_laser_v0/convex/tilting_hokuyo_convex.stla
[1.984s] -- Symlinking: /home/buhrmann/ws_moveit/install/moveit_resources_pr2_description/share/moveit_resources_pr2_description/urdf/meshes/tilting_laser_v0/convex/tilting_hokuyo_convex.stlb
[1.991s] -- Symlinking: /home/buhrmann/ws_moveit/install/moveit_resources_pr2_description/share/moveit_resources_pr2_description/urdf/meshes/tilting_laser_v0/hok_tilt.stl
[1.997s] -- Symlinking: /home/buhrmann/ws_moveit/install/moveit_resources_pr2_description/share/moveit_resources_pr2_description/urdf/meshes/tilting_laser_v0/tilting_hokuyo.dae
[2.007s] -- Symlinking: /home/buhrmann/ws_moveit/install/moveit_resources_pr2_description/share/moveit_resources_pr2_description/urdf/meshes/tilting_laser_v0/tilting_hokuyo.stl
[2.012s] -- Symlinking: /home/buhrmann/ws_moveit/install/moveit_resources_pr2_description/share/moveit_resources_pr2_description/urdf/meshes/tilting_laser_v0/tilting_hokuyo_L.stl
[2.020s] -- Symlinking: /home/buhrmann/ws_moveit/install/moveit_resources_pr2_description/share/moveit_resources_pr2_description/urdf/meshes/tilting_laser_v0/tilting_hokuyo_color.tif
[2.027s] -- Symlinking: /home/buhrmann/ws_moveit/install/moveit_resources_pr2_description/share/moveit_resources_pr2_description/urdf/meshes/tilting_laser_v0/tilting_hokuyo_normals.tif
[2.037s] -- Symlinking: /home/buhrmann/ws_moveit/install/moveit_resources_pr2_description/share/moveit_resources_pr2_description/urdf/meshes/torso_v0/convex/torso.dae
[2.044s] -- Symlinking: /home/buhrmann/ws_moveit/install/moveit_resources_pr2_description/share/moveit_resources_pr2_description/urdf/meshes/torso_v0/convex/torso.xml
[2.050s] -- Symlinking: /home/buhrmann/ws_moveit/install/moveit_resources_pr2_description/share/moveit_resources_pr2_description/urdf/meshes/torso_v0/convex/torso_convex.stla
[2.058s] -- Symlinking: /home/buhrmann/ws_moveit/install/moveit_resources_pr2_description/share/moveit_resources_pr2_description/urdf/meshes/torso_v0/convex/torso_convex.stlb
[2.064s] -- Symlinking: /home/buhrmann/ws_moveit/install/moveit_resources_pr2_description/share/moveit_resources_pr2_description/urdf/meshes/torso_v0/convex/torso_lift.dae
[2.070s] -- Symlinking: /home/buhrmann/ws_moveit/install/moveit_resources_pr2_description/share/moveit_resources_pr2_description/urdf/meshes/torso_v0/convex/torso_lift.xml
[2.076s] -- Symlinking: /home/buhrmann/ws_moveit/install/moveit_resources_pr2_description/share/moveit_resources_pr2_description/urdf/meshes/torso_v0/convex/torso_lift_L.dae
[2.082s] -- Symlinking: /home/buhrmann/ws_moveit/install/moveit_resources_pr2_description/share/moveit_resources_pr2_description/urdf/meshes/torso_v0/convex/torso_lift_L.xml
[2.091s] -- Symlinking: /home/buhrmann/ws_moveit/install/moveit_resources_pr2_description/share/moveit_resources_pr2_description/urdf/meshes/torso_v0/convex/torso_lift_L_convex.stla
[2.102s] -- Symlinking: /home/buhrmann/ws_moveit/install/moveit_resources_pr2_description/share/moveit_resources_pr2_description/urdf/meshes/torso_v0/convex/torso_lift_L_convex.stlb
[2.110s] -- Symlinking: /home/buhrmann/ws_moveit/install/moveit_resources_pr2_description/share/moveit_resources_pr2_description/urdf/meshes/torso_v0/convex/torso_lift_convex.stla
[2.118s] -- Symlinking: /home/buhrmann/ws_moveit/install/moveit_resources_pr2_description/share/moveit_resources_pr2_description/urdf/meshes/torso_v0/convex/torso_lift_convex.stlb
[2.126s] -- Symlinking: /home/buhrmann/ws_moveit/install/moveit_resources_pr2_description/share/moveit_resources_pr2_description/urdf/meshes/torso_v0/torso.stl
[2.135s] -- Symlinking: /home/buhrmann/ws_moveit/install/moveit_resources_pr2_description/share/moveit_resources_pr2_description/urdf/meshes/torso_v0/torso_lift.dae
[2.143s] -- Symlinking: /home/buhrmann/ws_moveit/install/moveit_resources_pr2_description/share/moveit_resources_pr2_description/urdf/meshes/torso_v0/torso_lift.stl
[2.150s] -- Symlinking: /home/buhrmann/ws_moveit/install/moveit_resources_pr2_description/share/moveit_resources_pr2_description/urdf/meshes/torso_v0/torso_lift_L.stl
[2.157s] -- Symlinking: /home/buhrmann/ws_moveit/install/moveit_resources_pr2_description/share/moveit_resources_pr2_description/urdf/meshes/torso_v0/torso_lift_color.tif
[2.164s] -- Symlinking: /home/buhrmann/ws_moveit/install/moveit_resources_pr2_description/share/moveit_resources_pr2_description/urdf/meshes/torso_v0/torso_lift_normals.tif
[2.171s] -- Symlinking: /home/buhrmann/ws_moveit/install/moveit_resources_pr2_description/share/moveit_resources_pr2_description/urdf/meshes/upper_arm_v0/convex/elbow_flex.dae
[2.177s] -- Symlinking: /home/buhrmann/ws_moveit/install/moveit_resources_pr2_description/share/moveit_resources_pr2_description/urdf/meshes/upper_arm_v0/convex/elbow_flex.xml
[2.188s] -- Symlinking: /home/buhrmann/ws_moveit/install/moveit_resources_pr2_description/share/moveit_resources_pr2_description/urdf/meshes/upper_arm_v0/convex/elbow_flex_convex.stla
[2.195s] -- Symlinking: /home/buhrmann/ws_moveit/install/moveit_resources_pr2_description/share/moveit_resources_pr2_description/urdf/meshes/upper_arm_v0/convex/elbow_flex_convex.stlb
[2.205s] -- Symlinking: /home/buhrmann/ws_moveit/install/moveit_resources_pr2_description/share/moveit_resources_pr2_description/urdf/meshes/upper_arm_v0/convex/forearm_roll.dae
[2.215s] -- Symlinking: /home/buhrmann/ws_moveit/install/moveit_resources_pr2_description/share/moveit_resources_pr2_description/urdf/meshes/upper_arm_v0/convex/forearm_roll.xml
[2.223s] -- Symlinking: /home/buhrmann/ws_moveit/install/moveit_resources_pr2_description/share/moveit_resources_pr2_description/urdf/meshes/upper_arm_v0/convex/forearm_roll_L.dae
[2.231s] -- Symlinking: /home/buhrmann/ws_moveit/install/moveit_resources_pr2_description/share/moveit_resources_pr2_description/urdf/meshes/upper_arm_v0/convex/forearm_roll_L.xml
[2.237s] -- Symlinking: /home/buhrmann/ws_moveit/install/moveit_resources_pr2_description/share/moveit_resources_pr2_description/urdf/meshes/upper_arm_v0/convex/forearm_roll_L_convex.stla
[2.244s] -- Symlinking: /home/buhrmann/ws_moveit/install/moveit_resources_pr2_description/share/moveit_resources_pr2_description/urdf/meshes/upper_arm_v0/convex/forearm_roll_L_convex.stlb
[2.252s] -- Symlinking: /home/buhrmann/ws_moveit/install/moveit_resources_pr2_description/share/moveit_resources_pr2_description/urdf/meshes/upper_arm_v0/convex/forearm_roll_convex.stla
[2.262s] -- Symlinking: /home/buhrmann/ws_moveit/install/moveit_resources_pr2_description/share/moveit_resources_pr2_description/urdf/meshes/upper_arm_v0/convex/forearm_roll_convex.stlb
[2.269s] -- Symlinking: /home/buhrmann/ws_moveit/install/moveit_resources_pr2_description/share/moveit_resources_pr2_description/urdf/meshes/upper_arm_v0/convex/upper_arm.dae
[2.277s] -- Symlinking: /home/buhrmann/ws_moveit/install/moveit_resources_pr2_description/share/moveit_resources_pr2_description/urdf/meshes/upper_arm_v0/convex/upper_arm.xml
[2.284s] -- Symlinking: /home/buhrmann/ws_moveit/install/moveit_resources_pr2_description/share/moveit_resources_pr2_description/urdf/meshes/upper_arm_v0/convex/upper_arm_convex.stla
[2.294s] -- Symlinking: /home/buhrmann/ws_moveit/install/moveit_resources_pr2_description/share/moveit_resources_pr2_description/urdf/meshes/upper_arm_v0/convex/upper_arm_convex.stlb
[2.305s] -- Symlinking: /home/buhrmann/ws_moveit/install/moveit_resources_pr2_description/share/moveit_resources_pr2_description/urdf/meshes/upper_arm_v0/elbow_flex.dae
[2.317s] -- Symlinking: /home/buhrmann/ws_moveit/install/moveit_resources_pr2_description/share/moveit_resources_pr2_description/urdf/meshes/upper_arm_v0/elbow_flex.stl
[2.329s] -- Symlinking: /home/buhrmann/ws_moveit/install/moveit_resources_pr2_description/share/moveit_resources_pr2_description/urdf/meshes/upper_arm_v0/elbow_flex_color.tif
[2.338s] -- Symlinking: /home/buhrmann/ws_moveit/install/moveit_resources_pr2_description/share/moveit_resources_pr2_description/urdf/meshes/upper_arm_v0/elbow_flex_normals.tif
[2.348s] -- Symlinking: /home/buhrmann/ws_moveit/install/moveit_resources_pr2_description/share/moveit_resources_pr2_description/urdf/meshes/upper_arm_v0/forearm_roll.stl
[2.358s] -- Symlinking: /home/buhrmann/ws_moveit/install/moveit_resources_pr2_description/share/moveit_resources_pr2_description/urdf/meshes/upper_arm_v0/forearm_roll_L.stl
[2.369s] -- Symlinking: /home/buhrmann/ws_moveit/install/moveit_resources_pr2_description/share/moveit_resources_pr2_description/urdf/meshes/upper_arm_v0/upper_arm.dae
[2.378s] -- Symlinking: /home/buhrmann/ws_moveit/install/moveit_resources_pr2_description/share/moveit_resources_pr2_description/urdf/meshes/upper_arm_v0/upper_arm.jpg
[2.383s] -- Symlinking: /home/buhrmann/ws_moveit/install/moveit_resources_pr2_description/share/moveit_resources_pr2_description/urdf/meshes/upper_arm_v0/upper_arm.stl
[2.390s] -- Symlinking: /home/buhrmann/ws_moveit/install/moveit_resources_pr2_description/share/moveit_resources_pr2_description/urdf/meshes/upper_arm_v0/upper_arm_color.tif
[2.398s] -- Symlinking: /home/buhrmann/ws_moveit/install/moveit_resources_pr2_description/share/moveit_resources_pr2_description/urdf/meshes/upper_arm_v0/upper_arm_normals.tif
[2.404s] -- Symlinking: /home/buhrmann/ws_moveit/install/moveit_resources_pr2_description/share/moveit_resources_pr2_description/urdf/robot.xml
[2.410s] -- Symlinking: /home/buhrmann/ws_moveit/install/moveit_resources_pr2_description/share/moveit_resources_pr2_description/kinect.dae
