[0.008s] Invoking command in '/home/buhrmann/ws_moveit/build/point_cloud_circle_detector': CMAKE_PREFIX_PATH=${CMAKE_PREFIX_PATH}:/home/buhrmann/ws_moveit/install/moveit_configs_utils:/opt/ros/iron /usr/bin/cmake /home/buhrmann/ws_moveit/src/point_cloud_circle_detector -DCMAKE_INSTALL_PREFIX=/home/buhrmann/ws_moveit/install/point_cloud_circle_detector
[0.067s] -- The C compiler identification is GNU 11.4.0
[0.129s] -- The CXX compiler identification is GNU 11.4.0
[0.134s] -- Detecting C compiler ABI info
[0.220s] -- Detecting C compiler ABI info - done
[0.226s] -- Check for working C compiler: /usr/bin/cc - skipped
[0.226s] -- Detecting C compile features
[0.226s] -- Detecting C compile features - done
[0.227s] -- Detecting CXX compiler ABI info
[0.337s] -- Detecting CXX compiler ABI info - done
[0.342s] -- Check for working CXX compiler: /usr/bin/c++ - skipped
[0.342s] -- Detecting CXX compile features
[0.342s] -- Detecting CXX compile features - done
[0.346s] -- Found ament_cmake: 2.0.7 (/opt/ros/iron/share/ament_cmake/cmake)
[0.494s] -- Found Python3: /usr/bin/python3.10 (found version "3.10.12") found components: Interpreter 
[0.636s] -- Found Boost: /usr/lib/x86_64-linux-gnu/cmake/Boost-1.74.0/BoostConfig.cmake (found suitable version "1.74.0", minimum required is "1.65.0") found components: system iostreams filesystem serialization 
[0.647s] -- Checking for module 'flann'
[0.662s] --   Found flann, version 1.9.1
[0.736s] -- Found FLANN: /usr/lib/x86_64-linux-gnu/libflann_cpp.so  
[0.736s] -- FLANN found (include: /usr/include, lib: /usr/lib/x86_64-linux-gnu/libflann_cpp.so)
[1.035s] -- Found OpenMP_CXX: -fopenmp (found version "4.5") 
[1.036s] -- Found OpenMP: TRUE (found version "4.5") found components: CXX 
[1.038s] [0m** WARNING ** io features related to pcap will be disabled[0m
[1.038s] -- Could NOT find Pcap (missing: PCAP_LIBRARIES PCAP_INCLUDE_DIRS) 
[1.049s] -- Found ZLIB: /usr/lib/x86_64-linux-gnu/libz.so (found version "1.2.11") 
[1.064s] -- Found PNG: /usr/lib/x86_64-linux-gnu/libpng.so (found version "1.6.37") 
[1.080s] -- Looking for pthread.h
[1.170s] -- Looking for pthread.h - found
[1.170s] -- Performing Test CMAKE_HAVE_LIBC_PTHREAD
[1.260s] -- Performing Test CMAKE_HAVE_LIBC_PTHREAD - Success
[1.261s] -- Found Threads: TRUE  
[1.263s] -- Found GLEW: /usr/lib/x86_64-linux-gnu/libGLEW.so  
[1.270s] -- Found OpenGL: /usr/lib/x86_64-linux-gnu/libOpenGL.so  found components: OpenGL GLX 
[1.397s] -- Found Python3: /usr/bin/python3.10 (found suitable version "3.10.12", minimum required is "3.10") found components: Interpreter Development.Module Development.Embed 
[1.568s] -- Found MPI_C: /usr/lib/x86_64-linux-gnu/libmpi.so (found version "3.1") 
[1.568s] -- Found MPI: TRUE (found version "3.1") found components: C 
[1.752s] -- Found HDF5: /usr/lib/x86_64-linux-gnu/hdf5/serial/libhdf5.so;/usr/lib/x86_64-linux-gnu/libcrypto.so;/usr/lib/x86_64-linux-gnu/libcurl.so;/usr/lib/x86_64-linux-gnu/libpthread.a;/usr/lib/x86_64-linux-gnu/libsz.so;/usr/lib/x86_64-linux-gnu/libz.so;/usr/lib/x86_64-linux-gnu/libdl.a;/usr/lib/x86_64-linux-gnu/libm.so (found version "1.10.7") found components: C HL 
[1.753s] -- Found NetCDF: /usr/include (found version "4.8.1") 
[1.755s] -- Found OGG: /usr/lib/x86_64-linux-gnu/libogg.so  
[1.756s] -- Found THEORA: /usr/lib/x86_64-linux-gnu/libtheora.so  
[1.758s] -- Found JsonCpp: /usr/lib/x86_64-linux-gnu/libjsoncpp.so (found suitable version "1.9.5", minimum required is "0.7.0") 
[1.869s] -- Found LibXml2: /usr/lib/x86_64-linux-gnu/libxml2.so (found version "2.9.13") 
[1.900s] -- Found GL2PS: /usr/lib/x86_64-linux-gnu/libgl2ps.so (found suitable version "1.4.2", minimum required is "1.4.2") 
[1.911s] -- Found SQLite3: /usr/include (found version "3.37.2") 
[1.915s] -- Found LibPROJ: /usr/lib/x86_64-linux-gnu/libproj.so (found version "8.2.1") 
[1.916s] -- Found Eigen3: /usr/include/eigen3 (found version "3.4.0") 
[2.043s] -- Found X11: /usr/include   
[2.044s] -- Looking for XOpenDisplay in /usr/lib/x86_64-linux-gnu/libX11.so;/usr/lib/x86_64-linux-gnu/libXext.so
[2.137s] -- Looking for XOpenDisplay in /usr/lib/x86_64-linux-gnu/libX11.so;/usr/lib/x86_64-linux-gnu/libXext.so - found
[2.137s] -- Looking for gethostbyname
[2.209s] -- Looking for gethostbyname - found
[2.209s] -- Looking for connect
[2.288s] -- Looking for connect - found
[2.288s] -- Looking for remove
[2.380s] -- Looking for remove - found
[2.381s] -- Looking for shmat
[2.481s] -- Looking for shmat - found
[2.481s] -- Looking for IceConnectionNumber in ICE
[2.577s] -- Looking for IceConnectionNumber in ICE - found
[2.703s] -- Found EXPAT: /usr/lib/x86_64-linux-gnu/libexpat.so (found version "2.4.7") 
[2.707s] -- Found double-conversion: /usr/lib/x86_64-linux-gnu/libdouble-conversion.so  
[2.708s] -- Found LZ4: /usr/lib/x86_64-linux-gnu/liblz4.so (found version "1.9.3") 
[2.710s] -- Found LZMA: /usr/lib/x86_64-linux-gnu/liblzma.so (found version "5.2.5") 
[2.723s] -- Found JPEG: /usr/lib/x86_64-linux-gnu/libjpeg.so (found version "80") 
[2.727s] -- Found TIFF: /usr/lib/x86_64-linux-gnu/libtiff.so (found version "4.3.0")  
[2.729s] -- Found Freetype: /usr/lib/x86_64-linux-gnu/libfreetype.so (found version "2.11.1") 
[2.733s] -- Found utf8cpp: /usr/include/utf8cpp  
[2.741s] [31mCMake Error at /usr/local/share/pcl-1.14/PCLConfig.cmake:335 (string):
[2.741s]   string sub-command REGEX, mode REPLACE needs at least 6 arguments total to
[2.741s]   command.
[2.741s] Call Stack (most recent call first):
[2.741s]   /usr/local/share/pcl-1.14/PCLConfig.cmake:548 (find_external_library)
[2.741s]   CMakeLists.txt:13 (find_package)
[2.741s] 
[2.741s] [0m
[2.744s] -- Checking for module 'libusb-1.0'
[2.760s] --   Found libusb-1.0, version 1.0.25
[2.833s] -- Found libusb: /usr/lib/x86_64-linux-gnu/libusb-1.0.so  
[2.844s] -- Found Qhull version 8.0.2
[3.341s] [31mCMake Error at /usr/local/share/pcl-1.14/PCLConfig.cmake:335 (string):
[3.341s]   string sub-command REGEX, mode REPLACE needs at least 6 arguments total to
[3.341s]   command.
[3.341s] Call Stack (most recent call first):
[3.341s]   /usr/local/share/pcl-1.14/PCLConfig.cmake:548 (find_external_library)
[3.341s]   CMakeLists.txt:13 (find_package)
[3.341s] 
[3.341s] [0m
[3.346s] -- looking for PCL_COMMON
[3.346s] -- Found PCL_COMMON: /usr/local/lib/libpcl_common.so  
[3.346s] -- looking for PCL_KDTREE
[3.346s] -- Found PCL_KDTREE: /usr/local/lib/libpcl_kdtree.so  
[3.346s] -- looking for PCL_OCTREE
[3.346s] -- Found PCL_OCTREE: /usr/local/lib/libpcl_octree.so  
[3.346s] -- looking for PCL_SEARCH
[3.346s] -- Found PCL_SEARCH: /usr/local/lib/libpcl_search.so  
[3.347s] -- looking for PCL_SAMPLE_CONSENSUS
[3.347s] -- Found PCL_SAMPLE_CONSENSUS: /usr/local/lib/libpcl_sample_consensus.so  
[3.347s] -- looking for PCL_FILTERS
[3.347s] -- Found PCL_FILTERS: /usr/local/lib/libpcl_filters.so  
[3.347s] -- looking for PCL_2D
[3.347s] -- Found PCL_2D: /usr/local/include/pcl-1.14  
[3.347s] -- looking for PCL_GEOMETRY
[3.347s] -- Found PCL_GEOMETRY: /usr/local/include/pcl-1.14  
[3.347s] -- looking for PCL_IO
[3.347s] -- Found PCL_IO: /usr/local/lib/libpcl_io.so  
[3.348s] -- looking for PCL_FEATURES
[3.348s] -- Found PCL_FEATURES: /usr/local/lib/libpcl_features.so  
[3.348s] -- looking for PCL_ML
[3.348s] -- Found PCL_ML: /usr/local/lib/libpcl_ml.so  
[3.348s] -- looking for PCL_SEGMENTATION
[3.348s] -- Found PCL_SEGMENTATION: /usr/local/lib/libpcl_segmentation.so  
[3.348s] -- looking for PCL_SURFACE
[3.348s] -- Found PCL_SURFACE: /usr/local/lib/libpcl_surface.so  
[3.348s] -- looking for PCL_REGISTRATION
[3.348s] -- Found PCL_REGISTRATION: /usr/local/lib/libpcl_registration.so  
[3.349s] -- looking for PCL_KEYPOINTS
[3.349s] -- Found PCL_KEYPOINTS: /usr/local/lib/libpcl_keypoints.so  
[3.349s] -- looking for PCL_TRACKING
[3.349s] -- Found PCL_TRACKING: /usr/local/lib/libpcl_tracking.so  
[3.349s] -- looking for PCL_RECOGNITION
[3.349s] -- Found PCL_RECOGNITION: /usr/local/lib/libpcl_recognition.so  
[3.349s] -- looking for PCL_STEREO
[3.349s] -- Found PCL_STEREO: /usr/local/lib/libpcl_stereo.so  
[3.350s] -- Found PCL: pcl_common;pcl_kdtree;pcl_octree;pcl_search;pcl_sample_consensus;pcl_filters;pcl_io;pcl_features;pcl_ml;pcl_segmentation;pcl_surface;pcl_registration;pcl_keypoints;pcl_tracking;pcl_recognition;pcl_stereo;Boost::system;Boost::iostreams;Boost::filesystem;Boost::serialization;FLANN::FLANN;QHULL::QHULL  
[3.350s] [0mPCL Libraries: TESSSSt[0m
[3.350s] [0mPCL Libraries: /usr/local/share/pcl-1.14[0m
[3.350s] [0mPCL Libraries: pcl_common;pcl_kdtree;pcl_octree;pcl_search;pcl_sample_consensus;pcl_filters;pcl_io;pcl_features;pcl_ml;pcl_segmentation;pcl_surface;pcl_registration;pcl_keypoints;pcl_tracking;pcl_recognition;pcl_stereo;Boost::system;Boost::iostreams;Boost::filesystem;Boost::serialization;FLANN::FLANN;QHULL::QHULL[0m
[3.350s] [0mPCL Libraries: /usr/lib/x86_64-linux-gnu/cmake/vtk-9.1[0m
[3.353s] -- Found sensor_msgs: 5.0.1 (/opt/ros/iron/share/sensor_msgs/cmake)
[3.387s] -- Found rosidl_generator_c: 4.0.1 (/opt/ros/iron/share/rosidl_generator_c/cmake)
[3.400s] -- Found rosidl_generator_cpp: 4.0.1 (/opt/ros/iron/share/rosidl_generator_cpp/cmake)
[3.415s] -- Using all available rosidl_typesupport_c: rosidl_typesupport_fastrtps_c;rosidl_typesupport_introspection_c
[3.433s] -- Using all available rosidl_typesupport_cpp: rosidl_typesupport_fastrtps_cpp;rosidl_typesupport_introspection_cpp
[3.549s] -- Found rclcpp: 21.0.8 (/opt/ros/iron/share/rclcpp/cmake)
[3.618s] -- Found rmw_implementation_cmake: 7.1.0 (/opt/ros/iron/share/rmw_implementation_cmake/cmake)
[3.623s] -- Found rmw_fastrtps_cpp: 7.1.4 (/opt/ros/iron/share/rmw_fastrtps_cpp/cmake)
[3.760s] -- Found OpenSSL: /usr/lib/x86_64-linux-gnu/libcrypto.so (found version "3.0.2")  
[3.782s] -- Found FastRTPS: /opt/ros/iron/include  
[3.816s] -- Using RMW implementation 'rmw_fastrtps_cpp' as default
[3.912s] -- Found pcl_conversions: 2.5.4 (/opt/ros/iron/share/pcl_conversions/cmake)
[4.224s] -- Found ament_lint_auto: 0.14.4 (/opt/ros/iron/share/ament_lint_auto/cmake)
[4.263s] -- Configuring incomplete, errors occurred!
[4.263s] See also "/home/buhrmann/ws_moveit/build/point_cloud_circle_detector/CMakeFiles/CMakeOutput.log".
[4.274s] Invoked command in '/home/buhrmann/ws_moveit/build/point_cloud_circle_detector' returned '1': CMAKE_PREFIX_PATH=${CMAKE_PREFIX_PATH}:/home/buhrmann/ws_moveit/install/moveit_configs_utils:/opt/ros/iron /usr/bin/cmake /home/buhrmann/ws_moveit/src/point_cloud_circle_detector -DCMAKE_INSTALL_PREFIX=/home/buhrmann/ws_moveit/install/point_cloud_circle_detector
