[0.008s] Invoking command in '/home/buhrmann/ws_moveit/build/point_cloud_circle_detector': CMAKE_PREFIX_PATH=${CMAKE_PREFIX_PATH}:/home/buhrmann/ws_moveit/install/moveit_configs_utils:/opt/ros/iron /usr/bin/cmake --build /home/buhrmann/ws_moveit/build/point_cloud_circle_detector -- -j28 -l28
[0.034s] -- Found ament_cmake: 2.0.7 (/opt/ros/iron/share/ament_cmake/cmake)
[0.155s] -- Eigen found (include: /usr/include/eigen3, version: 3.4.0)
[0.175s] -- OpenNI found (version: 1.5.4.0, include: /usr/include/ni, lib: /usr/lib/libOpenNI.so;libusb::libusb)
[0.184s] -- OpenNI2 found (version: 2.2.0.33, include: /usr/include/openni2, lib: /usr/lib/x86_64-linux-gnu/libOpenNI2.so;libusb::libusb)
[0.184s] [0m** WARNING ** io features related to pcap will be disabled[0m
[0.184s] [0m** WARNING ** io features related to png will be disabled[0m
[0.477s] -- Eigen found (include: /usr/include/eigen3, version: 3.4.0)
[0.494s] -- FLANN found (include: /usr/include, lib: /usr/lib/x86_64-linux-gnu/libflann_cpp.so)
[0.686s] -- looking for PCL_COMMON
[0.686s] -- looking for PCL_OCTREE
[0.686s] -- looking for PCL_IO
[0.686s] -- looking for PCL_KDTREE
[0.686s] -- looking for PCL_SAMPLE_CONSENSUS
[0.686s] -- looking for PCL_FILTERS
[0.687s] -- looking for PCL_2D
[0.687s] -- looking for PCL_FEATURES
[0.687s] -- looking for PCL_SEARCH
[0.687s] -- Found sensor_msgs: 5.0.1 (/opt/ros/iron/share/sensor_msgs/cmake)
[0.697s] -- Found rosidl_generator_c: 4.0.1 (/opt/ros/iron/share/rosidl_generator_c/cmake)
[0.701s] -- Found rosidl_generator_cpp: 4.0.1 (/opt/ros/iron/share/rosidl_generator_cpp/cmake)
[0.708s] -- Using all available rosidl_typesupport_c: rosidl_typesupport_fastrtps_c;rosidl_typesupport_introspection_c
[0.717s] -- Using all available rosidl_typesupport_cpp: rosidl_typesupport_fastrtps_cpp;rosidl_typesupport_introspection_cpp
[0.813s] -- Found rclcpp: 21.0.8 (/opt/ros/iron/share/rclcpp/cmake)
[0.859s] -- Found rmw_implementation_cmake: 7.1.0 (/opt/ros/iron/share/rmw_implementation_cmake/cmake)
[0.862s] -- Found rmw_fastrtps_cpp: 7.1.4 (/opt/ros/iron/share/rmw_fastrtps_cpp/cmake)
[0.977s] -- Using RMW implementation 'rmw_fastrtps_cpp' as default
[1.060s] -- Found pcl_conversions: 2.5.4 (/opt/ros/iron/share/pcl_conversions/cmake)
[1.478s] -- Found ament_lint_auto: 0.14.4 (/opt/ros/iron/share/ament_lint_auto/cmake)
[1.512s] -- Added test 'cppcheck' to perform static code analysis on C / C++ code
[1.512s] -- Configured cppcheck include dirs: 
[1.513s] -- Configured cppcheck exclude dirs and/or files: 
[1.513s] -- Added test 'lint_cmake' to check CMake code style
[1.513s] -- Added test 'uncrustify' to check C / C++ code style
[1.513s] -- Configured uncrustify additional arguments: 
[1.513s] -- Added test 'xmllint' to check XML markup files
[1.513s] -- Configuring done
[1.543s] -- Generating done
[1.544s] -- Build files have been written to: /home/buhrmann/ws_moveit/build/point_cloud_circle_detector
[1.568s] [35m[1mConsolidate compiler generated dependencies of target point_cloud_circle_detector[0m
[1.571s] [35m[1mConsolidate compiler generated dependencies of target point_cloud_cylinder_detector[0m
[1.572s] [35m[1mConsolidate compiler generated dependencies of target point_cloud_plantpot_ppf_detector[0m
[1.572s] [35m[1mConsolidate compiler generated dependencies of target point_cloud_plantpot_detector[0m
[1.583s] [ 12%] [32m[1mLinking CXX executable point_cloud_circle_detector[0m
[1.588s] [ 25%] [32m[1mLinking CXX executable point_cloud_cylinder_detector[0m
[1.591s] [ 37%] [32m[1mLinking CXX executable point_cloud_plantpot_ppf_detector[0m
[1.595s] [ 62%] Built target point_cloud_plantpot_detector
[2.699s] /usr/bin/ld: CMakeFiles/point_cloud_circle_detector.dir/src/point_cloud_circle_detector.cpp.o: in function `PointCloudCircleDetector::listener_callback(std::shared_ptr<sensor_msgs::msg::PointCloud2_<std::allocator<void> > >)':
[2.699s] point_cloud_circle_detector.cpp:(.text._ZN24PointCloudCircleDetector17listener_callbackESt10shared_ptrIN11sensor_msgs3msg12PointCloud2_ISaIvEEEE[_ZN24PointCloudCircleDetector17listener_callbackESt10shared_ptrIN11sensor_msgs3msg12PointCloud2_ISaIvEEEE]+0x648): undefined reference to `pcl::SACSegmentation<pcl::PointXYZ>::segment(pcl::PointIndices&, pcl::ModelCoefficients&)'
[2.701s] /usr/bin/ld: CMakeFiles/point_cloud_circle_detector.dir/src/point_cloud_circle_detector.cpp.o:(.data.rel.ro._ZTVN3pcl15SACSegmentationINS_8PointXYZEEE[_ZTVN3pcl15SACSegmentationINS_8PointXYZEEE]+0x48): undefined reference to `pcl::SACSegmentation<pcl::PointXYZ>::segment(pcl::PointIndices&, pcl::ModelCoefficients&)'
[2.701s] /usr/bin/ld: CMakeFiles/point_cloud_circle_detector.dir/src/point_cloud_circle_detector.cpp.o:(.data.rel.ro._ZTVN3pcl15SACSegmentationINS_8PointXYZEEE[_ZTVN3pcl15SACSegmentationINS_8PointXYZEEE]+0x50): undefined reference to `pcl::SACSegmentation<pcl::PointXYZ>::initSACModel(int)'
[2.702s] /usr/bin/ld: CMakeFiles/point_cloud_circle_detector.dir/src/point_cloud_circle_detector.cpp.o:(.data.rel.ro._ZTVN3pcl15SACSegmentationINS_8PointXYZEEE[_ZTVN3pcl15SACSegmentationINS_8PointXYZEEE]+0x58): undefined reference to `pcl::SACSegmentation<pcl::PointXYZ>::initSAC(int)'
[2.723s] collect2: error: ld returned 1 exit status
[2.725s] gmake[2]: *** [CMakeFiles/point_cloud_circle_detector.dir/build.make:301: point_cloud_circle_detector] Error 1
[2.725s] gmake[1]: *** [CMakeFiles/Makefile2:143: CMakeFiles/point_cloud_circle_detector.dir/all] Error 2
[2.725s] gmake[1]: *** Waiting for unfinished jobs....
[3.049s] /usr/bin/ld: CMakeFiles/point_cloud_plantpot_ppf_detector.dir/src/point_cloud_plantpot_ppf_detector.cpp.o: in function `PointCloudCustomObjectMatcher::listener_callback(std::shared_ptr<sensor_msgs::msg::PointCloud2_<std::allocator<void> > >)':
[3.049s] point_cloud_plantpot_ppf_detector.cpp:(.text._ZN29PointCloudCustomObjectMatcher17listener_callbackESt10shared_ptrIN11sensor_msgs3msg12PointCloud2_ISaIvEEEE[_ZN29PointCloudCustomObjectMatcher17listener_callbackESt10shared_ptrIN11sensor_msgs3msg12PointCloud2_ISaIvEEEE]+0x1009): undefined reference to `pcl::PPFEstimation<pcl::PointXYZ, pcl::PointXYZ, pcl::PPFSignature>::PPFEstimation()'
[3.050s] /usr/bin/ld: point_cloud_plantpot_ppf_detector.cpp:(.text._ZN29PointCloudCustomObjectMatcher17listener_callbackESt10shared_ptrIN11sensor_msgs3msg12PointCloud2_ISaIvEEEE[_ZN29PointCloudCustomObjectMatcher17listener_callbackESt10shared_ptrIN11sensor_msgs3msg12PointCloud2_ISaIvEEEE]+0x1363): undefined reference to `pcl::PPFEstimation<pcl::PointXYZ, pcl::PointXYZ, pcl::PPFSignature>::PPFEstimation()'
[3.053s] /usr/bin/ld: CMakeFiles/point_cloud_plantpot_ppf_detector.dir/src/point_cloud_plantpot_ppf_detector.cpp.o:(.data.rel.ro._ZTVN3pcl13PPFEstimationINS_8PointXYZES1_NS_12PPFSignatureEEE[_ZTVN3pcl13PPFEstimationINS_8PointXYZES1_NS_12PPFSignatureEEE]+0x58): undefined reference to `pcl::PPFEstimation<pcl::PointXYZ, pcl::PointXYZ, pcl::PPFSignature>::computeFeature(pcl::PointCloud<pcl::PPFSignature>&)'
[3.090s] collect2: error: ld returned 1 exit status
[3.091s] gmake[2]: *** [CMakeFiles/point_cloud_plantpot_ppf_detector.dir/build.make:305: point_cloud_plantpot_ppf_detector] Error 1
[3.091s] gmake[1]: *** [CMakeFiles/Makefile2:221: CMakeFiles/point_cloud_plantpot_ppf_detector.dir/all] Error 2
[3.472s] /usr/bin/ld: CMakeFiles/point_cloud_cylinder_detector.dir/src/point_cloud_cylinder_detector.cpp.o: in function `PointCloudCylinderDetector::listener_callback(std::shared_ptr<sensor_msgs::msg::PointCloud2_<std::allocator<void> > >)':
[3.472s] point_cloud_cylinder_detector.cpp:(.text._ZN26PointCloudCylinderDetector17listener_callbackESt10shared_ptrIN11sensor_msgs3msg12PointCloud2_ISaIvEEEE[_ZN26PointCloudCylinderDetector17listener_callbackESt10shared_ptrIN11sensor_msgs3msg12PointCloud2_ISaIvEEEE]+0x707): undefined reference to `pcl::SACSegmentation<pcl::PointXYZ>::segment(pcl::PointIndices&, pcl::ModelCoefficients&)'
[3.474s] /usr/bin/ld: CMakeFiles/point_cloud_cylinder_detector.dir/src/point_cloud_cylinder_detector.cpp.o:(.data.rel.ro._ZTVN3pcl26SACSegmentationFromNormalsINS_8PointXYZENS_6NormalEEE[_ZTVN3pcl26SACSegmentationFromNormalsINS_8PointXYZENS_6NormalEEE]+0x48): undefined reference to `pcl::SACSegmentation<pcl::PointXYZ>::segment(pcl::PointIndices&, pcl::ModelCoefficients&)'
[3.474s] /usr/bin/ld: CMakeFiles/point_cloud_cylinder_detector.dir/src/point_cloud_cylinder_detector.cpp.o:(.data.rel.ro._ZTVN3pcl26SACSegmentationFromNormalsINS_8PointXYZENS_6NormalEEE[_ZTVN3pcl26SACSegmentationFromNormalsINS_8PointXYZENS_6NormalEEE]+0x50): undefined reference to `pcl::SACSegmentationFromNormals<pcl::PointXYZ, pcl::Normal>::initSACModel(int)'
[3.474s] /usr/bin/ld: CMakeFiles/point_cloud_cylinder_detector.dir/src/point_cloud_cylinder_detector.cpp.o:(.data.rel.ro._ZTVN3pcl26SACSegmentationFromNormalsINS_8PointXYZENS_6NormalEEE[_ZTVN3pcl26SACSegmentationFromNormalsINS_8PointXYZENS_6NormalEEE]+0x58): undefined reference to `pcl::SACSegmentation<pcl::PointXYZ>::initSAC(int)'
[3.474s] /usr/bin/ld: CMakeFiles/point_cloud_cylinder_detector.dir/src/point_cloud_cylinder_detector.cpp.o:(.data.rel.ro._ZTVN3pcl15SACSegmentationINS_8PointXYZEEE[_ZTVN3pcl15SACSegmentationINS_8PointXYZEEE]+0x48): undefined reference to `pcl::SACSegmentation<pcl::PointXYZ>::segment(pcl::PointIndices&, pcl::ModelCoefficients&)'
[3.475s] /usr/bin/ld: CMakeFiles/point_cloud_cylinder_detector.dir/src/point_cloud_cylinder_detector.cpp.o:(.data.rel.ro._ZTVN3pcl15SACSegmentationINS_8PointXYZEEE[_ZTVN3pcl15SACSegmentationINS_8PointXYZEEE]+0x50): undefined reference to `pcl::SACSegmentation<pcl::PointXYZ>::initSACModel(int)'
[3.475s] /usr/bin/ld: CMakeFiles/point_cloud_cylinder_detector.dir/src/point_cloud_cylinder_detector.cpp.o:(.data.rel.ro._ZTVN3pcl15SACSegmentationINS_8PointXYZEEE[_ZTVN3pcl15SACSegmentationINS_8PointXYZEEE]+0x58): undefined reference to `pcl::SACSegmentation<pcl::PointXYZ>::initSAC(int)'
[3.500s] collect2: error: ld returned 1 exit status
[3.501s] gmake[2]: *** [CMakeFiles/point_cloud_cylinder_detector.dir/build.make:301: point_cloud_cylinder_detector] Error 1
[3.501s] gmake[1]: *** [CMakeFiles/Makefile2:169: CMakeFiles/point_cloud_cylinder_detector.dir/all] Error 2
[3.501s] gmake: *** [Makefile:146: all] Error 2
[3.503s] Invoked command in '/home/buhrmann/ws_moveit/build/point_cloud_circle_detector' returned '2': CMAKE_PREFIX_PATH=${CMAKE_PREFIX_PATH}:/home/buhrmann/ws_moveit/install/moveit_configs_utils:/opt/ros/iron /usr/bin/cmake --build /home/buhrmann/ws_moveit/build/point_cloud_circle_detector -- -j28 -l28
