[0.008s] Invoking command in '/home/buhrmann/ws_moveit/build/point_cloud_circle_detector': CMAKE_PREFIX_PATH=${CMAKE_PREFIX_PATH}:/home/buhrmann/ws_moveit/install/moveit_configs_utils:/opt/ros/iron /usr/bin/cmake --build /home/buhrmann/ws_moveit/build/point_cloud_circle_detector -- -j28 -l28
[0.035s] -- Found ament_cmake: 2.0.7 (/opt/ros/iron/share/ament_cmake/cmake)
[0.136s] -- Override CMake install command with custom implementation using symlinks instead of copying resources
[0.149s] -- Eigen found (include: /usr/include/eigen3, version: 3.4.0)
[0.184s] -- FLANN found (include: /usr/include, lib: /usr/lib/x86_64-linux-gnu/libflann_cpp.so)
[0.422s] -- OpenNI found (version: 1.5.4.0, include: /usr/include/ni, lib: /usr/lib/libOpenNI.so;libusb::libusb)
[0.427s] -- OpenNI2 found (version: 2.2.0.33, include: /usr/include/openni2, lib: /usr/lib/x86_64-linux-gnu/libOpenNI2.so;libusb::libusb)
[0.427s] [0m** WARNING ** io features related to pcap will be disabled[0m
[0.532s] -- Eigen found (include: /usr/include/eigen3, version: 3.4.0)
[0.536s] -- OpenNI found (version: 1.5.4.0, include: /usr/include/ni, lib: /usr/lib/libOpenNI.so;libusb::libusb)
[0.541s] -- OpenNI2 found (version: 2.2.0.33, include: /usr/include/openni2, lib: /usr/lib/x86_64-linux-gnu/libOpenNI2.so;libusb::libusb)
[0.639s] -- Found Qhull version 8.0.2
[0.751s] -- OpenNI found (version: 1.5.4.0, include: /usr/include/ni, lib: /usr/lib/libOpenNI.so;libusb::libusb)
[0.856s] -- looking for PCL_COMMON
[0.856s] -- looking for PCL_KDTREE
[0.856s] -- looking for PCL_OCTREE
[0.856s] -- looking for PCL_SEARCH
[0.857s] -- looking for PCL_SAMPLE_CONSENSUS
[0.857s] -- looking for PCL_FILTERS
[0.857s] -- looking for PCL_2D
[0.857s] -- looking for PCL_GEOMETRY
[0.857s] -- looking for PCL_IO
[0.857s] -- looking for PCL_FEATURES
[0.857s] -- looking for PCL_ML
[0.857s] -- looking for PCL_SEGMENTATION
[0.858s] -- looking for PCL_VISUALIZATION
[0.858s] -- looking for PCL_SURFACE
[0.858s] -- looking for PCL_REGISTRATION
[0.858s] -- looking for PCL_KEYPOINTS
[0.858s] -- looking for PCL_TRACKING
[0.859s] -- looking for PCL_RECOGNITION
[0.859s] -- looking for PCL_STEREO
[0.859s] -- looking for PCL_APPS
[0.859s] -- looking for PCL_IN_HAND_SCANNER
[0.859s] -- looking for PCL_MODELER
[0.860s] -- looking for PCL_POINT_CLOUD_EDITOR
[0.860s] -- looking for PCL_OUTOFCORE
[0.860s] -- looking for PCL_PEOPLE
[0.861s] -- PCL Libraries: pcl_common;pcl_kdtree;pcl_octree;pcl_search;pcl_sample_consensus;pcl_filters;pcl_io;pcl_features;pcl_ml;pcl_segmentation;pcl_visualization;pcl_surface;pcl_registration;pcl_keypoints;pcl_tracking;pcl_recognition;pcl_stereo;pcl_apps;pcl_outofcore;pcl_people;Boost::system;Boost::filesystem;Boost::date_time;Boost::iostreams;Boost::serialization;/usr/lib/libOpenNI.so;libusb::libusb;/usr/lib/x86_64-linux-gnu/libOpenNI2.so;libusb::libusb;VTK::ChartsCore;VTK::CommonColor;VTK::CommonComputationalGeometry;VTK::CommonCore;VTK::CommonDataModel;VTK::CommonExecutionModel;VTK::CommonMath;VTK::CommonMisc;VTK::CommonTransforms;VTK::FiltersCore;VTK::FiltersExtraction;VTK::FiltersGeneral;VTK::FiltersGeometry;VTK::FiltersModeling;VTK::FiltersSources;VTK::ImagingCore;VTK::ImagingSources;VTK::InteractionImage;VTK::InteractionStyle;VTK::InteractionWidgets;VTK::IOCore;VTK::IOGeometry;VTK::IOImage;VTK::IOLegacy;VTK::IOPLY;VTK::RenderingAnnotation;VTK::RenderingCore;VTK::RenderingContext2D;VTK::RenderingLOD;VTK::RenderingFreeType;VTK::ViewsCore;VTK::ViewsContext2D;VTK::RenderingOpenGL2;VTK::GUISupportQt;FLANN::FLANN;QHULL::QHULL
[0.861s] -- Found sensor_msgs: 5.0.1 (/opt/ros/iron/share/sensor_msgs/cmake)
[0.870s] -- Found rosidl_generator_c: 4.0.1 (/opt/ros/iron/share/rosidl_generator_c/cmake)
[0.874s] -- Found rosidl_generator_cpp: 4.0.1 (/opt/ros/iron/share/rosidl_generator_cpp/cmake)
[0.881s] -- Using all available rosidl_typesupport_c: rosidl_typesupport_fastrtps_c;rosidl_typesupport_introspection_c
[0.890s] -- Using all available rosidl_typesupport_cpp: rosidl_typesupport_fastrtps_cpp;rosidl_typesupport_introspection_cpp
[0.986s] -- Found rclcpp: 21.0.8 (/opt/ros/iron/share/rclcpp/cmake)
[1.032s] -- Found rmw_implementation_cmake: 7.1.0 (/opt/ros/iron/share/rmw_implementation_cmake/cmake)
[1.035s] -- Found rmw_fastrtps_cpp: 7.1.4 (/opt/ros/iron/share/rmw_fastrtps_cpp/cmake)
[1.142s] -- Using RMW implementation 'rmw_fastrtps_cpp' as default
[1.227s] -- Found pcl_conversions: 2.5.4 (/opt/ros/iron/share/pcl_conversions/cmake)
[1.569s] [31mCMake Error at CMakeLists.txt:37 (target_link_libraries):
[1.570s]   Cannot specify link libraries for target
[1.570s]   "point_cloud_plantpot_ppf_detector" which is not built by this project.
[1.570s] 
[1.570s] [0m
[1.570s] -- Configuring incomplete, errors occurred!
[1.570s] See also "/home/buhrmann/ws_moveit/build/point_cloud_circle_detector/CMakeFiles/CMakeOutput.log".
[1.577s] gmake: *** [Makefile:390: cmake_check_build_system] Error 1
[1.579s] Invoked command in '/home/buhrmann/ws_moveit/build/point_cloud_circle_detector' returned '2': CMAKE_PREFIX_PATH=${CMAKE_PREFIX_PATH}:/home/buhrmann/ws_moveit/install/moveit_configs_utils:/opt/ros/iron /usr/bin/cmake --build /home/buhrmann/ws_moveit/build/point_cloud_circle_detector -- -j28 -l28
