-- Install configuration: ""
-- Up-to-date: /home/buhrmann/ws_moveit/install/picknik_accessories/share/picknik_accessories/descriptions
-- Up-to-date: /home/buhrmann/ws_moveit/install/picknik_accessories/share/picknik_accessories/descriptions/ar_markers
-- Up-to-date: /home/buhrmann/ws_moveit/install/picknik_accessories/share/picknik_accessories/descriptions/ar_markers/Marker21.dae
-- Up-to-date: /home/buhrmann/ws_moveit/install/picknik_accessories/share/picknik_accessories/descriptions/ar_markers/Marker3.dae
-- Up-to-date: /home/buhrmann/ws_moveit/install/picknik_accessories/share/picknik_accessories/descriptions/ar_markers/Marker13.dae
-- Up-to-date: /home/buhrmann/ws_moveit/install/picknik_accessories/share/picknik_accessories/descriptions/ar_markers/Marker23.dae
-- Up-to-date: /home/buhrmann/ws_moveit/install/picknik_accessories/share/picknik_accessories/descriptions/ar_markers/Marker10.dae
-- Up-to-date: /home/buhrmann/ws_moveit/install/picknik_accessories/share/picknik_accessories/descriptions/ar_markers/Marker0.dae
-- Up-to-date: /home/buhrmann/ws_moveit/install/picknik_accessories/share/picknik_accessories/descriptions/ar_markers/Marker4.dae
-- Up-to-date: /home/buhrmann/ws_moveit/install/picknik_accessories/share/picknik_accessories/descriptions/ar_markers/Marker19.dae
-- Up-to-date: /home/buhrmann/ws_moveit/install/picknik_accessories/share/picknik_accessories/descriptions/ar_markers/Marker32.dae
-- Up-to-date: /home/buhrmann/ws_moveit/install/picknik_accessories/share/picknik_accessories/descriptions/ar_markers/Marker27.dae
-- Up-to-date: /home/buhrmann/ws_moveit/install/picknik_accessories/share/picknik_accessories/descriptions/ar_markers/Marker8.dae
-- Up-to-date: /home/buhrmann/ws_moveit/install/picknik_accessories/share/picknik_accessories/descriptions/ar_markers/Marker34.dae
-- Up-to-date: /home/buhrmann/ws_moveit/install/picknik_accessories/share/picknik_accessories/descriptions/ar_markers/Marker15.dae
-- Up-to-date: /home/buhrmann/ws_moveit/install/picknik_accessories/share/picknik_accessories/descriptions/ar_markers/Marker25.dae
-- Up-to-date: /home/buhrmann/ws_moveit/install/picknik_accessories/share/picknik_accessories/descriptions/ar_markers/Marker14.dae
-- Up-to-date: /home/buhrmann/ws_moveit/install/picknik_accessories/share/picknik_accessories/descriptions/ar_markers/images
-- Up-to-date: /home/buhrmann/ws_moveit/install/picknik_accessories/share/picknik_accessories/descriptions/ar_markers/images/Marker5.png
-- Up-to-date: /home/buhrmann/ws_moveit/install/picknik_accessories/share/picknik_accessories/descriptions/ar_markers/images/Marker25.png
-- Up-to-date: /home/buhrmann/ws_moveit/install/picknik_accessories/share/picknik_accessories/descriptions/ar_markers/images/Marker3.png
-- Up-to-date: /home/buhrmann/ws_moveit/install/picknik_accessories/share/picknik_accessories/descriptions/ar_markers/images/Marker33.png
-- Up-to-date: /home/buhrmann/ws_moveit/install/picknik_accessories/share/picknik_accessories/descriptions/ar_markers/images/Marker27.png
-- Up-to-date: /home/buhrmann/ws_moveit/install/picknik_accessories/share/picknik_accessories/descriptions/ar_markers/images/Marker30.png
-- Up-to-date: /home/buhrmann/ws_moveit/install/picknik_accessories/share/picknik_accessories/descriptions/ar_markers/images/Marker16.png
-- Up-to-date: /home/buhrmann/ws_moveit/install/picknik_accessories/share/picknik_accessories/descriptions/ar_markers/images/Marker34.png
-- Up-to-date: /home/buhrmann/ws_moveit/install/picknik_accessories/share/picknik_accessories/descriptions/ar_markers/images/Marker28.png
-- Up-to-date: /home/buhrmann/ws_moveit/install/picknik_accessories/share/picknik_accessories/descriptions/ar_markers/images/Marker19.png
-- Up-to-date: /home/buhrmann/ws_moveit/install/picknik_accessories/share/picknik_accessories/descriptions/ar_markers/images/Marker22.png
-- Up-to-date: /home/buhrmann/ws_moveit/install/picknik_accessories/share/picknik_accessories/descriptions/ar_markers/images/Marker6.png
-- Up-to-date: /home/buhrmann/ws_moveit/install/picknik_accessories/share/picknik_accessories/descriptions/ar_markers/images/Marker26.png
-- Up-to-date: /home/buhrmann/ws_moveit/install/picknik_accessories/share/picknik_accessories/descriptions/ar_markers/images/Marker23.png
-- Up-to-date: /home/buhrmann/ws_moveit/install/picknik_accessories/share/picknik_accessories/descriptions/ar_markers/images/README.md
-- Up-to-date: /home/buhrmann/ws_moveit/install/picknik_accessories/share/picknik_accessories/descriptions/ar_markers/images/Marker0.png
-- Up-to-date: /home/buhrmann/ws_moveit/install/picknik_accessories/share/picknik_accessories/descriptions/ar_markers/images/Marker24.png
-- Up-to-date: /home/buhrmann/ws_moveit/install/picknik_accessories/share/picknik_accessories/descriptions/ar_markers/images/Marker21.png
-- Up-to-date: /home/buhrmann/ws_moveit/install/picknik_accessories/share/picknik_accessories/descriptions/ar_markers/images/Marker8.png
-- Up-to-date: /home/buhrmann/ws_moveit/install/picknik_accessories/share/picknik_accessories/descriptions/ar_markers/images/Marker1.png
-- Up-to-date: /home/buhrmann/ws_moveit/install/picknik_accessories/share/picknik_accessories/descriptions/ar_markers/images/Marker29.png
-- Up-to-date: /home/buhrmann/ws_moveit/install/picknik_accessories/share/picknik_accessories/descriptions/ar_markers/images/Marker31.png
-- Up-to-date: /home/buhrmann/ws_moveit/install/picknik_accessories/share/picknik_accessories/descriptions/ar_markers/images/Marker18.png
-- Up-to-date: /home/buhrmann/ws_moveit/install/picknik_accessories/share/picknik_accessories/descriptions/ar_markers/images/Marker10.png
-- Up-to-date: /home/buhrmann/ws_moveit/install/picknik_accessories/share/picknik_accessories/descriptions/ar_markers/images/Marker7.png
-- Up-to-date: /home/buhrmann/ws_moveit/install/picknik_accessories/share/picknik_accessories/descriptions/ar_markers/images/Marker15.png
-- Up-to-date: /home/buhrmann/ws_moveit/install/picknik_accessories/share/picknik_accessories/descriptions/ar_markers/images/Marker2.png
-- Up-to-date: /home/buhrmann/ws_moveit/install/picknik_accessories/share/picknik_accessories/descriptions/ar_markers/images/Marker4.png
-- Up-to-date: /home/buhrmann/ws_moveit/install/picknik_accessories/share/picknik_accessories/descriptions/ar_markers/images/Marker12.png
-- Up-to-date: /home/buhrmann/ws_moveit/install/picknik_accessories/share/picknik_accessories/descriptions/ar_markers/images/Marker20.png
-- Up-to-date: /home/buhrmann/ws_moveit/install/picknik_accessories/share/picknik_accessories/descriptions/ar_markers/images/Marker9.png
-- Up-to-date: /home/buhrmann/ws_moveit/install/picknik_accessories/share/picknik_accessories/descriptions/ar_markers/images/Marker13.png
-- Up-to-date: /home/buhrmann/ws_moveit/install/picknik_accessories/share/picknik_accessories/descriptions/ar_markers/images/Marker14.png
-- Up-to-date: /home/buhrmann/ws_moveit/install/picknik_accessories/share/picknik_accessories/descriptions/ar_markers/images/Marker11.png
-- Up-to-date: /home/buhrmann/ws_moveit/install/picknik_accessories/share/picknik_accessories/descriptions/ar_markers/images/Marker17.png
-- Up-to-date: /home/buhrmann/ws_moveit/install/picknik_accessories/share/picknik_accessories/descriptions/ar_markers/images/Marker32.png
-- Up-to-date: /home/buhrmann/ws_moveit/install/picknik_accessories/share/picknik_accessories/descriptions/ar_markers/Marker12.dae
-- Up-to-date: /home/buhrmann/ws_moveit/install/picknik_accessories/share/picknik_accessories/descriptions/ar_markers/Marker28.dae
-- Up-to-date: /home/buhrmann/ws_moveit/install/picknik_accessories/share/picknik_accessories/descriptions/ar_markers/Marker20.dae
-- Up-to-date: /home/buhrmann/ws_moveit/install/picknik_accessories/share/picknik_accessories/descriptions/ar_markers/Marker22.dae
-- Up-to-date: /home/buhrmann/ws_moveit/install/picknik_accessories/share/picknik_accessories/descriptions/ar_markers/Marker24.dae
-- Up-to-date: /home/buhrmann/ws_moveit/install/picknik_accessories/share/picknik_accessories/descriptions/ar_markers/Marker2.dae
-- Up-to-date: /home/buhrmann/ws_moveit/install/picknik_accessories/share/picknik_accessories/descriptions/ar_markers/Marker30.dae
-- Up-to-date: /home/buhrmann/ws_moveit/install/picknik_accessories/share/picknik_accessories/descriptions/ar_markers/Marker1.dae
-- Up-to-date: /home/buhrmann/ws_moveit/install/picknik_accessories/share/picknik_accessories/descriptions/ar_markers/Marker33.dae
-- Up-to-date: /home/buhrmann/ws_moveit/install/picknik_accessories/share/picknik_accessories/descriptions/ar_markers/Marker26.dae
-- Up-to-date: /home/buhrmann/ws_moveit/install/picknik_accessories/share/picknik_accessories/descriptions/ar_markers/Marker6.dae
-- Up-to-date: /home/buhrmann/ws_moveit/install/picknik_accessories/share/picknik_accessories/descriptions/ar_markers/Marker11.dae
-- Up-to-date: /home/buhrmann/ws_moveit/install/picknik_accessories/share/picknik_accessories/descriptions/ar_markers/Marker5.dae
-- Up-to-date: /home/buhrmann/ws_moveit/install/picknik_accessories/share/picknik_accessories/descriptions/ar_markers/Marker9.dae
-- Up-to-date: /home/buhrmann/ws_moveit/install/picknik_accessories/share/picknik_accessories/descriptions/ar_markers/Marker16.dae
-- Up-to-date: /home/buhrmann/ws_moveit/install/picknik_accessories/share/picknik_accessories/descriptions/ar_markers/Marker17.dae
-- Up-to-date: /home/buhrmann/ws_moveit/install/picknik_accessories/share/picknik_accessories/descriptions/ar_markers/Marker7.dae
-- Up-to-date: /home/buhrmann/ws_moveit/install/picknik_accessories/share/picknik_accessories/descriptions/ar_markers/Marker31.dae
-- Up-to-date: /home/buhrmann/ws_moveit/install/picknik_accessories/share/picknik_accessories/descriptions/ar_markers/Marker29.dae
-- Up-to-date: /home/buhrmann/ws_moveit/install/picknik_accessories/share/picknik_accessories/descriptions/ar_markers/Marker18.dae
-- Up-to-date: /home/buhrmann/ws_moveit/install/picknik_accessories/share/picknik_accessories/descriptions/affordance_templates
-- Up-to-date: /home/buhrmann/ws_moveit/install/picknik_accessories/share/picknik_accessories/descriptions/affordance_templates/simple_handle.stl
-- Up-to-date: /home/buhrmann/ws_moveit/install/picknik_accessories/share/picknik_accessories/descriptions/affordance_templates/valve_handle.stl
-- Up-to-date: /home/buhrmann/ws_moveit/install/picknik_accessories/share/picknik_accessories/descriptions/affordance_templates/bolt_no_threads.stl
-- Up-to-date: /home/buhrmann/ws_moveit/install/picknik_accessories/share/picknik_accessories/descriptions/affordance_templates/wheel_valve.stl
-- Up-to-date: /home/buhrmann/ws_moveit/install/picknik_accessories/share/picknik_accessories/descriptions/affordance_templates/robotiq_2f_85_assembly.stl
-- Up-to-date: /home/buhrmann/ws_moveit/install/picknik_accessories/share/picknik_accessories/descriptions/furniture
-- Up-to-date: /home/buhrmann/ws_moveit/install/picknik_accessories/share/picknik_accessories/descriptions/furniture/space_station
-- Up-to-date: /home/buhrmann/ws_moveit/install/picknik_accessories/share/picknik_accessories/descriptions/furniture/space_station/texture.png
-- Up-to-date: /home/buhrmann/ws_moveit/install/picknik_accessories/share/picknik_accessories/descriptions/furniture/space_station/space_booth_src
-- Up-to-date: /home/buhrmann/ws_moveit/install/picknik_accessories/share/picknik_accessories/descriptions/furniture/space_station/space_booth_src/texture.png
-- Up-to-date: /home/buhrmann/ws_moveit/install/picknik_accessories/share/picknik_accessories/descriptions/furniture/space_station/space_booth_src/extra
-- Up-to-date: /home/buhrmann/ws_moveit/install/picknik_accessories/share/picknik_accessories/descriptions/furniture/space_station/space_booth_src/extra/light_texture.svg
-- Up-to-date: /home/buhrmann/ws_moveit/install/picknik_accessories/share/picknik_accessories/descriptions/furniture/space_station/space_booth_src/extra/drawing.svg
-- Up-to-date: /home/buhrmann/ws_moveit/install/picknik_accessories/share/picknik_accessories/descriptions/furniture/space_station/space_booth_src/light_texture.png
-- Up-to-date: /home/buhrmann/ws_moveit/install/picknik_accessories/share/picknik_accessories/descriptions/furniture/space_station/space_booth_src/space_booth.blend
-- Up-to-date: /home/buhrmann/ws_moveit/install/picknik_accessories/share/picknik_accessories/descriptions/furniture/space_station/space_booth.dae
-- Up-to-date: /home/buhrmann/ws_moveit/install/picknik_accessories/share/picknik_accessories/descriptions/furniture/space_station/space_station.urdf.xacro
-- Up-to-date: /home/buhrmann/ws_moveit/install/picknik_accessories/share/picknik_accessories/descriptions/furniture/generic_table
-- Up-to-date: /home/buhrmann/ws_moveit/install/picknik_accessories/share/picknik_accessories/descriptions/furniture/generic_table/generic_table.urdf.xacro
-- Up-to-date: /home/buhrmann/ws_moveit/install/picknik_accessories/share/picknik_accessories/descriptions/furniture/generic_table/wood_block.dae
-- Up-to-date: /home/buhrmann/ws_moveit/install/picknik_accessories/share/picknik_accessories/descriptions/furniture/generic_table/wood.png
-- Up-to-date: /home/buhrmann/ws_moveit/install/picknik_accessories/share/picknik_accessories/descriptions/furniture/robot_stand
-- Up-to-date: /home/buhrmann/ws_moveit/install/picknik_accessories/share/picknik_accessories/descriptions/furniture/robot_stand/robot_stand.urdf.xacro
-- Up-to-date: /home/buhrmann/ws_moveit/install/picknik_accessories/share/picknik_accessories/descriptions/furniture/cabinet
-- Up-to-date: /home/buhrmann/ws_moveit/install/picknik_accessories/share/picknik_accessories/descriptions/furniture/cabinet/cabinet.dae
-- Up-to-date: /home/buhrmann/ws_moveit/install/picknik_accessories/share/picknik_accessories/descriptions/furniture/cabinet/drawer.stl
-- Up-to-date: /home/buhrmann/ws_moveit/install/picknik_accessories/share/picknik_accessories/descriptions/furniture/cabinet/drawer.dae
-- Up-to-date: /home/buhrmann/ws_moveit/install/picknik_accessories/share/picknik_accessories/descriptions/furniture/cabinet/cabinet.stl
-- Up-to-date: /home/buhrmann/ws_moveit/install/picknik_accessories/share/picknik_accessories/descriptions/furniture/cabinet/cabinet.urdf.xacro
-- Up-to-date: /home/buhrmann/ws_moveit/install/picknik_accessories/share/picknik_accessories/descriptions/furniture/cabinet/cabinet_combined_static.stl
-- Up-to-date: /home/buhrmann/ws_moveit/install/picknik_accessories/share/picknik_accessories/descriptions/furniture/cabinet/cabinet_combined_static.dae
-- Up-to-date: /home/buhrmann/ws_moveit/install/picknik_accessories/share/picknik_accessories/descriptions/furniture/switch_panel
-- Up-to-date: /home/buhrmann/ws_moveit/install/picknik_accessories/share/picknik_accessories/descriptions/furniture/switch_panel/switch_panel.stl
-- Up-to-date: /home/buhrmann/ws_moveit/install/picknik_accessories/share/picknik_accessories/descriptions/furniture/switch_panel/button.dae
-- Up-to-date: /home/buhrmann/ws_moveit/install/picknik_accessories/share/picknik_accessories/descriptions/furniture/switch_panel/switch_panel.dae
-- Up-to-date: /home/buhrmann/ws_moveit/install/picknik_accessories/share/picknik_accessories/descriptions/furniture/switch_panel/button.stl
-- Up-to-date: /home/buhrmann/ws_moveit/install/picknik_accessories/share/picknik_accessories/descriptions/furniture/switch_panel/switch_panel.urdf.xacro
-- Up-to-date: /home/buhrmann/ws_moveit/install/picknik_accessories/share/picknik_accessories/descriptions/furniture/fridge
-- Up-to-date: /home/buhrmann/ws_moveit/install/picknik_accessories/share/picknik_accessories/descriptions/furniture/fridge/fridge.urdf.xacro
-- Up-to-date: /home/buhrmann/ws_moveit/install/picknik_accessories/share/picknik_accessories/descriptions/furniture/fridge/fridge.stl
-- Up-to-date: /home/buhrmann/ws_moveit/install/picknik_accessories/share/picknik_accessories/descriptions/furniture/fridge/fridge_door.stl
-- Up-to-date: /home/buhrmann/ws_moveit/install/picknik_accessories/share/picknik_accessories/descriptions/sensors
-- Up-to-date: /home/buhrmann/ws_moveit/install/picknik_accessories/share/picknik_accessories/descriptions/sensors/realsense_d415.urdf.xacro
-- Up-to-date: /home/buhrmann/ws_moveit/install/picknik_accessories/share/picknik_accessories/descriptions/sensors/extrinsic_calibrated_realsense.urdf.xacro
-- Up-to-date: /home/buhrmann/ws_moveit/install/picknik_accessories/share/picknik_accessories/descriptions/sensors/realsense_l515.urdf.xacro
-- Up-to-date: /home/buhrmann/ws_moveit/install/picknik_accessories/share/picknik_accessories/descriptions/sensors/realsense_d435.urdf.xacro
-- Up-to-date: /home/buhrmann/ws_moveit/install/picknik_accessories/share/picknik_accessories/descriptions/brackets
-- Up-to-date: /home/buhrmann/ws_moveit/install/picknik_accessories/share/picknik_accessories/descriptions/brackets/kinova_realsense_camera_adapter
-- Up-to-date: /home/buhrmann/ws_moveit/install/picknik_accessories/share/picknik_accessories/descriptions/brackets/kinova_realsense_camera_adapter/realsense_bracket_for_kinova.dae
-- Up-to-date: /home/buhrmann/ws_moveit/install/picknik_accessories/share/picknik_accessories/descriptions/brackets/ur_realsense_camera_adapter
-- Up-to-date: /home/buhrmann/ws_moveit/install/picknik_accessories/share/picknik_accessories/descriptions/brackets/ur_realsense_camera_adapter/picknik_ur5_realsense_camera_adapter_rev2_collision.stl
-- Up-to-date: /home/buhrmann/ws_moveit/install/picknik_accessories/share/picknik_accessories/descriptions/brackets/ur_realsense_camera_adapter/picknik_ur_camera_adapter.urdf.xacro
-- Up-to-date: /home/buhrmann/ws_moveit/install/picknik_accessories/share/picknik_accessories/descriptions/brackets/ur_realsense_camera_adapter/picknik_ur5_realsense_camera_adapter_rev2.dae
-- Up-to-date: /home/buhrmann/ws_moveit/install/picknik_accessories/share/picknik_accessories/descriptions/brackets/ur_realsense_camera_adapter/picknik_ur5_realsense_camera_adapter_rev2.STL
-- Up-to-date: /home/buhrmann/ws_moveit/install/picknik_accessories/share/picknik_accessories/descriptions/brackets/mtc_ur_tool_changer
-- Up-to-date: /home/buhrmann/ws_moveit/install/picknik_accessories/share/picknik_accessories/descriptions/brackets/mtc_ur_tool_changer/mtc_ur3510_ur_toolchanger.dae
-- Up-to-date: /home/buhrmann/ws_moveit/install/picknik_accessories/share/picknik_accessories/descriptions/brackets/mtc_ur_tool_changer/mtc_ur3510_ur_toolchanger_collision.stl
-- Up-to-date: /home/buhrmann/ws_moveit/install/picknik_accessories/share/picknik_accessories/descriptions/brackets/mtc_ur_tool_changer/mtc_ur_tool_changer.urdf.xacro
-- Up-to-date: /home/buhrmann/ws_moveit/install/picknik_accessories/share/picknik_accessories/descriptions/simulation_worlds
-- Up-to-date: /home/buhrmann/ws_moveit/install/picknik_accessories/share/picknik_accessories/descriptions/simulation_worlds/warehouse_simple.sdf
-- Up-to-date: /home/buhrmann/ws_moveit/install/picknik_accessories/share/picknik_accessories/descriptions/simulation_worlds/empty.sdf
-- Up-to-date: /home/buhrmann/ws_moveit/install/picknik_accessories/share/picknik_accessories/descriptions/simulation_worlds/space_station.sdf
-- Up-to-date: /home/buhrmann/ws_moveit/install/picknik_accessories/share/picknik_accessories/descriptions/simulation_worlds/warehouse.sdf
-- Up-to-date: /home/buhrmann/ws_moveit/install/picknik_accessories/share/picknik_accessories/descriptions/geometry
-- Up-to-date: /home/buhrmann/ws_moveit/install/picknik_accessories/share/picknik_accessories/descriptions/geometry/cylinder.urdf.xacro
-- Up-to-date: /home/buhrmann/ws_moveit/install/picknik_accessories/share/picknik_accessories/descriptions/geometry/collision_and_visual
-- Up-to-date: /home/buhrmann/ws_moveit/install/picknik_accessories/share/picknik_accessories/descriptions/geometry/collision_and_visual/cube_collision_and_visual.urdf.xacro
-- Up-to-date: /home/buhrmann/ws_moveit/install/picknik_accessories/share/picknik_accessories/descriptions/geometry/collision
-- Up-to-date: /home/buhrmann/ws_moveit/install/picknik_accessories/share/picknik_accessories/descriptions/geometry/collision/cube_collision.urdf.xacro
-- Up-to-date: /home/buhrmann/ws_moveit/install/picknik_accessories/share/picknik_accessories/descriptions/geometry/visual
-- Up-to-date: /home/buhrmann/ws_moveit/install/picknik_accessories/share/picknik_accessories/descriptions/geometry/visual/cube_visual.urdf.xacro
-- Up-to-date: /home/buhrmann/ws_moveit/install/picknik_accessories/share/picknik_accessories/descriptions/geometry/cube.urdf.xacro
-- Up-to-date: /home/buhrmann/ws_moveit/install/picknik_accessories/share/picknik_accessories/descriptions/miscellaneous
-- Up-to-date: /home/buhrmann/ws_moveit/install/picknik_accessories/share/picknik_accessories/descriptions/miscellaneous/farnese-hercules-head.stl
-- Up-to-date: /home/buhrmann/ws_moveit/install/picknik_accessories/share/picknik_accessories/descriptions/miscellaneous/mock_satellite.stl
-- Up-to-date: /home/buhrmann/ws_moveit/install/picknik_accessories/share/picknik_accessories/macros
-- Up-to-date: /home/buhrmann/ws_moveit/install/picknik_accessories/share/picknik_accessories/macros/tool_adapters
-- Up-to-date: /home/buhrmann/ws_moveit/install/picknik_accessories/share/picknik_accessories/macros/tool_adapters/ur_robotiq.xacro
-- Up-to-date: /home/buhrmann/ws_moveit/install/picknik_accessories/share/picknik_accessories/macros/tools
-- Up-to-date: /home/buhrmann/ws_moveit/install/picknik_accessories/share/picknik_accessories/macros/tools/robotiq_2f_85.xacro
-- Up-to-date: /home/buhrmann/ws_moveit/install/picknik_accessories/share/picknik_accessories/macros/manipulators
-- Up-to-date: /home/buhrmann/ws_moveit/install/picknik_accessories/share/picknik_accessories/macros/manipulators/universal_robots.xacro
-- Up-to-date: /home/buhrmann/ws_moveit/install/picknik_accessories/share/picknik_accessories/macros/workcell_macro.xacro
-- Up-to-date: /home/buhrmann/ws_moveit/install/picknik_accessories/share/picknik_accessories/macros/workcells
-- Up-to-date: /home/buhrmann/ws_moveit/install/picknik_accessories/share/picknik_accessories/macros/workcells/table.xacro
-- Up-to-date: /home/buhrmann/ws_moveit/install/picknik_accessories/share/picknik_accessories/macros/robot_macro.xacro
-- Up-to-date: /home/buhrmann/ws_moveit/install/picknik_accessories/share/picknik_accessories/mujoco_assets
-- Up-to-date: /home/buhrmann/ws_moveit/install/picknik_accessories/share/picknik_accessories/mujoco_assets/lab_desk
-- Up-to-date: /home/buhrmann/ws_moveit/install/picknik_accessories/share/picknik_accessories/mujoco_assets/lab_desk/desk_globals.xml
-- Up-to-date: /home/buhrmann/ws_moveit/install/picknik_accessories/share/picknik_accessories/mujoco_assets/lab_desk/desk.xml
-- Up-to-date: /home/buhrmann/ws_moveit/install/picknik_accessories/share/picknik_accessories/mujoco_assets/ridgeback
-- Up-to-date: /home/buhrmann/ws_moveit/install/picknik_accessories/share/picknik_accessories/mujoco_assets/ridgeback/top.stl
-- Up-to-date: /home/buhrmann/ws_moveit/install/picknik_accessories/share/picknik_accessories/mujoco_assets/ridgeback/ridgeback.xml
-- Up-to-date: /home/buhrmann/ws_moveit/install/picknik_accessories/share/picknik_accessories/mujoco_assets/ridgeback/body.stl
-- Up-to-date: /home/buhrmann/ws_moveit/install/picknik_accessories/share/picknik_accessories/mujoco_assets/ridgeback/LICENSE.txt
-- Up-to-date: /home/buhrmann/ws_moveit/install/picknik_accessories/share/picknik_accessories/mujoco_assets/ridgeback/ridgeback_globals.xml
-- Up-to-date: /home/buhrmann/ws_moveit/install/picknik_accessories/share/picknik_accessories/mujoco_assets/assets
-- Up-to-date: /home/buhrmann/ws_moveit/install/picknik_accessories/share/picknik_accessories/mujoco_assets/assets/marble1.png
-- Up-to-date: /home/buhrmann/ws_moveit/install/picknik_accessories/share/picknik_accessories/mujoco_assets/assets/microscope.obj
-- Up-to-date: /home/buhrmann/ws_moveit/install/picknik_accessories/share/picknik_accessories/mujoco_assets/assets/shelf.obj
-- Up-to-date: /home/buhrmann/ws_moveit/install/picknik_accessories/share/picknik_accessories/mujoco_assets/assets/bottle.obj
-- Up-to-date: /home/buhrmann/ws_moveit/install/picknik_accessories/share/picknik_accessories/mujoco_assets/assets/shoulder_1.obj
-- Up-to-date: /home/buhrmann/ws_moveit/install/picknik_accessories/share/picknik_accessories/mujoco_assets/assets/wrist1_2.obj
-- Up-to-date: /home/buhrmann/ws_moveit/install/picknik_accessories/share/picknik_accessories/mujoco_assets/assets/forearm_3.obj
-- Up-to-date: /home/buhrmann/ws_moveit/install/picknik_accessories/share/picknik_accessories/mujoco_assets/assets/stirrer.obj
-- Up-to-date: /home/buhrmann/ws_moveit/install/picknik_accessories/share/picknik_accessories/mujoco_assets/assets/desk.png
-- Up-to-date: /home/buhrmann/ws_moveit/install/picknik_accessories/share/picknik_accessories/mujoco_assets/assets/shoulder_0.obj
-- Up-to-date: /home/buhrmann/ws_moveit/install/picknik_accessories/share/picknik_accessories/mujoco_assets/assets/ridgeback
-- Up-to-date: /home/buhrmann/ws_moveit/install/picknik_accessories/share/picknik_accessories/mujoco_assets/assets/ridgeback/top.stl
-- Up-to-date: /home/buhrmann/ws_moveit/install/picknik_accessories/share/picknik_accessories/mujoco_assets/assets/ridgeback/body.stl
-- Up-to-date: /home/buhrmann/ws_moveit/install/picknik_accessories/share/picknik_accessories/mujoco_assets/assets/ridgeback/LICENSE.txt
-- Up-to-date: /home/buhrmann/ws_moveit/install/picknik_accessories/share/picknik_accessories/mujoco_assets/assets/microscope.png
-- Up-to-date: /home/buhrmann/ws_moveit/install/picknik_accessories/share/picknik_accessories/mujoco_assets/assets/Cube.stl
-- Up-to-date: /home/buhrmann/ws_moveit/install/picknik_accessories/share/picknik_accessories/mujoco_assets/assets/forearm_0.obj
-- Up-to-date: /home/buhrmann/ws_moveit/install/picknik_accessories/share/picknik_accessories/mujoco_assets/assets/bottle.mtl
-- Up-to-date: /home/buhrmann/ws_moveit/install/picknik_accessories/share/picknik_accessories/mujoco_assets/assets/tag36_11_00001.png
-- Up-to-date: /home/buhrmann/ws_moveit/install/picknik_accessories/share/picknik_accessories/mujoco_assets/assets/mtc_ur3510_ur_toolchanger_collision.stl
-- Up-to-date: /home/buhrmann/ws_moveit/install/picknik_accessories/share/picknik_accessories/mujoco_assets/assets/test_tubes.obj
-- Up-to-date: /home/buhrmann/ws_moveit/install/picknik_accessories/share/picknik_accessories/mujoco_assets/assets/beaker.obj
-- Up-to-date: /home/buhrmann/ws_moveit/install/picknik_accessories/share/picknik_accessories/mujoco_assets/assets/base_platform.stl
-- Up-to-date: /home/buhrmann/ws_moveit/install/picknik_accessories/share/picknik_accessories/mujoco_assets/assets/base_1.obj
-- Up-to-date: /home/buhrmann/ws_moveit/install/picknik_accessories/share/picknik_accessories/mujoco_assets/assets/wrist2_1.obj
-- Up-to-date: /home/buhrmann/ws_moveit/install/picknik_accessories/share/picknik_accessories/mujoco_assets/assets/airfoil.stl
-- Up-to-date: /home/buhrmann/ws_moveit/install/picknik_accessories/share/picknik_accessories/mujoco_assets/assets/shelf_glass.obj
-- Up-to-date: /home/buhrmann/ws_moveit/install/picknik_accessories/share/picknik_accessories/mujoco_assets/assets/bottle.png
-- Up-to-date: /home/buhrmann/ws_moveit/install/picknik_accessories/share/picknik_accessories/mujoco_assets/assets/upperarm_1.obj
-- Up-to-date: /home/buhrmann/ws_moveit/install/picknik_accessories/share/picknik_accessories/mujoco_assets/assets/base.stl
-- Up-to-date: /home/buhrmann/ws_moveit/install/picknik_accessories/share/picknik_accessories/mujoco_assets/assets/Cube copy.stl
-- Up-to-date: /home/buhrmann/ws_moveit/install/picknik_accessories/share/picknik_accessories/mujoco_assets/assets/test_tubes_stand.obj
-- Up-to-date: /home/buhrmann/ws_moveit/install/picknik_accessories/share/picknik_accessories/mujoco_assets/assets/wrist1_1.obj
-- Up-to-date: /home/buhrmann/ws_moveit/install/picknik_accessories/share/picknik_accessories/mujoco_assets/assets/desk.obj
-- Up-to-date: /home/buhrmann/ws_moveit/install/picknik_accessories/share/picknik_accessories/mujoco_assets/assets/shelf.png
-- Up-to-date: /home/buhrmann/ws_moveit/install/picknik_accessories/share/picknik_accessories/mujoco_assets/assets/robotiq_2f85
-- Up-to-date: /home/buhrmann/ws_moveit/install/picknik_accessories/share/picknik_accessories/mujoco_assets/assets/robotiq_2f85/silicone_pad.stl
-- Up-to-date: /home/buhrmann/ws_moveit/install/picknik_accessories/share/picknik_accessories/mujoco_assets/assets/robotiq_2f85/finger_tip_link.stl
-- Up-to-date: /home/buhrmann/ws_moveit/install/picknik_accessories/share/picknik_accessories/mujoco_assets/assets/robotiq_2f85/base.stl
-- Up-to-date: /home/buhrmann/ws_moveit/install/picknik_accessories/share/picknik_accessories/mujoco_assets/assets/robotiq_2f85/finger_link.stl
-- Up-to-date: /home/buhrmann/ws_moveit/install/picknik_accessories/share/picknik_accessories/mujoco_assets/assets/robotiq_2f85/inner_knuckle_link.stl
-- Up-to-date: /home/buhrmann/ws_moveit/install/picknik_accessories/share/picknik_accessories/mujoco_assets/assets/robotiq_2f85/pad.stl
-- Up-to-date: /home/buhrmann/ws_moveit/install/picknik_accessories/share/picknik_accessories/mujoco_assets/assets/robotiq_2f85/knuckle_link.stl
-- Up-to-date: /home/buhrmann/ws_moveit/install/picknik_accessories/share/picknik_accessories/mujoco_assets/assets/test_tubes_stand.png
-- Up-to-date: /home/buhrmann/ws_moveit/install/picknik_accessories/share/picknik_accessories/mujoco_assets/assets/upperarm_0.obj
-- Up-to-date: /home/buhrmann/ws_moveit/install/picknik_accessories/share/picknik_accessories/mujoco_assets/assets/wrist3.obj
-- Up-to-date: /home/buhrmann/ws_moveit/install/picknik_accessories/share/picknik_accessories/mujoco_assets/assets/base_0.obj
-- Up-to-date: /home/buhrmann/ws_moveit/install/picknik_accessories/share/picknik_accessories/mujoco_assets/assets/tag36_11_00000.png
-- Up-to-date: /home/buhrmann/ws_moveit/install/picknik_accessories/share/picknik_accessories/mujoco_assets/assets/flask.obj
-- Up-to-date: /home/buhrmann/ws_moveit/install/picknik_accessories/share/picknik_accessories/mujoco_assets/assets/upperarm_2.obj
-- Up-to-date: /home/buhrmann/ws_moveit/install/picknik_accessories/share/picknik_accessories/mujoco_assets/assets/wood.png
-- Up-to-date: /home/buhrmann/ws_moveit/install/picknik_accessories/share/picknik_accessories/mujoco_assets/assets/wrist2_2.obj
-- Up-to-date: /home/buhrmann/ws_moveit/install/picknik_accessories/share/picknik_accessories/mujoco_assets/assets/wrist1_0.obj
-- Up-to-date: /home/buhrmann/ws_moveit/install/picknik_accessories/share/picknik_accessories/mujoco_assets/assets/forearm_1.obj
-- Up-to-date: /home/buhrmann/ws_moveit/install/picknik_accessories/share/picknik_accessories/mujoco_assets/assets/tag36_11_00002.png
-- Up-to-date: /home/buhrmann/ws_moveit/install/picknik_accessories/share/picknik_accessories/mujoco_assets/assets/upperarm_3.obj
-- Up-to-date: /home/buhrmann/ws_moveit/install/picknik_accessories/share/picknik_accessories/mujoco_assets/assets/wrist2_0.obj
-- Up-to-date: /home/buhrmann/ws_moveit/install/picknik_accessories/share/picknik_accessories/mujoco_assets/assets/rail.stl
-- Up-to-date: /home/buhrmann/ws_moveit/install/picknik_accessories/share/picknik_accessories/mujoco_assets/assets/forearm_2.obj
-- Up-to-date: /home/buhrmann/ws_moveit/install/picknik_accessories/share/picknik_accessories/mujoco_assets/assets/camera_adapter.stl
-- Up-to-date: /home/buhrmann/ws_moveit/install/picknik_accessories/share/picknik_accessories/mujoco_assets/assets/stirrer.png
-- Up-to-date: /home/buhrmann/ws_moveit/install/picknik_accessories/share/picknik_accessories/mujoco_assets/assets/shoulder_2.obj
-- Up-to-date: /home/buhrmann/ws_moveit/install/picknik_accessories/share/picknik_accessories/mujoco_assets/ur5e
-- Up-to-date: /home/buhrmann/ws_moveit/install/picknik_accessories/share/picknik_accessories/mujoco_assets/ur5e/ur5e_linear_rail_globals.xml
-- Up-to-date: /home/buhrmann/ws_moveit/install/picknik_accessories/share/picknik_accessories/mujoco_assets/ur5e/ur5e_linear_rail.xml
-- Up-to-date: /home/buhrmann/ws_moveit/install/picknik_accessories/share/picknik_accessories/mujoco_assets/ur5e/ur5e_globals.xml
-- Up-to-date: /home/buhrmann/ws_moveit/install/picknik_accessories/share/picknik_accessories/mujoco_assets/ur5e/ur5e.xml
-- Up-to-date: /home/buhrmann/ws_moveit/install/picknik_accessories/share/picknik_accessories/mujoco_assets/robotiq_2f85
-- Up-to-date: /home/buhrmann/ws_moveit/install/picknik_accessories/share/picknik_accessories/mujoco_assets/robotiq_2f85/robotiq2f85_globals.xml
-- Up-to-date: /home/buhrmann/ws_moveit/install/picknik_accessories/share/picknik_accessories/mujoco_assets/robotiq_2f85/robotiq2f85.xml
-- Up-to-date: /home/buhrmann/ws_moveit/install/picknik_accessories/share/picknik_accessories/environment/picknik_accessories.dsv
-- Up-to-date: /home/buhrmann/ws_moveit/install/picknik_accessories/share/ament_index/resource_index/package_run_dependencies/picknik_accessories
-- Up-to-date: /home/buhrmann/ws_moveit/install/picknik_accessories/share/ament_index/resource_index/parent_prefix_path/picknik_accessories
-- Up-to-date: /home/buhrmann/ws_moveit/install/picknik_accessories/share/picknik_accessories/environment/ament_prefix_path.sh
-- Up-to-date: /home/buhrmann/ws_moveit/install/picknik_accessories/share/picknik_accessories/environment/ament_prefix_path.dsv
-- Up-to-date: /home/buhrmann/ws_moveit/install/picknik_accessories/share/picknik_accessories/environment/path.sh
-- Up-to-date: /home/buhrmann/ws_moveit/install/picknik_accessories/share/picknik_accessories/environment/path.dsv
-- Up-to-date: /home/buhrmann/ws_moveit/install/picknik_accessories/share/picknik_accessories/local_setup.bash
-- Up-to-date: /home/buhrmann/ws_moveit/install/picknik_accessories/share/picknik_accessories/local_setup.sh
-- Up-to-date: /home/buhrmann/ws_moveit/install/picknik_accessories/share/picknik_accessories/local_setup.zsh
-- Up-to-date: /home/buhrmann/ws_moveit/install/picknik_accessories/share/picknik_accessories/local_setup.dsv
-- Up-to-date: /home/buhrmann/ws_moveit/install/picknik_accessories/share/picknik_accessories/package.dsv
-- Up-to-date: /home/buhrmann/ws_moveit/install/picknik_accessories/share/ament_index/resource_index/packages/picknik_accessories
-- Up-to-date: /home/buhrmann/ws_moveit/install/picknik_accessories/share/picknik_accessories/cmake/picknik_accessoriesConfig.cmake
-- Up-to-date: /home/buhrmann/ws_moveit/install/picknik_accessories/share/picknik_accessories/cmake/picknik_accessoriesConfig-version.cmake
-- Up-to-date: /home/buhrmann/ws_moveit/install/picknik_accessories/share/picknik_accessories/package.xml
