[0.009s] Invoking command in '/home/buhrmann/ws_moveit/build/point_cloud_circle_detector': CMAKE_PREFIX_PATH=${CMAKE_PREFIX_PATH}:/home/buhrmann/ws_moveit/install/moveit_configs_utils:/opt/ros/iron /usr/bin/cmake --build /home/buhrmann/ws_moveit/build/point_cloud_circle_detector -- -j28 -l28
[0.060s] [35m[1mConsolidate compiler generated dependencies of target point_cloud_plantpot_detector[0m
[0.060s] [35m[1mConsolidate compiler generated dependencies of target point_cloud_plantpot_pfh_detector[0m
[0.074s] [ 60%] Built target point_cloud_plantpot_ppf_detector
[0.074s] [ 60%] Built target point_cloud_circle_detector
[0.074s] [ 60%] Built target point_cloud_cylinder_detector
[0.077s] [ 80%] Built target point_cloud_plantpot_detector
[0.079s] [ 90%] [32mBuilding CXX object CMakeFiles/point_cloud_plantpot_pfh_detector.dir/src/point_cloud_plantpot_pfh_detector.cpp.o[0m
[3.208s] [01m[K/home/buhrmann/ws_moveit/src/point_cloud_circle_detector/src/point_cloud_plantpot_pfh_detector.cpp:[m[K In member function ‘[01m[Kvoid PointCloudCustomObjectMatcher::overrideOrientationAndPlaceOnPlane(pcl::PointCloud<pcl::PointXYZ>::Ptr&)[m[K’:
[3.208s] [01m[K/home/buhrmann/ws_moveit/src/point_cloud_circle_detector/src/point_cloud_plantpot_pfh_detector.cpp:282:9:[m[K [01;31m[Kerror: [m[K‘[01m[Kgeometry_msgs[m[K’ has not been declared
[3.208s]   282 |         [01;31m[Kgeometry_msgs[m[K::msg::TransformStamped transform;
[3.208s]       |         [01;31m[K^~~~~~~~~~~~~[m[K
[3.209s] [01m[K/home/buhrmann/ws_moveit/src/point_cloud_circle_detector/src/point_cloud_plantpot_pfh_detector.cpp:285:9:[m[K [01;31m[Kerror: [m[K‘[01m[Ktransform[m[K’ was not declared in this scope; did you mean ‘[01m[Kstd::transform[m[K’?
[3.209s]   285 |         [01;31m[Ktransform[m[K = tf_buffer_->lookupTransform(
[3.209s]       |         [01;31m[K^~~~~~~~~[m[K
[3.209s]       |         [32m[Kstd::transform[m[K
[3.209s] In file included from [01m[K/usr/include/c++/11/algorithm:74[m[K,
[3.209s]                  from [01m[K/usr/include/eigen3/Eigen/Core:95[m[K,
[3.209s]                  from [01m[K/usr/include/pcl-1.12/pcl/memory.h:48[m[K,
[3.209s]                  from [01m[K/usr/include/pcl-1.12/pcl/pcl_base.h:46[m[K,
[3.209s]                  from [01m[K/usr/include/pcl-1.12/pcl/filters/filter.h:42[m[K,
[3.209s]                  from [01m[K/usr/include/pcl-1.12/pcl/filters/filter_indices.h:42[m[K,
[3.209s]                  from [01m[K/usr/include/pcl-1.12/pcl/filters/extract_indices.h:42[m[K,
[3.209s]                  from [01m[K/home/buhrmann/ws_moveit/src/point_cloud_circle_detector/src/point_cloud_plantpot_pfh_detector.cpp:2[m[K:
[3.209s] [01m[K/usr/include/c++/11/pstl/glue_algorithm_defs.h:162:1:[m[K [01;36m[Knote: [m[K‘[01m[Kstd::transform[m[K’ declared here
[3.209s]   162 | [01;36m[Ktransform[m[K(_ExecutionPolicy&& __exec, _ForwardIterator1 __first1, _ForwardIterator1 __last1, _ForwardIterator2 __first2,
[3.209s]       | [01;36m[K^~~~~~~~~[m[K
[3.215s] [01m[K/home/buhrmann/ws_moveit/src/point_cloud_circle_detector/src/point_cloud_plantpot_pfh_detector.cpp:285:21:[m[K [01;31m[Kerror: [m[K‘[01m[Ktf_buffer_[m[K’ was not declared in this scope
[3.215s]   285 |         transform = [01;31m[Ktf_buffer_[m[K->lookupTransform(
[3.215s]       |                     [01;31m[K^~~~~~~~~~[m[K
[9.940s] gmake[2]: *** [CMakeFiles/point_cloud_plantpot_pfh_detector.dir/build.make:76: CMakeFiles/point_cloud_plantpot_pfh_detector.dir/src/point_cloud_plantpot_pfh_detector.cpp.o] Error 1
[9.940s] gmake[1]: *** [CMakeFiles/Makefile2:249: CMakeFiles/point_cloud_plantpot_pfh_detector.dir/all] Error 2
[9.940s] gmake: *** [Makefile:146: all] Error 2
[9.942s] Invoked command in '/home/buhrmann/ws_moveit/build/point_cloud_circle_detector' returned '2': CMAKE_PREFIX_PATH=${CMAKE_PREFIX_PATH}:/home/buhrmann/ws_moveit/install/moveit_configs_utils:/opt/ros/iron /usr/bin/cmake --build /home/buhrmann/ws_moveit/build/point_cloud_circle_detector -- -j28 -l28
