[0.186s] Invoking command in '/home/buhrmann/ws_moveit/build/point_cloud_circle_detector': CMAKE_PREFIX_PATH=${CMAKE_PREFIX_PATH}:/home/buhrmann/ws_moveit/install/ros2_azure_bridge:/home/buhrmann/ws_moveit/install/moveit_configs_utils:/opt/ros/iron /usr/bin/cmake --build /home/buhrmann/ws_moveit/build/point_cloud_circle_detector -- -j28 -l28
[0.284s] [  6%] Built target point_cloud_plantpot_edge_pfh_detector
[0.285s] [ 12%] Built target point_cloud_circle_detector
[0.285s] [ 18%] Built target point_cloud_plantpot_ppf_detector
[0.285s] [ 25%] Built target point_cloud_plantpot_detector
[0.285s] [ 31%] Built target point_cloud_plantpot_rgb_edge_pfh_detector
[0.285s] [ 37%] Built target rgb_edge_filter
[0.285s] [ 43%] Built target cup_segmentation_color
[0.286s] [ 50%] Built target cup_pointcloud_segmentation_color
[0.286s] [ 56%] Built target hsv_color_filter
[0.291s] [ 62%] Built target point_cloud_plantpot_pfh_detector
[0.291s] [ 75%] Built target plantplot_icp_conversion
[0.291s] [ 75%] Built target plantpod_pointcloud_segmentation_and_coloring_service
[0.291s] [ 81%] Built target point_cloud_cylinder_detector
[0.292s] [ 87%] Built target plantplot_ransac_conversion
[0.292s] [ 93%] Built target plantplot_placement
[0.292s] [100%] Built target image_based_hsv_color_filter
[0.413s] Invoked command in '/home/buhrmann/ws_moveit/build/point_cloud_circle_detector' returned '0': CMAKE_PREFIX_PATH=${CMAKE_PREFIX_PATH}:/home/buhrmann/ws_moveit/install/ros2_azure_bridge:/home/buhrmann/ws_moveit/install/moveit_configs_utils:/opt/ros/iron /usr/bin/cmake --build /home/buhrmann/ws_moveit/build/point_cloud_circle_detector -- -j28 -l28
[0.413s] Invoking command in '/home/buhrmann/ws_moveit/build/point_cloud_circle_detector': CMAKE_PREFIX_PATH=${CMAKE_PREFIX_PATH}:/home/buhrmann/ws_moveit/install/ros2_azure_bridge:/home/buhrmann/ws_moveit/install/moveit_configs_utils:/opt/ros/iron /usr/bin/cmake --install /home/buhrmann/ws_moveit/build/point_cloud_circle_detector
[0.453s] -- Install configuration: ""
[0.453s] -- Up-to-date: /home/buhrmann/ws_moveit/install/point_cloud_circle_detector/lib/point_cloud_circle_detector/point_cloud_circle_detector
[0.453s] -- Up-to-date: /home/buhrmann/ws_moveit/install/point_cloud_circle_detector/lib/point_cloud_circle_detector/point_cloud_cylinder_detector
[0.453s] -- Up-to-date: /home/buhrmann/ws_moveit/install/point_cloud_circle_detector/lib/point_cloud_circle_detector/point_cloud_plantpot_detector
[0.453s] -- Up-to-date: /home/buhrmann/ws_moveit/install/point_cloud_circle_detector/lib/point_cloud_circle_detector/point_cloud_plantpot_ppf_detector
[0.453s] -- Up-to-date: /home/buhrmann/ws_moveit/install/point_cloud_circle_detector/lib/point_cloud_circle_detector/point_cloud_plantpot_pfh_detector
[0.453s] -- Up-to-date: /home/buhrmann/ws_moveit/install/point_cloud_circle_detector/lib/point_cloud_circle_detector/point_cloud_plantpot_edge_pfh_detector
[0.453s] -- Up-to-date: /home/buhrmann/ws_moveit/install/point_cloud_circle_detector/lib/point_cloud_circle_detector/point_cloud_plantpot_rgb_edge_pfh_detector
[0.453s] -- Up-to-date: /home/buhrmann/ws_moveit/install/point_cloud_circle_detector/lib/point_cloud_circle_detector/rgb_edge_filter
[0.453s] -- Up-to-date: /home/buhrmann/ws_moveit/install/point_cloud_circle_detector/lib/point_cloud_circle_detector/cup_segmentation_color
[0.453s] -- Up-to-date: /home/buhrmann/ws_moveit/install/point_cloud_circle_detector/lib/point_cloud_circle_detector/cup_pointcloud_segmentation_color
[0.453s] -- Up-to-date: /home/buhrmann/ws_moveit/install/point_cloud_circle_detector/lib/point_cloud_circle_detector/hsv_color_filter
[0.454s] -- Up-to-date: /home/buhrmann/ws_moveit/install/point_cloud_circle_detector/lib/point_cloud_circle_detector/image_based_hsv_color_filter
[0.454s] -- Up-to-date: /home/buhrmann/ws_moveit/install/point_cloud_circle_detector/lib/point_cloud_circle_detector/plantplot_icp_conversion
[0.454s] -- Up-to-date: /home/buhrmann/ws_moveit/install/point_cloud_circle_detector/lib/point_cloud_circle_detector/plantplot_ransac_conversion
[0.454s] -- Up-to-date: /home/buhrmann/ws_moveit/install/point_cloud_circle_detector/lib/point_cloud_circle_detector/plantplot_placement
[0.454s] -- Up-to-date: /home/buhrmann/ws_moveit/install/point_cloud_circle_detector/lib/point_cloud_circle_detector/plantpod_pointcloud_segmentation_and_coloring_service
[0.454s] -- Up-to-date: /home/buhrmann/ws_moveit/install/point_cloud_circle_detector/share/point_cloud_circle_detector/pcd
[0.454s] -- Up-to-date: /home/buhrmann/ws_moveit/install/point_cloud_circle_detector/share/point_cloud_circle_detector/pcd/plantpod_lesssamples.pcd
[0.454s] -- Up-to-date: /home/buhrmann/ws_moveit/install/point_cloud_circle_detector/share/point_cloud_circle_detector/pcd/plantpod_14.pcd
[0.454s] -- Up-to-date: /home/buhrmann/ws_moveit/install/point_cloud_circle_detector/share/point_cloud_circle_detector/pcd/plantpod_14_2.pcd
[0.454s] -- Up-to-date: /home/buhrmann/ws_moveit/install/point_cloud_circle_detector/share/point_cloud_circle_detector/pcd/14_cm_Topf.stl
[0.454s] -- Up-to-date: /home/buhrmann/ws_moveit/install/point_cloud_circle_detector/share/point_cloud_circle_detector/pcd/plantpod.pcd
[0.454s] -- Up-to-date: /home/buhrmann/ws_moveit/install/point_cloud_circle_detector/share/ament_index/resource_index/package_run_dependencies/point_cloud_circle_detector
[0.454s] -- Up-to-date: /home/buhrmann/ws_moveit/install/point_cloud_circle_detector/share/ament_index/resource_index/parent_prefix_path/point_cloud_circle_detector
[0.454s] -- Up-to-date: /home/buhrmann/ws_moveit/install/point_cloud_circle_detector/share/point_cloud_circle_detector/environment/ament_prefix_path.sh
[0.454s] -- Up-to-date: /home/buhrmann/ws_moveit/install/point_cloud_circle_detector/share/point_cloud_circle_detector/environment/ament_prefix_path.dsv
[0.454s] -- Up-to-date: /home/buhrmann/ws_moveit/install/point_cloud_circle_detector/share/point_cloud_circle_detector/environment/path.sh
[0.454s] -- Up-to-date: /home/buhrmann/ws_moveit/install/point_cloud_circle_detector/share/point_cloud_circle_detector/environment/path.dsv
[0.454s] -- Up-to-date: /home/buhrmann/ws_moveit/install/point_cloud_circle_detector/share/point_cloud_circle_detector/local_setup.bash
[0.454s] -- Up-to-date: /home/buhrmann/ws_moveit/install/point_cloud_circle_detector/share/point_cloud_circle_detector/local_setup.sh
[0.454s] -- Up-to-date: /home/buhrmann/ws_moveit/install/point_cloud_circle_detector/share/point_cloud_circle_detector/local_setup.zsh
[0.454s] -- Up-to-date: /home/buhrmann/ws_moveit/install/point_cloud_circle_detector/share/point_cloud_circle_detector/local_setup.dsv
[0.454s] -- Installing: /home/buhrmann/ws_moveit/install/point_cloud_circle_detector/share/point_cloud_circle_detector/package.dsv
[0.454s] -- Up-to-date: /home/buhrmann/ws_moveit/install/point_cloud_circle_detector/share/ament_index/resource_index/packages/point_cloud_circle_detector
[0.454s] -- Up-to-date: /home/buhrmann/ws_moveit/install/point_cloud_circle_detector/share/point_cloud_circle_detector/cmake/point_cloud_circle_detectorConfig.cmake
[0.454s] -- Up-to-date: /home/buhrmann/ws_moveit/install/point_cloud_circle_detector/share/point_cloud_circle_detector/cmake/point_cloud_circle_detectorConfig-version.cmake
[0.454s] -- Up-to-date: /home/buhrmann/ws_moveit/install/point_cloud_circle_detector/share/point_cloud_circle_detector/package.xml
[0.534s] Invoked command in '/home/buhrmann/ws_moveit/build/point_cloud_circle_detector' returned '0': CMAKE_PREFIX_PATH=${CMAKE_PREFIX_PATH}:/home/buhrmann/ws_moveit/install/ros2_azure_bridge:/home/buhrmann/ws_moveit/install/moveit_configs_utils:/opt/ros/iron /usr/bin/cmake --install /home/buhrmann/ws_moveit/build/point_cloud_circle_detector
