[0.039s] Invoking command in '/home/buhrmann/ws_moveit/build/moveit_core': CMAKE_PREFIX_PATH=/home/buhrmann/ws_moveit/install/moveit_resources_panda_moveit_config:/home/buhrmann/ws_moveit/install/moveit_resources_pr2_description:/home/buhrmann/ws_moveit/install/moveit_resources_panda_description:/home/buhrmann/ws_moveit/install/moveit_msgs:/home/buhrmann/ws_moveit/install/moveit_common:/usr/local/share/pcl-1.14:/home/buhrmann/ws_moveit/install/ur5_moveit_test:/home/buhrmann/ws_moveit/install/ur5_camera_moveit_config2:/home/buhrmann/ws_moveit/install/ur5_camera_moveit_config:/home/buhrmann/ws_moveit/install/ur5_description_controller:/home/buhrmann/ws_moveit/install/ur3_camera_moveit_config:/home/buhrmann/ws_moveit/install/ur3_description_controller:/home/buhrmann/ws_moveit/install/robotiq_hardware_tests:/home/buhrmann/ws_moveit/install/robotiq_driver:/home/buhrmann/ws_moveit/install/serial:/home/buhrmann/ws_moveit/install/moveit2_tutorials:/home/buhrmann/ws_moveit/install/moveit_visual_tools:/home/buhrmann/ws_moveit/install/rviz_visual_tools:/home/buhrmann/ws_moveit/install/moveit_task_constructor_visualization:/home/buhrmann/ws_moveit/install/moveit_task_constructor_demo:/home/buhrmann/ws_moveit/install/moveit_task_constructor_capabilities:/home/buhrmann/ws_moveit/install/moveit_task_constructor_core:/home/buhrmann/ws_moveit/install/rviz_marker_tools:/home/buhrmann/ws_moveit/install/picknik_accessories:/home/buhrmann/ws_moveit/install/kortex_bringup:/home/buhrmann/ws_moveit/install/kinova_gen3_lite_moveit_config:/home/buhrmann/ws_moveit/install/kinova_gen3_7dof_robotiq_2f_85_moveit_config:/home/buhrmann/ws_moveit/install/kinova_gen3_6dof_robotiq_2f_85_moveit_config:/home/buhrmann/ws_moveit/install/kortex_description:/home/buhrmann/ws_moveit/install/robotiq_description:/home/buhrmann/ws_moveit/install/robotiq_controllers:/home/buhrmann/ws_moveit/install/point_cloud_circle_detector:/home/buhrmann/ws_moveit/install/pilz_industrial_motion_planner_testutils:/home/buhrmann/ws_moveit/install/moveit_runtime:/home/buhrmann/ws_moveit/install/moveit:/home/buhrmann/ws_moveit/install/moveit_planners:/home/buhrmann/ws_moveit/install/pilz_industrial_motion_planner:/home/buhrmann/ws_moveit/install/pick_ik:/home/buhrmann/ws_moveit/install/object_detection_pcl:/home/buhrmann/ws_moveit/install/object_detection:/home/buhrmann/ws_moveit/install/object_creation:/home/buhrmann/ws_moveit/install/moveit_task_constructor_msgs:/home/buhrmann/ws_moveit/install/moveit_ros_control_interface:/home/buhrmann/ws_moveit/install/moveit_plugins:/home/buhrmann/ws_moveit/install/moveit_simple_controller_manager:/home/buhrmann/ws_moveit/install/moveit_setup_assistant:/home/buhrmann/ws_moveit/install/moveit_setup_srdf_plugins:/home/buhrmann/ws_moveit/install/moveit_setup_core_plugins:/home/buhrmann/ws_moveit/install/moveit_setup_controllers:/home/buhrmann/ws_moveit/install/moveit_setup_app_plugins:/home/buhrmann/ws_moveit/install/moveit_setup_framework:/home/buhrmann/ws_moveit/install/moveit_servo:/home/buhrmann/ws_moveit/install/moveit_ros_trajectory_cache:/home/buhrmann/ws_moveit/install/moveit_ros:/home/buhrmann/ws_moveit/install/moveit_ros_visualization:/home/buhrmann/ws_moveit/install/moveit_py:/home/buhrmann/ws_moveit/install/moveit_hybrid_planning:/home/buhrmann/ws_moveit/install/moveit_ros_planning_interface:/home/buhrmann/ws_moveit/install/moveit_ros_benchmarks:/home/buhrmann/ws_moveit/install/moveit_ros_warehouse:/home/buhrmann/ws_moveit/install/moveit_ros_robot_interaction:/home/buhrmann/ws_moveit/install/moveit_ros_perception:/home/buhrmann/ws_moveit/install/moveit_resources_prbt_pg70_support:/home/buhrmann/ws_moveit/install/moveit_resources_prbt_moveit_config:/home/buhrmann/ws_moveit/install/moveit_ros_move_group:/home/buhrmann/ws_moveit/install/moveit_planners_ompl:/home/buhrmann/ws_moveit/install/moveit_kinematics:/home/buhrmann/ws_moveit/install/moveit_ros_planning:/home/buhrmann/ws_moveit/install/moveit_ros_occupancy_map_monitor:/home/buhrmann/ws_moveit/install/moveit_resources_prbt_support:/home/buhrmann/ws_moveit/install/moveit_resources_prbt_ikfast_manipulator_plugin:/home/buhrmann/ws_moveit/install/moveit_resources:/home/buhrmann/ws_moveit/install/dual_arm_panda_moveit_config:/home/buhrmann/ws_moveit/install/moveit_resources_fanuc_moveit_config:/home/buhrmann/ws_moveit/install/moveit_resources_fanuc_description:/home/buhrmann/ws_moveit/install/moveit_planners_stomp:/home/buhrmann/ws_moveit/install/moveit_planners_chomp:/home/buhrmann/ws_moveit/install/chomp_motion_planner:/home/buhrmann/ws_moveit/install/moveit_core:/home/buhrmann/ws_moveit/install/kortex_driver:/home/buhrmann/ws_moveit/install/kortex_api:/home/buhrmann/ws_moveit/install/moveit_configs_utils:/opt/ros/iron LD_LIBRARY_PATH=/home/buhrmann/ws_moveit/install/moveit_msgs/lib:/home/buhrmann/ws_moveit/install/robotiq_driver/lib:/home/buhrmann/ws_moveit/install/serial/lib:/home/buhrmann/ws_moveit/install/moveit_visual_tools/lib:/home/buhrmann/ws_moveit/install/rviz_visual_tools/lib:/home/buhrmann/ws_moveit/install/moveit_task_constructor_visualization/lib:/home/buhrmann/ws_moveit/install/moveit_task_constructor_demo/lib:/home/buhrmann/ws_moveit/install/moveit_task_constructor_capabilities/lib:/home/buhrmann/ws_moveit/install/moveit_task_constructor_core/lib:/home/buhrmann/ws_moveit/install/rviz_marker_tools/lib:/home/buhrmann/ws_moveit/install/robotiq_controllers/lib:/home/buhrmann/ws_moveit/install/pilz_industrial_motion_planner_testutils/lib:/home/buhrmann/ws_moveit/install/pilz_industrial_motion_planner/lib:/home/buhrmann/ws_moveit/install/pick_ik/lib:/home/buhrmann/ws_moveit/install/moveit_task_constructor_msgs/lib:/home/buhrmann/ws_moveit/install/moveit_ros_control_interface/lib:/home/buhrmann/ws_moveit/install/moveit_simple_controller_manager/lib:/home/buhrmann/ws_moveit/install/moveit_setup_assistant/lib:/home/buhrmann/ws_moveit/install/moveit_setup_srdf_plugins/lib:/home/buhrmann/ws_moveit/install/moveit_setup_core_plugins/lib:/home/buhrmann/ws_moveit/install/moveit_setup_controllers/lib:/home/buhrmann/ws_moveit/install/moveit_setup_app_plugins/lib:/home/buhrmann/ws_moveit/install/moveit_setup_framework/lib:/home/buhrmann/ws_moveit/install/moveit_servo/lib:/home/buhrmann/ws_moveit/install/moveit_ros_trajectory_cache/lib:/home/buhrmann/ws_moveit/install/moveit_ros_visualization/lib:/home/buhrmann/ws_moveit/install/moveit_py/lib:/home/buhrmann/ws_moveit/install/moveit_hybrid_planning/lib:/home/buhrmann/ws_moveit/install/moveit_ros_planning_interface/lib:/home/buhrmann/ws_moveit/install/moveit_ros_benchmarks/lib:/home/buhrmann/ws_moveit/install/moveit_ros_warehouse/lib:/home/buhrmann/ws_moveit/install/moveit_ros_robot_interaction/lib:/home/buhrmann/ws_moveit/install/moveit_ros_perception/lib:/home/buhrmann/ws_moveit/install/moveit_ros_move_group/lib:/home/buhrmann/ws_moveit/install/moveit_planners_ompl/lib:/home/buhrmann/ws_moveit/install/moveit_kinematics/lib:/home/buhrmann/ws_moveit/install/moveit_ros_planning/lib:/home/buhrmann/ws_moveit/install/moveit_ros_occupancy_map_monitor/lib:/home/buhrmann/ws_moveit/install/moveit_resources_prbt_ikfast_manipulator_plugin/lib:/home/buhrmann/ws_moveit/install/moveit_planners_stomp/lib:/home/buhrmann/ws_moveit/install/moveit_planners_chomp/lib:/home/buhrmann/ws_moveit/install/chomp_motion_planner/lib:/home/buhrmann/ws_moveit/install/moveit_core/lib:/home/buhrmann/ws_moveit/install/kortex_driver/lib:/opt/ros/iron/opt/rviz_ogre_vendor/lib:/opt/ros/iron/lib/x86_64-linux-gnu:/opt/ros/iron/lib:/usr/lib/jvm/java-11-openjdk-amd64/lib/amd64 PYTHONPATH=/home/buhrmann/ws_moveit/install/moveit_msgs/lib/python3.10/site-packages:/home/buhrmann/ws_moveit/install/moveit_task_constructor_core/lib/python3.10/site-packages:/home/buhrmann/ws_moveit/install/moveit_task_constructor_msgs/lib/python3.10/site-packages:/home/buhrmann/ws_moveit/install/moveit_py/lib/python3.10/site-packages:/home/buhrmann/ws_moveit/install/moveit_configs_utils/lib/python3.10/site-packages:/opt/ros/iron/lib/python3.10/site-packages /usr/bin/cmake --build /home/buhrmann/ws_moveit/build/moveit_core -- -j28 -l28
[0.060s] -- Found moveit_common: 2.11.0 (/home/buhrmann/ws_moveit/install/moveit_common/share/moveit_common/cmake)
[0.060s] -- Found ament_cmake: 2.0.7 (/opt/ros/iron/share/ament_cmake/cmake)
[0.186s] [0mmoveit_core: You did not request a specific build type: Choosing 'Release' for maximum performance[0m
[0.186s] -- Found angles: 1.16.0 (/opt/ros/iron/share/angles/cmake)
[0.203s] -- Found common_interfaces: 5.0.1 (/opt/ros/iron/share/common_interfaces/cmake)
[0.203s] -- Found eigen_stl_containers: 1.0.0 (/opt/ros/iron/share/eigen_stl_containers/cmake)
[0.203s] -- Found eigen3_cmake_module: 0.2.2 (/opt/ros/iron/share/eigen3_cmake_module/cmake)
[0.206s] -- Found generate_parameter_library: 0.3.9 (/opt/ros/iron/share/generate_parameter_library/cmake)
[0.207s] -- Found parameter_traits: 0.3.9 (/opt/ros/iron/share/parameter_traits/cmake)
[0.219s] -- Found rosidl_generator_c: 4.0.1 (/opt/ros/iron/share/rosidl_generator_c/cmake)
[0.223s] -- Found rosidl_generator_cpp: 4.0.1 (/opt/ros/iron/share/rosidl_generator_cpp/cmake)
[0.231s] -- Using all available rosidl_typesupport_c: rosidl_typesupport_fastrtps_c;rosidl_typesupport_introspection_c
[0.239s] -- Using all available rosidl_typesupport_cpp: rosidl_typesupport_fastrtps_cpp;rosidl_typesupport_introspection_cpp
[0.316s] -- Found rmw_implementation_cmake: 7.1.0 (/opt/ros/iron/share/rmw_implementation_cmake/cmake)
[0.318s] -- Found rmw_fastrtps_cpp: 7.1.4 (/opt/ros/iron/share/rmw_fastrtps_cpp/cmake)
[0.402s] -- Using RMW implementation 'rmw_fastrtps_cpp' as default
[0.505s] -- Found rclcpp_lifecycle: 21.0.8 (/opt/ros/iron/share/rclcpp_lifecycle/cmake)
[0.555s] -- Found geometric_shapes: 2.1.3 (/opt/ros/iron/share/geometric_shapes/cmake)
[0.558s] -- Found Boost: /usr/lib/x86_64-linux-gnu/cmake/Boost-1.74.0/BoostConfig.cmake (found version "1.74.0") found components: filesystem 
[0.630s] -- library: /usr/lib/x86_64-linux-gnu/libcurl.so
[0.805s] -- Found kdl_parser: 2.9.0 (/opt/ros/iron/share/kdl_parser/cmake)
[0.807s] -- Ensuring Eigen3 include directory is part of orocos-kdl CMake target
[0.808s] -- Found moveit_msgs: 2.6.0 (/home/buhrmann/ws_moveit/install/moveit_msgs/share/moveit_msgs/cmake)
[1.311s] -- Found pluginlib: 5.2.2 (/opt/ros/iron/share/pluginlib/cmake)
[1.323s] -- Found srdfdom: 2.0.5 (/opt/ros/iron/share/srdfdom/cmake)
[1.327s] -- Found tf2_eigen: 0.31.8 (/opt/ros/iron/share/tf2_eigen/cmake)
[1.495s] -- Found tf2_geometry_msgs: 0.31.8 (/opt/ros/iron/share/tf2_geometry_msgs/cmake)
[1.509s] -- Found tf2_kdl: 0.31.8 (/opt/ros/iron/share/tf2_kdl/cmake)
[1.530s] -- Found Boost: /usr/lib/x86_64-linux-gnu/cmake/Boost-1.74.0/BoostConfig.cmake (found version "1.74.0") found components: chrono date_time filesystem iostreams program_options regex serialization system thread 
[1.550s] -- Found ament_cmake_gtest: 2.0.7 (/opt/ros/iron/share/ament_cmake_gtest/cmake)
[1.550s] -- Found gtest sources under '/opt/ros/iron/src/gtest_vendor': C++ tests using 'Google Test' will be built
[1.569s] -- Found gtest sources under '/opt/ros/iron/src/gtest_vendor': C++ tests using 'Google Test' will be built
[1.587s] -- Found gtest sources under '/opt/ros/iron/src/gtest_vendor': C++ tests using 'Google Test' will be built
[1.601s] -- Found ament_cmake_gtest: 2.0.7 (/opt/ros/iron/share/ament_cmake_gtest/cmake)
[1.602s] -- Found gtest sources under '/opt/ros/iron/src/gtest_vendor': C++ tests using 'Google Test' will be built
[1.616s] -- Found ament_cmake_gmock: 2.0.7 (/opt/ros/iron/share/ament_cmake_gmock/cmake)
[1.618s] -- Found gmock sources under '/opt/ros/iron/src/gmock_vendor': C++ tests using 'Google Mock' will be built
[1.619s] -- Found ament_cmake_gtest: 2.0.7 (/opt/ros/iron/share/ament_cmake_gtest/cmake)
[1.619s] -- Found gtest sources under '/opt/ros/iron/src/gtest_vendor': C++ tests using 'Google Test' will be built
[1.636s] -- Found ament_cmake_gtest: 2.0.7 (/opt/ros/iron/share/ament_cmake_gtest/cmake)
[1.636s] -- Found gtest sources under '/opt/ros/iron/src/gtest_vendor': C++ tests using 'Google Test' will be built
[1.665s] -- Found ament_cmake_gtest: 2.0.7 (/opt/ros/iron/share/ament_cmake_gtest/cmake)
[1.665s] -- Found gtest sources under '/opt/ros/iron/src/gtest_vendor': C++ tests using 'Google Test' will be built
[1.700s] -- Found ament_cmake_gtest: 2.0.7 (/opt/ros/iron/share/ament_cmake_gtest/cmake)
[1.701s] -- Found gtest sources under '/opt/ros/iron/src/gtest_vendor': C++ tests using 'Google Test' will be built
[1.721s] -- Found ament_cmake_gtest: 2.0.7 (/opt/ros/iron/share/ament_cmake_gtest/cmake)
[1.721s] -- Found gtest sources under '/opt/ros/iron/src/gtest_vendor': C++ tests using 'Google Test' will be built
[1.742s] -- Found ament_cmake_gtest: 2.0.7 (/opt/ros/iron/share/ament_cmake_gtest/cmake)
[1.742s] -- Found gtest sources under '/opt/ros/iron/src/gtest_vendor': C++ tests using 'Google Test' will be built
[1.756s] -- Found ament_cmake_google_benchmark: 2.0.7 (/opt/ros/iron/share/ament_cmake_google_benchmark/cmake)
[1.758s] -- Found ament_cmake_gtest: 2.0.7 (/opt/ros/iron/share/ament_cmake_gtest/cmake)
[1.760s] -- Found gtest sources under '/opt/ros/iron/src/gtest_vendor': C++ tests using 'Google Test' will be built
[1.765s] -- Performance tests are disabled by default, so Google Benchmark tests will be skipped. To enable these tests, set the CMake variable 'AMENT_RUN_PERFORMANCE_TESTS'.
[1.772s] -- Found gtest sources under '/opt/ros/iron/src/gtest_vendor': C++ tests using 'Google Test' will be built
[1.784s] -- Found ament_cmake_google_benchmark: 2.0.7 (/opt/ros/iron/share/ament_cmake_google_benchmark/cmake)
[1.784s] -- Found ament_cmake_gtest: 2.0.7 (/opt/ros/iron/share/ament_cmake_gtest/cmake)
[1.786s] -- Found gtest sources under '/opt/ros/iron/src/gtest_vendor': C++ tests using 'Google Test' will be built
[1.788s] -- Performance tests are disabled by default, so Google Benchmark tests will be skipped. To enable these tests, set the CMake variable 'AMENT_RUN_PERFORMANCE_TESTS'.
[1.801s] -- Found ament_cmake_gtest: 2.0.7 (/opt/ros/iron/share/ament_cmake_gtest/cmake)
[1.801s] -- Found gtest sources under '/opt/ros/iron/src/gtest_vendor': C++ tests using 'Google Test' will be built
[1.823s] -- Found launch_testing_ament_cmake: 2.0.4 (/opt/ros/iron/share/launch_testing_ament_cmake/cmake)
[1.823s] -- Found python_cmake_module: 0.10.2 (/opt/ros/iron/share/python_cmake_module/cmake)
[1.837s] -- Using PYTHON_EXECUTABLE: /usr/bin/python3
[1.837s] -- Using PYTHON_INCLUDE_DIRS: /usr/include/python3.10
[1.837s] -- Using PYTHON_LIBRARIES: /usr/lib/x86_64-linux-gnu/libpython3.10.so
[1.840s] --  *** Building MoveIt 2.11.0 devel ***
[1.844s] -- Configuring done
[2.184s] -- Generating done
[2.188s] -- Build files have been written to: /home/buhrmann/ws_moveit/build/moveit_core
[2.227s] [35m[1mConsolidate compiler generated dependencies of target gtest_main[0m
[2.228s] [35m[1mConsolidate compiler generated dependencies of target moveit_utils[0m
[2.230s] [35m[1mConsolidate compiler generated dependencies of target gtest[0m
[2.230s] [35m[1mConsolidate compiler generated dependencies of target gmock_main[0m
[2.230s] [35m[1mConsolidate compiler generated dependencies of target gmock[0m
[2.231s] [35m[1mConsolidate compiler generated dependencies of target moveit_smoothing_base[0m
[2.233s] [  0%] Built target moveit_butterworth_filter_parameters
[2.234s] [  1%] Built target moveit_ruckig_filter_parameters
[2.237s] [  2%] Built target moveit_acceleration_filter_parameters
[2.237s] [  2%] [32mBuilding CXX object gtest/CMakeFiles/gtest_main.dir/src/gtest_main.cc.o[0m
[2.237s] [  3%] [32mBuilding CXX object utils/CMakeFiles/moveit_utils.dir/src/lexical_casts.cpp.o[0m
[2.238s] [  3%] [32mBuilding CXX object utils/CMakeFiles/moveit_utils.dir/src/message_checks.cpp.o[0m
[2.238s] [  5%] [34m[1mGenerate version header[0m
[2.238s] [  4%] [32mBuilding CXX object utils/CMakeFiles/moveit_utils.dir/src/rclcpp_utils.cpp.o[0m
[2.240s] [  6%] [32mBuilding CXX object utils/CMakeFiles/moveit_utils.dir/src/logger.cpp.o[0m
[2.240s] [  7%] [32mBuilding CXX object gmock/CMakeFiles/gmock.dir/src/gmock-all.cc.o[0m
[2.241s] [  7%] [32mBuilding CXX object online_signal_smoothing/CMakeFiles/moveit_smoothing_base.dir/src/smoothing_base_class.cpp.o[0m
[2.243s] [  8%] [32mBuilding CXX object gmock/CMakeFiles/gmock_main.dir/src/gmock_main.cc.o[0m
[2.243s] [  8%] [32mBuilding CXX object gtest/CMakeFiles/gtest.dir/src/gtest-all.cc.o[0m
[2.245s] [  8%] [32mBuilding CXX object gmock/CMakeFiles/gmock.dir/opt/ros/iron/src/gtest_vendor/src/gtest-all.cc.o[0m
[2.268s] [  9%] [34m[1mGenerating version.h[0m
[2.278s] [  9%] Built target version_h
[2.291s] [35m[1mConsolidate compiler generated dependencies of target moveit_version[0m
[2.305s] [ 10%] [32mBuilding CXX object version/CMakeFiles/moveit_version.dir/version.cpp.o[0m
[2.454s] [ 10%] [32m[1mLinking CXX executable moveit_version[0m
[2.510s] [ 10%] Built target moveit_version
[2.652s] [ 11%] [32m[1mLinking CXX static library libgtest_main.a[0m
[2.707s] [ 11%] Built target gtest_main
[2.791s] [ 12%] [32m[1mLinking CXX static library libgmock_main.a[0m
[2.844s] [ 12%] Built target gmock_main
[4.136s] [ 13%] [32m[1mLinking CXX shared library libmoveit_smoothing_base.so[0m
[4.309s] [ 13%] [32m[1mLinking CXX shared library libmoveit_utils.so[0m
[4.361s] [ 13%] Built target moveit_smoothing_base
[4.409s] [ 13%] Built target moveit_utils
[4.421s] [35m[1mConsolidate compiler generated dependencies of target moveit_exceptions[0m
[4.421s] [35m[1mConsolidate compiler generated dependencies of target logger_dut[0m
[4.422s] [35m[1mConsolidate compiler generated dependencies of target moveit_transforms[0m
[4.424s] [35m[1mConsolidate compiler generated dependencies of target moveit_distance_field[0m
[4.431s] [ 13%] [32mBuilding CXX object exceptions/CMakeFiles/moveit_exceptions.dir/src/exceptions.cpp.o[0m
[4.434s] [ 13%] [32mBuilding CXX object utils/test/CMakeFiles/logger_dut.dir/logger_dut.cpp.o[0m
[4.437s] [ 14%] [32mBuilding CXX object transforms/CMakeFiles/moveit_transforms.dir/src/transforms.cpp.o[0m
[4.445s] [ 16%] [32mBuilding CXX object distance_field/CMakeFiles/moveit_distance_field.dir/src/propagation_distance_field.cpp.o[0m
[4.446s] [ 16%] [32mBuilding CXX object distance_field/CMakeFiles/moveit_distance_field.dir/src/distance_field.cpp.o[0m
[4.446s] [ 16%] [32mBuilding CXX object distance_field/CMakeFiles/moveit_distance_field.dir/src/find_internal_points.cpp.o[0m
[4.764s] [ 17%] [32m[1mLinking CXX shared library libmoveit_exceptions.so[0m
[4.865s] [ 17%] Built target moveit_exceptions
[4.884s] [35m[1mConsolidate compiler generated dependencies of target moveit_robot_model[0m
[4.909s] [ 18%] [32mBuilding CXX object robot_model/CMakeFiles/moveit_robot_model.dir/src/aabb.cpp.o[0m
[4.909s] [ 18%] [32mBuilding CXX object robot_model/CMakeFiles/moveit_robot_model.dir/src/fixed_joint_model.cpp.o[0m
[4.909s] [ 18%] [32mBuilding CXX object robot_model/CMakeFiles/moveit_robot_model.dir/src/floating_joint_model.cpp.o[0m
[4.910s] [ 19%] [32mBuilding CXX object robot_model/CMakeFiles/moveit_robot_model.dir/src/joint_model.cpp.o[0m
[4.910s] [ 20%] [32mBuilding CXX object robot_model/CMakeFiles/moveit_robot_model.dir/src/revolute_joint_model.cpp.o[0m
[4.911s] [ 21%] [32mBuilding CXX object robot_model/CMakeFiles/moveit_robot_model.dir/src/joint_model_group.cpp.o[0m
[4.912s] [ 22%] [32mBuilding CXX object robot_model/CMakeFiles/moveit_robot_model.dir/src/link_model.cpp.o[0m
[4.912s] [ 22%] [32mBuilding CXX object robot_model/CMakeFiles/moveit_robot_model.dir/src/planar_joint_model.cpp.o[0m
[4.913s] [ 22%] [32mBuilding CXX object robot_model/CMakeFiles/moveit_robot_model.dir/src/prismatic_joint_model.cpp.o[0m
[4.915s] [ 22%] [32mBuilding CXX object robot_model/CMakeFiles/moveit_robot_model.dir/src/robot_model.cpp.o[0m
[5.953s] [ 23%] [32m[1mLinking CXX static library libgtest.a[0m
[6.013s] [ 23%] Built target gtest
[6.101s] [ 23%] [32m[1mLinking CXX static library libgmock.a[0m
[6.169s] [ 23%] Built target gmock
[6.994s] [ 24%] [32m[1mLinking CXX executable logger_dut[0m
[7.101s] [ 24%] Built target logger_dut
[8.054s] [ 24%] [32m[1mLinking CXX shared library libmoveit_transforms.so[0m
[8.159s] [ 24%] Built target moveit_transforms
[8.168s] [35m[1mConsolidate compiler generated dependencies of target test_transforms[0m
[8.183s] [ 24%] [32mBuilding CXX object transforms/CMakeFiles/test_transforms.dir/test/test_transforms.cpp.o[0m
[8.745s] [ 25%] [32m[1mLinking CXX shared library libmoveit_distance_field.so[0m
[8.868s] [ 25%] Built target moveit_distance_field
[8.879s] [35m[1mConsolidate compiler generated dependencies of target test_voxel_grid[0m
[8.879s] [35m[1mConsolidate compiler generated dependencies of target test_distance_field[0m
[8.894s] [ 26%] [32mBuilding CXX object distance_field/CMakeFiles/test_voxel_grid.dir/test/test_voxel_grid.cpp.o[0m
[8.896s] [ 27%] [32mBuilding CXX object distance_field/CMakeFiles/test_distance_field.dir/test/test_distance_field.cpp.o[0m
[9.544s] [ 28%] [32m[1mLinking CXX executable test_transforms[0m
[9.648s] [ 28%] Built target test_transforms
[10.003s] [ 29%] [32m[1mLinking CXX shared library libmoveit_robot_model.so[0m
[10.107s] [ 29%] Built target moveit_robot_model
[10.117s] [35m[1mConsolidate compiler generated dependencies of target moveit_kinematics_base[0m
[10.120s] [35m[1mConsolidate compiler generated dependencies of target moveit_butterworth_filter[0m
[10.134s] [ 29%] [32mBuilding CXX object kinematics_base/CMakeFiles/moveit_kinematics_base.dir/src/kinematics_base.cpp.o[0m
[10.135s] [ 29%] [32mBuilding CXX object online_signal_smoothing/CMakeFiles/moveit_butterworth_filter.dir/src/butterworth_filter.cpp.o[0m
[11.135s] [ 29%] [32m[1mLinking CXX executable test_voxel_grid[0m
[11.483s] [ 29%] Built target test_voxel_grid
[12.365s] [ 30%] [32m[1mLinking CXX shared library libmoveit_kinematics_base.so[0m
[12.446s] [ 30%] Built target moveit_kinematics_base
[12.468s] [35m[1mConsolidate compiler generated dependencies of target moveit_test_utils[0m
[12.470s] [35m[1mConsolidate compiler generated dependencies of target moveit_robot_state[0m
[12.489s] [ 30%] [32mBuilding CXX object utils/CMakeFiles/moveit_test_utils.dir/src/robot_model_test_utils.cpp.o[0m
[12.491s] [ 31%] [32mBuilding CXX object robot_state/CMakeFiles/moveit_robot_state.dir/src/attached_body.cpp.o[0m
[12.493s] [ 31%] [32mBuilding CXX object robot_state/CMakeFiles/moveit_robot_state.dir/src/conversions.cpp.o[0m
[12.494s] [ 32%] [32mBuilding CXX object robot_state/CMakeFiles/moveit_robot_state.dir/src/robot_state.cpp.o[0m
[12.494s] [ 32%] [32mBuilding CXX object robot_state/CMakeFiles/moveit_robot_state.dir/src/cartesian_interpolator.cpp.o[0m
[13.367s] [ 33%] [32m[1mLinking CXX shared library libmoveit_butterworth_filter.so[0m
[13.491s] [ 33%] Built target moveit_butterworth_filter
[13.506s] [35m[1mConsolidate compiler generated dependencies of target test_butterworth_filter[0m
[13.525s] [ 34%] [32mBuilding CXX object online_signal_smoothing/CMakeFiles/test_butterworth_filter.dir/test/test_butterworth_filter.cpp.o[0m
[13.706s] [ 34%] [32m[1mLinking CXX executable test_distance_field[0m
[13.861s] [ 34%] Built target test_distance_field
[16.868s] [ 34%] [32m[1mLinking CXX executable test_butterworth_filter[0m
[16.973s] [ 34%] Built target test_butterworth_filter
[19.394s] [ 35%] [32m[1mLinking CXX shared library libmoveit_test_utils.so[0m
[19.511s] [ 35%] Built target moveit_test_utils
[19.525s] [35m[1mConsolidate compiler generated dependencies of target test_robot_model[0m
[19.541s] [ 36%] [32mBuilding CXX object robot_model/CMakeFiles/test_robot_model.dir/test/test.cpp.o[0m
[22.122s] [ 36%] [32m[1mLinking CXX executable test_robot_model[0m
[22.267s] [ 36%] Built target test_robot_model
[23.843s] [ 37%] [32m[1mLinking CXX shared library libmoveit_robot_state.so[0m
[23.968s] [ 37%] Built target moveit_robot_state
[23.995s] [35m[1mConsolidate compiler generated dependencies of target robot_state_benchmark[0m
[23.995s] [35m[1mConsolidate compiler generated dependencies of target moveit_dynamics_solver[0m
[23.996s] [35m[1mConsolidate compiler generated dependencies of target test_robot_state_complex[0m
[23.996s] [35m[1mConsolidate compiler generated dependencies of target moveit_ruckig_filter[0m
[23.996s] [35m[1mConsolidate compiler generated dependencies of target moveit_acceleration_filter[0m
[23.996s] [35m[1mConsolidate compiler generated dependencies of target test_aabb[0m
[23.996s] [35m[1mConsolidate compiler generated dependencies of target moveit_robot_trajectory[0m
[23.996s] [35m[1mConsolidate compiler generated dependencies of target test_robot_state[0m
[23.997s] [35m[1mConsolidate compiler generated dependencies of target test_cartesian_interpolator[0m
[23.997s] [35m[1mConsolidate compiler generated dependencies of target moveit_kinematics_metrics[0m
[24.011s] [35m[1mConsolidate compiler generated dependencies of target moveit_collision_detection[0m
[24.024s] [ 39%] [32mBuilding CXX object robot_state/CMakeFiles/test_cartesian_interpolator.dir/test/test_cartesian_interpolator.cpp.o[0m
[24.024s] [ 39%] [32mBuilding CXX object online_signal_smoothing/CMakeFiles/moveit_ruckig_filter.dir/src/ruckig_filter.cpp.o[0m
[24.024s] [ 39%] [32mBuilding CXX object kinematics_metrics/CMakeFiles/moveit_kinematics_metrics.dir/src/kinematics_metrics.cpp.o[0m
[24.025s] [ 39%] [32mBuilding CXX object robot_state/CMakeFiles/test_robot_state_complex.dir/test/test_kinematic_complex.cpp.o[0m
[24.025s] [ 40%] [32mBuilding CXX object robot_state/CMakeFiles/robot_state_benchmark.dir/test/robot_state_benchmark.cpp.o[0m
[24.026s] [ 41%] [32mBuilding CXX object online_signal_smoothing/CMakeFiles/moveit_acceleration_filter.dir/src/acceleration_filter.cpp.o[0m
[24.029s] [ 42%] [32mBuilding CXX object robot_state/CMakeFiles/test_aabb.dir/test/test_aabb.cpp.o[0m
[24.031s] [ 42%] [32mBuilding CXX object robot_trajectory/CMakeFiles/moveit_robot_trajectory.dir/src/robot_trajectory.cpp.o[0m
[24.032s] [ 42%] [32mBuilding CXX object dynamics_solver/CMakeFiles/moveit_dynamics_solver.dir/src/dynamics_solver.cpp.o[0m
[24.033s] [ 43%] [32mBuilding CXX object robot_state/CMakeFiles/test_robot_state.dir/test/robot_state_test.cpp.o[0m
[24.062s] [ 44%] [32mBuilding CXX object collision_detection/CMakeFiles/moveit_collision_detection.dir/src/allvalid/collision_env_allvalid.cpp.o[0m
[24.062s] [ 44%] [32mBuilding CXX object collision_detection/CMakeFiles/moveit_collision_detection.dir/src/collision_common.cpp.o[0m
[24.064s] [ 45%] [32mBuilding CXX object collision_detection/CMakeFiles/moveit_collision_detection.dir/src/collision_matrix.cpp.o[0m
[24.068s] [ 46%] [32mBuilding CXX object collision_detection/CMakeFiles/moveit_collision_detection.dir/src/collision_octomap_filter.cpp.o[0m
[24.069s] [ 46%] [32mBuilding CXX object collision_detection/CMakeFiles/moveit_collision_detection.dir/src/world_diff.cpp.o[0m
[24.073s] [ 46%] [32mBuilding CXX object collision_detection/CMakeFiles/moveit_collision_detection.dir/src/collision_tools.cpp.o[0m
[24.073s] [ 47%] [32mBuilding CXX object collision_detection/CMakeFiles/moveit_collision_detection.dir/src/world.cpp.o[0m
[24.074s] [ 48%] [32mBuilding CXX object collision_detection/CMakeFiles/moveit_collision_detection.dir/src/collision_env.cpp.o[0m
[24.074s] [ 48%] [32mBuilding CXX object collision_detection/CMakeFiles/moveit_collision_detection.dir/src/collision_plugin_cache.cpp.o[0m
[27.335s] [ 49%] [32m[1mLinking CXX executable test_cartesian_interpolator[0m
[27.541s] [ 49%] Built target test_cartesian_interpolator
[28.797s] [ 49%] [32m[1mLinking CXX executable test_robot_state_complex[0m
[29.017s] [ 49%] Built target test_robot_state_complex
[29.543s] [ 49%] [32m[1mLinking CXX executable robot_state_benchmark[0m
[29.709s] [ 50%] [32m[1mLinking CXX shared library libmoveit_dynamics_solver.so[0m
[29.761s] [ 50%] Built target robot_state_benchmark
[29.854s] [ 50%] Built target moveit_dynamics_solver
[30.394s] [ 50%] [32m[1mLinking CXX shared library libmoveit_acceleration_filter.so[0m
[30.536s] [ 50%] Built target moveit_acceleration_filter
[30.541s] [ 51%] [32m[1mLinking CXX executable test_aabb[0m
[30.551s] [35m[1mConsolidate compiler generated dependencies of target test_acceleration_filter[0m
[30.572s] [ 51%] [32mBuilding CXX object online_signal_smoothing/CMakeFiles/test_acceleration_filter.dir/test/test_acceleration_filter.cpp.o[0m
[30.740s] [ 51%] Built target test_aabb
[30.871s] [ 52%] [32m[1mLinking CXX shared library libmoveit_ruckig_filter.so[0m
[31.007s] [ 52%] Built target moveit_ruckig_filter
[31.792s] [ 53%] [32m[1mLinking CXX shared library libmoveit_collision_detection.so[0m
[31.885s] [ 54%] [32m[1mLinking CXX shared library libmoveit_robot_trajectory.so[0m
[31.929s] [ 54%] Built target moveit_collision_detection
[31.940s] [35m[1mConsolidate compiler generated dependencies of target test_world_diff[0m
[31.940s] [35m[1mConsolidate compiler generated dependencies of target test_all_valid[0m
[31.941s] [35m[1mConsolidate compiler generated dependencies of target test_world[0m
[31.941s] [35m[1mConsolidate compiler generated dependencies of target moveit_collision_detection_fcl[0m
[31.948s] [35m[1mConsolidate compiler generated dependencies of target moveit_collision_detection_bullet[0m
[31.955s] [ 55%] [32mBuilding CXX object collision_detection/CMakeFiles/test_world_diff.dir/test/test_world_diff.cpp.o[0m
[31.956s] [ 56%] [32mBuilding CXX object collision_detection/CMakeFiles/test_world.dir/test/test_world.cpp.o[0m
[31.957s] [ 56%] [32mBuilding CXX object collision_detection/CMakeFiles/test_all_valid.dir/test/test_all_valid.cpp.o[0m
[31.964s] [ 57%] [32mBuilding CXX object collision_detection_fcl/CMakeFiles/moveit_collision_detection_fcl.dir/src/collision_common.cpp.o[0m
[31.964s] [ 57%] [32mBuilding CXX object collision_detection_fcl/CMakeFiles/moveit_collision_detection_fcl.dir/src/collision_env_fcl.cpp.o[0m
[31.987s] [ 58%] [32mBuilding CXX object collision_detection_bullet/CMakeFiles/moveit_collision_detection_bullet.dir/src/bullet_integration/bullet_utils.cpp.o[0m
[31.989s] [ 58%] [32mBuilding CXX object collision_detection_bullet/CMakeFiles/moveit_collision_detection_bullet.dir/src/bullet_integration/bullet_discrete_bvh_manager.cpp.o[0m
[31.990s] [ 59%] [32mBuilding CXX object collision_detection_bullet/CMakeFiles/moveit_collision_detection_bullet.dir/src/bullet_integration/bullet_cast_bvh_manager.cpp.o[0m
[31.990s] [ 59%] [32mBuilding CXX object collision_detection_bullet/CMakeFiles/moveit_collision_detection_bullet.dir/src/collision_env_bullet.cpp.o[0m
[31.992s] [ 60%] [32mBuilding CXX object collision_detection_bullet/CMakeFiles/moveit_collision_detection_bullet.dir/src/bullet_integration/bullet_bvh_manager.cpp.o[0m
[31.993s] [ 60%] [32mBuilding CXX object collision_detection_bullet/CMakeFiles/moveit_collision_detection_bullet.dir/src/bullet_integration/contact_checker_common.cpp.o[0m
[31.994s] [ 61%] [32mBuilding CXX object collision_detection_bullet/CMakeFiles/moveit_collision_detection_bullet.dir/src/bullet_integration/ros_bullet_utils.cpp.o[0m
[32.034s] [ 61%] Built target moveit_robot_trajectory
[32.045s] [35m[1mConsolidate compiler generated dependencies of target test_robot_trajectory[0m
[32.047s] [35m[1mConsolidate compiler generated dependencies of target moveit_trajectory_processing[0m
[32.065s] [ 62%] [32mBuilding CXX object robot_trajectory/CMakeFiles/test_robot_trajectory.dir/test/test_robot_trajectory.cpp.o[0m
[32.070s] [ 63%] [32mBuilding CXX object trajectory_processing/CMakeFiles/moveit_trajectory_processing.dir/src/trajectory_tools.cpp.o[0m
[32.073s] [ 63%] [32mBuilding CXX object trajectory_processing/CMakeFiles/moveit_trajectory_processing.dir/src/ruckig_traj_smoothing.cpp.o[0m
[32.074s] [ 64%] [32mBuilding CXX object trajectory_processing/CMakeFiles/moveit_trajectory_processing.dir/src/time_optimal_trajectory_generation.cpp.o[0m
[34.262s] [ 64%] [32m[1mLinking CXX executable test_robot_state[0m
[34.497s] [ 64%] Built target test_robot_state
[36.251s] [ 65%] [32m[1mLinking CXX shared library libmoveit_kinematics_metrics.so[0m
[36.444s] [ 65%] Built target moveit_kinematics_metrics
[37.016s] [ 65%] [32m[1mLinking CXX executable test_world[0m
[37.087s] [ 65%] [32m[1mLinking CXX executable test_world_diff[0m
[37.225s] [ 65%] Built target test_world
[37.349s] [ 65%] Built target test_world_diff
[37.367s] [ 66%] [32m[1mLinking CXX executable test_acceleration_filter[0m
[37.585s] [ 66%] Built target test_acceleration_filter
[38.253s] [ 67%] [32m[1mLinking CXX executable test_all_valid[0m
[38.440s] [ 67%] Built target test_all_valid
[38.787s] [ 68%] [32m[1mLinking CXX executable test_robot_trajectory[0m
[38.984s] [ 68%] Built target test_robot_trajectory
[39.048s] [ 68%] [32m[1mLinking CXX shared library libmoveit_collision_detection_fcl.so[0m
[39.088s] [ 69%] [32m[1mLinking CXX shared library libmoveit_collision_detection_bullet.so[0m
[39.197s] [ 69%] Built target moveit_collision_detection_fcl
[39.207s] [35m[1mConsolidate compiler generated dependencies of target test_fcl_collision_env[0m
[39.209s] [35m[1mConsolidate compiler generated dependencies of target test_fcl_collision_detection[0m
[39.210s] [35m[1mConsolidate compiler generated dependencies of target test_fcl_collision_detection_panda[0m
[39.211s] [35m[1mConsolidate compiler generated dependencies of target moveit_kinematic_constraints[0m
[39.221s] [ 69%] Built target moveit_collision_detection_bullet
[39.224s] [ 70%] [32mBuilding CXX object collision_detection_fcl/CMakeFiles/test_fcl_collision_detection.dir/test/test_fcl_collision_detection_pr2.cpp.o[0m
[39.225s] [ 70%] [32mBuilding CXX object collision_detection_fcl/CMakeFiles/test_fcl_collision_env.dir/test/test_fcl_env.cpp.o[0m
[39.231s] [35m[1mConsolidate compiler generated dependencies of target test_bullet_continuous_collision_checking[0m
[39.231s] [ 71%] [32mBuilding CXX object collision_detection_fcl/CMakeFiles/test_fcl_collision_detection_panda.dir/test/test_fcl_collision_detection_panda.cpp.o[0m
[39.232s] [35m[1mConsolidate compiler generated dependencies of target test_bullet_collision_detection_panda[0m
[39.233s] [35m[1mConsolidate compiler generated dependencies of target test_bullet_collision_detection[0m
[39.234s] [ 72%] [32mBuilding CXX object kinematic_constraints/CMakeFiles/moveit_kinematic_constraints.dir/src/kinematic_constraint.cpp.o[0m
[39.235s] [ 72%] [32mBuilding CXX object kinematic_constraints/CMakeFiles/moveit_kinematic_constraints.dir/src/utils.cpp.o[0m
[39.246s] [ 73%] [32mBuilding CXX object collision_detection_bullet/CMakeFiles/test_bullet_continuous_collision_checking.dir/test/test_bullet_continuous_collision_checking.cpp.o[0m
[39.251s] [ 74%] [32mBuilding CXX object collision_detection_bullet/CMakeFiles/test_bullet_collision_detection_panda.dir/test/test_bullet_collision_detection_panda.cpp.o[0m
[39.253s] [ 74%] [32mBuilding CXX object collision_detection_bullet/CMakeFiles/test_bullet_collision_detection.dir/test/test_bullet_collision_detection_pr2.cpp.o[0m
[40.252s] [ 74%] [32m[1mLinking CXX shared library libmoveit_trajectory_processing.so[0m
[40.399s] [ 74%] Built target moveit_trajectory_processing
[40.415s] [35m[1mConsolidate compiler generated dependencies of target test_ruckig_traj_smoothing[0m
[40.415s] [35m[1mConsolidate compiler generated dependencies of target test_time_optimal_trajectory_generation[0m
[40.415s] [35m[1mConsolidate compiler generated dependencies of target robot_trajectory_benchmark[0m
[40.435s] [ 74%] [32mBuilding CXX object trajectory_processing/CMakeFiles/test_time_optimal_trajectory_generation.dir/test/test_time_optimal_trajectory_generation.cpp.o[0m
[40.438s] [ 75%] [32mBuilding CXX object trajectory_processing/CMakeFiles/test_ruckig_traj_smoothing.dir/test/test_ruckig_traj_smoothing.cpp.o[0m
[40.438s] [ 75%] [32mBuilding CXX object trajectory_processing/CMakeFiles/robot_trajectory_benchmark.dir/test/robot_trajectory_benchmark.cpp.o[0m
[44.277s] [ 75%] [32m[1mLinking CXX executable test_bullet_collision_detection_panda[0m
[44.587s] [ 76%] [32m[1mLinking CXX executable test_fcl_collision_env[0m
[44.601s] [ 76%] Built target test_bullet_collision_detection_panda
[44.820s] [ 76%] Built target test_fcl_collision_env
[45.398s] [ 76%] [32m[1mLinking CXX executable robot_trajectory_benchmark[0m
[45.597s] [ 76%] Built target robot_trajectory_benchmark
[45.618s] [ 76%] [32m[1mLinking CXX executable test_bullet_continuous_collision_checking[0m
[45.694s] [ 76%] [32m[1mLinking CXX executable test_fcl_collision_detection[0m
[45.826s] [ 76%] Built target test_bullet_continuous_collision_checking
[45.931s] [ 76%] Built target test_fcl_collision_detection
[46.229s] [ 77%] [32m[1mLinking CXX executable test_bullet_collision_detection[0m
[46.464s] [ 77%] Built target test_bullet_collision_detection
[46.584s] [ 78%] [32m[1mLinking CXX executable test_ruckig_traj_smoothing[0m
[46.776s] [ 78%] Built target test_ruckig_traj_smoothing
[47.004s] [ 79%] [32m[1mLinking CXX executable test_time_optimal_trajectory_generation[0m
[47.165s] [ 79%] Built target test_time_optimal_trajectory_generation
[47.173s] [ 80%] [32m[1mLinking CXX executable test_fcl_collision_detection_panda[0m
[47.337s] [ 80%] Built target test_fcl_collision_detection_panda
[47.879s] [ 81%] [32m[1mLinking CXX shared library libmoveit_kinematic_constraints.so[0m
[48.015s] [ 81%] Built target moveit_kinematic_constraints
[48.032s] [35m[1mConsolidate compiler generated dependencies of target test_orientation_constraints[0m
[48.032s] [35m[1mConsolidate compiler generated dependencies of target test_constraints[0m
[48.032s] [35m[1mConsolidate compiler generated dependencies of target moveit_planning_scene[0m
[48.053s] [ 81%] [32mBuilding CXX object kinematic_constraints/CMakeFiles/test_orientation_constraints.dir/test/test_orientation_constraints.cpp.o[0m
[48.054s] [ 82%] [32mBuilding CXX object kinematic_constraints/CMakeFiles/test_constraints.dir/test/test_constraints.cpp.o[0m
[48.062s] [ 82%] [32mBuilding CXX object planning_scene/CMakeFiles/moveit_planning_scene.dir/src/planning_scene.cpp.o[0m
[52.918s] [ 83%] [32m[1mLinking CXX executable test_orientation_constraints[0m
[53.093s] [ 83%] Built target test_orientation_constraints
[53.581s] [ 83%] [32m[1mLinking CXX executable test_constraints[0m
[53.752s] [ 83%] Built target test_constraints
[56.983s] [ 84%] [32m[1mLinking CXX shared library libmoveit_planning_scene.so[0m
[57.118s] [ 84%] Built target moveit_planning_scene
[57.133s] [35m[1mConsolidate compiler generated dependencies of target test_planning_scene[0m
[57.133s] [35m[1mConsolidate compiler generated dependencies of target collision_detector_bullet_plugin[0m
[57.134s] [35m[1mConsolidate compiler generated dependencies of target test_multi_threaded[0m
[57.135s] [35m[1mConsolidate compiler generated dependencies of target collision_detector_fcl_plugin[0m
[57.135s] [35m[1mConsolidate compiler generated dependencies of target moveit_collision_distance_field[0m
[57.135s] [35m[1mConsolidate compiler generated dependencies of target test_collision_objects[0m
[57.135s] [35m[1mConsolidate compiler generated dependencies of target moveit_constraint_samplers[0m
[57.136s] [35m[1mConsolidate compiler generated dependencies of target moveit_planning_interface[0m
[57.147s] [ 84%] [32mBuilding CXX object collision_detection_bullet/CMakeFiles/collision_detector_bullet_plugin.dir/src/collision_detector_bullet_plugin_loader.cpp.o[0m
[57.152s] [ 84%] [32mBuilding CXX object planning_scene/CMakeFiles/test_multi_threaded.dir/test/test_multi_threaded.cpp.o[0m
[57.156s] [ 84%] [32mBuilding CXX object constraint_samplers/CMakeFiles/moveit_constraint_samplers.dir/src/constraint_sampler_manager.cpp.o[0m
[57.156s] [ 85%] [32mBuilding CXX object planning_interface/CMakeFiles/moveit_planning_interface.dir/src/planning_response.cpp.o[0m
[57.156s] [ 85%] [32mBuilding CXX object planning_scene/CMakeFiles/test_collision_objects.dir/test/test_collision_objects.cpp.o[0m
[57.157s] [ 86%] [32mBuilding CXX object planning_scene/CMakeFiles/test_planning_scene.dir/test/test_planning_scene.cpp.o[0m
[57.157s] [ 87%] [32mBuilding CXX object constraint_samplers/CMakeFiles/moveit_constraint_samplers.dir/src/constraint_sampler_tools.cpp.o[0m
[57.158s] [ 87%] [32mBuilding CXX object constraint_samplers/CMakeFiles/moveit_constraint_samplers.dir/src/default_constraint_samplers.cpp.o[0m
[57.159s] [ 88%] [32mBuilding CXX object constraint_samplers/CMakeFiles/moveit_constraint_samplers.dir/src/union_constraint_sampler.cpp.o[0m
[57.161s] [ 89%] [32mBuilding CXX object constraint_samplers/CMakeFiles/moveit_constraint_samplers.dir/src/constraint_sampler.cpp.o[0m
[57.161s] [ 89%] [32mBuilding CXX object collision_detection_fcl/CMakeFiles/collision_detector_fcl_plugin.dir/src/collision_detector_fcl_plugin_loader.cpp.o[0m
[57.163s] [ 89%] [32mBuilding CXX object planning_interface/CMakeFiles/moveit_planning_interface.dir/src/planning_interface.cpp.o[0m
[57.164s] [ 90%] [32mBuilding CXX object collision_distance_field/CMakeFiles/moveit_collision_distance_field.dir/src/collision_distance_field_types.cpp.o[0m
[57.167s] [ 91%] [32mBuilding CXX object collision_distance_field/CMakeFiles/moveit_collision_distance_field.dir/src/collision_env_distance_field.cpp.o[0m
[57.173s] [ 91%] [32mBuilding CXX object collision_distance_field/CMakeFiles/moveit_collision_distance_field.dir/src/collision_common_distance_field.cpp.o[0m
[57.176s] [ 91%] [32mBuilding CXX object collision_distance_field/CMakeFiles/moveit_collision_distance_field.dir/src/collision_env_hybrid.cpp.o[0m
[63.032s] [ 92%] [32m[1mLinking CXX shared library libcollision_detector_fcl_plugin.so[0m
[63.201s] [ 93%] [32m[1mLinking CXX executable test_multi_threaded[0m
[63.234s] [ 93%] Built target collision_detector_fcl_plugin
[63.440s] [ 93%] Built target test_multi_threaded
[64.104s] [ 94%] [32m[1mLinking CXX shared library libcollision_detector_bullet_plugin.so[0m
[64.268s] [ 94%] Built target collision_detector_bullet_plugin
[64.298s] [ 95%] [32m[1mLinking CXX executable test_collision_objects[0m
[64.520s] [ 95%] Built target test_collision_objects
[65.416s] [ 95%] [32m[1mLinking CXX shared library libmoveit_constraint_samplers.so[0m
[65.544s] [ 95%] Built target moveit_constraint_samplers
[65.558s] [35m[1mConsolidate compiler generated dependencies of target test_constraint_samplers[0m
[65.580s] [ 96%] [32mBuilding CXX object constraint_samplers/CMakeFiles/test_constraint_samplers.dir/test/pr2_arm_kinematics_plugin.cpp.o[0m
[65.580s] [ 96%] [32mBuilding CXX object constraint_samplers/CMakeFiles/test_constraint_samplers.dir/test/test_constraint_samplers.cpp.o[0m
[65.580s] [ 96%] [32mBuilding CXX object constraint_samplers/CMakeFiles/test_constraint_samplers.dir/test/pr2_arm_ik.cpp.o[0m
[66.084s] [ 97%] [32m[1mLinking CXX shared library libmoveit_planning_interface.so[0m
[66.204s] [ 97%] Built target moveit_planning_interface
[66.906s] [ 98%] [32m[1mLinking CXX shared library libmoveit_collision_distance_field.so[0m
[67.063s] [ 98%] Built target moveit_collision_distance_field
[67.077s] [35m[1mConsolidate compiler generated dependencies of target test_collision_distance_field[0m
[67.097s] [ 98%] [32mBuilding CXX object collision_distance_field/CMakeFiles/test_collision_distance_field.dir/test/test_collision_distance_field.cpp.o[0m
[69.091s] [ 98%] [32m[1mLinking CXX executable test_planning_scene[0m
[69.292s] [ 98%] Built target test_planning_scene
[72.572s] [ 99%] [32m[1mLinking CXX executable test_collision_distance_field[0m
[72.749s] [ 99%] Built target test_collision_distance_field
[72.750s] [100%] [32m[1mLinking CXX executable test_constraint_samplers[0m
[72.945s] [100%] Built target test_constraint_samplers
