[0.020s] Invoking command in '/home/buhrmann/ws_moveit/build/point_cloud_circle_detector': CMAKE_PREFIX_PATH=${CMAKE_PREFIX_PATH}:/home/buhrmann/ws_moveit/install/ros2_azure_bridge:/home/buhrmann/ws_moveit/install/moveit_configs_utils:/opt/ros/iron /usr/bin/cmake --build /home/buhrmann/ws_moveit/build/point_cloud_circle_detector -- -j28 -l28
[0.123s] [  6%] Built target point_cloud_cylinder_detector
[0.127s] [35m[1mConsolidate compiler generated dependencies of target plantplot_placement[0m
[0.147s] [ 13%] Built target point_cloud_plantpot_ppf_detector
[0.148s] [ 20%] Built target point_cloud_plantpot_pfh_detector
[0.149s] [ 26%] Built target cup_pointcloud_segmentation_color
[0.151s] [ 33%] Built target cup_segmentation_color
[0.154s] [ 43%] Built target point_cloud_plantpot_detector
[0.154s] [ 46%] Built target rgb_edge_filter
[0.159s] [ 53%] Built target image_based_hsv_color_filter
[0.159s] [ 60%] Built target point_cloud_circle_detector
[0.159s] [ 66%] Built target point_cloud_plantpot_edge_pfh_detector
[0.159s] [ 73%] Built target hsv_color_filter
[0.161s] [ 80%] Built target point_cloud_plantpot_rgb_edge_pfh_detector
[0.166s] [ 86%] Built target plantplot_ransac_conversion
[0.169s] [ 93%] Built target plantplot_icp_conversion
[0.185s] [ 96%] [32mBuilding CXX object CMakeFiles/plantplot_placement.dir/src/plantplot_placement.cpp.o[0m
[9.512s] [01m[K/home/buhrmann/ws_moveit/src/point_cloud_circle_detector/src/plantplot_placement.cpp:[m[K In member function ‘[01m[Kvoid PointCloudCustomObjectMatcher::listener_callback(sensor_msgs::msg::PointCloud2_<std::allocator<void> >::SharedPtr)[m[K’:
[9.512s] [01m[K/home/buhrmann/ws_moveit/src/point_cloud_circle_detector/src/plantplot_placement.cpp:208:13:[m[K [01;31m[Kerror: [m[Kexpected ‘[01m[K;[m[K’ before ‘[01m[Kstd[m[K’
[9.512s]   208 |             [01;31m[Kstd[m[K::vector<moveit_msgs::msg::CollisionObject> collision_objects;
[9.512s]       |             [01;31m[K^~~[m[K
[9.563s] [01m[K/home/buhrmann/ws_moveit/src/point_cloud_circle_detector/src/plantplot_placement.cpp:217:39:[m[K [01;31m[Kerror: [m[K‘[01m[Krpy_to_quaternion[m[K’ was not declared in this scope
[9.564s]   217 |             object_pose.orientation = [01;31m[Krpy_to_quaternion[m[K(roll, pitch, yaw);
[9.564s]       |                                       [01;31m[K^~~~~~~~~~~~~~~~~[m[K
[9.600s] [01m[K/home/buhrmann/ws_moveit/src/point_cloud_circle_detector/src/plantplot_placement.cpp:221:64:[m[K [01;31m[Kerror: [m[K‘[01m[KcreateMeshObject[m[K’ was not declared in this scope
[9.600s]   221 |             moveit_msgs::msg::CollisionObject sensor_station = [01;31m[KcreateMeshObject[m[K("Sensor_Station", stl_path, object_pose);
[9.600s]       |                                                                [01;31m[K^~~~~~~~~~~~~~~~[m[K
[9.653s] [01m[K/home/buhrmann/ws_moveit/src/point_cloud_circle_detector/src/plantplot_placement.cpp:222:13:[m[K [01;31m[Kerror: [m[K‘[01m[Kcollision_objects[m[K’ was not declared in this scope
[9.654s]   222 |             [01;31m[Kcollision_objects[m[K.push_back(sensor_station);
[9.654s]       |             [01;31m[K^~~~~~~~~~~~~~~~~[m[K
[17.775s] gmake[2]: *** [CMakeFiles/plantplot_placement.dir/build.make:76: CMakeFiles/plantplot_placement.dir/src/plantplot_placement.cpp.o] Error 1
[17.776s] gmake[1]: *** [CMakeFiles/Makefile2:529: CMakeFiles/plantplot_placement.dir/all] Error 2
[17.776s] gmake: *** [Makefile:146: all] Error 2
[17.778s] Invoked command in '/home/buhrmann/ws_moveit/build/point_cloud_circle_detector' returned '2': CMAKE_PREFIX_PATH=${CMAKE_PREFIX_PATH}:/home/buhrmann/ws_moveit/install/ros2_azure_bridge:/home/buhrmann/ws_moveit/install/moveit_configs_utils:/opt/ros/iron /usr/bin/cmake --build /home/buhrmann/ws_moveit/build/point_cloud_circle_detector -- -j28 -l28
