[35m[1mConsolidate compiler generated dependencies of target gtest[0m
[  4%] Built target gtest
[  8%] Built target gtest_main
[35m[1mConsolidate compiler generated dependencies of target moveit_setup_srdf_plugins[0m
[ 10%] [32mBuilding CXX object CMakeFiles/moveit_setup_srdf_plugins.dir/src/compute_default_collisions.cpp.o[0m
[ 12%] [32mBuilding CXX object CMakeFiles/moveit_setup_srdf_plugins.dir/src/default_collisions.cpp.o[0m
[ 14%] [32mBuilding CXX object CMakeFiles/moveit_setup_srdf_plugins.dir/src/default_collisions_widget.cpp.o[0m
[ 16%] [32mBuilding CXX object CMakeFiles/moveit_setup_srdf_plugins.dir/src/end_effectors_widget.cpp.o[0m
[ 18%] [32mBuilding CXX object CMakeFiles/moveit_setup_srdf_plugins.dir/src/group_edit_widget.cpp.o[0m
[ 20%] [32mBuilding CXX object CMakeFiles/moveit_setup_srdf_plugins.dir/src/kinematic_chain_widget.cpp.o[0m
[ 22%] [32mBuilding CXX object CMakeFiles/moveit_setup_srdf_plugins.dir/src/passive_joints_widget.cpp.o[0m
[ 25%] [32mBuilding CXX object CMakeFiles/moveit_setup_srdf_plugins.dir/src/planning_groups.cpp.o[0m
[ 27%] [32mBuilding CXX object CMakeFiles/moveit_setup_srdf_plugins.dir/src/planning_groups_widget.cpp.o[0m
[ 29%] [32mBuilding CXX object CMakeFiles/moveit_setup_srdf_plugins.dir/src/robot_poses.cpp.o[0m
[ 31%] [32mBuilding CXX object CMakeFiles/moveit_setup_srdf_plugins.dir/src/robot_poses_widget.cpp.o[0m
[ 33%] [32mBuilding CXX object CMakeFiles/moveit_setup_srdf_plugins.dir/src/virtual_joints_widget.cpp.o[0m
[ 35%] [32mBuilding CXX object CMakeFiles/moveit_setup_srdf_plugins.dir/include/moveit_setup_srdf_plugins/moc_default_collisions_widget.cpp.o[0m
[ 37%] [32mBuilding CXX object CMakeFiles/moveit_setup_srdf_plugins.dir/include/moveit_setup_srdf_plugins/moc_group_edit_widget.cpp.o[0m
[ 39%] [32mBuilding CXX object CMakeFiles/moveit_setup_srdf_plugins.dir/include/moveit_setup_srdf_plugins/moc_end_effectors_widget.cpp.o[0m
[ 41%] [32mBuilding CXX object CMakeFiles/moveit_setup_srdf_plugins.dir/include/moveit_setup_srdf_plugins/moc_kinematic_chain_widget.cpp.o[0m
[ 43%] [32mBuilding CXX object CMakeFiles/moveit_setup_srdf_plugins.dir/include/moveit_setup_srdf_plugins/moc_passive_joints_widget.cpp.o[0m
[ 45%] [32mBuilding CXX object CMakeFiles/moveit_setup_srdf_plugins.dir/include/moveit_setup_srdf_plugins/moc_planning_groups_widget.cpp.o[0m
[ 47%] [32mBuilding CXX object CMakeFiles/moveit_setup_srdf_plugins.dir/include/moveit_setup_srdf_plugins/moc_robot_poses_widget.cpp.o[0m
[ 50%] [32mBuilding CXX object CMakeFiles/moveit_setup_srdf_plugins.dir/include/moveit_setup_srdf_plugins/moc_virtual_joints_widget.cpp.o[0m
gmake[2]: *** [CMakeFiles/moveit_setup_srdf_plugins.dir/build.make:246: CMakeFiles/moveit_setup_srdf_plugins.dir/src/kinematic_chain_widget.cpp.o] Interrupt
gmake[2]: *** [CMakeFiles/moveit_setup_srdf_plugins.dir/build.make:456: CMakeFiles/moveit_setup_srdf_plugins.dir/include/moveit_setup_srdf_plugins/moc_kinematic_chain_widget.cpp.o] Interrupt
gmake[2]: *** [CMakeFiles/moveit_setup_srdf_plugins.dir/build.make:414: CMakeFiles/moveit_setup_srdf_plugins.dir/include/moveit_setup_srdf_plugins/moc_default_collisions_widget.cpp.o] Interrupt
gmake[2]: *** [CMakeFiles/moveit_setup_srdf_plugins.dir/build.make:526: CMakeFiles/moveit_setup_srdf_plugins.dir/include/moveit_setup_srdf_plugins/moc_virtual_joints_widget.cpp.o] Interrupt
gmake[2]: *** [CMakeFiles/moveit_setup_srdf_plugins.dir/build.make:498: CMakeFiles/moveit_setup_srdf_plugins.dir/include/moveit_setup_srdf_plugins/moc_robot_poses_widget.cpp.o] Interrupt
gmake[2]: *** [CMakeFiles/moveit_setup_srdf_plugins.dir/build.make:302: CMakeFiles/moveit_setup_srdf_plugins.dir/src/planning_groups_widget.cpp.o] Interrupt
gmake[2]: *** [CMakeFiles/moveit_setup_srdf_plugins.dir/build.make:316: CMakeFiles/moveit_setup_srdf_plugins.dir/src/robot_poses.cpp.o] Interrupt
gmake[2]: *** [CMakeFiles/moveit_setup_srdf_plugins.dir/build.make:330: CMakeFiles/moveit_setup_srdf_plugins.dir/src/robot_poses_widget.cpp.o] Interrupt
gmake[2]: *** [CMakeFiles/moveit_setup_srdf_plugins.dir/build.make:470: CMakeFiles/moveit_setup_srdf_plugins.dir/include/moveit_setup_srdf_plugins/moc_passive_joints_widget.cpp.o] Interrupt
gmake[2]: *** [CMakeFiles/moveit_setup_srdf_plugins.dir/build.make:484: CMakeFiles/moveit_setup_srdf_plugins.dir/include/moveit_setup_srdf_plugins/moc_planning_groups_widget.cpp.o] Interrupt
gmake[2]: *** [CMakeFiles/moveit_setup_srdf_plugins.dir/build.make:204: CMakeFiles/moveit_setup_srdf_plugins.dir/src/end_effectors_widget.cpp.o] Interrupt
gmake[2]: *** [CMakeFiles/moveit_setup_srdf_plugins.dir/build.make:288: CMakeFiles/moveit_setup_srdf_plugins.dir/src/planning_groups.cpp.o] Interrupt
gmake[2]: *** [CMakeFiles/moveit_setup_srdf_plugins.dir/build.make:428: CMakeFiles/moveit_setup_srdf_plugins.dir/include/moveit_setup_srdf_plugins/moc_end_effectors_widget.cpp.o] Interrupt
gmake[2]: *** [CMakeFiles/moveit_setup_srdf_plugins.dir/build.make:442: CMakeFiles/moveit_setup_srdf_plugins.dir/include/moveit_setup_srdf_plugins/moc_group_edit_widget.cpp.o] Interrupt
gmake[2]: *** [CMakeFiles/moveit_setup_srdf_plugins.dir/build.make:218: CMakeFiles/moveit_setup_srdf_plugins.dir/src/group_edit_widget.cpp.o] Interrupt
gmake[2]: *** [CMakeFiles/moveit_setup_srdf_plugins.dir/build.make:372: CMakeFiles/moveit_setup_srdf_plugins.dir/src/virtual_joints_widget.cpp.o] Interrupt
gmake[2]: *** [CMakeFiles/moveit_setup_srdf_plugins.dir/build.make:162: CMakeFiles/moveit_setup_srdf_plugins.dir/src/default_collisions.cpp.o] Interrupt
gmake[2]: *** [CMakeFiles/moveit_setup_srdf_plugins.dir/build.make:274: CMakeFiles/moveit_setup_srdf_plugins.dir/src/passive_joints_widget.cpp.o] Interrupt
gmake[2]: *** [CMakeFiles/moveit_setup_srdf_plugins.dir/build.make:148: CMakeFiles/moveit_setup_srdf_plugins.dir/src/compute_default_collisions.cpp.o] Interrupt
gmake[2]: *** [CMakeFiles/moveit_setup_srdf_plugins.dir/build.make:176: CMakeFiles/moveit_setup_srdf_plugins.dir/src/default_collisions_widget.cpp.o] Interrupt
gmake[1]: *** [CMakeFiles/Makefile2:157: CMakeFiles/moveit_setup_srdf_plugins.dir/all] Interrupt
gmake: *** [Makefile:146: all] Interrupt
