[0.155s] Invoking command in '/home/buhrmann/ws_moveit/build/rviz_visual_tools': CMAKE_PREFIX_PATH=${CMAKE_PREFIX_PATH}:/home/buhrmann/ws_moveit/install/moveit_configs_utils:/opt/ros/iron /usr/bin/cmake --build /home/buhrmann/ws_moveit/build/rviz_visual_tools -- -j28 -l28
[0.187s] [  2%] [34m[1mAutomatic MOC for target gtest[0m
[0.188s] [  5%] [34m[1mAutomatic MOC for target gtest_main[0m
[0.189s] [  7%] [34m[1mAutomatic MOC for target rviz_visual_tools_gui[0m
[0.195s] [ 10%] [34m[1mAutomatic MOC for target rviz_visual_tools_remote_control[0m
[0.203s] [ 10%] Built target gtest_main_autogen
[0.207s] [ 10%] Built target gtest_autogen
[0.208s] [ 10%] Built target rviz_visual_tools_gui_autogen
[0.217s] [ 10%] Built target rviz_visual_tools_remote_control_autogen
[0.218s] [ 17%] Built target gtest_main
[0.243s] [ 25%] Built target gtest
[0.256s] [ 38%] Built target rviz_visual_tools_gui
[0.257s] [ 46%] Built target rviz_visual_tools_remote_control
[0.257s] [ 48%] [34m[1mAutomatic MOC for target rviz_visual_tools[0m
[0.278s] [ 48%] Built target rviz_visual_tools_autogen
[0.299s] [ 58%] Built target rviz_visual_tools
[0.315s] [ 61%] [34m[1mAutomatic MOC for target rviz_visual_tools_rvt_test[0m
[0.315s] [ 64%] [34m[1mAutomatic MOC for target rviz_visual_tools_demo[0m
[0.321s] [ 66%] [34m[1mAutomatic MOC for target rviz_visual_tools_imarker_simple[0m
[0.330s] [ 66%] Built target rviz_visual_tools_rvt_test_autogen
[0.332s] [ 66%] Built target rviz_visual_tools_demo_autogen
[0.338s] [ 66%] Built target rviz_visual_tools_imarker_simple_autogen
[0.353s] [ 74%] Built target rviz_visual_tools_rvt_test
[0.355s] [ 82%] Built target rviz_visual_tools_imarker_simple
[0.358s] [ 89%] Built target rviz_visual_tools_demo
[0.374s] [ 92%] [34m[1mAutomatic MOC for target rviz_visual_tools_imarker_simple_demo[0m
[0.394s] [ 92%] Built target rviz_visual_tools_imarker_simple_demo_autogen
[0.420s] [100%] Built target rviz_visual_tools_imarker_simple_demo
[0.434s] Invoked command in '/home/buhrmann/ws_moveit/build/rviz_visual_tools' returned '0': CMAKE_PREFIX_PATH=${CMAKE_PREFIX_PATH}:/home/buhrmann/ws_moveit/install/moveit_configs_utils:/opt/ros/iron /usr/bin/cmake --build /home/buhrmann/ws_moveit/build/rviz_visual_tools -- -j28 -l28
[0.534s] Invoking command in '/home/buhrmann/ws_moveit/build/rviz_visual_tools': CMAKE_PREFIX_PATH=${CMAKE_PREFIX_PATH}:/home/buhrmann/ws_moveit/install/moveit_configs_utils:/opt/ros/iron /usr/bin/cmake --install /home/buhrmann/ws_moveit/build/rviz_visual_tools
[0.561s] -- Install configuration: ""
[0.561s] -- Up-to-date: /home/buhrmann/ws_moveit/install/rviz_visual_tools/share/rviz_visual_tools/plugin_description.xml
[0.561s] -- Up-to-date: /home/buhrmann/ws_moveit/install/rviz_visual_tools/lib/librviz_visual_tools.so
[0.561s] -- Up-to-date: /home/buhrmann/ws_moveit/install/rviz_visual_tools/lib/librviz_visual_tools_remote_control.so
[0.561s] -- Up-to-date: /home/buhrmann/ws_moveit/install/rviz_visual_tools/lib/librviz_visual_tools_gui.so
[0.561s] -- Up-to-date: /home/buhrmann/ws_moveit/install/rviz_visual_tools/lib/librviz_visual_tools_imarker_simple.so
[0.561s] -- Up-to-date: /home/buhrmann/ws_moveit/install/rviz_visual_tools/lib/rviz_visual_tools/rviz_visual_tools_demo
[0.561s] -- Up-to-date: /home/buhrmann/ws_moveit/install/rviz_visual_tools/lib/rviz_visual_tools/rviz_visual_tools_imarker_simple_demo
[0.561s] -- Up-to-date: /home/buhrmann/ws_moveit/install/rviz_visual_tools/include
[0.561s] -- Up-to-date: /home/buhrmann/ws_moveit/install/rviz_visual_tools/include/rviz_visual_tools
[0.561s] -- Up-to-date: /home/buhrmann/ws_moveit/install/rviz_visual_tools/include/rviz_visual_tools/remote_reciever.hpp
[0.561s] -- Up-to-date: /home/buhrmann/ws_moveit/install/rviz_visual_tools/include/rviz_visual_tools/tf_visual_tools.hpp
[0.561s] -- Up-to-date: /home/buhrmann/ws_moveit/install/rviz_visual_tools/include/rviz_visual_tools/key_tool.hpp
[0.562s] -- Up-to-date: /home/buhrmann/ws_moveit/install/rviz_visual_tools/include/rviz_visual_tools/remote_control.hpp
[0.562s] -- Up-to-date: /home/buhrmann/ws_moveit/install/rviz_visual_tools/include/rviz_visual_tools/rviz_visual_tools_gui.hpp
[0.562s] -- Up-to-date: /home/buhrmann/ws_moveit/install/rviz_visual_tools/include/rviz_visual_tools/imarker_simple.hpp
[0.562s] -- Up-to-date: /home/buhrmann/ws_moveit/install/rviz_visual_tools/include/rviz_visual_tools/rviz_visual_tools.hpp
[0.562s] -- Up-to-date: /home/buhrmann/ws_moveit/install/rviz_visual_tools/share/rviz_visual_tools/launch
[0.562s] -- Up-to-date: /home/buhrmann/ws_moveit/install/rviz_visual_tools/share/rviz_visual_tools/launch/demo_rviz.launch.py
[0.562s] -- Up-to-date: /home/buhrmann/ws_moveit/install/rviz_visual_tools/share/rviz_visual_tools/launch/demo_combined.launch.py
[0.562s] -- Up-to-date: /home/buhrmann/ws_moveit/install/rviz_visual_tools/share/rviz_visual_tools/launch/demo.rviz
[0.562s] -- Up-to-date: /home/buhrmann/ws_moveit/install/rviz_visual_tools/share/rviz_visual_tools/launch/rvt_test.launch
[0.562s] -- Up-to-date: /home/buhrmann/ws_moveit/install/rviz_visual_tools/share/rviz_visual_tools/environment/library_path.sh
[0.562s] -- Up-to-date: /home/buhrmann/ws_moveit/install/rviz_visual_tools/share/rviz_visual_tools/environment/library_path.dsv
[0.562s] -- Up-to-date: /home/buhrmann/ws_moveit/install/rviz_visual_tools/share/ament_index/resource_index/package_run_dependencies/rviz_visual_tools
[0.562s] -- Up-to-date: /home/buhrmann/ws_moveit/install/rviz_visual_tools/share/ament_index/resource_index/parent_prefix_path/rviz_visual_tools
[0.562s] -- Up-to-date: /home/buhrmann/ws_moveit/install/rviz_visual_tools/share/rviz_visual_tools/environment/ament_prefix_path.sh
[0.562s] -- Up-to-date: /home/buhrmann/ws_moveit/install/rviz_visual_tools/share/rviz_visual_tools/environment/ament_prefix_path.dsv
[0.562s] -- Up-to-date: /home/buhrmann/ws_moveit/install/rviz_visual_tools/share/rviz_visual_tools/environment/path.sh
[0.562s] -- Up-to-date: /home/buhrmann/ws_moveit/install/rviz_visual_tools/share/rviz_visual_tools/environment/path.dsv
[0.563s] -- Up-to-date: /home/buhrmann/ws_moveit/install/rviz_visual_tools/share/rviz_visual_tools/local_setup.bash
[0.563s] -- Up-to-date: /home/buhrmann/ws_moveit/install/rviz_visual_tools/share/rviz_visual_tools/local_setup.sh
[0.563s] -- Up-to-date: /home/buhrmann/ws_moveit/install/rviz_visual_tools/share/rviz_visual_tools/local_setup.zsh
[0.563s] -- Up-to-date: /home/buhrmann/ws_moveit/install/rviz_visual_tools/share/rviz_visual_tools/local_setup.dsv
[0.563s] -- Installing: /home/buhrmann/ws_moveit/install/rviz_visual_tools/share/rviz_visual_tools/package.dsv
[0.563s] -- Up-to-date: /home/buhrmann/ws_moveit/install/rviz_visual_tools/share/ament_index/resource_index/packages/rviz_visual_tools
[0.563s] -- Up-to-date: /home/buhrmann/ws_moveit/install/rviz_visual_tools/share/ament_index/resource_index/rviz_common__pluginlib__plugin/rviz_visual_tools
[0.563s] -- Up-to-date: /home/buhrmann/ws_moveit/install/rviz_visual_tools/share/rviz_visual_tools/cmake/export_rviz_visual_toolsExport.cmake
[0.563s] -- Up-to-date: /home/buhrmann/ws_moveit/install/rviz_visual_tools/share/rviz_visual_tools/cmake/export_rviz_visual_toolsExport-noconfig.cmake
[0.563s] -- Up-to-date: /home/buhrmann/ws_moveit/install/rviz_visual_tools/share/rviz_visual_tools/cmake/ament_cmake_export_targets-extras.cmake
[0.563s] -- Up-to-date: /home/buhrmann/ws_moveit/install/rviz_visual_tools/share/rviz_visual_tools/cmake/ament_cmake_export_dependencies-extras.cmake
[0.563s] -- Up-to-date: /home/buhrmann/ws_moveit/install/rviz_visual_tools/share/rviz_visual_tools/cmake/ament_cmake_export_include_directories-extras.cmake
[0.563s] -- Up-to-date: /home/buhrmann/ws_moveit/install/rviz_visual_tools/share/rviz_visual_tools/cmake/ament_cmake_export_libraries-extras.cmake
[0.563s] -- Up-to-date: /home/buhrmann/ws_moveit/install/rviz_visual_tools/share/rviz_visual_tools/cmake/rviz_visual_toolsConfig.cmake
[0.563s] -- Up-to-date: /home/buhrmann/ws_moveit/install/rviz_visual_tools/share/rviz_visual_tools/cmake/rviz_visual_toolsConfig-version.cmake
[0.563s] -- Up-to-date: /home/buhrmann/ws_moveit/install/rviz_visual_tools/share/rviz_visual_tools/package.xml
[0.576s] Invoked command in '/home/buhrmann/ws_moveit/build/rviz_visual_tools' returned '0': CMAKE_PREFIX_PATH=${CMAKE_PREFIX_PATH}:/home/buhrmann/ws_moveit/install/moveit_configs_utils:/opt/ros/iron /usr/bin/cmake --install /home/buhrmann/ws_moveit/build/rviz_visual_tools
