[0.156s] Invoking command in '/home/buhrmann/ws_moveit/build/moveit_core': CMAKE_PREFIX_PATH=/home/buhrmann/ws_moveit/install/moveit_resources_panda_moveit_config:/home/buhrmann/ws_moveit/install/moveit_resources_pr2_description:/home/buhrmann/ws_moveit/install/moveit_resources_panda_description:/home/buhrmann/ws_moveit/install/moveit_msgs:/home/buhrmann/ws_moveit/install/moveit_common:/home/buhrmann/ws_moveit/install/ur5_moveit_test:/home/buhrmann/ws_moveit/install/ur5_camera_moveit_config2:/home/buhrmann/ws_moveit/install/ur5_camera_moveit_config:/home/buhrmann/ws_moveit/install/ur5_description_controller:/home/buhrmann/ws_moveit/install/ur3_camera_moveit_config:/home/buhrmann/ws_moveit/install/ur3_description_controller:/home/buhrmann/ws_moveit/install/robotiq_hardware_tests:/home/buhrmann/ws_moveit/install/robotiq_driver:/home/buhrmann/ws_moveit/install/serial:/home/buhrmann/ws_moveit/install/moveit2_tutorials:/home/buhrmann/ws_moveit/install/moveit_visual_tools:/home/buhrmann/ws_moveit/install/rviz_visual_tools:/home/buhrmann/ws_moveit/install/moveit_task_constructor_visualization:/home/buhrmann/ws_moveit/install/moveit_task_constructor_demo:/home/buhrmann/ws_moveit/install/moveit_task_constructor_capabilities:/home/buhrmann/ws_moveit/install/moveit_task_constructor_core:/home/buhrmann/ws_moveit/install/rviz_marker_tools:/home/buhrmann/ws_moveit/install/picknik_accessories:/home/buhrmann/ws_moveit/install/kortex_bringup:/home/buhrmann/ws_moveit/install/kinova_gen3_lite_moveit_config:/home/buhrmann/ws_moveit/install/kinova_gen3_7dof_robotiq_2f_85_moveit_config:/home/buhrmann/ws_moveit/install/kinova_gen3_6dof_robotiq_2f_85_moveit_config:/home/buhrmann/ws_moveit/install/kortex_description:/home/buhrmann/ws_moveit/install/robotiq_description:/home/buhrmann/ws_moveit/install/robotiq_controllers:/home/buhrmann/ws_moveit/install/ppf_test_pkg:/home/buhrmann/ws_moveit/install/point_cloud_circle_detector:/home/buhrmann/ws_moveit/install/pilz_industrial_motion_planner_testutils:/home/buhrmann/ws_moveit/install/moveit_runtime:/home/buhrmann/ws_moveit/install/moveit:/home/buhrmann/ws_moveit/install/moveit_planners:/home/buhrmann/ws_moveit/install/pilz_industrial_motion_planner:/home/buhrmann/ws_moveit/install/pick_ik:/home/buhrmann/ws_moveit/install/object_detection_pcl:/home/buhrmann/ws_moveit/install/object_detection:/home/buhrmann/ws_moveit/install/object_creation:/home/buhrmann/ws_moveit/install/moveit_task_constructor_msgs:/home/buhrmann/ws_moveit/install/moveit_ros_control_interface:/home/buhrmann/ws_moveit/install/moveit_plugins:/home/buhrmann/ws_moveit/install/moveit_simple_controller_manager:/home/buhrmann/ws_moveit/install/moveit_setup_assistant:/home/buhrmann/ws_moveit/install/moveit_setup_srdf_plugins:/home/buhrmann/ws_moveit/install/moveit_setup_core_plugins:/home/buhrmann/ws_moveit/install/moveit_setup_controllers:/home/buhrmann/ws_moveit/install/moveit_setup_app_plugins:/home/buhrmann/ws_moveit/install/moveit_setup_framework:/home/buhrmann/ws_moveit/install/moveit_servo:/home/buhrmann/ws_moveit/install/moveit_ros_trajectory_cache:/home/buhrmann/ws_moveit/install/moveit_ros:/home/buhrmann/ws_moveit/install/moveit_ros_visualization:/home/buhrmann/ws_moveit/install/moveit_py:/home/buhrmann/ws_moveit/install/moveit_hybrid_planning:/home/buhrmann/ws_moveit/install/edit_planning_scene:/home/buhrmann/ws_moveit/install/moveit_ros_planning_interface:/home/buhrmann/ws_moveit/install/moveit_ros_benchmarks:/home/buhrmann/ws_moveit/install/moveit_ros_warehouse:/home/buhrmann/ws_moveit/install/moveit_ros_robot_interaction:/home/buhrmann/ws_moveit/install/moveit_ros_perception:/home/buhrmann/ws_moveit/install/moveit_resources_prbt_pg70_support:/home/buhrmann/ws_moveit/install/moveit_resources_prbt_moveit_config:/home/buhrmann/ws_moveit/install/moveit_ros_move_group:/home/buhrmann/ws_moveit/install/moveit_planners_ompl:/home/buhrmann/ws_moveit/install/moveit_kinematics:/home/buhrmann/ws_moveit/install/moveit_ros_planning:/home/buhrmann/ws_moveit/install/moveit_ros_occupancy_map_monitor:/home/buhrmann/ws_moveit/install/moveit_resources_prbt_support:/home/buhrmann/ws_moveit/install/moveit_resources_prbt_ikfast_manipulator_plugin:/home/buhrmann/ws_moveit/install/moveit_resources:/home/buhrmann/ws_moveit/install/dual_arm_panda_moveit_config:/home/buhrmann/ws_moveit/install/moveit_resources_fanuc_moveit_config:/home/buhrmann/ws_moveit/install/moveit_resources_fanuc_description:/home/buhrmann/ws_moveit/install/moveit_planners_stomp:/home/buhrmann/ws_moveit/install/moveit_planners_chomp:/home/buhrmann/ws_moveit/install/chomp_motion_planner:/home/buhrmann/ws_moveit/install/moveit_core:/home/buhrmann/ws_moveit/install/kortex_driver:/home/buhrmann/ws_moveit/install/kortex_api:/home/buhrmann/ws_moveit/install/ros2_azure_bridge:/home/buhrmann/ws_moveit/install/moveit_configs_utils:/opt/ros/iron LD_LIBRARY_PATH=/home/buhrmann/ws_moveit/install/moveit_msgs/lib:/home/buhrmann/ws_moveit/install/robotiq_driver/lib:/home/buhrmann/ws_moveit/install/serial/lib:/home/buhrmann/ws_moveit/install/moveit_visual_tools/lib:/home/buhrmann/ws_moveit/install/rviz_visual_tools/lib:/home/buhrmann/ws_moveit/install/moveit_task_constructor_visualization/lib:/home/buhrmann/ws_moveit/install/moveit_task_constructor_demo/lib:/home/buhrmann/ws_moveit/install/moveit_task_constructor_capabilities/lib:/home/buhrmann/ws_moveit/install/moveit_task_constructor_core/lib:/home/buhrmann/ws_moveit/install/rviz_marker_tools/lib:/home/buhrmann/ws_moveit/install/robotiq_controllers/lib:/home/buhrmann/ws_moveit/install/pilz_industrial_motion_planner_testutils/lib:/home/buhrmann/ws_moveit/install/pilz_industrial_motion_planner/lib:/home/buhrmann/ws_moveit/install/pick_ik/lib:/home/buhrmann/ws_moveit/install/moveit_task_constructor_msgs/lib:/home/buhrmann/ws_moveit/install/moveit_ros_control_interface/lib:/home/buhrmann/ws_moveit/install/moveit_simple_controller_manager/lib:/home/buhrmann/ws_moveit/install/moveit_setup_assistant/lib:/home/buhrmann/ws_moveit/install/moveit_setup_srdf_plugins/lib:/home/buhrmann/ws_moveit/install/moveit_setup_core_plugins/lib:/home/buhrmann/ws_moveit/install/moveit_setup_controllers/lib:/home/buhrmann/ws_moveit/install/moveit_setup_app_plugins/lib:/home/buhrmann/ws_moveit/install/moveit_setup_framework/lib:/home/buhrmann/ws_moveit/install/moveit_servo/lib:/home/buhrmann/ws_moveit/install/moveit_ros_trajectory_cache/lib:/home/buhrmann/ws_moveit/install/moveit_ros_visualization/lib:/home/buhrmann/ws_moveit/install/moveit_py/lib:/home/buhrmann/ws_moveit/install/moveit_hybrid_planning/lib:/home/buhrmann/ws_moveit/install/moveit_ros_planning_interface/lib:/home/buhrmann/ws_moveit/install/moveit_ros_benchmarks/lib:/home/buhrmann/ws_moveit/install/moveit_ros_warehouse/lib:/home/buhrmann/ws_moveit/install/moveit_ros_robot_interaction/lib:/home/buhrmann/ws_moveit/install/moveit_ros_perception/lib:/home/buhrmann/ws_moveit/install/moveit_ros_move_group/lib:/home/buhrmann/ws_moveit/install/moveit_planners_ompl/lib:/home/buhrmann/ws_moveit/install/moveit_kinematics/lib:/home/buhrmann/ws_moveit/install/moveit_ros_planning/lib:/home/buhrmann/ws_moveit/install/moveit_ros_occupancy_map_monitor/lib:/home/buhrmann/ws_moveit/install/moveit_resources_prbt_ikfast_manipulator_plugin/lib:/home/buhrmann/ws_moveit/install/moveit_planners_stomp/lib:/home/buhrmann/ws_moveit/install/moveit_planners_chomp/lib:/home/buhrmann/ws_moveit/install/chomp_motion_planner/lib:/home/buhrmann/ws_moveit/install/moveit_core/lib:/home/buhrmann/ws_moveit/install/kortex_driver/lib:/opt/ros/iron/opt/rviz_ogre_vendor/lib:/opt/ros/iron/lib/x86_64-linux-gnu:/opt/ros/iron/lib:/usr/lib/jvm/java-11-openjdk-amd64/lib/amd64 PYTHONPATH=/home/buhrmann/ws_moveit/install/moveit_msgs/lib/python3.10/site-packages:/home/buhrmann/ws_moveit/install/moveit_task_constructor_core/lib/python3.10/site-packages:/home/buhrmann/ws_moveit/install/ros2_azure_bridge/lib/python3.10/site-packages:/home/buhrmann/ws_moveit/install/moveit_task_constructor_msgs/lib/python3.10/site-packages:/home/buhrmann/ws_moveit/install/moveit_py/lib/python3.10/site-packages:/home/buhrmann/ws_moveit/install/moveit_configs_utils/lib/python3.10/site-packages:/opt/ros/iron/lib/python3.10/site-packages /usr/bin/cmake --build /home/buhrmann/ws_moveit/build/moveit_core -- -j28 -l28
[0.289s] [  1%] Built target gtest_main
[0.293s] [  4%] Built target moveit_utils
[0.298s] [  5%] Built target gmock
[0.299s] [  6%] Built target gtest
[0.301s] [  8%] Built target gmock_main
[0.301s] [  9%] Built target moveit_acceleration_filter_parameters
[0.310s] [ 10%] Built target moveit_smoothing_base
[0.310s] [ 10%] Built target moveit_butterworth_filter_parameters
[0.310s] [ 11%] Built target moveit_ruckig_filter_parameters
[0.317s] [ 12%] [34m[1mGenerate version header[0m
[0.365s] [ 13%] Built target moveit_exceptions
[0.371s] [ 14%] Built target moveit_transforms
[0.389s] [ 15%] Built target logger_dut
[0.393s] [ 16%] [34m[1mGenerating version.h[0m
[0.395s] [ 19%] Built target moveit_distance_field
[0.422s] [ 19%] Built target version_h
[0.422s] [ 25%] Built target moveit_robot_model
[0.426s] [ 26%] Built target test_transforms
[0.445s] [ 27%] Built target test_voxel_grid
[0.456s] [ 28%] Built target moveit_version
[0.467s] [ 29%] Built target test_distance_field
[0.468s] [ 30%] Built target moveit_kinematics_base
[0.487s] [ 31%] Built target moveit_butterworth_filter
[0.529s] [ 32%] Built target moveit_test_utils
[0.544s] [ 35%] Built target moveit_robot_state
[0.545s] [ 36%] Built target test_butterworth_filter
[0.605s] [ 37%] Built target test_robot_model
[0.628s] [ 38%] Built target moveit_acceleration_filter
[0.632s] [ 39%] Built target moveit_robot_trajectory
[0.633s] [ 40%] Built target test_robot_state
[0.636s] [ 41%] Built target moveit_kinematics_metrics
[0.648s] [ 47%] Built target moveit_collision_detection
[0.651s] [ 49%] Built target test_cartesian_interpolator
[0.652s] [ 50%] Built target test_robot_state_complex
[0.655s] [ 51%] Built target moveit_ruckig_filter
[0.657s] [ 52%] Built target robot_state_benchmark
[0.657s] [ 53%] Built target moveit_dynamics_solver
[0.660s] [ 55%] Built target test_aabb
[0.689s] [ 56%] Built target test_world
[0.690s] [ 57%] Built target test_all_valid
[0.691s] [ 59%] Built target test_robot_trajectory
[0.694s] [ 61%] Built target test_acceleration_filter
[0.694s] [ 61%] Built target test_world_diff
[0.695s] [ 62%] Built target moveit_collision_detection_fcl
[0.703s] [ 64%] Built target moveit_trajectory_processing
[0.725s] [ 69%] Built target moveit_collision_detection_bullet
[0.765s] [ 70%] Built target test_fcl_collision_detection
[0.768s] [ 72%] Built target test_fcl_collision_detection_panda
[0.781s] [ 73%] Built target test_time_optimal_trajectory_generation
[0.782s] [ 74%] Built target test_ruckig_traj_smoothing
[0.783s] [ 75%] Built target test_fcl_collision_env
[0.785s] [ 76%] Built target test_bullet_collision_detection
[0.786s] [ 78%] Built target moveit_kinematic_constraints
[0.794s] [ 79%] Built target test_bullet_collision_detection_panda
[0.796s] [ 81%] Built target test_bullet_continuous_collision_checking
[0.796s] [ 81%] Built target robot_trajectory_benchmark
[0.835s] [ 82%] Built target test_constraints
[0.839s] [ 83%] Built target test_orientation_constraints
[0.850s] [ 84%] Built target moveit_planning_scene
[0.906s] [ 87%] Built target collision_detector_bullet_plugin
[0.906s] [ 88%] Built target moveit_constraint_samplers
[0.906s] [ 89%] Built target test_multi_threaded
[0.910s] [ 91%] Built target test_planning_scene
[0.910s] [ 91%] Built target collision_detector_fcl_plugin
[0.910s] [ 92%] Built target test_collision_objects
[0.916s] [ 94%] Built target moveit_planning_interface
[0.917s] [ 97%] Built target moveit_collision_distance_field
[0.966s] [ 99%] Built target test_constraint_samplers
[0.973s] [100%] Built target test_collision_distance_field
[0.992s] Invoked command in '/home/buhrmann/ws_moveit/build/moveit_core' returned '0': CMAKE_PREFIX_PATH=/home/buhrmann/ws_moveit/install/moveit_resources_panda_moveit_config:/home/buhrmann/ws_moveit/install/moveit_resources_pr2_description:/home/buhrmann/ws_moveit/install/moveit_resources_panda_description:/home/buhrmann/ws_moveit/install/moveit_msgs:/home/buhrmann/ws_moveit/install/moveit_common:/home/buhrmann/ws_moveit/install/ur5_moveit_test:/home/buhrmann/ws_moveit/install/ur5_camera_moveit_config2:/home/buhrmann/ws_moveit/install/ur5_camera_moveit_config:/home/buhrmann/ws_moveit/install/ur5_description_controller:/home/buhrmann/ws_moveit/install/ur3_camera_moveit_config:/home/buhrmann/ws_moveit/install/ur3_description_controller:/home/buhrmann/ws_moveit/install/robotiq_hardware_tests:/home/buhrmann/ws_moveit/install/robotiq_driver:/home/buhrmann/ws_moveit/install/serial:/home/buhrmann/ws_moveit/install/moveit2_tutorials:/home/buhrmann/ws_moveit/install/moveit_visual_tools:/home/buhrmann/ws_moveit/install/rviz_visual_tools:/home/buhrmann/ws_moveit/install/moveit_task_constructor_visualization:/home/buhrmann/ws_moveit/install/moveit_task_constructor_demo:/home/buhrmann/ws_moveit/install/moveit_task_constructor_capabilities:/home/buhrmann/ws_moveit/install/moveit_task_constructor_core:/home/buhrmann/ws_moveit/install/rviz_marker_tools:/home/buhrmann/ws_moveit/install/picknik_accessories:/home/buhrmann/ws_moveit/install/kortex_bringup:/home/buhrmann/ws_moveit/install/kinova_gen3_lite_moveit_config:/home/buhrmann/ws_moveit/install/kinova_gen3_7dof_robotiq_2f_85_moveit_config:/home/buhrmann/ws_moveit/install/kinova_gen3_6dof_robotiq_2f_85_moveit_config:/home/buhrmann/ws_moveit/install/kortex_description:/home/buhrmann/ws_moveit/install/robotiq_description:/home/buhrmann/ws_moveit/install/robotiq_controllers:/home/buhrmann/ws_moveit/install/ppf_test_pkg:/home/buhrmann/ws_moveit/install/point_cloud_circle_detector:/home/buhrmann/ws_moveit/install/pilz_industrial_motion_planner_testutils:/home/buhrmann/ws_moveit/install/moveit_runtime:/home/buhrmann/ws_moveit/install/moveit:/home/buhrmann/ws_moveit/install/moveit_planners:/home/buhrmann/ws_moveit/install/pilz_industrial_motion_planner:/home/buhrmann/ws_moveit/install/pick_ik:/home/buhrmann/ws_moveit/install/object_detection_pcl:/home/buhrmann/ws_moveit/install/object_detection:/home/buhrmann/ws_moveit/install/object_creation:/home/buhrmann/ws_moveit/install/moveit_task_constructor_msgs:/home/buhrmann/ws_moveit/install/moveit_ros_control_interface:/home/buhrmann/ws_moveit/install/moveit_plugins:/home/buhrmann/ws_moveit/install/moveit_simple_controller_manager:/home/buhrmann/ws_moveit/install/moveit_setup_assistant:/home/buhrmann/ws_moveit/install/moveit_setup_srdf_plugins:/home/buhrmann/ws_moveit/install/moveit_setup_core_plugins:/home/buhrmann/ws_moveit/install/moveit_setup_controllers:/home/buhrmann/ws_moveit/install/moveit_setup_app_plugins:/home/buhrmann/ws_moveit/install/moveit_setup_framework:/home/buhrmann/ws_moveit/install/moveit_servo:/home/buhrmann/ws_moveit/install/moveit_ros_trajectory_cache:/home/buhrmann/ws_moveit/install/moveit_ros:/home/buhrmann/ws_moveit/install/moveit_ros_visualization:/home/buhrmann/ws_moveit/install/moveit_py:/home/buhrmann/ws_moveit/install/moveit_hybrid_planning:/home/buhrmann/ws_moveit/install/edit_planning_scene:/home/buhrmann/ws_moveit/install/moveit_ros_planning_interface:/home/buhrmann/ws_moveit/install/moveit_ros_benchmarks:/home/buhrmann/ws_moveit/install/moveit_ros_warehouse:/home/buhrmann/ws_moveit/install/moveit_ros_robot_interaction:/home/buhrmann/ws_moveit/install/moveit_ros_perception:/home/buhrmann/ws_moveit/install/moveit_resources_prbt_pg70_support:/home/buhrmann/ws_moveit/install/moveit_resources_prbt_moveit_config:/home/buhrmann/ws_moveit/install/moveit_ros_move_group:/home/buhrmann/ws_moveit/install/moveit_planners_ompl:/home/buhrmann/ws_moveit/install/moveit_kinematics:/home/buhrmann/ws_moveit/install/moveit_ros_planning:/home/buhrmann/ws_moveit/install/moveit_ros_occupancy_map_monitor:/home/buhrmann/ws_moveit/install/moveit_resources_prbt_support:/home/buhrmann/ws_moveit/install/moveit_resources_prbt_ikfast_manipulator_plugin:/home/buhrmann/ws_moveit/install/moveit_resources:/home/buhrmann/ws_moveit/install/dual_arm_panda_moveit_config:/home/buhrmann/ws_moveit/install/moveit_resources_fanuc_moveit_config:/home/buhrmann/ws_moveit/install/moveit_resources_fanuc_description:/home/buhrmann/ws_moveit/install/moveit_planners_stomp:/home/buhrmann/ws_moveit/install/moveit_planners_chomp:/home/buhrmann/ws_moveit/install/chomp_motion_planner:/home/buhrmann/ws_moveit/install/moveit_core:/home/buhrmann/ws_moveit/install/kortex_driver:/home/buhrmann/ws_moveit/install/kortex_api:/home/buhrmann/ws_moveit/install/ros2_azure_bridge:/home/buhrmann/ws_moveit/install/moveit_configs_utils:/opt/ros/iron LD_LIBRARY_PATH=/home/buhrmann/ws_moveit/install/moveit_msgs/lib:/home/buhrmann/ws_moveit/install/robotiq_driver/lib:/home/buhrmann/ws_moveit/install/serial/lib:/home/buhrmann/ws_moveit/install/moveit_visual_tools/lib:/home/buhrmann/ws_moveit/install/rviz_visual_tools/lib:/home/buhrmann/ws_moveit/install/moveit_task_constructor_visualization/lib:/home/buhrmann/ws_moveit/install/moveit_task_constructor_demo/lib:/home/buhrmann/ws_moveit/install/moveit_task_constructor_capabilities/lib:/home/buhrmann/ws_moveit/install/moveit_task_constructor_core/lib:/home/buhrmann/ws_moveit/install/rviz_marker_tools/lib:/home/buhrmann/ws_moveit/install/robotiq_controllers/lib:/home/buhrmann/ws_moveit/install/pilz_industrial_motion_planner_testutils/lib:/home/buhrmann/ws_moveit/install/pilz_industrial_motion_planner/lib:/home/buhrmann/ws_moveit/install/pick_ik/lib:/home/buhrmann/ws_moveit/install/moveit_task_constructor_msgs/lib:/home/buhrmann/ws_moveit/install/moveit_ros_control_interface/lib:/home/buhrmann/ws_moveit/install/moveit_simple_controller_manager/lib:/home/buhrmann/ws_moveit/install/moveit_setup_assistant/lib:/home/buhrmann/ws_moveit/install/moveit_setup_srdf_plugins/lib:/home/buhrmann/ws_moveit/install/moveit_setup_core_plugins/lib:/home/buhrmann/ws_moveit/install/moveit_setup_controllers/lib:/home/buhrmann/ws_moveit/install/moveit_setup_app_plugins/lib:/home/buhrmann/ws_moveit/install/moveit_setup_framework/lib:/home/buhrmann/ws_moveit/install/moveit_servo/lib:/home/buhrmann/ws_moveit/install/moveit_ros_trajectory_cache/lib:/home/buhrmann/ws_moveit/install/moveit_ros_visualization/lib:/home/buhrmann/ws_moveit/install/moveit_py/lib:/home/buhrmann/ws_moveit/install/moveit_hybrid_planning/lib:/home/buhrmann/ws_moveit/install/moveit_ros_planning_interface/lib:/home/buhrmann/ws_moveit/install/moveit_ros_benchmarks/lib:/home/buhrmann/ws_moveit/install/moveit_ros_warehouse/lib:/home/buhrmann/ws_moveit/install/moveit_ros_robot_interaction/lib:/home/buhrmann/ws_moveit/install/moveit_ros_perception/lib:/home/buhrmann/ws_moveit/install/moveit_ros_move_group/lib:/home/buhrmann/ws_moveit/install/moveit_planners_ompl/lib:/home/buhrmann/ws_moveit/install/moveit_kinematics/lib:/home/buhrmann/ws_moveit/install/moveit_ros_planning/lib:/home/buhrmann/ws_moveit/install/moveit_ros_occupancy_map_monitor/lib:/home/buhrmann/ws_moveit/install/moveit_resources_prbt_ikfast_manipulator_plugin/lib:/home/buhrmann/ws_moveit/install/moveit_planners_stomp/lib:/home/buhrmann/ws_moveit/install/moveit_planners_chomp/lib:/home/buhrmann/ws_moveit/install/chomp_motion_planner/lib:/home/buhrmann/ws_moveit/install/moveit_core/lib:/home/buhrmann/ws_moveit/install/kortex_driver/lib:/opt/ros/iron/opt/rviz_ogre_vendor/lib:/opt/ros/iron/lib/x86_64-linux-gnu:/opt/ros/iron/lib:/usr/lib/jvm/java-11-openjdk-amd64/lib/amd64 PYTHONPATH=/home/buhrmann/ws_moveit/install/moveit_msgs/lib/python3.10/site-packages:/home/buhrmann/ws_moveit/install/moveit_task_constructor_core/lib/python3.10/site-packages:/home/buhrmann/ws_moveit/install/ros2_azure_bridge/lib/python3.10/site-packages:/home/buhrmann/ws_moveit/install/moveit_task_constructor_msgs/lib/python3.10/site-packages:/home/buhrmann/ws_moveit/install/moveit_py/lib/python3.10/site-packages:/home/buhrmann/ws_moveit/install/moveit_configs_utils/lib/python3.10/site-packages:/opt/ros/iron/lib/python3.10/site-packages /usr/bin/cmake --build /home/buhrmann/ws_moveit/build/moveit_core -- -j28 -l28
[0.994s] Invoking command in '/home/buhrmann/ws_moveit/build/moveit_core': CMAKE_PREFIX_PATH=/home/buhrmann/ws_moveit/install/moveit_resources_panda_moveit_config:/home/buhrmann/ws_moveit/install/moveit_resources_pr2_description:/home/buhrmann/ws_moveit/install/moveit_resources_panda_description:/home/buhrmann/ws_moveit/install/moveit_msgs:/home/buhrmann/ws_moveit/install/moveit_common:/home/buhrmann/ws_moveit/install/ur5_moveit_test:/home/buhrmann/ws_moveit/install/ur5_camera_moveit_config2:/home/buhrmann/ws_moveit/install/ur5_camera_moveit_config:/home/buhrmann/ws_moveit/install/ur5_description_controller:/home/buhrmann/ws_moveit/install/ur3_camera_moveit_config:/home/buhrmann/ws_moveit/install/ur3_description_controller:/home/buhrmann/ws_moveit/install/robotiq_hardware_tests:/home/buhrmann/ws_moveit/install/robotiq_driver:/home/buhrmann/ws_moveit/install/serial:/home/buhrmann/ws_moveit/install/moveit2_tutorials:/home/buhrmann/ws_moveit/install/moveit_visual_tools:/home/buhrmann/ws_moveit/install/rviz_visual_tools:/home/buhrmann/ws_moveit/install/moveit_task_constructor_visualization:/home/buhrmann/ws_moveit/install/moveit_task_constructor_demo:/home/buhrmann/ws_moveit/install/moveit_task_constructor_capabilities:/home/buhrmann/ws_moveit/install/moveit_task_constructor_core:/home/buhrmann/ws_moveit/install/rviz_marker_tools:/home/buhrmann/ws_moveit/install/picknik_accessories:/home/buhrmann/ws_moveit/install/kortex_bringup:/home/buhrmann/ws_moveit/install/kinova_gen3_lite_moveit_config:/home/buhrmann/ws_moveit/install/kinova_gen3_7dof_robotiq_2f_85_moveit_config:/home/buhrmann/ws_moveit/install/kinova_gen3_6dof_robotiq_2f_85_moveit_config:/home/buhrmann/ws_moveit/install/kortex_description:/home/buhrmann/ws_moveit/install/robotiq_description:/home/buhrmann/ws_moveit/install/robotiq_controllers:/home/buhrmann/ws_moveit/install/ppf_test_pkg:/home/buhrmann/ws_moveit/install/point_cloud_circle_detector:/home/buhrmann/ws_moveit/install/pilz_industrial_motion_planner_testutils:/home/buhrmann/ws_moveit/install/moveit_runtime:/home/buhrmann/ws_moveit/install/moveit:/home/buhrmann/ws_moveit/install/moveit_planners:/home/buhrmann/ws_moveit/install/pilz_industrial_motion_planner:/home/buhrmann/ws_moveit/install/pick_ik:/home/buhrmann/ws_moveit/install/object_detection_pcl:/home/buhrmann/ws_moveit/install/object_detection:/home/buhrmann/ws_moveit/install/object_creation:/home/buhrmann/ws_moveit/install/moveit_task_constructor_msgs:/home/buhrmann/ws_moveit/install/moveit_ros_control_interface:/home/buhrmann/ws_moveit/install/moveit_plugins:/home/buhrmann/ws_moveit/install/moveit_simple_controller_manager:/home/buhrmann/ws_moveit/install/moveit_setup_assistant:/home/buhrmann/ws_moveit/install/moveit_setup_srdf_plugins:/home/buhrmann/ws_moveit/install/moveit_setup_core_plugins:/home/buhrmann/ws_moveit/install/moveit_setup_controllers:/home/buhrmann/ws_moveit/install/moveit_setup_app_plugins:/home/buhrmann/ws_moveit/install/moveit_setup_framework:/home/buhrmann/ws_moveit/install/moveit_servo:/home/buhrmann/ws_moveit/install/moveit_ros_trajectory_cache:/home/buhrmann/ws_moveit/install/moveit_ros:/home/buhrmann/ws_moveit/install/moveit_ros_visualization:/home/buhrmann/ws_moveit/install/moveit_py:/home/buhrmann/ws_moveit/install/moveit_hybrid_planning:/home/buhrmann/ws_moveit/install/edit_planning_scene:/home/buhrmann/ws_moveit/install/moveit_ros_planning_interface:/home/buhrmann/ws_moveit/install/moveit_ros_benchmarks:/home/buhrmann/ws_moveit/install/moveit_ros_warehouse:/home/buhrmann/ws_moveit/install/moveit_ros_robot_interaction:/home/buhrmann/ws_moveit/install/moveit_ros_perception:/home/buhrmann/ws_moveit/install/moveit_resources_prbt_pg70_support:/home/buhrmann/ws_moveit/install/moveit_resources_prbt_moveit_config:/home/buhrmann/ws_moveit/install/moveit_ros_move_group:/home/buhrmann/ws_moveit/install/moveit_planners_ompl:/home/buhrmann/ws_moveit/install/moveit_kinematics:/home/buhrmann/ws_moveit/install/moveit_ros_planning:/home/buhrmann/ws_moveit/install/moveit_ros_occupancy_map_monitor:/home/buhrmann/ws_moveit/install/moveit_resources_prbt_support:/home/buhrmann/ws_moveit/install/moveit_resources_prbt_ikfast_manipulator_plugin:/home/buhrmann/ws_moveit/install/moveit_resources:/home/buhrmann/ws_moveit/install/dual_arm_panda_moveit_config:/home/buhrmann/ws_moveit/install/moveit_resources_fanuc_moveit_config:/home/buhrmann/ws_moveit/install/moveit_resources_fanuc_description:/home/buhrmann/ws_moveit/install/moveit_planners_stomp:/home/buhrmann/ws_moveit/install/moveit_planners_chomp:/home/buhrmann/ws_moveit/install/chomp_motion_planner:/home/buhrmann/ws_moveit/install/moveit_core:/home/buhrmann/ws_moveit/install/kortex_driver:/home/buhrmann/ws_moveit/install/kortex_api:/home/buhrmann/ws_moveit/install/ros2_azure_bridge:/home/buhrmann/ws_moveit/install/moveit_configs_utils:/opt/ros/iron LD_LIBRARY_PATH=/home/buhrmann/ws_moveit/install/moveit_msgs/lib:/home/buhrmann/ws_moveit/install/robotiq_driver/lib:/home/buhrmann/ws_moveit/install/serial/lib:/home/buhrmann/ws_moveit/install/moveit_visual_tools/lib:/home/buhrmann/ws_moveit/install/rviz_visual_tools/lib:/home/buhrmann/ws_moveit/install/moveit_task_constructor_visualization/lib:/home/buhrmann/ws_moveit/install/moveit_task_constructor_demo/lib:/home/buhrmann/ws_moveit/install/moveit_task_constructor_capabilities/lib:/home/buhrmann/ws_moveit/install/moveit_task_constructor_core/lib:/home/buhrmann/ws_moveit/install/rviz_marker_tools/lib:/home/buhrmann/ws_moveit/install/robotiq_controllers/lib:/home/buhrmann/ws_moveit/install/pilz_industrial_motion_planner_testutils/lib:/home/buhrmann/ws_moveit/install/pilz_industrial_motion_planner/lib:/home/buhrmann/ws_moveit/install/pick_ik/lib:/home/buhrmann/ws_moveit/install/moveit_task_constructor_msgs/lib:/home/buhrmann/ws_moveit/install/moveit_ros_control_interface/lib:/home/buhrmann/ws_moveit/install/moveit_simple_controller_manager/lib:/home/buhrmann/ws_moveit/install/moveit_setup_assistant/lib:/home/buhrmann/ws_moveit/install/moveit_setup_srdf_plugins/lib:/home/buhrmann/ws_moveit/install/moveit_setup_core_plugins/lib:/home/buhrmann/ws_moveit/install/moveit_setup_controllers/lib:/home/buhrmann/ws_moveit/install/moveit_setup_app_plugins/lib:/home/buhrmann/ws_moveit/install/moveit_setup_framework/lib:/home/buhrmann/ws_moveit/install/moveit_servo/lib:/home/buhrmann/ws_moveit/install/moveit_ros_trajectory_cache/lib:/home/buhrmann/ws_moveit/install/moveit_ros_visualization/lib:/home/buhrmann/ws_moveit/install/moveit_py/lib:/home/buhrmann/ws_moveit/install/moveit_hybrid_planning/lib:/home/buhrmann/ws_moveit/install/moveit_ros_planning_interface/lib:/home/buhrmann/ws_moveit/install/moveit_ros_benchmarks/lib:/home/buhrmann/ws_moveit/install/moveit_ros_warehouse/lib:/home/buhrmann/ws_moveit/install/moveit_ros_robot_interaction/lib:/home/buhrmann/ws_moveit/install/moveit_ros_perception/lib:/home/buhrmann/ws_moveit/install/moveit_ros_move_group/lib:/home/buhrmann/ws_moveit/install/moveit_planners_ompl/lib:/home/buhrmann/ws_moveit/install/moveit_kinematics/lib:/home/buhrmann/ws_moveit/install/moveit_ros_planning/lib:/home/buhrmann/ws_moveit/install/moveit_ros_occupancy_map_monitor/lib:/home/buhrmann/ws_moveit/install/moveit_resources_prbt_ikfast_manipulator_plugin/lib:/home/buhrmann/ws_moveit/install/moveit_planners_stomp/lib:/home/buhrmann/ws_moveit/install/moveit_planners_chomp/lib:/home/buhrmann/ws_moveit/install/chomp_motion_planner/lib:/home/buhrmann/ws_moveit/install/moveit_core/lib:/home/buhrmann/ws_moveit/install/kortex_driver/lib:/opt/ros/iron/opt/rviz_ogre_vendor/lib:/opt/ros/iron/lib/x86_64-linux-gnu:/opt/ros/iron/lib:/usr/lib/jvm/java-11-openjdk-amd64/lib/amd64 PYTHONPATH=/home/buhrmann/ws_moveit/install/moveit_msgs/lib/python3.10/site-packages:/home/buhrmann/ws_moveit/install/moveit_task_constructor_core/lib/python3.10/site-packages:/home/buhrmann/ws_moveit/install/ros2_azure_bridge/lib/python3.10/site-packages:/home/buhrmann/ws_moveit/install/moveit_task_constructor_msgs/lib/python3.10/site-packages:/home/buhrmann/ws_moveit/install/moveit_py/lib/python3.10/site-packages:/home/buhrmann/ws_moveit/install/moveit_configs_utils/lib/python3.10/site-packages:/opt/ros/iron/lib/python3.10/site-packages /usr/bin/cmake --install /home/buhrmann/ws_moveit/build/moveit_core
[1.012s] -- Install configuration: "Release"
[1.012s] -- Up-to-date: /home/buhrmann/ws_moveit/install/moveit_core/include/moveit_core
[1.012s] -- Up-to-date: /home/buhrmann/ws_moveit/install/moveit_core/include/moveit_core/moveit
[1.012s] -- Up-to-date: /home/buhrmann/ws_moveit/install/moveit_core/include/moveit_core/moveit/collision_detection_bullet
[1.012s] -- Up-to-date: /home/buhrmann/ws_moveit/install/moveit_core/include/moveit_core/moveit/collision_detection_bullet/collision_detector_bullet_plugin_loader.h
[1.012s] -- Up-to-date: /home/buhrmann/ws_moveit/install/moveit_core/include/moveit_core/moveit/collision_detection_bullet/bullet_integration
[1.012s] -- Up-to-date: /home/buhrmann/ws_moveit/install/moveit_core/include/moveit_core/moveit/collision_detection_bullet/bullet_integration/bullet_discrete_bvh_manager.h
[1.012s] -- Up-to-date: /home/buhrmann/ws_moveit/install/moveit_core/include/moveit_core/moveit/collision_detection_bullet/bullet_integration/basic_types.h
[1.012s] -- Up-to-date: /home/buhrmann/ws_moveit/install/moveit_core/include/moveit_core/moveit/collision_detection_bullet/bullet_integration/ros_bullet_utils.h
[1.012s] -- Up-to-date: /home/buhrmann/ws_moveit/install/moveit_core/include/moveit_core/moveit/collision_detection_bullet/bullet_integration/contact_checker_common.h
[1.012s] -- Up-to-date: /home/buhrmann/ws_moveit/install/moveit_core/include/moveit_core/moveit/collision_detection_bullet/bullet_integration/bullet_bvh_manager.h
[1.013s] -- Up-to-date: /home/buhrmann/ws_moveit/install/moveit_core/include/moveit_core/moveit/collision_detection_bullet/bullet_integration/bullet_utils.h
[1.013s] -- Up-to-date: /home/buhrmann/ws_moveit/install/moveit_core/include/moveit_core/moveit/collision_detection_bullet/bullet_integration/bullet_cast_bvh_manager.h
[1.013s] -- Up-to-date: /home/buhrmann/ws_moveit/install/moveit_core/include/moveit_core/moveit/collision_detection_bullet/collision_detector_allocator_bullet.h
[1.013s] -- Up-to-date: /home/buhrmann/ws_moveit/install/moveit_core/include/moveit_core/moveit/collision_detection_bullet/collision_env_bullet.h
[1.013s] -- Up-to-date: /home/buhrmann/ws_moveit/install/moveit_core/include/moveit_core/moveit_collision_detection_bullet_export.h
[1.013s] -- Up-to-date: /home/buhrmann/ws_moveit/install/moveit_core/include/moveit_core
[1.013s] -- Up-to-date: /home/buhrmann/ws_moveit/install/moveit_core/include/moveit_core/moveit
[1.013s] -- Up-to-date: /home/buhrmann/ws_moveit/install/moveit_core/include/moveit_core/moveit/collision_detection_fcl
[1.013s] -- Up-to-date: /home/buhrmann/ws_moveit/install/moveit_core/include/moveit_core/moveit/collision_detection_fcl/collision_common.h
[1.014s] -- Up-to-date: /home/buhrmann/ws_moveit/install/moveit_core/include/moveit_core/moveit/collision_detection_fcl/collision_detector_allocator_fcl.h
[1.014s] -- Up-to-date: /home/buhrmann/ws_moveit/install/moveit_core/include/moveit_core/moveit/collision_detection_fcl/collision_detector_fcl_plugin_loader.h
[1.014s] -- Up-to-date: /home/buhrmann/ws_moveit/install/moveit_core/include/moveit_core/moveit/collision_detection_fcl/collision_env_fcl.h
[1.014s] -- Up-to-date: /home/buhrmann/ws_moveit/install/moveit_core/include/moveit_core/moveit/collision_detection_fcl/fcl_compat.h
[1.014s] -- Up-to-date: /home/buhrmann/ws_moveit/install/moveit_core/include/moveit_core/moveit_collision_detection_fcl_export.h
[1.014s] -- Up-to-date: /home/buhrmann/ws_moveit/install/moveit_core/include/moveit_core
[1.014s] -- Up-to-date: /home/buhrmann/ws_moveit/install/moveit_core/include/moveit_core/moveit
[1.014s] -- Up-to-date: /home/buhrmann/ws_moveit/install/moveit_core/include/moveit_core/moveit/collision_detection
[1.014s] -- Up-to-date: /home/buhrmann/ws_moveit/install/moveit_core/include/moveit_core/moveit/collision_detection/collision_common.h
[1.014s] -- Up-to-date: /home/buhrmann/ws_moveit/install/moveit_core/include/moveit_core/moveit/collision_detection/world_diff.h
[1.014s] -- Up-to-date: /home/buhrmann/ws_moveit/install/moveit_core/include/moveit_core/moveit/collision_detection/collision_tools.h
[1.015s] -- Up-to-date: /home/buhrmann/ws_moveit/install/moveit_core/include/moveit_core/moveit/collision_detection/collision_plugin_cache.h
[1.015s] -- Up-to-date: /home/buhrmann/ws_moveit/install/moveit_core/include/moveit_core/moveit/collision_detection/collision_env.h
[1.015s] -- Up-to-date: /home/buhrmann/ws_moveit/install/moveit_core/include/moveit_core/moveit/collision_detection/test_collision_common_pr2.h
[1.015s] -- Up-to-date: /home/buhrmann/ws_moveit/install/moveit_core/include/moveit_core/moveit/collision_detection/collision_matrix.h
[1.015s] -- Up-to-date: /home/buhrmann/ws_moveit/install/moveit_core/include/moveit_core/moveit/collision_detection/occupancy_map.h
[1.015s] -- Up-to-date: /home/buhrmann/ws_moveit/install/moveit_core/include/moveit_core/moveit/collision_detection/world.h
[1.015s] -- Up-to-date: /home/buhrmann/ws_moveit/install/moveit_core/include/moveit_core/moveit/collision_detection/collision_plugin.h
[1.015s] -- Up-to-date: /home/buhrmann/ws_moveit/install/moveit_core/include/moveit_core/moveit/collision_detection/test_collision_common_panda.h
[1.015s] -- Up-to-date: /home/buhrmann/ws_moveit/install/moveit_core/include/moveit_core/moveit/collision_detection/allvalid
[1.015s] -- Up-to-date: /home/buhrmann/ws_moveit/install/moveit_core/include/moveit_core/moveit/collision_detection/allvalid/collision_detector_allocator_allvalid.h
[1.015s] -- Up-to-date: /home/buhrmann/ws_moveit/install/moveit_core/include/moveit_core/moveit/collision_detection/allvalid/collision_env_allvalid.h
[1.015s] -- Up-to-date: /home/buhrmann/ws_moveit/install/moveit_core/include/moveit_core/moveit/collision_detection/collision_octomap_filter.h
[1.015s] -- Up-to-date: /home/buhrmann/ws_moveit/install/moveit_core/include/moveit_core/moveit/collision_detection/collision_detector_allocator.h
[1.015s] -- Up-to-date: /home/buhrmann/ws_moveit/install/moveit_core/include/moveit_core/moveit_collision_detection_export.h
[1.016s] -- Up-to-date: /home/buhrmann/ws_moveit/install/moveit_core/include/moveit_core
[1.016s] -- Up-to-date: /home/buhrmann/ws_moveit/install/moveit_core/include/moveit_core/moveit
[1.016s] -- Up-to-date: /home/buhrmann/ws_moveit/install/moveit_core/include/moveit_core/moveit/collision_distance_field
[1.016s] -- Up-to-date: /home/buhrmann/ws_moveit/install/moveit_core/include/moveit_core/moveit/collision_distance_field/collision_env_distance_field.h
[1.016s] -- Up-to-date: /home/buhrmann/ws_moveit/install/moveit_core/include/moveit_core/moveit/collision_distance_field/collision_env_hybrid.h
[1.016s] -- Up-to-date: /home/buhrmann/ws_moveit/install/moveit_core/include/moveit_core/moveit/collision_distance_field/collision_common_distance_field.h
[1.016s] -- Up-to-date: /home/buhrmann/ws_moveit/install/moveit_core/include/moveit_core/moveit/collision_distance_field/collision_detector_allocator_hybrid.h
[1.016s] -- Up-to-date: /home/buhrmann/ws_moveit/install/moveit_core/include/moveit_core/moveit/collision_distance_field/collision_distance_field_types.h
[1.016s] -- Up-to-date: /home/buhrmann/ws_moveit/install/moveit_core/include/moveit_core/moveit/collision_distance_field/collision_detector_allocator_distance_field.h
[1.016s] -- Up-to-date: /home/buhrmann/ws_moveit/install/moveit_core/include/moveit_core/moveit_collision_distance_field_export.h
[1.016s] -- Up-to-date: /home/buhrmann/ws_moveit/install/moveit_core/include/moveit_core
[1.016s] -- Up-to-date: /home/buhrmann/ws_moveit/install/moveit_core/include/moveit_core/moveit
[1.016s] -- Up-to-date: /home/buhrmann/ws_moveit/install/moveit_core/include/moveit_core/moveit/constraint_samplers
[1.017s] -- Up-to-date: /home/buhrmann/ws_moveit/install/moveit_core/include/moveit_core/moveit/constraint_samplers/constraint_sampler_manager.h
[1.017s] -- Up-to-date: /home/buhrmann/ws_moveit/install/moveit_core/include/moveit_core/moveit/constraint_samplers/constraint_sampler.h
[1.017s] -- Up-to-date: /home/buhrmann/ws_moveit/install/moveit_core/include/moveit_core/moveit/constraint_samplers/constraint_sampler_allocator.h
[1.017s] -- Up-to-date: /home/buhrmann/ws_moveit/install/moveit_core/include/moveit_core/moveit/constraint_samplers/union_constraint_sampler.h
[1.017s] -- Up-to-date: /home/buhrmann/ws_moveit/install/moveit_core/include/moveit_core/moveit/constraint_samplers/default_constraint_samplers.h
[1.017s] -- Up-to-date: /home/buhrmann/ws_moveit/install/moveit_core/include/moveit_core/moveit/constraint_samplers/constraint_sampler_tools.h
[1.017s] -- Up-to-date: /home/buhrmann/ws_moveit/install/moveit_core/include/moveit_core
[1.017s] -- Up-to-date: /home/buhrmann/ws_moveit/install/moveit_core/include/moveit_core/moveit
[1.017s] -- Up-to-date: /home/buhrmann/ws_moveit/install/moveit_core/include/moveit_core/moveit/controller_manager
[1.017s] -- Up-to-date: /home/buhrmann/ws_moveit/install/moveit_core/include/moveit_core/moveit/controller_manager/controller_manager.h
[1.017s] -- Up-to-date: /home/buhrmann/ws_moveit/install/moveit_core/include/moveit_core
[1.017s] -- Up-to-date: /home/buhrmann/ws_moveit/install/moveit_core/include/moveit_core/moveit
[1.017s] -- Up-to-date: /home/buhrmann/ws_moveit/install/moveit_core/include/moveit_core/moveit/distance_field
[1.017s] -- Up-to-date: /home/buhrmann/ws_moveit/install/moveit_core/include/moveit_core/moveit/distance_field/find_internal_points.h
[1.017s] -- Up-to-date: /home/buhrmann/ws_moveit/install/moveit_core/include/moveit_core/moveit/distance_field/voxel_grid.h
[1.017s] -- Up-to-date: /home/buhrmann/ws_moveit/install/moveit_core/include/moveit_core/moveit/distance_field/propagation_distance_field.h
[1.017s] -- Up-to-date: /home/buhrmann/ws_moveit/install/moveit_core/include/moveit_core/moveit/distance_field/distance_field.h
[1.018s] -- Up-to-date: /home/buhrmann/ws_moveit/install/moveit_core/include/moveit_core
[1.018s] -- Up-to-date: /home/buhrmann/ws_moveit/install/moveit_core/include/moveit_core/moveit
[1.018s] -- Up-to-date: /home/buhrmann/ws_moveit/install/moveit_core/include/moveit_core/moveit/dynamics_solver
[1.018s] -- Up-to-date: /home/buhrmann/ws_moveit/install/moveit_core/include/moveit_core/moveit/dynamics_solver/dynamics_solver.h
[1.018s] -- Up-to-date: /home/buhrmann/ws_moveit/install/moveit_core/include/moveit_core
[1.018s] -- Up-to-date: /home/buhrmann/ws_moveit/install/moveit_core/include/moveit_core/moveit
[1.018s] -- Up-to-date: /home/buhrmann/ws_moveit/install/moveit_core/include/moveit_core/moveit/exceptions
[1.018s] -- Up-to-date: /home/buhrmann/ws_moveit/install/moveit_core/include/moveit_core/moveit/exceptions/exceptions.h
[1.018s] -- Up-to-date: /home/buhrmann/ws_moveit/install/moveit_core/include/moveit_core
[1.018s] -- Up-to-date: /home/buhrmann/ws_moveit/install/moveit_core/include/moveit_core/moveit
[1.018s] -- Up-to-date: /home/buhrmann/ws_moveit/install/moveit_core/include/moveit_core/moveit/kinematic_constraints
[1.018s] -- Up-to-date: /home/buhrmann/ws_moveit/install/moveit_core/include/moveit_core/moveit/kinematic_constraints/kinematic_constraint.h
[1.018s] -- Up-to-date: /home/buhrmann/ws_moveit/install/moveit_core/include/moveit_core/moveit/kinematic_constraints/utils.h
[1.019s] -- Up-to-date: /home/buhrmann/ws_moveit/install/moveit_core/include/moveit_core
[1.019s] -- Up-to-date: /home/buhrmann/ws_moveit/install/moveit_core/include/moveit_core/moveit
[1.019s] -- Up-to-date: /home/buhrmann/ws_moveit/install/moveit_core/include/moveit_core/moveit/kinematics_base
[1.019s] -- Up-to-date: /home/buhrmann/ws_moveit/install/moveit_core/include/moveit_core/moveit/kinematics_base/kinematics_base.h
[1.019s] -- Up-to-date: /home/buhrmann/ws_moveit/install/moveit_core/include/moveit_core/moveit_kinematics_base_export.h
[1.019s] -- Up-to-date: /home/buhrmann/ws_moveit/install/moveit_core/include/moveit_core
[1.019s] -- Up-to-date: /home/buhrmann/ws_moveit/install/moveit_core/include/moveit_core/moveit
[1.019s] -- Up-to-date: /home/buhrmann/ws_moveit/install/moveit_core/include/moveit_core/moveit/kinematics_metrics
[1.019s] -- Up-to-date: /home/buhrmann/ws_moveit/install/moveit_core/include/moveit_core/moveit/kinematics_metrics/kinematics_metrics.h
[1.019s] -- Up-to-date: /home/buhrmann/ws_moveit/install/moveit_core/include/moveit_core
[1.019s] -- Up-to-date: /home/buhrmann/ws_moveit/install/moveit_core/include/moveit_core/moveit
[1.019s] -- Up-to-date: /home/buhrmann/ws_moveit/install/moveit_core/include/moveit_core/moveit/macros
[1.019s] -- Up-to-date: /home/buhrmann/ws_moveit/install/moveit_core/include/moveit_core/moveit/macros/console_colors.h
[1.020s] -- Up-to-date: /home/buhrmann/ws_moveit/install/moveit_core/include/moveit_core/moveit/macros/declare_ptr.h
[1.020s] -- Up-to-date: /home/buhrmann/ws_moveit/install/moveit_core/include/moveit_core/moveit/macros/class_forward.h
[1.020s] -- Up-to-date: /home/buhrmann/ws_moveit/install/moveit_core/include/moveit_acceleration_filter_parameters
[1.020s] -- Up-to-date: /home/buhrmann/ws_moveit/install/moveit_core/include/moveit_acceleration_filter_parameters/moveit_acceleration_filter_parameters.hpp
[1.020s] -- Up-to-date: /home/buhrmann/ws_moveit/install/moveit_core/include/moveit_butterworth_filter_parameters
[1.020s] -- Up-to-date: /home/buhrmann/ws_moveit/install/moveit_core/include/moveit_butterworth_filter_parameters/moveit_butterworth_filter_parameters.hpp
[1.020s] -- Up-to-date: /home/buhrmann/ws_moveit/install/moveit_core/include/moveit_ruckig_filter_parameters
[1.020s] -- Up-to-date: /home/buhrmann/ws_moveit/install/moveit_core/include/moveit_ruckig_filter_parameters/moveit_ruckig_filter_parameters.hpp
[1.020s] -- Up-to-date: /home/buhrmann/ws_moveit/install/moveit_core/include/moveit_core
[1.020s] -- Up-to-date: /home/buhrmann/ws_moveit/install/moveit_core/include/moveit_core/moveit
[1.020s] -- Up-to-date: /home/buhrmann/ws_moveit/install/moveit_core/include/moveit_core/moveit/online_signal_smoothing
[1.020s] -- Up-to-date: /home/buhrmann/ws_moveit/install/moveit_core/include/moveit_core/moveit/online_signal_smoothing/ruckig_filter.h
[1.020s] -- Up-to-date: /home/buhrmann/ws_moveit/install/moveit_core/include/moveit_core/moveit/online_signal_smoothing/butterworth_filter.h
[1.020s] -- Up-to-date: /home/buhrmann/ws_moveit/install/moveit_core/include/moveit_core/moveit/online_signal_smoothing/acceleration_filter.h
[1.020s] -- Up-to-date: /home/buhrmann/ws_moveit/install/moveit_core/include/moveit_core/moveit/online_signal_smoothing/smoothing_base_class.h
[1.021s] -- Up-to-date: /home/buhrmann/ws_moveit/install/moveit_core/include/moveit_core/moveit_smoothing_base_export.h
[1.021s] -- Up-to-date: /home/buhrmann/ws_moveit/install/moveit_core/include/moveit_core/moveit_acceleration_filter_export.h
[1.021s] -- Up-to-date: /home/buhrmann/ws_moveit/install/moveit_core/include/moveit_core/moveit_butterworth_filter_export.h
[1.021s] -- Up-to-date: /home/buhrmann/ws_moveit/install/moveit_core/include/moveit_core/moveit_ruckig_filter_export.h
[1.021s] -- Up-to-date: /home/buhrmann/ws_moveit/install/moveit_core/include/moveit_core
[1.021s] -- Up-to-date: /home/buhrmann/ws_moveit/install/moveit_core/include/moveit_core/moveit
[1.021s] -- Up-to-date: /home/buhrmann/ws_moveit/install/moveit_core/include/moveit_core/moveit/planning_interface
[1.021s] -- Up-to-date: /home/buhrmann/ws_moveit/install/moveit_core/include/moveit_core/moveit/planning_interface/planning_request.h
[1.021s] -- Up-to-date: /home/buhrmann/ws_moveit/install/moveit_core/include/moveit_core/moveit/planning_interface/planning_response_adapter.h
[1.022s] -- Up-to-date: /home/buhrmann/ws_moveit/install/moveit_core/include/moveit_core/moveit/planning_interface/planning_request_adapter.h
[1.022s] -- Up-to-date: /home/buhrmann/ws_moveit/install/moveit_core/include/moveit_core/moveit/planning_interface/planning_interface.h
[1.022s] -- Up-to-date: /home/buhrmann/ws_moveit/install/moveit_core/include/moveit_core/moveit/planning_interface/planning_response.h
[1.022s] -- Up-to-date: /home/buhrmann/ws_moveit/install/moveit_core/include/moveit_core
[1.022s] -- Up-to-date: /home/buhrmann/ws_moveit/install/moveit_core/include/moveit_core/moveit
[1.022s] -- Up-to-date: /home/buhrmann/ws_moveit/install/moveit_core/include/moveit_core/moveit/planning_scene
[1.022s] -- Up-to-date: /home/buhrmann/ws_moveit/install/moveit_core/include/moveit_core/moveit/planning_scene/planning_scene.h
[1.022s] -- Up-to-date: /home/buhrmann/ws_moveit/install/moveit_core/include/moveit_core/moveit_planning_scene_export.h
[1.022s] -- Up-to-date: /home/buhrmann/ws_moveit/install/moveit_core/include/moveit_core
[1.022s] -- Up-to-date: /home/buhrmann/ws_moveit/install/moveit_core/include/moveit_core/moveit
[1.022s] -- Up-to-date: /home/buhrmann/ws_moveit/install/moveit_core/include/moveit_core/moveit/robot_model
[1.022s] -- Up-to-date: /home/buhrmann/ws_moveit/install/moveit_core/include/moveit_core/moveit/robot_model/floating_joint_model.h
[1.022s] -- Up-to-date: /home/buhrmann/ws_moveit/install/moveit_core/include/moveit_core/moveit/robot_model/robot_model.h
[1.022s] -- Up-to-date: /home/buhrmann/ws_moveit/install/moveit_core/include/moveit_core/moveit/robot_model/planar_joint_model.h
[1.022s] -- Up-to-date: /home/buhrmann/ws_moveit/install/moveit_core/include/moveit_core/moveit/robot_model/prismatic_joint_model.h
[1.022s] -- Up-to-date: /home/buhrmann/ws_moveit/install/moveit_core/include/moveit_core/moveit/robot_model/aabb.h
[1.023s] -- Up-to-date: /home/buhrmann/ws_moveit/install/moveit_core/include/moveit_core/moveit/robot_model/fixed_joint_model.h
[1.023s] -- Up-to-date: /home/buhrmann/ws_moveit/install/moveit_core/include/moveit_core/moveit/robot_model/joint_model.h
[1.023s] -- Up-to-date: /home/buhrmann/ws_moveit/install/moveit_core/include/moveit_core/moveit/robot_model/revolute_joint_model.h
[1.023s] -- Up-to-date: /home/buhrmann/ws_moveit/install/moveit_core/include/moveit_core/moveit/robot_model/joint_model_group.h
[1.023s] -- Up-to-date: /home/buhrmann/ws_moveit/install/moveit_core/include/moveit_core/moveit/robot_model/link_model.h
[1.023s] -- Up-to-date: /home/buhrmann/ws_moveit/install/moveit_core/include/moveit_core
[1.023s] -- Up-to-date: /home/buhrmann/ws_moveit/install/moveit_core/include/moveit_core/moveit
[1.023s] -- Up-to-date: /home/buhrmann/ws_moveit/install/moveit_core/include/moveit_core/moveit/robot_state
[1.023s] -- Up-to-date: /home/buhrmann/ws_moveit/install/moveit_core/include/moveit_core/moveit/robot_state/conversions.h
[1.023s] -- Up-to-date: /home/buhrmann/ws_moveit/install/moveit_core/include/moveit_core/moveit/robot_state/robot_state.h
[1.023s] -- Up-to-date: /home/buhrmann/ws_moveit/install/moveit_core/include/moveit_core/moveit/robot_state/attached_body.h
[1.023s] -- Up-to-date: /home/buhrmann/ws_moveit/install/moveit_core/include/moveit_core/moveit/robot_state/cartesian_interpolator.h
[1.023s] -- Up-to-date: /home/buhrmann/ws_moveit/install/moveit_core/include/moveit_core
[1.023s] -- Up-to-date: /home/buhrmann/ws_moveit/install/moveit_core/include/moveit_core/moveit
[1.023s] -- Up-to-date: /home/buhrmann/ws_moveit/install/moveit_core/include/moveit_core/moveit/robot_trajectory
[1.023s] -- Up-to-date: /home/buhrmann/ws_moveit/install/moveit_core/include/moveit_core/moveit/robot_trajectory/robot_trajectory.h
[1.023s] -- Up-to-date: /home/buhrmann/ws_moveit/install/moveit_core/include/moveit_core
[1.023s] -- Up-to-date: /home/buhrmann/ws_moveit/install/moveit_core/include/moveit_core/moveit
[1.024s] -- Up-to-date: /home/buhrmann/ws_moveit/install/moveit_core/include/moveit_core/moveit/trajectory_processing
[1.024s] -- Up-to-date: /home/buhrmann/ws_moveit/install/moveit_core/include/moveit_core/moveit/trajectory_processing/ruckig_traj_smoothing.h
[1.024s] -- Up-to-date: /home/buhrmann/ws_moveit/install/moveit_core/include/moveit_core/moveit/trajectory_processing/time_optimal_trajectory_generation.h
[1.024s] -- Up-to-date: /home/buhrmann/ws_moveit/install/moveit_core/include/moveit_core/moveit/trajectory_processing/time_parameterization.h
[1.024s] -- Up-to-date: /home/buhrmann/ws_moveit/install/moveit_core/include/moveit_core/moveit/trajectory_processing/trajectory_tools.h
[1.024s] -- Up-to-date: /home/buhrmann/ws_moveit/install/moveit_core/include/moveit_core
[1.024s] -- Up-to-date: /home/buhrmann/ws_moveit/install/moveit_core/include/moveit_core/moveit
[1.024s] -- Up-to-date: /home/buhrmann/ws_moveit/install/moveit_core/include/moveit_core/moveit/transforms
[1.024s] -- Up-to-date: /home/buhrmann/ws_moveit/install/moveit_core/include/moveit_core/moveit/transforms/transforms.h
[1.024s] -- Up-to-date: /home/buhrmann/ws_moveit/install/moveit_core/include/moveit_core
[1.024s] -- Up-to-date: /home/buhrmann/ws_moveit/install/moveit_core/include/moveit_core/moveit
[1.024s] -- Up-to-date: /home/buhrmann/ws_moveit/install/moveit_core/include/moveit_core/moveit/utils
[1.024s] -- Up-to-date: /home/buhrmann/ws_moveit/install/moveit_core/include/moveit_core/moveit/utils/robot_model_test_utils.h
[1.024s] -- Up-to-date: /home/buhrmann/ws_moveit/install/moveit_core/include/moveit_core/moveit/utils/eigen_test_utils.h
[1.024s] -- Up-to-date: /home/buhrmann/ws_moveit/install/moveit_core/include/moveit_core/moveit/utils/moveit_error_code.h
[1.024s] -- Up-to-date: /home/buhrmann/ws_moveit/install/moveit_core/include/moveit_core/moveit/utils/message_checks.h
[1.024s] -- Up-to-date: /home/buhrmann/ws_moveit/install/moveit_core/include/moveit_core/moveit/utils/rclcpp_utils.h
[1.024s] -- Up-to-date: /home/buhrmann/ws_moveit/install/moveit_core/include/moveit_core/moveit/utils/logger.hpp
[1.024s] -- Up-to-date: /home/buhrmann/ws_moveit/install/moveit_core/include/moveit_core/moveit/utils/lexical_casts.h
[1.024s] -- Up-to-date: /home/buhrmann/ws_moveit/install/moveit_core/lib/moveit_core/logger_dut
[1.024s] -- Up-to-date: /home/buhrmann/ws_moveit/install/moveit_core/include/moveit_core/moveit/version.h
[1.024s] -- Up-to-date: /home/buhrmann/ws_moveit/install/moveit_core/bin/moveit_version
[1.025s] -- Up-to-date: /home/buhrmann/ws_moveit/install/moveit_core/lib/libcollision_detector_bullet_plugin.so.2.11.0
[1.025s] -- Up-to-date: /home/buhrmann/ws_moveit/install/moveit_core/lib/libcollision_detector_bullet_plugin.so
[1.025s] -- Up-to-date: /home/buhrmann/ws_moveit/install/moveit_core/lib/libcollision_detector_fcl_plugin.so.2.11.0
[1.025s] -- Up-to-date: /home/buhrmann/ws_moveit/install/moveit_core/lib/libcollision_detector_fcl_plugin.so
[1.025s] -- Up-to-date: /home/buhrmann/ws_moveit/install/moveit_core/lib/libmoveit_acceleration_filter.so.2.11.0
[1.025s] -- Up-to-date: /home/buhrmann/ws_moveit/install/moveit_core/lib/libmoveit_acceleration_filter.so
[1.025s] -- Up-to-date: /home/buhrmann/ws_moveit/install/moveit_core/lib/libmoveit_butterworth_filter.so.2.11.0
[1.025s] -- Up-to-date: /home/buhrmann/ws_moveit/install/moveit_core/lib/libmoveit_butterworth_filter.so
[1.025s] -- Up-to-date: /home/buhrmann/ws_moveit/install/moveit_core/lib/libmoveit_collision_detection.so.2.11.0
[1.025s] -- Up-to-date: /home/buhrmann/ws_moveit/install/moveit_core/lib/libmoveit_collision_detection.so
[1.025s] -- Up-to-date: /home/buhrmann/ws_moveit/install/moveit_core/lib/libmoveit_collision_detection_bullet.so.2.11.0
[1.025s] -- Up-to-date: /home/buhrmann/ws_moveit/install/moveit_core/lib/libmoveit_collision_detection_bullet.so
[1.025s] -- Up-to-date: /home/buhrmann/ws_moveit/install/moveit_core/lib/libmoveit_collision_detection_fcl.so.2.11.0
[1.025s] -- Up-to-date: /home/buhrmann/ws_moveit/install/moveit_core/lib/libmoveit_collision_detection_fcl.so
[1.025s] -- Up-to-date: /home/buhrmann/ws_moveit/install/moveit_core/lib/libmoveit_collision_distance_field.so.2.11.0
[1.026s] -- Up-to-date: /home/buhrmann/ws_moveit/install/moveit_core/lib/libmoveit_collision_distance_field.so
[1.026s] -- Up-to-date: /home/buhrmann/ws_moveit/install/moveit_core/lib/libmoveit_constraint_samplers.so.2.11.0
[1.026s] -- Up-to-date: /home/buhrmann/ws_moveit/install/moveit_core/lib/libmoveit_constraint_samplers.so
[1.026s] -- Up-to-date: /home/buhrmann/ws_moveit/install/moveit_core/lib/libmoveit_distance_field.so.2.11.0
[1.026s] -- Up-to-date: /home/buhrmann/ws_moveit/install/moveit_core/lib/libmoveit_distance_field.so
[1.026s] -- Up-to-date: /home/buhrmann/ws_moveit/install/moveit_core/lib/libmoveit_dynamics_solver.so.2.11.0
[1.026s] -- Up-to-date: /home/buhrmann/ws_moveit/install/moveit_core/lib/libmoveit_dynamics_solver.so
[1.027s] -- Up-to-date: /home/buhrmann/ws_moveit/install/moveit_core/lib/libmoveit_exceptions.so.2.11.0
[1.027s] -- Up-to-date: /home/buhrmann/ws_moveit/install/moveit_core/lib/libmoveit_exceptions.so
[1.027s] -- Up-to-date: /home/buhrmann/ws_moveit/install/moveit_core/lib/libmoveit_kinematic_constraints.so.2.11.0
[1.027s] -- Up-to-date: /home/buhrmann/ws_moveit/install/moveit_core/lib/libmoveit_kinematic_constraints.so
[1.027s] -- Up-to-date: /home/buhrmann/ws_moveit/install/moveit_core/lib/libmoveit_kinematics_base.so
[1.028s] -- Up-to-date: /home/buhrmann/ws_moveit/install/moveit_core/lib/libmoveit_kinematics_metrics.so.2.11.0
[1.028s] -- Up-to-date: /home/buhrmann/ws_moveit/install/moveit_core/lib/libmoveit_kinematics_metrics.so
[1.028s] -- Up-to-date: /home/buhrmann/ws_moveit/install/moveit_core/lib/libmoveit_planning_interface.so.2.11.0
[1.028s] -- Up-to-date: /home/buhrmann/ws_moveit/install/moveit_core/lib/libmoveit_planning_interface.so
[1.029s] -- Up-to-date: /home/buhrmann/ws_moveit/install/moveit_core/lib/libmoveit_planning_scene.so.2.11.0
[1.029s] -- Up-to-date: /home/buhrmann/ws_moveit/install/moveit_core/lib/libmoveit_planning_scene.so
[1.029s] -- Up-to-date: /home/buhrmann/ws_moveit/install/moveit_core/lib/libmoveit_robot_model.so.2.11.0
[1.030s] -- Up-to-date: /home/buhrmann/ws_moveit/install/moveit_core/lib/libmoveit_robot_model.so
[1.030s] -- Up-to-date: /home/buhrmann/ws_moveit/install/moveit_core/lib/libmoveit_robot_state.so.2.11.0
[1.030s] -- Up-to-date: /home/buhrmann/ws_moveit/install/moveit_core/lib/libmoveit_robot_state.so
[1.031s] -- Up-to-date: /home/buhrmann/ws_moveit/install/moveit_core/lib/libmoveit_robot_trajectory.so.2.11.0
[1.031s] -- Up-to-date: /home/buhrmann/ws_moveit/install/moveit_core/lib/libmoveit_robot_trajectory.so
[1.031s] -- Up-to-date: /home/buhrmann/ws_moveit/install/moveit_core/lib/libmoveit_ruckig_filter.so.2.11.0
[1.031s] -- Up-to-date: /home/buhrmann/ws_moveit/install/moveit_core/lib/libmoveit_ruckig_filter.so
[1.031s] -- Up-to-date: /home/buhrmann/ws_moveit/install/moveit_core/lib/libmoveit_smoothing_base.so.2.11.0
[1.031s] -- Up-to-date: /home/buhrmann/ws_moveit/install/moveit_core/lib/libmoveit_smoothing_base.so
[1.032s] -- Up-to-date: /home/buhrmann/ws_moveit/install/moveit_core/lib/libmoveit_test_utils.so.2.11.0
[1.032s] -- Up-to-date: /home/buhrmann/ws_moveit/install/moveit_core/lib/libmoveit_test_utils.so
[1.032s] -- Up-to-date: /home/buhrmann/ws_moveit/install/moveit_core/lib/libmoveit_trajectory_processing.so.2.11.0
[1.033s] -- Up-to-date: /home/buhrmann/ws_moveit/install/moveit_core/lib/libmoveit_trajectory_processing.so
[1.033s] -- Up-to-date: /home/buhrmann/ws_moveit/install/moveit_core/lib/libmoveit_transforms.so.2.11.0
[1.033s] -- Up-to-date: /home/buhrmann/ws_moveit/install/moveit_core/lib/libmoveit_transforms.so
[1.033s] -- Up-to-date: /home/buhrmann/ws_moveit/install/moveit_core/lib/libmoveit_utils.so.2.11.0
[1.033s] -- Up-to-date: /home/buhrmann/ws_moveit/install/moveit_core/lib/libmoveit_utils.so
[1.033s] -- Up-to-date: /home/buhrmann/ws_moveit/install/moveit_core/share/moveit_core/environment/library_path.sh
[1.033s] -- Up-to-date: /home/buhrmann/ws_moveit/install/moveit_core/share/moveit_core/environment/library_path.dsv
[1.034s] -- Up-to-date: /home/buhrmann/ws_moveit/install/moveit_core/share/moveit_core/collision_detector_fcl_description.xml
[1.034s] -- Up-to-date: /home/buhrmann/ws_moveit/install/moveit_core/share/moveit_core/collision_detector_bullet_description.xml
[1.034s] -- Up-to-date: /home/buhrmann/ws_moveit/install/moveit_core/share/moveit_core/filter_plugin_acceleration.xml
[1.034s] -- Up-to-date: /home/buhrmann/ws_moveit/install/moveit_core/share/moveit_core/filter_plugin_butterworth.xml
[1.034s] -- Up-to-date: /home/buhrmann/ws_moveit/install/moveit_core/share/moveit_core/filter_plugin_ruckig.xml
[1.034s] -- Up-to-date: /home/buhrmann/ws_moveit/install/moveit_core/share/ament_index/resource_index/package_run_dependencies/moveit_core
[1.035s] -- Up-to-date: /home/buhrmann/ws_moveit/install/moveit_core/share/ament_index/resource_index/parent_prefix_path/moveit_core
[1.035s] -- Up-to-date: /home/buhrmann/ws_moveit/install/moveit_core/share/moveit_core/environment/ament_prefix_path.sh
[1.035s] -- Up-to-date: /home/buhrmann/ws_moveit/install/moveit_core/share/moveit_core/environment/ament_prefix_path.dsv
[1.035s] -- Up-to-date: /home/buhrmann/ws_moveit/install/moveit_core/share/moveit_core/environment/path.sh
[1.035s] -- Up-to-date: /home/buhrmann/ws_moveit/install/moveit_core/share/moveit_core/environment/path.dsv
[1.035s] -- Up-to-date: /home/buhrmann/ws_moveit/install/moveit_core/share/moveit_core/local_setup.bash
[1.035s] -- Up-to-date: /home/buhrmann/ws_moveit/install/moveit_core/share/moveit_core/local_setup.sh
[1.035s] -- Up-to-date: /home/buhrmann/ws_moveit/install/moveit_core/share/moveit_core/local_setup.zsh
[1.036s] -- Up-to-date: /home/buhrmann/ws_moveit/install/moveit_core/share/moveit_core/local_setup.dsv
[1.036s] -- Installing: /home/buhrmann/ws_moveit/install/moveit_core/share/moveit_core/package.dsv
[1.036s] -- Up-to-date: /home/buhrmann/ws_moveit/install/moveit_core/share/ament_index/resource_index/packages/moveit_core
[1.036s] -- Up-to-date: /home/buhrmann/ws_moveit/install/moveit_core/share/ament_index/resource_index/moveit_core__pluginlib__plugin/moveit_core
[1.036s] -- Up-to-date: /home/buhrmann/ws_moveit/install/moveit_core/share/moveit_core/cmake/moveit_coreTargetsExport.cmake
[1.037s] -- Up-to-date: /home/buhrmann/ws_moveit/install/moveit_core/share/moveit_core/cmake/moveit_coreTargetsExport-release.cmake
[1.037s] -- Up-to-date: /home/buhrmann/ws_moveit/install/moveit_core/share/moveit_core/cmake/ConfigExtras.cmake
[1.037s] -- Up-to-date: /home/buhrmann/ws_moveit/install/moveit_core/share/moveit_core/cmake/ament_cmake_export_targets-extras.cmake
[1.037s] -- Up-to-date: /home/buhrmann/ws_moveit/install/moveit_core/share/moveit_core/cmake/ament_cmake_export_dependencies-extras.cmake
[1.037s] -- Up-to-date: /home/buhrmann/ws_moveit/install/moveit_core/share/moveit_core/cmake/moveit_coreConfig.cmake
[1.037s] -- Up-to-date: /home/buhrmann/ws_moveit/install/moveit_core/share/moveit_core/cmake/moveit_coreConfig-version.cmake
[1.037s] -- Up-to-date: /home/buhrmann/ws_moveit/install/moveit_core/share/moveit_core/package.xml
[1.042s] Invoked command in '/home/buhrmann/ws_moveit/build/moveit_core' returned '0': CMAKE_PREFIX_PATH=/home/buhrmann/ws_moveit/install/moveit_resources_panda_moveit_config:/home/buhrmann/ws_moveit/install/moveit_resources_pr2_description:/home/buhrmann/ws_moveit/install/moveit_resources_panda_description:/home/buhrmann/ws_moveit/install/moveit_msgs:/home/buhrmann/ws_moveit/install/moveit_common:/home/buhrmann/ws_moveit/install/ur5_moveit_test:/home/buhrmann/ws_moveit/install/ur5_camera_moveit_config2:/home/buhrmann/ws_moveit/install/ur5_camera_moveit_config:/home/buhrmann/ws_moveit/install/ur5_description_controller:/home/buhrmann/ws_moveit/install/ur3_camera_moveit_config:/home/buhrmann/ws_moveit/install/ur3_description_controller:/home/buhrmann/ws_moveit/install/robotiq_hardware_tests:/home/buhrmann/ws_moveit/install/robotiq_driver:/home/buhrmann/ws_moveit/install/serial:/home/buhrmann/ws_moveit/install/moveit2_tutorials:/home/buhrmann/ws_moveit/install/moveit_visual_tools:/home/buhrmann/ws_moveit/install/rviz_visual_tools:/home/buhrmann/ws_moveit/install/moveit_task_constructor_visualization:/home/buhrmann/ws_moveit/install/moveit_task_constructor_demo:/home/buhrmann/ws_moveit/install/moveit_task_constructor_capabilities:/home/buhrmann/ws_moveit/install/moveit_task_constructor_core:/home/buhrmann/ws_moveit/install/rviz_marker_tools:/home/buhrmann/ws_moveit/install/picknik_accessories:/home/buhrmann/ws_moveit/install/kortex_bringup:/home/buhrmann/ws_moveit/install/kinova_gen3_lite_moveit_config:/home/buhrmann/ws_moveit/install/kinova_gen3_7dof_robotiq_2f_85_moveit_config:/home/buhrmann/ws_moveit/install/kinova_gen3_6dof_robotiq_2f_85_moveit_config:/home/buhrmann/ws_moveit/install/kortex_description:/home/buhrmann/ws_moveit/install/robotiq_description:/home/buhrmann/ws_moveit/install/robotiq_controllers:/home/buhrmann/ws_moveit/install/ppf_test_pkg:/home/buhrmann/ws_moveit/install/point_cloud_circle_detector:/home/buhrmann/ws_moveit/install/pilz_industrial_motion_planner_testutils:/home/buhrmann/ws_moveit/install/moveit_runtime:/home/buhrmann/ws_moveit/install/moveit:/home/buhrmann/ws_moveit/install/moveit_planners:/home/buhrmann/ws_moveit/install/pilz_industrial_motion_planner:/home/buhrmann/ws_moveit/install/pick_ik:/home/buhrmann/ws_moveit/install/object_detection_pcl:/home/buhrmann/ws_moveit/install/object_detection:/home/buhrmann/ws_moveit/install/object_creation:/home/buhrmann/ws_moveit/install/moveit_task_constructor_msgs:/home/buhrmann/ws_moveit/install/moveit_ros_control_interface:/home/buhrmann/ws_moveit/install/moveit_plugins:/home/buhrmann/ws_moveit/install/moveit_simple_controller_manager:/home/buhrmann/ws_moveit/install/moveit_setup_assistant:/home/buhrmann/ws_moveit/install/moveit_setup_srdf_plugins:/home/buhrmann/ws_moveit/install/moveit_setup_core_plugins:/home/buhrmann/ws_moveit/install/moveit_setup_controllers:/home/buhrmann/ws_moveit/install/moveit_setup_app_plugins:/home/buhrmann/ws_moveit/install/moveit_setup_framework:/home/buhrmann/ws_moveit/install/moveit_servo:/home/buhrmann/ws_moveit/install/moveit_ros_trajectory_cache:/home/buhrmann/ws_moveit/install/moveit_ros:/home/buhrmann/ws_moveit/install/moveit_ros_visualization:/home/buhrmann/ws_moveit/install/moveit_py:/home/buhrmann/ws_moveit/install/moveit_hybrid_planning:/home/buhrmann/ws_moveit/install/edit_planning_scene:/home/buhrmann/ws_moveit/install/moveit_ros_planning_interface:/home/buhrmann/ws_moveit/install/moveit_ros_benchmarks:/home/buhrmann/ws_moveit/install/moveit_ros_warehouse:/home/buhrmann/ws_moveit/install/moveit_ros_robot_interaction:/home/buhrmann/ws_moveit/install/moveit_ros_perception:/home/buhrmann/ws_moveit/install/moveit_resources_prbt_pg70_support:/home/buhrmann/ws_moveit/install/moveit_resources_prbt_moveit_config:/home/buhrmann/ws_moveit/install/moveit_ros_move_group:/home/buhrmann/ws_moveit/install/moveit_planners_ompl:/home/buhrmann/ws_moveit/install/moveit_kinematics:/home/buhrmann/ws_moveit/install/moveit_ros_planning:/home/buhrmann/ws_moveit/install/moveit_ros_occupancy_map_monitor:/home/buhrmann/ws_moveit/install/moveit_resources_prbt_support:/home/buhrmann/ws_moveit/install/moveit_resources_prbt_ikfast_manipulator_plugin:/home/buhrmann/ws_moveit/install/moveit_resources:/home/buhrmann/ws_moveit/install/dual_arm_panda_moveit_config:/home/buhrmann/ws_moveit/install/moveit_resources_fanuc_moveit_config:/home/buhrmann/ws_moveit/install/moveit_resources_fanuc_description:/home/buhrmann/ws_moveit/install/moveit_planners_stomp:/home/buhrmann/ws_moveit/install/moveit_planners_chomp:/home/buhrmann/ws_moveit/install/chomp_motion_planner:/home/buhrmann/ws_moveit/install/moveit_core:/home/buhrmann/ws_moveit/install/kortex_driver:/home/buhrmann/ws_moveit/install/kortex_api:/home/buhrmann/ws_moveit/install/ros2_azure_bridge:/home/buhrmann/ws_moveit/install/moveit_configs_utils:/opt/ros/iron LD_LIBRARY_PATH=/home/buhrmann/ws_moveit/install/moveit_msgs/lib:/home/buhrmann/ws_moveit/install/robotiq_driver/lib:/home/buhrmann/ws_moveit/install/serial/lib:/home/buhrmann/ws_moveit/install/moveit_visual_tools/lib:/home/buhrmann/ws_moveit/install/rviz_visual_tools/lib:/home/buhrmann/ws_moveit/install/moveit_task_constructor_visualization/lib:/home/buhrmann/ws_moveit/install/moveit_task_constructor_demo/lib:/home/buhrmann/ws_moveit/install/moveit_task_constructor_capabilities/lib:/home/buhrmann/ws_moveit/install/moveit_task_constructor_core/lib:/home/buhrmann/ws_moveit/install/rviz_marker_tools/lib:/home/buhrmann/ws_moveit/install/robotiq_controllers/lib:/home/buhrmann/ws_moveit/install/pilz_industrial_motion_planner_testutils/lib:/home/buhrmann/ws_moveit/install/pilz_industrial_motion_planner/lib:/home/buhrmann/ws_moveit/install/pick_ik/lib:/home/buhrmann/ws_moveit/install/moveit_task_constructor_msgs/lib:/home/buhrmann/ws_moveit/install/moveit_ros_control_interface/lib:/home/buhrmann/ws_moveit/install/moveit_simple_controller_manager/lib:/home/buhrmann/ws_moveit/install/moveit_setup_assistant/lib:/home/buhrmann/ws_moveit/install/moveit_setup_srdf_plugins/lib:/home/buhrmann/ws_moveit/install/moveit_setup_core_plugins/lib:/home/buhrmann/ws_moveit/install/moveit_setup_controllers/lib:/home/buhrmann/ws_moveit/install/moveit_setup_app_plugins/lib:/home/buhrmann/ws_moveit/install/moveit_setup_framework/lib:/home/buhrmann/ws_moveit/install/moveit_servo/lib:/home/buhrmann/ws_moveit/install/moveit_ros_trajectory_cache/lib:/home/buhrmann/ws_moveit/install/moveit_ros_visualization/lib:/home/buhrmann/ws_moveit/install/moveit_py/lib:/home/buhrmann/ws_moveit/install/moveit_hybrid_planning/lib:/home/buhrmann/ws_moveit/install/moveit_ros_planning_interface/lib:/home/buhrmann/ws_moveit/install/moveit_ros_benchmarks/lib:/home/buhrmann/ws_moveit/install/moveit_ros_warehouse/lib:/home/buhrmann/ws_moveit/install/moveit_ros_robot_interaction/lib:/home/buhrmann/ws_moveit/install/moveit_ros_perception/lib:/home/buhrmann/ws_moveit/install/moveit_ros_move_group/lib:/home/buhrmann/ws_moveit/install/moveit_planners_ompl/lib:/home/buhrmann/ws_moveit/install/moveit_kinematics/lib:/home/buhrmann/ws_moveit/install/moveit_ros_planning/lib:/home/buhrmann/ws_moveit/install/moveit_ros_occupancy_map_monitor/lib:/home/buhrmann/ws_moveit/install/moveit_resources_prbt_ikfast_manipulator_plugin/lib:/home/buhrmann/ws_moveit/install/moveit_planners_stomp/lib:/home/buhrmann/ws_moveit/install/moveit_planners_chomp/lib:/home/buhrmann/ws_moveit/install/chomp_motion_planner/lib:/home/buhrmann/ws_moveit/install/moveit_core/lib:/home/buhrmann/ws_moveit/install/kortex_driver/lib:/opt/ros/iron/opt/rviz_ogre_vendor/lib:/opt/ros/iron/lib/x86_64-linux-gnu:/opt/ros/iron/lib:/usr/lib/jvm/java-11-openjdk-amd64/lib/amd64 PYTHONPATH=/home/buhrmann/ws_moveit/install/moveit_msgs/lib/python3.10/site-packages:/home/buhrmann/ws_moveit/install/moveit_task_constructor_core/lib/python3.10/site-packages:/home/buhrmann/ws_moveit/install/ros2_azure_bridge/lib/python3.10/site-packages:/home/buhrmann/ws_moveit/install/moveit_task_constructor_msgs/lib/python3.10/site-packages:/home/buhrmann/ws_moveit/install/moveit_py/lib/python3.10/site-packages:/home/buhrmann/ws_moveit/install/moveit_configs_utils/lib/python3.10/site-packages:/opt/ros/iron/lib/python3.10/site-packages /usr/bin/cmake --install /home/buhrmann/ws_moveit/build/moveit_core
