[0.493s] Invoking command in '/home/buhrmann/ws_moveit/build/point_cloud_circle_detector': CMAKE_PREFIX_PATH=${CMAKE_PREFIX_PATH}:/home/buhrmann/ws_moveit/install/ros2_azure_bridge:/home/buhrmann/ws_moveit/install/moveit_configs_utils:/opt/ros/iron /usr/bin/cmake --build /home/buhrmann/ws_moveit/build/point_cloud_circle_detector -- -j28 -l28
[0.611s] [  3%] [32mBuilding CXX object CMakeFiles/plantplot_ransac_conversion.dir/src/plantplot_ransac_conversion.cpp.o[0m
[0.639s] [ 10%] Built target cup_segmentation_color
[0.639s] [ 17%] Built target point_cloud_plantpot_pfh_detector
[0.642s] [ 25%] Built target point_cloud_cylinder_detector
[0.647s] [ 32%] Built target point_cloud_plantpot_rgb_edge_pfh_detector
[0.648s] [ 46%] Built target point_cloud_plantpot_ppf_detector
[0.652s] [ 60%] Built target plantplot_icp_conversion
[0.652s] [ 46%] Built target point_cloud_circle_detector
[0.654s] [ 67%] Built target point_cloud_plantpot_detector
[0.655s] [ 53%] Built target point_cloud_plantpot_edge_pfh_detector
[0.658s] [ 75%] Built target hsv_color_filter
[0.659s] [ 82%] Built target cup_pointcloud_segmentation_color
[0.671s] [ 89%] Built target image_based_hsv_color_filter
[0.673s] [ 96%] Built target rgb_edge_filter
[2.167s] [01m[K/home/buhrmann/ws_moveit/src/point_cloud_circle_detector/src/plantplot_ransac_conversion.cpp:6:10:[m[K [01;31m[Kfatal error: [m[Ktf2_geometry_msgs/tf2_geometry_msgs.hpp: No such file or directory
[2.167s]     6 | #include [01;31m[K<tf2_geometry_msgs/tf2_geometry_msgs.hpp>[m[K
[2.168s]       |          [01;31m[K^~~~~~~~~~~~~~~~~~~~~~~~~~~~~~~~~~~~~~~~~[m[K
[2.168s] compilation terminated.
[2.189s] gmake[2]: *** [CMakeFiles/plantplot_ransac_conversion.dir/build.make:76: CMakeFiles/plantplot_ransac_conversion.dir/src/plantplot_ransac_conversion.cpp.o] Error 1
[2.190s] gmake[1]: *** [CMakeFiles/Makefile2:501: CMakeFiles/plantplot_ransac_conversion.dir/all] Error 2
[2.190s] gmake: *** [Makefile:146: all] Error 2
[2.198s] Invoked command in '/home/buhrmann/ws_moveit/build/point_cloud_circle_detector' returned '2': CMAKE_PREFIX_PATH=${CMAKE_PREFIX_PATH}:/home/buhrmann/ws_moveit/install/ros2_azure_bridge:/home/buhrmann/ws_moveit/install/moveit_configs_utils:/opt/ros/iron /usr/bin/cmake --build /home/buhrmann/ws_moveit/build/point_cloud_circle_detector -- -j28 -l28
