[0.535s] Invoking command in '/home/buhrmann/ws_moveit/src/moveit2/moveit_configs_utils': PYTHONPATH=/home/buhrmann/ws_moveit/build/moveit_configs_utils/prefix_override:/usr/lib/python3/dist-packages/colcon_core/task/python/colcon_distutils_commands:/home/buhrmann/ws_moveit/install/moveit_configs_utils/lib/python3.10/site-packages:${PYTHONPATH} /usr/bin/python3 -W ignore:setup.py install is deprecated -W ignore:easy_install command is deprecated setup.py egg_info --egg-base ../../../build/moveit_configs_utils build --build-base /home/buhrmann/ws_moveit/build/moveit_configs_utils/build install --record /home/buhrmann/ws_moveit/build/moveit_configs_utils/install.log --single-version-externally-managed install_data
[0.656s] running egg_info
[0.657s] writing ../../../build/moveit_configs_utils/moveit_configs_utils.egg-info/PKG-INFO
[0.657s] writing dependency_links to ../../../build/moveit_configs_utils/moveit_configs_utils.egg-info/dependency_links.txt
[0.657s] writing entry points to ../../../build/moveit_configs_utils/moveit_configs_utils.egg-info/entry_points.txt
[0.657s] writing requirements to ../../../build/moveit_configs_utils/moveit_configs_utils.egg-info/requires.txt
[0.657s] writing top-level names to ../../../build/moveit_configs_utils/moveit_configs_utils.egg-info/top_level.txt
[0.658s] reading manifest file '../../../build/moveit_configs_utils/moveit_configs_utils.egg-info/SOURCES.txt'
[0.658s] writing manifest file '../../../build/moveit_configs_utils/moveit_configs_utils.egg-info/SOURCES.txt'
[0.658s] running build
[0.658s] running build_py
[0.658s] running install
[0.658s] running install_lib
[0.659s] running install_data
[0.659s] running install_egg_info
[0.661s] removing '/home/buhrmann/ws_moveit/install/moveit_configs_utils/lib/python3.10/site-packages/moveit_configs_utils-2.11.0-py3.10.egg-info' (and everything under it)
[0.661s] Copying ../../../build/moveit_configs_utils/moveit_configs_utils.egg-info to /home/buhrmann/ws_moveit/install/moveit_configs_utils/lib/python3.10/site-packages/moveit_configs_utils-2.11.0-py3.10.egg-info
[0.661s] running install_scripts
[0.671s] writing list of installed files to '/home/buhrmann/ws_moveit/build/moveit_configs_utils/install.log'
[0.694s] Invoked command in '/home/buhrmann/ws_moveit/src/moveit2/moveit_configs_utils' returned '0': PYTHONPATH=/home/buhrmann/ws_moveit/build/moveit_configs_utils/prefix_override:/usr/lib/python3/dist-packages/colcon_core/task/python/colcon_distutils_commands:/home/buhrmann/ws_moveit/install/moveit_configs_utils/lib/python3.10/site-packages:${PYTHONPATH} /usr/bin/python3 -W ignore:setup.py install is deprecated -W ignore:easy_install command is deprecated setup.py egg_info --egg-base ../../../build/moveit_configs_utils build --build-base /home/buhrmann/ws_moveit/build/moveit_configs_utils/build install --record /home/buhrmann/ws_moveit/build/moveit_configs_utils/install.log --single-version-externally-managed install_data
