[0.025s] Invoking command in '/home/buhrmann/ws_moveit/build/moveit_ros_occupancy_map_monitor': CMAKE_PREFIX_PATH=/home/buhrmann/ws_moveit/install/moveit_core:/home/buhrmann/ws_moveit/install/moveit_resources_panda_moveit_config:/home/buhrmann/ws_moveit/install/moveit_resources_pr2_description:/home/buhrmann/ws_moveit/install/moveit_resources_panda_description:/home/buhrmann/ws_moveit/install/moveit_msgs:/home/buhrmann/ws_moveit/install/moveit_common:/usr/local/share/pcl-1.14:/home/buhrmann/ws_moveit/install/ur5_moveit_test:/home/buhrmann/ws_moveit/install/ur5_camera_moveit_config2:/home/buhrmann/ws_moveit/install/ur5_camera_moveit_config:/home/buhrmann/ws_moveit/install/ur5_description_controller:/home/buhrmann/ws_moveit/install/ur3_camera_moveit_config:/home/buhrmann/ws_moveit/install/ur3_description_controller:/home/buhrmann/ws_moveit/install/robotiq_hardware_tests:/home/buhrmann/ws_moveit/install/robotiq_driver:/home/buhrmann/ws_moveit/install/serial:/home/buhrmann/ws_moveit/install/moveit2_tutorials:/home/buhrmann/ws_moveit/install/moveit_visual_tools:/home/buhrmann/ws_moveit/install/rviz_visual_tools:/home/buhrmann/ws_moveit/install/moveit_task_constructor_visualization:/home/buhrmann/ws_moveit/install/moveit_task_constructor_demo:/home/buhrmann/ws_moveit/install/moveit_task_constructor_capabilities:/home/buhrmann/ws_moveit/install/moveit_task_constructor_core:/home/buhrmann/ws_moveit/install/rviz_marker_tools:/home/buhrmann/ws_moveit/install/picknik_accessories:/home/buhrmann/ws_moveit/install/kortex_bringup:/home/buhrmann/ws_moveit/install/kinova_gen3_lite_moveit_config:/home/buhrmann/ws_moveit/install/kinova_gen3_7dof_robotiq_2f_85_moveit_config:/home/buhrmann/ws_moveit/install/kinova_gen3_6dof_robotiq_2f_85_moveit_config:/home/buhrmann/ws_moveit/install/kortex_description:/home/buhrmann/ws_moveit/install/robotiq_description:/home/buhrmann/ws_moveit/install/robotiq_controllers:/home/buhrmann/ws_moveit/install/point_cloud_circle_detector:/home/buhrmann/ws_moveit/install/pilz_industrial_motion_planner_testutils:/home/buhrmann/ws_moveit/install/moveit_runtime:/home/buhrmann/ws_moveit/install/moveit:/home/buhrmann/ws_moveit/install/moveit_planners:/home/buhrmann/ws_moveit/install/pilz_industrial_motion_planner:/home/buhrmann/ws_moveit/install/pick_ik:/home/buhrmann/ws_moveit/install/object_detection_pcl:/home/buhrmann/ws_moveit/install/object_detection:/home/buhrmann/ws_moveit/install/object_creation:/home/buhrmann/ws_moveit/install/moveit_task_constructor_msgs:/home/buhrmann/ws_moveit/install/moveit_ros_control_interface:/home/buhrmann/ws_moveit/install/moveit_plugins:/home/buhrmann/ws_moveit/install/moveit_simple_controller_manager:/home/buhrmann/ws_moveit/install/moveit_setup_assistant:/home/buhrmann/ws_moveit/install/moveit_setup_srdf_plugins:/home/buhrmann/ws_moveit/install/moveit_setup_core_plugins:/home/buhrmann/ws_moveit/install/moveit_setup_controllers:/home/buhrmann/ws_moveit/install/moveit_setup_app_plugins:/home/buhrmann/ws_moveit/install/moveit_setup_framework:/home/buhrmann/ws_moveit/install/moveit_servo:/home/buhrmann/ws_moveit/install/moveit_ros_trajectory_cache:/home/buhrmann/ws_moveit/install/moveit_ros:/home/buhrmann/ws_moveit/install/moveit_ros_visualization:/home/buhrmann/ws_moveit/install/moveit_py:/home/buhrmann/ws_moveit/install/moveit_hybrid_planning:/home/buhrmann/ws_moveit/install/moveit_ros_planning_interface:/home/buhrmann/ws_moveit/install/moveit_ros_benchmarks:/home/buhrmann/ws_moveit/install/moveit_ros_warehouse:/home/buhrmann/ws_moveit/install/moveit_ros_robot_interaction:/home/buhrmann/ws_moveit/install/moveit_ros_perception:/home/buhrmann/ws_moveit/install/moveit_resources_prbt_pg70_support:/home/buhrmann/ws_moveit/install/moveit_resources_prbt_moveit_config:/home/buhrmann/ws_moveit/install/moveit_ros_move_group:/home/buhrmann/ws_moveit/install/moveit_planners_ompl:/home/buhrmann/ws_moveit/install/moveit_kinematics:/home/buhrmann/ws_moveit/install/moveit_ros_planning:/home/buhrmann/ws_moveit/install/moveit_ros_occupancy_map_monitor:/home/buhrmann/ws_moveit/install/moveit_resources_prbt_support:/home/buhrmann/ws_moveit/install/moveit_resources_prbt_ikfast_manipulator_plugin:/home/buhrmann/ws_moveit/install/moveit_resources:/home/buhrmann/ws_moveit/install/dual_arm_panda_moveit_config:/home/buhrmann/ws_moveit/install/moveit_resources_fanuc_moveit_config:/home/buhrmann/ws_moveit/install/moveit_resources_fanuc_description:/home/buhrmann/ws_moveit/install/moveit_planners_stomp:/home/buhrmann/ws_moveit/install/moveit_planners_chomp:/home/buhrmann/ws_moveit/install/chomp_motion_planner:/home/buhrmann/ws_moveit/install/kortex_driver:/home/buhrmann/ws_moveit/install/kortex_api:/home/buhrmann/ws_moveit/install/moveit_configs_utils:/opt/ros/iron LD_LIBRARY_PATH=/home/buhrmann/ws_moveit/install/moveit_core/lib:/home/buhrmann/ws_moveit/install/moveit_msgs/lib:/home/buhrmann/ws_moveit/install/robotiq_driver/lib:/home/buhrmann/ws_moveit/install/serial/lib:/home/buhrmann/ws_moveit/install/moveit_visual_tools/lib:/home/buhrmann/ws_moveit/install/rviz_visual_tools/lib:/home/buhrmann/ws_moveit/install/moveit_task_constructor_visualization/lib:/home/buhrmann/ws_moveit/install/moveit_task_constructor_demo/lib:/home/buhrmann/ws_moveit/install/moveit_task_constructor_capabilities/lib:/home/buhrmann/ws_moveit/install/moveit_task_constructor_core/lib:/home/buhrmann/ws_moveit/install/rviz_marker_tools/lib:/home/buhrmann/ws_moveit/install/robotiq_controllers/lib:/home/buhrmann/ws_moveit/install/pilz_industrial_motion_planner_testutils/lib:/home/buhrmann/ws_moveit/install/pilz_industrial_motion_planner/lib:/home/buhrmann/ws_moveit/install/pick_ik/lib:/home/buhrmann/ws_moveit/install/moveit_task_constructor_msgs/lib:/home/buhrmann/ws_moveit/install/moveit_ros_control_interface/lib:/home/buhrmann/ws_moveit/install/moveit_simple_controller_manager/lib:/home/buhrmann/ws_moveit/install/moveit_setup_assistant/lib:/home/buhrmann/ws_moveit/install/moveit_setup_srdf_plugins/lib:/home/buhrmann/ws_moveit/install/moveit_setup_core_plugins/lib:/home/buhrmann/ws_moveit/install/moveit_setup_controllers/lib:/home/buhrmann/ws_moveit/install/moveit_setup_app_plugins/lib:/home/buhrmann/ws_moveit/install/moveit_setup_framework/lib:/home/buhrmann/ws_moveit/install/moveit_servo/lib:/home/buhrmann/ws_moveit/install/moveit_ros_trajectory_cache/lib:/home/buhrmann/ws_moveit/install/moveit_ros_visualization/lib:/home/buhrmann/ws_moveit/install/moveit_py/lib:/home/buhrmann/ws_moveit/install/moveit_hybrid_planning/lib:/home/buhrmann/ws_moveit/install/moveit_ros_planning_interface/lib:/home/buhrmann/ws_moveit/install/moveit_ros_benchmarks/lib:/home/buhrmann/ws_moveit/install/moveit_ros_warehouse/lib:/home/buhrmann/ws_moveit/install/moveit_ros_robot_interaction/lib:/home/buhrmann/ws_moveit/install/moveit_ros_perception/lib:/home/buhrmann/ws_moveit/install/moveit_ros_move_group/lib:/home/buhrmann/ws_moveit/install/moveit_planners_ompl/lib:/home/buhrmann/ws_moveit/install/moveit_kinematics/lib:/home/buhrmann/ws_moveit/install/moveit_ros_planning/lib:/home/buhrmann/ws_moveit/install/moveit_ros_occupancy_map_monitor/lib:/home/buhrmann/ws_moveit/install/moveit_resources_prbt_ikfast_manipulator_plugin/lib:/home/buhrmann/ws_moveit/install/moveit_planners_stomp/lib:/home/buhrmann/ws_moveit/install/moveit_planners_chomp/lib:/home/buhrmann/ws_moveit/install/chomp_motion_planner/lib:/home/buhrmann/ws_moveit/install/kortex_driver/lib:/opt/ros/iron/opt/rviz_ogre_vendor/lib:/opt/ros/iron/lib/x86_64-linux-gnu:/opt/ros/iron/lib:/usr/lib/jvm/java-11-openjdk-amd64/lib/amd64 PYTHONPATH=/home/buhrmann/ws_moveit/install/moveit_msgs/lib/python3.10/site-packages:/home/buhrmann/ws_moveit/install/moveit_task_constructor_core/lib/python3.10/site-packages:/home/buhrmann/ws_moveit/install/moveit_task_constructor_msgs/lib/python3.10/site-packages:/home/buhrmann/ws_moveit/install/moveit_py/lib/python3.10/site-packages:/home/buhrmann/ws_moveit/install/moveit_configs_utils/lib/python3.10/site-packages:/opt/ros/iron/lib/python3.10/site-packages /usr/bin/cmake --build /home/buhrmann/ws_moveit/build/moveit_ros_occupancy_map_monitor -- -j28 -l28
[0.058s] -- Found moveit_common: 2.11.0 (/home/buhrmann/ws_moveit/install/moveit_common/share/moveit_common/cmake)
[0.058s] -- Found ament_cmake: 2.0.7 (/opt/ros/iron/share/ament_cmake/cmake)
[0.168s] [0mmoveit_ros_occupancy_map_monitor: You did not request a specific build type: Choosing 'Release' for maximum performance[0m
[0.168s] -- Found moveit_core: 2.11.0 (/home/buhrmann/ws_moveit/install/moveit_core/share/moveit_core/cmake)
[0.179s] -- Found Boost: /usr/lib/x86_64-linux-gnu/cmake/Boost-1.74.0/BoostConfig.cmake (found version "1.74.0") found components: chrono date_time filesystem iostreams program_options regex serialization system thread 
[0.211s] -- Found parameter_traits: 0.3.9 (/opt/ros/iron/share/parameter_traits/cmake)
[0.229s] -- Found rosidl_generator_c: 4.0.1 (/opt/ros/iron/share/rosidl_generator_c/cmake)
[0.236s] -- Found rosidl_generator_cpp: 4.0.1 (/opt/ros/iron/share/rosidl_generator_cpp/cmake)
[0.247s] -- Using all available rosidl_typesupport_c: rosidl_typesupport_fastrtps_c;rosidl_typesupport_introspection_c
[0.257s] -- Using all available rosidl_typesupport_cpp: rosidl_typesupport_fastrtps_cpp;rosidl_typesupport_introspection_cpp
[0.341s] -- Found rmw_implementation_cmake: 7.1.0 (/opt/ros/iron/share/rmw_implementation_cmake/cmake)
[0.343s] -- Found rmw_fastrtps_cpp: 7.1.4 (/opt/ros/iron/share/rmw_fastrtps_cpp/cmake)
[0.435s] -- Using RMW implementation 'rmw_fastrtps_cpp' as default
[0.538s] -- Found rclcpp_lifecycle: 21.0.8 (/opt/ros/iron/share/rclcpp_lifecycle/cmake)
[0.597s] -- Found Boost: /usr/lib/x86_64-linux-gnu/cmake/Boost-1.74.0/BoostConfig.cmake (found version "1.74.0") found components: filesystem 
[0.673s] -- library: /usr/lib/x86_64-linux-gnu/libcurl.so
[0.884s] -- Ensuring Eigen3 include directory is part of orocos-kdl CMake target
[1.834s] -- Found ament_cmake_gmock: 2.0.7 (/opt/ros/iron/share/ament_cmake_gmock/cmake)
[1.834s] -- Found gmock sources under '/opt/ros/iron/src/gmock_vendor': C++ tests using 'Google Mock' will be built
[1.836s] -- Found ament_cmake_gtest: 2.0.7 (/opt/ros/iron/share/ament_cmake_gtest/cmake)
[1.837s] -- Found gtest sources under '/opt/ros/iron/src/gtest_vendor': C++ tests using 'Google Test' will be built
[1.842s] -- Configuring done
[1.890s] -- Generating done
[1.892s] -- Build files have been written to: /home/buhrmann/ws_moveit/build/moveit_ros_occupancy_map_monitor
[1.918s] [35m[1mConsolidate compiler generated dependencies of target gmock_main[0m
[1.919s] [35m[1mConsolidate compiler generated dependencies of target gmock[0m
[1.921s] [35m[1mConsolidate compiler generated dependencies of target moveit_ros_occupancy_map_monitor[0m
[1.930s] [  7%] [32mBuilding CXX object gmock/CMakeFiles/gmock.dir/src/gmock-all.cc.o[0m
[1.931s] [ 15%] [32mBuilding CXX object gmock/CMakeFiles/gmock_main.dir/src/gmock_main.cc.o[0m
[1.933s] [ 23%] [32mBuilding CXX object gmock/CMakeFiles/gmock.dir/opt/ros/iron/src/gtest_vendor/src/gtest-all.cc.o[0m
[1.939s] [ 30%] [32mBuilding CXX object CMakeFiles/moveit_ros_occupancy_map_monitor.dir/src/occupancy_map_monitor_middleware_handle.cpp.o[0m
[1.940s] [ 38%] [32mBuilding CXX object CMakeFiles/moveit_ros_occupancy_map_monitor.dir/src/occupancy_map_monitor.cpp.o[0m
[1.943s] [ 46%] [32mBuilding CXX object CMakeFiles/moveit_ros_occupancy_map_monitor.dir/src/occupancy_map_updater.cpp.o[0m
[4.367s] [ 53%] [32m[1mLinking CXX static library libgmock_main.a[0m
[4.559s] [ 53%] Built target gmock_main
[12.285s] [ 61%] [32m[1mLinking CXX static library libgmock.a[0m
[12.383s] [ 61%] Built target gmock
[20.748s] [ 69%] [32m[1mLinking CXX shared library libmoveit_ros_occupancy_map_monitor.so[0m
[21.219s] [ 69%] Built target moveit_ros_occupancy_map_monitor
[21.246s] [35m[1mConsolidate compiler generated dependencies of target occupancy_map_monitor_tests[0m
[21.246s] [35m[1mConsolidate compiler generated dependencies of target moveit_ros_occupancy_map_server[0m
[21.265s] [ 76%] [32mBuilding CXX object CMakeFiles/moveit_ros_occupancy_map_server.dir/src/occupancy_map_server.cpp.o[0m
[21.270s] [ 84%] [32mBuilding CXX object CMakeFiles/occupancy_map_monitor_tests.dir/test/occupancy_map_monitor_tests.cpp.o[0m
[26.351s] [ 92%] [32m[1mLinking CXX executable occupancy_map_monitor_tests[0m
[26.512s] [ 92%] Built target occupancy_map_monitor_tests
[28.401s] [100%] [32m[1mLinking CXX executable moveit_ros_occupancy_map_server[0m
[28.567s] [100%] Built target moveit_ros_occupancy_map_server
