[  1%] Built target pick_ik_parameters
[35m[1mConsolidate compiler generated dependencies of target Catch2[0m
[  2%] [32mBuilding CXX object CMakeFiles/pick_ik_plugin.dir/src/fk_moveit.cpp.o[0m
[  2%] [32mBuilding CXX object CMakeFiles/pick_ik_plugin.dir/src/forward_kinematics.cpp.o[0m
[  3%] [32mBuilding CXX object CMakeFiles/pick_ik_plugin.dir/src/goal.cpp.o[0m
[  4%] [32mBuilding CXX object CMakeFiles/pick_ik_plugin.dir/src/pick_ik_plugin.cpp.o[0m
[  5%] [32mBuilding CXX object CMakeFiles/pick_ik_plugin.dir/src/ik_gradient.cpp.o[0m
[  6%] [32mBuilding CXX object CMakeFiles/pick_ik_plugin.dir/src/robot.cpp.o[0m
[  7%] [32mBuilding CXX object CMakeFiles/pick_ik_plugin.dir/src/ik_memetic.cpp.o[0m
[ 93%] Built target Catch2
[ 94%] [32mBuilding CXX object _deps/catch2-build/src/CMakeFiles/Catch2WithMain.dir/catch2/internal/catch_main.cpp.o[0m
[ 95%] [32m[1mLinking CXX shared library libCatch2Main.so[0m
[ 95%] Built target Catch2WithMain
[ 95%] [32m[1mLinking CXX shared library libpick_ik_plugin.so[0m
[ 95%] Built target pick_ik_plugin
[ 96%] [32mBuilding CXX object tests/CMakeFiles/test-pick_ik.dir/goal_tests.cpp.o[0m
[ 98%] [32mBuilding CXX object tests/CMakeFiles/test-pick_ik.dir/ik_memetic_tests.cpp.o[0m
[ 98%] [32mBuilding CXX object tests/CMakeFiles/test-pick_ik.dir/ik_tests.cpp.o[0m
[ 99%] [32mBuilding CXX object tests/CMakeFiles/test-pick_ik.dir/robot_tests.cpp.o[0m
[100%] [32m[1mLinking CXX executable test-pick_ik[0m
[100%] Built target test-pick_ik
-- Install configuration: ""
-- Up-to-date: /home/buhrmann/ws_moveit/install/pick_ik/include/pick_ik_parameters
-- Up-to-date: /home/buhrmann/ws_moveit/install/pick_ik/include/pick_ik_parameters/pick_ik_parameters.hpp
-- Up-to-date: /home/buhrmann/ws_moveit/install/pick_ik/share/pick_ik/pick_ik_kinematics_description.xml
-- Up-to-date: /home/buhrmann/ws_moveit/install/pick_ik/include/pick_ik
-- Up-to-date: /home/buhrmann/ws_moveit/install/pick_ik/include/pick_ik/pick_ik
-- Up-to-date: /home/buhrmann/ws_moveit/install/pick_ik/include/pick_ik/pick_ik/ik_gradient.hpp
-- Up-to-date: /home/buhrmann/ws_moveit/install/pick_ik/include/pick_ik/pick_ik/goal.hpp
-- Up-to-date: /home/buhrmann/ws_moveit/install/pick_ik/include/pick_ik/pick_ik/forward_kinematics.hpp
-- Up-to-date: /home/buhrmann/ws_moveit/install/pick_ik/include/pick_ik/pick_ik/fk_moveit.hpp
-- Up-to-date: /home/buhrmann/ws_moveit/install/pick_ik/include/pick_ik/pick_ik/ik_memetic.hpp
-- Up-to-date: /home/buhrmann/ws_moveit/install/pick_ik/include/pick_ik/pick_ik/robot.hpp
-- Installing: /home/buhrmann/ws_moveit/install/pick_ik/lib/libpick_ik_plugin.so
-- Set runtime path of "/home/buhrmann/ws_moveit/install/pick_ik/lib/libpick_ik_plugin.so" to ""
-- Up-to-date: /home/buhrmann/ws_moveit/install/pick_ik/share/pick_ik/environment/library_path.sh
-- Up-to-date: /home/buhrmann/ws_moveit/install/pick_ik/share/pick_ik/environment/library_path.dsv
-- Up-to-date: /home/buhrmann/ws_moveit/install/pick_ik/share/ament_index/resource_index/package_run_dependencies/pick_ik
-- Up-to-date: /home/buhrmann/ws_moveit/install/pick_ik/share/ament_index/resource_index/parent_prefix_path/pick_ik
-- Up-to-date: /home/buhrmann/ws_moveit/install/pick_ik/share/pick_ik/environment/ament_prefix_path.sh
-- Up-to-date: /home/buhrmann/ws_moveit/install/pick_ik/share/pick_ik/environment/ament_prefix_path.dsv
-- Up-to-date: /home/buhrmann/ws_moveit/install/pick_ik/share/pick_ik/environment/path.sh
-- Up-to-date: /home/buhrmann/ws_moveit/install/pick_ik/share/pick_ik/environment/path.dsv
-- Up-to-date: /home/buhrmann/ws_moveit/install/pick_ik/share/pick_ik/local_setup.bash
-- Up-to-date: /home/buhrmann/ws_moveit/install/pick_ik/share/pick_ik/local_setup.sh
-- Up-to-date: /home/buhrmann/ws_moveit/install/pick_ik/share/pick_ik/local_setup.zsh
-- Up-to-date: /home/buhrmann/ws_moveit/install/pick_ik/share/pick_ik/local_setup.dsv
-- Installing: /home/buhrmann/ws_moveit/install/pick_ik/share/pick_ik/package.dsv
-- Up-to-date: /home/buhrmann/ws_moveit/install/pick_ik/share/ament_index/resource_index/packages/pick_ik
-- Up-to-date: /home/buhrmann/ws_moveit/install/pick_ik/share/ament_index/resource_index/moveit_core__pluginlib__plugin/pick_ik
-- Up-to-date: /home/buhrmann/ws_moveit/install/pick_ik/share/pick_ik/cmake/export_pick_ikExport.cmake
-- Up-to-date: /home/buhrmann/ws_moveit/install/pick_ik/share/pick_ik/cmake/export_pick_ikExport-noconfig.cmake
-- Up-to-date: /home/buhrmann/ws_moveit/install/pick_ik/share/pick_ik/cmake/ament_cmake_export_targets-extras.cmake
-- Up-to-date: /home/buhrmann/ws_moveit/install/pick_ik/share/pick_ik/cmake/ament_cmake_export_dependencies-extras.cmake
-- Up-to-date: /home/buhrmann/ws_moveit/install/pick_ik/share/pick_ik/cmake/pick_ikConfig.cmake
-- Up-to-date: /home/buhrmann/ws_moveit/install/pick_ik/share/pick_ik/cmake/pick_ikConfig-version.cmake
-- Up-to-date: /home/buhrmann/ws_moveit/install/pick_ik/share/pick_ik/package.xml
