[0.485s] Invoking command in '/home/buhrmann/ws_moveit/build/point_cloud_circle_detector': CMAKE_PREFIX_PATH=${CMAKE_PREFIX_PATH}:/home/buhrmann/ws_moveit/install/ros2_azure_bridge:/home/buhrmann/ws_moveit/install/moveit_configs_utils:/opt/ros/iron /usr/bin/cmake --build /home/buhrmann/ws_moveit/build/point_cloud_circle_detector -- -j28 -l28
[0.636s] [  7%] Built target point_cloud_cylinder_detector
[0.637s] [ 15%] Built target point_cloud_plantpot_detector
[0.639s] [35m[1mConsolidate compiler generated dependencies of target plantplot_icp_conversion[0m
[0.650s] [ 30%] Built target image_based_hsv_color_filter
[0.650s] [ 30%] Built target point_cloud_plantpot_edge_pfh_detector
[0.660s] [ 38%] Built target cup_pointcloud_segmentation_color
[0.660s] [ 46%] Built target point_cloud_circle_detector
[0.662s] [ 53%] Built target point_cloud_plantpot_rgb_edge_pfh_detector
[0.664s] [ 61%] Built target hsv_color_filter
[0.672s] [ 69%] Built target point_cloud_plantpot_ppf_detector
[0.672s] [ 76%] Built target rgb_edge_filter
[0.679s] [ 84%] Built target point_cloud_plantpot_pfh_detector
[0.685s] [ 92%] Built target cup_segmentation_color
[0.696s] [ 96%] [32mBuilding CXX object CMakeFiles/plantplot_icp_conversion.dir/src/plantplot_icp_conversion.cpp.o[0m
[11.173s] [01m[K/home/buhrmann/ws_moveit/src/point_cloud_circle_detector/src/plantplot_icp_conversion.cpp:[m[K In member function ‘[01m[KEigen::Matrix4f PointCloudCustomObjectMatcher::getCameraToWorldTransform()[m[K’:
[11.173s] [01m[K/home/buhrmann/ws_moveit/src/point_cloud_circle_detector/src/plantplot_icp_conversion.cpp:92:13:[m[K [01;31m[Kerror: [m[K‘[01m[Ktf_buffer_[m[K’ was not declared in this scope
[11.173s]    92 |             [01;31m[Ktf_buffer_[m[K->lookupTransform("world", "UR5_camera_depth_optical_frame",
[11.173s]       |             [01;31m[K^~~~~~~~~~[m[K
[11.175s] [01m[K/home/buhrmann/ws_moveit/src/point_cloud_circle_detector/src/plantplot_icp_conversion.cpp:93:45:[m[K [01;31m[Kerror: [m[K‘[01m[KTimePointZero[m[K’ is not a member of ‘[01m[Ktf2[m[K’
[11.175s]    93 |                                        tf2::[01;31m[KTimePointZero[m[K);
[11.175s]       |                                             [01;31m[K^~~~~~~~~~~~~[m[K
[11.175s] [01m[K/home/buhrmann/ws_moveit/src/point_cloud_circle_detector/src/plantplot_icp_conversion.cpp:96:66:[m[K [01;31m[Kerror: [m[Kno matching function for call to ‘[01m[KtransformToEigen(geometry_msgs::msg::TransformStamped_<std::allocator<void> >::_transform_type&)[m[K’
[11.175s]    96 |         Eigen::Isometry3d transform_eigen = [01;31m[Ktf2::transformToEigen(transform_stamped.transform)[m[K;
[11.175s]       |                                             [01;31m[K~~~~~~~~~~~~~~~~~~~~~^~~~~~~~~~~~~~~~~~~~~~~~~~~~~[m[K
[11.175s] In file included from [01m[K/home/buhrmann/ws_moveit/src/point_cloud_circle_detector/src/plantplot_icp_conversion.cpp:4[m[K:
[11.175s] [01m[K/usr/include/tf2_eigen/tf2_eigen.h:48:20:[m[K [01;36m[Knote: [m[Kcandidate: ‘[01m[KEigen::Isometry3d tf2::transformToEigen(const Transform&)[m[K’
[11.175s]    48 |  Eigen::Isometry3d [01;36m[KtransformToEigen[m[K(const geometry_msgs::Transform& t) {
[11.175s]       |                    [01;36m[K^~~~~~~~~~~~~~~~[m[K
[11.175s] [01m[K/usr/include/tf2_eigen/tf2_eigen.h:48:69:[m[K [01;36m[Knote: [m[K  no known conversion for argument 1 from ‘[01m[Kgeometry_msgs::msg::TransformStamped_<std::allocator<void> >::_transform_type[m[K’ {aka ‘[01m[Kgeometry_msgs::msg::Transform_<std::allocator<void> >[m[K’} to ‘[01m[Kconst Transform&[m[K’ {aka ‘[01m[Kconst geometry_msgs::Transform_<std::allocator<void> >&[m[K’}
[11.175s]    48 |  Eigen::Isometry3d transformToEigen([01;36m[Kconst geometry_msgs::Transform& t[m[K) {
[11.175s]       |                                     [01;36m[K~~~~~~~~~~~~~~~~~~~~~~~~~~~~~~~~^[m[K
[11.175s] [01m[K/usr/include/tf2_eigen/tf2_eigen.h:58:19:[m[K [01;36m[Knote: [m[Kcandidate: ‘[01m[KEigen::Isometry3d tf2::transformToEigen(const TransformStamped&)[m[K’
[11.175s]    58 | Eigen::Isometry3d [01;36m[KtransformToEigen[m[K(const geometry_msgs::TransformStamped& t) {
[11.176s]       |                   [01;36m[K^~~~~~~~~~~~~~~~[m[K
[11.176s] [01m[K/usr/include/tf2_eigen/tf2_eigen.h:58:75:[m[K [01;36m[Knote: [m[K  no known conversion for argument 1 from ‘[01m[Kgeometry_msgs::msg::TransformStamped_<std::allocator<void> >::_transform_type[m[K’ {aka ‘[01m[Kgeometry_msgs::msg::Transform_<std::allocator<void> >[m[K’} to ‘[01m[Kconst TransformStamped&[m[K’ {aka ‘[01m[Kconst geometry_msgs::TransformStamped_<std::allocator<void> >&[m[K’}
[11.176s]    58 | Eigen::Isometry3d transformToEigen([01;36m[Kconst geometry_msgs::TransformStamped& t[m[K) {
[11.176s]       |                                    [01;36m[K~~~~~~~~~~~~~~~~~~~~~~~~~~~~~~~~~~~~~~~^[m[K
[11.219s] [01m[K/home/buhrmann/ws_moveit/src/point_cloud_circle_detector/src/plantplot_icp_conversion.cpp:[m[K In member function ‘[01m[Kvoid PointCloudCustomObjectMatcher::listener_callback(sensor_msgs::msg::PointCloud2_<std::allocator<void> >::SharedPtr)[m[K’:
[11.219s] [01m[K/home/buhrmann/ws_moveit/src/point_cloud_circle_detector/src/plantplot_icp_conversion.cpp:178:9:[m[K [01;31m[Kerror: [m[K‘[01m[Kicp[m[K’ was not declared in this scope
[11.219s]   178 |         [01;31m[Kicp[m[K.setInputTarget(cloud_filtered_world);
[11.219s]       |         [01;31m[K^~~[m[K
[11.293s] [01m[K/home/buhrmann/ws_moveit/src/point_cloud_circle_detector/src/plantplot_icp_conversion.cpp:[m[K In member function ‘[01m[Kvoid PointCloudCustomObjectMatcher::filter_by_rgb(pcl::PointCloud<pcl::PointXYZRGB>::Ptr&, pcl::PointCloud<pcl::PointXYZRGB>::Ptr&)[m[K’:
[11.293s] [01m[K/home/buhrmann/ws_moveit/src/point_cloud_circle_detector/src/plantplot_icp_conversion.cpp:305:95:[m[K [01;35m[Kwarning: [m[Kcomparison is always true due to limited range of data type [[01;35m[K]8;;https://gcc.gnu.org/onlinedocs/gcc/Warning-Options.html#index-Wtype-limits-Wtype-limits]8;;[m[K]
[11.293s]   305 |             if (point.r >= 80 && point.r <= 155 && point.g >= 20 && point.g <= 100 && [01;35m[Kpoint.b >= 0[m[K && point.b <= 70)
[11.293s]       |                                                                                       [01;35m[K~~~~~~~~^~~~[m[K
[11.293s] [01m[K/home/buhrmann/ws_moveit/src/point_cloud_circle_detector/src/plantplot_icp_conversion.cpp:[m[K In member function ‘[01m[Kvoid PointCloudCustomObjectMatcher::overrideOrientationAndPlaceOnPlane(pcl::PointCloud<pcl::PointXYZ>::Ptr&)[m[K’:
[11.293s] [01m[K/home/buhrmann/ws_moveit/src/point_cloud_circle_detector/src/plantplot_icp_conversion.cpp:324:78:[m[K [01;35m[Kwarning: [m[Kunused parameter ‘[01m[Kcloud[m[K’ [[01;35m[K]8;;https://gcc.gnu.org/onlinedocs/gcc/Warning-Options.html#index-Wunused-parameter-Wunused-parameter]8;;[m[K]
[11.293s]   324 | void overrideOrientationAndPlaceOnPlane([01;35m[Kpcl::PointCloud<pcl::PointXYZ>::Ptr& cloud[m[K)
[11.293s]       |                                         [01;35m[K~~~~~~~~~~~~~~~~~~~~~~~~~~~~~~~~~~~~~^~~~~[m[K
[15.808s] In file included from [01m[K/usr/include/x86_64-linux-gnu/c++/11/bits/c++allocator.h:33[m[K,
[15.808s]                  from [01m[K/usr/include/c++/11/bits/allocator.h:46[m[K,
[15.808s]                  from [01m[K/usr/include/c++/11/string:41[m[K,
[15.808s]                  from [01m[K/usr/include/ros/platform.h:38[m[K,
[15.808s]                  from [01m[K/usr/include/ros/time.h:53[m[K,
[15.808s]                  from [01m[K/usr/include/tf2/transform_storage.h:39[m[K,
[15.808s]                  from [01m[K/usr/include/tf2/buffer_core.h:35[m[K,
[15.808s]                  from [01m[K/usr/include/tf2_ros/buffer_interface.h:35[m[K,
[15.808s]                  from [01m[K/usr/include/tf2_ros/buffer.h:35[m[K,
[15.808s]                  from [01m[K/home/buhrmann/ws_moveit/src/point_cloud_circle_detector/src/plantplot_icp_conversion.cpp:2[m[K:
[15.808s] /usr/include/c++/11/ext/new_allocator.h: In instantiation of ‘[01m[Kvoid __gnu_cxx::new_allocator<_Tp>::construct(_Up*, _Args&& ...) [with _Up = tf2_ros::Buffer; _Args = {std::shared_ptr<rclcpp::Clock>}; _Tp = tf2_ros::Buffer][m[K’:
[15.808s] [01m[K/usr/include/c++/11/bits/alloc_traits.h:516:17:[m[K   required from ‘[01m[Kstatic void std::allocator_traits<std::allocator<_CharT> >::construct(std::allocator_traits<std::allocator<_CharT> >::allocator_type&, _Up*, _Args&& ...) [with _Up = tf2_ros::Buffer; _Args = {std::shared_ptr<rclcpp::Clock>}; _Tp = tf2_ros::Buffer; std::allocator_traits<std::allocator<_CharT> >::allocator_type = std::allocator<tf2_ros::Buffer>][m[K’
[15.808s] [01m[K/usr/include/c++/11/bits/shared_ptr_base.h:519:39:[m[K   required from ‘[01m[Kstd::_Sp_counted_ptr_inplace<_Tp, _Alloc, _Lp>::_Sp_counted_ptr_inplace(_Alloc, _Args&& ...) [with _Args = {std::shared_ptr<rclcpp::Clock>}; _Tp = tf2_ros::Buffer; _Alloc = std::allocator<tf2_ros::Buffer>; __gnu_cxx::_Lock_policy _Lp = __gnu_cxx::_S_atomic][m[K’
[15.808s] [01m[K/usr/include/c++/11/bits/shared_ptr_base.h:650:16:[m[K   required from ‘[01m[Kstd::__shared_count<_Lp>::__shared_count(_Tp*&, std::_Sp_alloc_shared_tag<_Alloc>, _Args&& ...) [with _Tp = tf2_ros::Buffer; _Alloc = std::allocator<tf2_ros::Buffer>; _Args = {std::shared_ptr<rclcpp::Clock>}; __gnu_cxx::_Lock_policy _Lp = __gnu_cxx::_S_atomic][m[K’
[15.808s] [01m[K/usr/include/c++/11/bits/shared_ptr_base.h:1342:14:[m[K   required from ‘[01m[Kstd::__shared_ptr<_Tp, _Lp>::__shared_ptr(std::_Sp_alloc_shared_tag<_Tp>, _Args&& ...) [with _Alloc = std::allocator<tf2_ros::Buffer>; _Args = {std::shared_ptr<rclcpp::Clock>}; _Tp = tf2_ros::Buffer; __gnu_cxx::_Lock_policy _Lp = __gnu_cxx::_S_atomic][m[K’
[15.808s] [01m[K/usr/include/c++/11/bits/shared_ptr.h:409:59:[m[K   required from ‘[01m[Kstd::shared_ptr<_Tp>::shared_ptr(std::_Sp_alloc_shared_tag<_Tp>, _Args&& ...) [with _Alloc = std::allocator<tf2_ros::Buffer>; _Args = {std::shared_ptr<rclcpp::Clock>}; _Tp = tf2_ros::Buffer][m[K’
[15.808s] [01m[K/usr/include/c++/11/bits/shared_ptr.h:862:14:[m[K   required from ‘[01m[Kstd::shared_ptr<_Tp> std::allocate_shared(const _Alloc&, _Args&& ...) [with _Tp = tf2_ros::Buffer; _Alloc = std::allocator<tf2_ros::Buffer>; _Args = {std::shared_ptr<rclcpp::Clock>}][m[K’
[15.808s] [01m[K/usr/include/c++/11/bits/shared_ptr.h:878:39:[m[K   required from ‘[01m[Kstd::shared_ptr<_Tp> std::make_shared(_Args&& ...) [with _Tp = tf2_ros::Buffer; _Args = {std::shared_ptr<rclcpp::Clock>}][m[K’
[15.808s] [01m[K/home/buhrmann/ws_moveit/src/point_cloud_circle_detector/src/plantplot_icp_conversion.cpp:66:48:[m[K   required from here
[15.808s] [01m[K/usr/include/c++/11/ext/new_allocator.h:162:11:[m[K [01;31m[Kerror: [m[Kno matching function for call to ‘[01m[Ktf2_ros::Buffer::Buffer(std::shared_ptr<rclcpp::Clock>)[m[K’
[15.808s]   162 |         { [01;31m[K::new((void *)__p) _Up(std::forward<_Args>(__args)...)[m[K; }
[15.809s]       |           [01;31m[K^~~~~~~~~~~~~~~~~~~~~~~~~~~~~~~~~~~~~~~~~~~~~~~~~~~~~~[m[K
[15.809s] In file included from [01m[K/home/buhrmann/ws_moveit/src/point_cloud_circle_detector/src/plantplot_icp_conversion.cpp:2[m[K:
[15.809s] [01m[K/usr/include/tf2_ros/buffer.h:63:5:[m[K [01;36m[Knote: [m[Kcandidate: ‘[01m[Ktf2_ros::Buffer::Buffer(ros::Duration, bool)[m[K’
[15.809s]    63 |     [01;36m[KBuffer[m[K(ros::Duration cache_time = ros::Duration(BufferCore::DEFAULT_CACHE_TIME), bool debug = false);
[15.809s]       |     [01;36m[K^~~~~~[m[K
[15.809s] [01m[K/usr/include/tf2_ros/buffer.h:63:26:[m[K [01;36m[Knote: [m[K  no known conversion for argument 1 from ‘[01m[Kstd::shared_ptr<rclcpp::Clock>[m[K’ to ‘[01m[Kros::Duration[m[K’
[15.809s]    63 |     Buffer([01;36m[Kros::Duration cache_time = ros::Duration(BufferCore::DEFAULT_CACHE_TIME)[m[K, bool debug = false);
[15.809s]       |            [01;36m[K~~~~~~~~~~~~~~^~~~~~~~~~~~~~~~~~~~~~~~~~~~~~~~~~~~~~~~~~~~~~~~~~~~~~~~~~[m[K
[18.114s] gmake[2]: *** [CMakeFiles/plantplot_icp_conversion.dir/build.make:76: CMakeFiles/plantplot_icp_conversion.dir/src/plantplot_icp_conversion.cpp.o] Error 1
[18.114s] gmake[1]: *** [CMakeFiles/Makefile2:473: CMakeFiles/plantplot_icp_conversion.dir/all] Error 2
[18.114s] gmake: *** [Makefile:146: all] Error 2
[18.116s] Invoked command in '/home/buhrmann/ws_moveit/build/point_cloud_circle_detector' returned '2': CMAKE_PREFIX_PATH=${CMAKE_PREFIX_PATH}:/home/buhrmann/ws_moveit/install/ros2_azure_bridge:/home/buhrmann/ws_moveit/install/moveit_configs_utils:/opt/ros/iron /usr/bin/cmake --build /home/buhrmann/ws_moveit/build/point_cloud_circle_detector -- -j28 -l28
