[0.184s] Invoking command in '/home/buhrmann/ws_moveit/build/point_cloud_circle_detector': CMAKE_PREFIX_PATH=${CMAKE_PREFIX_PATH}:/home/buhrmann/ws_moveit/install/ros2_azure_bridge:/home/buhrmann/ws_moveit/install/moveit_configs_utils:/opt/ros/iron /usr/bin/cmake --build /home/buhrmann/ws_moveit/build/point_cloud_circle_detector -- -j28 -l28
[0.280s] [35m[1mConsolidate compiler generated dependencies of target plantplot_placement_service[0m
[0.280s] [  5%] Built target point_cloud_plantpot_detector
[0.280s] [ 11%] Built target point_cloud_cylinder_detector
[0.280s] [ 17%] Built target point_cloud_circle_detector
[0.280s] [ 23%] Built target point_cloud_plantpot_edge_pfh_detector
[0.280s] [ 29%] Built target rgb_edge_filter
[0.281s] [ 35%] Built target cup_segmentation_color
[0.281s] [ 41%] Built target cup_pointcloud_segmentation_color
[0.281s] [ 47%] Built target point_cloud_plantpot_pfh_detector
[0.284s] [ 52%] Built target point_cloud_plantpot_rgb_edge_pfh_detector
[0.287s] [ 58%] Built target image_based_hsv_color_filter
[0.287s] [ 64%] Built target point_cloud_plantpot_ppf_detector
[0.287s] [ 70%] Built target hsv_color_filter
[0.287s] [ 76%] Built target plantplot_ransac_conversion
[0.287s] [ 82%] Built target plantplot_placement
[0.287s] [ 88%] Built target plantplot_icp_conversion
[0.287s] [ 94%] Built target plantpod_pointcloud_segmentation_and_coloring_service
[0.287s] [ 97%] [32mBuilding CXX object CMakeFiles/plantplot_placement_service.dir/src/plantplot_placement_service.cpp.o[0m
[4.602s] [01m[K/home/buhrmann/ws_moveit/src/point_cloud_circle_detector/src/plantplot_placement_service.cpp:[m[K In constructor ‘[01m[KPointCloudServiceProcessor::PointCloudServiceProcessor()[m[K’:
[4.602s] [01m[K/home/buhrmann/ws_moveit/src/point_cloud_circle_detector/src/plantplot_placement_service.cpp:56:36:[m[K [01;31m[Kerror: [m[Kunable to find numeric literal operator ‘[01m[Koperator""s[m[K’
[4.602s]    56 |         timer_ = create_wall_timer([01;31m[K1s[m[K, std::bind(&PointCloudServiceProcessor::call_service, this));
[4.602s]       |                                    [01;31m[K^~[m[K
[4.604s] [01m[K/home/buhrmann/ws_moveit/src/point_cloud_circle_detector/src/plantplot_placement_service.cpp:[m[K In member function ‘[01m[Kvoid PointCloudServiceProcessor::call_service()[m[K’:
[4.604s] [01m[K/home/buhrmann/ws_moveit/src/point_cloud_circle_detector/src/plantplot_placement_service.cpp:64:54:[m[K [01;31m[Kerror: [m[Kunable to find numeric literal operator ‘[01m[Koperator""s[m[K’
[4.604s]    64 |         if (!cloud_service_client_->wait_for_service([01;31m[K1s[m[K))
[4.604s]       |                                                      [01;31m[K^~[m[K
[4.608s] [01m[K/home/buhrmann/ws_moveit/src/point_cloud_circle_detector/src/plantplot_placement_service.cpp:[m[K In member function ‘[01m[Kvoid PointCloudServiceProcessor::on_service_response(rclcpp::Client<common_services_package::srv::GetPointCloud2>::SharedFuture)[m[K’:
[4.608s] [01m[K/home/buhrmann/ws_moveit/src/point_cloud_circle_detector/src/plantplot_placement_service.cpp:83:25:[m[K [01;31m[Kerror: [m[Kcannot convert ‘[01m[Kconst sensor_msgs::msg::PointCloud2_<std::allocator<void> >[m[K’ to ‘[01m[Kconst std::vector<float>&[m[K’
[4.608s]    83 |     process_point_cloud([01;31m[Kpointcloud_msg[m[K);
[4.608s]       |                         [01;31m[K^~~~~~~~~~~~~~[m[K
[4.608s]       |                         [01;31m[K|[m[K
[4.608s]       |                         [01;31m[Kconst sensor_msgs::msg::PointCloud2_<std::allocator<void> >[m[K
[4.608s] [01m[K/home/buhrmann/ws_moveit/src/point_cloud_circle_detector/src/plantplot_placement_service.cpp:133:56:[m[K [01;36m[Knote: [m[K  initializing argument 1 of ‘[01m[Kvoid PointCloudServiceProcessor::process_point_cloud(const std::vector<float>&)[m[K’
[4.608s]   133 |     void process_point_cloud([01;36m[Kconst std::vector<float> &data[m[K)
[4.608s]       |                              [01;36m[K~~~~~~~~~~~~~~~~~~~~~~~~~~^~~~[m[K
[4.608s] [01m[K/home/buhrmann/ws_moveit/src/point_cloud_circle_detector/src/plantplot_placement_service.cpp:[m[K In member function ‘[01m[KEigen::Matrix4f PointCloudServiceProcessor::getCameraToWorldTransform()[m[K’:
[4.608s] [01m[K/home/buhrmann/ws_moveit/src/point_cloud_circle_detector/src/plantplot_placement_service.cpp:90:129:[m[K [01;31m[Kerror: [m[Kunable to find numeric literal operator ‘[01m[Koperator""s[m[K’
[4.608s]    90 |             auto transform_stamped = tf_buffer_->lookupTransform("world", "UR5_camera_color_optical_frame", tf2::TimePointZero, [01;31m[K1s[m[K);
[4.608s]       |                                                                                                                                 [01;31m[K^~[m[K
[4.608s] [01m[K/home/buhrmann/ws_moveit/src/point_cloud_circle_detector/src/plantplot_placement_service.cpp:92:43:[m[K [01;31m[Kerror: [m[Kexpected primary-expression before ‘[01m[Kfloat[m[K’
[4.608s]    92 |             return tf_eigen.matrix().cast<[01;31m[Kfloat[m[K>();
[4.608s]       |                                           [01;31m[K^~~~~[m[K
[4.608s] [01m[K/home/buhrmann/ws_moveit/src/point_cloud_circle_detector/src/plantplot_placement_service.cpp:92:43:[m[K [01;31m[Kerror: [m[Kexpected ‘[01m[K;[m[K’ before ‘[01m[Kfloat[m[K’
[4.608s] [01m[K/home/buhrmann/ws_moveit/src/point_cloud_circle_detector/src/plantplot_placement_service.cpp:92:48:[m[K [01;31m[Kerror: [m[Kexpected unqualified-id before ‘[01m[K>[m[K’ token
[4.608s]    92 |             return tf_eigen.matrix().cast<float[01;31m[K>[m[K();
[4.608s]       |                                                [01;31m[K^[m[K
[4.983s] [01m[K/home/buhrmann/ws_moveit/src/point_cloud_circle_detector/src/plantplot_placement_service.cpp:[m[K In member function ‘[01m[Kvoid PointCloudServiceProcessor::process_point_cloud(const std::vector<float>&)[m[K’:
[4.983s] [01m[K/home/buhrmann/ws_moveit/src/point_cloud_circle_detector/src/plantplot_placement_service.cpp:136:25:[m[K [01;31m[Kerror: [m[K‘[01m[Kmsg[m[K’ was not declared in this scope
[4.983s]   136 |         pcl::fromROSMsg([01;31m[Kmsg[m[K, *cloud);
[4.983s]       |                         [01;31m[K^~~[m[K
[4.983s] [01m[K/home/buhrmann/ws_moveit/src/point_cloud_circle_detector/src/plantplot_placement_service.cpp:136:25:[m[K [01;36m[Knote: [m[Ksuggested alternatives:
[4.984s] In file included from [01m[K/opt/ros/iron/include/builtin_interfaces/builtin_interfaces/msg/time.hpp:7[m[K,
[4.984s]                  from [01m[K/opt/ros/iron/include/rclcpp/rclcpp/time.hpp:18[m[K,
[4.984s]                  from [01m[K/opt/ros/iron/include/rclcpp/rclcpp/clock.hpp:24[m[K,
[4.984s]                  from [01m[K/opt/ros/iron/include/rclcpp/rclcpp/client.hpp:38[m[K,
[4.984s]                  from [01m[K/opt/ros/iron/include/rclcpp/rclcpp/callback_group.hpp:24[m[K,
[4.984s]                  from [01m[K/opt/ros/iron/include/rclcpp/rclcpp/any_executable.hpp:20[m[K,
[4.984s]                  from [01m[K/opt/ros/iron/include/rclcpp/rclcpp/memory_strategy.hpp:25[m[K,
[4.984s]                  from [01m[K/opt/ros/iron/include/rclcpp/rclcpp/memory_strategies.hpp:18[m[K,
[4.984s]                  from [01m[K/opt/ros/iron/include/rclcpp/rclcpp/executor_options.hpp:20[m[K,
[4.984s]                  from [01m[K/opt/ros/iron/include/rclcpp/rclcpp/executor.hpp:37[m[K,
[4.984s]                  from [01m[K/opt/ros/iron/include/rclcpp/rclcpp/executors/multi_threaded_executor.hpp:25[m[K,
[4.984s]                  from [01m[K/opt/ros/iron/include/rclcpp/rclcpp/executors.hpp:21[m[K,
[4.984s]                  from [01m[K/opt/ros/iron/include/rclcpp/rclcpp/rclcpp.hpp:167[m[K,
[4.984s]                  from [01m[K/home/buhrmann/ws_moveit/src/point_cloud_circle_detector/src/plantplot_placement_service.cpp:2[m[K:
[4.984s] [01m[K/opt/ros/iron/include/builtin_interfaces/builtin_interfaces/msg/detail/time__struct.hpp:27:11:[m[K [01;36m[Knote: [m[K  ‘[01m[Kbuiltin_interfaces::msg[m[K’
[4.984s]    27 | namespace [01;36m[Kmsg[m[K
[4.984s]       |           [01;36m[K^~~[m[K
[4.984s] In file included from [01m[K/opt/ros/iron/include/rcl_interfaces/rcl_interfaces/msg/set_parameters_result.hpp:7[m[K,
[4.984s]                  from [01m[K/opt/ros/iron/include/rclcpp/rclcpp/qos_overriding_options.hpp:28[m[K,
[4.984s]                  from [01m[K/opt/ros/iron/include/rclcpp/rclcpp/subscription_options.hpp:30[m[K,
[4.984s]                  from [01m[K/opt/ros/iron/include/rclcpp/rclcpp/subscription.hpp:45[m[K,
[4.984s]                  from [01m[K/opt/ros/iron/include/rclcpp/rclcpp/any_executable.hpp:25[m[K,
[4.984s]                  from [01m[K/opt/ros/iron/include/rclcpp/rclcpp/memory_strategy.hpp:25[m[K,
[4.984s]                  from [01m[K/opt/ros/iron/include/rclcpp/rclcpp/memory_strategies.hpp:18[m[K,
[4.984s]                  from [01m[K/opt/ros/iron/include/rclcpp/rclcpp/executor_options.hpp:20[m[K,
[4.984s]                  from [01m[K/opt/ros/iron/include/rclcpp/rclcpp/executor.hpp:37[m[K,
[4.984s]                  from [01m[K/opt/ros/iron/include/rclcpp/rclcpp/executors/multi_threaded_executor.hpp:25[m[K,
[4.984s]                  from [01m[K/opt/ros/iron/include/rclcpp/rclcpp/executors.hpp:21[m[K,
[4.984s]                  from [01m[K/opt/ros/iron/include/rclcpp/rclcpp/rclcpp.hpp:167[m[K,
[4.984s]                  from [01m[K/home/buhrmann/ws_moveit/src/point_cloud_circle_detector/src/plantplot_placement_service.cpp:2[m[K:
[4.984s] [01m[K/opt/ros/iron/include/rcl_interfaces/rcl_interfaces/msg/detail/set_parameters_result__struct.hpp:27:11:[m[K [01;36m[Knote: [m[K  ‘[01m[Krcl_interfaces::msg[m[K’
[4.984s]    27 | namespace [01;36m[Kmsg[m[K
[4.984s]       |           [01;36m[K^~~[m[K
[4.984s] In file included from [01m[K/opt/ros/iron/include/statistics_msgs/statistics_msgs/msg/detail/metrics_message__struct.hpp:23[m[K,
[4.984s]                  from [01m[K/opt/ros/iron/include/statistics_msgs/statistics_msgs/msg/metrics_message.hpp:7[m[K,
[4.984s]                  from [01m[K/opt/ros/iron/include/libstatistics_collector/libstatistics_collector/collector/generate_statistics_message.hpp:21[m[K,
[4.984s]                  from [01m[K/opt/ros/iron/include/rclcpp/rclcpp/topic_statistics/subscription_topic_statistics.hpp:23[m[K,
[4.984s]                  from [01m[K/opt/ros/iron/include/rclcpp/rclcpp/subscription.hpp:50[m[K,
[4.984s]                  from [01m[K/opt/ros/iron/include/rclcpp/rclcpp/any_executable.hpp:25[m[K,
[4.984s]                  from [01m[K/opt/ros/iron/include/rclcpp/rclcpp/memory_strategy.hpp:25[m[K,
[4.984s]                  from [01m[K/opt/ros/iron/include/rclcpp/rclcpp/memory_strategies.hpp:18[m[K,
[4.984s]                  from [01m[K/opt/ros/iron/include/rclcpp/rclcpp/executor_options.hpp:20[m[K,
[4.984s]                  from [01m[K/opt/ros/iron/include/rclcpp/rclcpp/executor.hpp:37[m[K,
[4.984s]                  from [01m[K/opt/ros/iron/include/rclcpp/rclcpp/executors/multi_threaded_executor.hpp:25[m[K,
[4.984s]                  from [01m[K/opt/ros/iron/include/rclcpp/rclcpp/executors.hpp:21[m[K,
[4.984s]                  from [01m[K/opt/ros/iron/include/rclcpp/rclcpp/rclcpp.hpp:167[m[K,
[4.984s]                  from [01m[K/home/buhrmann/ws_moveit/src/point_cloud_circle_detector/src/plantplot_placement_service.cpp:2[m[K:
[4.984s] [01m[K/opt/ros/iron/include/statistics_msgs/statistics_msgs/msg/detail/statistic_data_point__struct.hpp:27:11:[m[K [01;36m[Knote: [m[K  ‘[01m[Kstatistics_msgs::msg[m[K’
[4.984s]    27 | namespace [01;36m[Kmsg[m[K
[4.984s]       |           [01;36m[K^~~[m[K
[4.984s] In file included from [01m[K/opt/ros/iron/include/rcl_interfaces/rcl_interfaces/srv/detail/describe_parameters__struct.hpp:236[m[K,
[4.984s]                  from [01m[K/opt/ros/iron/include/rcl_interfaces/rcl_interfaces/srv/describe_parameters.hpp:7[m[K,
[4.984s]                  from [01m[K/opt/ros/iron/include/rclcpp/rclcpp/parameter_client.hpp:28[m[K,
[4.984s]                  from [01m[K/opt/ros/iron/include/rclcpp/rclcpp/rclcpp.hpp:171[m[K,
[4.984s]                  from [01m[K/home/buhrmann/ws_moveit/src/point_cloud_circle_detector/src/plantplot_placement_service.cpp:2[m[K:
[4.984s] [01m[K/opt/ros/iron/include/service_msgs/service_msgs/msg/detail/service_event_info__struct.hpp:31:11:[m[K [01;36m[Knote: [m[K  ‘[01m[Kservice_msgs::msg[m[K’
[4.984s]    31 | namespace [01;36m[Kmsg[m[K
[4.985s]       |           [01;36m[K^~~[m[K
[4.985s] In file included from [01m[K/opt/ros/iron/include/sensor_msgs/sensor_msgs/msg/detail/point_cloud2__struct.hpp:20[m[K,
[4.985s]                  from [01m[K/opt/ros/iron/include/sensor_msgs/sensor_msgs/msg/point_cloud2.hpp:7[m[K,
[4.985s]                  from [01m[K/home/buhrmann/ws_moveit/src/point_cloud_circle_detector/src/plantplot_placement_service.cpp:3[m[K:
[4.985s] [01m[K/opt/ros/iron/include/std_msgs/std_msgs/msg/detail/header__struct.hpp:31:11:[m[K [01;36m[Knote: [m[K  ‘[01m[Kstd_msgs::msg[m[K’
[4.985s]    31 | namespace [01;36m[Kmsg[m[K
[4.985s]       |           [01;36m[K^~~[m[K
[4.985s] In file included from [01m[K/opt/ros/iron/include/sensor_msgs/sensor_msgs/msg/detail/point_cloud2__struct.hpp:22[m[K,
[4.985s]                  from [01m[K/opt/ros/iron/include/sensor_msgs/sensor_msgs/msg/point_cloud2.hpp:7[m[K,
[4.985s]                  from [01m[K/home/buhrmann/ws_moveit/src/point_cloud_circle_detector/src/plantplot_placement_service.cpp:3[m[K:
[4.985s] [01m[K/opt/ros/iron/include/sensor_msgs/sensor_msgs/msg/detail/point_field__struct.hpp:27:11:[m[K [01;36m[Knote: [m[K  ‘[01m[Ksensor_msgs::msg[m[K’
[4.985s]    27 | namespace [01;36m[Kmsg[m[K
[4.985s]       |           [01;36m[K^~~[m[K
[4.985s] In file included from [01m[K/opt/ros/iron/include/geometry_msgs/geometry_msgs/msg/point.hpp:7[m[K,
[4.985s]                  from [01m[K/home/buhrmann/ws_moveit/src/point_cloud_circle_detector/src/plantplot_placement_service.cpp:5[m[K:
[4.985s] [01m[K/opt/ros/iron/include/geometry_msgs/geometry_msgs/msg/detail/point__struct.hpp:27:11:[m[K [01;36m[Knote: [m[K  ‘[01m[Kgeometry_msgs::msg[m[K’
[4.985s]    27 | namespace [01;36m[Kmsg[m[K
[4.985s]       |           [01;36m[K^~~[m[K
[4.985s] In file included from [01m[K/opt/ros/iron/include/tf2_msgs/tf2_msgs/msg/tf_message.hpp:7[m[K,
[4.985s]                  from [01m[K/opt/ros/iron/include/tf2_ros/tf2_ros/transform_listener.h:44[m[K,
[4.985s]                  from [01m[K/home/buhrmann/ws_moveit/src/point_cloud_circle_detector/src/plantplot_placement_service.cpp:12[m[K:
[4.985s] [01m[K/opt/ros/iron/include/tf2_msgs/tf2_msgs/msg/detail/tf_message__struct.hpp:31:11:[m[K [01;36m[Knote: [m[K  ‘[01m[Ktf2_msgs::msg[m[K’
[4.985s]    31 | namespace [01;36m[Kmsg[m[K
[4.985s]       |           [01;36m[K^~~[m[K
[4.985s] In file included from [01m[K/home/buhrmann/ws_moveit/install/moveit_msgs/include/moveit_msgs/moveit_msgs/msg/joint_limits.hpp:7[m[K,
[4.985s]                  from [01m[K/home/buhrmann/ws_moveit/install/moveit_core/include/moveit_core/moveit/robot_model/joint_model.h:44[m[K,
[4.985s]                  from [01m[K/home/buhrmann/ws_moveit/install/moveit_core/include/moveit_core/moveit/robot_model/joint_model_group.h:40[m[K,
[4.985s]                  from [01m[K/home/buhrmann/ws_moveit/install/moveit_core/include/moveit_core/moveit/robot_model/robot_model.h:45[m[K,
[4.985s]                  from [01m[K/home/buhrmann/ws_moveit/install/moveit_core/include/moveit_core/moveit/robot_state/robot_state.h:40[m[K,
[4.985s]                  from [01m[K/home/buhrmann/ws_moveit/install/moveit_ros_planning_interface/include/moveit_ros_planning_interface/moveit/planning_scene_interface/planning_scene_interface.h:40[m[K,
[4.985s]                  from [01m[K/home/buhrmann/ws_moveit/src/point_cloud_circle_detector/src/plantplot_placement_service.cpp:16[m[K:
[4.985s] [01m[K/home/buhrmann/ws_moveit/install/moveit_msgs/include/moveit_msgs/moveit_msgs/msg/detail/joint_limits__struct.hpp:27:11:[m[K [01;36m[Knote: [m[K  ‘[01m[Kmoveit_msgs::msg[m[K’
[4.985s]    27 | namespace [01;36m[Kmsg[m[K
[4.985s]       |           [01;36m[K^~~[m[K
[4.985s] In file included from [01m[K/opt/ros/iron/include/trajectory_msgs/trajectory_msgs/msg/detail/joint_trajectory__struct.hpp:22[m[K,
[4.985s]                  from [01m[K/opt/ros/iron/include/trajectory_msgs/trajectory_msgs/msg/joint_trajectory.hpp:7[m[K,
[4.985s]                  from [01m[K/home/buhrmann/ws_moveit/install/moveit_core/include/moveit_core/moveit/robot_state/attached_body.h:43[m[K,
[4.985s]                  from [01m[K/home/buhrmann/ws_moveit/install/moveit_core/include/moveit_core/moveit/robot_state/robot_state.h:41[m[K,
[4.985s]                  from [01m[K/home/buhrmann/ws_moveit/install/moveit_ros_planning_interface/include/moveit_ros_planning_interface/moveit/planning_scene_interface/planning_scene_interface.h:40[m[K,
[4.985s]                  from [01m[K/home/buhrmann/ws_moveit/src/point_cloud_circle_detector/src/plantplot_placement_service.cpp:16[m[K:
[4.985s] [01m[K/opt/ros/iron/include/trajectory_msgs/trajectory_msgs/msg/detail/joint_trajectory_point__struct.hpp:31:11:[m[K [01;36m[Knote: [m[K  ‘[01m[Ktrajectory_msgs::msg[m[K’
[4.985s]    31 | namespace [01;36m[Kmsg[m[K
[4.985s]       |           [01;36m[K^~~[m[K
[4.985s] In file included from [01m[K/opt/ros/iron/include/visualization_msgs/visualization_msgs/msg/detail/marker__struct.hpp:35[m[K,
[4.985s]                  from [01m[K/opt/ros/iron/include/visualization_msgs/visualization_msgs/msg/detail/marker_array__struct.hpp:20[m[K,
[4.985s]                  from [01m[K/opt/ros/iron/include/visualization_msgs/visualization_msgs/msg/marker_array.hpp:7[m[K,
[4.985s]                  from [01m[K/home/buhrmann/ws_moveit/install/moveit_core/include/moveit_core/moveit/robot_state/robot_state.h:44[m[K,
[4.985s]                  from [01m[K/home/buhrmann/ws_moveit/install/moveit_ros_planning_interface/include/moveit_ros_planning_interface/moveit/planning_scene_interface/planning_scene_interface.h:40[m[K,
[4.985s]                  from [01m[K/home/buhrmann/ws_moveit/src/point_cloud_circle_detector/src/plantplot_placement_service.cpp:16[m[K:
[4.985s] [01m[K/opt/ros/iron/include/visualization_msgs/visualization_msgs/msg/detail/uv_coordinate__struct.hpp:27:11:[m[K [01;36m[Knote: [m[K  ‘[01m[Kvisualization_msgs::msg[m[K’
[4.985s]    27 | namespace [01;36m[Kmsg[m[K
[4.985s]       |           [01;36m[K^~~[m[K
[4.985s] In file included from [01m[K/home/buhrmann/ws_moveit/install/moveit_msgs/include/moveit_msgs/moveit_msgs/msg/detail/collision_object__struct.hpp:28[m[K,
[4.985s]                  from [01m[K/home/buhrmann/ws_moveit/install/moveit_msgs/include/moveit_msgs/moveit_msgs/msg/collision_object.hpp:7[m[K,
[4.985s]                  from [01m[K/home/buhrmann/ws_moveit/install/moveit_ros_planning_interface/include/moveit_ros_planning_interface/moveit/planning_scene_interface/planning_scene_interface.h:42[m[K,
[4.985s]                  from [01m[K/home/buhrmann/ws_moveit/src/point_cloud_circle_detector/src/plantplot_placement_service.cpp:16[m[K:
[4.985s] [01m[K/opt/ros/iron/include/object_recognition_msgs/object_recognition_msgs/msg/detail/object_type__struct.hpp:27:11:[m[K [01;36m[Knote: [m[K  ‘[01m[Kobject_recognition_msgs::msg[m[K’
[4.985s]    27 | namespace [01;36m[Kmsg[m[K
[4.986s]       |           [01;36m[K^~~[m[K
[4.986s] In file included from [01m[K/home/buhrmann/ws_moveit/install/moveit_msgs/include/moveit_msgs/moveit_msgs/msg/detail/collision_object__struct.hpp:30[m[K,
[4.986s]                  from [01m[K/home/buhrmann/ws_moveit/install/moveit_msgs/include/moveit_msgs/moveit_msgs/msg/collision_object.hpp:7[m[K,
[4.986s]                  from [01m[K/home/buhrmann/ws_moveit/install/moveit_ros_planning_interface/include/moveit_ros_planning_interface/moveit/planning_scene_interface/planning_scene_interface.h:42[m[K,
[4.986s]                  from [01m[K/home/buhrmann/ws_moveit/src/point_cloud_circle_detector/src/plantplot_placement_service.cpp:16[m[K:
[4.986s] [01m[K/opt/ros/iron/include/shape_msgs/shape_msgs/msg/detail/solid_primitive__struct.hpp:31:11:[m[K [01;36m[Knote: [m[K  ‘[01m[Kshape_msgs::msg[m[K’
[4.986s]    31 | namespace [01;36m[Kmsg[m[K
[4.986s]       |           [01;36m[K^~~[m[K
[4.986s] In file included from [01m[K/opt/ros/iron/include/octomap_msgs/octomap_msgs/msg/detail/octomap_with_pose__struct.hpp:24[m[K,
[4.986s]                  from [01m[K/home/buhrmann/ws_moveit/install/moveit_msgs/include/moveit_msgs/moveit_msgs/msg/detail/planning_scene_world__struct.hpp:22[m[K,
[4.986s]                  from [01m[K/home/buhrmann/ws_moveit/install/moveit_msgs/include/moveit_msgs/moveit_msgs/msg/detail/planning_scene__struct.hpp:32[m[K,
[4.986s]                  from [01m[K/home/buhrmann/ws_moveit/install/moveit_msgs/include/moveit_msgs/moveit_msgs/msg/planning_scene.hpp:7[m[K,
[4.986s]                  from [01m[K/home/buhrmann/ws_moveit/install/moveit_ros_planning_interface/include/moveit_ros_planning_interface/moveit/planning_scene_interface/planning_scene_interface.h:44[m[K,
[4.986s]                  from [01m[K/home/buhrmann/ws_moveit/src/point_cloud_circle_detector/src/plantplot_placement_service.cpp:16[m[K:
[4.986s] [01m[K/opt/ros/iron/include/octomap_msgs/octomap_msgs/msg/detail/octomap__struct.hpp:31:11:[m[K [01;36m[Knote: [m[K  ‘[01m[Koctomap_msgs::msg[m[K’
[4.986s]    31 | namespace [01;36m[Kmsg[m[K
[4.986s]       |           [01;36m[K^~~[m[K
[4.986s] In file included from [01m[K/opt/ros/iron/include/pcl_msgs/pcl_msgs/msg/point_indices.hpp:7[m[K,
[4.986s]                  from [01m[K/opt/ros/iron/include/pcl_conversions/pcl_conversions/pcl_conversions.h:62[m[K,
[4.986s]                  from [01m[K/home/buhrmann/ws_moveit/src/point_cloud_circle_detector/src/plantplot_placement_service.cpp:21[m[K:
[4.986s] [01m[K/opt/ros/iron/include/pcl_msgs/pcl_msgs/msg/detail/point_indices__struct.hpp:31:11:[m[K [01;36m[Knote: [m[K  ‘[01m[Kpcl_msgs::msg[m[K’
[4.986s]    31 | namespace [01;36m[Kmsg[m[K
[4.986s]       |           [01;36m[K^~~[m[K
[4.988s] [01m[K/home/buhrmann/ws_moveit/src/point_cloud_circle_detector/src/plantplot_placement_service.cpp:133:56:[m[K [01;35m[Kwarning: [m[Kunused parameter ‘[01m[Kdata[m[K’ [[01;35m[K]8;;https://gcc.gnu.org/onlinedocs/gcc/Warning-Options.html#index-Wunused-parameter-Wunused-parameter]8;;[m[K]
[4.988s]   133 |     void process_point_cloud([01;35m[Kconst std::vector<float> &data[m[K)
[4.988s]       |                              [01;35m[K~~~~~~~~~~~~~~~~~~~~~~~~~~^~~~[m[K
[5.013s] [01m[K/home/buhrmann/ws_moveit/src/point_cloud_circle_detector/src/plantplot_placement_service.cpp:[m[K In function ‘[01m[Kint main(int, char**)[m[K’:
[5.013s] [01m[K/home/buhrmann/ws_moveit/src/point_cloud_circle_detector/src/plantplot_placement_service.cpp:221:35:[m[K [01;31m[Kerror: [m[K‘[01m[KPointCloudCustomObjectMatcher[m[K’ was not declared in this scope
[5.013s]   221 |     rclcpp::spin(std::make_shared<[01;31m[KPointCloudCustomObjectMatcher[m[K>());
[5.013s]       |                                   [01;31m[K^~~~~~~~~~~~~~~~~~~~~~~~~~~~~[m[K
[5.013s] [01m[K/home/buhrmann/ws_moveit/src/point_cloud_circle_detector/src/plantplot_placement_service.cpp:221:65:[m[K [01;31m[Kerror: [m[Kno matching function for call to ‘[01m[Kmake_shared<<expression error> >()[m[K’
[5.013s]   221 |     rclcpp::spin([01;31m[Kstd::make_shared<PointCloudCustomObjectMatcher>()[m[K);
[5.013s]       |                  [01;31m[K~~~~~~~~~~~~~~~~~~~~~~~~~~~~~~~~~~~~~~~~~~~~~~~^~[m[K
[5.013s] In file included from [01m[K/usr/include/c++/11/memory:77[m[K,
[5.013s]                  from [01m[K/opt/ros/iron/include/rclcpp/rclcpp/rclcpp.hpp:165[m[K,
[5.013s]                  from [01m[K/home/buhrmann/ws_moveit/src/point_cloud_circle_detector/src/plantplot_placement_service.cpp:2[m[K:
[5.013s] [01m[K/usr/include/c++/11/bits/shared_ptr.h:875:5:[m[K [01;36m[Knote: [m[Kcandidate: ‘[01m[Ktemplate<class _Tp, class ... _Args> std::shared_ptr<_Tp> std::make_shared(_Args&& ...)[m[K’
[5.013s]   875 |     [01;36m[Kmake_shared[m[K(_Args&&... __args)
[5.013s]       |     [01;36m[K^~~~~~~~~~~[m[K
[5.013s] [01m[K/usr/include/c++/11/bits/shared_ptr.h:875:5:[m[K [01;36m[Knote: [m[K  template argument deduction/substitution failed:
[5.013s] [01m[K/home/buhrmann/ws_moveit/src/point_cloud_circle_detector/src/plantplot_placement_service.cpp:221:65:[m[K [01;31m[Kerror: [m[Ktemplate argument 1 is invalid
[5.013s]   221 |     rclcpp::spin([01;31m[Kstd::make_shared<PointCloudCustomObjectMatcher>()[m[K);
[5.013s]       |                  [01;31m[K~~~~~~~~~~~~~~~~~~~~~~~~~~~~~~~~~~~~~~~~~~~~~~~^~[m[K
[7.406s] gmake[2]: *** [CMakeFiles/plantplot_placement_service.dir/build.make:76: CMakeFiles/plantplot_placement_service.dir/src/plantplot_placement_service.cpp.o] Error 1
[7.406s] gmake[1]: *** [CMakeFiles/Makefile2:585: CMakeFiles/plantplot_placement_service.dir/all] Error 2
[7.406s] gmake: *** [Makefile:146: all] Error 2
[7.409s] Invoked command in '/home/buhrmann/ws_moveit/build/point_cloud_circle_detector' returned '2': CMAKE_PREFIX_PATH=${CMAKE_PREFIX_PATH}:/home/buhrmann/ws_moveit/install/ros2_azure_bridge:/home/buhrmann/ws_moveit/install/moveit_configs_utils:/opt/ros/iron /usr/bin/cmake --build /home/buhrmann/ws_moveit/build/point_cloud_circle_detector -- -j28 -l28
