[1.657s] Invoking command in '/home/buhrmann/ws_moveit/src/ros2_azure_bridge': PYTHONPATH=/home/buhrmann/ws_moveit/build/ros2_azure_bridge/prefix_override:/usr/lib/python3/dist-packages/colcon_core/task/python/colcon_distutils_commands:/home/buhrmann/ws_moveit/install/ros2_azure_bridge/lib/python3.10/site-packages:${PYTHONPATH} /usr/bin/python3 -W ignore:setup.py install is deprecated -W ignore:easy_install command is deprecated setup.py egg_info --egg-base ../../build/ros2_azure_bridge build --build-base /home/buhrmann/ws_moveit/build/ros2_azure_bridge/build install --record /home/buhrmann/ws_moveit/build/ros2_azure_bridge/install.log --single-version-externally-managed install_data
[2.030s] running egg_info
[2.030s] writing ../../build/ros2_azure_bridge/ros2_azure_bridge.egg-info/PKG-INFO
[2.030s] writing dependency_links to ../../build/ros2_azure_bridge/ros2_azure_bridge.egg-info/dependency_links.txt
[2.036s] writing entry points to ../../build/ros2_azure_bridge/ros2_azure_bridge.egg-info/entry_points.txt
[2.036s] writing requirements to ../../build/ros2_azure_bridge/ros2_azure_bridge.egg-info/requires.txt
[2.038s] writing top-level names to ../../build/ros2_azure_bridge/ros2_azure_bridge.egg-info/top_level.txt
[2.039s] reading manifest file '../../build/ros2_azure_bridge/ros2_azure_bridge.egg-info/SOURCES.txt'
[2.039s] writing manifest file '../../build/ros2_azure_bridge/ros2_azure_bridge.egg-info/SOURCES.txt'
[2.039s] running build
[2.040s] running build_py
[2.040s] copying ros2_azure_bridge/service_calls.py -> /home/buhrmann/ws_moveit/build/ros2_azure_bridge/build/lib/ros2_azure_bridge
[2.040s] running install
[2.040s] running install_lib
[2.040s] copying /home/buhrmann/ws_moveit/build/ros2_azure_bridge/build/lib/ros2_azure_bridge/service_calls.py -> /home/buhrmann/ws_moveit/install/ros2_azure_bridge/lib/python3.10/site-packages/ros2_azure_bridge
[2.040s] byte-compiling /home/buhrmann/ws_moveit/install/ros2_azure_bridge/lib/python3.10/site-packages/ros2_azure_bridge/service_calls.py to service_calls.cpython-310.pyc
[2.040s] running install_data
[2.040s] running install_egg_info
[2.043s] removing '/home/buhrmann/ws_moveit/install/ros2_azure_bridge/lib/python3.10/site-packages/ros2_azure_bridge-0.1.0-py3.10.egg-info' (and everything under it)
[2.043s] Copying ../../build/ros2_azure_bridge/ros2_azure_bridge.egg-info to /home/buhrmann/ws_moveit/install/ros2_azure_bridge/lib/python3.10/site-packages/ros2_azure_bridge-0.1.0-py3.10.egg-info
[2.043s] running install_scripts
[2.069s] Installing azure_bridge_node script to /home/buhrmann/ws_moveit/install/ros2_azure_bridge/lib/ros2_azure_bridge
[2.069s] Installing service_calls script to /home/buhrmann/ws_moveit/install/ros2_azure_bridge/lib/ros2_azure_bridge
[2.070s] writing list of installed files to '/home/buhrmann/ws_moveit/build/ros2_azure_bridge/install.log'
[2.132s] Invoked command in '/home/buhrmann/ws_moveit/src/ros2_azure_bridge' returned '0': PYTHONPATH=/home/buhrmann/ws_moveit/build/ros2_azure_bridge/prefix_override:/usr/lib/python3/dist-packages/colcon_core/task/python/colcon_distutils_commands:/home/buhrmann/ws_moveit/install/ros2_azure_bridge/lib/python3.10/site-packages:${PYTHONPATH} /usr/bin/python3 -W ignore:setup.py install is deprecated -W ignore:easy_install command is deprecated setup.py egg_info --egg-base ../../build/ros2_azure_bridge build --build-base /home/buhrmann/ws_moveit/build/ros2_azure_bridge/build install --record /home/buhrmann/ws_moveit/build/ros2_azure_bridge/install.log --single-version-externally-managed install_data
