[  2%] Built target gmock_main
[  3%] Built target gtest_main
[  4%] Built target gmock
[  4%] Built target moveit_butterworth_filter_parameters
[  5%] [34m[1mGenerate version header[0m
[  6%] Built target moveit_acceleration_filter_parameters
[  7%] Built target moveit_ruckig_filter_parameters
[ 10%] Built target moveit_utils
[ 11%] Built target moveit_smoothing_base
[ 12%] Built target gtest
[ 13%] Built target moveit_exceptions
[ 14%] Built target logger_dut
[ 15%] [34m[1mGenerating version.h[0m
[ 16%] Built target moveit_transforms
[ 18%] Built target version_h
[ 19%] Built target moveit_distance_field
[ 20%] Built target moveit_version
[ 26%] Built target moveit_robot_model
[ 27%] Built target test_voxel_grid
[ 28%] Built target test_transforms
[ 29%] Built target test_distance_field
[ 30%] Built target moveit_kinematics_base
[ 31%] Built target moveit_butterworth_filter
[ 32%] Built target moveit_test_utils
[ 35%] Built target moveit_robot_state
[ 36%] Built target test_butterworth_filter
[ 37%] Built target moveit_robot_trajectory
[ 38%] Built target moveit_kinematics_metrics
[ 39%] Built target test_robot_state_complex
[ 40%] Built target test_robot_model
[ 42%] Built target moveit_acceleration_filter
[ 42%] Built target moveit_dynamics_solver
[ 44%] Built target test_aabb
[ 45%] Built target test_robot_state
[ 46%] Built target moveit_ruckig_filter
[ 48%] Built target test_cartesian_interpolator
[ 49%] Built target robot_state_benchmark
[ 55%] Built target moveit_collision_detection
[ 57%] Built target test_robot_trajectory
[ 58%] Built target test_acceleration_filter
[ 60%] Built target moveit_trajectory_processing
[ 61%] Built target test_world
[ 62%] Built target test_world_diff
[ 63%] Built target moveit_collision_detection_fcl
[ 64%] Built target test_all_valid
[ 69%] Built target moveit_collision_detection_bullet
[ 70%] Built target test_time_optimal_trajectory_generation
[ 71%] Built target test_ruckig_traj_smoothing
[ 72%] Built target robot_trajectory_benchmark
[ 73%] Built target test_fcl_collision_detection
[ 75%] Built target moveit_kinematic_constraints
[ 77%] Built target test_fcl_collision_detection_panda
[ 78%] Built target test_fcl_collision_env
[ 79%] Built target test_bullet_continuous_collision_checking
[ 80%] Built target test_bullet_collision_detection
[ 81%] Built target test_bullet_collision_detection_panda
[ 83%] Built target test_orientation_constraints
[ 83%] Built target test_constraints
[ 84%] Built target moveit_planning_scene
[ 85%] Built target test_multi_threaded
[ 86%] Built target collision_detector_bullet_plugin
[ 87%] Built target test_planning_scene
[ 89%] Built target moveit_planning_interface
[ 90%] Built target collision_detector_fcl_plugin
[ 91%] Built target test_collision_objects
[ 94%] Built target moveit_constraint_samplers
[ 97%] Built target moveit_collision_distance_field
[ 99%] Built target test_constraint_samplers
[100%] Built target test_collision_distance_field
