[0.009s] Invoking command in '/home/buhrmann/ws_moveit/build/point_cloud_circle_detector': CMAKE_PREFIX_PATH=${CMAKE_PREFIX_PATH}:/home/buhrmann/ws_moveit/install/moveit_configs_utils:/opt/ros/iron /usr/bin/cmake --build /home/buhrmann/ws_moveit/build/point_cloud_circle_detector -- -j28 -l28
[0.069s] [ 20%] Built target point_cloud_circle_detector
[0.071s] [ 40%] Built target point_cloud_cylinder_detector
[0.071s] [ 60%] Built target point_cloud_plantpot_detector
[0.072s] [ 80%] Built target point_cloud_plantpot_ppf_detector
[0.074s] [ 90%] [32mBuilding CXX object CMakeFiles/point_cloud_plantpot_pfh_detector.dir/src/point_cloud_plantpot_pfh_detector.cpp.o[0m
[3.996s] [01m[K/home/buhrmann/ws_moveit/src/point_cloud_circle_detector/src/point_cloud_plantpot_pfh_detector.cpp:[m[K In member function ‘[01m[Kvoid PointCloudCustomObjectMatcher::overrideOrientationAndPlaceOnPlane(pcl::PointCloud<pcl::PointXYZ>::Ptr&)[m[K’:
[3.996s] [01m[K/home/buhrmann/ws_moveit/src/point_cloud_circle_detector/src/point_cloud_plantpot_pfh_detector.cpp:289:21:[m[K [01;31m[Kerror: [m[K‘[01m[Ktf_buffer_[m[K’ was not declared in this scope
[3.996s]   289 |         transform = [01;31m[Ktf_buffer_[m[K->lookupTransform(
[3.996s]       |                     [01;31m[K^~~~~~~~~~[m[K
[3.996s] [01m[K/home/buhrmann/ws_moveit/src/point_cloud_circle_detector/src/point_cloud_plantpot_pfh_detector.cpp:296:33:[m[K [01;31m[Kerror: [m[Kno matching function for call to ‘[01m[KtransformPointCloud(std::__shared_ptr_access<pcl::PointCloud<pcl::PointXYZ>, __gnu_cxx::_S_atomic, false, false>::element_type&, std::__shared_ptr_access<pcl::PointCloud<pcl::PointXYZ>, __gnu_cxx::_S_atomic, false, false>::element_type&, geometry_msgs::msg::TransformStamped&)[m[K’
[3.996s]   296 |         [01;31m[Kpcl::transformPointCloud(*cloud, *aligned_world_object, transform)[m[K;
[3.996s]       |         [01;31m[K~~~~~~~~~~~~~~~~~~~~~~~~^~~~~~~~~~~~~~~~~~~~~~~~~~~~~~~~~~~~~~~~~~[m[K
[3.996s] In file included from [01m[K/usr/include/pcl-1.12/pcl/registration/transformation_estimation.h:43[m[K,
[3.996s]                  from [01m[K/usr/include/pcl-1.12/pcl/registration/registration.h:46[m[K,
[3.996s]                  from [01m[K/usr/include/pcl-1.12/pcl/registration/icp.h:46[m[K,
[3.996s]                  from [01m[K/home/buhrmann/ws_moveit/src/point_cloud_circle_detector/src/point_cloud_plantpot_pfh_detector.cpp:3[m[K:
[3.996s] [01m[K/usr/include/pcl-1.12/pcl/common/transforms.h:60:3:[m[K [01;36m[Knote: [m[Kcandidate: ‘[01m[Ktemplate<class PointT, class Scalar> void pcl::transformPointCloud(const pcl::PointCloud<PointT>&, pcl::PointCloud<PointT>&, const Eigen::Transform<Scalar, 3, 2>&, bool)[m[K’
[3.996s]    60 |   [01;36m[KtransformPointCloud[m[K (const pcl::PointCloud<PointT> &cloud_in,
[3.996s]       |   [01;36m[K^~~~~~~~~~~~~~~~~~~[m[K
[3.996s] [01m[K/usr/include/pcl-1.12/pcl/common/transforms.h:60:3:[m[K [01;36m[Knote: [m[K  template argument deduction/substitution failed:
[3.997s] [01m[K/home/buhrmann/ws_moveit/src/point_cloud_circle_detector/src/point_cloud_plantpot_pfh_detector.cpp:296:33:[m[K [01;36m[Knote: [m[K  ‘[01m[Kgeometry_msgs::msg::TransformStamped[m[K’ {aka ‘[01m[Kgeometry_msgs::msg::TransformStamped_<std::allocator<void> >[m[K’} is not derived from ‘[01m[Kconst Eigen::Transform<Scalar, 3, 2>[m[K’
[3.997s]   296 |         [01;36m[Kpcl::transformPointCloud(*cloud, *aligned_world_object, transform)[m[K;
[3.997s]       |         [01;36m[K~~~~~~~~~~~~~~~~~~~~~~~~^~~~~~~~~~~~~~~~~~~~~~~~~~~~~~~~~~~~~~~~~~[m[K
[3.997s] In file included from [01m[K/usr/include/pcl-1.12/pcl/registration/transformation_estimation.h:43[m[K,
[3.997s]                  from [01m[K/usr/include/pcl-1.12/pcl/registration/registration.h:46[m[K,
[3.997s]                  from [01m[K/usr/include/pcl-1.12/pcl/registration/icp.h:46[m[K,
[3.997s]                  from [01m[K/home/buhrmann/ws_moveit/src/point_cloud_circle_detector/src/point_cloud_plantpot_pfh_detector.cpp:3[m[K:
[3.997s] [01m[K/usr/include/pcl-1.12/pcl/common/transforms.h:69:3:[m[K [01;36m[Knote: [m[Kcandidate: ‘[01m[Ktemplate<class PointT> void pcl::transformPointCloud(const pcl::PointCloud<PointT>&, pcl::PointCloud<PointT>&, const Affine3f&, bool)[m[K’
[3.997s]    69 |   [01;36m[KtransformPointCloud[m[K (const pcl::PointCloud<PointT> &cloud_in,
[3.997s]       |   [01;36m[K^~~~~~~~~~~~~~~~~~~[m[K
[3.997s] [01m[K/usr/include/pcl-1.12/pcl/common/transforms.h:69:3:[m[K [01;36m[Knote: [m[K  template argument deduction/substitution failed:
[3.997s] [01m[K/home/buhrmann/ws_moveit/src/point_cloud_circle_detector/src/point_cloud_plantpot_pfh_detector.cpp:296:65:[m[K [01;36m[Knote: [m[K  cannot convert ‘[01m[Ktransform[m[K’ (type ‘[01m[Kgeometry_msgs::msg::TransformStamped[m[K’ {aka ‘[01m[Kgeometry_msgs::msg::TransformStamped_<std::allocator<void> >[m[K’}) to type ‘[01m[Kconst Affine3f&[m[K’ {aka ‘[01m[Kconst Eigen::Transform<float, 3, 2>&[m[K’}
[3.997s]   296 |         pcl::transformPointCloud(*cloud, *aligned_world_object, [01;36m[Ktransform[m[K);
[3.997s]       |                                                                 [01;36m[K^~~~~~~~~[m[K
[3.997s] In file included from [01m[K/usr/include/pcl-1.12/pcl/registration/transformation_estimation.h:43[m[K,
[3.997s]                  from [01m[K/usr/include/pcl-1.12/pcl/registration/registration.h:46[m[K,
[3.997s]                  from [01m[K/usr/include/pcl-1.12/pcl/registration/icp.h:46[m[K,
[3.997s]                  from [01m[K/home/buhrmann/ws_moveit/src/point_cloud_circle_detector/src/point_cloud_plantpot_pfh_detector.cpp:3[m[K:
[3.997s] [01m[K/usr/include/pcl-1.12/pcl/common/transforms.h:87:3:[m[K [01;36m[Knote: [m[Kcandidate: ‘[01m[Ktemplate<class PointT, class Scalar> void pcl::transformPointCloud(const pcl::PointCloud<PointT>&, const Indices&, pcl::PointCloud<PointT>&, const Eigen::Transform<Scalar, 3, 2>&, bool)[m[K’
[3.997s]    87 |   [01;36m[KtransformPointCloud[m[K (const pcl::PointCloud<PointT> &cloud_in,
[3.997s]       |   [01;36m[K^~~~~~~~~~~~~~~~~~~[m[K
[3.997s] [01m[K/usr/include/pcl-1.12/pcl/common/transforms.h:87:3:[m[K [01;36m[Knote: [m[K  template argument deduction/substitution failed:
[3.997s] [01m[K/home/buhrmann/ws_moveit/src/point_cloud_circle_detector/src/point_cloud_plantpot_pfh_detector.cpp:296:33:[m[K [01;36m[Knote: [m[K  ‘[01m[Kgeometry_msgs::msg::TransformStamped[m[K’ {aka ‘[01m[Kgeometry_msgs::msg::TransformStamped_<std::allocator<void> >[m[K’} is not derived from ‘[01m[Kpcl::PointCloud<PointT>[m[K’
[3.997s]   296 |         [01;36m[Kpcl::transformPointCloud(*cloud, *aligned_world_object, transform)[m[K;
[3.997s]       |         [01;36m[K~~~~~~~~~~~~~~~~~~~~~~~~^~~~~~~~~~~~~~~~~~~~~~~~~~~~~~~~~~~~~~~~~~[m[K
[3.997s] In file included from [01m[K/usr/include/pcl-1.12/pcl/registration/transformation_estimation.h:43[m[K,
[3.997s]                  from [01m[K/usr/include/pcl-1.12/pcl/registration/registration.h:46[m[K,
[3.997s]                  from [01m[K/usr/include/pcl-1.12/pcl/registration/icp.h:46[m[K,
[3.997s]                  from [01m[K/home/buhrmann/ws_moveit/src/point_cloud_circle_detector/src/point_cloud_plantpot_pfh_detector.cpp:3[m[K:
[3.997s] [01m[K/usr/include/pcl-1.12/pcl/common/transforms.h:97:3:[m[K [01;36m[Knote: [m[Kcandidate: ‘[01m[Ktemplate<class PointT> void pcl::transformPointCloud(const pcl::PointCloud<PointT>&, const Indices&, pcl::PointCloud<PointT>&, const Affine3f&, bool)[m[K’
[3.997s]    97 |   [01;36m[KtransformPointCloud[m[K (const pcl::PointCloud<PointT> &cloud_in,
[3.997s]       |   [01;36m[K^~~~~~~~~~~~~~~~~~~[m[K
[3.997s] [01m[K/usr/include/pcl-1.12/pcl/common/transforms.h:97:3:[m[K [01;36m[Knote: [m[K  template argument deduction/substitution failed:
[3.997s] [01m[K/home/buhrmann/ws_moveit/src/point_cloud_circle_detector/src/point_cloud_plantpot_pfh_detector.cpp:296:33:[m[K [01;36m[Knote: [m[K  ‘[01m[Kgeometry_msgs::msg::TransformStamped[m[K’ {aka ‘[01m[Kgeometry_msgs::msg::TransformStamped_<std::allocator<void> >[m[K’} is not derived from ‘[01m[Kpcl::PointCloud<PointT>[m[K’
[3.997s]   296 |         [01;36m[Kpcl::transformPointCloud(*cloud, *aligned_world_object, transform)[m[K;
[3.997s]       |         [01;36m[K~~~~~~~~~~~~~~~~~~~~~~~~^~~~~~~~~~~~~~~~~~~~~~~~~~~~~~~~~~~~~~~~~~[m[K
[3.997s] In file included from [01m[K/usr/include/pcl-1.12/pcl/registration/transformation_estimation.h:43[m[K,
[3.997s]                  from [01m[K/usr/include/pcl-1.12/pcl/registration/registration.h:46[m[K,
[3.997s]                  from [01m[K/usr/include/pcl-1.12/pcl/registration/icp.h:46[m[K,
[3.997s]                  from [01m[K/home/buhrmann/ws_moveit/src/point_cloud_circle_detector/src/point_cloud_plantpot_pfh_detector.cpp:3[m[K:
[3.997s] [01m[K/usr/include/pcl-1.12/pcl/common/transforms.h:116:3:[m[K [01;36m[Knote: [m[Kcandidate: ‘[01m[Ktemplate<class PointT, class Scalar> void pcl::transformPointCloud(const pcl::PointCloud<PointT>&, const pcl::PointIndices&, pcl::PointCloud<PointT>&, const Eigen::Transform<Scalar, 3, 2>&, bool)[m[K’
[3.997s]   116 |   [01;36m[KtransformPointCloud[m[K (const pcl::PointCloud<PointT> &cloud_in,
[3.997s]       |   [01;36m[K^~~~~~~~~~~~~~~~~~~[m[K
[3.997s] [01m[K/usr/include/pcl-1.12/pcl/common/transforms.h:116:3:[m[K [01;36m[Knote: [m[K  template argument deduction/substitution failed:
[3.997s] [01m[K/home/buhrmann/ws_moveit/src/point_cloud_circle_detector/src/point_cloud_plantpot_pfh_detector.cpp:296:33:[m[K [01;36m[Knote: [m[K  ‘[01m[Kgeometry_msgs::msg::TransformStamped[m[K’ {aka ‘[01m[Kgeometry_msgs::msg::TransformStamped_<std::allocator<void> >[m[K’} is not derived from ‘[01m[Kpcl::PointCloud<PointT>[m[K’
[3.997s]   296 |         [01;36m[Kpcl::transformPointCloud(*cloud, *aligned_world_object, transform)[m[K;
[3.997s]       |         [01;36m[K~~~~~~~~~~~~~~~~~~~~~~~~^~~~~~~~~~~~~~~~~~~~~~~~~~~~~~~~~~~~~~~~~~[m[K
[3.997s] In file included from [01m[K/usr/include/pcl-1.12/pcl/registration/transformation_estimation.h:43[m[K,
[3.997s]                  from [01m[K/usr/include/pcl-1.12/pcl/registration/registration.h:46[m[K,
[3.997s]                  from [01m[K/usr/include/pcl-1.12/pcl/registration/icp.h:46[m[K,
[3.998s]                  from [01m[K/home/buhrmann/ws_moveit/src/point_cloud_circle_detector/src/point_cloud_plantpot_pfh_detector.cpp:3[m[K:
[3.998s] [01m[K/usr/include/pcl-1.12/pcl/common/transforms.h:126:3:[m[K [01;36m[Knote: [m[Kcandidate: ‘[01m[Ktemplate<class PointT> void pcl::transformPointCloud(const pcl::PointCloud<PointT>&, const pcl::PointIndices&, pcl::PointCloud<PointT>&, const Affine3f&, bool)[m[K’
[3.998s]   126 |   [01;36m[KtransformPointCloud[m[K (const pcl::PointCloud<PointT> &cloud_in,
[3.998s]       |   [01;36m[K^~~~~~~~~~~~~~~~~~~[m[K
[3.998s] [01m[K/usr/include/pcl-1.12/pcl/common/transforms.h:126:3:[m[K [01;36m[Knote: [m[K  template argument deduction/substitution failed:
[3.998s] [01m[K/home/buhrmann/ws_moveit/src/point_cloud_circle_detector/src/point_cloud_plantpot_pfh_detector.cpp:296:33:[m[K [01;36m[Knote: [m[K  ‘[01m[Kgeometry_msgs::msg::TransformStamped[m[K’ {aka ‘[01m[Kgeometry_msgs::msg::TransformStamped_<std::allocator<void> >[m[K’} is not derived from ‘[01m[Kpcl::PointCloud<PointT>[m[K’
[3.998s]   296 |         [01;36m[Kpcl::transformPointCloud(*cloud, *aligned_world_object, transform)[m[K;
[3.998s]       |         [01;36m[K~~~~~~~~~~~~~~~~~~~~~~~~^~~~~~~~~~~~~~~~~~~~~~~~~~~~~~~~~~~~~~~~~~[m[K
[3.998s] In file included from [01m[K/usr/include/pcl-1.12/pcl/common/transforms.h:493[m[K,
[3.998s]                  from [01m[K/usr/include/pcl-1.12/pcl/registration/transformation_estimation.h:43[m[K,
[3.998s]                  from [01m[K/usr/include/pcl-1.12/pcl/registration/registration.h:46[m[K,
[3.998s]                  from [01m[K/usr/include/pcl-1.12/pcl/registration/icp.h:46[m[K,
[3.998s]                  from [01m[K/home/buhrmann/ws_moveit/src/point_cloud_circle_detector/src/point_cloud_plantpot_pfh_detector.cpp:3[m[K:
[3.998s] [01m[K/usr/include/pcl-1.12/pcl/common/impl/transforms.hpp:221:1:[m[K [01;36m[Knote: [m[Kcandidate: ‘[01m[Ktemplate<class PointT, class Scalar> void pcl::transformPointCloud(const pcl::PointCloud<PointT>&, pcl::PointCloud<PointT>&, const Eigen::Matrix<Scalar, 4, 4>&, bool)[m[K’
[3.998s]   221 | [01;36m[KtransformPointCloud[m[K (const pcl::PointCloud<PointT> &cloud_in,
[3.998s]       | [01;36m[K^~~~~~~~~~~~~~~~~~~[m[K
[3.998s] [01m[K/usr/include/pcl-1.12/pcl/common/impl/transforms.hpp:221:1:[m[K [01;36m[Knote: [m[K  template argument deduction/substitution failed:
[3.998s] [01m[K/home/buhrmann/ws_moveit/src/point_cloud_circle_detector/src/point_cloud_plantpot_pfh_detector.cpp:296:33:[m[K [01;36m[Knote: [m[K  ‘[01m[Kgeometry_msgs::msg::TransformStamped[m[K’ {aka ‘[01m[Kgeometry_msgs::msg::TransformStamped_<std::allocator<void> >[m[K’} is not derived from ‘[01m[Kconst Eigen::Matrix<Scalar, 4, 4>[m[K’
[3.998s]   296 |         [01;36m[Kpcl::transformPointCloud(*cloud, *aligned_world_object, transform)[m[K;
[3.998s]       |         [01;36m[K~~~~~~~~~~~~~~~~~~~~~~~~^~~~~~~~~~~~~~~~~~~~~~~~~~~~~~~~~~~~~~~~~~[m[K
[3.998s] In file included from [01m[K/usr/include/pcl-1.12/pcl/registration/transformation_estimation.h:43[m[K,
[3.998s]                  from [01m[K/usr/include/pcl-1.12/pcl/registration/registration.h:46[m[K,
[3.998s]                  from [01m[K/usr/include/pcl-1.12/pcl/registration/icp.h:46[m[K,
[3.998s]                  from [01m[K/home/buhrmann/ws_moveit/src/point_cloud_circle_detector/src/point_cloud_plantpot_pfh_detector.cpp:3[m[K:
[3.998s] [01m[K/usr/include/pcl-1.12/pcl/common/transforms.h:237:3:[m[K [01;36m[Knote: [m[Kcandidate: ‘[01m[Ktemplate<class PointT> void pcl::transformPointCloud(const pcl::PointCloud<PointT>&, pcl::PointCloud<PointT>&, const Matrix4f&, bool)[m[K’
[3.998s]   237 |   [01;36m[KtransformPointCloud[m[K (const pcl::PointCloud<PointT> &cloud_in,
[3.998s]       |   [01;36m[K^~~~~~~~~~~~~~~~~~~[m[K
[3.998s] [01m[K/usr/include/pcl-1.12/pcl/common/transforms.h:237:3:[m[K [01;36m[Knote: [m[K  template argument deduction/substitution failed:
[3.998s] [01m[K/home/buhrmann/ws_moveit/src/point_cloud_circle_detector/src/point_cloud_plantpot_pfh_detector.cpp:296:65:[m[K [01;36m[Knote: [m[K  cannot convert ‘[01m[Ktransform[m[K’ (type ‘[01m[Kgeometry_msgs::msg::TransformStamped[m[K’ {aka ‘[01m[Kgeometry_msgs::msg::TransformStamped_<std::allocator<void> >[m[K’}) to type ‘[01m[Kconst Matrix4f&[m[K’ {aka ‘[01m[Kconst Eigen::Matrix<float, 4, 4>&[m[K’}
[3.998s]   296 |         pcl::transformPointCloud(*cloud, *aligned_world_object, [01;36m[Ktransform[m[K);
[3.998s]       |                                                                 [01;36m[K^~~~~~~~~[m[K
[3.998s] In file included from [01m[K/usr/include/pcl-1.12/pcl/common/transforms.h:493[m[K,
[3.998s]                  from [01m[K/usr/include/pcl-1.12/pcl/registration/transformation_estimation.h:43[m[K,
[3.998s]                  from [01m[K/usr/include/pcl-1.12/pcl/registration/registration.h:46[m[K,
[3.998s]                  from [01m[K/usr/include/pcl-1.12/pcl/registration/icp.h:46[m[K,
[3.998s]                  from [01m[K/home/buhrmann/ws_moveit/src/point_cloud_circle_detector/src/point_cloud_plantpot_pfh_detector.cpp:3[m[K:
[3.998s] [01m[K/usr/include/pcl-1.12/pcl/common/impl/transforms.hpp:263:1:[m[K [01;36m[Knote: [m[Kcandidate: ‘[01m[Ktemplate<class PointT, class Scalar> void pcl::transformPointCloud(const pcl::PointCloud<PointT>&, const Indices&, pcl::PointCloud<PointT>&, const Eigen::Matrix<Scalar, 4, 4>&, bool)[m[K’
[3.998s]   263 | [01;36m[KtransformPointCloud[m[K (const pcl::PointCloud<PointT> &cloud_in,
[3.998s]       | [01;36m[K^~~~~~~~~~~~~~~~~~~[m[K
[3.998s] [01m[K/usr/include/pcl-1.12/pcl/common/impl/transforms.hpp:263:1:[m[K [01;36m[Knote: [m[K  template argument deduction/substitution failed:
[3.998s] [01m[K/home/buhrmann/ws_moveit/src/point_cloud_circle_detector/src/point_cloud_plantpot_pfh_detector.cpp:296:33:[m[K [01;36m[Knote: [m[K  ‘[01m[Kgeometry_msgs::msg::TransformStamped[m[K’ {aka ‘[01m[Kgeometry_msgs::msg::TransformStamped_<std::allocator<void> >[m[K’} is not derived from ‘[01m[Kpcl::PointCloud<PointT>[m[K’
[3.998s]   296 |         [01;36m[Kpcl::transformPointCloud(*cloud, *aligned_world_object, transform)[m[K;
[3.998s]       |         [01;36m[K~~~~~~~~~~~~~~~~~~~~~~~~^~~~~~~~~~~~~~~~~~~~~~~~~~~~~~~~~~~~~~~~~~[m[K
[3.998s] In file included from [01m[K/usr/include/pcl-1.12/pcl/registration/transformation_estimation.h:43[m[K,
[3.998s]                  from [01m[K/usr/include/pcl-1.12/pcl/registration/registration.h:46[m[K,
[3.998s]                  from [01m[K/usr/include/pcl-1.12/pcl/registration/icp.h:46[m[K,
[3.998s]                  from [01m[K/home/buhrmann/ws_moveit/src/point_cloud_circle_detector/src/point_cloud_plantpot_pfh_detector.cpp:3[m[K:
[3.998s] [01m[K/usr/include/pcl-1.12/pcl/common/transforms.h:262:3:[m[K [01;36m[Knote: [m[Kcandidate: ‘[01m[Ktemplate<class PointT> void pcl::transformPointCloud(const pcl::PointCloud<PointT>&, const Indices&, pcl::PointCloud<PointT>&, const Matrix4f&, bool)[m[K’
[3.998s]   262 |   [01;36m[KtransformPointCloud[m[K (const pcl::PointCloud<PointT> &cloud_in,
[3.998s]       |   [01;36m[K^~~~~~~~~~~~~~~~~~~[m[K
[3.998s] [01m[K/usr/include/pcl-1.12/pcl/common/transforms.h:262:3:[m[K [01;36m[Knote: [m[K  template argument deduction/substitution failed:
[3.998s] [01m[K/home/buhrmann/ws_moveit/src/point_cloud_circle_detector/src/point_cloud_plantpot_pfh_detector.cpp:296:33:[m[K [01;36m[Knote: [m[K  ‘[01m[Kgeometry_msgs::msg::TransformStamped[m[K’ {aka ‘[01m[Kgeometry_msgs::msg::TransformStamped_<std::allocator<void> >[m[K’} is not derived from ‘[01m[Kpcl::PointCloud<PointT>[m[K’
[3.998s]   296 |         [01;36m[Kpcl::transformPointCloud(*cloud, *aligned_world_object, transform)[m[K;
[3.998s]       |         [01;36m[K~~~~~~~~~~~~~~~~~~~~~~~~^~~~~~~~~~~~~~~~~~~~~~~~~~~~~~~~~~~~~~~~~~[m[K
[3.998s] In file included from [01m[K/usr/include/pcl-1.12/pcl/registration/transformation_estimation.h:43[m[K,
[3.998s]                  from [01m[K/usr/include/pcl-1.12/pcl/registration/registration.h:46[m[K,
[3.999s]                  from [01m[K/usr/include/pcl-1.12/pcl/registration/icp.h:46[m[K,
[3.999s]                  from [01m[K/home/buhrmann/ws_moveit/src/point_cloud_circle_detector/src/point_cloud_plantpot_pfh_detector.cpp:3[m[K:
[3.999s] [01m[K/usr/include/pcl-1.12/pcl/common/transforms.h:281:3:[m[K [01;36m[Knote: [m[Kcandidate: ‘[01m[Ktemplate<class PointT, class Scalar> void pcl::transformPointCloud(const pcl::PointCloud<PointT>&, const pcl::PointIndices&, pcl::PointCloud<PointT>&, const Eigen::Matrix<Scalar, 4, 4>&, bool)[m[K’
[3.999s]   281 |   [01;36m[KtransformPointCloud[m[K (const pcl::PointCloud<PointT> &cloud_in,
[3.999s]       |   [01;36m[K^~~~~~~~~~~~~~~~~~~[m[K
[3.999s] [01m[K/usr/include/pcl-1.12/pcl/common/transforms.h:281:3:[m[K [01;36m[Knote: [m[K  template argument deduction/substitution failed:
[3.999s] [01m[K/home/buhrmann/ws_moveit/src/point_cloud_circle_detector/src/point_cloud_plantpot_pfh_detector.cpp:296:33:[m[K [01;36m[Knote: [m[K  ‘[01m[Kgeometry_msgs::msg::TransformStamped[m[K’ {aka ‘[01m[Kgeometry_msgs::msg::TransformStamped_<std::allocator<void> >[m[K’} is not derived from ‘[01m[Kpcl::PointCloud<PointT>[m[K’
[3.999s]   296 |         [01;36m[Kpcl::transformPointCloud(*cloud, *aligned_world_object, transform)[m[K;
[3.999s]       |         [01;36m[K~~~~~~~~~~~~~~~~~~~~~~~~^~~~~~~~~~~~~~~~~~~~~~~~~~~~~~~~~~~~~~~~~~[m[K
[3.999s] In file included from [01m[K/usr/include/pcl-1.12/pcl/registration/transformation_estimation.h:43[m[K,
[3.999s]                  from [01m[K/usr/include/pcl-1.12/pcl/registration/registration.h:46[m[K,
[3.999s]                  from [01m[K/usr/include/pcl-1.12/pcl/registration/icp.h:46[m[K,
[3.999s]                  from [01m[K/home/buhrmann/ws_moveit/src/point_cloud_circle_detector/src/point_cloud_plantpot_pfh_detector.cpp:3[m[K:
[3.999s] [01m[K/usr/include/pcl-1.12/pcl/common/transforms.h:291:3:[m[K [01;36m[Knote: [m[Kcandidate: ‘[01m[Ktemplate<class PointT> void pcl::transformPointCloud(const pcl::PointCloud<PointT>&, const pcl::PointIndices&, pcl::PointCloud<PointT>&, const Matrix4f&, bool)[m[K’
[3.999s]   291 |   [01;36m[KtransformPointCloud[m[K (const pcl::PointCloud<PointT> &cloud_in,
[3.999s]       |   [01;36m[K^~~~~~~~~~~~~~~~~~~[m[K
[3.999s] [01m[K/usr/include/pcl-1.12/pcl/common/transforms.h:291:3:[m[K [01;36m[Knote: [m[K  template argument deduction/substitution failed:
[3.999s] [01m[K/home/buhrmann/ws_moveit/src/point_cloud_circle_detector/src/point_cloud_plantpot_pfh_detector.cpp:296:33:[m[K [01;36m[Knote: [m[K  ‘[01m[Kgeometry_msgs::msg::TransformStamped[m[K’ {aka ‘[01m[Kgeometry_msgs::msg::TransformStamped_<std::allocator<void> >[m[K’} is not derived from ‘[01m[Kpcl::PointCloud<PointT>[m[K’
[3.999s]   296 |         [01;36m[Kpcl::transformPointCloud(*cloud, *aligned_world_object, transform)[m[K;
[3.999s]       |         [01;36m[K~~~~~~~~~~~~~~~~~~~~~~~~^~~~~~~~~~~~~~~~~~~~~~~~~~~~~~~~~~~~~~~~~~[m[K
[3.999s] In file included from [01m[K/usr/include/pcl-1.12/pcl/common/transforms.h:493[m[K,
[3.999s]                  from [01m[K/usr/include/pcl-1.12/pcl/registration/transformation_estimation.h:43[m[K,
[3.999s]                  from [01m[K/usr/include/pcl-1.12/pcl/registration/registration.h:46[m[K,
[3.999s]                  from [01m[K/usr/include/pcl-1.12/pcl/registration/icp.h:46[m[K,
[3.999s]                  from [01m[K/home/buhrmann/ws_moveit/src/point_cloud_circle_detector/src/point_cloud_plantpot_pfh_detector.cpp:3[m[K:
[3.999s] [01m[K/usr/include/pcl-1.12/pcl/common/impl/transforms.hpp:407:1:[m[K [01;36m[Knote: [m[Kcandidate: ‘[01m[Ktemplate<class PointT, class Scalar> void pcl::transformPointCloud(const pcl::PointCloud<PointT>&, pcl::PointCloud<PointT>&, const Eigen::Matrix<Scalar, 3, 1>&, const Eigen::Quaternion<Scalar>&, bool)[m[K’
[3.999s]   407 | [01;36m[KtransformPointCloud[m[K (const pcl::PointCloud<PointT> &cloud_in,
[3.999s]       | [01;36m[K^~~~~~~~~~~~~~~~~~~[m[K
[3.999s] [01m[K/usr/include/pcl-1.12/pcl/common/impl/transforms.hpp:407:1:[m[K [01;36m[Knote: [m[K  template argument deduction/substitution failed:
[3.999s] [01m[K/home/buhrmann/ws_moveit/src/point_cloud_circle_detector/src/point_cloud_plantpot_pfh_detector.cpp:296:33:[m[K [01;36m[Knote: [m[K  ‘[01m[Kgeometry_msgs::msg::TransformStamped[m[K’ {aka ‘[01m[Kgeometry_msgs::msg::TransformStamped_<std::allocator<void> >[m[K’} is not derived from ‘[01m[Kconst Eigen::Matrix<Scalar, 3, 1>[m[K’
[3.999s]   296 |         [01;36m[Kpcl::transformPointCloud(*cloud, *aligned_world_object, transform)[m[K;
[3.999s]       |         [01;36m[K~~~~~~~~~~~~~~~~~~~~~~~~^~~~~~~~~~~~~~~~~~~~~~~~~~~~~~~~~~~~~~~~~~[m[K
[3.999s] In file included from [01m[K/usr/include/pcl-1.12/pcl/registration/transformation_estimation.h:43[m[K,
[3.999s]                  from [01m[K/usr/include/pcl-1.12/pcl/registration/registration.h:46[m[K,
[3.999s]                  from [01m[K/usr/include/pcl-1.12/pcl/registration/icp.h:46[m[K,
[3.999s]                  from [01m[K/home/buhrmann/ws_moveit/src/point_cloud_circle_detector/src/point_cloud_plantpot_pfh_detector.cpp:3[m[K:
[3.999s] [01m[K/usr/include/pcl-1.12/pcl/common/transforms.h:404:3:[m[K [01;36m[Knote: [m[Kcandidate: ‘[01m[Ktemplate<class PointT> void pcl::transformPointCloud(const pcl::PointCloud<PointT>&, pcl::PointCloud<PointT>&, const Vector3f&, const Quaternionf&, bool)[m[K’
[3.999s]   404 |   [01;36m[KtransformPointCloud[m[K (const pcl::PointCloud<PointT> &cloud_in,
[3.999s]       |   [01;36m[K^~~~~~~~~~~~~~~~~~~[m[K
[3.999s] [01m[K/usr/include/pcl-1.12/pcl/common/transforms.h:404:3:[m[K [01;36m[Knote: [m[K  template argument deduction/substitution failed:
[3.999s] [01m[K/home/buhrmann/ws_moveit/src/point_cloud_circle_detector/src/point_cloud_plantpot_pfh_detector.cpp:296:33:[m[K [01;36m[Knote: [m[K  candidate expects 5 arguments, 3 provided
[3.999s]   296 |         [01;36m[Kpcl::transformPointCloud(*cloud, *aligned_world_object, transform)[m[K;
[3.999s]       |         [01;36m[K~~~~~~~~~~~~~~~~~~~~~~~~^~~~~~~~~~~~~~~~~~~~~~~~~~~~~~~~~~~~~~~~~~[m[K
[11.553s] gmake[2]: *** [CMakeFiles/point_cloud_plantpot_pfh_detector.dir/build.make:76: CMakeFiles/point_cloud_plantpot_pfh_detector.dir/src/point_cloud_plantpot_pfh_detector.cpp.o] Error 1
[11.553s] gmake[1]: *** [CMakeFiles/Makefile2:249: CMakeFiles/point_cloud_plantpot_pfh_detector.dir/all] Error 2
[11.553s] gmake: *** [Makefile:146: all] Error 2
[11.555s] Invoked command in '/home/buhrmann/ws_moveit/build/point_cloud_circle_detector' returned '2': CMAKE_PREFIX_PATH=${CMAKE_PREFIX_PATH}:/home/buhrmann/ws_moveit/install/moveit_configs_utils:/opt/ros/iron /usr/bin/cmake --build /home/buhrmann/ws_moveit/build/point_cloud_circle_detector -- -j28 -l28
