[0.009s] Invoking command in '/home/buhrmann/ws_moveit/build/point_cloud_circle_detector': CMAKE_PREFIX_PATH=${CMAKE_PREFIX_PATH}:/home/buhrmann/ws_moveit/install/moveit_configs_utils:/opt/ros/iron /usr/bin/cmake --build /home/buhrmann/ws_moveit/build/point_cloud_circle_detector -- -j28 -l28
[0.062s] [35m[1mConsolidate compiler generated dependencies of target point_cloud_plantpot_edge_pfh_detector[0m
[0.074s] [ 16%] Built target point_cloud_circle_detector
[0.074s] [ 25%] [32m[1mLinking CXX executable point_cloud_plantpot_detector[0m
[0.075s] [ 41%] Built target point_cloud_plantpot_pfh_detector
[0.077s] [ 58%] Built target point_cloud_plantpot_ppf_detector
[0.078s] [ 75%] Built target point_cloud_cylinder_detector
[0.079s] [ 83%] [32mBuilding CXX object CMakeFiles/point_cloud_plantpot_edge_pfh_detector.dir/src/point_cloud_plantpot_edge_pfh_detector.cpp.o[0m
[1.030s] /usr/bin/ld: CMakeFiles/point_cloud_plantpot_detector.dir/src/point_cloud_custom_plant_pot_detection.cpp.o: in function `pcl::SampleConsensusInitialAlignment<pcl::PointXYZ, pcl::PointXYZ, pcl::FPFHSignature33>::SampleConsensusInitialAlignment()':
[1.030s] point_cloud_custom_plant_pot_detection.cpp:(.text._ZN3pcl31SampleConsensusInitialAlignmentINS_8PointXYZES1_NS_15FPFHSignature33EEC2Ev[_ZN3pcl31SampleConsensusInitialAlignmentINS_8PointXYZES1_NS_15FPFHSignature33EEC5Ev]+0x11e): undefined reference to `pcl::registration::TransformationEstimationSVD<pcl::PointXYZ, pcl::PointXYZ, float>::TransformationEstimationSVD(bool)'
[1.064s] collect2: error: ld returned 1 exit status
[1.065s] gmake[2]: *** [CMakeFiles/point_cloud_plantpot_detector.dir/build.make:319: point_cloud_plantpot_detector] Error 1
[1.065s] gmake[1]: *** [CMakeFiles/Makefile2:199: CMakeFiles/point_cloud_plantpot_detector.dir/all] Error 2
[1.066s] gmake[1]: *** Waiting for unfinished jobs....
[2.078s] [01m[K/home/buhrmann/ws_moveit/src/point_cloud_circle_detector/src/point_cloud_plantpot_edge_pfh_detector.cpp:[m[K In function ‘[01m[Kint main()[m[K’:
[2.078s] [01m[K/home/buhrmann/ws_moveit/src/point_cloud_circle_detector/src/point_cloud_plantpot_edge_pfh_detector.cpp:21:10:[m[K [01;31m[Kerror: [m[K‘[01m[Kpcl::pcl[m[K’ has not been declared
[2.078s]    21 |     pcl::[01;31m[Kpcl[m[K::OrganizedEdgeBase< PointT, PointLT > edge_detector;
[2.078s]       |          [01;31m[K^~~[m[K
[2.083s] [01m[K/home/buhrmann/ws_moveit/src/point_cloud_circle_detector/src/point_cloud_plantpot_edge_pfh_detector.cpp:21:34:[m[K [01;31m[Kerror: [m[K‘[01m[KPointT[m[K’ was not declared in this scope
[2.083s]    21 |     pcl::pcl::OrganizedEdgeBase< [01;31m[KPointT[m[K, PointLT > edge_detector;
[2.083s]       |                                  [01;31m[K^~~~~~[m[K
[2.086s] [01m[K/home/buhrmann/ws_moveit/src/point_cloud_circle_detector/src/point_cloud_plantpot_edge_pfh_detector.cpp:21:42:[m[K [01;31m[Kerror: [m[K‘[01m[KPointLT[m[K’ was not declared in this scope
[2.086s]    21 |     pcl::pcl::OrganizedEdgeBase< PointT, [01;31m[KPointLT[m[K > edge_detector;
[2.086s]       |                                          [01;31m[K^~~~~~~[m[K
[2.094s] [01m[K/home/buhrmann/ws_moveit/src/point_cloud_circle_detector/src/point_cloud_plantpot_edge_pfh_detector.cpp:21:52:[m[K [01;31m[Kerror: [m[K‘[01m[Kedge_detector[m[K’ was not declared in this scope
[2.095s]    21 |     pcl::pcl::OrganizedEdgeBase< PointT, PointLT > [01;31m[Kedge_detector[m[K;
[2.095s]       |                                                    [01;31m[K^~~~~~~~~~~~~[m[K
[2.424s] gmake[2]: *** [CMakeFiles/point_cloud_plantpot_edge_pfh_detector.dir/build.make:76: CMakeFiles/point_cloud_plantpot_edge_pfh_detector.dir/src/point_cloud_plantpot_edge_pfh_detector.cpp.o] Error 1
[2.425s] gmake[1]: *** [CMakeFiles/Makefile2:277: CMakeFiles/point_cloud_plantpot_edge_pfh_detector.dir/all] Error 2
[2.425s] gmake: *** [Makefile:146: all] Error 2
[2.427s] Invoked command in '/home/buhrmann/ws_moveit/build/point_cloud_circle_detector' returned '2': CMAKE_PREFIX_PATH=${CMAKE_PREFIX_PATH}:/home/buhrmann/ws_moveit/install/moveit_configs_utils:/opt/ros/iron /usr/bin/cmake --build /home/buhrmann/ws_moveit/build/point_cloud_circle_detector -- -j28 -l28
