[0.027s] Invoking command in '/home/buhrmann/ws_moveit/build/point_cloud_circle_detector': CMAKE_PREFIX_PATH=${CMAKE_PREFIX_PATH}:/home/buhrmann/ws_moveit/install/ros2_azure_bridge:/home/buhrmann/ws_moveit/install/moveit_configs_utils:/opt/ros/iron /usr/bin/cmake --build /home/buhrmann/ws_moveit/build/point_cloud_circle_detector -- -j28 -l28
[0.102s] [35m[1mConsolidate compiler generated dependencies of target plantplot_placement[0m
[0.113s] [  6%] Built target rgb_edge_filter
[0.114s] [ 13%] Built target point_cloud_plantpot_rgb_edge_pfh_detector
[0.114s] [ 20%] Built target point_cloud_circle_detector
[0.117s] [ 26%] Built target plantplot_ransac_conversion
[0.117s] [ 33%] Built target cup_segmentation_color
[0.117s] [ 40%] Built target point_cloud_plantpot_edge_pfh_detector
[0.118s] [ 50%] Built target cup_pointcloud_segmentation_color
[0.119s] [ 53%] Built target point_cloud_plantpot_detector
[0.121s] [ 60%] Built target plantplot_icp_conversion
[0.122s] [ 66%] Built target hsv_color_filter
[0.123s] [ 73%] Built target image_based_hsv_color_filter
[0.124s] [ 80%] Built target point_cloud_plantpot_ppf_detector
[0.124s] [ 86%] Built target point_cloud_plantpot_pfh_detector
[0.126s] [ 93%] Built target point_cloud_cylinder_detector
[0.134s] [ 96%] [32mBuilding CXX object CMakeFiles/plantplot_placement.dir/src/plantplot_placement.cpp.o[0m
[8.308s] [01m[K/home/buhrmann/ws_moveit/src/point_cloud_circle_detector/src/plantplot_placement.cpp:[m[K In member function ‘[01m[Kvoid PointCloudCustomObjectMatcher::listener_callback(sensor_msgs::msg::PointCloud2_<std::allocator<void> >::SharedPtr)[m[K’:
[8.308s] [01m[K/home/buhrmann/ws_moveit/src/point_cloud_circle_detector/src/plantplot_placement.cpp:233:64:[m[K [01;31m[Kerror: [m[K‘[01m[KcreateMeshObject[m[K’ was not declared in this scope
[8.308s]   233 |             moveit_msgs::msg::CollisionObject sensor_station = [01;31m[KcreateMeshObject[m[K("Sensor_Station", stl_path, object_pose);
[8.308s]       |                                                                [01;31m[K^~~~~~~~~~~~~~~~[m[K
[14.953s] gmake[2]: *** [CMakeFiles/plantplot_placement.dir/build.make:76: CMakeFiles/plantplot_placement.dir/src/plantplot_placement.cpp.o] Error 1
[14.953s] gmake[1]: *** [CMakeFiles/Makefile2:529: CMakeFiles/plantplot_placement.dir/all] Error 2
[14.953s] gmake: *** [Makefile:146: all] Error 2
[14.956s] Invoked command in '/home/buhrmann/ws_moveit/build/point_cloud_circle_detector' returned '2': CMAKE_PREFIX_PATH=${CMAKE_PREFIX_PATH}:/home/buhrmann/ws_moveit/install/ros2_azure_bridge:/home/buhrmann/ws_moveit/install/moveit_configs_utils:/opt/ros/iron /usr/bin/cmake --build /home/buhrmann/ws_moveit/build/point_cloud_circle_detector -- -j28 -l28
