[0.566s] Invoking command in '/home/buhrmann/ws_moveit/build/point_cloud_circle_detector': CMAKE_PREFIX_PATH=${CMAKE_PREFIX_PATH}:/home/buhrmann/ws_moveit/install/ros2_azure_bridge:/home/buhrmann/ws_moveit/install/moveit_configs_utils:/opt/ros/iron /usr/bin/cmake --build /home/buhrmann/ws_moveit/build/point_cloud_circle_detector -- -j28 -l28
[0.676s] [  7%] Built target point_cloud_cylinder_detector
[0.676s] [ 15%] Built target cup_segmentation_color
[0.677s] [ 23%] Built target point_cloud_circle_detector
[0.678s] [ 30%] Built target point_cloud_plantpot_edge_pfh_detector
[0.679s] [ 38%] Built target cup_pointcloud_segmentation_color
[0.679s] [ 46%] Built target hsv_color_filter
[0.680s] [ 53%] Built target rgb_edge_filter
[0.681s] [ 61%] Built target point_cloud_plantpot_detector
[0.683s] [ 69%] Built target point_cloud_plantpot_pfh_detector
[0.683s] [ 76%] Built target point_cloud_plantpot_ppf_detector
[0.685s] [ 84%] Built target image_based_hsv_color_filter
[0.685s] [ 88%] [32mBuilding CXX object CMakeFiles/plantplot_icp_conversion.dir/src/plantplot_icp_conversion.cpp.o[0m
[0.689s] [ 96%] Built target point_cloud_plantpot_rgb_edge_pfh_detector
[9.888s] [01m[K/home/buhrmann/ws_moveit/src/point_cloud_circle_detector/src/plantplot_icp_conversion.cpp:[m[K In member function ‘[01m[Kvoid PointCloudCustomObjectMatcher::listener_callback(sensor_msgs::msg::PointCloud2_<std::allocator<void> >::SharedPtr)[m[K’:
[9.889s] [01m[K/home/buhrmann/ws_moveit/src/point_cloud_circle_detector/src/plantplot_icp_conversion.cpp:198:9:[m[K [01;31m[Kerror: [m[K‘[01m[Kclass pcl::IterativeClosestPoint<pcl::PointXYZ, pcl::PointXYZ>[m[K’ has no member named ‘[01m[KsetInitialTransformation[m[K’; did you mean ‘[01m[KgetFinalTransformation[m[K’?
[9.889s]   198 |     icp.[01;31m[KsetInitialTransformation[m[K(initial_transform);
[9.889s]       |         [01;31m[K^~~~~~~~~~~~~~~~~~~~~~~~[m[K
[9.889s]       |         [32m[KgetFinalTransformation[m[K
[9.913s] [01m[K/home/buhrmann/ws_moveit/src/point_cloud_circle_detector/src/plantplot_icp_conversion.cpp:[m[K In member function ‘[01m[Kvoid PointCloudCustomObjectMatcher::filter_by_rgb(pcl::PointCloud<pcl::PointXYZRGB>::Ptr&, pcl::PointCloud<pcl::PointXYZRGB>::Ptr&)[m[K’:
[9.913s] [01m[K/home/buhrmann/ws_moveit/src/point_cloud_circle_detector/src/plantplot_icp_conversion.cpp:248:95:[m[K [01;35m[Kwarning: [m[Kcomparison is always true due to limited range of data type [[01;35m[K]8;;https://gcc.gnu.org/onlinedocs/gcc/Warning-Options.html#index-Wtype-limits-Wtype-limits]8;;[m[K]
[9.913s]   248 |             if (point.r >= 80 && point.r <= 155 && point.g >= 20 && point.g <= 100 && [01;35m[Kpoint.b >= 0[m[K && point.b <= 70)
[9.913s]       |                                                                                       [01;35m[K~~~~~~~~^~~~[m[K
[9.914s] [01m[K/home/buhrmann/ws_moveit/src/point_cloud_circle_detector/src/plantplot_icp_conversion.cpp:[m[K In member function ‘[01m[Kvoid PointCloudCustomObjectMatcher::overrideOrientationAndPlaceOnPlane(pcl::PointCloud<pcl::PointXYZ>::Ptr&)[m[K’:
[9.914s] [01m[K/home/buhrmann/ws_moveit/src/point_cloud_circle_detector/src/plantplot_icp_conversion.cpp:267:78:[m[K [01;35m[Kwarning: [m[Kunused parameter ‘[01m[Kcloud[m[K’ [[01;35m[K]8;;https://gcc.gnu.org/onlinedocs/gcc/Warning-Options.html#index-Wunused-parameter-Wunused-parameter]8;;[m[K]
[9.914s]   267 | void overrideOrientationAndPlaceOnPlane([01;35m[Kpcl::PointCloud<pcl::PointXYZ>::Ptr& cloud[m[K)
[9.914s]       |                                         [01;35m[K~~~~~~~~~~~~~~~~~~~~~~~~~~~~~~~~~~~~~^~~~~[m[K
[19.619s] gmake[2]: *** [CMakeFiles/plantplot_icp_conversion.dir/build.make:76: CMakeFiles/plantplot_icp_conversion.dir/src/plantplot_icp_conversion.cpp.o] Error 1
[19.620s] gmake[1]: *** [CMakeFiles/Makefile2:473: CMakeFiles/plantplot_icp_conversion.dir/all] Error 2
[19.620s] gmake: *** [Makefile:146: all] Error 2
[19.624s] Invoked command in '/home/buhrmann/ws_moveit/build/point_cloud_circle_detector' returned '2': CMAKE_PREFIX_PATH=${CMAKE_PREFIX_PATH}:/home/buhrmann/ws_moveit/install/ros2_azure_bridge:/home/buhrmann/ws_moveit/install/moveit_configs_utils:/opt/ros/iron /usr/bin/cmake --build /home/buhrmann/ws_moveit/build/point_cloud_circle_detector -- -j28 -l28
