[0.152s] Invoking command in '/home/buhrmann/ws_moveit/build/ur3_description_controller': CMAKE_PREFIX_PATH=${CMAKE_PREFIX_PATH}:/home/buhrmann/ws_moveit/install/moveit_configs_utils:/opt/ros/iron /usr/bin/cmake /home/buhrmann/ws_moveit/src/ur3_description_controller -DAMENT_CMAKE_SYMLINK_INSTALL=1 -DCMAKE_INSTALL_PREFIX=/home/buhrmann/ws_moveit/install/ur3_description_controller
[0.167s] -- Found ament_cmake: 2.0.7 (/opt/ros/iron/share/ament_cmake/cmake)
[0.261s] -- Override CMake install command with custom implementation using symlinks instead of copying resources
[0.323s] -- Configuring done
[0.327s] -- Generating done
[0.328s] -- Build files have been written to: /home/buhrmann/ws_moveit/build/ur3_description_controller
[0.333s] Invoked command in '/home/buhrmann/ws_moveit/build/ur3_description_controller' returned '0': CMAKE_PREFIX_PATH=${CMAKE_PREFIX_PATH}:/home/buhrmann/ws_moveit/install/moveit_configs_utils:/opt/ros/iron /usr/bin/cmake /home/buhrmann/ws_moveit/src/ur3_description_controller -DAMENT_CMAKE_SYMLINK_INSTALL=1 -DCMAKE_INSTALL_PREFIX=/home/buhrmann/ws_moveit/install/ur3_description_controller
[0.334s] Invoking command in '/home/buhrmann/ws_moveit/build/ur3_description_controller': CMAKE_PREFIX_PATH=${CMAKE_PREFIX_PATH}:/home/buhrmann/ws_moveit/install/moveit_configs_utils:/opt/ros/iron /usr/bin/cmake --build /home/buhrmann/ws_moveit/build/ur3_description_controller -- -j28 -l28
[0.366s] Invoked command in '/home/buhrmann/ws_moveit/build/ur3_description_controller' returned '0': CMAKE_PREFIX_PATH=${CMAKE_PREFIX_PATH}:/home/buhrmann/ws_moveit/install/moveit_configs_utils:/opt/ros/iron /usr/bin/cmake --build /home/buhrmann/ws_moveit/build/ur3_description_controller -- -j28 -l28
[0.368s] Invoking command in '/home/buhrmann/ws_moveit/build/ur3_description_controller': CMAKE_PREFIX_PATH=${CMAKE_PREFIX_PATH}:/home/buhrmann/ws_moveit/install/moveit_configs_utils:/opt/ros/iron /usr/bin/cmake --install /home/buhrmann/ws_moveit/build/ur3_description_controller
[0.374s] -- Install configuration: ""
[0.374s] -- Execute custom install script
[0.374s] -- Symlinking: /home/buhrmann/ws_moveit/install/ur3_description_controller/share/ur3_description_controller/launch/command
[0.379s] -- Symlinking: /home/buhrmann/ws_moveit/install/ur3_description_controller/share/ur3_description_controller/launch/command_namespaces
[0.384s] -- Symlinking: /home/buhrmann/ws_moveit/install/ur3_description_controller/share/ur3_description_controller/launch/ur5.launch.py
[0.391s] -- Symlinking: /home/buhrmann/ws_moveit/install/ur3_description_controller/share/ur3_description_controller/launch/ur_control.launch.py
[0.396s] -- Symlinking: /home/buhrmann/ws_moveit/install/ur3_description_controller/share/ur3_description_controller/launch/ur_control.namespace.launch .py
[0.402s] -- Symlinking: /home/buhrmann/ws_moveit/install/ur3_description_controller/share/ur3_description_controller/launch/ur_control.namespace.launch.py
[0.407s] -- Symlinking: /home/buhrmann/ws_moveit/install/ur3_description_controller/share/ur3_description_controller/config/my_robot_calibration.yaml
[0.412s] -- Symlinking: /home/buhrmann/ws_moveit/install/ur3_description_controller/share/ur3_description_controller/config/ur3/default_kinematics.yaml
[0.418s] -- Symlinking: /home/buhrmann/ws_moveit/install/ur3_description_controller/share/ur3_description_controller/config/ur3/joint_limits.yaml
[0.426s] -- Symlinking: /home/buhrmann/ws_moveit/install/ur3_description_controller/share/ur3_description_controller/config/ur3/physical_parameters.yaml
[0.435s] -- Symlinking: /home/buhrmann/ws_moveit/install/ur3_description_controller/share/ur3_description_controller/config/ur3/visual_parameters.yaml
[0.445s] -- Symlinking: /home/buhrmann/ws_moveit/install/ur3_description_controller/share/ur3_description_controller/config/ur_controllers.yaml
[0.454s] -- Symlinking: /home/buhrmann/ws_moveit/install/ur3_description_controller/share/ur3_description_controller/config/ur_namespace_controllers.yaml
[0.460s] -- Symlinking: /home/buhrmann/ws_moveit/install/ur3_description_controller/share/ur3_description_controller/urdf/ur.urdf.xacro
[0.466s] -- Symlinking: /home/buhrmann/ws_moveit/install/ur3_description_controller/share/ament_index/resource_index/package_run_dependencies/ur3_description_controller
[0.472s] -- Symlinking: /home/buhrmann/ws_moveit/install/ur3_description_controller/share/ament_index/resource_index/parent_prefix_path/ur3_description_controller
[0.477s] -- Symlinking: /home/buhrmann/ws_moveit/install/ur3_description_controller/share/ur3_description_controller/environment/ament_prefix_path.sh
[0.483s] -- Symlinking: /home/buhrmann/ws_moveit/install/ur3_description_controller/share/ur3_description_controller/environment/ament_prefix_path.dsv
[0.493s] -- Symlinking: /home/buhrmann/ws_moveit/install/ur3_description_controller/share/ur3_description_controller/environment/path.sh
[0.502s] -- Symlinking: /home/buhrmann/ws_moveit/install/ur3_description_controller/share/ur3_description_controller/environment/path.dsv
[0.511s] -- Symlinking: /home/buhrmann/ws_moveit/install/ur3_description_controller/share/ur3_description_controller/local_setup.bash
[0.520s] -- Symlinking: /home/buhrmann/ws_moveit/install/ur3_description_controller/share/ur3_description_controller/local_setup.sh
[0.529s] -- Symlinking: /home/buhrmann/ws_moveit/install/ur3_description_controller/share/ur3_description_controller/local_setup.zsh
[0.540s] -- Symlinking: /home/buhrmann/ws_moveit/install/ur3_description_controller/share/ur3_description_controller/local_setup.dsv
[0.547s] -- Symlinking: /home/buhrmann/ws_moveit/install/ur3_description_controller/share/ur3_description_controller/package.dsv
[0.555s] -- Symlinking: /home/buhrmann/ws_moveit/install/ur3_description_controller/share/ament_index/resource_index/packages/ur3_description_controller
[0.566s] -- Symlinking: /home/buhrmann/ws_moveit/install/ur3_description_controller/share/ur3_description_controller/cmake/ur3_description_controllerConfig.cmake
[0.573s] -- Symlinking: /home/buhrmann/ws_moveit/install/ur3_description_controller/share/ur3_description_controller/cmake/ur3_description_controllerConfig-version.cmake
[0.582s] -- Symlinking: /home/buhrmann/ws_moveit/install/ur3_description_controller/share/ur3_description_controller/package.xml
[0.593s] Invoked command in '/home/buhrmann/ws_moveit/build/ur3_description_controller' returned '0': CMAKE_PREFIX_PATH=${CMAKE_PREFIX_PATH}:/home/buhrmann/ws_moveit/install/moveit_configs_utils:/opt/ros/iron /usr/bin/cmake --install /home/buhrmann/ws_moveit/build/ur3_description_controller
