[0.009s] Invoking command in '/home/buhrmann/ws_moveit/build/point_cloud_circle_detector': CMAKE_PREFIX_PATH=${CMAKE_PREFIX_PATH}:/home/buhrmann/ws_moveit/install/moveit_configs_utils:/opt/ros/iron /usr/bin/cmake --build /home/buhrmann/ws_moveit/build/point_cloud_circle_detector -- -j28 -l28
[0.033s] -- Found ament_cmake: 2.0.7 (/opt/ros/iron/share/ament_cmake/cmake)
[0.150s] -- Override CMake install command with custom implementation using symlinks instead of copying resources
[0.173s] -- Eigen found (include: /usr/include/eigen3, version: 3.4.0)
[0.215s] -- FLANN found (include: /usr/include, lib: /usr/lib/x86_64-linux-gnu/libflann_cpp.so)
[0.459s] -- OpenNI found (version: 1.5.4.0, include: /usr/include/ni, lib: /usr/lib/libOpenNI.so;libusb::libusb)
[0.463s] -- OpenNI2 found (version: 2.2.0.33, include: /usr/include/openni2, lib: /usr/lib/x86_64-linux-gnu/libOpenNI2.so;libusb::libusb)
[0.463s] [0m** WARNING ** io features related to pcap will be disabled[0m
[0.577s] -- Eigen found (include: /usr/include/eigen3, version: 3.4.0)
[0.582s] -- OpenNI found (version: 1.5.4.0, include: /usr/include/ni, lib: /usr/lib/libOpenNI.so;libusb::libusb)
[0.588s] -- OpenNI2 found (version: 2.2.0.33, include: /usr/include/openni2, lib: /usr/lib/x86_64-linux-gnu/libOpenNI2.so;libusb::libusb)
[0.710s] -- Found Qhull version 8.0.2
[0.816s] -- OpenNI found (version: 1.5.4.0, include: /usr/include/ni, lib: /usr/lib/libOpenNI.so;libusb::libusb)
[0.920s] -- looking for PCL_COMMON
[0.920s] -- looking for PCL_KDTREE
[0.920s] -- looking for PCL_OCTREE
[0.920s] -- looking for PCL_SEARCH
[0.920s] -- looking for PCL_SAMPLE_CONSENSUS
[0.920s] -- looking for PCL_FILTERS
[0.921s] -- looking for PCL_2D
[0.921s] -- looking for PCL_GEOMETRY
[0.921s] -- looking for PCL_IO
[0.921s] -- looking for PCL_FEATURES
[0.921s] -- looking for PCL_ML
[0.921s] -- looking for PCL_SEGMENTATION
[0.922s] -- looking for PCL_VISUALIZATION
[0.922s] -- looking for PCL_SURFACE
[0.922s] -- looking for PCL_REGISTRATION
[0.922s] -- looking for PCL_KEYPOINTS
[0.922s] -- looking for PCL_TRACKING
[0.923s] -- looking for PCL_RECOGNITION
[0.923s] -- looking for PCL_STEREO
[0.923s] -- looking for PCL_APPS
[0.923s] -- looking for PCL_IN_HAND_SCANNER
[0.923s] -- looking for PCL_MODELER
[0.924s] -- looking for PCL_POINT_CLOUD_EDITOR
[0.924s] -- looking for PCL_OUTOFCORE
[0.924s] -- looking for PCL_PEOPLE
[0.925s] [0mPCL Libraries: TESSSSt[0m
[0.925s] [0mPCL Libraries: pcl_common;pcl_kdtree;pcl_octree;pcl_search;pcl_sample_consensus;pcl_filters;pcl_io;pcl_features;pcl_ml;pcl_segmentation;pcl_visualization;pcl_surface;pcl_registration;pcl_keypoints;pcl_tracking;pcl_recognition;pcl_stereo;pcl_apps;pcl_outofcore;pcl_people;Boost::system;Boost::filesystem;Boost::date_time;Boost::iostreams;Boost::serialization;/usr/lib/libOpenNI.so;libusb::libusb;/usr/lib/x86_64-linux-gnu/libOpenNI2.so;libusb::libusb;VTK::ChartsCore;VTK::CommonColor;VTK::CommonComputationalGeometry;VTK::CommonCore;VTK::CommonDataModel;VTK::CommonExecutionModel;VTK::CommonMath;VTK::CommonMisc;VTK::CommonTransforms;VTK::FiltersCore;VTK::FiltersExtraction;VTK::FiltersGeneral;VTK::FiltersGeometry;VTK::FiltersModeling;VTK::FiltersSources;VTK::ImagingCore;VTK::ImagingSources;VTK::InteractionImage;VTK::InteractionStyle;VTK::InteractionWidgets;VTK::IOCore;VTK::IOGeometry;VTK::IOImage;VTK::IOLegacy;VTK::IOPLY;VTK::RenderingAnnotation;VTK::RenderingCore;VTK::RenderingContext2D;VTK::RenderingLOD;VTK::RenderingFreeType;VTK::ViewsCore;VTK::ViewsContext2D;VTK::RenderingOpenGL2;VTK::GUISupportQt;FLANN::FLANN;QHULL::QHULL[0m
[0.925s] -- Found sensor_msgs: 5.0.1 (/opt/ros/iron/share/sensor_msgs/cmake)
[0.934s] -- Found rosidl_generator_c: 4.0.1 (/opt/ros/iron/share/rosidl_generator_c/cmake)
[0.938s] -- Found rosidl_generator_cpp: 4.0.1 (/opt/ros/iron/share/rosidl_generator_cpp/cmake)
[0.946s] -- Using all available rosidl_typesupport_c: rosidl_typesupport_fastrtps_c;rosidl_typesupport_introspection_c
[0.954s] -- Using all available rosidl_typesupport_cpp: rosidl_typesupport_fastrtps_cpp;rosidl_typesupport_introspection_cpp
[1.052s] -- Found rclcpp: 21.0.8 (/opt/ros/iron/share/rclcpp/cmake)
[1.098s] -- Found rmw_implementation_cmake: 7.1.0 (/opt/ros/iron/share/rmw_implementation_cmake/cmake)
[1.101s] -- Found rmw_fastrtps_cpp: 7.1.4 (/opt/ros/iron/share/rmw_fastrtps_cpp/cmake)
[1.182s] -- Using RMW implementation 'rmw_fastrtps_cpp' as default
[1.264s] -- Found pcl_conversions: 2.5.4 (/opt/ros/iron/share/pcl_conversions/cmake)
[1.609s] -- Found ament_lint_auto: 0.14.4 (/opt/ros/iron/share/ament_lint_auto/cmake)
[1.644s] -- Added test 'cppcheck' to perform static code analysis on C / C++ code
[1.644s] -- Configured cppcheck include dirs: 
[1.644s] -- Configured cppcheck exclude dirs and/or files: 
[1.644s] -- Added test 'lint_cmake' to check CMake code style
[1.644s] -- Added test 'uncrustify' to check C / C++ code style
[1.644s] -- Configured uncrustify additional arguments: 
[1.644s] -- Added test 'xmllint' to check XML markup files
[1.645s] -- Configuring done
[1.675s] -- Generating done
[1.683s] -- Build files have been written to: /home/buhrmann/ws_moveit/build/point_cloud_circle_detector
[1.712s] [35m[1mConsolidate compiler generated dependencies of target point_cloud_circle_detector[0m
[1.712s] [35m[1mConsolidate compiler generated dependencies of target point_cloud_cylinder_detector[0m
[1.712s] [35m[1mConsolidate compiler generated dependencies of target point_cloud_plantpot_detector[0m
[1.732s] [ 33%] Built target point_cloud_circle_detector
[1.732s] [ 66%] Built target point_cloud_cylinder_detector
[1.734s] [100%] Built target point_cloud_plantpot_detector
[1.744s] Invoked command in '/home/buhrmann/ws_moveit/build/point_cloud_circle_detector' returned '0': CMAKE_PREFIX_PATH=${CMAKE_PREFIX_PATH}:/home/buhrmann/ws_moveit/install/moveit_configs_utils:/opt/ros/iron /usr/bin/cmake --build /home/buhrmann/ws_moveit/build/point_cloud_circle_detector -- -j28 -l28
[1.752s] Invoking command in '/home/buhrmann/ws_moveit/build/point_cloud_circle_detector': CMAKE_PREFIX_PATH=${CMAKE_PREFIX_PATH}:/home/buhrmann/ws_moveit/install/moveit_configs_utils:/opt/ros/iron /usr/bin/cmake --install /home/buhrmann/ws_moveit/build/point_cloud_circle_detector
[1.756s] -- Install configuration: ""
[1.757s] -- Execute custom install script
[1.757s] -- Up-to-date symlink: /home/buhrmann/ws_moveit/install/point_cloud_circle_detector/lib/point_cloud_circle_detector/point_cloud_circle_detector
[1.757s] -- Up-to-date symlink: /home/buhrmann/ws_moveit/install/point_cloud_circle_detector/lib/point_cloud_circle_detector/point_cloud_cylinder_detector
[1.757s] -- Up-to-date symlink: /home/buhrmann/ws_moveit/install/point_cloud_circle_detector/lib/point_cloud_circle_detector/point_cloud_plantpot_detector
[1.757s] -- Up-to-date symlink: /home/buhrmann/ws_moveit/install/point_cloud_circle_detector/share/point_cloud_circle_detector/pcd/plantpod.pcd
[1.757s] -- Up-to-date symlink: /home/buhrmann/ws_moveit/install/point_cloud_circle_detector/share/point_cloud_circle_detector/pcd/plantpod_lesssamples.pcd
[1.757s] -- Up-to-date symlink: /home/buhrmann/ws_moveit/install/point_cloud_circle_detector/share/ament_index/resource_index/package_run_dependencies/point_cloud_circle_detector
[1.758s] -- Up-to-date symlink: /home/buhrmann/ws_moveit/install/point_cloud_circle_detector/share/ament_index/resource_index/parent_prefix_path/point_cloud_circle_detector
[1.758s] -- Up-to-date symlink: /home/buhrmann/ws_moveit/install/point_cloud_circle_detector/share/point_cloud_circle_detector/environment/ament_prefix_path.sh
[1.758s] -- Up-to-date symlink: /home/buhrmann/ws_moveit/install/point_cloud_circle_detector/share/point_cloud_circle_detector/environment/ament_prefix_path.dsv
[1.758s] -- Up-to-date symlink: /home/buhrmann/ws_moveit/install/point_cloud_circle_detector/share/point_cloud_circle_detector/environment/path.sh
[1.758s] -- Up-to-date symlink: /home/buhrmann/ws_moveit/install/point_cloud_circle_detector/share/point_cloud_circle_detector/environment/path.dsv
[1.758s] -- Up-to-date symlink: /home/buhrmann/ws_moveit/install/point_cloud_circle_detector/share/point_cloud_circle_detector/local_setup.bash
[1.758s] -- Up-to-date symlink: /home/buhrmann/ws_moveit/install/point_cloud_circle_detector/share/point_cloud_circle_detector/local_setup.sh
[1.758s] -- Up-to-date symlink: /home/buhrmann/ws_moveit/install/point_cloud_circle_detector/share/point_cloud_circle_detector/local_setup.zsh
[1.758s] -- Up-to-date symlink: /home/buhrmann/ws_moveit/install/point_cloud_circle_detector/share/point_cloud_circle_detector/local_setup.dsv
[1.758s] -- Symlinking: /home/buhrmann/ws_moveit/install/point_cloud_circle_detector/share/point_cloud_circle_detector/package.dsv
[1.767s] -- Up-to-date symlink: /home/buhrmann/ws_moveit/install/point_cloud_circle_detector/share/ament_index/resource_index/packages/point_cloud_circle_detector
[1.768s] -- Up-to-date symlink: /home/buhrmann/ws_moveit/install/point_cloud_circle_detector/share/point_cloud_circle_detector/cmake/point_cloud_circle_detectorConfig.cmake
[1.768s] -- Up-to-date symlink: /home/buhrmann/ws_moveit/install/point_cloud_circle_detector/share/point_cloud_circle_detector/cmake/point_cloud_circle_detectorConfig-version.cmake
[1.768s] -- Up-to-date symlink: /home/buhrmann/ws_moveit/install/point_cloud_circle_detector/share/point_cloud_circle_detector/package.xml
[1.769s] Invoked command in '/home/buhrmann/ws_moveit/build/point_cloud_circle_detector' returned '0': CMAKE_PREFIX_PATH=${CMAKE_PREFIX_PATH}:/home/buhrmann/ws_moveit/install/moveit_configs_utils:/opt/ros/iron /usr/bin/cmake --install /home/buhrmann/ws_moveit/build/point_cloud_circle_detector
