[  1%] Built target cartesian_limits_parameters
[  3%] Built target gtest_main
[  6%] Built target gtest
[  8%] Built target gmock_main
[ 12%] Built target gmock
[ 15%] Built target planning_context_loader_base
[ 21%] Built target joint_limits_common
[ 26%] Built target trajectory_generation_common
[ 28%] Built target unittest_joint_limits_container
[ 31%] Built target unittest_joint_limits_validator
[ 33%] Built target unittest_joint_limit
[ 36%] Built target pilz_industrial_motion_planner_test_utils
[ 41%] Built target planning_context_loader_ptp
[ 46%] Built target planning_context_loader_lin
[ 48%] Built target unittest_joint_limits_aggregator
[ 52%] Built target command_list_manager
[ 55%] Built target pilz_industrial_motion_planner
[ 60%] Built target planning_context_loader_circ
[ 62%] Built target unittest_trajectory_generator_ptp
[ 65%] Built target unittest_trajectory_generator_lin
[ 67%] Built target unittest_trajectory_functions
[ 70%] Built target unittest_pilz_industrial_motion_planner_direct
[ 72%] Built target unittest_get_solver_tip_frame
[ 76%] Built target unittest_velocity_profile_atrap
[ 78%] Built target unittest_trajectory_generator_common
[ 81%] Built target unittest_planning_context
[ 87%] Built target unittest_pilz_industrial_motion_planner
[ 87%] Built target unittest_trajectory_blender_transition_window
[ 92%] Built target unittest_planning_context_loaders
[ 93%] Built target unittest_trajectory_generator
[ 97%] Built target sequence_capability
[100%] Built target unittest_trajectory_generator_circ
