[0.007s] Invoking command in '/home/buhrmann/ws_moveit/build/serial': CMAKE_PREFIX_PATH=${CMAKE_PREFIX_PATH}:/home/buhrmann/ws_moveit/install/moveit_configs_utils:/opt/ros/iron /usr/bin/cmake /home/buhrmann/ws_moveit/src/serial -DCMAKE_INSTALL_PREFIX=/home/buhrmann/ws_moveit/install/serial
[0.088s] -- The C compiler identification is GNU 11.4.0
[0.148s] -- The CXX compiler identification is GNU 11.4.0
[0.152s] -- Detecting C compiler ABI info
[0.238s] -- Detecting C compiler ABI info - done
[0.243s] -- Check for working C compiler: /usr/bin/cc - skipped
[0.244s] -- Detecting C compile features
[0.244s] -- Detecting C compile features - done
[0.245s] -- Detecting CXX compiler ABI info
[0.322s] -- Detecting CXX compiler ABI info - done
[0.330s] -- Check for working CXX compiler: /usr/bin/c++ - skipped
[0.331s] -- Detecting CXX compile features
[0.332s] -- Detecting CXX compile features - done
[0.336s] -- Found ament_cmake: 2.0.7 (/opt/ros/iron/share/ament_cmake/cmake)
[0.475s] -- Found Python3: /usr/bin/python3.10 (found version "3.10.12") found components: Interpreter 
[0.566s] -- Configuring done
[0.568s] -- Generating done
[0.569s] -- Build files have been written to: /home/buhrmann/ws_moveit/build/serial
[0.571s] Invoked command in '/home/buhrmann/ws_moveit/build/serial' returned '0': CMAKE_PREFIX_PATH=${CMAKE_PREFIX_PATH}:/home/buhrmann/ws_moveit/install/moveit_configs_utils:/opt/ros/iron /usr/bin/cmake /home/buhrmann/ws_moveit/src/serial -DCMAKE_INSTALL_PREFIX=/home/buhrmann/ws_moveit/install/serial
[0.572s] Invoking command in '/home/buhrmann/ws_moveit/build/serial': CMAKE_PREFIX_PATH=${CMAKE_PREFIX_PATH}:/home/buhrmann/ws_moveit/install/moveit_configs_utils:/opt/ros/iron /usr/bin/cmake --build /home/buhrmann/ws_moveit/build/serial -- -j28 -l28
[0.619s] [ 25%] [32mBuilding CXX object CMakeFiles/serial.dir/src/serial.cc.o[0m
[0.621s] [ 75%] [32mBuilding CXX object CMakeFiles/serial.dir/src/impl/list_ports/list_ports_linux.cc.o[0m
[0.621s] [ 75%] [32mBuilding CXX object CMakeFiles/serial.dir/src/impl/unix.cc.o[0m
[0.857s] [100%] [32m[1mLinking CXX static library libserial.a[0m
[0.907s] [100%] Built target serial
[0.918s] Invoked command in '/home/buhrmann/ws_moveit/build/serial' returned '0': CMAKE_PREFIX_PATH=${CMAKE_PREFIX_PATH}:/home/buhrmann/ws_moveit/install/moveit_configs_utils:/opt/ros/iron /usr/bin/cmake --build /home/buhrmann/ws_moveit/build/serial -- -j28 -l28
[0.920s] Invoking command in '/home/buhrmann/ws_moveit/build/serial': CMAKE_PREFIX_PATH=${CMAKE_PREFIX_PATH}:/home/buhrmann/ws_moveit/install/moveit_configs_utils:/opt/ros/iron /usr/bin/cmake --install /home/buhrmann/ws_moveit/build/serial
[0.928s] -- Install configuration: ""
[0.928s] -- Installing: /home/buhrmann/ws_moveit/install/serial/lib/libserial.a
[0.929s] -- Installing: /home/buhrmann/ws_moveit/install/serial/include
[0.929s] -- Installing: /home/buhrmann/ws_moveit/install/serial/include/serial
[0.929s] -- Installing: /home/buhrmann/ws_moveit/install/serial/include/serial/serial.h
[0.929s] -- Installing: /home/buhrmann/ws_moveit/install/serial/include/serial/v8stdint.h
[0.929s] -- Installing: /home/buhrmann/ws_moveit/install/serial/include/serial/impl
[0.929s] -- Installing: /home/buhrmann/ws_moveit/install/serial/include/serial/impl/win.h
[0.929s] -- Installing: /home/buhrmann/ws_moveit/install/serial/include/serial/impl/unix.h
[0.929s] -- Installing: /home/buhrmann/ws_moveit/install/serial/share/serial/environment/library_path.sh
[0.929s] -- Installing: /home/buhrmann/ws_moveit/install/serial/share/serial/environment/library_path.dsv
[0.929s] -- Installing: /home/buhrmann/ws_moveit/install/serial/share/ament_index/resource_index/package_run_dependencies/serial
[0.929s] -- Installing: /home/buhrmann/ws_moveit/install/serial/share/ament_index/resource_index/parent_prefix_path/serial
[0.929s] -- Installing: /home/buhrmann/ws_moveit/install/serial/share/serial/environment/ament_prefix_path.sh
[0.929s] -- Installing: /home/buhrmann/ws_moveit/install/serial/share/serial/environment/ament_prefix_path.dsv
[0.929s] -- Installing: /home/buhrmann/ws_moveit/install/serial/share/serial/environment/path.sh
[0.929s] -- Installing: /home/buhrmann/ws_moveit/install/serial/share/serial/environment/path.dsv
[0.930s] -- Installing: /home/buhrmann/ws_moveit/install/serial/share/serial/local_setup.bash
[0.930s] -- Installing: /home/buhrmann/ws_moveit/install/serial/share/serial/local_setup.sh
[0.930s] -- Installing: /home/buhrmann/ws_moveit/install/serial/share/serial/local_setup.zsh
[0.930s] -- Installing: /home/buhrmann/ws_moveit/install/serial/share/serial/local_setup.dsv
[0.930s] -- Installing: /home/buhrmann/ws_moveit/install/serial/share/serial/package.dsv
[0.930s] -- Installing: /home/buhrmann/ws_moveit/install/serial/share/ament_index/resource_index/packages/serial
[0.930s] -- Installing: /home/buhrmann/ws_moveit/install/serial/share/serial/cmake/export_serialExport.cmake
[0.930s] -- Installing: /home/buhrmann/ws_moveit/install/serial/share/serial/cmake/export_serialExport-noconfig.cmake
[0.930s] -- Installing: /home/buhrmann/ws_moveit/install/serial/share/serial/cmake/ament_cmake_export_include_directories-extras.cmake
[0.930s] -- Installing: /home/buhrmann/ws_moveit/install/serial/share/serial/cmake/ament_cmake_export_libraries-extras.cmake
[0.930s] -- Installing: /home/buhrmann/ws_moveit/install/serial/share/serial/cmake/ament_cmake_export_targets-extras.cmake
[0.930s] -- Installing: /home/buhrmann/ws_moveit/install/serial/share/serial/cmake/serialConfig.cmake
[0.930s] -- Installing: /home/buhrmann/ws_moveit/install/serial/share/serial/cmake/serialConfig-version.cmake
[0.930s] -- Installing: /home/buhrmann/ws_moveit/install/serial/share/serial/package.xml
[0.931s] Invoked command in '/home/buhrmann/ws_moveit/build/serial' returned '0': CMAKE_PREFIX_PATH=${CMAKE_PREFIX_PATH}:/home/buhrmann/ws_moveit/install/moveit_configs_utils:/opt/ros/iron /usr/bin/cmake --install /home/buhrmann/ws_moveit/build/serial
