[0.009s] Invoking command in '/home/buhrmann/ws_moveit/build/point_cloud_circle_detector': CMAKE_PREFIX_PATH=${CMAKE_PREFIX_PATH}:/home/buhrmann/ws_moveit/install/moveit_configs_utils:/opt/ros/iron /usr/bin/cmake --build /home/buhrmann/ws_moveit/build/point_cloud_circle_detector -- -j28 -l28
[0.038s] -- Found ament_cmake: 2.0.7 (/opt/ros/iron/share/ament_cmake/cmake)
[0.103s] -- Found Python3: /usr/bin/python3.10 (found version "3.10.12") found components: Interpreter 
[0.140s] -- Override CMake install command with custom implementation using symlinks instead of copying resources
[0.190s] -- FLANN found (include: /usr/include, lib: /usr/lib/x86_64-linux-gnu/libflann_cpp.so)
[0.197s] -- Could NOT find Pcap (missing: PCAP_LIBRARIES PCAP_INCLUDE_DIRS) 
[0.197s] [0m** WARNING ** io features related to pcap will be disabled[0m
[0.257s] -- Found Python3: /usr/bin/python3.10 (found suitable version "3.10.12", minimum required is "3.10") found components: Interpreter Development.Module Development.Embed 
[0.703s] [0m** WARNING **  features related to /opt/ros/iron/lib/libpcl_msgs__rosidl_typesupport_fastrtps_cpp.so will be disabled[0m
[0.714s] -- Found Qhull version 8.0.2
[1.216s] [0m** WARNING **  features related to /opt/ros/iron/lib/libpcl_msgs__rosidl_typesupport_fastrtps_cpp.so will be disabled[0m
[1.220s] -- looking for PCL_COMMON
[1.220s] -- looking for PCL_KDTREE
[1.220s] -- looking for PCL_OCTREE
[1.221s] -- looking for PCL_SEARCH
[1.221s] -- looking for PCL_SAMPLE_CONSENSUS
[1.221s] -- looking for PCL_FILTERS
[1.221s] -- looking for PCL_2D
[1.221s] -- looking for PCL_GEOMETRY
[1.221s] -- looking for PCL_IO
[1.221s] -- looking for PCL_FEATURES
[1.222s] -- looking for PCL_ML
[1.222s] -- looking for PCL_SEGMENTATION
[1.222s] -- looking for PCL_SURFACE
[1.222s] -- looking for PCL_REGISTRATION
[1.222s] -- looking for PCL_KEYPOINTS
[1.222s] -- looking for PCL_TRACKING
[1.223s] -- looking for PCL_RECOGNITION
[1.223s] -- looking for PCL_STEREO
[1.223s] [0mPCL Libraries: TESSSSt[0m
[1.223s] [0mPCL Libraries: /usr/local/share/pcl-1.14[0m
[1.223s] [0mPCL Libraries: pcl_common;pcl_kdtree;pcl_octree;pcl_search;pcl_sample_consensus;pcl_filters;pcl_io;pcl_features;pcl_ml;pcl_segmentation;pcl_surface;pcl_registration;pcl_keypoints;pcl_tracking;pcl_recognition;pcl_stereo;Boost::system;Boost::iostreams;Boost::filesystem;Boost::serialization;FLANN::FLANN;QHULL::QHULL[0m
[1.223s] [0mPCL Libraries: /usr/lib/x86_64-linux-gnu/cmake/vtk-9.1[0m
[1.223s] -- Found sensor_msgs: 5.0.1 (/opt/ros/iron/share/sensor_msgs/cmake)
[1.233s] -- Found rosidl_generator_c: 4.0.1 (/opt/ros/iron/share/rosidl_generator_c/cmake)
[1.237s] -- Found rosidl_generator_cpp: 4.0.1 (/opt/ros/iron/share/rosidl_generator_cpp/cmake)
[1.244s] -- Using all available rosidl_typesupport_c: rosidl_typesupport_fastrtps_c;rosidl_typesupport_introspection_c
[1.253s] -- Using all available rosidl_typesupport_cpp: rosidl_typesupport_fastrtps_cpp;rosidl_typesupport_introspection_cpp
[1.349s] -- Found rclcpp: 21.0.8 (/opt/ros/iron/share/rclcpp/cmake)
[1.395s] -- Found rmw_implementation_cmake: 7.1.0 (/opt/ros/iron/share/rmw_implementation_cmake/cmake)
[1.397s] -- Found rmw_fastrtps_cpp: 7.1.4 (/opt/ros/iron/share/rmw_fastrtps_cpp/cmake)
[1.492s] -- Using RMW implementation 'rmw_fastrtps_cpp' as default
[1.579s] -- Found pcl_conversions: 2.5.4 (/opt/ros/iron/share/pcl_conversions/cmake)
[1.950s] -- Found ament_lint_auto: 0.14.4 (/opt/ros/iron/share/ament_lint_auto/cmake)
[1.989s] -- Configuring done
[2.017s] -- Generating done
[2.024s] -- Build files have been written to: /home/buhrmann/ws_moveit/build/point_cloud_circle_detector
[2.053s] [35m[1mConsolidate compiler generated dependencies of target point_cloud_cylinder_detector[0m
[2.053s] [35m[1mConsolidate compiler generated dependencies of target point_cloud_circle_detector[0m
[2.053s] [35m[1mConsolidate compiler generated dependencies of target point_cloud_plantpot_ppf_detector[0m
[2.053s] [35m[1mConsolidate compiler generated dependencies of target point_cloud_plantpot_detector[0m
[2.070s] [ 25%] Built target point_cloud_plantpot_detector
[2.070s] [ 62%] Built target point_cloud_circle_detector
[2.070s] [ 75%] Built target point_cloud_cylinder_detector
[2.073s] [ 87%] [32m[1mLinking CXX executable point_cloud_plantpot_ppf_detector[0m
[2.895s] /usr/bin/ld: CMakeFiles/point_cloud_plantpot_ppf_detector.dir/src/point_cloud_plantpot_ppf_detector.cpp.o: in function `PointCloudCustomObjectMatcher::listener_callback(std::shared_ptr<sensor_msgs::msg::PointCloud2_<std::allocator<void> > >)':
[2.895s] point_cloud_plantpot_ppf_detector.cpp:(.text._ZN29PointCloudCustomObjectMatcher17listener_callbackESt10shared_ptrIN11sensor_msgs3msg12PointCloud2_ISaIvEEEE[_ZN29PointCloudCustomObjectMatcher17listener_callbackESt10shared_ptrIN11sensor_msgs3msg12PointCloud2_ISaIvEEEE]+0xfc9): undefined reference to `pcl::PPFEstimation<pcl::PointXYZ, pcl::PointXYZ, pcl::PPFSignature>::PPFEstimation()'
[2.895s] /usr/bin/ld: point_cloud_plantpot_ppf_detector.cpp:(.text._ZN29PointCloudCustomObjectMatcher17listener_callbackESt10shared_ptrIN11sensor_msgs3msg12PointCloud2_ISaIvEEEE[_ZN29PointCloudCustomObjectMatcher17listener_callbackESt10shared_ptrIN11sensor_msgs3msg12PointCloud2_ISaIvEEEE]+0x12f6): undefined reference to `pcl::PPFEstimation<pcl::PointXYZ, pcl::PointXYZ, pcl::PPFSignature>::PPFEstimation()'
[2.898s] /usr/bin/ld: CMakeFiles/point_cloud_plantpot_ppf_detector.dir/src/point_cloud_plantpot_ppf_detector.cpp.o:(.data.rel.ro._ZTVN3pcl13PPFEstimationINS_8PointXYZES1_NS_12PPFSignatureEEE[_ZTVN3pcl13PPFEstimationINS_8PointXYZES1_NS_12PPFSignatureEEE]+0x58): undefined reference to `pcl::PPFEstimation<pcl::PointXYZ, pcl::PointXYZ, pcl::PPFSignature>::computeFeature(pcl::PointCloud<pcl::PPFSignature>&)'
[2.929s] collect2: error: ld returned 1 exit status
[2.930s] gmake[2]: *** [CMakeFiles/point_cloud_plantpot_ppf_detector.dir/build.make:264: point_cloud_plantpot_ppf_detector] Error 1
[2.930s] gmake[1]: *** [CMakeFiles/Makefile2:221: CMakeFiles/point_cloud_plantpot_ppf_detector.dir/all] Error 2
[2.931s] gmake: *** [Makefile:146: all] Error 2
[2.933s] Invoked command in '/home/buhrmann/ws_moveit/build/point_cloud_circle_detector' returned '2': CMAKE_PREFIX_PATH=${CMAKE_PREFIX_PATH}:/home/buhrmann/ws_moveit/install/moveit_configs_utils:/opt/ros/iron /usr/bin/cmake --build /home/buhrmann/ws_moveit/build/point_cloud_circle_detector -- -j28 -l28
