[0.238s] Invoking command in '/home/buhrmann/ws_moveit/build/picknik_accessories': CMAKE_PREFIX_PATH=/home/buhrmann/ws_moveit/install/robotiq_description:/home/buhrmann/ws_moveit/install/ur5_moveit_test:/home/buhrmann/ws_moveit/install/ur5_camera_moveit_config2:/home/buhrmann/ws_moveit/install/ur5_camera_moveit_config:/home/buhrmann/ws_moveit/install/ur5_description_controller:/home/buhrmann/ws_moveit/install/ur3_camera_moveit_config:/home/buhrmann/ws_moveit/install/ur3_description_controller:/home/buhrmann/ws_moveit/install/robotiq_hardware_tests:/home/buhrmann/ws_moveit/install/robotiq_driver:/home/buhrmann/ws_moveit/install/serial:/home/buhrmann/ws_moveit/install/moveit2_tutorials:/home/buhrmann/ws_moveit/install/moveit_visual_tools:/home/buhrmann/ws_moveit/install/rviz_visual_tools:/home/buhrmann/ws_moveit/install/moveit_task_constructor_visualization:/home/buhrmann/ws_moveit/install/moveit_task_constructor_demo:/home/buhrmann/ws_moveit/install/moveit_task_constructor_capabilities:/home/buhrmann/ws_moveit/install/moveit_task_constructor_core:/home/buhrmann/ws_moveit/install/rviz_marker_tools:/home/buhrmann/ws_moveit/install/picknik_accessories:/home/buhrmann/ws_moveit/install/kortex_bringup:/home/buhrmann/ws_moveit/install/kinova_gen3_lite_moveit_config:/home/buhrmann/ws_moveit/install/kinova_gen3_7dof_robotiq_2f_85_moveit_config:/home/buhrmann/ws_moveit/install/kinova_gen3_6dof_robotiq_2f_85_moveit_config:/home/buhrmann/ws_moveit/install/kortex_description:/home/buhrmann/ws_moveit/install/robotiq_controllers:/home/buhrmann/ws_moveit/install/ppf_test_pkg:/home/buhrmann/ws_moveit/install/point_cloud_circle_detector:/home/buhrmann/ws_moveit/install/pilz_industrial_motion_planner_testutils:/home/buhrmann/ws_moveit/install/moveit_runtime:/home/buhrmann/ws_moveit/install/moveit:/home/buhrmann/ws_moveit/install/moveit_planners:/home/buhrmann/ws_moveit/install/pilz_industrial_motion_planner:/home/buhrmann/ws_moveit/install/pick_ik:/home/buhrmann/ws_moveit/install/object_detection_pcl:/home/buhrmann/ws_moveit/install/object_detection:/home/buhrmann/ws_moveit/install/object_creation:/home/buhrmann/ws_moveit/install/moveit_task_constructor_msgs:/home/buhrmann/ws_moveit/install/moveit_ros_control_interface:/home/buhrmann/ws_moveit/install/moveit_plugins:/home/buhrmann/ws_moveit/install/moveit_simple_controller_manager:/home/buhrmann/ws_moveit/install/moveit_setup_assistant:/home/buhrmann/ws_moveit/install/moveit_setup_srdf_plugins:/home/buhrmann/ws_moveit/install/moveit_setup_core_plugins:/home/buhrmann/ws_moveit/install/moveit_setup_controllers:/home/buhrmann/ws_moveit/install/moveit_setup_app_plugins:/home/buhrmann/ws_moveit/install/moveit_setup_framework:/home/buhrmann/ws_moveit/install/moveit_servo:/home/buhrmann/ws_moveit/install/moveit_ros_trajectory_cache:/home/buhrmann/ws_moveit/install/moveit_ros:/home/buhrmann/ws_moveit/install/moveit_ros_visualization:/home/buhrmann/ws_moveit/install/moveit_py:/home/buhrmann/ws_moveit/install/moveit_hybrid_planning:/home/buhrmann/ws_moveit/install/edit_planning_scene:/home/buhrmann/ws_moveit/install/moveit_ros_planning_interface:/home/buhrmann/ws_moveit/install/moveit_ros_benchmarks:/home/buhrmann/ws_moveit/install/moveit_ros_warehouse:/home/buhrmann/ws_moveit/install/moveit_ros_robot_interaction:/home/buhrmann/ws_moveit/install/moveit_ros_perception:/home/buhrmann/ws_moveit/install/moveit_resources_prbt_pg70_support:/home/buhrmann/ws_moveit/install/moveit_resources_prbt_moveit_config:/home/buhrmann/ws_moveit/install/moveit_ros_move_group:/home/buhrmann/ws_moveit/install/moveit_planners_ompl:/home/buhrmann/ws_moveit/install/moveit_kinematics:/home/buhrmann/ws_moveit/install/moveit_ros_planning:/home/buhrmann/ws_moveit/install/moveit_ros_occupancy_map_monitor:/home/buhrmann/ws_moveit/install/moveit_resources_prbt_support:/home/buhrmann/ws_moveit/install/moveit_resources_prbt_ikfast_manipulator_plugin:/home/buhrmann/ws_moveit/install/moveit_resources:/home/buhrmann/ws_moveit/install/moveit_resources_pr2_description:/home/buhrmann/ws_moveit/install/moveit_resources_panda_moveit_config:/home/buhrmann/ws_moveit/install/dual_arm_panda_moveit_config:/home/buhrmann/ws_moveit/install/moveit_resources_panda_description:/home/buhrmann/ws_moveit/install/moveit_resources_fanuc_moveit_config:/home/buhrmann/ws_moveit/install/moveit_resources_fanuc_description:/home/buhrmann/ws_moveit/install/moveit_planners_stomp:/home/buhrmann/ws_moveit/install/moveit_planners_chomp:/home/buhrmann/ws_moveit/install/chomp_motion_planner:/home/buhrmann/ws_moveit/install/moveit_core:/home/buhrmann/ws_moveit/install/moveit_msgs:/home/buhrmann/ws_moveit/install/moveit_common:/home/buhrmann/ws_moveit/install/kortex_driver:/home/buhrmann/ws_moveit/install/kortex_api:/home/buhrmann/ws_moveit/install/common_services_package:/home/buhrmann/ws_moveit/install/ros2_azure_bridge:/home/buhrmann/ws_moveit/install/moveit_configs_utils:/opt/ros/iron /usr/bin/cmake --build /home/buhrmann/ws_moveit/build/picknik_accessories -- -j28 -l28
[0.401s] Invoked command in '/home/buhrmann/ws_moveit/build/picknik_accessories' returned '0': CMAKE_PREFIX_PATH=/home/buhrmann/ws_moveit/install/robotiq_description:/home/buhrmann/ws_moveit/install/ur5_moveit_test:/home/buhrmann/ws_moveit/install/ur5_camera_moveit_config2:/home/buhrmann/ws_moveit/install/ur5_camera_moveit_config:/home/buhrmann/ws_moveit/install/ur5_description_controller:/home/buhrmann/ws_moveit/install/ur3_camera_moveit_config:/home/buhrmann/ws_moveit/install/ur3_description_controller:/home/buhrmann/ws_moveit/install/robotiq_hardware_tests:/home/buhrmann/ws_moveit/install/robotiq_driver:/home/buhrmann/ws_moveit/install/serial:/home/buhrmann/ws_moveit/install/moveit2_tutorials:/home/buhrmann/ws_moveit/install/moveit_visual_tools:/home/buhrmann/ws_moveit/install/rviz_visual_tools:/home/buhrmann/ws_moveit/install/moveit_task_constructor_visualization:/home/buhrmann/ws_moveit/install/moveit_task_constructor_demo:/home/buhrmann/ws_moveit/install/moveit_task_constructor_capabilities:/home/buhrmann/ws_moveit/install/moveit_task_constructor_core:/home/buhrmann/ws_moveit/install/rviz_marker_tools:/home/buhrmann/ws_moveit/install/picknik_accessories:/home/buhrmann/ws_moveit/install/kortex_bringup:/home/buhrmann/ws_moveit/install/kinova_gen3_lite_moveit_config:/home/buhrmann/ws_moveit/install/kinova_gen3_7dof_robotiq_2f_85_moveit_config:/home/buhrmann/ws_moveit/install/kinova_gen3_6dof_robotiq_2f_85_moveit_config:/home/buhrmann/ws_moveit/install/kortex_description:/home/buhrmann/ws_moveit/install/robotiq_controllers:/home/buhrmann/ws_moveit/install/ppf_test_pkg:/home/buhrmann/ws_moveit/install/point_cloud_circle_detector:/home/buhrmann/ws_moveit/install/pilz_industrial_motion_planner_testutils:/home/buhrmann/ws_moveit/install/moveit_runtime:/home/buhrmann/ws_moveit/install/moveit:/home/buhrmann/ws_moveit/install/moveit_planners:/home/buhrmann/ws_moveit/install/pilz_industrial_motion_planner:/home/buhrmann/ws_moveit/install/pick_ik:/home/buhrmann/ws_moveit/install/object_detection_pcl:/home/buhrmann/ws_moveit/install/object_detection:/home/buhrmann/ws_moveit/install/object_creation:/home/buhrmann/ws_moveit/install/moveit_task_constructor_msgs:/home/buhrmann/ws_moveit/install/moveit_ros_control_interface:/home/buhrmann/ws_moveit/install/moveit_plugins:/home/buhrmann/ws_moveit/install/moveit_simple_controller_manager:/home/buhrmann/ws_moveit/install/moveit_setup_assistant:/home/buhrmann/ws_moveit/install/moveit_setup_srdf_plugins:/home/buhrmann/ws_moveit/install/moveit_setup_core_plugins:/home/buhrmann/ws_moveit/install/moveit_setup_controllers:/home/buhrmann/ws_moveit/install/moveit_setup_app_plugins:/home/buhrmann/ws_moveit/install/moveit_setup_framework:/home/buhrmann/ws_moveit/install/moveit_servo:/home/buhrmann/ws_moveit/install/moveit_ros_trajectory_cache:/home/buhrmann/ws_moveit/install/moveit_ros:/home/buhrmann/ws_moveit/install/moveit_ros_visualization:/home/buhrmann/ws_moveit/install/moveit_py:/home/buhrmann/ws_moveit/install/moveit_hybrid_planning:/home/buhrmann/ws_moveit/install/edit_planning_scene:/home/buhrmann/ws_moveit/install/moveit_ros_planning_interface:/home/buhrmann/ws_moveit/install/moveit_ros_benchmarks:/home/buhrmann/ws_moveit/install/moveit_ros_warehouse:/home/buhrmann/ws_moveit/install/moveit_ros_robot_interaction:/home/buhrmann/ws_moveit/install/moveit_ros_perception:/home/buhrmann/ws_moveit/install/moveit_resources_prbt_pg70_support:/home/buhrmann/ws_moveit/install/moveit_resources_prbt_moveit_config:/home/buhrmann/ws_moveit/install/moveit_ros_move_group:/home/buhrmann/ws_moveit/install/moveit_planners_ompl:/home/buhrmann/ws_moveit/install/moveit_kinematics:/home/buhrmann/ws_moveit/install/moveit_ros_planning:/home/buhrmann/ws_moveit/install/moveit_ros_occupancy_map_monitor:/home/buhrmann/ws_moveit/install/moveit_resources_prbt_support:/home/buhrmann/ws_moveit/install/moveit_resources_prbt_ikfast_manipulator_plugin:/home/buhrmann/ws_moveit/install/moveit_resources:/home/buhrmann/ws_moveit/install/moveit_resources_pr2_description:/home/buhrmann/ws_moveit/install/moveit_resources_panda_moveit_config:/home/buhrmann/ws_moveit/install/dual_arm_panda_moveit_config:/home/buhrmann/ws_moveit/install/moveit_resources_panda_description:/home/buhrmann/ws_moveit/install/moveit_resources_fanuc_moveit_config:/home/buhrmann/ws_moveit/install/moveit_resources_fanuc_description:/home/buhrmann/ws_moveit/install/moveit_planners_stomp:/home/buhrmann/ws_moveit/install/moveit_planners_chomp:/home/buhrmann/ws_moveit/install/chomp_motion_planner:/home/buhrmann/ws_moveit/install/moveit_core:/home/buhrmann/ws_moveit/install/moveit_msgs:/home/buhrmann/ws_moveit/install/moveit_common:/home/buhrmann/ws_moveit/install/kortex_driver:/home/buhrmann/ws_moveit/install/kortex_api:/home/buhrmann/ws_moveit/install/common_services_package:/home/buhrmann/ws_moveit/install/ros2_azure_bridge:/home/buhrmann/ws_moveit/install/moveit_configs_utils:/opt/ros/iron /usr/bin/cmake --build /home/buhrmann/ws_moveit/build/picknik_accessories -- -j28 -l28
[0.402s] Invoking command in '/home/buhrmann/ws_moveit/build/picknik_accessories': CMAKE_PREFIX_PATH=/home/buhrmann/ws_moveit/install/robotiq_description:/home/buhrmann/ws_moveit/install/ur5_moveit_test:/home/buhrmann/ws_moveit/install/ur5_camera_moveit_config2:/home/buhrmann/ws_moveit/install/ur5_camera_moveit_config:/home/buhrmann/ws_moveit/install/ur5_description_controller:/home/buhrmann/ws_moveit/install/ur3_camera_moveit_config:/home/buhrmann/ws_moveit/install/ur3_description_controller:/home/buhrmann/ws_moveit/install/robotiq_hardware_tests:/home/buhrmann/ws_moveit/install/robotiq_driver:/home/buhrmann/ws_moveit/install/serial:/home/buhrmann/ws_moveit/install/moveit2_tutorials:/home/buhrmann/ws_moveit/install/moveit_visual_tools:/home/buhrmann/ws_moveit/install/rviz_visual_tools:/home/buhrmann/ws_moveit/install/moveit_task_constructor_visualization:/home/buhrmann/ws_moveit/install/moveit_task_constructor_demo:/home/buhrmann/ws_moveit/install/moveit_task_constructor_capabilities:/home/buhrmann/ws_moveit/install/moveit_task_constructor_core:/home/buhrmann/ws_moveit/install/rviz_marker_tools:/home/buhrmann/ws_moveit/install/picknik_accessories:/home/buhrmann/ws_moveit/install/kortex_bringup:/home/buhrmann/ws_moveit/install/kinova_gen3_lite_moveit_config:/home/buhrmann/ws_moveit/install/kinova_gen3_7dof_robotiq_2f_85_moveit_config:/home/buhrmann/ws_moveit/install/kinova_gen3_6dof_robotiq_2f_85_moveit_config:/home/buhrmann/ws_moveit/install/kortex_description:/home/buhrmann/ws_moveit/install/robotiq_controllers:/home/buhrmann/ws_moveit/install/ppf_test_pkg:/home/buhrmann/ws_moveit/install/point_cloud_circle_detector:/home/buhrmann/ws_moveit/install/pilz_industrial_motion_planner_testutils:/home/buhrmann/ws_moveit/install/moveit_runtime:/home/buhrmann/ws_moveit/install/moveit:/home/buhrmann/ws_moveit/install/moveit_planners:/home/buhrmann/ws_moveit/install/pilz_industrial_motion_planner:/home/buhrmann/ws_moveit/install/pick_ik:/home/buhrmann/ws_moveit/install/object_detection_pcl:/home/buhrmann/ws_moveit/install/object_detection:/home/buhrmann/ws_moveit/install/object_creation:/home/buhrmann/ws_moveit/install/moveit_task_constructor_msgs:/home/buhrmann/ws_moveit/install/moveit_ros_control_interface:/home/buhrmann/ws_moveit/install/moveit_plugins:/home/buhrmann/ws_moveit/install/moveit_simple_controller_manager:/home/buhrmann/ws_moveit/install/moveit_setup_assistant:/home/buhrmann/ws_moveit/install/moveit_setup_srdf_plugins:/home/buhrmann/ws_moveit/install/moveit_setup_core_plugins:/home/buhrmann/ws_moveit/install/moveit_setup_controllers:/home/buhrmann/ws_moveit/install/moveit_setup_app_plugins:/home/buhrmann/ws_moveit/install/moveit_setup_framework:/home/buhrmann/ws_moveit/install/moveit_servo:/home/buhrmann/ws_moveit/install/moveit_ros_trajectory_cache:/home/buhrmann/ws_moveit/install/moveit_ros:/home/buhrmann/ws_moveit/install/moveit_ros_visualization:/home/buhrmann/ws_moveit/install/moveit_py:/home/buhrmann/ws_moveit/install/moveit_hybrid_planning:/home/buhrmann/ws_moveit/install/edit_planning_scene:/home/buhrmann/ws_moveit/install/moveit_ros_planning_interface:/home/buhrmann/ws_moveit/install/moveit_ros_benchmarks:/home/buhrmann/ws_moveit/install/moveit_ros_warehouse:/home/buhrmann/ws_moveit/install/moveit_ros_robot_interaction:/home/buhrmann/ws_moveit/install/moveit_ros_perception:/home/buhrmann/ws_moveit/install/moveit_resources_prbt_pg70_support:/home/buhrmann/ws_moveit/install/moveit_resources_prbt_moveit_config:/home/buhrmann/ws_moveit/install/moveit_ros_move_group:/home/buhrmann/ws_moveit/install/moveit_planners_ompl:/home/buhrmann/ws_moveit/install/moveit_kinematics:/home/buhrmann/ws_moveit/install/moveit_ros_planning:/home/buhrmann/ws_moveit/install/moveit_ros_occupancy_map_monitor:/home/buhrmann/ws_moveit/install/moveit_resources_prbt_support:/home/buhrmann/ws_moveit/install/moveit_resources_prbt_ikfast_manipulator_plugin:/home/buhrmann/ws_moveit/install/moveit_resources:/home/buhrmann/ws_moveit/install/moveit_resources_pr2_description:/home/buhrmann/ws_moveit/install/moveit_resources_panda_moveit_config:/home/buhrmann/ws_moveit/install/dual_arm_panda_moveit_config:/home/buhrmann/ws_moveit/install/moveit_resources_panda_description:/home/buhrmann/ws_moveit/install/moveit_resources_fanuc_moveit_config:/home/buhrmann/ws_moveit/install/moveit_resources_fanuc_description:/home/buhrmann/ws_moveit/install/moveit_planners_stomp:/home/buhrmann/ws_moveit/install/moveit_planners_chomp:/home/buhrmann/ws_moveit/install/chomp_motion_planner:/home/buhrmann/ws_moveit/install/moveit_core:/home/buhrmann/ws_moveit/install/moveit_msgs:/home/buhrmann/ws_moveit/install/moveit_common:/home/buhrmann/ws_moveit/install/kortex_driver:/home/buhrmann/ws_moveit/install/kortex_api:/home/buhrmann/ws_moveit/install/common_services_package:/home/buhrmann/ws_moveit/install/ros2_azure_bridge:/home/buhrmann/ws_moveit/install/moveit_configs_utils:/opt/ros/iron /usr/bin/cmake --install /home/buhrmann/ws_moveit/build/picknik_accessories
[0.453s] -- Install configuration: ""
[0.453s] -- Up-to-date: /home/buhrmann/ws_moveit/install/picknik_accessories/share/picknik_accessories/descriptions
[0.453s] -- Up-to-date: /home/buhrmann/ws_moveit/install/picknik_accessories/share/picknik_accessories/descriptions/ar_markers
[0.453s] -- Up-to-date: /home/buhrmann/ws_moveit/install/picknik_accessories/share/picknik_accessories/descriptions/ar_markers/Marker21.dae
[0.453s] -- Up-to-date: /home/buhrmann/ws_moveit/install/picknik_accessories/share/picknik_accessories/descriptions/ar_markers/Marker3.dae
[0.453s] -- Up-to-date: /home/buhrmann/ws_moveit/install/picknik_accessories/share/picknik_accessories/descriptions/ar_markers/Marker13.dae
[0.453s] -- Up-to-date: /home/buhrmann/ws_moveit/install/picknik_accessories/share/picknik_accessories/descriptions/ar_markers/Marker23.dae
[0.453s] -- Up-to-date: /home/buhrmann/ws_moveit/install/picknik_accessories/share/picknik_accessories/descriptions/ar_markers/Marker10.dae
[0.453s] -- Up-to-date: /home/buhrmann/ws_moveit/install/picknik_accessories/share/picknik_accessories/descriptions/ar_markers/Marker0.dae
[0.453s] -- Up-to-date: /home/buhrmann/ws_moveit/install/picknik_accessories/share/picknik_accessories/descriptions/ar_markers/Marker4.dae
[0.453s] -- Up-to-date: /home/buhrmann/ws_moveit/install/picknik_accessories/share/picknik_accessories/descriptions/ar_markers/Marker19.dae
[0.453s] -- Up-to-date: /home/buhrmann/ws_moveit/install/picknik_accessories/share/picknik_accessories/descriptions/ar_markers/Marker32.dae
[0.453s] -- Up-to-date: /home/buhrmann/ws_moveit/install/picknik_accessories/share/picknik_accessories/descriptions/ar_markers/Marker27.dae
[0.454s] -- Up-to-date: /home/buhrmann/ws_moveit/install/picknik_accessories/share/picknik_accessories/descriptions/ar_markers/Marker8.dae
[0.454s] -- Up-to-date: /home/buhrmann/ws_moveit/install/picknik_accessories/share/picknik_accessories/descriptions/ar_markers/Marker34.dae
[0.454s] -- Up-to-date: /home/buhrmann/ws_moveit/install/picknik_accessories/share/picknik_accessories/descriptions/ar_markers/Marker15.dae
[0.454s] -- Up-to-date: /home/buhrmann/ws_moveit/install/picknik_accessories/share/picknik_accessories/descriptions/ar_markers/Marker25.dae
[0.454s] -- Up-to-date: /home/buhrmann/ws_moveit/install/picknik_accessories/share/picknik_accessories/descriptions/ar_markers/Marker14.dae
[0.454s] -- Up-to-date: /home/buhrmann/ws_moveit/install/picknik_accessories/share/picknik_accessories/descriptions/ar_markers/images
[0.454s] -- Up-to-date: /home/buhrmann/ws_moveit/install/picknik_accessories/share/picknik_accessories/descriptions/ar_markers/images/Marker5.png
[0.454s] -- Up-to-date: /home/buhrmann/ws_moveit/install/picknik_accessories/share/picknik_accessories/descriptions/ar_markers/images/Marker25.png
[0.454s] -- Up-to-date: /home/buhrmann/ws_moveit/install/picknik_accessories/share/picknik_accessories/descriptions/ar_markers/images/Marker3.png
[0.454s] -- Up-to-date: /home/buhrmann/ws_moveit/install/picknik_accessories/share/picknik_accessories/descriptions/ar_markers/images/Marker33.png
[0.454s] -- Up-to-date: /home/buhrmann/ws_moveit/install/picknik_accessories/share/picknik_accessories/descriptions/ar_markers/images/Marker27.png
[0.454s] -- Up-to-date: /home/buhrmann/ws_moveit/install/picknik_accessories/share/picknik_accessories/descriptions/ar_markers/images/Marker30.png
[0.454s] -- Up-to-date: /home/buhrmann/ws_moveit/install/picknik_accessories/share/picknik_accessories/descriptions/ar_markers/images/Marker16.png
[0.454s] -- Up-to-date: /home/buhrmann/ws_moveit/install/picknik_accessories/share/picknik_accessories/descriptions/ar_markers/images/Marker34.png
[0.454s] -- Up-to-date: /home/buhrmann/ws_moveit/install/picknik_accessories/share/picknik_accessories/descriptions/ar_markers/images/Marker28.png
[0.454s] -- Up-to-date: /home/buhrmann/ws_moveit/install/picknik_accessories/share/picknik_accessories/descriptions/ar_markers/images/Marker19.png
[0.454s] -- Up-to-date: /home/buhrmann/ws_moveit/install/picknik_accessories/share/picknik_accessories/descriptions/ar_markers/images/Marker22.png
[0.454s] -- Up-to-date: /home/buhrmann/ws_moveit/install/picknik_accessories/share/picknik_accessories/descriptions/ar_markers/images/Marker6.png
[0.459s] -- Up-to-date: /home/buhrmann/ws_moveit/install/picknik_accessories/share/picknik_accessories/descriptions/ar_markers/images/Marker26.png
[0.459s] -- Up-to-date: /home/buhrmann/ws_moveit/install/picknik_accessories/share/picknik_accessories/descriptions/ar_markers/images/Marker23.png
[0.459s] -- Up-to-date: /home/buhrmann/ws_moveit/install/picknik_accessories/share/picknik_accessories/descriptions/ar_markers/images/README.md
[0.460s] -- Up-to-date: /home/buhrmann/ws_moveit/install/picknik_accessories/share/picknik_accessories/descriptions/ar_markers/images/Marker0.png
[0.460s] -- Up-to-date: /home/buhrmann/ws_moveit/install/picknik_accessories/share/picknik_accessories/descriptions/ar_markers/images/Marker24.png
[0.460s] -- Up-to-date: /home/buhrmann/ws_moveit/install/picknik_accessories/share/picknik_accessories/descriptions/ar_markers/images/Marker21.png
[0.460s] -- Up-to-date: /home/buhrmann/ws_moveit/install/picknik_accessories/share/picknik_accessories/descriptions/ar_markers/images/Marker8.png
[0.460s] -- Up-to-date: /home/buhrmann/ws_moveit/install/picknik_accessories/share/picknik_accessories/descriptions/ar_markers/images/Marker1.png
[0.460s] -- Up-to-date: /home/buhrmann/ws_moveit/install/picknik_accessories/share/picknik_accessories/descriptions/ar_markers/images/Marker29.png
[0.460s] -- Up-to-date: /home/buhrmann/ws_moveit/install/picknik_accessories/share/picknik_accessories/descriptions/ar_markers/images/Marker31.png
[0.461s] -- Up-to-date: /home/buhrmann/ws_moveit/install/picknik_accessories/share/picknik_accessories/descriptions/ar_markers/images/Marker18.png
[0.461s] -- Up-to-date: /home/buhrmann/ws_moveit/install/picknik_accessories/share/picknik_accessories/descriptions/ar_markers/images/Marker10.png
[0.461s] -- Up-to-date: /home/buhrmann/ws_moveit/install/picknik_accessories/share/picknik_accessories/descriptions/ar_markers/images/Marker7.png
[0.461s] -- Up-to-date: /home/buhrmann/ws_moveit/install/picknik_accessories/share/picknik_accessories/descriptions/ar_markers/images/Marker15.png
[0.461s] -- Up-to-date: /home/buhrmann/ws_moveit/install/picknik_accessories/share/picknik_accessories/descriptions/ar_markers/images/Marker2.png
[0.461s] -- Up-to-date: /home/buhrmann/ws_moveit/install/picknik_accessories/share/picknik_accessories/descriptions/ar_markers/images/Marker4.png
[0.461s] -- Up-to-date: /home/buhrmann/ws_moveit/install/picknik_accessories/share/picknik_accessories/descriptions/ar_markers/images/Marker12.png
[0.461s] -- Up-to-date: /home/buhrmann/ws_moveit/install/picknik_accessories/share/picknik_accessories/descriptions/ar_markers/images/Marker20.png
[0.461s] -- Up-to-date: /home/buhrmann/ws_moveit/install/picknik_accessories/share/picknik_accessories/descriptions/ar_markers/images/Marker9.png
[0.461s] -- Up-to-date: /home/buhrmann/ws_moveit/install/picknik_accessories/share/picknik_accessories/descriptions/ar_markers/images/Marker13.png
[0.461s] -- Up-to-date: /home/buhrmann/ws_moveit/install/picknik_accessories/share/picknik_accessories/descriptions/ar_markers/images/Marker14.png
[0.462s] -- Up-to-date: /home/buhrmann/ws_moveit/install/picknik_accessories/share/picknik_accessories/descriptions/ar_markers/images/Marker11.png
[0.462s] -- Up-to-date: /home/buhrmann/ws_moveit/install/picknik_accessories/share/picknik_accessories/descriptions/ar_markers/images/Marker17.png
[0.462s] -- Up-to-date: /home/buhrmann/ws_moveit/install/picknik_accessories/share/picknik_accessories/descriptions/ar_markers/images/Marker32.png
[0.462s] -- Up-to-date: /home/buhrmann/ws_moveit/install/picknik_accessories/share/picknik_accessories/descriptions/ar_markers/Marker12.dae
[0.462s] -- Up-to-date: /home/buhrmann/ws_moveit/install/picknik_accessories/share/picknik_accessories/descriptions/ar_markers/Marker28.dae
[0.462s] -- Up-to-date: /home/buhrmann/ws_moveit/install/picknik_accessories/share/picknik_accessories/descriptions/ar_markers/Marker20.dae
[0.462s] -- Up-to-date: /home/buhrmann/ws_moveit/install/picknik_accessories/share/picknik_accessories/descriptions/ar_markers/Marker22.dae
[0.462s] -- Up-to-date: /home/buhrmann/ws_moveit/install/picknik_accessories/share/picknik_accessories/descriptions/ar_markers/Marker24.dae
[0.462s] -- Up-to-date: /home/buhrmann/ws_moveit/install/picknik_accessories/share/picknik_accessories/descriptions/ar_markers/Marker2.dae
[0.465s] -- Up-to-date: /home/buhrmann/ws_moveit/install/picknik_accessories/share/picknik_accessories/descriptions/ar_markers/Marker30.dae
[0.465s] -- Up-to-date: /home/buhrmann/ws_moveit/install/picknik_accessories/share/picknik_accessories/descriptions/ar_markers/Marker1.dae
[0.466s] -- Up-to-date: /home/buhrmann/ws_moveit/install/picknik_accessories/share/picknik_accessories/descriptions/ar_markers/Marker33.dae
[0.466s] -- Up-to-date: /home/buhrmann/ws_moveit/install/picknik_accessories/share/picknik_accessories/descriptions/ar_markers/Marker26.dae
[0.466s] -- Up-to-date: /home/buhrmann/ws_moveit/install/picknik_accessories/share/picknik_accessories/descriptions/ar_markers/Marker6.dae
[0.466s] -- Up-to-date: /home/buhrmann/ws_moveit/install/picknik_accessories/share/picknik_accessories/descriptions/ar_markers/Marker11.dae
[0.466s] -- Up-to-date: /home/buhrmann/ws_moveit/install/picknik_accessories/share/picknik_accessories/descriptions/ar_markers/Marker5.dae
[0.466s] -- Up-to-date: /home/buhrmann/ws_moveit/install/picknik_accessories/share/picknik_accessories/descriptions/ar_markers/Marker9.dae
[0.466s] -- Up-to-date: /home/buhrmann/ws_moveit/install/picknik_accessories/share/picknik_accessories/descriptions/ar_markers/Marker16.dae
[0.466s] -- Up-to-date: /home/buhrmann/ws_moveit/install/picknik_accessories/share/picknik_accessories/descriptions/ar_markers/Marker17.dae
[0.466s] -- Up-to-date: /home/buhrmann/ws_moveit/install/picknik_accessories/share/picknik_accessories/descriptions/ar_markers/Marker7.dae
[0.466s] -- Up-to-date: /home/buhrmann/ws_moveit/install/picknik_accessories/share/picknik_accessories/descriptions/ar_markers/Marker31.dae
[0.466s] -- Up-to-date: /home/buhrmann/ws_moveit/install/picknik_accessories/share/picknik_accessories/descriptions/ar_markers/Marker29.dae
[0.467s] -- Up-to-date: /home/buhrmann/ws_moveit/install/picknik_accessories/share/picknik_accessories/descriptions/ar_markers/Marker18.dae
[0.467s] -- Up-to-date: /home/buhrmann/ws_moveit/install/picknik_accessories/share/picknik_accessories/descriptions/affordance_templates
[0.467s] -- Up-to-date: /home/buhrmann/ws_moveit/install/picknik_accessories/share/picknik_accessories/descriptions/affordance_templates/simple_handle.stl
[0.467s] -- Up-to-date: /home/buhrmann/ws_moveit/install/picknik_accessories/share/picknik_accessories/descriptions/affordance_templates/valve_handle.stl
[0.467s] -- Up-to-date: /home/buhrmann/ws_moveit/install/picknik_accessories/share/picknik_accessories/descriptions/affordance_templates/bolt_no_threads.stl
[0.467s] -- Up-to-date: /home/buhrmann/ws_moveit/install/picknik_accessories/share/picknik_accessories/descriptions/affordance_templates/wheel_valve.stl
[0.467s] -- Up-to-date: /home/buhrmann/ws_moveit/install/picknik_accessories/share/picknik_accessories/descriptions/affordance_templates/robotiq_2f_85_assembly.stl
[0.467s] -- Up-to-date: /home/buhrmann/ws_moveit/install/picknik_accessories/share/picknik_accessories/descriptions/furniture
[0.467s] -- Up-to-date: /home/buhrmann/ws_moveit/install/picknik_accessories/share/picknik_accessories/descriptions/furniture/space_station
[0.467s] -- Up-to-date: /home/buhrmann/ws_moveit/install/picknik_accessories/share/picknik_accessories/descriptions/furniture/space_station/texture.png
[0.467s] -- Up-to-date: /home/buhrmann/ws_moveit/install/picknik_accessories/share/picknik_accessories/descriptions/furniture/space_station/space_booth_src
[0.467s] -- Up-to-date: /home/buhrmann/ws_moveit/install/picknik_accessories/share/picknik_accessories/descriptions/furniture/space_station/space_booth_src/texture.png
[0.468s] -- Up-to-date: /home/buhrmann/ws_moveit/install/picknik_accessories/share/picknik_accessories/descriptions/furniture/space_station/space_booth_src/extra
[0.468s] -- Up-to-date: /home/buhrmann/ws_moveit/install/picknik_accessories/share/picknik_accessories/descriptions/furniture/space_station/space_booth_src/extra/light_texture.svg
[0.468s] -- Up-to-date: /home/buhrmann/ws_moveit/install/picknik_accessories/share/picknik_accessories/descriptions/furniture/space_station/space_booth_src/extra/drawing.svg
[0.468s] -- Up-to-date: /home/buhrmann/ws_moveit/install/picknik_accessories/share/picknik_accessories/descriptions/furniture/space_station/space_booth_src/light_texture.png
[0.468s] -- Up-to-date: /home/buhrmann/ws_moveit/install/picknik_accessories/share/picknik_accessories/descriptions/furniture/space_station/space_booth_src/space_booth.blend
[0.468s] -- Up-to-date: /home/buhrmann/ws_moveit/install/picknik_accessories/share/picknik_accessories/descriptions/furniture/space_station/space_booth.dae
[0.468s] -- Up-to-date: /home/buhrmann/ws_moveit/install/picknik_accessories/share/picknik_accessories/descriptions/furniture/space_station/space_station.urdf.xacro
[0.468s] -- Up-to-date: /home/buhrmann/ws_moveit/install/picknik_accessories/share/picknik_accessories/descriptions/furniture/generic_table
[0.468s] -- Up-to-date: /home/buhrmann/ws_moveit/install/picknik_accessories/share/picknik_accessories/descriptions/furniture/generic_table/generic_table.urdf.xacro
[0.468s] -- Up-to-date: /home/buhrmann/ws_moveit/install/picknik_accessories/share/picknik_accessories/descriptions/furniture/generic_table/wood_block.dae
[0.468s] -- Up-to-date: /home/buhrmann/ws_moveit/install/picknik_accessories/share/picknik_accessories/descriptions/furniture/generic_table/wood.png
[0.469s] -- Up-to-date: /home/buhrmann/ws_moveit/install/picknik_accessories/share/picknik_accessories/descriptions/furniture/robot_stand
[0.469s] -- Up-to-date: /home/buhrmann/ws_moveit/install/picknik_accessories/share/picknik_accessories/descriptions/furniture/robot_stand/robot_stand.urdf.xacro
[0.469s] -- Up-to-date: /home/buhrmann/ws_moveit/install/picknik_accessories/share/picknik_accessories/descriptions/furniture/cabinet
[0.469s] -- Up-to-date: /home/buhrmann/ws_moveit/install/picknik_accessories/share/picknik_accessories/descriptions/furniture/cabinet/cabinet.dae
[0.469s] -- Up-to-date: /home/buhrmann/ws_moveit/install/picknik_accessories/share/picknik_accessories/descriptions/furniture/cabinet/drawer.stl
[0.469s] -- Up-to-date: /home/buhrmann/ws_moveit/install/picknik_accessories/share/picknik_accessories/descriptions/furniture/cabinet/drawer.dae
[0.469s] -- Up-to-date: /home/buhrmann/ws_moveit/install/picknik_accessories/share/picknik_accessories/descriptions/furniture/cabinet/cabinet.stl
[0.469s] -- Up-to-date: /home/buhrmann/ws_moveit/install/picknik_accessories/share/picknik_accessories/descriptions/furniture/cabinet/cabinet.urdf.xacro
[0.469s] -- Up-to-date: /home/buhrmann/ws_moveit/install/picknik_accessories/share/picknik_accessories/descriptions/furniture/cabinet/cabinet_combined_static.stl
[0.469s] -- Up-to-date: /home/buhrmann/ws_moveit/install/picknik_accessories/share/picknik_accessories/descriptions/furniture/cabinet/cabinet_combined_static.dae
[0.469s] -- Up-to-date: /home/buhrmann/ws_moveit/install/picknik_accessories/share/picknik_accessories/descriptions/furniture/switch_panel
[0.469s] -- Up-to-date: /home/buhrmann/ws_moveit/install/picknik_accessories/share/picknik_accessories/descriptions/furniture/switch_panel/switch_panel.stl
[0.469s] -- Up-to-date: /home/buhrmann/ws_moveit/install/picknik_accessories/share/picknik_accessories/descriptions/furniture/switch_panel/button.dae
[0.470s] -- Up-to-date: /home/buhrmann/ws_moveit/install/picknik_accessories/share/picknik_accessories/descriptions/furniture/switch_panel/switch_panel.dae
[0.470s] -- Up-to-date: /home/buhrmann/ws_moveit/install/picknik_accessories/share/picknik_accessories/descriptions/furniture/switch_panel/button.stl
[0.470s] -- Up-to-date: /home/buhrmann/ws_moveit/install/picknik_accessories/share/picknik_accessories/descriptions/furniture/switch_panel/switch_panel.urdf.xacro
[0.470s] -- Up-to-date: /home/buhrmann/ws_moveit/install/picknik_accessories/share/picknik_accessories/descriptions/furniture/fridge
[0.470s] -- Up-to-date: /home/buhrmann/ws_moveit/install/picknik_accessories/share/picknik_accessories/descriptions/furniture/fridge/fridge.urdf.xacro
[0.470s] -- Up-to-date: /home/buhrmann/ws_moveit/install/picknik_accessories/share/picknik_accessories/descriptions/furniture/fridge/fridge.stl
[0.470s] -- Up-to-date: /home/buhrmann/ws_moveit/install/picknik_accessories/share/picknik_accessories/descriptions/furniture/fridge/fridge_door.stl
[0.470s] -- Up-to-date: /home/buhrmann/ws_moveit/install/picknik_accessories/share/picknik_accessories/descriptions/sensors
[0.470s] -- Up-to-date: /home/buhrmann/ws_moveit/install/picknik_accessories/share/picknik_accessories/descriptions/sensors/realsense_d415.urdf.xacro
[0.473s] -- Up-to-date: /home/buhrmann/ws_moveit/install/picknik_accessories/share/picknik_accessories/descriptions/sensors/extrinsic_calibrated_realsense.urdf.xacro
[0.473s] -- Up-to-date: /home/buhrmann/ws_moveit/install/picknik_accessories/share/picknik_accessories/descriptions/sensors/realsense_l515.urdf.xacro
[0.473s] -- Up-to-date: /home/buhrmann/ws_moveit/install/picknik_accessories/share/picknik_accessories/descriptions/sensors/realsense_d435.urdf.xacro
[0.474s] -- Up-to-date: /home/buhrmann/ws_moveit/install/picknik_accessories/share/picknik_accessories/descriptions/brackets
[0.474s] -- Up-to-date: /home/buhrmann/ws_moveit/install/picknik_accessories/share/picknik_accessories/descriptions/brackets/kinova_realsense_camera_adapter
[0.474s] -- Up-to-date: /home/buhrmann/ws_moveit/install/picknik_accessories/share/picknik_accessories/descriptions/brackets/kinova_realsense_camera_adapter/realsense_bracket_for_kinova.dae
[0.474s] -- Up-to-date: /home/buhrmann/ws_moveit/install/picknik_accessories/share/picknik_accessories/descriptions/brackets/ur_realsense_camera_adapter
[0.474s] -- Up-to-date: /home/buhrmann/ws_moveit/install/picknik_accessories/share/picknik_accessories/descriptions/brackets/ur_realsense_camera_adapter/picknik_ur5_realsense_camera_adapter_rev2_collision.stl
[0.474s] -- Up-to-date: /home/buhrmann/ws_moveit/install/picknik_accessories/share/picknik_accessories/descriptions/brackets/ur_realsense_camera_adapter/picknik_ur_camera_adapter.urdf.xacro
[0.474s] -- Up-to-date: /home/buhrmann/ws_moveit/install/picknik_accessories/share/picknik_accessories/descriptions/brackets/ur_realsense_camera_adapter/picknik_ur5_realsense_camera_adapter_rev2.dae
[0.474s] -- Up-to-date: /home/buhrmann/ws_moveit/install/picknik_accessories/share/picknik_accessories/descriptions/brackets/ur_realsense_camera_adapter/picknik_ur5_realsense_camera_adapter_rev2.STL
[0.474s] -- Up-to-date: /home/buhrmann/ws_moveit/install/picknik_accessories/share/picknik_accessories/descriptions/brackets/mtc_ur_tool_changer
[0.474s] -- Up-to-date: /home/buhrmann/ws_moveit/install/picknik_accessories/share/picknik_accessories/descriptions/brackets/mtc_ur_tool_changer/mtc_ur3510_ur_toolchanger.dae
[0.474s] -- Up-to-date: /home/buhrmann/ws_moveit/install/picknik_accessories/share/picknik_accessories/descriptions/brackets/mtc_ur_tool_changer/mtc_ur3510_ur_toolchanger_collision.stl
[0.474s] -- Up-to-date: /home/buhrmann/ws_moveit/install/picknik_accessories/share/picknik_accessories/descriptions/brackets/mtc_ur_tool_changer/mtc_ur_tool_changer.urdf.xacro
[0.474s] -- Up-to-date: /home/buhrmann/ws_moveit/install/picknik_accessories/share/picknik_accessories/descriptions/simulation_worlds
[0.474s] -- Up-to-date: /home/buhrmann/ws_moveit/install/picknik_accessories/share/picknik_accessories/descriptions/simulation_worlds/warehouse_simple.sdf
[0.474s] -- Up-to-date: /home/buhrmann/ws_moveit/install/picknik_accessories/share/picknik_accessories/descriptions/simulation_worlds/empty.sdf
[0.474s] -- Up-to-date: /home/buhrmann/ws_moveit/install/picknik_accessories/share/picknik_accessories/descriptions/simulation_worlds/space_station.sdf
[0.474s] -- Up-to-date: /home/buhrmann/ws_moveit/install/picknik_accessories/share/picknik_accessories/descriptions/simulation_worlds/warehouse.sdf
[0.474s] -- Up-to-date: /home/buhrmann/ws_moveit/install/picknik_accessories/share/picknik_accessories/descriptions/geometry
[0.474s] -- Up-to-date: /home/buhrmann/ws_moveit/install/picknik_accessories/share/picknik_accessories/descriptions/geometry/cylinder.urdf.xacro
[0.474s] -- Up-to-date: /home/buhrmann/ws_moveit/install/picknik_accessories/share/picknik_accessories/descriptions/geometry/collision_and_visual
[0.474s] -- Up-to-date: /home/buhrmann/ws_moveit/install/picknik_accessories/share/picknik_accessories/descriptions/geometry/collision_and_visual/cube_collision_and_visual.urdf.xacro
[0.474s] -- Up-to-date: /home/buhrmann/ws_moveit/install/picknik_accessories/share/picknik_accessories/descriptions/geometry/collision
[0.474s] -- Up-to-date: /home/buhrmann/ws_moveit/install/picknik_accessories/share/picknik_accessories/descriptions/geometry/collision/cube_collision.urdf.xacro
[0.474s] -- Up-to-date: /home/buhrmann/ws_moveit/install/picknik_accessories/share/picknik_accessories/descriptions/geometry/visual
[0.475s] -- Up-to-date: /home/buhrmann/ws_moveit/install/picknik_accessories/share/picknik_accessories/descriptions/geometry/visual/cube_visual.urdf.xacro
[0.475s] -- Up-to-date: /home/buhrmann/ws_moveit/install/picknik_accessories/share/picknik_accessories/descriptions/geometry/cube.urdf.xacro
[0.475s] -- Up-to-date: /home/buhrmann/ws_moveit/install/picknik_accessories/share/picknik_accessories/descriptions/miscellaneous
[0.475s] -- Up-to-date: /home/buhrmann/ws_moveit/install/picknik_accessories/share/picknik_accessories/descriptions/miscellaneous/farnese-hercules-head.stl
[0.475s] -- Up-to-date: /home/buhrmann/ws_moveit/install/picknik_accessories/share/picknik_accessories/descriptions/miscellaneous/mock_satellite.stl
[0.475s] -- Up-to-date: /home/buhrmann/ws_moveit/install/picknik_accessories/share/picknik_accessories/macros
[0.475s] -- Up-to-date: /home/buhrmann/ws_moveit/install/picknik_accessories/share/picknik_accessories/macros/tool_adapters
[0.475s] -- Up-to-date: /home/buhrmann/ws_moveit/install/picknik_accessories/share/picknik_accessories/macros/tool_adapters/ur_robotiq.xacro
[0.475s] -- Up-to-date: /home/buhrmann/ws_moveit/install/picknik_accessories/share/picknik_accessories/macros/tools
[0.475s] -- Up-to-date: /home/buhrmann/ws_moveit/install/picknik_accessories/share/picknik_accessories/macros/tools/robotiq_2f_85.xacro
[0.475s] -- Up-to-date: /home/buhrmann/ws_moveit/install/picknik_accessories/share/picknik_accessories/macros/manipulators
[0.475s] -- Up-to-date: /home/buhrmann/ws_moveit/install/picknik_accessories/share/picknik_accessories/macros/manipulators/universal_robots.xacro
[0.475s] -- Up-to-date: /home/buhrmann/ws_moveit/install/picknik_accessories/share/picknik_accessories/macros/workcell_macro.xacro
[0.475s] -- Up-to-date: /home/buhrmann/ws_moveit/install/picknik_accessories/share/picknik_accessories/macros/workcells
[0.475s] -- Up-to-date: /home/buhrmann/ws_moveit/install/picknik_accessories/share/picknik_accessories/macros/workcells/table.xacro
[0.475s] -- Up-to-date: /home/buhrmann/ws_moveit/install/picknik_accessories/share/picknik_accessories/macros/robot_macro.xacro
[0.475s] -- Up-to-date: /home/buhrmann/ws_moveit/install/picknik_accessories/share/picknik_accessories/mujoco_assets
[0.475s] -- Up-to-date: /home/buhrmann/ws_moveit/install/picknik_accessories/share/picknik_accessories/mujoco_assets/lab_desk
[0.475s] -- Up-to-date: /home/buhrmann/ws_moveit/install/picknik_accessories/share/picknik_accessories/mujoco_assets/lab_desk/desk_globals.xml
[0.475s] -- Up-to-date: /home/buhrmann/ws_moveit/install/picknik_accessories/share/picknik_accessories/mujoco_assets/lab_desk/desk.xml
[0.476s] -- Up-to-date: /home/buhrmann/ws_moveit/install/picknik_accessories/share/picknik_accessories/mujoco_assets/ridgeback
[0.476s] -- Up-to-date: /home/buhrmann/ws_moveit/install/picknik_accessories/share/picknik_accessories/mujoco_assets/ridgeback/top.stl
[0.476s] -- Up-to-date: /home/buhrmann/ws_moveit/install/picknik_accessories/share/picknik_accessories/mujoco_assets/ridgeback/ridgeback.xml
[0.476s] -- Up-to-date: /home/buhrmann/ws_moveit/install/picknik_accessories/share/picknik_accessories/mujoco_assets/ridgeback/body.stl
[0.476s] -- Up-to-date: /home/buhrmann/ws_moveit/install/picknik_accessories/share/picknik_accessories/mujoco_assets/ridgeback/LICENSE.txt
[0.476s] -- Up-to-date: /home/buhrmann/ws_moveit/install/picknik_accessories/share/picknik_accessories/mujoco_assets/ridgeback/ridgeback_globals.xml
[0.476s] -- Up-to-date: /home/buhrmann/ws_moveit/install/picknik_accessories/share/picknik_accessories/mujoco_assets/assets
[0.476s] -- Up-to-date: /home/buhrmann/ws_moveit/install/picknik_accessories/share/picknik_accessories/mujoco_assets/assets/marble1.png
[0.476s] -- Up-to-date: /home/buhrmann/ws_moveit/install/picknik_accessories/share/picknik_accessories/mujoco_assets/assets/microscope.obj
[0.476s] -- Up-to-date: /home/buhrmann/ws_moveit/install/picknik_accessories/share/picknik_accessories/mujoco_assets/assets/shelf.obj
[0.476s] -- Up-to-date: /home/buhrmann/ws_moveit/install/picknik_accessories/share/picknik_accessories/mujoco_assets/assets/bottle.obj
[0.476s] -- Up-to-date: /home/buhrmann/ws_moveit/install/picknik_accessories/share/picknik_accessories/mujoco_assets/assets/shoulder_1.obj
[0.476s] -- Up-to-date: /home/buhrmann/ws_moveit/install/picknik_accessories/share/picknik_accessories/mujoco_assets/assets/wrist1_2.obj
[0.476s] -- Up-to-date: /home/buhrmann/ws_moveit/install/picknik_accessories/share/picknik_accessories/mujoco_assets/assets/forearm_3.obj
[0.476s] -- Up-to-date: /home/buhrmann/ws_moveit/install/picknik_accessories/share/picknik_accessories/mujoco_assets/assets/stirrer.obj
[0.476s] -- Up-to-date: /home/buhrmann/ws_moveit/install/picknik_accessories/share/picknik_accessories/mujoco_assets/assets/desk.png
[0.476s] -- Up-to-date: /home/buhrmann/ws_moveit/install/picknik_accessories/share/picknik_accessories/mujoco_assets/assets/shoulder_0.obj
[0.476s] -- Up-to-date: /home/buhrmann/ws_moveit/install/picknik_accessories/share/picknik_accessories/mujoco_assets/assets/ridgeback
[0.476s] -- Up-to-date: /home/buhrmann/ws_moveit/install/picknik_accessories/share/picknik_accessories/mujoco_assets/assets/ridgeback/top.stl
[0.476s] -- Up-to-date: /home/buhrmann/ws_moveit/install/picknik_accessories/share/picknik_accessories/mujoco_assets/assets/ridgeback/body.stl
[0.476s] -- Up-to-date: /home/buhrmann/ws_moveit/install/picknik_accessories/share/picknik_accessories/mujoco_assets/assets/ridgeback/LICENSE.txt
[0.476s] -- Up-to-date: /home/buhrmann/ws_moveit/install/picknik_accessories/share/picknik_accessories/mujoco_assets/assets/microscope.png
[0.476s] -- Up-to-date: /home/buhrmann/ws_moveit/install/picknik_accessories/share/picknik_accessories/mujoco_assets/assets/Cube.stl
[0.476s] -- Up-to-date: /home/buhrmann/ws_moveit/install/picknik_accessories/share/picknik_accessories/mujoco_assets/assets/forearm_0.obj
[0.477s] -- Up-to-date: /home/buhrmann/ws_moveit/install/picknik_accessories/share/picknik_accessories/mujoco_assets/assets/bottle.mtl
[0.477s] -- Up-to-date: /home/buhrmann/ws_moveit/install/picknik_accessories/share/picknik_accessories/mujoco_assets/assets/tag36_11_00001.png
[0.477s] -- Up-to-date: /home/buhrmann/ws_moveit/install/picknik_accessories/share/picknik_accessories/mujoco_assets/assets/mtc_ur3510_ur_toolchanger_collision.stl
[0.477s] -- Up-to-date: /home/buhrmann/ws_moveit/install/picknik_accessories/share/picknik_accessories/mujoco_assets/assets/test_tubes.obj
[0.477s] -- Up-to-date: /home/buhrmann/ws_moveit/install/picknik_accessories/share/picknik_accessories/mujoco_assets/assets/beaker.obj
[0.477s] -- Up-to-date: /home/buhrmann/ws_moveit/install/picknik_accessories/share/picknik_accessories/mujoco_assets/assets/base_platform.stl
[0.477s] -- Up-to-date: /home/buhrmann/ws_moveit/install/picknik_accessories/share/picknik_accessories/mujoco_assets/assets/base_1.obj
[0.477s] -- Up-to-date: /home/buhrmann/ws_moveit/install/picknik_accessories/share/picknik_accessories/mujoco_assets/assets/wrist2_1.obj
[0.477s] -- Up-to-date: /home/buhrmann/ws_moveit/install/picknik_accessories/share/picknik_accessories/mujoco_assets/assets/airfoil.stl
[0.477s] -- Up-to-date: /home/buhrmann/ws_moveit/install/picknik_accessories/share/picknik_accessories/mujoco_assets/assets/shelf_glass.obj
[0.477s] -- Up-to-date: /home/buhrmann/ws_moveit/install/picknik_accessories/share/picknik_accessories/mujoco_assets/assets/bottle.png
[0.477s] -- Up-to-date: /home/buhrmann/ws_moveit/install/picknik_accessories/share/picknik_accessories/mujoco_assets/assets/upperarm_1.obj
[0.477s] -- Up-to-date: /home/buhrmann/ws_moveit/install/picknik_accessories/share/picknik_accessories/mujoco_assets/assets/base.stl
[0.477s] -- Up-to-date: /home/buhrmann/ws_moveit/install/picknik_accessories/share/picknik_accessories/mujoco_assets/assets/Cube copy.stl
[0.477s] -- Up-to-date: /home/buhrmann/ws_moveit/install/picknik_accessories/share/picknik_accessories/mujoco_assets/assets/test_tubes_stand.obj
[0.477s] -- Up-to-date: /home/buhrmann/ws_moveit/install/picknik_accessories/share/picknik_accessories/mujoco_assets/assets/wrist1_1.obj
[0.477s] -- Up-to-date: /home/buhrmann/ws_moveit/install/picknik_accessories/share/picknik_accessories/mujoco_assets/assets/desk.obj
[0.477s] -- Up-to-date: /home/buhrmann/ws_moveit/install/picknik_accessories/share/picknik_accessories/mujoco_assets/assets/shelf.png
[0.477s] -- Up-to-date: /home/buhrmann/ws_moveit/install/picknik_accessories/share/picknik_accessories/mujoco_assets/assets/robotiq_2f85
[0.477s] -- Up-to-date: /home/buhrmann/ws_moveit/install/picknik_accessories/share/picknik_accessories/mujoco_assets/assets/robotiq_2f85/silicone_pad.stl
[0.477s] -- Up-to-date: /home/buhrmann/ws_moveit/install/picknik_accessories/share/picknik_accessories/mujoco_assets/assets/robotiq_2f85/finger_tip_link.stl
[0.477s] -- Up-to-date: /home/buhrmann/ws_moveit/install/picknik_accessories/share/picknik_accessories/mujoco_assets/assets/robotiq_2f85/base.stl
[0.477s] -- Up-to-date: /home/buhrmann/ws_moveit/install/picknik_accessories/share/picknik_accessories/mujoco_assets/assets/robotiq_2f85/finger_link.stl
[0.477s] -- Up-to-date: /home/buhrmann/ws_moveit/install/picknik_accessories/share/picknik_accessories/mujoco_assets/assets/robotiq_2f85/inner_knuckle_link.stl
[0.477s] -- Up-to-date: /home/buhrmann/ws_moveit/install/picknik_accessories/share/picknik_accessories/mujoco_assets/assets/robotiq_2f85/pad.stl
[0.478s] -- Up-to-date: /home/buhrmann/ws_moveit/install/picknik_accessories/share/picknik_accessories/mujoco_assets/assets/robotiq_2f85/knuckle_link.stl
[0.478s] -- Up-to-date: /home/buhrmann/ws_moveit/install/picknik_accessories/share/picknik_accessories/mujoco_assets/assets/test_tubes_stand.png
[0.478s] -- Up-to-date: /home/buhrmann/ws_moveit/install/picknik_accessories/share/picknik_accessories/mujoco_assets/assets/upperarm_0.obj
[0.478s] -- Up-to-date: /home/buhrmann/ws_moveit/install/picknik_accessories/share/picknik_accessories/mujoco_assets/assets/wrist3.obj
[0.478s] -- Up-to-date: /home/buhrmann/ws_moveit/install/picknik_accessories/share/picknik_accessories/mujoco_assets/assets/base_0.obj
[0.478s] -- Up-to-date: /home/buhrmann/ws_moveit/install/picknik_accessories/share/picknik_accessories/mujoco_assets/assets/tag36_11_00000.png
[0.478s] -- Up-to-date: /home/buhrmann/ws_moveit/install/picknik_accessories/share/picknik_accessories/mujoco_assets/assets/flask.obj
[0.478s] -- Up-to-date: /home/buhrmann/ws_moveit/install/picknik_accessories/share/picknik_accessories/mujoco_assets/assets/upperarm_2.obj
[0.478s] -- Up-to-date: /home/buhrmann/ws_moveit/install/picknik_accessories/share/picknik_accessories/mujoco_assets/assets/wood.png
[0.478s] -- Up-to-date: /home/buhrmann/ws_moveit/install/picknik_accessories/share/picknik_accessories/mujoco_assets/assets/wrist2_2.obj
[0.478s] -- Up-to-date: /home/buhrmann/ws_moveit/install/picknik_accessories/share/picknik_accessories/mujoco_assets/assets/wrist1_0.obj
[0.478s] -- Up-to-date: /home/buhrmann/ws_moveit/install/picknik_accessories/share/picknik_accessories/mujoco_assets/assets/forearm_1.obj
[0.478s] -- Up-to-date: /home/buhrmann/ws_moveit/install/picknik_accessories/share/picknik_accessories/mujoco_assets/assets/tag36_11_00002.png
[0.478s] -- Up-to-date: /home/buhrmann/ws_moveit/install/picknik_accessories/share/picknik_accessories/mujoco_assets/assets/upperarm_3.obj
[0.478s] -- Up-to-date: /home/buhrmann/ws_moveit/install/picknik_accessories/share/picknik_accessories/mujoco_assets/assets/wrist2_0.obj
[0.478s] -- Up-to-date: /home/buhrmann/ws_moveit/install/picknik_accessories/share/picknik_accessories/mujoco_assets/assets/rail.stl
[0.478s] -- Up-to-date: /home/buhrmann/ws_moveit/install/picknik_accessories/share/picknik_accessories/mujoco_assets/assets/forearm_2.obj
[0.478s] -- Up-to-date: /home/buhrmann/ws_moveit/install/picknik_accessories/share/picknik_accessories/mujoco_assets/assets/camera_adapter.stl
[0.479s] -- Up-to-date: /home/buhrmann/ws_moveit/install/picknik_accessories/share/picknik_accessories/mujoco_assets/assets/stirrer.png
[0.479s] -- Up-to-date: /home/buhrmann/ws_moveit/install/picknik_accessories/share/picknik_accessories/mujoco_assets/assets/shoulder_2.obj
[0.479s] -- Up-to-date: /home/buhrmann/ws_moveit/install/picknik_accessories/share/picknik_accessories/mujoco_assets/ur5e
[0.479s] -- Up-to-date: /home/buhrmann/ws_moveit/install/picknik_accessories/share/picknik_accessories/mujoco_assets/ur5e/ur5e_linear_rail_globals.xml
[0.479s] -- Up-to-date: /home/buhrmann/ws_moveit/install/picknik_accessories/share/picknik_accessories/mujoco_assets/ur5e/ur5e_linear_rail.xml
[0.479s] -- Up-to-date: /home/buhrmann/ws_moveit/install/picknik_accessories/share/picknik_accessories/mujoco_assets/ur5e/ur5e_globals.xml
[0.479s] -- Up-to-date: /home/buhrmann/ws_moveit/install/picknik_accessories/share/picknik_accessories/mujoco_assets/ur5e/ur5e.xml
[0.479s] -- Up-to-date: /home/buhrmann/ws_moveit/install/picknik_accessories/share/picknik_accessories/mujoco_assets/robotiq_2f85
[0.479s] -- Up-to-date: /home/buhrmann/ws_moveit/install/picknik_accessories/share/picknik_accessories/mujoco_assets/robotiq_2f85/robotiq2f85_globals.xml
[0.479s] -- Up-to-date: /home/buhrmann/ws_moveit/install/picknik_accessories/share/picknik_accessories/mujoco_assets/robotiq_2f85/robotiq2f85.xml
[0.479s] -- Up-to-date: /home/buhrmann/ws_moveit/install/picknik_accessories/share/picknik_accessories/environment/picknik_accessories.dsv
[0.479s] -- Up-to-date: /home/buhrmann/ws_moveit/install/picknik_accessories/share/ament_index/resource_index/package_run_dependencies/picknik_accessories
[0.479s] -- Up-to-date: /home/buhrmann/ws_moveit/install/picknik_accessories/share/ament_index/resource_index/parent_prefix_path/picknik_accessories
[0.479s] -- Up-to-date: /home/buhrmann/ws_moveit/install/picknik_accessories/share/picknik_accessories/environment/ament_prefix_path.sh
[0.479s] -- Up-to-date: /home/buhrmann/ws_moveit/install/picknik_accessories/share/picknik_accessories/environment/ament_prefix_path.dsv
[0.479s] -- Up-to-date: /home/buhrmann/ws_moveit/install/picknik_accessories/share/picknik_accessories/environment/path.sh
[0.479s] -- Up-to-date: /home/buhrmann/ws_moveit/install/picknik_accessories/share/picknik_accessories/environment/path.dsv
[0.479s] -- Up-to-date: /home/buhrmann/ws_moveit/install/picknik_accessories/share/picknik_accessories/local_setup.bash
[0.479s] -- Up-to-date: /home/buhrmann/ws_moveit/install/picknik_accessories/share/picknik_accessories/local_setup.sh
[0.479s] -- Up-to-date: /home/buhrmann/ws_moveit/install/picknik_accessories/share/picknik_accessories/local_setup.zsh
[0.479s] -- Up-to-date: /home/buhrmann/ws_moveit/install/picknik_accessories/share/picknik_accessories/local_setup.dsv
[0.479s] -- Installing: /home/buhrmann/ws_moveit/install/picknik_accessories/share/picknik_accessories/package.dsv
[0.479s] -- Up-to-date: /home/buhrmann/ws_moveit/install/picknik_accessories/share/ament_index/resource_index/packages/picknik_accessories
[0.479s] -- Up-to-date: /home/buhrmann/ws_moveit/install/picknik_accessories/share/picknik_accessories/cmake/picknik_accessoriesConfig.cmake
[0.479s] -- Up-to-date: /home/buhrmann/ws_moveit/install/picknik_accessories/share/picknik_accessories/cmake/picknik_accessoriesConfig-version.cmake
[0.479s] -- Up-to-date: /home/buhrmann/ws_moveit/install/picknik_accessories/share/picknik_accessories/package.xml
[0.558s] Invoked command in '/home/buhrmann/ws_moveit/build/picknik_accessories' returned '0': CMAKE_PREFIX_PATH=/home/buhrmann/ws_moveit/install/robotiq_description:/home/buhrmann/ws_moveit/install/ur5_moveit_test:/home/buhrmann/ws_moveit/install/ur5_camera_moveit_config2:/home/buhrmann/ws_moveit/install/ur5_camera_moveit_config:/home/buhrmann/ws_moveit/install/ur5_description_controller:/home/buhrmann/ws_moveit/install/ur3_camera_moveit_config:/home/buhrmann/ws_moveit/install/ur3_description_controller:/home/buhrmann/ws_moveit/install/robotiq_hardware_tests:/home/buhrmann/ws_moveit/install/robotiq_driver:/home/buhrmann/ws_moveit/install/serial:/home/buhrmann/ws_moveit/install/moveit2_tutorials:/home/buhrmann/ws_moveit/install/moveit_visual_tools:/home/buhrmann/ws_moveit/install/rviz_visual_tools:/home/buhrmann/ws_moveit/install/moveit_task_constructor_visualization:/home/buhrmann/ws_moveit/install/moveit_task_constructor_demo:/home/buhrmann/ws_moveit/install/moveit_task_constructor_capabilities:/home/buhrmann/ws_moveit/install/moveit_task_constructor_core:/home/buhrmann/ws_moveit/install/rviz_marker_tools:/home/buhrmann/ws_moveit/install/picknik_accessories:/home/buhrmann/ws_moveit/install/kortex_bringup:/home/buhrmann/ws_moveit/install/kinova_gen3_lite_moveit_config:/home/buhrmann/ws_moveit/install/kinova_gen3_7dof_robotiq_2f_85_moveit_config:/home/buhrmann/ws_moveit/install/kinova_gen3_6dof_robotiq_2f_85_moveit_config:/home/buhrmann/ws_moveit/install/kortex_description:/home/buhrmann/ws_moveit/install/robotiq_controllers:/home/buhrmann/ws_moveit/install/ppf_test_pkg:/home/buhrmann/ws_moveit/install/point_cloud_circle_detector:/home/buhrmann/ws_moveit/install/pilz_industrial_motion_planner_testutils:/home/buhrmann/ws_moveit/install/moveit_runtime:/home/buhrmann/ws_moveit/install/moveit:/home/buhrmann/ws_moveit/install/moveit_planners:/home/buhrmann/ws_moveit/install/pilz_industrial_motion_planner:/home/buhrmann/ws_moveit/install/pick_ik:/home/buhrmann/ws_moveit/install/object_detection_pcl:/home/buhrmann/ws_moveit/install/object_detection:/home/buhrmann/ws_moveit/install/object_creation:/home/buhrmann/ws_moveit/install/moveit_task_constructor_msgs:/home/buhrmann/ws_moveit/install/moveit_ros_control_interface:/home/buhrmann/ws_moveit/install/moveit_plugins:/home/buhrmann/ws_moveit/install/moveit_simple_controller_manager:/home/buhrmann/ws_moveit/install/moveit_setup_assistant:/home/buhrmann/ws_moveit/install/moveit_setup_srdf_plugins:/home/buhrmann/ws_moveit/install/moveit_setup_core_plugins:/home/buhrmann/ws_moveit/install/moveit_setup_controllers:/home/buhrmann/ws_moveit/install/moveit_setup_app_plugins:/home/buhrmann/ws_moveit/install/moveit_setup_framework:/home/buhrmann/ws_moveit/install/moveit_servo:/home/buhrmann/ws_moveit/install/moveit_ros_trajectory_cache:/home/buhrmann/ws_moveit/install/moveit_ros:/home/buhrmann/ws_moveit/install/moveit_ros_visualization:/home/buhrmann/ws_moveit/install/moveit_py:/home/buhrmann/ws_moveit/install/moveit_hybrid_planning:/home/buhrmann/ws_moveit/install/edit_planning_scene:/home/buhrmann/ws_moveit/install/moveit_ros_planning_interface:/home/buhrmann/ws_moveit/install/moveit_ros_benchmarks:/home/buhrmann/ws_moveit/install/moveit_ros_warehouse:/home/buhrmann/ws_moveit/install/moveit_ros_robot_interaction:/home/buhrmann/ws_moveit/install/moveit_ros_perception:/home/buhrmann/ws_moveit/install/moveit_resources_prbt_pg70_support:/home/buhrmann/ws_moveit/install/moveit_resources_prbt_moveit_config:/home/buhrmann/ws_moveit/install/moveit_ros_move_group:/home/buhrmann/ws_moveit/install/moveit_planners_ompl:/home/buhrmann/ws_moveit/install/moveit_kinematics:/home/buhrmann/ws_moveit/install/moveit_ros_planning:/home/buhrmann/ws_moveit/install/moveit_ros_occupancy_map_monitor:/home/buhrmann/ws_moveit/install/moveit_resources_prbt_support:/home/buhrmann/ws_moveit/install/moveit_resources_prbt_ikfast_manipulator_plugin:/home/buhrmann/ws_moveit/install/moveit_resources:/home/buhrmann/ws_moveit/install/moveit_resources_pr2_description:/home/buhrmann/ws_moveit/install/moveit_resources_panda_moveit_config:/home/buhrmann/ws_moveit/install/dual_arm_panda_moveit_config:/home/buhrmann/ws_moveit/install/moveit_resources_panda_description:/home/buhrmann/ws_moveit/install/moveit_resources_fanuc_moveit_config:/home/buhrmann/ws_moveit/install/moveit_resources_fanuc_description:/home/buhrmann/ws_moveit/install/moveit_planners_stomp:/home/buhrmann/ws_moveit/install/moveit_planners_chomp:/home/buhrmann/ws_moveit/install/chomp_motion_planner:/home/buhrmann/ws_moveit/install/moveit_core:/home/buhrmann/ws_moveit/install/moveit_msgs:/home/buhrmann/ws_moveit/install/moveit_common:/home/buhrmann/ws_moveit/install/kortex_driver:/home/buhrmann/ws_moveit/install/kortex_api:/home/buhrmann/ws_moveit/install/common_services_package:/home/buhrmann/ws_moveit/install/ros2_azure_bridge:/home/buhrmann/ws_moveit/install/moveit_configs_utils:/opt/ros/iron /usr/bin/cmake --install /home/buhrmann/ws_moveit/build/picknik_accessories
