[0.009s] Invoking command in '/home/buhrmann/ws_moveit/build/object_detection': CMAKE_PREFIX_PATH=${CMAKE_PREFIX_PATH}:/home/buhrmann/ws_moveit/install/ros2_azure_bridge:/home/buhrmann/ws_moveit/install/moveit_configs_utils:/opt/ros/iron /usr/bin/cmake --build /home/buhrmann/ws_moveit/build/object_detection -- -j28 -l28
[0.036s] -- Found ament_cmake: 2.0.7 (/opt/ros/iron/share/ament_cmake/cmake)
[0.151s] -- Found rclpy: 4.1.7 (/opt/ros/iron/share/rclpy/cmake)
[0.151s] -- Found sensor_msgs: 5.0.1 (/opt/ros/iron/share/sensor_msgs/cmake)
[0.178s] -- Found rosidl_generator_c: 4.0.1 (/opt/ros/iron/share/rosidl_generator_c/cmake)
[0.184s] -- Found rosidl_generator_cpp: 4.0.1 (/opt/ros/iron/share/rosidl_generator_cpp/cmake)
[0.197s] -- Using all available rosidl_typesupport_c: rosidl_typesupport_fastrtps_c;rosidl_typesupport_introspection_c
[0.211s] -- Using all available rosidl_typesupport_cpp: rosidl_typesupport_fastrtps_cpp;rosidl_typesupport_introspection_cpp
[0.345s] -- Found visualization_msgs: 5.0.1 (/opt/ros/iron/share/visualization_msgs/cmake)
[0.443s] -- Found cv_bridge: 3.5.0 (/opt/ros/iron/share/cv_bridge/cmake)
[0.523s] -- Found rmw_implementation_cmake: 7.1.0 (/opt/ros/iron/share/rmw_implementation_cmake/cmake)
[0.527s] -- Found rmw_fastrtps_cpp: 7.1.4 (/opt/ros/iron/share/rmw_fastrtps_cpp/cmake)
[0.632s] -- Using RMW implementation 'rmw_fastrtps_cpp' as default
[0.745s] -- Found pcl_conversions: 2.5.4 (/opt/ros/iron/share/pcl_conversions/cmake)
[0.887s] -- FLANN found (include: /usr/include, lib: /usr/lib/x86_64-linux-gnu/libflann_cpp.so)
[0.899s] -- OpenNI found (version: 1.5.4.0, include: /usr/include/ni, lib: /usr/lib/libOpenNI.so;libusb::libusb)
[0.904s] -- OpenNI2 found (version: 2.2.0.33, include: /usr/include/openni2, lib: /usr/lib/x86_64-linux-gnu/libOpenNI2.so;libusb::libusb)
[0.909s] -- Could NOT find Pcap (missing: PCAP_LIBRARIES PCAP_INCLUDE_DIRS) 
[1.237s] -- OpenNI found (version: 1.5.4.0, include: /usr/include/ni, lib: /usr/lib/libOpenNI.so;libusb::libusb)
[1.242s] -- OpenNI2 found (version: 2.2.0.33, include: /usr/include/openni2, lib: /usr/lib/x86_64-linux-gnu/libOpenNI2.so;libusb::libusb)
[1.464s] -- Found Qhull version 8.0.2
[1.698s] -- Found ament_lint_auto: 0.14.4 (/opt/ros/iron/share/ament_lint_auto/cmake)
[1.745s] -- Added test 'flake8' to check Python code syntax and style conventions
[1.745s] -- Configured 'flake8' exclude dirs and/or files: 
[1.745s] -- Added test 'lint_cmake' to check CMake code style
[1.745s] -- Added test 'pep257' to check Python code against some of the docstring style conventions in PEP 257
[1.746s] -- Added test 'xmllint' to check XML markup files
[1.747s] -- Configuring done
[1.752s] -- Generating done
[1.754s] -- Build files have been written to: /home/buhrmann/ws_moveit/build/object_detection
[1.782s] Invoked command in '/home/buhrmann/ws_moveit/build/object_detection' returned '0': CMAKE_PREFIX_PATH=${CMAKE_PREFIX_PATH}:/home/buhrmann/ws_moveit/install/ros2_azure_bridge:/home/buhrmann/ws_moveit/install/moveit_configs_utils:/opt/ros/iron /usr/bin/cmake --build /home/buhrmann/ws_moveit/build/object_detection -- -j28 -l28
[1.783s] Invoking command in '/home/buhrmann/ws_moveit/build/object_detection': CMAKE_PREFIX_PATH=${CMAKE_PREFIX_PATH}:/home/buhrmann/ws_moveit/install/ros2_azure_bridge:/home/buhrmann/ws_moveit/install/moveit_configs_utils:/opt/ros/iron /usr/bin/cmake --install /home/buhrmann/ws_moveit/build/object_detection
[1.793s] -- Install configuration: ""
[1.793s] -- Up-to-date: /home/buhrmann/ws_moveit/install/object_detection/lib/object_detection/object_detection.py
[1.793s] -- Up-to-date: /home/buhrmann/ws_moveit/install/object_detection/lib/object_detection/object_detection_facebook.py
[1.793s] -- Up-to-date: /home/buhrmann/ws_moveit/install/object_detection/lib/object_detection/object_detection_coords_publisher.py
[1.793s] -- Up-to-date: /home/buhrmann/ws_moveit/install/object_detection/lib/object_detection/object_detection_facebook_publisher.py
[1.793s] -- Up-to-date: /home/buhrmann/ws_moveit/install/object_detection/lib/object_detection/semantic_segmentation.py
[1.793s] -- Installing: /home/buhrmann/ws_moveit/install/object_detection/lib/object_detection/semantic_segmentation_cup.py
[1.793s] -- Up-to-date: /home/buhrmann/ws_moveit/install/object_detection/share/ament_index/resource_index/package_run_dependencies/object_detection
[1.793s] -- Up-to-date: /home/buhrmann/ws_moveit/install/object_detection/share/ament_index/resource_index/parent_prefix_path/object_detection
[1.793s] -- Up-to-date: /home/buhrmann/ws_moveit/install/object_detection/share/object_detection/environment/ament_prefix_path.sh
[1.793s] -- Up-to-date: /home/buhrmann/ws_moveit/install/object_detection/share/object_detection/environment/ament_prefix_path.dsv
[1.793s] -- Up-to-date: /home/buhrmann/ws_moveit/install/object_detection/share/object_detection/environment/path.sh
[1.793s] -- Up-to-date: /home/buhrmann/ws_moveit/install/object_detection/share/object_detection/environment/path.dsv
[1.793s] -- Up-to-date: /home/buhrmann/ws_moveit/install/object_detection/share/object_detection/local_setup.bash
[1.793s] -- Up-to-date: /home/buhrmann/ws_moveit/install/object_detection/share/object_detection/local_setup.sh
[1.793s] -- Up-to-date: /home/buhrmann/ws_moveit/install/object_detection/share/object_detection/local_setup.zsh
[1.793s] -- Up-to-date: /home/buhrmann/ws_moveit/install/object_detection/share/object_detection/local_setup.dsv
[1.793s] -- Installing: /home/buhrmann/ws_moveit/install/object_detection/share/object_detection/package.dsv
[1.793s] -- Up-to-date: /home/buhrmann/ws_moveit/install/object_detection/share/ament_index/resource_index/packages/object_detection
[1.793s] -- Up-to-date: /home/buhrmann/ws_moveit/install/object_detection/share/object_detection/cmake/object_detectionConfig.cmake
[1.793s] -- Up-to-date: /home/buhrmann/ws_moveit/install/object_detection/share/object_detection/cmake/object_detectionConfig-version.cmake
[1.793s] -- Up-to-date: /home/buhrmann/ws_moveit/install/object_detection/share/object_detection/package.xml
[1.794s] Invoked command in '/home/buhrmann/ws_moveit/build/object_detection' returned '0': CMAKE_PREFIX_PATH=${CMAKE_PREFIX_PATH}:/home/buhrmann/ws_moveit/install/ros2_azure_bridge:/home/buhrmann/ws_moveit/install/moveit_configs_utils:/opt/ros/iron /usr/bin/cmake --install /home/buhrmann/ws_moveit/build/object_detection
