[01m[K/home/buhrmann/ws_moveit/src/point_cloud_circle_detector/src/cup_pointcloud_segmentation_and_coloring.cpp:36:26:[m[K [01;31m[Kerror: [m[K‘[01m[Kcustom_msgs[m[K’ was not declared in this scope; did you mean ‘[01m[Kstd_msgs[m[K’?
   36 |     rclcpp::Subscription<[01;31m[Kcustom_msgs[m[K::msg::RgbdMessage>::SharedPtr rgbd_sub_;
      |                          [01;31m[K^~~~~~~~~~~[m[K
      |                          [32m[Kstd_msgs[m[K
[01m[K/home/buhrmann/ws_moveit/src/point_cloud_circle_detector/src/cup_pointcloud_segmentation_and_coloring.cpp:36:55:[m[K [01;31m[Kerror: [m[Ktemplate argument 1 is invalid
   36 |     rclcpp::Subscription<custom_msgs::msg::RgbdMessage[01;31m[K>[m[K::SharedPtr rgbd_sub_;
      |                                                       [01;31m[K^[m[K
[01m[K/home/buhrmann/ws_moveit/src/point_cloud_circle_detector/src/cup_pointcloud_segmentation_and_coloring.cpp:36:55:[m[K [01;31m[Kerror: [m[Ktemplate argument 3 is invalid
[01m[K/home/buhrmann/ws_moveit/src/point_cloud_circle_detector/src/cup_pointcloud_segmentation_and_coloring.cpp:36:55:[m[K [01;31m[Kerror: [m[Ktemplate argument 4 is invalid
[01m[K/home/buhrmann/ws_moveit/src/point_cloud_circle_detector/src/cup_pointcloud_segmentation_and_coloring.cpp:36:55:[m[K [01;31m[Kerror: [m[Ktemplate argument 5 is invalid
[01m[K/home/buhrmann/ws_moveit/src/point_cloud_circle_detector/src/cup_pointcloud_segmentation_and_coloring.cpp:36:58:[m[K [01;31m[Kerror: [m[Kexpected ‘[01m[K;[m[K’ at end of member declaration
   36 |     rclcpp::Subscription<custom_msgs::msg::RgbdMessage>::[01;31m[KSharedPtr[m[K rgbd_sub_;
      |                                                          [01;31m[K^~~~~~~~~[m[K
      |                                                                   [32m[K;[m[K
[01m[K/home/buhrmann/ws_moveit/src/point_cloud_circle_detector/src/cup_pointcloud_segmentation_and_coloring.cpp:36:68:[m[K [01;31m[Kerror: [m[K‘[01m[Krgbd_sub_[m[K’ does not name a type
   36 |     rclcpp::Subscription<custom_msgs::msg::RgbdMessage>::SharedPtr [01;31m[Krgbd_sub_[m[K;
      |                                                                    [01;31m[K^~~~~~~~~[m[K
[01m[K/home/buhrmann/ws_moveit/src/point_cloud_circle_detector/src/cup_pointcloud_segmentation_and_coloring.cpp:[m[K In constructor ‘[01m[KHeaderAnalyzer::HeaderAnalyzer()[m[K’:
[01m[K/home/buhrmann/ws_moveit/src/point_cloud_circle_detector/src/cup_pointcloud_segmentation_and_coloring.cpp:9:9:[m[K [01;31m[Kerror: [m[K‘[01m[Krgbd_sub_[m[K’ was not declared in this scope
    9 |         [01;31m[Krgbd_sub_[m[K = create_subscription<custom_msgs::msg::RgbdMessage>(
      |         [01;31m[K^~~~~~~~~[m[K
[01m[K/home/buhrmann/ws_moveit/src/point_cloud_circle_detector/src/cup_pointcloud_segmentation_and_coloring.cpp:9:41:[m[K [01;31m[Kerror: [m[K‘[01m[Kcustom_msgs[m[K’ was not declared in this scope; did you mean ‘[01m[Kstd_msgs[m[K’?
    9 |         rgbd_sub_ = create_subscription<[01;31m[Kcustom_msgs[m[K::msg::RgbdMessage>(
      |                                         [01;31m[K^~~~~~~~~~~[m[K
      |                                         [32m[Kstd_msgs[m[K
[01m[K/home/buhrmann/ws_moveit/src/point_cloud_circle_detector/src/cup_pointcloud_segmentation_and_coloring.cpp:9:21:[m[K [01;31m[Kerror: [m[Kparse error in template argument list
    9 |         rgbd_sub_ = [01;31m[Kcreate_subscription<custom_msgs::msg::RgbdMessage>[m[K(
      |                     [01;31m[K^~~~~~~~~~~~~~~~~~~~~~~~~~~~~~~~~~~~~~~~~~~~~~~~~~[m[K
[01m[K/home/buhrmann/ws_moveit/src/point_cloud_circle_detector/src/cup_pointcloud_segmentation_and_coloring.cpp:9:71:[m[K [01;31m[Kerror: [m[Kno matching function for call to ‘[01m[KHeaderAnalyzer::create_subscription<<expression error> >(const char [13], int, std::_Bind_helper<false, void (HeaderAnalyzer::*)(std::shared_ptr<sensor_msgs::msg::Image_<std::allocator<void> > >), HeaderAnalyzer*, const std::_Placeholder<1>&>::type)[m[K’
    9 |         rgbd_sub_ = [01;31m[Kcreate_subscription<custom_msgs::msg::RgbdMessage>([m[K
      |                     [01;31m[K~~~~~~~~~~~~~~~~~~~~~~~~~~~~~~~~~~~~~~~~~~~~~~~~~~^[m[K
   10 | [01;31m[K            "/camera/rgbd", 10,[m[K
      |             [01;31m[K~~~~~~~~~~~~~~~~~~~[m[K                                        
   11 | [01;31m[K            std::bind(&HeaderAnalyzer::rgbdCallback, this, std::placeholders::_1)[m[K
      |             [01;31m[K~~~~~~~~~~~~~~~~~~~~~~~~~~~~~~~~~~~~~~~~~~~~~~~~~~~~~~~~~~~~~~~~~~~~~[m[K
   12 | [01;31m[K        )[m[K;
      |         [01;31m[K~[m[K                                                              
In file included from [01m[K/opt/ros/iron/include/rclcpp/rclcpp/executors/single_threaded_executor.hpp:28[m[K,
                 from [01m[K/opt/ros/iron/include/rclcpp/rclcpp/executors.hpp:22[m[K,
                 from [01m[K/opt/ros/iron/include/rclcpp/rclcpp/rclcpp.hpp:167[m[K,
                 from [01m[K/home/buhrmann/ws_moveit/src/point_cloud_circle_detector/src/cup_pointcloud_segmentation_and_coloring.cpp:1[m[K:
[01m[K/opt/ros/iron/include/rclcpp/rclcpp/node.hpp:220:3:[m[K [01;36m[Knote: [m[Kcandidate: ‘[01m[Ktemplate<class MessageT, class CallbackT, class AllocatorT, class SubscriptionT, class MessageMemoryStrategyT> std::shared_ptr<ROSMessageT> rclcpp::Node::create_subscription(const string&, const rclcpp::QoS&, CallbackT&&, const rclcpp::SubscriptionOptionsWithAllocator<AllocatorT>&, typename MessageMemoryStrategyT::SharedPtr)[m[K’
  220 |   [01;36m[Kcreate_subscription[m[K(
      |   [01;36m[K^~~~~~~~~~~~~~~~~~~[m[K
[01m[K/opt/ros/iron/include/rclcpp/rclcpp/node.hpp:220:3:[m[K [01;36m[Knote: [m[K  template argument deduction/substitution failed:
[01m[K/home/buhrmann/ws_moveit/src/point_cloud_circle_detector/src/cup_pointcloud_segmentation_and_coloring.cpp:9:71:[m[K [01;31m[Kerror: [m[Ktemplate argument 1 is invalid
    9 |         rgbd_sub_ = [01;31m[Kcreate_subscription<custom_msgs::msg::RgbdMessage>([m[K
      |                     [01;31m[K~~~~~~~~~~~~~~~~~~~~~~~~~~~~~~~~~~~~~~~~~~~~~~~~~~^[m[K
   10 | [01;31m[K            "/camera/rgbd", 10,[m[K
      |             [01;31m[K~~~~~~~~~~~~~~~~~~~[m[K                                        
   11 | [01;31m[K            std::bind(&HeaderAnalyzer::rgbdCallback, this, std::placeholders::_1)[m[K
      |             [01;31m[K~~~~~~~~~~~~~~~~~~~~~~~~~~~~~~~~~~~~~~~~~~~~~~~~~~~~~~~~~~~~~~~~~~~~~[m[K
   12 | [01;31m[K        )[m[K;
      |         [01;31m[K~[m[K                                                              
gmake[2]: *** [CMakeFiles/cup_pointcloud_segmentation_color.dir/build.make:76: CMakeFiles/cup_pointcloud_segmentation_color.dir/src/cup_pointcloud_segmentation_and_coloring.cpp.o] Error 1
gmake[1]: *** [CMakeFiles/Makefile2:389: CMakeFiles/cup_pointcloud_segmentation_color.dir/all] Error 2
gmake: *** [Makefile:146: all] Error 2
