[  1%] Built target gmock
[  2%] Built target moveit_acceleration_filter_parameters
[  3%] Built target moveit_smoothing_base
[  4%] Built target gtest_main
[  5%] [34m[1mGenerate version header[0m
[  8%] Built target moveit_utils
[ 10%] Built target gmock_main
[ 10%] Built target moveit_butterworth_filter_parameters
[ 11%] Built target gtest
[ 12%] Built target moveit_ruckig_filter_parameters
[ 13%] [34m[1mGenerating version.h[0m
[ 14%] Built target logger_dut
[ 15%] Built target moveit_exceptions
[ 15%] Built target version_h
[ 16%] Built target moveit_transforms
[ 19%] Built target moveit_distance_field
[ 20%] Built target moveit_version
[ 21%] Built target test_transforms
[ 27%] Built target moveit_robot_model
[ 28%] Built target test_voxel_grid
[ 29%] Built target test_distance_field
[ 30%] Built target moveit_kinematics_base
[ 31%] Built target moveit_butterworth_filter
[ 34%] Built target moveit_robot_state
[ 35%] Built target moveit_test_utils
[ 36%] Built target test_butterworth_filter
[ 37%] Built target moveit_dynamics_solver
[ 38%] Built target moveit_robot_trajectory
[ 39%] Built target moveit_acceleration_filter
[ 40%] Built target moveit_ruckig_filter
[ 43%] Built target moveit_kinematics_metrics
[ 43%] Built target test_cartesian_interpolator
[ 44%] Built target test_robot_state
[ 46%] Built target test_aabb
[ 47%] Built target robot_state_benchmark
[ 53%] Built target moveit_collision_detection
[ 54%] Built target test_robot_model
[ 55%] Built target test_robot_state_complex
[ 56%] Built target test_acceleration_filter
[ 58%] Built target test_robot_trajectory
[ 59%] Built target test_world_diff
[ 61%] Built target moveit_trajectory_processing
[ 62%] Built target test_world
[ 63%] Built target moveit_collision_detection_fcl
[ 64%] Built target test_all_valid
[ 69%] Built target moveit_collision_detection_bullet
[ 70%] Built target test_time_optimal_trajectory_generation
[ 71%] Built target test_ruckig_traj_smoothing
[ 72%] Built target robot_trajectory_benchmark
[ 73%] Built target test_fcl_collision_detection
[ 74%] Built target test_fcl_collision_env
[ 76%] Built target test_fcl_collision_detection_panda
[ 77%] Built target test_bullet_collision_detection_panda
[ 78%] Built target test_bullet_continuous_collision_checking
[ 80%] Built target moveit_kinematic_constraints
[ 81%] Built target test_bullet_collision_detection
[ 82%] Built target test_constraints
[ 83%] Built target test_orientation_constraints
[ 84%] Built target moveit_planning_scene
[ 85%] Built target test_collision_objects
[ 86%] Built target collision_detector_bullet_plugin
[ 87%] Built target collision_detector_fcl_plugin
[ 89%] Built target test_multi_threaded
[ 89%] Built target test_planning_scene
[ 92%] Built target moveit_collision_distance_field
[ 94%] Built target moveit_planning_interface
[ 97%] Built target moveit_constraint_samplers
[ 98%] Built target test_collision_distance_field
[100%] Built target test_constraint_samplers
