[0.518s] Invoking command in '/home/buhrmann/ws_moveit/build/ur5_description_controller': CMAKE_PREFIX_PATH=${CMAKE_PREFIX_PATH}:/home/buhrmann/ws_moveit/install/ros2_azure_bridge:/home/buhrmann/ws_moveit/install/moveit_configs_utils:/opt/ros/iron /usr/bin/cmake --build /home/buhrmann/ws_moveit/build/ur5_description_controller -- -j28 -l28
[1.096s] Invoked command in '/home/buhrmann/ws_moveit/build/ur5_description_controller' returned '0': CMAKE_PREFIX_PATH=${CMAKE_PREFIX_PATH}:/home/buhrmann/ws_moveit/install/ros2_azure_bridge:/home/buhrmann/ws_moveit/install/moveit_configs_utils:/opt/ros/iron /usr/bin/cmake --build /home/buhrmann/ws_moveit/build/ur5_description_controller -- -j28 -l28
[1.168s] Invoking command in '/home/buhrmann/ws_moveit/build/ur5_description_controller': CMAKE_PREFIX_PATH=${CMAKE_PREFIX_PATH}:/home/buhrmann/ws_moveit/install/ros2_azure_bridge:/home/buhrmann/ws_moveit/install/moveit_configs_utils:/opt/ros/iron /usr/bin/cmake --install /home/buhrmann/ws_moveit/build/ur5_description_controller
[1.200s] -- Install configuration: ""
[1.200s] -- Up-to-date: /home/buhrmann/ws_moveit/install/ur5_description_controller/share/ur5_description_controller/launch
[1.200s] -- Up-to-date: /home/buhrmann/ws_moveit/install/ur5_description_controller/share/ur5_description_controller/launch/command
[1.200s] -- Up-to-date: /home/buhrmann/ws_moveit/install/ur5_description_controller/share/ur5_description_controller/launch/command_namespaces
[1.200s] -- Up-to-date: /home/buhrmann/ws_moveit/install/ur5_description_controller/share/ur5_description_controller/launch/ur5.launch.py
[1.205s] -- Up-to-date: /home/buhrmann/ws_moveit/install/ur5_description_controller/share/ur5_description_controller/launch/command_namespaces2
[1.205s] -- Up-to-date: /home/buhrmann/ws_moveit/install/ur5_description_controller/share/ur5_description_controller/launch/ur_control.launch.py
[1.205s] -- Up-to-date: /home/buhrmann/ws_moveit/install/ur5_description_controller/share/ur5_description_controller/launch/ur_control.namespace.launch.py
[1.205s] -- Up-to-date: /home/buhrmann/ws_moveit/install/ur5_description_controller/share/ur5_description_controller/config
[1.205s] -- Up-to-date: /home/buhrmann/ws_moveit/install/ur5_description_controller/share/ur5_description_controller/config/my_robot_calibration.yaml
[1.205s] -- Up-to-date: /home/buhrmann/ws_moveit/install/ur5_description_controller/share/ur5_description_controller/config/ur5
[1.205s] -- Up-to-date: /home/buhrmann/ws_moveit/install/ur5_description_controller/share/ur5_description_controller/config/ur5/joint_limits.yaml
[1.205s] -- Up-to-date: /home/buhrmann/ws_moveit/install/ur5_description_controller/share/ur5_description_controller/config/ur5/physical_parameters.yaml
[1.205s] -- Up-to-date: /home/buhrmann/ws_moveit/install/ur5_description_controller/share/ur5_description_controller/config/ur5/default_kinematics.yaml
[1.206s] -- Up-to-date: /home/buhrmann/ws_moveit/install/ur5_description_controller/share/ur5_description_controller/config/ur5/visual_parameters.yaml
[1.206s] -- Up-to-date: /home/buhrmann/ws_moveit/install/ur5_description_controller/share/ur5_description_controller/config/ur_namespace_controllers.yaml
[1.206s] -- Up-to-date: /home/buhrmann/ws_moveit/install/ur5_description_controller/share/ur5_description_controller/config/ur_controllers.yaml
[1.206s] -- Up-to-date: /home/buhrmann/ws_moveit/install/ur5_description_controller/share/ur5_description_controller/urdf
[1.206s] -- Up-to-date: /home/buhrmann/ws_moveit/install/ur5_description_controller/share/ur5_description_controller/urdf/ur.urdf.xacro
[1.206s] -- Up-to-date: /home/buhrmann/ws_moveit/install/ur5_description_controller/share/ur5_description_controller/rviz
[1.206s] -- Up-to-date: /home/buhrmann/ws_moveit/install/ur5_description_controller/share/ur5_description_controller/rviz/view_robot.rviz
[1.206s] -- Up-to-date: /home/buhrmann/ws_moveit/install/ur5_description_controller/share/ur5_description_controller/meshes
[1.206s] -- Up-to-date: /home/buhrmann/ws_moveit/install/ur5_description_controller/share/ur5_description_controller/meshes/Tischplatte_korrigiert.obj
[1.206s] -- Up-to-date: /home/buhrmann/ws_moveit/install/ur5_description_controller/share/ur5_description_controller/meshes/sensor_dummy
[1.206s] -- Up-to-date: /home/buhrmann/ws_moveit/install/ur5_description_controller/share/ur5_description_controller/meshes/sensor_dummy/Sensor_Halterung.stl
[1.206s] -- Up-to-date: /home/buhrmann/ws_moveit/install/ur5_description_controller/share/ur5_description_controller/meshes/sensor_dummy/Sensor.stl
[1.207s] -- Up-to-date: /home/buhrmann/ws_moveit/install/ur5_description_controller/share/ur5_description_controller/meshes/Tischplatte_korrigiert.dae
[1.207s] -- Up-to-date: /home/buhrmann/ws_moveit/install/ur5_description_controller/share/ur5_description_controller/meshes/Tischplatte_korrigiert.stl
[1.207s] -- Up-to-date: /home/buhrmann/ws_moveit/install/ur5_description_controller/share/ur5_description_controller/meshes/Tischplatte_korrigiert.mtl
[1.207s] -- Up-to-date: /home/buhrmann/ws_moveit/install/ur5_description_controller/share/ur5_description_controller/meshes/wrist_camera
[1.207s] -- Up-to-date: /home/buhrmann/ws_moveit/install/ur5_description_controller/share/ur5_description_controller/meshes/wrist_camera/wrist_camera.dae
[1.223s] -- Up-to-date: /home/buhrmann/ws_moveit/install/ur5_description_controller/share/ur5_description_controller/meshes/wrist_camera/wrist_camera.stl
[1.223s] -- Up-to-date: /home/buhrmann/ws_moveit/install/ur5_description_controller/share/ament_index/resource_index/package_run_dependencies/ur5_description_controller
[1.223s] -- Up-to-date: /home/buhrmann/ws_moveit/install/ur5_description_controller/share/ament_index/resource_index/parent_prefix_path/ur5_description_controller
[1.223s] -- Up-to-date: /home/buhrmann/ws_moveit/install/ur5_description_controller/share/ur5_description_controller/environment/ament_prefix_path.sh
[1.223s] -- Up-to-date: /home/buhrmann/ws_moveit/install/ur5_description_controller/share/ur5_description_controller/environment/ament_prefix_path.dsv
[1.223s] -- Up-to-date: /home/buhrmann/ws_moveit/install/ur5_description_controller/share/ur5_description_controller/environment/path.sh
[1.223s] -- Up-to-date: /home/buhrmann/ws_moveit/install/ur5_description_controller/share/ur5_description_controller/environment/path.dsv
[1.223s] -- Up-to-date: /home/buhrmann/ws_moveit/install/ur5_description_controller/share/ur5_description_controller/local_setup.bash
[1.223s] -- Up-to-date: /home/buhrmann/ws_moveit/install/ur5_description_controller/share/ur5_description_controller/local_setup.sh
[1.223s] -- Up-to-date: /home/buhrmann/ws_moveit/install/ur5_description_controller/share/ur5_description_controller/local_setup.zsh
[1.223s] -- Up-to-date: /home/buhrmann/ws_moveit/install/ur5_description_controller/share/ur5_description_controller/local_setup.dsv
[1.223s] -- Installing: /home/buhrmann/ws_moveit/install/ur5_description_controller/share/ur5_description_controller/package.dsv
[1.224s] -- Up-to-date: /home/buhrmann/ws_moveit/install/ur5_description_controller/share/ament_index/resource_index/packages/ur5_description_controller
[1.224s] -- Up-to-date: /home/buhrmann/ws_moveit/install/ur5_description_controller/share/ur5_description_controller/cmake/ur5_description_controllerConfig.cmake
[1.224s] -- Up-to-date: /home/buhrmann/ws_moveit/install/ur5_description_controller/share/ur5_description_controller/cmake/ur5_description_controllerConfig-version.cmake
[1.224s] -- Up-to-date: /home/buhrmann/ws_moveit/install/ur5_description_controller/share/ur5_description_controller/package.xml
[1.472s] Invoked command in '/home/buhrmann/ws_moveit/build/ur5_description_controller' returned '0': CMAKE_PREFIX_PATH=${CMAKE_PREFIX_PATH}:/home/buhrmann/ws_moveit/install/ros2_azure_bridge:/home/buhrmann/ws_moveit/install/moveit_configs_utils:/opt/ros/iron /usr/bin/cmake --install /home/buhrmann/ws_moveit/build/ur5_description_controller
