[  1%] Built target gtest
[  2%] Built target gtest_main
[  3%] Built target gmock
[  5%] Built target gmock_main
[  6%] Built target moveit_acceleration_filter_parameters
[  7%] Built target moveit_ruckig_filter_parameters
[  6%] Built target moveit_butterworth_filter_parameters
[  8%] [34m[1mGenerate version header[0m
[ 11%] Built target moveit_utils
[ 12%] Built target moveit_smoothing_base
[ 13%] Built target moveit_exceptions
[ 14%] Built target logger_dut
[ 15%] [34m[1mGenerating version.h[0m
[ 16%] Built target moveit_transforms
[ 19%] Built target moveit_distance_field
[ 19%] Built target version_h
[ 20%] Built target test_transforms
[ 26%] Built target moveit_robot_model
[ 27%] Built target test_voxel_grid
[ 28%] Built target moveit_version
[ 29%] Built target test_distance_field
[ 30%] Built target moveit_kinematics_base
[ 31%] Built target moveit_butterworth_filter
[ 34%] Built target moveit_robot_state
[ 35%] Built target test_butterworth_filter
[ 36%] Built target moveit_test_utils
[ 37%] Built target moveit_robot_trajectory
[ 38%] Built target moveit_dynamics_solver
[ 39%] Built target test_robot_state_complex
[ 40%] Built target moveit_ruckig_filter
[ 41%] Built target test_robot_model
[ 47%] Built target moveit_collision_detection
[ 48%] Built target moveit_acceleration_filter
[ 49%] Built target moveit_kinematics_metrics
[ 50%] Built target test_robot_state
[ 52%] Built target test_aabb
[ 54%] Built target test_cartesian_interpolator
[ 55%] Built target robot_state_benchmark
[ 56%] Built target test_world
[ 57%] Built target test_world_diff
[ 59%] Built target test_robot_trajectory
[ 61%] Built target moveit_trajectory_processing
[ 62%] Built target moveit_collision_detection_fcl
[ 63%] Built target test_acceleration_filter
[ 66%] Built target test_all_valid
[ 69%] Built target moveit_collision_detection_bullet
[ 70%] Built target test_time_optimal_trajectory_generation
[ 71%] Built target test_ruckig_traj_smoothing
[ 72%] Built target robot_trajectory_benchmark
[ 74%] Built target moveit_kinematic_constraints
[ 75%] Built target test_fcl_collision_detection
[ 76%] Built target test_bullet_collision_detection
[ 77%] Built target test_fcl_collision_env
[ 78%] Built target test_bullet_continuous_collision_checking
[ 79%] Built target test_bullet_collision_detection_panda
[ 81%] Built target test_fcl_collision_detection_panda
[ 82%] Built target test_constraints
[ 83%] Built target moveit_planning_scene
[ 84%] Built target test_orientation_constraints
[ 85%] Built target test_multi_threaded
[ 87%] Built target moveit_planning_interface
[ 88%] Built target collision_detector_bullet_plugin
[ 89%] Built target test_planning_scene
[ 90%] Built target test_collision_objects
[ 91%] Built target collision_detector_fcl_plugin
[ 94%] Built target moveit_collision_distance_field
[ 97%] Built target moveit_constraint_samplers
[ 98%] Built target test_collision_distance_field
[100%] Built target test_constraint_samplers
