[0.008s] Invoking command in '/home/buhrmann/ws_moveit/build/point_cloud_circle_detector': CMAKE_PREFIX_PATH=${CMAKE_PREFIX_PATH}:/home/buhrmann/ws_moveit/install/moveit_configs_utils:/opt/ros/iron /usr/bin/cmake --build /home/buhrmann/ws_moveit/build/point_cloud_circle_detector -- -j28 -l28
[0.026s] -- Found ament_cmake: 2.0.7 (/opt/ros/iron/share/ament_cmake/cmake)
[0.103s] -- Found sensor_msgs: 5.0.1 (/opt/ros/iron/share/sensor_msgs/cmake)
[0.116s] -- Found rosidl_generator_c: 4.0.1 (/opt/ros/iron/share/rosidl_generator_c/cmake)
[0.120s] -- Found rosidl_generator_cpp: 4.0.1 (/opt/ros/iron/share/rosidl_generator_cpp/cmake)
[0.127s] -- Using all available rosidl_typesupport_c: rosidl_typesupport_fastrtps_c;rosidl_typesupport_introspection_c
[0.136s] -- Using all available rosidl_typesupport_cpp: rosidl_typesupport_fastrtps_cpp;rosidl_typesupport_introspection_cpp
[0.233s] -- Found rclcpp: 21.0.8 (/opt/ros/iron/share/rclcpp/cmake)
[0.280s] -- Found rmw_implementation_cmake: 7.1.0 (/opt/ros/iron/share/rmw_implementation_cmake/cmake)
[0.283s] -- Found rmw_fastrtps_cpp: 7.1.4 (/opt/ros/iron/share/rmw_fastrtps_cpp/cmake)
[0.359s] -- Using RMW implementation 'rmw_fastrtps_cpp' as default
[0.439s] -- Found pcl_conversions: 2.5.4 (/opt/ros/iron/share/pcl_conversions/cmake)
[0.550s] -- FLANN found (include: /usr/include, lib: /usr/lib/x86_64-linux-gnu/libflann_cpp.so)
[0.558s] -- OpenNI found (version: 1.5.4.0, include: /usr/include/ni, lib: /usr/lib/libOpenNI.so;libusb::libusb)
[0.561s] -- OpenNI2 found (version: 2.2.0.33, include: /usr/include/openni2, lib: /usr/lib/x86_64-linux-gnu/libOpenNI2.so;libusb::libusb)
[0.563s] -- Could NOT find Pcap (missing: PCAP_LIBRARIES PCAP_INCLUDE_DIRS) 
[0.772s] -- OpenNI found (version: 1.5.4.0, include: /usr/include/ni, lib: /usr/lib/libOpenNI.so;libusb::libusb)
[0.776s] -- OpenNI2 found (version: 2.2.0.33, include: /usr/include/openni2, lib: /usr/lib/x86_64-linux-gnu/libOpenNI2.so;libusb::libusb)
[0.961s] -- Found Qhull version 8.0.2
[1.162s] [33mCMake Warning (dev) at CMakeLists.txt:22 (find_package):
[1.162s]   Policy CMP0074 is not set: find_package uses <PackageName>_ROOT variables.
[1.162s]   Run "cmake --help-policy CMP0074" for policy details.  Use the cmake_policy
[1.162s]   command to set the policy and suppress this warning.
[1.162s] 
[1.162s]   CMake variable PCL_ROOT is set to:
[1.162s] 
[1.162s]     /usr/local
[1.162s] 
[1.162s]   For compatibility, CMake is ignoring the variable.
[1.162s] This warning is for project developers.  Use -Wno-dev to suppress it.
[1.162s] [0m
[1.168s] [31mCMake Error at CMakeLists.txt:22 (find_package):
[1.169s]   Could not find a configuration file for package "PCL" that exactly matches
[1.169s]   requested version "1.14".
[1.169s] 
[1.169s]   The following configuration files were considered but not accepted:
[1.169s] 
[1.169s]     /usr/local/share/pcl-1.14/PCLConfig.cmake, version: 1.14.1
[1.169s]     /usr/lib/x86_64-linux-gnu/cmake/pcl/PCLConfig.cmake, version: 1.12.1
[1.169s]     /lib/x86_64-linux-gnu/cmake/pcl/PCLConfig.cmake, version: 1.12.1
[1.169s] 
[1.169s] 
[1.169s] [0m
[1.169s] -- Configuring incomplete, errors occurred!
[1.169s] See also "/home/buhrmann/ws_moveit/build/point_cloud_circle_detector/CMakeFiles/CMakeOutput.log".
[1.176s] gmake: *** [Makefile:472: cmake_check_build_system] Error 1
[1.178s] Invoked command in '/home/buhrmann/ws_moveit/build/point_cloud_circle_detector' returned '2': CMAKE_PREFIX_PATH=${CMAKE_PREFIX_PATH}:/home/buhrmann/ws_moveit/install/moveit_configs_utils:/opt/ros/iron /usr/bin/cmake --build /home/buhrmann/ws_moveit/build/point_cloud_circle_detector -- -j28 -l28
