[0.056s] Invoking command in '/home/buhrmann/ws_moveit/build/moveit_resources_panda_description': CMAKE_PREFIX_PATH=${CMAKE_PREFIX_PATH}:/home/buhrmann/ws_moveit/install/moveit_configs_utils:/opt/ros/iron /usr/bin/cmake /home/buhrmann/ws_moveit/src/moveit_resources/panda_description -DAMENT_CMAKE_SYMLINK_INSTALL=1 -DCMAKE_INSTALL_PREFIX=/home/buhrmann/ws_moveit/install/moveit_resources_panda_description
[0.201s] -- Found ament_cmake: 2.0.7 (/opt/ros/iron/share/ament_cmake/cmake)
[0.201s] -- Override CMake install command with custom implementation using symlinks instead of copying resources
[0.201s] -- Configuring done
[0.201s] -- Generating done
[0.201s] -- Build files have been written to: /home/buhrmann/ws_moveit/build/moveit_resources_panda_description
[0.214s] Invoked command in '/home/buhrmann/ws_moveit/build/moveit_resources_panda_description' returned '0': CMAKE_PREFIX_PATH=${CMAKE_PREFIX_PATH}:/home/buhrmann/ws_moveit/install/moveit_configs_utils:/opt/ros/iron /usr/bin/cmake /home/buhrmann/ws_moveit/src/moveit_resources/panda_description -DAMENT_CMAKE_SYMLINK_INSTALL=1 -DCMAKE_INSTALL_PREFIX=/home/buhrmann/ws_moveit/install/moveit_resources_panda_description
[0.215s] Invoking command in '/home/buhrmann/ws_moveit/build/moveit_resources_panda_description': CMAKE_PREFIX_PATH=${CMAKE_PREFIX_PATH}:/home/buhrmann/ws_moveit/install/moveit_configs_utils:/opt/ros/iron /usr/bin/cmake --build /home/buhrmann/ws_moveit/build/moveit_resources_panda_description -- -j28 -l28
[0.245s] Invoked command in '/home/buhrmann/ws_moveit/build/moveit_resources_panda_description' returned '0': CMAKE_PREFIX_PATH=${CMAKE_PREFIX_PATH}:/home/buhrmann/ws_moveit/install/moveit_configs_utils:/opt/ros/iron /usr/bin/cmake --build /home/buhrmann/ws_moveit/build/moveit_resources_panda_description -- -j28 -l28
[0.246s] Invoking command in '/home/buhrmann/ws_moveit/build/moveit_resources_panda_description': CMAKE_PREFIX_PATH=${CMAKE_PREFIX_PATH}:/home/buhrmann/ws_moveit/install/moveit_configs_utils:/opt/ros/iron /usr/bin/cmake --install /home/buhrmann/ws_moveit/build/moveit_resources_panda_description
[0.253s] -- Install configuration: ""
[0.253s] -- Execute custom install script
[0.253s] -- Symlinking: /home/buhrmann/ws_moveit/install/moveit_resources_panda_description/share/ament_index/resource_index/package_run_dependencies/moveit_resources_panda_description
[0.263s] -- Symlinking: /home/buhrmann/ws_moveit/install/moveit_resources_panda_description/share/ament_index/resource_index/parent_prefix_path/moveit_resources_panda_description
[0.272s] -- Symlinking: /home/buhrmann/ws_moveit/install/moveit_resources_panda_description/share/moveit_resources_panda_description/environment/ament_prefix_path.sh
[0.278s] -- Symlinking: /home/buhrmann/ws_moveit/install/moveit_resources_panda_description/share/moveit_resources_panda_description/environment/ament_prefix_path.dsv
[0.287s] -- Symlinking: /home/buhrmann/ws_moveit/install/moveit_resources_panda_description/share/moveit_resources_panda_description/environment/path.sh
[0.295s] -- Symlinking: /home/buhrmann/ws_moveit/install/moveit_resources_panda_description/share/moveit_resources_panda_description/environment/path.dsv
[0.301s] -- Symlinking: /home/buhrmann/ws_moveit/install/moveit_resources_panda_description/share/moveit_resources_panda_description/local_setup.bash
[0.308s] -- Symlinking: /home/buhrmann/ws_moveit/install/moveit_resources_panda_description/share/moveit_resources_panda_description/local_setup.sh
[0.314s] -- Symlinking: /home/buhrmann/ws_moveit/install/moveit_resources_panda_description/share/moveit_resources_panda_description/local_setup.zsh
[0.319s] -- Symlinking: /home/buhrmann/ws_moveit/install/moveit_resources_panda_description/share/moveit_resources_panda_description/local_setup.dsv
[0.327s] -- Symlinking: /home/buhrmann/ws_moveit/install/moveit_resources_panda_description/share/moveit_resources_panda_description/package.dsv
[0.334s] -- Symlinking: /home/buhrmann/ws_moveit/install/moveit_resources_panda_description/share/ament_index/resource_index/packages/moveit_resources_panda_description
[0.341s] -- Symlinking: /home/buhrmann/ws_moveit/install/moveit_resources_panda_description/share/moveit_resources_panda_description/cmake/moveit_resources_panda_descriptionConfig.cmake
[0.347s] -- Symlinking: /home/buhrmann/ws_moveit/install/moveit_resources_panda_description/share/moveit_resources_panda_description/cmake/moveit_resources_panda_descriptionConfig-version.cmake
[0.352s] -- Symlinking: /home/buhrmann/ws_moveit/install/moveit_resources_panda_description/share/moveit_resources_panda_description/package.xml
[0.358s] -- Symlinking: /home/buhrmann/ws_moveit/install/moveit_resources_panda_description/share/moveit_resources_panda_description/meshes/collision/finger.stl
[0.366s] -- Symlinking: /home/buhrmann/ws_moveit/install/moveit_resources_panda_description/share/moveit_resources_panda_description/meshes/collision/hand.stl
[0.371s] -- Symlinking: /home/buhrmann/ws_moveit/install/moveit_resources_panda_description/share/moveit_resources_panda_description/meshes/collision/link0.stl
[0.379s] -- Symlinking: /home/buhrmann/ws_moveit/install/moveit_resources_panda_description/share/moveit_resources_panda_description/meshes/collision/link1.stl
[0.385s] -- Symlinking: /home/buhrmann/ws_moveit/install/moveit_resources_panda_description/share/moveit_resources_panda_description/meshes/collision/link2.stl
[0.392s] -- Symlinking: /home/buhrmann/ws_moveit/install/moveit_resources_panda_description/share/moveit_resources_panda_description/meshes/collision/link3.stl
[0.400s] -- Symlinking: /home/buhrmann/ws_moveit/install/moveit_resources_panda_description/share/moveit_resources_panda_description/meshes/collision/link4.stl
[0.407s] -- Symlinking: /home/buhrmann/ws_moveit/install/moveit_resources_panda_description/share/moveit_resources_panda_description/meshes/collision/link5.stl
[0.413s] -- Symlinking: /home/buhrmann/ws_moveit/install/moveit_resources_panda_description/share/moveit_resources_panda_description/meshes/collision/link6.stl
[0.419s] -- Symlinking: /home/buhrmann/ws_moveit/install/moveit_resources_panda_description/share/moveit_resources_panda_description/meshes/collision/link7.stl
[0.425s] -- Symlinking: /home/buhrmann/ws_moveit/install/moveit_resources_panda_description/share/moveit_resources_panda_description/meshes/visual/finger.dae
[0.432s] -- Symlinking: /home/buhrmann/ws_moveit/install/moveit_resources_panda_description/share/moveit_resources_panda_description/meshes/visual/hand.dae
[0.438s] -- Symlinking: /home/buhrmann/ws_moveit/install/moveit_resources_panda_description/share/moveit_resources_panda_description/meshes/visual/link0.dae
[0.445s] -- Symlinking: /home/buhrmann/ws_moveit/install/moveit_resources_panda_description/share/moveit_resources_panda_description/meshes/visual/link1.dae
[0.450s] -- Symlinking: /home/buhrmann/ws_moveit/install/moveit_resources_panda_description/share/moveit_resources_panda_description/meshes/visual/link2.dae
[0.458s] -- Symlinking: /home/buhrmann/ws_moveit/install/moveit_resources_panda_description/share/moveit_resources_panda_description/meshes/visual/link3.dae
[0.464s] -- Symlinking: /home/buhrmann/ws_moveit/install/moveit_resources_panda_description/share/moveit_resources_panda_description/meshes/visual/link4.dae
[0.470s] -- Symlinking: /home/buhrmann/ws_moveit/install/moveit_resources_panda_description/share/moveit_resources_panda_description/meshes/visual/link5.dae
[0.477s] -- Symlinking: /home/buhrmann/ws_moveit/install/moveit_resources_panda_description/share/moveit_resources_panda_description/meshes/visual/link6.dae
[0.486s] -- Symlinking: /home/buhrmann/ws_moveit/install/moveit_resources_panda_description/share/moveit_resources_panda_description/meshes/visual/link7.dae
[0.493s] -- Symlinking: /home/buhrmann/ws_moveit/install/moveit_resources_panda_description/share/moveit_resources_panda_description/urdf/panda.urdf
[0.502s] -- Symlinking: /home/buhrmann/ws_moveit/install/moveit_resources_panda_description/share/moveit_resources_panda_description/urdf/panda.urdf.xacro
[0.510s] Invoked command in '/home/buhrmann/ws_moveit/build/moveit_resources_panda_description' returned '0': CMAKE_PREFIX_PATH=${CMAKE_PREFIX_PATH}:/home/buhrmann/ws_moveit/install/moveit_configs_utils:/opt/ros/iron /usr/bin/cmake --install /home/buhrmann/ws_moveit/build/moveit_resources_panda_description
