[0m - /home/buhrmann/ws_moveit/src/point_cloud_circle_detector/pcl_common[0m
[0m - /home/buhrmann/ws_moveit/src/point_cloud_circle_detector/pcl_kdtree[0m
[0m - /home/buhrmann/ws_moveit/src/point_cloud_circle_detector/pcl_octree[0m
[0m - /home/buhrmann/ws_moveit/src/point_cloud_circle_detector/pcl_search[0m
[0m - /home/buhrmann/ws_moveit/src/point_cloud_circle_detector/pcl_sample_consensus[0m
[0m - /home/buhrmann/ws_moveit/src/point_cloud_circle_detector/pcl_filters[0m
[0m - /home/buhrmann/ws_moveit/src/point_cloud_circle_detector/pcl_io[0m
[0m - /home/buhrmann/ws_moveit/src/point_cloud_circle_detector/pcl_features[0m
[0m - /home/buhrmann/ws_moveit/src/point_cloud_circle_detector/pcl_ml[0m
[0m - /home/buhrmann/ws_moveit/src/point_cloud_circle_detector/pcl_segmentation[0m
[0m - /home/buhrmann/ws_moveit/src/point_cloud_circle_detector/pcl_visualization[0m
[0m - /home/buhrmann/ws_moveit/src/point_cloud_circle_detector/pcl_surface[0m
[0m - /home/buhrmann/ws_moveit/src/point_cloud_circle_detector/pcl_registration[0m
[0m - /home/buhrmann/ws_moveit/src/point_cloud_circle_detector/pcl_keypoints[0m
[0m - /home/buhrmann/ws_moveit/src/point_cloud_circle_detector/pcl_tracking[0m
[0m - /home/buhrmann/ws_moveit/src/point_cloud_circle_detector/pcl_recognition[0m
[0m - /home/buhrmann/ws_moveit/src/point_cloud_circle_detector/pcl_stereo[0m
[0m - /home/buhrmann/ws_moveit/src/point_cloud_circle_detector/pcl_apps[0m
[0m - /home/buhrmann/ws_moveit/src/point_cloud_circle_detector/pcl_outofcore[0m
[0m - /home/buhrmann/ws_moveit/src/point_cloud_circle_detector/pcl_people[0m
[0m - /home/buhrmann/ws_moveit/src/point_cloud_circle_detector/Boost::system[0m
[0m - /home/buhrmann/ws_moveit/src/point_cloud_circle_detector/Boost::filesystem[0m
[0m - /home/buhrmann/ws_moveit/src/point_cloud_circle_detector/Boost::date_time[0m
[0m - /home/buhrmann/ws_moveit/src/point_cloud_circle_detector/Boost::iostreams[0m
[0m - /home/buhrmann/ws_moveit/src/point_cloud_circle_detector/Boost::serialization[0m
[0m - /usr/lib/libOpenNI.so[0m
[0m - /home/buhrmann/ws_moveit/src/point_cloud_circle_detector/libusb::libusb[0m
[0m - /usr/lib/x86_64-linux-gnu/libOpenNI2.so[0m
[0m - /home/buhrmann/ws_moveit/src/point_cloud_circle_detector/libusb::libusb[0m
[0m - /home/buhrmann/ws_moveit/src/point_cloud_circle_detector/VTK::ChartsCore[0m
[0m - /home/buhrmann/ws_moveit/src/point_cloud_circle_detector/VTK::CommonColor[0m
[0m - /home/buhrmann/ws_moveit/src/point_cloud_circle_detector/VTK::CommonComputationalGeometry[0m
[0m - /home/buhrmann/ws_moveit/src/point_cloud_circle_detector/VTK::CommonCore[0m
[0m - /home/buhrmann/ws_moveit/src/point_cloud_circle_detector/VTK::CommonDataModel[0m
[0m - /home/buhrmann/ws_moveit/src/point_cloud_circle_detector/VTK::CommonExecutionModel[0m
[0m - /home/buhrmann/ws_moveit/src/point_cloud_circle_detector/VTK::CommonMath[0m
[0m - /home/buhrmann/ws_moveit/src/point_cloud_circle_detector/VTK::CommonMisc[0m
[0m - /home/buhrmann/ws_moveit/src/point_cloud_circle_detector/VTK::CommonTransforms[0m
[0m - /home/buhrmann/ws_moveit/src/point_cloud_circle_detector/VTK::FiltersCore[0m
[0m - /home/buhrmann/ws_moveit/src/point_cloud_circle_detector/VTK::FiltersExtraction[0m
[0m - /home/buhrmann/ws_moveit/src/point_cloud_circle_detector/VTK::FiltersGeneral[0m
[0m - /home/buhrmann/ws_moveit/src/point_cloud_circle_detector/VTK::FiltersGeometry[0m
[0m - /home/buhrmann/ws_moveit/src/point_cloud_circle_detector/VTK::FiltersModeling[0m
[0m - /home/buhrmann/ws_moveit/src/point_cloud_circle_detector/VTK::FiltersSources[0m
[0m - /home/buhrmann/ws_moveit/src/point_cloud_circle_detector/VTK::ImagingCore[0m
[0m - /home/buhrmann/ws_moveit/src/point_cloud_circle_detector/VTK::ImagingSources[0m
[0m - /home/buhrmann/ws_moveit/src/point_cloud_circle_detector/VTK::InteractionImage[0m
[0m - /home/buhrmann/ws_moveit/src/point_cloud_circle_detector/VTK::InteractionStyle[0m
[0m - /home/buhrmann/ws_moveit/src/point_cloud_circle_detector/VTK::InteractionWidgets[0m
[0m - /home/buhrmann/ws_moveit/src/point_cloud_circle_detector/VTK::IOCore[0m
[0m - /home/buhrmann/ws_moveit/src/point_cloud_circle_detector/VTK::IOGeometry[0m
[0m - /home/buhrmann/ws_moveit/src/point_cloud_circle_detector/VTK::IOImage[0m
[0m - /home/buhrmann/ws_moveit/src/point_cloud_circle_detector/VTK::IOLegacy[0m
[0m - /home/buhrmann/ws_moveit/src/point_cloud_circle_detector/VTK::IOPLY[0m
[0m - /home/buhrmann/ws_moveit/src/point_cloud_circle_detector/VTK::RenderingAnnotation[0m
[0m - /home/buhrmann/ws_moveit/src/point_cloud_circle_detector/VTK::RenderingCore[0m
[0m - /home/buhrmann/ws_moveit/src/point_cloud_circle_detector/VTK::RenderingContext2D[0m
[0m - /home/buhrmann/ws_moveit/src/point_cloud_circle_detector/VTK::RenderingLOD[0m
[0m - /home/buhrmann/ws_moveit/src/point_cloud_circle_detector/VTK::RenderingFreeType[0m
[0m - /home/buhrmann/ws_moveit/src/point_cloud_circle_detector/VTK::ViewsCore[0m
[0m - /home/buhrmann/ws_moveit/src/point_cloud_circle_detector/VTK::ViewsContext2D[0m
[0m - /home/buhrmann/ws_moveit/src/point_cloud_circle_detector/VTK::RenderingOpenGL2[0m
[0m - /home/buhrmann/ws_moveit/src/point_cloud_circle_detector/VTK::GUISupportQt[0m
[0m - /home/buhrmann/ws_moveit/src/point_cloud_circle_detector/FLANN::FLANN[0m
[0m - /home/buhrmann/ws_moveit/src/point_cloud_circle_detector/QHULL::QHULL[0m
[31mCMake Error at CMakeLists.txt:59 (target_link_libraries):
  Cannot specify link libraries for target "object_detection" which is not
  built by this project.

[0m
gmake: *** [Makefile:349: cmake_check_build_system] Error 1
