-- Found ament_cmake: 2.0.7 (/opt/ros/iron/share/ament_cmake/cmake)
-- Found sensor_msgs: 5.0.1 (/opt/ros/iron/share/sensor_msgs/cmake)
-- Found rosidl_generator_c: 4.0.1 (/opt/ros/iron/share/rosidl_generator_c/cmake)
-- Found rosidl_generator_cpp: 4.0.1 (/opt/ros/iron/share/rosidl_generator_cpp/cmake)
-- Using all available rosidl_typesupport_c: rosidl_typesupport_fastrtps_c;rosidl_typesupport_introspection_c
-- Using all available rosidl_typesupport_cpp: rosidl_typesupport_fastrtps_cpp;rosidl_typesupport_introspection_cpp
-- Found rclcpp: 21.0.8 (/opt/ros/iron/share/rclcpp/cmake)
-- Found rmw_implementation_cmake: 7.1.0 (/opt/ros/iron/share/rmw_implementation_cmake/cmake)
-- Found rmw_fastrtps_cpp: 7.1.4 (/opt/ros/iron/share/rmw_fastrtps_cpp/cmake)
-- Using RMW implementation 'rmw_fastrtps_cpp' as default
-- Found pcl_conversions: 2.5.4 (/opt/ros/iron/share/pcl_conversions/cmake)
-- Eigen found (include: /usr/include/eigen3, version: 3.4.0)
-- FLANN found (include: /usr/include, lib: /usr/lib/x86_64-linux-gnu/libflann_cpp.so)
-- OpenNI found (version: 1.5.4.0, include: /usr/include/ni, lib: /usr/lib/libOpenNI.so;libusb::libusb)
-- OpenNI2 found (version: 2.2.0.33, include: /usr/include/openni2, lib: /usr/lib/x86_64-linux-gnu/libOpenNI2.so;libusb::libusb)
-- Eigen found (include: /usr/include/eigen3, version: 3.4.0)
-- OpenNI found (version: 1.5.4.0, include: /usr/include/ni, lib: /usr/lib/libOpenNI.so;libusb::libusb)
-- OpenNI2 found (version: 2.2.0.33, include: /usr/include/openni2, lib: /usr/lib/x86_64-linux-gnu/libOpenNI2.so;libusb::libusb)
-- Found Qhull version 8.0.2
-- OpenNI found (version: 1.5.4.0, include: /usr/include/ni, lib: /usr/lib/libOpenNI.so;libusb::libusb)
[0m - /home/buhrmann/ws_moveit/src/point_cloud_circle_detector/pcl_common[0m
[0m - /home/buhrmann/ws_moveit/src/point_cloud_circle_detector/pcl_kdtree[0m
[0m - /home/buhrmann/ws_moveit/src/point_cloud_circle_detector/pcl_octree[0m
[0m - /home/buhrmann/ws_moveit/src/point_cloud_circle_detector/pcl_search[0m
[0m - /home/buhrmann/ws_moveit/src/point_cloud_circle_detector/pcl_sample_consensus[0m
[0m - /home/buhrmann/ws_moveit/src/point_cloud_circle_detector/pcl_filters[0m
[0m - /home/buhrmann/ws_moveit/src/point_cloud_circle_detector/pcl_io[0m
[0m - /home/buhrmann/ws_moveit/src/point_cloud_circle_detector/pcl_features[0m
[0m - /home/buhrmann/ws_moveit/src/point_cloud_circle_detector/pcl_ml[0m
[0m - /home/buhrmann/ws_moveit/src/point_cloud_circle_detector/pcl_segmentation[0m
[0m - /home/buhrmann/ws_moveit/src/point_cloud_circle_detector/pcl_visualization[0m
[0m - /home/buhrmann/ws_moveit/src/point_cloud_circle_detector/pcl_surface[0m
[0m - /home/buhrmann/ws_moveit/src/point_cloud_circle_detector/pcl_registration[0m
[0m - /home/buhrmann/ws_moveit/src/point_cloud_circle_detector/pcl_keypoints[0m
[0m - /home/buhrmann/ws_moveit/src/point_cloud_circle_detector/pcl_tracking[0m
[0m - /home/buhrmann/ws_moveit/src/point_cloud_circle_detector/pcl_recognition[0m
[0m - /home/buhrmann/ws_moveit/src/point_cloud_circle_detector/pcl_stereo[0m
[0m - /home/buhrmann/ws_moveit/src/point_cloud_circle_detector/pcl_apps[0m
[0m - /home/buhrmann/ws_moveit/src/point_cloud_circle_detector/pcl_outofcore[0m
[0m - /home/buhrmann/ws_moveit/src/point_cloud_circle_detector/pcl_people[0m
[0m - /home/buhrmann/ws_moveit/src/point_cloud_circle_detector/Boost::system[0m
[0m - /home/buhrmann/ws_moveit/src/point_cloud_circle_detector/Boost::filesystem[0m
[0m - /home/buhrmann/ws_moveit/src/point_cloud_circle_detector/Boost::date_time[0m
[0m - /home/buhrmann/ws_moveit/src/point_cloud_circle_detector/Boost::iostreams[0m
[0m - /home/buhrmann/ws_moveit/src/point_cloud_circle_detector/Boost::serialization[0m
[0m - /usr/lib/libOpenNI.so[0m
[0m - /home/buhrmann/ws_moveit/src/point_cloud_circle_detector/libusb::libusb[0m
[0m - /usr/lib/x86_64-linux-gnu/libOpenNI2.so[0m
[0m - /home/buhrmann/ws_moveit/src/point_cloud_circle_detector/libusb::libusb[0m
[0m - /home/buhrmann/ws_moveit/src/point_cloud_circle_detector/VTK::ChartsCore[0m
[0m - /home/buhrmann/ws_moveit/src/point_cloud_circle_detector/VTK::CommonColor[0m
[0m - /home/buhrmann/ws_moveit/src/point_cloud_circle_detector/VTK::CommonComputationalGeometry[0m
[0m - /home/buhrmann/ws_moveit/src/point_cloud_circle_detector/VTK::CommonCore[0m
[0m - /home/buhrmann/ws_moveit/src/point_cloud_circle_detector/VTK::CommonDataModel[0m
[0m - /home/buhrmann/ws_moveit/src/point_cloud_circle_detector/VTK::CommonExecutionModel[0m
[0m - /home/buhrmann/ws_moveit/src/point_cloud_circle_detector/VTK::CommonMath[0m
[0m - /home/buhrmann/ws_moveit/src/point_cloud_circle_detector/VTK::CommonMisc[0m
[0m - /home/buhrmann/ws_moveit/src/point_cloud_circle_detector/VTK::CommonTransforms[0m
[0m - /home/buhrmann/ws_moveit/src/point_cloud_circle_detector/VTK::FiltersCore[0m
[0m - /home/buhrmann/ws_moveit/src/point_cloud_circle_detector/VTK::FiltersExtraction[0m
[0m - /home/buhrmann/ws_moveit/src/point_cloud_circle_detector/VTK::FiltersGeneral[0m
[0m - /home/buhrmann/ws_moveit/src/point_cloud_circle_detector/VTK::FiltersGeometry[0m
[0m - /home/buhrmann/ws_moveit/src/point_cloud_circle_detector/VTK::FiltersModeling[0m
[0m - /home/buhrmann/ws_moveit/src/point_cloud_circle_detector/VTK::FiltersSources[0m
[0m - /home/buhrmann/ws_moveit/src/point_cloud_circle_detector/VTK::ImagingCore[0m
[0m - /home/buhrmann/ws_moveit/src/point_cloud_circle_detector/VTK::ImagingSources[0m
[0m - /home/buhrmann/ws_moveit/src/point_cloud_circle_detector/VTK::InteractionImage[0m
[0m - /home/buhrmann/ws_moveit/src/point_cloud_circle_detector/VTK::InteractionStyle[0m
[0m - /home/buhrmann/ws_moveit/src/point_cloud_circle_detector/VTK::InteractionWidgets[0m
[0m - /home/buhrmann/ws_moveit/src/point_cloud_circle_detector/VTK::IOCore[0m
[0m - /home/buhrmann/ws_moveit/src/point_cloud_circle_detector/VTK::IOGeometry[0m
[0m - /home/buhrmann/ws_moveit/src/point_cloud_circle_detector/VTK::IOImage[0m
[0m - /home/buhrmann/ws_moveit/src/point_cloud_circle_detector/VTK::IOLegacy[0m
[0m - /home/buhrmann/ws_moveit/src/point_cloud_circle_detector/VTK::IOPLY[0m
[0m - /home/buhrmann/ws_moveit/src/point_cloud_circle_detector/VTK::RenderingAnnotation[0m
[0m - /home/buhrmann/ws_moveit/src/point_cloud_circle_detector/VTK::RenderingCore[0m
[0m - /home/buhrmann/ws_moveit/src/point_cloud_circle_detector/VTK::RenderingContext2D[0m
[0m - /home/buhrmann/ws_moveit/src/point_cloud_circle_detector/VTK::RenderingLOD[0m
[0m - /home/buhrmann/ws_moveit/src/point_cloud_circle_detector/VTK::RenderingFreeType[0m
[0m - /home/buhrmann/ws_moveit/src/point_cloud_circle_detector/VTK::ViewsCore[0m
[0m - /home/buhrmann/ws_moveit/src/point_cloud_circle_detector/VTK::ViewsContext2D[0m
[0m - /home/buhrmann/ws_moveit/src/point_cloud_circle_detector/VTK::RenderingOpenGL2[0m
[0m - /home/buhrmann/ws_moveit/src/point_cloud_circle_detector/VTK::GUISupportQt[0m
[0m - /home/buhrmann/ws_moveit/src/point_cloud_circle_detector/FLANN::FLANN[0m
[0m - /home/buhrmann/ws_moveit/src/point_cloud_circle_detector/QHULL::QHULL[0m
[31mCMake Error at CMakeLists.txt:59 (target_link_libraries):
  Cannot specify link libraries for target "object_detection" which is not
  built by this project.

[0m
-- Configuring incomplete, errors occurred!
See also "/home/buhrmann/ws_moveit/build/point_cloud_circle_detector/CMakeFiles/CMakeOutput.log".
gmake: *** [Makefile:349: cmake_check_build_system] Error 1
