[0.407s] Invoking command in '/home/buhrmann/ws_moveit/build/point_cloud_circle_detector': CMAKE_PREFIX_PATH=${CMAKE_PREFIX_PATH}:/home/buhrmann/ws_moveit/install/ros2_azure_bridge:/home/buhrmann/ws_moveit/install/moveit_configs_utils:/opt/ros/iron /usr/bin/cmake --build /home/buhrmann/ws_moveit/build/point_cloud_circle_detector -- -j28 -l28
[0.486s] [35m[1mConsolidate compiler generated dependencies of target cup_pointcloud_segmentation_color[0m
[0.501s] [  8%] Built target point_cloud_circle_detector
[0.508s] [ 20%] Built target rgb_edge_filter
[0.508s] [ 25%] Built target point_cloud_plantpot_ppf_detector
[0.508s] [ 33%] Built target point_cloud_plantpot_detector
[0.509s] [ 41%] Built target point_cloud_plantpot_rgb_edge_pfh_detector
[0.509s] [ 50%] Built target point_cloud_cylinder_detector
[0.509s] [ 58%] Built target point_cloud_plantpot_edge_pfh_detector
[0.510s] [ 66%] Built target point_cloud_plantpot_pfh_detector
[0.511s] [ 75%] Built target cup_segmentation_color
[0.513s] [ 83%] Built target image_based_hsv_color_filter
[0.517s] [ 91%] Built target hsv_color_filter
[0.517s] [ 95%] [32mBuilding CXX object CMakeFiles/cup_pointcloud_segmentation_color.dir/src/cup_pointcloud_segmentation_and_coloring.cpp.o[0m
[21.617s] [100%] [32m[1mLinking CXX executable cup_pointcloud_segmentation_color[0m
[23.353s] [100%] Built target cup_pointcloud_segmentation_color
[23.374s] Invoked command in '/home/buhrmann/ws_moveit/build/point_cloud_circle_detector' returned '0': CMAKE_PREFIX_PATH=${CMAKE_PREFIX_PATH}:/home/buhrmann/ws_moveit/install/ros2_azure_bridge:/home/buhrmann/ws_moveit/install/moveit_configs_utils:/opt/ros/iron /usr/bin/cmake --build /home/buhrmann/ws_moveit/build/point_cloud_circle_detector -- -j28 -l28
[23.376s] Invoking command in '/home/buhrmann/ws_moveit/build/point_cloud_circle_detector': CMAKE_PREFIX_PATH=${CMAKE_PREFIX_PATH}:/home/buhrmann/ws_moveit/install/ros2_azure_bridge:/home/buhrmann/ws_moveit/install/moveit_configs_utils:/opt/ros/iron /usr/bin/cmake --install /home/buhrmann/ws_moveit/build/point_cloud_circle_detector
[23.390s] -- Install configuration: ""
[23.390s] -- Up-to-date: /home/buhrmann/ws_moveit/install/point_cloud_circle_detector/lib/point_cloud_circle_detector/point_cloud_circle_detector
[23.390s] -- Up-to-date: /home/buhrmann/ws_moveit/install/point_cloud_circle_detector/lib/point_cloud_circle_detector/point_cloud_cylinder_detector
[23.390s] -- Up-to-date: /home/buhrmann/ws_moveit/install/point_cloud_circle_detector/lib/point_cloud_circle_detector/point_cloud_plantpot_detector
[23.390s] -- Up-to-date: /home/buhrmann/ws_moveit/install/point_cloud_circle_detector/lib/point_cloud_circle_detector/point_cloud_plantpot_ppf_detector
[23.390s] -- Up-to-date: /home/buhrmann/ws_moveit/install/point_cloud_circle_detector/lib/point_cloud_circle_detector/point_cloud_plantpot_pfh_detector
[23.390s] -- Up-to-date: /home/buhrmann/ws_moveit/install/point_cloud_circle_detector/lib/point_cloud_circle_detector/point_cloud_plantpot_edge_pfh_detector
[23.390s] -- Up-to-date: /home/buhrmann/ws_moveit/install/point_cloud_circle_detector/lib/point_cloud_circle_detector/point_cloud_plantpot_rgb_edge_pfh_detector
[23.390s] -- Up-to-date: /home/buhrmann/ws_moveit/install/point_cloud_circle_detector/lib/point_cloud_circle_detector/rgb_edge_filter
[23.390s] -- Up-to-date: /home/buhrmann/ws_moveit/install/point_cloud_circle_detector/lib/point_cloud_circle_detector/cup_segmentation_color
[23.391s] -- Installing: /home/buhrmann/ws_moveit/install/point_cloud_circle_detector/lib/point_cloud_circle_detector/cup_pointcloud_segmentation_color
[23.403s] -- Set runtime path of "/home/buhrmann/ws_moveit/install/point_cloud_circle_detector/lib/point_cloud_circle_detector/cup_pointcloud_segmentation_color" to ""
[23.403s] -- Up-to-date: /home/buhrmann/ws_moveit/install/point_cloud_circle_detector/lib/point_cloud_circle_detector/hsv_color_filter
[23.404s] -- Up-to-date: /home/buhrmann/ws_moveit/install/point_cloud_circle_detector/lib/point_cloud_circle_detector/image_based_hsv_color_filter
[23.404s] -- Up-to-date: /home/buhrmann/ws_moveit/install/point_cloud_circle_detector/share/point_cloud_circle_detector/pcd
[23.404s] -- Up-to-date: /home/buhrmann/ws_moveit/install/point_cloud_circle_detector/share/point_cloud_circle_detector/pcd/plantpod_lesssamples.pcd
[23.404s] -- Up-to-date: /home/buhrmann/ws_moveit/install/point_cloud_circle_detector/share/point_cloud_circle_detector/pcd/plantpod.pcd
[23.404s] -- Up-to-date: /home/buhrmann/ws_moveit/install/point_cloud_circle_detector/share/ament_index/resource_index/package_run_dependencies/point_cloud_circle_detector
[23.404s] -- Up-to-date: /home/buhrmann/ws_moveit/install/point_cloud_circle_detector/share/ament_index/resource_index/parent_prefix_path/point_cloud_circle_detector
[23.404s] -- Up-to-date: /home/buhrmann/ws_moveit/install/point_cloud_circle_detector/share/point_cloud_circle_detector/environment/ament_prefix_path.sh
[23.404s] -- Up-to-date: /home/buhrmann/ws_moveit/install/point_cloud_circle_detector/share/point_cloud_circle_detector/environment/ament_prefix_path.dsv
[23.404s] -- Up-to-date: /home/buhrmann/ws_moveit/install/point_cloud_circle_detector/share/point_cloud_circle_detector/environment/path.sh
[23.405s] -- Up-to-date: /home/buhrmann/ws_moveit/install/point_cloud_circle_detector/share/point_cloud_circle_detector/environment/path.dsv
[23.405s] -- Up-to-date: /home/buhrmann/ws_moveit/install/point_cloud_circle_detector/share/point_cloud_circle_detector/local_setup.bash
[23.405s] -- Up-to-date: /home/buhrmann/ws_moveit/install/point_cloud_circle_detector/share/point_cloud_circle_detector/local_setup.sh
[23.405s] -- Up-to-date: /home/buhrmann/ws_moveit/install/point_cloud_circle_detector/share/point_cloud_circle_detector/local_setup.zsh
[23.405s] -- Up-to-date: /home/buhrmann/ws_moveit/install/point_cloud_circle_detector/share/point_cloud_circle_detector/local_setup.dsv
[23.405s] -- Installing: /home/buhrmann/ws_moveit/install/point_cloud_circle_detector/share/point_cloud_circle_detector/package.dsv
[23.406s] -- Up-to-date: /home/buhrmann/ws_moveit/install/point_cloud_circle_detector/share/ament_index/resource_index/packages/point_cloud_circle_detector
[23.406s] -- Up-to-date: /home/buhrmann/ws_moveit/install/point_cloud_circle_detector/share/point_cloud_circle_detector/cmake/point_cloud_circle_detectorConfig.cmake
[23.406s] -- Up-to-date: /home/buhrmann/ws_moveit/install/point_cloud_circle_detector/share/point_cloud_circle_detector/cmake/point_cloud_circle_detectorConfig-version.cmake
[23.406s] -- Up-to-date: /home/buhrmann/ws_moveit/install/point_cloud_circle_detector/share/point_cloud_circle_detector/package.xml
[23.410s] Invoked command in '/home/buhrmann/ws_moveit/build/point_cloud_circle_detector' returned '0': CMAKE_PREFIX_PATH=${CMAKE_PREFIX_PATH}:/home/buhrmann/ws_moveit/install/ros2_azure_bridge:/home/buhrmann/ws_moveit/install/moveit_configs_utils:/opt/ros/iron /usr/bin/cmake --install /home/buhrmann/ws_moveit/build/point_cloud_circle_detector
