[0.008s] Invoking command in '/home/buhrmann/ws_moveit/build/point_cloud_circle_detector': CMAKE_PREFIX_PATH=${CMAKE_PREFIX_PATH}:/home/buhrmann/ws_moveit/install/moveit_configs_utils:/opt/ros/iron /usr/bin/cmake --build /home/buhrmann/ws_moveit/build/point_cloud_circle_detector -- -j28 -l28
[0.054s] [35m[1mConsolidate compiler generated dependencies of target point_cloud_plantpot_edge_pfh_detector[0m
[0.068s] [ 33%] Built target point_cloud_plantpot_pfh_detector
[0.069s] [ 33%] Built target point_cloud_circle_detector
[0.069s] [ 41%] [32mBuilding CXX object CMakeFiles/point_cloud_plantpot_edge_pfh_detector.dir/src/point_cloud_plantpot_edge_pfh_detector.cpp.o[0m
[0.070s] [ 58%] Built target point_cloud_plantpot_detector
[0.071s] [ 75%] Built target point_cloud_plantpot_ppf_detector
[0.073s] [ 91%] Built target point_cloud_cylinder_detector
[5.575s] [100%] [32m[1mLinking CXX executable point_cloud_plantpot_edge_pfh_detector[0m
[5.969s] [100%] Built target point_cloud_plantpot_edge_pfh_detector
[5.980s] Invoked command in '/home/buhrmann/ws_moveit/build/point_cloud_circle_detector' returned '0': CMAKE_PREFIX_PATH=${CMAKE_PREFIX_PATH}:/home/buhrmann/ws_moveit/install/moveit_configs_utils:/opt/ros/iron /usr/bin/cmake --build /home/buhrmann/ws_moveit/build/point_cloud_circle_detector -- -j28 -l28
[5.986s] Invoking command in '/home/buhrmann/ws_moveit/build/point_cloud_circle_detector': CMAKE_PREFIX_PATH=${CMAKE_PREFIX_PATH}:/home/buhrmann/ws_moveit/install/moveit_configs_utils:/opt/ros/iron /usr/bin/cmake --install /home/buhrmann/ws_moveit/build/point_cloud_circle_detector
[5.992s] -- Install configuration: ""
[5.992s] -- Up-to-date: /home/buhrmann/ws_moveit/install/point_cloud_circle_detector/lib/point_cloud_circle_detector/point_cloud_plantpot_ppf_detector
[5.992s] -- Up-to-date: /home/buhrmann/ws_moveit/install/point_cloud_circle_detector/lib/point_cloud_circle_detector/point_cloud_plantpot_pfh_detector
[5.992s] -- Installing: /home/buhrmann/ws_moveit/install/point_cloud_circle_detector/lib/point_cloud_circle_detector/point_cloud_plantpot_edge_pfh_detector
[5.994s] -- Set runtime path of "/home/buhrmann/ws_moveit/install/point_cloud_circle_detector/lib/point_cloud_circle_detector/point_cloud_plantpot_edge_pfh_detector" to ""
[5.994s] -- Up-to-date: /home/buhrmann/ws_moveit/install/point_cloud_circle_detector/share/point_cloud_circle_detector/pcd
[5.994s] -- Installing: /home/buhrmann/ws_moveit/install/point_cloud_circle_detector/share/point_cloud_circle_detector/package.dsv
[5.996s] Invoked command in '/home/buhrmann/ws_moveit/build/point_cloud_circle_detector' returned '0': CMAKE_PREFIX_PATH=${CMAKE_PREFIX_PATH}:/home/buhrmann/ws_moveit/install/moveit_configs_utils:/opt/ros/iron /usr/bin/cmake --install /home/buhrmann/ws_moveit/build/point_cloud_circle_detector
