[0.194s] Invoking command in '/home/buhrmann/ws_moveit/build/rviz_visual_tools': CMAKE_PREFIX_PATH=${CMAKE_PREFIX_PATH}:/home/buhrmann/ws_moveit/install/ros2_azure_bridge:/home/buhrmann/ws_moveit/install/moveit_configs_utils:/opt/ros/iron /usr/bin/cmake --build /home/buhrmann/ws_moveit/build/rviz_visual_tools -- -j28 -l28
[0.236s] [  2%] [34m[1mAutomatic MOC for target rviz_visual_tools_gui[0m
[0.237s] [  5%] [34m[1mAutomatic MOC for target gtest_main[0m
[0.242s] [ 10%] [34m[1mAutomatic MOC for target gtest[0m
[0.242s] [ 10%] [34m[1mAutomatic MOC for target rviz_visual_tools_remote_control[0m
[0.283s] [ 10%] Built target gtest_main_autogen
[0.288s] [ 10%] Built target gtest_autogen
[0.292s] [ 10%] Built target rviz_visual_tools_remote_control_autogen
[0.304s] [ 10%] Built target rviz_visual_tools_gui_autogen
[0.310s] [ 17%] Built target gtest
[0.312s] [ 25%] Built target gtest_main
[0.332s] [ 33%] Built target rviz_visual_tools_remote_control
[0.333s] [ 46%] Built target rviz_visual_tools_gui
[0.337s] [ 48%] [34m[1mAutomatic MOC for target rviz_visual_tools[0m
[0.342s] [ 48%] Built target rviz_visual_tools_autogen
[0.354s] [ 58%] Built target rviz_visual_tools
[0.370s] [ 61%] [34m[1mAutomatic MOC for target rviz_visual_tools_demo[0m
[0.371s] [ 64%] [34m[1mAutomatic MOC for target rviz_visual_tools_rvt_test[0m
[0.372s] [ 66%] [34m[1mAutomatic MOC for target rviz_visual_tools_imarker_simple[0m
[0.387s] [ 66%] Built target rviz_visual_tools_rvt_test_autogen
[0.387s] [ 66%] Built target rviz_visual_tools_demo_autogen
[0.387s] [ 66%] Built target rviz_visual_tools_imarker_simple_autogen
[0.409s] [ 74%] Built target rviz_visual_tools_rvt_test
[0.413s] [ 82%] Built target rviz_visual_tools_imarker_simple
[0.415s] [ 89%] Built target rviz_visual_tools_demo
[0.431s] [ 92%] [34m[1mAutomatic MOC for target rviz_visual_tools_imarker_simple_demo[0m
[0.445s] [ 92%] Built target rviz_visual_tools_imarker_simple_demo_autogen
[0.470s] [100%] Built target rviz_visual_tools_imarker_simple_demo
[0.561s] Invoked command in '/home/buhrmann/ws_moveit/build/rviz_visual_tools' returned '0': CMAKE_PREFIX_PATH=${CMAKE_PREFIX_PATH}:/home/buhrmann/ws_moveit/install/ros2_azure_bridge:/home/buhrmann/ws_moveit/install/moveit_configs_utils:/opt/ros/iron /usr/bin/cmake --build /home/buhrmann/ws_moveit/build/rviz_visual_tools -- -j28 -l28
[0.562s] Invoking command in '/home/buhrmann/ws_moveit/build/rviz_visual_tools': CMAKE_PREFIX_PATH=${CMAKE_PREFIX_PATH}:/home/buhrmann/ws_moveit/install/ros2_azure_bridge:/home/buhrmann/ws_moveit/install/moveit_configs_utils:/opt/ros/iron /usr/bin/cmake --install /home/buhrmann/ws_moveit/build/rviz_visual_tools
[0.581s] -- Install configuration: ""
[0.581s] -- Up-to-date: /home/buhrmann/ws_moveit/install/rviz_visual_tools/share/rviz_visual_tools/plugin_description.xml
[0.581s] -- Up-to-date: /home/buhrmann/ws_moveit/install/rviz_visual_tools/lib/librviz_visual_tools.so
[0.581s] -- Up-to-date: /home/buhrmann/ws_moveit/install/rviz_visual_tools/lib/librviz_visual_tools_remote_control.so
[0.581s] -- Up-to-date: /home/buhrmann/ws_moveit/install/rviz_visual_tools/lib/librviz_visual_tools_gui.so
[0.581s] -- Up-to-date: /home/buhrmann/ws_moveit/install/rviz_visual_tools/lib/librviz_visual_tools_imarker_simple.so
[0.581s] -- Up-to-date: /home/buhrmann/ws_moveit/install/rviz_visual_tools/lib/rviz_visual_tools/rviz_visual_tools_demo
[0.581s] -- Up-to-date: /home/buhrmann/ws_moveit/install/rviz_visual_tools/lib/rviz_visual_tools/rviz_visual_tools_imarker_simple_demo
[0.581s] -- Up-to-date: /home/buhrmann/ws_moveit/install/rviz_visual_tools/include
[0.581s] -- Up-to-date: /home/buhrmann/ws_moveit/install/rviz_visual_tools/include/rviz_visual_tools
[0.581s] -- Up-to-date: /home/buhrmann/ws_moveit/install/rviz_visual_tools/include/rviz_visual_tools/remote_reciever.hpp
[0.581s] -- Up-to-date: /home/buhrmann/ws_moveit/install/rviz_visual_tools/include/rviz_visual_tools/tf_visual_tools.hpp
[0.581s] -- Up-to-date: /home/buhrmann/ws_moveit/install/rviz_visual_tools/include/rviz_visual_tools/key_tool.hpp
[0.582s] -- Up-to-date: /home/buhrmann/ws_moveit/install/rviz_visual_tools/include/rviz_visual_tools/remote_control.hpp
[0.582s] -- Up-to-date: /home/buhrmann/ws_moveit/install/rviz_visual_tools/include/rviz_visual_tools/rviz_visual_tools_gui.hpp
[0.582s] -- Up-to-date: /home/buhrmann/ws_moveit/install/rviz_visual_tools/include/rviz_visual_tools/imarker_simple.hpp
[0.582s] -- Up-to-date: /home/buhrmann/ws_moveit/install/rviz_visual_tools/include/rviz_visual_tools/rviz_visual_tools.hpp
[0.582s] -- Up-to-date: /home/buhrmann/ws_moveit/install/rviz_visual_tools/share/rviz_visual_tools/launch
[0.582s] -- Up-to-date: /home/buhrmann/ws_moveit/install/rviz_visual_tools/share/rviz_visual_tools/launch/demo_rviz.launch.py
[0.582s] -- Up-to-date: /home/buhrmann/ws_moveit/install/rviz_visual_tools/share/rviz_visual_tools/launch/demo_combined.launch.py
[0.582s] -- Up-to-date: /home/buhrmann/ws_moveit/install/rviz_visual_tools/share/rviz_visual_tools/launch/demo.rviz
[0.582s] -- Up-to-date: /home/buhrmann/ws_moveit/install/rviz_visual_tools/share/rviz_visual_tools/launch/rvt_test.launch
[0.582s] -- Up-to-date: /home/buhrmann/ws_moveit/install/rviz_visual_tools/share/rviz_visual_tools/environment/library_path.sh
[0.582s] -- Up-to-date: /home/buhrmann/ws_moveit/install/rviz_visual_tools/share/rviz_visual_tools/environment/library_path.dsv
[0.582s] -- Up-to-date: /home/buhrmann/ws_moveit/install/rviz_visual_tools/share/ament_index/resource_index/package_run_dependencies/rviz_visual_tools
[0.582s] -- Up-to-date: /home/buhrmann/ws_moveit/install/rviz_visual_tools/share/ament_index/resource_index/parent_prefix_path/rviz_visual_tools
[0.582s] -- Up-to-date: /home/buhrmann/ws_moveit/install/rviz_visual_tools/share/rviz_visual_tools/environment/ament_prefix_path.sh
[0.582s] -- Up-to-date: /home/buhrmann/ws_moveit/install/rviz_visual_tools/share/rviz_visual_tools/environment/ament_prefix_path.dsv
[0.582s] -- Up-to-date: /home/buhrmann/ws_moveit/install/rviz_visual_tools/share/rviz_visual_tools/environment/path.sh
[0.582s] -- Up-to-date: /home/buhrmann/ws_moveit/install/rviz_visual_tools/share/rviz_visual_tools/environment/path.dsv
[0.582s] -- Up-to-date: /home/buhrmann/ws_moveit/install/rviz_visual_tools/share/rviz_visual_tools/local_setup.bash
[0.582s] -- Up-to-date: /home/buhrmann/ws_moveit/install/rviz_visual_tools/share/rviz_visual_tools/local_setup.sh
[0.582s] -- Up-to-date: /home/buhrmann/ws_moveit/install/rviz_visual_tools/share/rviz_visual_tools/local_setup.zsh
[0.582s] -- Up-to-date: /home/buhrmann/ws_moveit/install/rviz_visual_tools/share/rviz_visual_tools/local_setup.dsv
[0.582s] -- Installing: /home/buhrmann/ws_moveit/install/rviz_visual_tools/share/rviz_visual_tools/package.dsv
[0.582s] -- Up-to-date: /home/buhrmann/ws_moveit/install/rviz_visual_tools/share/ament_index/resource_index/packages/rviz_visual_tools
[0.582s] -- Up-to-date: /home/buhrmann/ws_moveit/install/rviz_visual_tools/share/ament_index/resource_index/rviz_common__pluginlib__plugin/rviz_visual_tools
[0.582s] -- Up-to-date: /home/buhrmann/ws_moveit/install/rviz_visual_tools/share/rviz_visual_tools/cmake/export_rviz_visual_toolsExport.cmake
[0.582s] -- Up-to-date: /home/buhrmann/ws_moveit/install/rviz_visual_tools/share/rviz_visual_tools/cmake/export_rviz_visual_toolsExport-noconfig.cmake
[0.582s] -- Up-to-date: /home/buhrmann/ws_moveit/install/rviz_visual_tools/share/rviz_visual_tools/cmake/ament_cmake_export_targets-extras.cmake
[0.582s] -- Up-to-date: /home/buhrmann/ws_moveit/install/rviz_visual_tools/share/rviz_visual_tools/cmake/ament_cmake_export_dependencies-extras.cmake
[0.582s] -- Up-to-date: /home/buhrmann/ws_moveit/install/rviz_visual_tools/share/rviz_visual_tools/cmake/ament_cmake_export_include_directories-extras.cmake
[0.582s] -- Up-to-date: /home/buhrmann/ws_moveit/install/rviz_visual_tools/share/rviz_visual_tools/cmake/ament_cmake_export_libraries-extras.cmake
[0.582s] -- Up-to-date: /home/buhrmann/ws_moveit/install/rviz_visual_tools/share/rviz_visual_tools/cmake/rviz_visual_toolsConfig.cmake
[0.582s] -- Up-to-date: /home/buhrmann/ws_moveit/install/rviz_visual_tools/share/rviz_visual_tools/cmake/rviz_visual_toolsConfig-version.cmake
[0.582s] -- Up-to-date: /home/buhrmann/ws_moveit/install/rviz_visual_tools/share/rviz_visual_tools/package.xml
[0.594s] Invoked command in '/home/buhrmann/ws_moveit/build/rviz_visual_tools' returned '0': CMAKE_PREFIX_PATH=${CMAKE_PREFIX_PATH}:/home/buhrmann/ws_moveit/install/ros2_azure_bridge:/home/buhrmann/ws_moveit/install/moveit_configs_utils:/opt/ros/iron /usr/bin/cmake --install /home/buhrmann/ws_moveit/build/rviz_visual_tools
