-- The C compiler identification is GNU 11.4.0
-- The CXX compiler identification is GNU 11.4.0
-- Detecting C compiler ABI info
-- Detecting C compiler ABI info - done
-- Check for working C compiler: /usr/bin/cc - skipped
-- Detecting C compile features
-- Detecting C compile features - done
-- Detecting CXX compiler ABI info
-- Detecting CXX compiler ABI info - done
-- Check for working CXX compiler: /usr/bin/c++ - skipped
-- Detecting CXX compile features
-- Detecting CXX compile features - done
-- Found ament_cmake: 2.0.7 (/opt/ros/iron/share/ament_cmake/cmake)
-- Found Python3: /usr/bin/python3.10 (found version "3.10.12") found components: Interpreter 
-- Found moveit_common: 2.11.0 (/home/buhrmann/ws_moveit/install/moveit_common/share/moveit_common/cmake)
-- Found eigen3_cmake_module: 0.2.2 (/opt/ros/iron/share/eigen3_cmake_module/cmake)
-- Found Eigen3: TRUE (found version "3.4.0") 
-- Found geometry_msgs: 5.0.1 (/opt/ros/iron/share/geometry_msgs/cmake)
-- Found rosidl_generator_c: 4.0.1 (/opt/ros/iron/share/rosidl_generator_c/cmake)
-- Found rosidl_generator_cpp: 4.0.1 (/opt/ros/iron/share/rosidl_generator_cpp/cmake)
-- Using all available rosidl_typesupport_c: rosidl_typesupport_fastrtps_c;rosidl_typesupport_introspection_c
-- Using all available rosidl_typesupport_cpp: rosidl_typesupport_fastrtps_cpp;rosidl_typesupport_introspection_cpp
-- Found rclcpp: 21.0.8 (/opt/ros/iron/share/rclcpp/cmake)
-- Found rmw_implementation_cmake: 7.1.0 (/opt/ros/iron/share/rmw_implementation_cmake/cmake)
-- Found rmw_fastrtps_cpp: 7.1.4 (/opt/ros/iron/share/rmw_fastrtps_cpp/cmake)
-- Found OpenSSL: /usr/lib/x86_64-linux-gnu/libcrypto.so (found version "3.0.2")  
-- Found FastRTPS: /opt/ros/iron/include  
-- Using RMW implementation 'rmw_fastrtps_cpp' as default
-- Found tf2_eigen: 0.31.8 (/opt/ros/iron/share/tf2_eigen/cmake)
-- Found visualization_msgs: 5.0.1 (/opt/ros/iron/share/visualization_msgs/cmake)
-- Configuring done
-- Generating done
-- Build files have been written to: /home/buhrmann/ws_moveit/build/rviz_marker_tools
[ 50%] [32mBuilding CXX object CMakeFiles/rviz_marker_tools.dir/src/marker_creation.cpp.o[0m
[100%] [32m[1mLinking CXX shared library librviz_marker_tools.so[0m
[100%] Built target rviz_marker_tools
-- Install configuration: "Release"
-- Installing: /home/buhrmann/ws_moveit/install/rviz_marker_tools/include
-- Installing: /home/buhrmann/ws_moveit/install/rviz_marker_tools/include/rviz_marker_tools
-- Installing: /home/buhrmann/ws_moveit/install/rviz_marker_tools/include/rviz_marker_tools/marker_creation.h
-- Installing: /home/buhrmann/ws_moveit/install/rviz_marker_tools/lib/librviz_marker_tools.so
-- Set runtime path of "/home/buhrmann/ws_moveit/install/rviz_marker_tools/lib/librviz_marker_tools.so" to ""
-- Installing: /home/buhrmann/ws_moveit/install/rviz_marker_tools/share/rviz_marker_tools/environment/library_path.sh
-- Installing: /home/buhrmann/ws_moveit/install/rviz_marker_tools/share/rviz_marker_tools/environment/library_path.dsv
-- Installing: /home/buhrmann/ws_moveit/install/rviz_marker_tools/share/ament_index/resource_index/package_run_dependencies/rviz_marker_tools
-- Installing: /home/buhrmann/ws_moveit/install/rviz_marker_tools/share/ament_index/resource_index/parent_prefix_path/rviz_marker_tools
-- Installing: /home/buhrmann/ws_moveit/install/rviz_marker_tools/share/rviz_marker_tools/environment/ament_prefix_path.sh
-- Installing: /home/buhrmann/ws_moveit/install/rviz_marker_tools/share/rviz_marker_tools/environment/ament_prefix_path.dsv
-- Installing: /home/buhrmann/ws_moveit/install/rviz_marker_tools/share/rviz_marker_tools/environment/path.sh
-- Installing: /home/buhrmann/ws_moveit/install/rviz_marker_tools/share/rviz_marker_tools/environment/path.dsv
-- Installing: /home/buhrmann/ws_moveit/install/rviz_marker_tools/share/rviz_marker_tools/local_setup.bash
-- Installing: /home/buhrmann/ws_moveit/install/rviz_marker_tools/share/rviz_marker_tools/local_setup.sh
-- Installing: /home/buhrmann/ws_moveit/install/rviz_marker_tools/share/rviz_marker_tools/local_setup.zsh
-- Installing: /home/buhrmann/ws_moveit/install/rviz_marker_tools/share/rviz_marker_tools/local_setup.dsv
-- Installing: /home/buhrmann/ws_moveit/install/rviz_marker_tools/share/rviz_marker_tools/package.dsv
-- Installing: /home/buhrmann/ws_moveit/install/rviz_marker_tools/share/ament_index/resource_index/packages/rviz_marker_tools
-- Installing: /home/buhrmann/ws_moveit/install/rviz_marker_tools/share/rviz_marker_tools/cmake/rviz_marker_toolsTargetsExport.cmake
-- Installing: /home/buhrmann/ws_moveit/install/rviz_marker_tools/share/rviz_marker_tools/cmake/rviz_marker_toolsTargetsExport-release.cmake
-- Installing: /home/buhrmann/ws_moveit/install/rviz_marker_tools/share/rviz_marker_tools/cmake/ament_cmake_export_targets-extras.cmake
-- Installing: /home/buhrmann/ws_moveit/install/rviz_marker_tools/share/rviz_marker_tools/cmake/ament_cmake_export_dependencies-extras.cmake
-- Installing: /home/buhrmann/ws_moveit/install/rviz_marker_tools/share/rviz_marker_tools/cmake/rviz_marker_toolsConfig.cmake
-- Installing: /home/buhrmann/ws_moveit/install/rviz_marker_tools/share/rviz_marker_tools/cmake/rviz_marker_toolsConfig-version.cmake
-- Installing: /home/buhrmann/ws_moveit/install/rviz_marker_tools/share/rviz_marker_tools/package.xml
