[01m[K/home/buhrmann/ws_moveit/src/point_cloud_circle_detector/src/point_cloud_custom_plant_pot_detection.cpp:[m[K In member function ‘[01m[Kvoid PointCloudCustomObjectMatcher::listener_callback(sensor_msgs::msg::PointCloud2_<std::allocator<void> >::SharedPtr)[m[K’:
[01m[K/home/buhrmann/ws_moveit/src/point_cloud_circle_detector/src/point_cloud_custom_plant_pot_detection.cpp:89:23:[m[K [01;31m[Kerror: [m[Kcannot convert ‘[01m[Kpcl::PointCloud<pcl::PointXYZ>::Ptr[m[K’ {aka ‘[01m[Kstd::shared_ptr<pcl::PointCloud<pcl::PointXYZ> >[m[K’} to ‘[01m[Kconst Ptr&[m[K’ {aka ‘[01m[Kconst std::shared_ptr<pcl::PointCloud<pcl::PointXYZRGB> >&[m[K’}
   89 |         filter_by_rgb([01;31m[Kcloud[m[K, cloud_filtered);
      |                       [01;31m[K^~~~~[m[K
      |                       [01;31m[K|[m[K
      |                       [01;31m[Kpcl::PointCloud<pcl::PointXYZ>::Ptr {aka std::shared_ptr<pcl::PointCloud<pcl::PointXYZ> >}[m[K
[01m[K/home/buhrmann/ws_moveit/src/point_cloud_circle_detector/src/point_cloud_custom_plant_pot_detection.cpp:171:70:[m[K [01;36m[Knote: [m[K  initializing argument 1 of ‘[01m[Kvoid PointCloudCustomObjectMatcher::filter_by_rgb(const Ptr&, pcl::PointCloud<pcl::PointXYZRGB>::Ptr&)[m[K’
  171 |     void filter_by_rgb([01;36m[Kconst pcl::PointCloud<pcl::PointXYZRGB>::Ptr& input_cloud[m[K,
      |                        [01;36m[K~~~~~~~~~~~~~~~~~~~~~~~~~~~~~~~~~~~~~~~~~~~~~~^~~~~~~~~~~[m[K
[01m[K/home/buhrmann/ws_moveit/src/point_cloud_circle_detector/src/point_cloud_custom_plant_pot_detection.cpp:93:27:[m[K [01;31m[Kerror: [m[Kcannot convert ‘[01m[Kpcl::PointCloud<pcl::PointXYZRGB>::Ptr[m[K’ {aka ‘[01m[Kstd::shared_ptr<pcl::PointCloud<pcl::PointXYZRGB> >[m[K’} to ‘[01m[Kconst PointCloudConstPtr&[m[K’ {aka ‘[01m[Kconst std::shared_ptr<const pcl::PointCloud<pcl::PointXYZ> >&[m[K’}
   93 |         sor.setInputCloud([01;31m[Kcloud_filtered[m[K);
      |                           [01;31m[K^~~~~~~~~~~~~~[m[K
      |                           [01;31m[K|[m[K
      |                           [01;31m[Kpcl::PointCloud<pcl::PointXYZRGB>::Ptr {aka std::shared_ptr<pcl::PointCloud<pcl::PointXYZRGB> >}[m[K
In file included from [01m[K/usr/include/pcl-1.12/pcl/filters/filter.h:42[m[K,
                 from [01m[K/usr/include/pcl-1.12/pcl/filters/filter_indices.h:42[m[K,
                 from [01m[K/usr/include/pcl-1.12/pcl/filters/extract_indices.h:42[m[K,
                 from [01m[K/home/buhrmann/ws_moveit/src/point_cloud_circle_detector/src/point_cloud_custom_plant_pot_detection.cpp:1[m[K:
[01m[K/usr/include/pcl-1.12/pcl/pcl_base.h:92:48:[m[K [01;36m[Knote: [m[K  initializing argument 1 of ‘[01m[Kvoid pcl::PCLBase<PointT>::setInputCloud(const PointCloudConstPtr&) [with PointT = pcl::PointXYZ; pcl::PCLBase<PointT>::PointCloudConstPtr = std::shared_ptr<const pcl::PointCloud<pcl::PointXYZ> >][m[K’
   92 |       setInputCloud ([01;36m[Kconst PointCloudConstPtr &cloud[m[K);
      |                      [01;36m[K~~~~~~~~~~~~~~~~~~~~~~~~~~^~~~~[m[K
[01m[K/home/buhrmann/ws_moveit/src/point_cloud_circle_detector/src/point_cloud_custom_plant_pot_detection.cpp:96:19:[m[K [01;31m[Kerror: [m[Kno matching function for call to ‘[01m[Kpcl::RadiusOutlierRemoval<pcl::PointXYZ>::filter(std::__shared_ptr_access<pcl::PointCloud<pcl::PointXYZRGB>, __gnu_cxx::_S_atomic, false, false>::element_type&)[m[K’
   96 |         [01;31m[Ksor.filter(*cloud_filtered)[m[K;
      |         [01;31m[K~~~~~~~~~~^~~~~~~~~~~~~~~~~[m[K
In file included from [01m[K/usr/include/pcl-1.12/pcl/filters/extract_indices.h:42[m[K,
                 from [01m[K/home/buhrmann/ws_moveit/src/point_cloud_circle_detector/src/point_cloud_custom_plant_pot_detection.cpp:1[m[K:
[01m[K/usr/include/pcl-1.12/pcl/filters/filter_indices.h:101:7:[m[K [01;36m[Knote: [m[Kcandidate: ‘[01m[Kvoid pcl::FilterIndices<PointT>::filter(pcl::Indices&) [with PointT = pcl::PointXYZ; pcl::Indices = std::vector<int, std::allocator<int> >][m[K’
  101 |       [01;36m[Kfilter[m[K (Indices &indices)
      |       [01;36m[K^~~~~~[m[K
[01m[K/usr/include/pcl-1.12/pcl/filters/filter_indices.h:101:24:[m[K [01;36m[Knote: [m[K  no known conversion for argument 1 from ‘[01m[Kstd::__shared_ptr_access<pcl::PointCloud<pcl::PointXYZRGB>, __gnu_cxx::_S_atomic, false, false>::element_type[m[K’ {aka ‘[01m[Kpcl::PointCloud<pcl::PointXYZRGB>[m[K’} to ‘[01m[Kpcl::Indices&[m[K’ {aka ‘[01m[Kstd::vector<int, std::allocator<int> >&[m[K’}
  101 |       filter ([01;36m[KIndices &indices[m[K)
      |               [01;36m[K~~~~~~~~~^~~~~~~[m[K
In file included from [01m[K/usr/include/pcl-1.12/pcl/filters/filter_indices.h:42[m[K,
                 from [01m[K/usr/include/pcl-1.12/pcl/filters/extract_indices.h:42[m[K,
                 from [01m[K/home/buhrmann/ws_moveit/src/point_cloud_circle_detector/src/point_cloud_custom_plant_pot_detection.cpp:1[m[K:
[01m[K/usr/include/pcl-1.12/pcl/filters/filter.h:121:7:[m[K [01;36m[Knote: [m[Kcandidate: ‘[01m[Kvoid pcl::Filter<PointT>::filter(pcl::Filter<PointT>::PointCloud&) [with PointT = pcl::PointXYZ; pcl::Filter<PointT>::PointCloud = pcl::PointCloud<pcl::PointXYZ>][m[K’
  121 |       [01;36m[Kfilter[m[K (PointCloud &output)
      |       [01;36m[K^~~~~~[m[K
[01m[K/usr/include/pcl-1.12/pcl/filters/filter.h:121:27:[m[K [01;36m[Knote: [m[K  no known conversion for argument 1 from ‘[01m[Kstd::__shared_ptr_access<pcl::PointCloud<pcl::PointXYZRGB>, __gnu_cxx::_S_atomic, false, false>::element_type[m[K’ {aka ‘[01m[Kpcl::PointCloud<pcl::PointXYZRGB>[m[K’} to ‘[01m[Kpcl::Filter<pcl::PointXYZ>::PointCloud&[m[K’ {aka ‘[01m[Kpcl::PointCloud<pcl::PointXYZ>&[m[K’}
  121 |       filter ([01;36m[KPointCloud &output[m[K)
      |               [01;36m[K~~~~~~~~~~~~^~~~~~[m[K
[01m[K/home/buhrmann/ws_moveit/src/point_cloud_circle_detector/src/point_cloud_custom_plant_pot_detection.cpp:101:26:[m[K [01;31m[Kerror: [m[Kcannot convert ‘[01m[Kpcl::PointCloud<pcl::PointXYZRGB>::Ptr[m[K’ {aka ‘[01m[Kstd::shared_ptr<pcl::PointCloud<pcl::PointXYZRGB> >[m[K’} to ‘[01m[Kconst PointCloudConstPtr&[m[K’ {aka ‘[01m[Kconst std::shared_ptr<const pcl::PointCloud<pcl::PointXYZ> >&[m[K’}
  101 |         ne.setInputCloud([01;31m[Kcloud_filtered[m[K);
      |                          [01;31m[K^~~~~~~~~~~~~~[m[K
      |                          [01;31m[K|[m[K
      |                          [01;31m[Kpcl::PointCloud<pcl::PointXYZRGB>::Ptr {aka std::shared_ptr<pcl::PointCloud<pcl::PointXYZRGB> >}[m[K
In file included from [01m[K/home/buhrmann/ws_moveit/src/point_cloud_circle_detector/src/point_cloud_custom_plant_pot_detection.cpp:14[m[K:
[01m[K/usr/include/pcl-1.12/pcl/features/normal_3d.h:332:48:[m[K [01;36m[Knote: [m[K  initializing argument 1 of ‘[01m[Kvoid pcl::NormalEstimation<PointInT, PointOutT>::setInputCloud(const PointCloudConstPtr&) [with PointInT = pcl::PointXYZ; PointOutT = pcl::Normal; pcl::NormalEstimation<PointInT, PointOutT>::PointCloudConstPtr = std::shared_ptr<const pcl::PointCloud<pcl::PointXYZ> >][m[K’
  332 |       setInputCloud ([01;36m[Kconst PointCloudConstPtr &cloud[m[K) override
      |                      [01;36m[K~~~~~~~~~~~~~~~~~~~~~~~~~~^~~~~[m[K
[01m[K/home/buhrmann/ws_moveit/src/point_cloud_circle_detector/src/point_cloud_custom_plant_pot_detection.cpp:110:28:[m[K [01;31m[Kerror: [m[Kcannot convert ‘[01m[Kpcl::PointCloud<pcl::PointXYZRGB>::Ptr[m[K’ {aka ‘[01m[Kstd::shared_ptr<pcl::PointCloud<pcl::PointXYZRGB> >[m[K’} to ‘[01m[Kconst PointCloudConstPtr&[m[K’ {aka ‘[01m[Kconst std::shared_ptr<const pcl::PointCloud<pcl::PointXYZ> >&[m[K’}
  110 |         fpfh.setInputCloud([01;31m[Kcloud_filtered[m[K);
      |                            [01;31m[K^~~~~~~~~~~~~~[m[K
      |                            [01;31m[K|[m[K
      |                            [01;31m[Kpcl::PointCloud<pcl::PointXYZRGB>::Ptr {aka std::shared_ptr<pcl::PointCloud<pcl::PointXYZRGB> >}[m[K
In file included from [01m[K/usr/include/pcl-1.12/pcl/filters/filter.h:42[m[K,
                 from [01m[K/usr/include/pcl-1.12/pcl/filters/filter_indices.h:42[m[K,
                 from [01m[K/usr/include/pcl-1.12/pcl/filters/extract_indices.h:42[m[K,
                 from [01m[K/home/buhrmann/ws_moveit/src/point_cloud_circle_detector/src/point_cloud_custom_plant_pot_detection.cpp:1[m[K:
[01m[K/usr/include/pcl-1.12/pcl/pcl_base.h:92:48:[m[K [01;36m[Knote: [m[K  initializing argument 1 of ‘[01m[Kvoid pcl::PCLBase<PointT>::setInputCloud(const PointCloudConstPtr&) [with PointT = pcl::PointXYZ; pcl::PCLBase<PointT>::PointCloudConstPtr = std::shared_ptr<const pcl::PointCloud<pcl::PointXYZ> >][m[K’
   92 |       setInputCloud ([01;36m[Kconst PointCloudConstPtr &cloud[m[K);
      |                      [01;36m[K~~~~~~~~~~~~~~~~~~~~~~~~~~^~~~~[m[K
[01m[K/home/buhrmann/ws_moveit/src/point_cloud_circle_detector/src/point_cloud_custom_plant_pot_detection.cpp:118:26:[m[K [01;31m[Kerror: [m[Kcannot convert ‘[01m[Kpcl::PointCloud<pcl::PointXYZRGB>::Ptr[m[K’ {aka ‘[01m[Kstd::shared_ptr<pcl::PointCloud<pcl::PointXYZRGB> >[m[K’} to ‘[01m[Kconst PointCloudConstPtr&[m[K’ {aka ‘[01m[Kconst std::shared_ptr<const pcl::PointCloud<pcl::PointXYZ> >&[m[K’}
  118 |         ne.setInputCloud([01;31m[Kcustom_object_[m[K);
      |                          [01;31m[K^~~~~~~~~~~~~~[m[K
      |                          [01;31m[K|[m[K
      |                          [01;31m[Kpcl::PointCloud<pcl::PointXYZRGB>::Ptr {aka std::shared_ptr<pcl::PointCloud<pcl::PointXYZRGB> >}[m[K
In file included from [01m[K/home/buhrmann/ws_moveit/src/point_cloud_circle_detector/src/point_cloud_custom_plant_pot_detection.cpp:14[m[K:
[01m[K/usr/include/pcl-1.12/pcl/features/normal_3d.h:332:48:[m[K [01;36m[Knote: [m[K  initializing argument 1 of ‘[01m[Kvoid pcl::NormalEstimation<PointInT, PointOutT>::setInputCloud(const PointCloudConstPtr&) [with PointInT = pcl::PointXYZ; PointOutT = pcl::Normal; pcl::NormalEstimation<PointInT, PointOutT>::PointCloudConstPtr = std::shared_ptr<const pcl::PointCloud<pcl::PointXYZ> >][m[K’
  332 |       setInputCloud ([01;36m[Kconst PointCloudConstPtr &cloud[m[K) override
      |                      [01;36m[K~~~~~~~~~~~~~~~~~~~~~~~~~~^~~~~[m[K
[01m[K/home/buhrmann/ws_moveit/src/point_cloud_circle_detector/src/point_cloud_custom_plant_pot_detection.cpp:123:28:[m[K [01;31m[Kerror: [m[Kcannot convert ‘[01m[Kpcl::PointCloud<pcl::PointXYZRGB>::Ptr[m[K’ {aka ‘[01m[Kstd::shared_ptr<pcl::PointCloud<pcl::PointXYZRGB> >[m[K’} to ‘[01m[Kconst PointCloudConstPtr&[m[K’ {aka ‘[01m[Kconst std::shared_ptr<const pcl::PointCloud<pcl::PointXYZ> >&[m[K’}
  123 |         fpfh.setInputCloud([01;31m[Kcustom_object_[m[K);
      |                            [01;31m[K^~~~~~~~~~~~~~[m[K
      |                            [01;31m[K|[m[K
      |                            [01;31m[Kpcl::PointCloud<pcl::PointXYZRGB>::Ptr {aka std::shared_ptr<pcl::PointCloud<pcl::PointXYZRGB> >}[m[K
In file included from [01m[K/usr/include/pcl-1.12/pcl/filters/filter.h:42[m[K,
                 from [01m[K/usr/include/pcl-1.12/pcl/filters/filter_indices.h:42[m[K,
                 from [01m[K/usr/include/pcl-1.12/pcl/filters/extract_indices.h:42[m[K,
                 from [01m[K/home/buhrmann/ws_moveit/src/point_cloud_circle_detector/src/point_cloud_custom_plant_pot_detection.cpp:1[m[K:
[01m[K/usr/include/pcl-1.12/pcl/pcl_base.h:92:48:[m[K [01;36m[Knote: [m[K  initializing argument 1 of ‘[01m[Kvoid pcl::PCLBase<PointT>::setInputCloud(const PointCloudConstPtr&) [with PointT = pcl::PointXYZ; pcl::PCLBase<PointT>::PointCloudConstPtr = std::shared_ptr<const pcl::PointCloud<pcl::PointXYZ> >][m[K’
   92 |       setInputCloud ([01;36m[Kconst PointCloudConstPtr &cloud[m[K);
      |                      [01;36m[K~~~~~~~~~~~~~~~~~~~~~~~~~~^~~~~[m[K
gmake[2]: *** [CMakeFiles/point_cloud_plantpot_detector.dir/build.make:76: CMakeFiles/point_cloud_plantpot_detector.dir/src/point_cloud_custom_plant_pot_detection.cpp.o] Error 1
gmake[1]: *** [CMakeFiles/Makefile2:193: CMakeFiles/point_cloud_plantpot_detector.dir/all] Error 2
gmake: *** [Makefile:146: all] Error 2
