-- Found ament_cmake: 2.0.7 (/opt/ros/iron/share/ament_cmake/cmake)
-- Override CMake install command with custom implementation using symlinks instead of copying resources
[0mPCL Libraries: TESSSSt[0m
[0mPCL Libraries: /usr/local/share/pcl-1.14/cmake[0m
[0mPCL Libraries: [0m
-- Found sensor_msgs: 5.0.1 (/opt/ros/iron/share/sensor_msgs/cmake)
-- Found rosidl_generator_c: 4.0.1 (/opt/ros/iron/share/rosidl_generator_c/cmake)
-- Found rosidl_generator_cpp: 4.0.1 (/opt/ros/iron/share/rosidl_generator_cpp/cmake)
-- Using all available rosidl_typesupport_c: rosidl_typesupport_fastrtps_c;rosidl_typesupport_introspection_c
-- Using all available rosidl_typesupport_cpp: rosidl_typesupport_fastrtps_cpp;rosidl_typesupport_introspection_cpp
-- Found rclcpp: 21.0.8 (/opt/ros/iron/share/rclcpp/cmake)
-- Found rmw_implementation_cmake: 7.1.0 (/opt/ros/iron/share/rmw_implementation_cmake/cmake)
-- Found rmw_fastrtps_cpp: 7.1.4 (/opt/ros/iron/share/rmw_fastrtps_cpp/cmake)
-- Using RMW implementation 'rmw_fastrtps_cpp' as default
-- Found pcl_conversions: 2.5.4 (/opt/ros/iron/share/pcl_conversions/cmake)
[33mCMake Warning (dev) at /opt/ros/iron/share/pcl_conversions/cmake/ament_cmake_export_dependencies-extras.cmake:21 (find_package):
  Policy CMP0074 is not set: find_package uses <PackageName>_ROOT variables.
  Run "cmake --help-policy CMP0074" for policy details.  Use the cmake_policy
  command to set the policy and suppress this warning.

  CMake variable PCL_ROOT is set to:

    /usr/local/include/pcl-1.14

  For compatibility, CMake is ignoring the variable.
Call Stack (most recent call first):
  /opt/ros/iron/share/pcl_conversions/cmake/pcl_conversionsConfig.cmake:41 (include)
  CMakeLists.txt:22 (find_package)
This warning is for project developers.  Use -Wno-dev to suppress it.
[0m
-- FLANN found (include: /usr/include, lib: /usr/lib/x86_64-linux-gnu/libflann_cpp.so)
-- Could NOT find Pcap (missing: PCAP_LIBRARIES PCAP_INCLUDE_DIRS) 
-- Found Qhull version 8.0.2
[0mPCL Libraries: pcl_common;pcl_kdtree;pcl_octree;pcl_search;pcl_sample_consensus;pcl_filters;pcl_io;pcl_features;pcl_ml;pcl_segmentation;pcl_surface;pcl_registration;pcl_keypoints;pcl_tracking;pcl_recognition;pcl_stereo;Boost::system;Boost::iostreams;Boost::filesystem;Boost::serialization;FLANN::FLANN;QHULL::QHULL[0m
-- Found ament_lint_auto: 0.14.4 (/opt/ros/iron/share/ament_lint_auto/cmake)
-- Configuring done
-- Generating done
-- Build files have been written to: /home/buhrmann/ws_moveit/build/point_cloud_circle_detector
[35m[1mConsolidate compiler generated dependencies of target point_cloud_plantpot_ppf_detector[0m
[35m[1mConsolidate compiler generated dependencies of target point_cloud_circle_detector[0m
[35m[1mConsolidate compiler generated dependencies of target point_cloud_cylinder_detector[0m
[35m[1mConsolidate compiler generated dependencies of target point_cloud_plantpot_detector[0m
[ 50%] [32m[1mLinking CXX executable point_cloud_plantpot_ppf_detector[0m
[ 50%] Built target point_cloud_cylinder_detector
[ 62%] Built target point_cloud_circle_detector
[ 87%] Built target point_cloud_plantpot_detector
/usr/bin/ld: CMakeFiles/point_cloud_plantpot_ppf_detector.dir/src/point_cloud_plantpot_ppf_detector.cpp.o: in function `PointCloudCustomObjectMatcher::listener_callback(std::shared_ptr<sensor_msgs::msg::PointCloud2_<std::allocator<void> > >)':
point_cloud_plantpot_ppf_detector.cpp:(.text._ZN29PointCloudCustomObjectMatcher17listener_callbackESt10shared_ptrIN11sensor_msgs3msg12PointCloud2_ISaIvEEEE[_ZN29PointCloudCustomObjectMatcher17listener_callbackESt10shared_ptrIN11sensor_msgs3msg12PointCloud2_ISaIvEEEE]+0xfc9): undefined reference to `pcl::PPFEstimation<pcl::PointXYZ, pcl::PointXYZ, pcl::PPFSignature>::PPFEstimation()'
/usr/bin/ld: point_cloud_plantpot_ppf_detector.cpp:(.text._ZN29PointCloudCustomObjectMatcher17listener_callbackESt10shared_ptrIN11sensor_msgs3msg12PointCloud2_ISaIvEEEE[_ZN29PointCloudCustomObjectMatcher17listener_callbackESt10shared_ptrIN11sensor_msgs3msg12PointCloud2_ISaIvEEEE]+0x12f6): undefined reference to `pcl::PPFEstimation<pcl::PointXYZ, pcl::PointXYZ, pcl::PPFSignature>::PPFEstimation()'
/usr/bin/ld: CMakeFiles/point_cloud_plantpot_ppf_detector.dir/src/point_cloud_plantpot_ppf_detector.cpp.o:(.data.rel.ro._ZTVN3pcl13PPFEstimationINS_8PointXYZES1_NS_12PPFSignatureEEE[_ZTVN3pcl13PPFEstimationINS_8PointXYZES1_NS_12PPFSignatureEEE]+0x58): undefined reference to `pcl::PPFEstimation<pcl::PointXYZ, pcl::PointXYZ, pcl::PPFSignature>::computeFeature(pcl::PointCloud<pcl::PPFSignature>&)'
collect2: error: ld returned 1 exit status
gmake[2]: *** [CMakeFiles/point_cloud_plantpot_ppf_detector.dir/build.make:263: point_cloud_plantpot_ppf_detector] Error 1
gmake[1]: *** [CMakeFiles/Makefile2:221: CMakeFiles/point_cloud_plantpot_ppf_detector.dir/all] Error 2
gmake: *** [Makefile:146: all] Error 2
