[0.000000] (-) TimerEvent: {}
[0.000308] (-) JobUnselected: {'identifier': 'chomp_motion_planner'}
[0.000332] (-) JobUnselected: {'identifier': 'dual_arm_panda_moveit_config'}
[0.000347] (-) JobUnselected: {'identifier': 'kinova_gen3_6dof_robotiq_2f_85_moveit_config'}
[0.000361] (-) JobUnselected: {'identifier': 'kinova_gen3_7dof_robotiq_2f_85_moveit_config'}
[0.000374] (-) JobUnselected: {'identifier': 'kinova_gen3_lite_moveit_config'}
[0.000387] (-) JobUnselected: {'identifier': 'kortex_api'}
[0.000400] (-) JobUnselected: {'identifier': 'kortex_bringup'}
[0.000413] (-) JobUnselected: {'identifier': 'kortex_description'}
[0.000425] (-) JobUnselected: {'identifier': 'kortex_driver'}
[0.000438] (-) JobUnselected: {'identifier': 'moveit'}
[0.000450] (-) JobUnselected: {'identifier': 'moveit2_tutorials'}
[0.000463] (-) JobUnselected: {'identifier': 'moveit_common'}
[0.000475] (-) JobUnselected: {'identifier': 'moveit_configs_utils'}
[0.000487] (-) JobUnselected: {'identifier': 'moveit_core'}
[0.000500] (-) JobUnselected: {'identifier': 'moveit_hybrid_planning'}
[0.000512] (-) JobUnselected: {'identifier': 'moveit_kinematics'}
[0.000524] (-) JobUnselected: {'identifier': 'moveit_msgs'}
[0.000537] (-) JobUnselected: {'identifier': 'moveit_planners'}
[0.000549] (-) JobUnselected: {'identifier': 'moveit_planners_chomp'}
[0.000562] (-) JobUnselected: {'identifier': 'moveit_planners_ompl'}
[0.000574] (-) JobUnselected: {'identifier': 'moveit_planners_stomp'}
[0.000586] (-) JobUnselected: {'identifier': 'moveit_plugins'}
[0.000598] (-) JobUnselected: {'identifier': 'moveit_py'}
[0.000611] (-) JobUnselected: {'identifier': 'moveit_resources'}
[0.000623] (-) JobUnselected: {'identifier': 'moveit_resources_fanuc_description'}
[0.000635] (-) JobUnselected: {'identifier': 'moveit_resources_fanuc_moveit_config'}
[0.000648] (-) JobUnselected: {'identifier': 'moveit_resources_panda_description'}
[0.000660] (-) JobUnselected: {'identifier': 'moveit_resources_panda_moveit_config'}
[0.000672] (-) JobUnselected: {'identifier': 'moveit_resources_pr2_description'}
[0.000685] (-) JobUnselected: {'identifier': 'moveit_resources_prbt_ikfast_manipulator_plugin'}
[0.000697] (-) JobUnselected: {'identifier': 'moveit_resources_prbt_moveit_config'}
[0.000709] (-) JobUnselected: {'identifier': 'moveit_resources_prbt_pg70_support'}
[0.000722] (-) JobUnselected: {'identifier': 'moveit_resources_prbt_support'}
[0.000734] (-) JobUnselected: {'identifier': 'moveit_ros'}
[0.000746] (-) JobUnselected: {'identifier': 'moveit_ros_benchmarks'}
[0.000759] (-) JobUnselected: {'identifier': 'moveit_ros_control_interface'}
[0.000771] (-) JobUnselected: {'identifier': 'moveit_ros_move_group'}
[0.000783] (-) JobUnselected: {'identifier': 'moveit_ros_occupancy_map_monitor'}
[0.000795] (-) JobUnselected: {'identifier': 'moveit_ros_perception'}
[0.000808] (-) JobUnselected: {'identifier': 'moveit_ros_planning'}
[0.000820] (-) JobUnselected: {'identifier': 'moveit_ros_planning_interface'}
[0.000832] (-) JobUnselected: {'identifier': 'moveit_ros_robot_interaction'}
[0.000844] (-) JobUnselected: {'identifier': 'moveit_ros_tests'}
[0.000857] (-) JobUnselected: {'identifier': 'moveit_ros_trajectory_cache'}
[0.000869] (-) JobUnselected: {'identifier': 'moveit_ros_visualization'}
[0.000881] (-) JobUnselected: {'identifier': 'moveit_ros_warehouse'}
[0.000894] (-) JobUnselected: {'identifier': 'moveit_runtime'}
[0.000906] (-) JobUnselected: {'identifier': 'moveit_servo'}
[0.000918] (-) JobUnselected: {'identifier': 'moveit_setup_app_plugins'}
[0.000930] (-) JobUnselected: {'identifier': 'moveit_setup_assistant'}
[0.000943] (-) JobUnselected: {'identifier': 'moveit_setup_controllers'}
[0.000955] (-) JobUnselected: {'identifier': 'moveit_setup_core_plugins'}
[0.000967] (-) JobUnselected: {'identifier': 'moveit_setup_framework'}
[0.000996] (-) JobUnselected: {'identifier': 'moveit_setup_srdf_plugins'}
[0.001012] (-) JobUnselected: {'identifier': 'moveit_simple_controller_manager'}
[0.001019] (-) JobUnselected: {'identifier': 'moveit_task_constructor_capabilities'}
[0.001025] (-) JobUnselected: {'identifier': 'moveit_task_constructor_core'}
[0.001034] (-) JobUnselected: {'identifier': 'moveit_task_constructor_demo'}
[0.001039] (-) JobUnselected: {'identifier': 'moveit_task_constructor_msgs'}
[0.001044] (-) JobUnselected: {'identifier': 'moveit_task_constructor_visualization'}
[0.001049] (-) JobUnselected: {'identifier': 'moveit_visual_tools'}
[0.001054] (-) JobUnselected: {'identifier': 'object_creation'}
[0.001059] (-) JobUnselected: {'identifier': 'object_detection'}
[0.001068] (-) JobUnselected: {'identifier': 'object_detection_pcl'}
[0.001074] (-) JobUnselected: {'identifier': 'pick_ik'}
[0.001079] (-) JobUnselected: {'identifier': 'picknik_accessories'}
[0.001089] (-) JobUnselected: {'identifier': 'pilz_industrial_motion_planner'}
[0.001094] (-) JobUnselected: {'identifier': 'pilz_industrial_motion_planner_testutils'}
[0.001099] (-) JobUnselected: {'identifier': 'point_cloud_circle_detector'}
[0.001104] (-) JobUnselected: {'identifier': 'ppf_test_pkg'}
[0.001109] (-) JobUnselected: {'identifier': 'robotiq_controllers'}
[0.001114] (-) JobUnselected: {'identifier': 'robotiq_description'}
[0.001120] (-) JobUnselected: {'identifier': 'robotiq_driver'}
[0.001125] (-) JobUnselected: {'identifier': 'robotiq_hardware_tests'}
[0.001130] (-) JobUnselected: {'identifier': 'rviz_marker_tools'}
[0.001135] (-) JobUnselected: {'identifier': 'rviz_visual_tools'}
[0.001141] (-) JobUnselected: {'identifier': 'serial'}
[0.001150] (-) JobUnselected: {'identifier': 'ur3_camera_moveit_config'}
[0.001155] (-) JobUnselected: {'identifier': 'ur3_description_controller'}
[0.001161] (-) JobUnselected: {'identifier': 'ur5_camera_moveit_config'}
[0.001166] (-) JobUnselected: {'identifier': 'ur5_camera_moveit_config2'}
[0.001171] (-) JobUnselected: {'identifier': 'ur5_description_controller'}
[0.001188] (-) JobUnselected: {'identifier': 'ur5_moveit_test'}
[0.001194] (-) EventReactorShutdown: {}
