[0.503s] Invoking command in '/home/buhrmann/ws_moveit/build/common_services_package': CMAKE_PREFIX_PATH=${CMAKE_PREFIX_PATH}:/home/buhrmann/ws_moveit/install/ros2_azure_bridge:/home/buhrmann/ws_moveit/install/moveit_configs_utils:/opt/ros/iron /usr/bin/cmake --build /home/buhrmann/ws_moveit/build/common_services_package -- -j28 -l28
[0.612s] [  2%] Built target common_services_package__rosidl_generator_type_description
[0.643s] [  2%] Built target ament_cmake_python_copy_common_services_package
[0.769s] [ 17%] Built target common_services_package__rosidl_generator_c
[0.800s] [ 20%] Built target common_services_package__cpp
[0.829s] [ 29%] Built target common_services_package__rosidl_typesupport_fastrtps_c
[0.829s] [ 38%] Built target common_services_package__rosidl_typesupport_c
[0.830s] [ 47%] Built target common_services_package__rosidl_typesupport_cpp
[0.830s] [ 55%] Built target common_services_package__rosidl_typesupport_introspection_cpp
[0.830s] [ 64%] Built target common_services_package__rosidl_typesupport_introspection_c
[0.830s] [ 73%] Built target common_services_package__rosidl_typesupport_fastrtps_cpp
[0.832s] [ 73%] Built target common_services_package
[0.851s] [ 76%] Built target common_services_package__py
[0.879s] [ 82%] Built target common_services_package__rosidl_generator_py
[0.925s] [ 88%] Built target common_services_package__rosidl_typesupport_introspection_c__pyext
[0.925s] [ 94%] Built target common_services_package__rosidl_typesupport_c__pyext
[0.931s] [100%] Built target common_services_package__rosidl_typesupport_fastrtps_c__pyext
[1.058s] running egg_info
[1.058s] writing common_services_package.egg-info/PKG-INFO
[1.058s] writing dependency_links to common_services_package.egg-info/dependency_links.txt
[1.058s] writing top-level names to common_services_package.egg-info/top_level.txt
[1.062s] reading manifest file 'common_services_package.egg-info/SOURCES.txt'
[1.062s] writing manifest file 'common_services_package.egg-info/SOURCES.txt'
[1.111s] [100%] Built target ament_cmake_python_build_common_services_package_egg
[1.361s] Invoked command in '/home/buhrmann/ws_moveit/build/common_services_package' returned '0': CMAKE_PREFIX_PATH=${CMAKE_PREFIX_PATH}:/home/buhrmann/ws_moveit/install/ros2_azure_bridge:/home/buhrmann/ws_moveit/install/moveit_configs_utils:/opt/ros/iron /usr/bin/cmake --build /home/buhrmann/ws_moveit/build/common_services_package -- -j28 -l28
[1.369s] Invoking command in '/home/buhrmann/ws_moveit/build/common_services_package': CMAKE_PREFIX_PATH=${CMAKE_PREFIX_PATH}:/home/buhrmann/ws_moveit/install/ros2_azure_bridge:/home/buhrmann/ws_moveit/install/moveit_configs_utils:/opt/ros/iron /usr/bin/cmake --install /home/buhrmann/ws_moveit/build/common_services_package
[1.387s] -- Install configuration: ""
[1.387s] -- Up-to-date: /home/buhrmann/ws_moveit/install/common_services_package/share/ament_index/resource_index/rosidl_interfaces/common_services_package
[1.387s] -- Up-to-date: /home/buhrmann/ws_moveit/install/common_services_package/share/common_services_package/srv/GetPlantpotCoords.json
[1.387s] -- Up-to-date: /home/buhrmann/ws_moveit/install/common_services_package/include/common_services_package/common_services_package
[1.387s] -- Up-to-date: /home/buhrmann/ws_moveit/install/common_services_package/include/common_services_package/common_services_package/srv
[1.388s] -- Up-to-date: /home/buhrmann/ws_moveit/install/common_services_package/include/common_services_package/common_services_package/srv/get_plantpot_coords.h
[1.388s] -- Up-to-date: /home/buhrmann/ws_moveit/install/common_services_package/include/common_services_package/common_services_package/srv/detail
[1.388s] -- Up-to-date: /home/buhrmann/ws_moveit/install/common_services_package/include/common_services_package/common_services_package/srv/detail/get_plantpot_coords__struct.h
[1.388s] -- Up-to-date: /home/buhrmann/ws_moveit/install/common_services_package/include/common_services_package/common_services_package/srv/detail/get_plantpot_coords__type_support.c
[1.388s] -- Up-to-date: /home/buhrmann/ws_moveit/install/common_services_package/include/common_services_package/common_services_package/srv/detail/get_plantpot_coords__functions.h
[1.388s] -- Up-to-date: /home/buhrmann/ws_moveit/install/common_services_package/include/common_services_package/common_services_package/srv/detail/get_plantpot_coords__functions.c
[1.388s] -- Up-to-date: /home/buhrmann/ws_moveit/install/common_services_package/include/common_services_package/common_services_package/srv/detail/get_plantpot_coords__type_support.h
[1.388s] -- Up-to-date: /home/buhrmann/ws_moveit/install/common_services_package/include/common_services_package/common_services_package/srv/detail/get_plantpot_coords__description.c
[1.388s] -- Up-to-date: /home/buhrmann/ws_moveit/install/common_services_package/include/common_services_package/common_services_package/msg
[1.388s] -- Up-to-date: /home/buhrmann/ws_moveit/install/common_services_package/include/common_services_package/common_services_package/msg/rosidl_generator_c__visibility_control.h
[1.388s] -- Up-to-date: /home/buhrmann/ws_moveit/install/common_services_package/share/common_services_package/environment/library_path.sh
[1.389s] -- Up-to-date: /home/buhrmann/ws_moveit/install/common_services_package/share/common_services_package/environment/library_path.dsv
[1.389s] -- Up-to-date: /home/buhrmann/ws_moveit/install/common_services_package/lib/libcommon_services_package__rosidl_generator_c.so
[1.389s] -- Up-to-date: /home/buhrmann/ws_moveit/install/common_services_package/include/common_services_package/common_services_package
[1.389s] -- Up-to-date: /home/buhrmann/ws_moveit/install/common_services_package/include/common_services_package/common_services_package/srv
[1.389s] -- Up-to-date: /home/buhrmann/ws_moveit/install/common_services_package/include/common_services_package/common_services_package/srv/detail
[1.389s] -- Up-to-date: /home/buhrmann/ws_moveit/install/common_services_package/include/common_services_package/common_services_package/srv/detail/get_plantpot_coords__rosidl_typesupport_fastrtps_c.h
[1.389s] -- Up-to-date: /home/buhrmann/ws_moveit/install/common_services_package/include/common_services_package/common_services_package/msg
[1.389s] -- Up-to-date: /home/buhrmann/ws_moveit/install/common_services_package/include/common_services_package/common_services_package/msg/rosidl_typesupport_fastrtps_c__visibility_control.h
[1.389s] -- Up-to-date: /home/buhrmann/ws_moveit/install/common_services_package/lib/libcommon_services_package__rosidl_typesupport_fastrtps_c.so
[1.389s] -- Up-to-date: /home/buhrmann/ws_moveit/install/common_services_package/include/common_services_package/common_services_package
[1.389s] -- Up-to-date: /home/buhrmann/ws_moveit/install/common_services_package/include/common_services_package/common_services_package/srv
[1.389s] -- Up-to-date: /home/buhrmann/ws_moveit/install/common_services_package/include/common_services_package/common_services_package/srv/detail
[1.390s] -- Up-to-date: /home/buhrmann/ws_moveit/install/common_services_package/include/common_services_package/common_services_package/srv/detail/get_plantpot_coords__type_support.c
[1.390s] -- Up-to-date: /home/buhrmann/ws_moveit/install/common_services_package/include/common_services_package/common_services_package/srv/detail/get_plantpot_coords__rosidl_typesupport_introspection_c.h
[1.390s] -- Up-to-date: /home/buhrmann/ws_moveit/install/common_services_package/include/common_services_package/common_services_package/msg
[1.390s] -- Up-to-date: /home/buhrmann/ws_moveit/install/common_services_package/include/common_services_package/common_services_package/msg/rosidl_typesupport_introspection_c__visibility_control.h
[1.390s] -- Up-to-date: /home/buhrmann/ws_moveit/install/common_services_package/lib/libcommon_services_package__rosidl_typesupport_introspection_c.so
[1.390s] -- Up-to-date: /home/buhrmann/ws_moveit/install/common_services_package/lib/libcommon_services_package__rosidl_typesupport_c.so
[1.390s] -- Up-to-date: /home/buhrmann/ws_moveit/install/common_services_package/include/common_services_package/common_services_package
[1.390s] -- Up-to-date: /home/buhrmann/ws_moveit/install/common_services_package/include/common_services_package/common_services_package/srv
[1.390s] -- Up-to-date: /home/buhrmann/ws_moveit/install/common_services_package/include/common_services_package/common_services_package/srv/detail
[1.391s] -- Up-to-date: /home/buhrmann/ws_moveit/install/common_services_package/include/common_services_package/common_services_package/srv/detail/get_plantpot_coords__traits.hpp
[1.391s] -- Up-to-date: /home/buhrmann/ws_moveit/install/common_services_package/include/common_services_package/common_services_package/srv/detail/get_plantpot_coords__builder.hpp
[1.395s] -- Up-to-date: /home/buhrmann/ws_moveit/install/common_services_package/include/common_services_package/common_services_package/srv/detail/get_plantpot_coords__struct.hpp
[1.406s] -- Up-to-date: /home/buhrmann/ws_moveit/install/common_services_package/include/common_services_package/common_services_package/srv/get_plantpot_coords.hpp
[1.406s] -- Up-to-date: /home/buhrmann/ws_moveit/install/common_services_package/include/common_services_package/common_services_package
[1.406s] -- Up-to-date: /home/buhrmann/ws_moveit/install/common_services_package/include/common_services_package/common_services_package/srv
[1.406s] -- Up-to-date: /home/buhrmann/ws_moveit/install/common_services_package/include/common_services_package/common_services_package/srv/detail
[1.406s] -- Up-to-date: /home/buhrmann/ws_moveit/install/common_services_package/include/common_services_package/common_services_package/srv/detail/get_plantpot_coords__rosidl_typesupport_fastrtps_cpp.hpp
[1.406s] -- Up-to-date: /home/buhrmann/ws_moveit/install/common_services_package/include/common_services_package/common_services_package/srv/detail/dds_fastrtps
[1.406s] -- Up-to-date: /home/buhrmann/ws_moveit/install/common_services_package/include/common_services_package/common_services_package/msg
[1.406s] -- Up-to-date: /home/buhrmann/ws_moveit/install/common_services_package/include/common_services_package/common_services_package/msg/rosidl_typesupport_fastrtps_cpp__visibility_control.h
[1.406s] -- Up-to-date: /home/buhrmann/ws_moveit/install/common_services_package/lib/libcommon_services_package__rosidl_typesupport_fastrtps_cpp.so
[1.407s] -- Up-to-date: /home/buhrmann/ws_moveit/install/common_services_package/include/common_services_package/common_services_package
[1.407s] -- Up-to-date: /home/buhrmann/ws_moveit/install/common_services_package/include/common_services_package/common_services_package/srv
[1.407s] -- Up-to-date: /home/buhrmann/ws_moveit/install/common_services_package/include/common_services_package/common_services_package/srv/detail
[1.407s] -- Up-to-date: /home/buhrmann/ws_moveit/install/common_services_package/include/common_services_package/common_services_package/srv/detail/get_plantpot_coords__type_support.cpp
[1.407s] -- Up-to-date: /home/buhrmann/ws_moveit/install/common_services_package/include/common_services_package/common_services_package/srv/detail/get_plantpot_coords__rosidl_typesupport_introspection_cpp.hpp
[1.407s] -- Up-to-date: /home/buhrmann/ws_moveit/install/common_services_package/lib/libcommon_services_package__rosidl_typesupport_introspection_cpp.so
[1.407s] -- Up-to-date: /home/buhrmann/ws_moveit/install/common_services_package/lib/libcommon_services_package__rosidl_typesupport_cpp.so
[1.407s] -- Up-to-date: /home/buhrmann/ws_moveit/install/common_services_package/share/common_services_package/environment/pythonpath.sh
[1.407s] -- Up-to-date: /home/buhrmann/ws_moveit/install/common_services_package/share/common_services_package/environment/pythonpath.dsv
[1.407s] -- Up-to-date: /home/buhrmann/ws_moveit/install/common_services_package/lib/python3.10/site-packages/common_services_package-0.0.0-py3.10.egg-info
[1.407s] -- Installing: /home/buhrmann/ws_moveit/install/common_services_package/lib/python3.10/site-packages/common_services_package-0.0.0-py3.10.egg-info/SOURCES.txt
[1.407s] -- Installing: /home/buhrmann/ws_moveit/install/common_services_package/lib/python3.10/site-packages/common_services_package-0.0.0-py3.10.egg-info/dependency_links.txt
[1.407s] -- Installing: /home/buhrmann/ws_moveit/install/common_services_package/lib/python3.10/site-packages/common_services_package-0.0.0-py3.10.egg-info/top_level.txt
[1.407s] -- Installing: /home/buhrmann/ws_moveit/install/common_services_package/lib/python3.10/site-packages/common_services_package-0.0.0-py3.10.egg-info/PKG-INFO
[1.407s] -- Up-to-date: /home/buhrmann/ws_moveit/install/common_services_package/lib/python3.10/site-packages/common_services_package
[1.407s] -- Up-to-date: /home/buhrmann/ws_moveit/install/common_services_package/lib/python3.10/site-packages/common_services_package/srv
[1.407s] -- Up-to-date: /home/buhrmann/ws_moveit/install/common_services_package/lib/python3.10/site-packages/common_services_package/srv/_get_plantpot_coords_s.c
[1.408s] -- Up-to-date: /home/buhrmann/ws_moveit/install/common_services_package/lib/python3.10/site-packages/common_services_package/srv/_get_plantpot_coords.py
[1.408s] -- Up-to-date: /home/buhrmann/ws_moveit/install/common_services_package/lib/python3.10/site-packages/common_services_package/srv/__init__.py
[1.408s] -- Up-to-date: /home/buhrmann/ws_moveit/install/common_services_package/lib/python3.10/site-packages/common_services_package/_common_services_package_s.ep.rosidl_typesupport_introspection_c.c
[1.408s] -- Up-to-date: /home/buhrmann/ws_moveit/install/common_services_package/lib/python3.10/site-packages/common_services_package/_common_services_package_s.ep.rosidl_typesupport_c.c
[1.408s] -- Up-to-date: /home/buhrmann/ws_moveit/install/common_services_package/lib/python3.10/site-packages/common_services_package/libcommon_services_package__rosidl_generator_py.so
[1.408s] -- Up-to-date: /home/buhrmann/ws_moveit/install/common_services_package/lib/python3.10/site-packages/common_services_package/common_services_package_s__rosidl_typesupport_introspection_c.cpython-310-x86_64-linux-gnu.so
[1.408s] -- Up-to-date: /home/buhrmann/ws_moveit/install/common_services_package/lib/python3.10/site-packages/common_services_package/common_services_package_s__rosidl_typesupport_fastrtps_c.cpython-310-x86_64-linux-gnu.so
[1.408s] -- Up-to-date: /home/buhrmann/ws_moveit/install/common_services_package/lib/python3.10/site-packages/common_services_package/__init__.py
[1.408s] -- Up-to-date: /home/buhrmann/ws_moveit/install/common_services_package/lib/python3.10/site-packages/common_services_package/common_services_package_s__rosidl_typesupport_c.cpython-310-x86_64-linux-gnu.so
[1.408s] -- Up-to-date: /home/buhrmann/ws_moveit/install/common_services_package/lib/python3.10/site-packages/common_services_package/_common_services_package_s.ep.rosidl_typesupport_fastrtps_c.c
[1.432s] Listing '/home/buhrmann/ws_moveit/install/common_services_package/lib/python3.10/site-packages/common_services_package'...
[1.432s] Listing '/home/buhrmann/ws_moveit/install/common_services_package/lib/python3.10/site-packages/common_services_package/srv'...
[1.441s] -- Up-to-date: /home/buhrmann/ws_moveit/install/common_services_package/lib/python3.10/site-packages/common_services_package/common_services_package_s__rosidl_typesupport_fastrtps_c.cpython-310-x86_64-linux-gnu.so
[1.441s] -- Up-to-date: /home/buhrmann/ws_moveit/install/common_services_package/lib/python3.10/site-packages/common_services_package/common_services_package_s__rosidl_typesupport_introspection_c.cpython-310-x86_64-linux-gnu.so
[1.454s] -- Up-to-date: /home/buhrmann/ws_moveit/install/common_services_package/lib/python3.10/site-packages/common_services_package/common_services_package_s__rosidl_typesupport_c.cpython-310-x86_64-linux-gnu.so
[1.455s] -- Up-to-date: /home/buhrmann/ws_moveit/install/common_services_package/lib/libcommon_services_package__rosidl_generator_py.so
[1.455s] -- Up-to-date: /home/buhrmann/ws_moveit/install/common_services_package/share/common_services_package/srv/GetPlantpotCoords.idl
[1.457s] -- Up-to-date: /home/buhrmann/ws_moveit/install/common_services_package/share/common_services_package/srv/GetPlantpotCoords.srv
[1.457s] -- Up-to-date: /home/buhrmann/ws_moveit/install/common_services_package/share/common_services_package/srv/GetPlantpotCoords_Request.msg
[1.457s] -- Up-to-date: /home/buhrmann/ws_moveit/install/common_services_package/share/common_services_package/srv/GetPlantpotCoords_Response.msg
[1.457s] -- Up-to-date: /home/buhrmann/ws_moveit/install/common_services_package/share/ament_index/resource_index/package_run_dependencies/common_services_package
[1.457s] -- Up-to-date: /home/buhrmann/ws_moveit/install/common_services_package/share/ament_index/resource_index/parent_prefix_path/common_services_package
[1.457s] -- Up-to-date: /home/buhrmann/ws_moveit/install/common_services_package/share/common_services_package/environment/ament_prefix_path.sh
[1.457s] -- Up-to-date: /home/buhrmann/ws_moveit/install/common_services_package/share/common_services_package/environment/ament_prefix_path.dsv
[1.459s] -- Up-to-date: /home/buhrmann/ws_moveit/install/common_services_package/share/common_services_package/environment/path.sh
[1.459s] -- Up-to-date: /home/buhrmann/ws_moveit/install/common_services_package/share/common_services_package/environment/path.dsv
[1.459s] -- Up-to-date: /home/buhrmann/ws_moveit/install/common_services_package/share/common_services_package/local_setup.bash
[1.459s] -- Up-to-date: /home/buhrmann/ws_moveit/install/common_services_package/share/common_services_package/local_setup.sh
[1.465s] -- Up-to-date: /home/buhrmann/ws_moveit/install/common_services_package/share/common_services_package/local_setup.zsh
[1.465s] -- Up-to-date: /home/buhrmann/ws_moveit/install/common_services_package/share/common_services_package/local_setup.dsv
[1.465s] -- Installing: /home/buhrmann/ws_moveit/install/common_services_package/share/common_services_package/package.dsv
[1.465s] -- Up-to-date: /home/buhrmann/ws_moveit/install/common_services_package/share/ament_index/resource_index/packages/common_services_package
[1.465s] -- Up-to-date: /home/buhrmann/ws_moveit/install/common_services_package/share/common_services_package/cmake/export_common_services_package__rosidl_generator_cExport.cmake
[1.465s] -- Up-to-date: /home/buhrmann/ws_moveit/install/common_services_package/share/common_services_package/cmake/export_common_services_package__rosidl_generator_cExport-noconfig.cmake
[1.465s] -- Up-to-date: /home/buhrmann/ws_moveit/install/common_services_package/share/common_services_package/cmake/export_common_services_package__rosidl_typesupport_fastrtps_cExport.cmake
[1.465s] -- Up-to-date: /home/buhrmann/ws_moveit/install/common_services_package/share/common_services_package/cmake/export_common_services_package__rosidl_typesupport_fastrtps_cExport-noconfig.cmake
[1.465s] -- Up-to-date: /home/buhrmann/ws_moveit/install/common_services_package/share/common_services_package/cmake/common_services_package__rosidl_typesupport_introspection_cExport.cmake
[1.465s] -- Up-to-date: /home/buhrmann/ws_moveit/install/common_services_package/share/common_services_package/cmake/common_services_package__rosidl_typesupport_introspection_cExport-noconfig.cmake
[1.465s] -- Up-to-date: /home/buhrmann/ws_moveit/install/common_services_package/share/common_services_package/cmake/common_services_package__rosidl_typesupport_cExport.cmake
[1.465s] -- Up-to-date: /home/buhrmann/ws_moveit/install/common_services_package/share/common_services_package/cmake/common_services_package__rosidl_typesupport_cExport-noconfig.cmake
[1.465s] -- Up-to-date: /home/buhrmann/ws_moveit/install/common_services_package/share/common_services_package/cmake/export_common_services_package__rosidl_generator_cppExport.cmake
[1.465s] -- Up-to-date: /home/buhrmann/ws_moveit/install/common_services_package/share/common_services_package/cmake/export_common_services_package__rosidl_typesupport_fastrtps_cppExport.cmake
[1.465s] -- Up-to-date: /home/buhrmann/ws_moveit/install/common_services_package/share/common_services_package/cmake/export_common_services_package__rosidl_typesupport_fastrtps_cppExport-noconfig.cmake
[1.466s] -- Up-to-date: /home/buhrmann/ws_moveit/install/common_services_package/share/common_services_package/cmake/common_services_package__rosidl_typesupport_introspection_cppExport.cmake
[1.466s] -- Up-to-date: /home/buhrmann/ws_moveit/install/common_services_package/share/common_services_package/cmake/common_services_package__rosidl_typesupport_introspection_cppExport-noconfig.cmake
[1.466s] -- Up-to-date: /home/buhrmann/ws_moveit/install/common_services_package/share/common_services_package/cmake/common_services_package__rosidl_typesupport_cppExport.cmake
[1.466s] -- Up-to-date: /home/buhrmann/ws_moveit/install/common_services_package/share/common_services_package/cmake/common_services_package__rosidl_typesupport_cppExport-noconfig.cmake
[1.466s] -- Up-to-date: /home/buhrmann/ws_moveit/install/common_services_package/share/common_services_package/cmake/export_common_services_package__rosidl_generator_pyExport.cmake
[1.466s] -- Up-to-date: /home/buhrmann/ws_moveit/install/common_services_package/share/common_services_package/cmake/export_common_services_package__rosidl_generator_pyExport-noconfig.cmake
[1.466s] -- Up-to-date: /home/buhrmann/ws_moveit/install/common_services_package/share/common_services_package/cmake/rosidl_cmake-extras.cmake
[1.466s] -- Up-to-date: /home/buhrmann/ws_moveit/install/common_services_package/share/common_services_package/cmake/ament_cmake_export_dependencies-extras.cmake
[1.466s] -- Up-to-date: /home/buhrmann/ws_moveit/install/common_services_package/share/common_services_package/cmake/ament_cmake_export_include_directories-extras.cmake
[1.466s] -- Up-to-date: /home/buhrmann/ws_moveit/install/common_services_package/share/common_services_package/cmake/ament_cmake_export_libraries-extras.cmake
[1.466s] -- Up-to-date: /home/buhrmann/ws_moveit/install/common_services_package/share/common_services_package/cmake/ament_cmake_export_targets-extras.cmake
[1.466s] -- Up-to-date: /home/buhrmann/ws_moveit/install/common_services_package/share/common_services_package/cmake/rosidl_cmake_export_typesupport_targets-extras.cmake
[1.466s] -- Up-to-date: /home/buhrmann/ws_moveit/install/common_services_package/share/common_services_package/cmake/rosidl_cmake_export_typesupport_libraries-extras.cmake
[1.466s] -- Up-to-date: /home/buhrmann/ws_moveit/install/common_services_package/share/common_services_package/cmake/common_services_packageConfig.cmake
[1.466s] -- Up-to-date: /home/buhrmann/ws_moveit/install/common_services_package/share/common_services_package/cmake/common_services_packageConfig-version.cmake
[1.466s] -- Up-to-date: /home/buhrmann/ws_moveit/install/common_services_package/share/common_services_package/package.xml
[1.561s] Invoked command in '/home/buhrmann/ws_moveit/build/common_services_package' returned '0': CMAKE_PREFIX_PATH=${CMAKE_PREFIX_PATH}:/home/buhrmann/ws_moveit/install/ros2_azure_bridge:/home/buhrmann/ws_moveit/install/moveit_configs_utils:/opt/ros/iron /usr/bin/cmake --install /home/buhrmann/ws_moveit/build/common_services_package
