[0.159s] Invoking command in '/home/buhrmann/ws_moveit/build/robotiq_controllers': CMAKE_PREFIX_PATH=${CMAKE_PREFIX_PATH}:/home/buhrmann/ws_moveit/install/moveit_configs_utils:/opt/ros/iron /usr/bin/cmake --build /home/buhrmann/ws_moveit/build/robotiq_controllers -- -j28 -l28
[0.175s] -- Found ament_cmake: 2.0.6 (/opt/ros/iron/share/ament_cmake/cmake)
[0.268s] -- Found controller_interface: 3.28.1 (/opt/ros/iron/share/controller_interface/cmake)
[0.292s] -- Found rosidl_generator_c: 4.0.1 (/opt/ros/iron/share/rosidl_generator_c/cmake)
[0.299s] -- Found rosidl_generator_cpp: 4.0.1 (/opt/ros/iron/share/rosidl_generator_cpp/cmake)
[0.313s] -- Using all available rosidl_typesupport_c: rosidl_typesupport_fastrtps_c;rosidl_typesupport_introspection_c
[0.327s] -- Using all available rosidl_typesupport_cpp: rosidl_typesupport_fastrtps_cpp;rosidl_typesupport_introspection_cpp
[0.735s] -- Found rmw_implementation_cmake: 7.1.0 (/opt/ros/iron/share/rmw_implementation_cmake/cmake)
[0.737s] -- Found rmw_fastrtps_cpp: 7.1.4 (/opt/ros/iron/share/rmw_fastrtps_cpp/cmake)
[0.755s] -- Found TinyXML2 via Config file: TinyXML2_DIR-NOTFOUND
[0.762s] -- Found TinyXML2 via Config file: TinyXML2_DIR-NOTFOUND
[0.773s] -- Found TinyXML2 via Config file: TinyXML2_DIR-NOTFOUND
[0.777s] -- Found TinyXML2 via Config file: TinyXML2_DIR-NOTFOUND
[0.789s] -- Using RMW implementation 'rmw_fastrtps_cpp' as default
[0.912s] -- Found std_srvs: 5.0.1 (/opt/ros/iron/share/std_srvs/cmake)
[0.944s] [31mCMake Error at CMakeLists.txt:48 (find_package):
[0.944s]   By not providing "Findament_lint_auto.cmake" in CMAKE_MODULE_PATH this
[0.944s]   project has asked CMake to find a package configuration file provided by
[0.944s]   "ament_lint_auto", but CMake did not find one.
[0.944s] 
[0.944s]   Could not find a package configuration file provided by "ament_lint_auto"
[0.944s]   with any of the following names:
[0.944s] 
[0.944s]     ament_lint_autoConfig.cmake
[0.945s]     ament_lint_auto-config.cmake
[0.945s] 
[0.945s]   Add the installation prefix of "ament_lint_auto" to CMAKE_PREFIX_PATH or
[0.945s]   set "ament_lint_auto_DIR" to a directory containing one of the above files.
[0.945s]   If "ament_lint_auto" provides a separate development package or SDK, be
[0.945s]   sure it has been installed.
[0.945s] 
[0.945s] [0m
[0.945s] -- Configuring incomplete, errors occurred!
[0.945s] See also "/home/buhrmann/ws_moveit/build/robotiq_controllers/CMakeFiles/CMakeOutput.log".
[0.948s] gmake: *** [Makefile:267: cmake_check_build_system] Error 1
[0.949s] Invoked command in '/home/buhrmann/ws_moveit/build/robotiq_controllers' returned '2': CMAKE_PREFIX_PATH=${CMAKE_PREFIX_PATH}:/home/buhrmann/ws_moveit/install/moveit_configs_utils:/opt/ros/iron /usr/bin/cmake --build /home/buhrmann/ws_moveit/build/robotiq_controllers -- -j28 -l28
