[0.009s] Invoking command in '/home/buhrmann/ws_moveit/build/point_cloud_circle_detector': CMAKE_PREFIX_PATH=${CMAKE_PREFIX_PATH}:/home/buhrmann/ws_moveit/install/moveit_configs_utils:/opt/ros/iron /usr/bin/cmake --build /home/buhrmann/ws_moveit/build/point_cloud_circle_detector -- -j28 -l28
[0.032s] -- Found ament_cmake: 2.0.7 (/opt/ros/iron/share/ament_cmake/cmake)
[0.111s] -- Found sensor_msgs: 5.0.1 (/opt/ros/iron/share/sensor_msgs/cmake)
[0.124s] -- Found rosidl_generator_c: 4.0.1 (/opt/ros/iron/share/rosidl_generator_c/cmake)
[0.128s] -- Found rosidl_generator_cpp: 4.0.1 (/opt/ros/iron/share/rosidl_generator_cpp/cmake)
[0.135s] -- Using all available rosidl_typesupport_c: rosidl_typesupport_fastrtps_c;rosidl_typesupport_introspection_c
[0.144s] -- Using all available rosidl_typesupport_cpp: rosidl_typesupport_fastrtps_cpp;rosidl_typesupport_introspection_cpp
[0.240s] -- Found rclcpp: 21.0.8 (/opt/ros/iron/share/rclcpp/cmake)
[0.287s] -- Found rmw_implementation_cmake: 7.1.0 (/opt/ros/iron/share/rmw_implementation_cmake/cmake)
[0.289s] -- Found rmw_fastrtps_cpp: 7.1.4 (/opt/ros/iron/share/rmw_fastrtps_cpp/cmake)
[0.367s] -- Using RMW implementation 'rmw_fastrtps_cpp' as default
[0.448s] -- Found pcl_conversions: 2.5.4 (/opt/ros/iron/share/pcl_conversions/cmake)
[0.561s] -- FLANN found (include: /usr/include, lib: /usr/lib/x86_64-linux-gnu/libflann_cpp.so)
[0.572s] -- OpenNI found (version: 1.5.4.0, include: /usr/include/ni, lib: /usr/lib/libOpenNI.so;libusb::libusb)
[0.579s] -- OpenNI2 found (version: 2.2.0.33, include: /usr/include/openni2, lib: /usr/lib/x86_64-linux-gnu/libOpenNI2.so;libusb::libusb)
[0.582s] -- Could NOT find Pcap (missing: PCAP_LIBRARIES PCAP_INCLUDE_DIRS) 
[0.803s] -- OpenNI found (version: 1.5.4.0, include: /usr/include/ni, lib: /usr/lib/libOpenNI.so;libusb::libusb)
[0.806s] -- OpenNI2 found (version: 2.2.0.33, include: /usr/include/openni2, lib: /usr/lib/x86_64-linux-gnu/libOpenNI2.so;libusb::libusb)
[0.991s] -- Found Qhull version 8.0.2
[1.825s] -- Found ament_lint_auto: 0.14.4 (/opt/ros/iron/share/ament_lint_auto/cmake)
[1.861s] -- Added test 'cppcheck' to perform static code analysis on C / C++ code
[1.861s] -- Configured cppcheck include dirs: 
[1.861s] -- Configured cppcheck exclude dirs and/or files: 
[1.861s] -- Added test 'lint_cmake' to check CMake code style
[1.862s] -- Added test 'uncrustify' to check C / C++ code style
[1.862s] -- Configured uncrustify additional arguments: 
[1.862s] -- Added test 'xmllint' to check XML markup files
[1.862s] -- Configuring done
[1.867s] [31mCMake Error at CMakeLists.txt:34 (add_executable):
[1.867s]   Cannot find source file:
[1.867s] 
[1.867s]     src/rgb_edge_filter..cpp
[1.867s] 
[1.867s]   Tried extensions .c .C .c++ .cc .cpp .cxx .cu .mpp .m .M .mm .ixx .cppm .h
[1.867s]   .hh .h++ .hm .hpp .hxx .in .txx .f .F .for .f77 .f90 .f95 .f03 .hip .ispc
[1.867s] 
[1.867s] [0m
[1.870s] [31mCMake Error at CMakeLists.txt:34 (add_executable):
[1.870s]   No SOURCES given to target: rgb_edge_filter
[1.871s] 
[1.871s] [0m
[1.871s] [0mCMake Generate step failed.  Build files cannot be regenerated correctly.[0m
[1.879s] gmake: *** [Makefile:513: cmake_check_build_system] Error 1
[1.880s] Invoked command in '/home/buhrmann/ws_moveit/build/point_cloud_circle_detector' returned '2': CMAKE_PREFIX_PATH=${CMAKE_PREFIX_PATH}:/home/buhrmann/ws_moveit/install/moveit_configs_utils:/opt/ros/iron /usr/bin/cmake --build /home/buhrmann/ws_moveit/build/point_cloud_circle_detector -- -j28 -l28
