[35m[1mConsolidate compiler generated dependencies of target point_cloud_plantpot_pfh_detector[0m
[ 12%] Built target point_cloud_plantpot_ppf_detector
[ 25%] Built target point_cloud_plantpot_rgb_edge_pfh_detector
[ 37%] Built target rgb_edge_filter
[ 50%] Built target point_cloud_plantpot_detector
[ 62%] Built target point_cloud_circle_detector
[ 75%] Built target point_cloud_plantpot_edge_pfh_detector
[ 87%] Built target point_cloud_cylinder_detector
[ 93%] [32mBuilding CXX object CMakeFiles/point_cloud_plantpot_pfh_detector.dir/src/point_cloud_plantpot_pfh_detector.cpp.o[0m
[100%] [32m[1mLinking CXX executable point_cloud_plantpot_pfh_detector[0m
[100%] Built target point_cloud_plantpot_pfh_detector
-- Install configuration: ""
-- Up-to-date: /home/buhrmann/ws_moveit/install/point_cloud_circle_detector/lib/point_cloud_circle_detector/point_cloud_plantpot_ppf_detector
-- Installing: /home/buhrmann/ws_moveit/install/point_cloud_circle_detector/lib/point_cloud_circle_detector/point_cloud_plantpot_pfh_detector
-- Set runtime path of "/home/buhrmann/ws_moveit/install/point_cloud_circle_detector/lib/point_cloud_circle_detector/point_cloud_plantpot_pfh_detector" to ""
-- Up-to-date: /home/buhrmann/ws_moveit/install/point_cloud_circle_detector/lib/point_cloud_circle_detector/point_cloud_plantpot_edge_pfh_detector
-- Up-to-date: /home/buhrmann/ws_moveit/install/point_cloud_circle_detector/lib/point_cloud_circle_detector/point_cloud_plantpot_rgb_edge_pfh_detector
-- Up-to-date: /home/buhrmann/ws_moveit/install/point_cloud_circle_detector/lib/point_cloud_circle_detector/rgb_edge_filter
-- Up-to-date: /home/buhrmann/ws_moveit/install/point_cloud_circle_detector/share/point_cloud_circle_detector/pcd
-- Installing: /home/buhrmann/ws_moveit/install/point_cloud_circle_detector/share/point_cloud_circle_detector/package.dsv
