[0.470s] Invoking command in '/home/buhrmann/ws_moveit/build/common_services_package': CMAKE_PREFIX_PATH=${CMAKE_PREFIX_PATH}:/home/buhrmann/ws_moveit/install/ros2_azure_bridge:/home/buhrmann/ws_moveit/install/moveit_configs_utils:/opt/ros/iron /usr/bin/cmake --build /home/buhrmann/ws_moveit/build/common_services_package -- -j28 -l28
[0.564s] -- Found ament_cmake: 2.0.7 (/opt/ros/iron/share/ament_cmake/cmake)
[0.829s] -- Found rosidl_default_generators: 1.5.0 (/opt/ros/iron/share/rosidl_default_generators/cmake)
[0.841s] -- Using all available rosidl_typesupport_c: rosidl_typesupport_fastrtps_c;rosidl_typesupport_introspection_c
[0.904s] -- Using all available rosidl_typesupport_cpp: rosidl_typesupport_fastrtps_cpp;rosidl_typesupport_introspection_cpp
[0.940s] -- Found rosidl_adapter: 4.0.1 (/opt/ros/iron/share/rosidl_adapter/cmake)
[0.944s] -- Found geometry_msgs: 5.0.1 (/opt/ros/iron/share/geometry_msgs/cmake)
[1.088s] -- Found std_srvs: 5.0.1 (/opt/ros/iron/share/std_srvs/cmake)
[1.724s] -- Found ament_cmake_ros: 0.11.2 (/opt/ros/iron/share/ament_cmake_ros/cmake)
[2.087s] -- Using all available rosidl_typesupport_c: rosidl_typesupport_fastrtps_c;rosidl_typesupport_introspection_c
[2.578s] -- Using all available rosidl_typesupport_cpp: rosidl_typesupport_fastrtps_cpp;rosidl_typesupport_introspection_cpp
[2.608s] -- Found python_cmake_module: 0.10.2 (/opt/ros/iron/share/python_cmake_module/cmake)
[2.639s] -- Using PYTHON_EXECUTABLE: /usr/bin/python3
[2.639s] -- Using PYTHON_INCLUDE_DIRS: /usr/include/python3.10
[2.640s] -- Using PYTHON_LIBRARIES: /usr/lib/x86_64-linux-gnu/libpython3.10.so
[2.814s] -- Configuring done
[2.889s] -- Generating done
[2.912s] -- Build files have been written to: /home/buhrmann/ws_moveit/build/common_services_package
[2.975s] [  2%] [34m[1mGenerating type hashes for ROS interfaces[0m
[2.990s] [  2%] Built target ament_cmake_python_copy_common_services_package
[3.264s] [  2%] Built target common_services_package__rosidl_generator_type_description
[3.279s] [  5%] [34m[1mGenerating C code for ROS interfaces[0m
[3.305s] [  8%] [34m[1mGenerating C++ code for ROS interfaces[0m
[3.411s] running egg_info
[3.419s] writing common_services_package.egg-info/PKG-INFO
[3.420s] writing dependency_links to common_services_package.egg-info/dependency_links.txt
[3.420s] writing top-level names to common_services_package.egg-info/top_level.txt
[3.420s] reading manifest file 'common_services_package.egg-info/SOURCES.txt'
[3.420s] writing manifest file 'common_services_package.egg-info/SOURCES.txt'
[3.476s] [  8%] Built target ament_cmake_python_build_common_services_package_egg
[3.752s] [35m[1mConsolidate compiler generated dependencies of target common_services_package__rosidl_generator_c[0m
[3.773s] [ 14%] [32mBuilding C object CMakeFiles/common_services_package__rosidl_generator_c.dir/rosidl_generator_c/common_services_package/srv/detail/get_plantpot_coords__functions.c.o[0m
[3.773s] [ 14%] [32mBuilding C object CMakeFiles/common_services_package__rosidl_generator_c.dir/rosidl_generator_c/common_services_package/srv/detail/get_plantpot_coords__description.c.o[0m
[3.776s] [ 17%] [32mBuilding C object CMakeFiles/common_services_package__rosidl_generator_c.dir/rosidl_generator_c/common_services_package/srv/detail/get_plantpot_coords__type_support.c.o[0m
[3.789s] [ 17%] Built target common_services_package__cpp
[3.872s] [ 20%] [32m[1mLinking C shared library libcommon_services_package__rosidl_generator_c.so[0m
[3.938s] [ 20%] Built target common_services_package__rosidl_generator_c
[3.950s] [ 23%] [34m[1mGenerating C type support for eProsima Fast-RTPS[0m
[3.953s] [ 26%] [34m[1mGenerating C type support dispatch for ROS interfaces[0m
[3.953s] [ 29%] [34m[1mGenerating C++ type support for eProsima Fast-RTPS[0m
[3.954s] [ 32%] [34m[1mGenerating C++ introspection for ROS interfaces[0m
[3.954s] [ 35%] [34m[1mGenerating C introspection for ROS interfaces[0m
[3.954s] [ 38%] [34m[1mGenerating C++ type support dispatch for ROS interfaces[0m
[4.283s] [35m[1mConsolidate compiler generated dependencies of target common_services_package__rosidl_typesupport_c[0m
[4.313s] [ 41%] [32mBuilding CXX object CMakeFiles/common_services_package__rosidl_typesupport_c.dir/rosidl_typesupport_c/common_services_package/srv/get_plantpot_coords__type_support.cpp.o[0m
[4.346s] [35m[1mConsolidate compiler generated dependencies of target common_services_package__rosidl_typesupport_cpp[0m
[4.360s] [35m[1mConsolidate compiler generated dependencies of target common_services_package__rosidl_typesupport_fastrtps_cpp[0m
[4.377s] [ 44%] [32m[1mLinking CXX shared library libcommon_services_package__rosidl_typesupport_c.so[0m
[4.377s] [ 47%] [32mBuilding CXX object CMakeFiles/common_services_package__rosidl_typesupport_cpp.dir/rosidl_typesupport_cpp/common_services_package/srv/get_plantpot_coords__type_support.cpp.o[0m
[4.382s] [ 50%] [32mBuilding CXX object CMakeFiles/common_services_package__rosidl_typesupport_fastrtps_cpp.dir/rosidl_typesupport_fastrtps_cpp/common_services_package/srv/detail/dds_fastrtps/get_plantpot_coords__type_support.cpp.o[0m
[4.463s] [35m[1mConsolidate compiler generated dependencies of target common_services_package__rosidl_typesupport_fastrtps_c[0m
[4.465s] [ 52%] [32mBuilding CXX object CMakeFiles/common_services_package__rosidl_typesupport_fastrtps_c.dir/rosidl_typesupport_fastrtps_c/common_services_package/srv/detail/get_plantpot_coords__type_support_c.cpp.o[0m
[4.465s] [ 52%] Built target common_services_package__rosidl_typesupport_c
[4.473s] [35m[1mConsolidate compiler generated dependencies of target common_services_package__rosidl_typesupport_introspection_cpp[0m
[4.506s] [ 55%] [32mBuilding CXX object CMakeFiles/common_services_package__rosidl_typesupport_introspection_cpp.dir/rosidl_typesupport_introspection_cpp/common_services_package/srv/detail/get_plantpot_coords__type_support.cpp.o[0m
[4.569s] [35m[1mConsolidate compiler generated dependencies of target common_services_package__rosidl_typesupport_introspection_c[0m
[4.594s] [ 58%] [32mBuilding C object CMakeFiles/common_services_package__rosidl_typesupport_introspection_c.dir/rosidl_typesupport_introspection_c/common_services_package/srv/detail/get_plantpot_coords__type_support.c.o[0m
[4.679s] [ 61%] [32m[1mLinking C shared library libcommon_services_package__rosidl_typesupport_introspection_c.so[0m
[4.721s] [ 61%] Built target common_services_package__rosidl_typesupport_introspection_c
[4.877s] [ 64%] [32m[1mLinking CXX shared library libcommon_services_package__rosidl_typesupport_cpp.so[0m
[4.942s] [ 67%] [32m[1mLinking CXX shared library libcommon_services_package__rosidl_typesupport_fastrtps_c.so[0m
[4.980s] [ 67%] Built target common_services_package__rosidl_typesupport_cpp
[5.044s] [ 70%] [32m[1mLinking CXX shared library libcommon_services_package__rosidl_typesupport_introspection_cpp.so[0m
[5.067s] [ 70%] Built target common_services_package__rosidl_typesupport_fastrtps_c
[5.181s] [ 70%] Built target common_services_package__rosidl_typesupport_introspection_cpp
[5.184s] [ 73%] [32m[1mLinking CXX shared library libcommon_services_package__rosidl_typesupport_fastrtps_cpp.so[0m
[5.270s] [ 73%] Built target common_services_package__rosidl_typesupport_fastrtps_cpp
[5.298s] [ 73%] Built target common_services_package
[5.323s] [ 76%] [34m[1mGenerating Python code for ROS interfaces[0m
[5.977s] [ 76%] Built target common_services_package__py
[5.991s] [35m[1mConsolidate compiler generated dependencies of target common_services_package__rosidl_generator_py[0m
[6.011s] [ 79%] [32mBuilding C object CMakeFiles/common_services_package__rosidl_generator_py.dir/rosidl_generator_py/common_services_package/srv/_get_plantpot_coords_s.c.o[0m
[6.178s] [ 82%] [32m[1mLinking C shared library rosidl_generator_py/common_services_package/libcommon_services_package__rosidl_generator_py.so[0m
[6.251s] [ 82%] Built target common_services_package__rosidl_generator_py
[6.274s] [35m[1mConsolidate compiler generated dependencies of target common_services_package__rosidl_typesupport_fastrtps_c__pyext[0m
[6.275s] [35m[1mConsolidate compiler generated dependencies of target common_services_package__rosidl_typesupport_introspection_c__pyext[0m
[6.293s] [35m[1mConsolidate compiler generated dependencies of target common_services_package__rosidl_typesupport_c__pyext[0m
[6.307s] [ 85%] [32mBuilding C object CMakeFiles/common_services_package__rosidl_typesupport_fastrtps_c__pyext.dir/rosidl_generator_py/common_services_package/_common_services_package_s.ep.rosidl_typesupport_fastrtps_c.c.o[0m
[6.308s] [ 88%] [32mBuilding C object CMakeFiles/common_services_package__rosidl_typesupport_introspection_c__pyext.dir/rosidl_generator_py/common_services_package/_common_services_package_s.ep.rosidl_typesupport_introspection_c.c.o[0m
[6.323s] [ 91%] [32mBuilding C object CMakeFiles/common_services_package__rosidl_typesupport_c__pyext.dir/rosidl_generator_py/common_services_package/_common_services_package_s.ep.rosidl_typesupport_c.c.o[0m
[6.445s] [ 94%] [32m[1mLinking C shared library rosidl_generator_py/common_services_package/common_services_package_s__rosidl_typesupport_introspection_c.cpython-310-x86_64-linux-gnu.so[0m
[6.449s] [ 97%] [32m[1mLinking C shared library rosidl_generator_py/common_services_package/common_services_package_s__rosidl_typesupport_fastrtps_c.cpython-310-x86_64-linux-gnu.so[0m
[6.482s] [100%] [32m[1mLinking C shared library rosidl_generator_py/common_services_package/common_services_package_s__rosidl_typesupport_c.cpython-310-x86_64-linux-gnu.so[0m
[6.500s] [100%] Built target common_services_package__rosidl_typesupport_introspection_c__pyext
[6.510s] [100%] Built target common_services_package__rosidl_typesupport_fastrtps_c__pyext
[6.529s] [100%] Built target common_services_package__rosidl_typesupport_c__pyext
[6.549s] Invoked command in '/home/buhrmann/ws_moveit/build/common_services_package' returned '0': CMAKE_PREFIX_PATH=${CMAKE_PREFIX_PATH}:/home/buhrmann/ws_moveit/install/ros2_azure_bridge:/home/buhrmann/ws_moveit/install/moveit_configs_utils:/opt/ros/iron /usr/bin/cmake --build /home/buhrmann/ws_moveit/build/common_services_package -- -j28 -l28
[6.550s] Invoking command in '/home/buhrmann/ws_moveit/build/common_services_package': CMAKE_PREFIX_PATH=${CMAKE_PREFIX_PATH}:/home/buhrmann/ws_moveit/install/ros2_azure_bridge:/home/buhrmann/ws_moveit/install/moveit_configs_utils:/opt/ros/iron /usr/bin/cmake --install /home/buhrmann/ws_moveit/build/common_services_package
[6.561s] -- Install configuration: ""
[6.561s] -- Up-to-date: /home/buhrmann/ws_moveit/install/common_services_package/share/ament_index/resource_index/rosidl_interfaces/common_services_package
[6.561s] -- Installing: /home/buhrmann/ws_moveit/install/common_services_package/share/common_services_package/srv/GetPlantpotCoords.json
[6.561s] -- Up-to-date: /home/buhrmann/ws_moveit/install/common_services_package/include/common_services_package/common_services_package
[6.561s] -- Up-to-date: /home/buhrmann/ws_moveit/install/common_services_package/include/common_services_package/common_services_package/srv
[6.561s] -- Installing: /home/buhrmann/ws_moveit/install/common_services_package/include/common_services_package/common_services_package/srv/get_plantpot_coords.h
[6.561s] -- Up-to-date: /home/buhrmann/ws_moveit/install/common_services_package/include/common_services_package/common_services_package/srv/detail
[6.561s] -- Installing: /home/buhrmann/ws_moveit/install/common_services_package/include/common_services_package/common_services_package/srv/detail/get_plantpot_coords__struct.h
[6.561s] -- Installing: /home/buhrmann/ws_moveit/install/common_services_package/include/common_services_package/common_services_package/srv/detail/get_plantpot_coords__type_support.c
[6.561s] -- Installing: /home/buhrmann/ws_moveit/install/common_services_package/include/common_services_package/common_services_package/srv/detail/get_plantpot_coords__functions.h
[6.562s] -- Installing: /home/buhrmann/ws_moveit/install/common_services_package/include/common_services_package/common_services_package/srv/detail/get_plantpot_coords__functions.c
[6.562s] -- Installing: /home/buhrmann/ws_moveit/install/common_services_package/include/common_services_package/common_services_package/srv/detail/get_plantpot_coords__type_support.h
[6.562s] -- Installing: /home/buhrmann/ws_moveit/install/common_services_package/include/common_services_package/common_services_package/srv/detail/get_plantpot_coords__description.c
[6.562s] -- Up-to-date: /home/buhrmann/ws_moveit/install/common_services_package/include/common_services_package/common_services_package/msg
[6.563s] -- Up-to-date: /home/buhrmann/ws_moveit/install/common_services_package/include/common_services_package/common_services_package/msg/rosidl_generator_c__visibility_control.h
[6.563s] -- Up-to-date: /home/buhrmann/ws_moveit/install/common_services_package/share/common_services_package/environment/library_path.sh
[6.563s] -- Up-to-date: /home/buhrmann/ws_moveit/install/common_services_package/share/common_services_package/environment/library_path.dsv
[6.567s] -- Installing: /home/buhrmann/ws_moveit/install/common_services_package/lib/libcommon_services_package__rosidl_generator_c.so
[6.567s] -- Set runtime path of "/home/buhrmann/ws_moveit/install/common_services_package/lib/libcommon_services_package__rosidl_generator_c.so" to ""
[6.567s] -- Up-to-date: /home/buhrmann/ws_moveit/install/common_services_package/include/common_services_package/common_services_package
[6.567s] -- Up-to-date: /home/buhrmann/ws_moveit/install/common_services_package/include/common_services_package/common_services_package/srv
[6.568s] -- Up-to-date: /home/buhrmann/ws_moveit/install/common_services_package/include/common_services_package/common_services_package/srv/detail
[6.568s] -- Installing: /home/buhrmann/ws_moveit/install/common_services_package/include/common_services_package/common_services_package/srv/detail/get_plantpot_coords__rosidl_typesupport_fastrtps_c.h
[6.568s] -- Up-to-date: /home/buhrmann/ws_moveit/install/common_services_package/include/common_services_package/common_services_package/msg
[6.568s] -- Up-to-date: /home/buhrmann/ws_moveit/install/common_services_package/include/common_services_package/common_services_package/msg/rosidl_typesupport_fastrtps_c__visibility_control.h
[6.569s] -- Installing: /home/buhrmann/ws_moveit/install/common_services_package/lib/libcommon_services_package__rosidl_typesupport_fastrtps_c.so
[6.569s] -- Set runtime path of "/home/buhrmann/ws_moveit/install/common_services_package/lib/libcommon_services_package__rosidl_typesupport_fastrtps_c.so" to ""
[6.569s] -- Up-to-date: /home/buhrmann/ws_moveit/install/common_services_package/include/common_services_package/common_services_package
[6.569s] -- Up-to-date: /home/buhrmann/ws_moveit/install/common_services_package/include/common_services_package/common_services_package/srv
[6.569s] -- Up-to-date: /home/buhrmann/ws_moveit/install/common_services_package/include/common_services_package/common_services_package/srv/detail
[6.569s] -- Installing: /home/buhrmann/ws_moveit/install/common_services_package/include/common_services_package/common_services_package/srv/detail/get_plantpot_coords__type_support.c
[6.569s] -- Installing: /home/buhrmann/ws_moveit/install/common_services_package/include/common_services_package/common_services_package/srv/detail/get_plantpot_coords__rosidl_typesupport_introspection_c.h
[6.569s] -- Up-to-date: /home/buhrmann/ws_moveit/install/common_services_package/include/common_services_package/common_services_package/msg
[6.569s] -- Up-to-date: /home/buhrmann/ws_moveit/install/common_services_package/include/common_services_package/common_services_package/msg/rosidl_typesupport_introspection_c__visibility_control.h
[6.570s] -- Installing: /home/buhrmann/ws_moveit/install/common_services_package/lib/libcommon_services_package__rosidl_typesupport_introspection_c.so
[6.570s] -- Set runtime path of "/home/buhrmann/ws_moveit/install/common_services_package/lib/libcommon_services_package__rosidl_typesupport_introspection_c.so" to ""
[6.570s] -- Installing: /home/buhrmann/ws_moveit/install/common_services_package/lib/libcommon_services_package__rosidl_typesupport_c.so
[6.570s] -- Set runtime path of "/home/buhrmann/ws_moveit/install/common_services_package/lib/libcommon_services_package__rosidl_typesupport_c.so" to ""
[6.570s] -- Up-to-date: /home/buhrmann/ws_moveit/install/common_services_package/include/common_services_package/common_services_package
[6.570s] -- Up-to-date: /home/buhrmann/ws_moveit/install/common_services_package/include/common_services_package/common_services_package/srv
[6.570s] -- Up-to-date: /home/buhrmann/ws_moveit/install/common_services_package/include/common_services_package/common_services_package/srv/detail
[6.570s] -- Installing: /home/buhrmann/ws_moveit/install/common_services_package/include/common_services_package/common_services_package/srv/detail/get_plantpot_coords__traits.hpp
[6.571s] -- Installing: /home/buhrmann/ws_moveit/install/common_services_package/include/common_services_package/common_services_package/srv/detail/get_plantpot_coords__builder.hpp
[6.571s] -- Installing: /home/buhrmann/ws_moveit/install/common_services_package/include/common_services_package/common_services_package/srv/detail/get_plantpot_coords__struct.hpp
[6.571s] -- Installing: /home/buhrmann/ws_moveit/install/common_services_package/include/common_services_package/common_services_package/srv/get_plantpot_coords.hpp
[6.571s] -- Up-to-date: /home/buhrmann/ws_moveit/install/common_services_package/include/common_services_package/common_services_package
[6.571s] -- Up-to-date: /home/buhrmann/ws_moveit/install/common_services_package/include/common_services_package/common_services_package/srv
[6.571s] -- Up-to-date: /home/buhrmann/ws_moveit/install/common_services_package/include/common_services_package/common_services_package/srv/detail
[6.571s] -- Installing: /home/buhrmann/ws_moveit/install/common_services_package/include/common_services_package/common_services_package/srv/detail/get_plantpot_coords__rosidl_typesupport_fastrtps_cpp.hpp
[6.571s] -- Up-to-date: /home/buhrmann/ws_moveit/install/common_services_package/include/common_services_package/common_services_package/srv/detail/dds_fastrtps
[6.571s] -- Up-to-date: /home/buhrmann/ws_moveit/install/common_services_package/include/common_services_package/common_services_package/msg
[6.571s] -- Up-to-date: /home/buhrmann/ws_moveit/install/common_services_package/include/common_services_package/common_services_package/msg/rosidl_typesupport_fastrtps_cpp__visibility_control.h
[6.571s] -- Installing: /home/buhrmann/ws_moveit/install/common_services_package/lib/libcommon_services_package__rosidl_typesupport_fastrtps_cpp.so
[6.571s] -- Set runtime path of "/home/buhrmann/ws_moveit/install/common_services_package/lib/libcommon_services_package__rosidl_typesupport_fastrtps_cpp.so" to ""
[6.571s] -- Up-to-date: /home/buhrmann/ws_moveit/install/common_services_package/include/common_services_package/common_services_package
[6.571s] -- Up-to-date: /home/buhrmann/ws_moveit/install/common_services_package/include/common_services_package/common_services_package/srv
[6.571s] -- Up-to-date: /home/buhrmann/ws_moveit/install/common_services_package/include/common_services_package/common_services_package/srv/detail
[6.571s] -- Installing: /home/buhrmann/ws_moveit/install/common_services_package/include/common_services_package/common_services_package/srv/detail/get_plantpot_coords__type_support.cpp
[6.571s] -- Installing: /home/buhrmann/ws_moveit/install/common_services_package/include/common_services_package/common_services_package/srv/detail/get_plantpot_coords__rosidl_typesupport_introspection_cpp.hpp
[6.571s] -- Installing: /home/buhrmann/ws_moveit/install/common_services_package/lib/libcommon_services_package__rosidl_typesupport_introspection_cpp.so
[6.572s] -- Set runtime path of "/home/buhrmann/ws_moveit/install/common_services_package/lib/libcommon_services_package__rosidl_typesupport_introspection_cpp.so" to ""
[6.572s] -- Installing: /home/buhrmann/ws_moveit/install/common_services_package/lib/libcommon_services_package__rosidl_typesupport_cpp.so
[6.572s] -- Set runtime path of "/home/buhrmann/ws_moveit/install/common_services_package/lib/libcommon_services_package__rosidl_typesupport_cpp.so" to ""
[6.572s] -- Up-to-date: /home/buhrmann/ws_moveit/install/common_services_package/share/common_services_package/environment/pythonpath.sh
[6.572s] -- Up-to-date: /home/buhrmann/ws_moveit/install/common_services_package/share/common_services_package/environment/pythonpath.dsv
[6.572s] -- Up-to-date: /home/buhrmann/ws_moveit/install/common_services_package/lib/python3.10/site-packages/common_services_package-0.0.0-py3.10.egg-info
[6.572s] -- Installing: /home/buhrmann/ws_moveit/install/common_services_package/lib/python3.10/site-packages/common_services_package-0.0.0-py3.10.egg-info/SOURCES.txt
[6.572s] -- Installing: /home/buhrmann/ws_moveit/install/common_services_package/lib/python3.10/site-packages/common_services_package-0.0.0-py3.10.egg-info/dependency_links.txt
[6.572s] -- Installing: /home/buhrmann/ws_moveit/install/common_services_package/lib/python3.10/site-packages/common_services_package-0.0.0-py3.10.egg-info/top_level.txt
[6.572s] -- Installing: /home/buhrmann/ws_moveit/install/common_services_package/lib/python3.10/site-packages/common_services_package-0.0.0-py3.10.egg-info/PKG-INFO
[6.572s] -- Up-to-date: /home/buhrmann/ws_moveit/install/common_services_package/lib/python3.10/site-packages/common_services_package
[6.572s] -- Up-to-date: /home/buhrmann/ws_moveit/install/common_services_package/lib/python3.10/site-packages/common_services_package/srv
[6.572s] -- Installing: /home/buhrmann/ws_moveit/install/common_services_package/lib/python3.10/site-packages/common_services_package/srv/_get_plantpot_coords_s.c
[6.572s] -- Installing: /home/buhrmann/ws_moveit/install/common_services_package/lib/python3.10/site-packages/common_services_package/srv/_get_plantpot_coords.py
[6.573s] -- Installing: /home/buhrmann/ws_moveit/install/common_services_package/lib/python3.10/site-packages/common_services_package/srv/__init__.py
[6.573s] -- Installing: /home/buhrmann/ws_moveit/install/common_services_package/lib/python3.10/site-packages/common_services_package/_common_services_package_s.ep.rosidl_typesupport_introspection_c.c
[6.573s] -- Installing: /home/buhrmann/ws_moveit/install/common_services_package/lib/python3.10/site-packages/common_services_package/_common_services_package_s.ep.rosidl_typesupport_c.c
[6.573s] -- Installing: /home/buhrmann/ws_moveit/install/common_services_package/lib/python3.10/site-packages/common_services_package/libcommon_services_package__rosidl_generator_py.so
[6.573s] -- Installing: /home/buhrmann/ws_moveit/install/common_services_package/lib/python3.10/site-packages/common_services_package/common_services_package_s__rosidl_typesupport_introspection_c.cpython-310-x86_64-linux-gnu.so
[6.573s] -- Installing: /home/buhrmann/ws_moveit/install/common_services_package/lib/python3.10/site-packages/common_services_package/common_services_package_s__rosidl_typesupport_fastrtps_c.cpython-310-x86_64-linux-gnu.so
[6.573s] -- Installing: /home/buhrmann/ws_moveit/install/common_services_package/lib/python3.10/site-packages/common_services_package/__init__.py
[6.573s] -- Installing: /home/buhrmann/ws_moveit/install/common_services_package/lib/python3.10/site-packages/common_services_package/common_services_package_s__rosidl_typesupport_c.cpython-310-x86_64-linux-gnu.so
[6.573s] -- Installing: /home/buhrmann/ws_moveit/install/common_services_package/lib/python3.10/site-packages/common_services_package/_common_services_package_s.ep.rosidl_typesupport_fastrtps_c.c
[6.628s] Listing '/home/buhrmann/ws_moveit/install/common_services_package/lib/python3.10/site-packages/common_services_package'...
[6.628s] Compiling '/home/buhrmann/ws_moveit/install/common_services_package/lib/python3.10/site-packages/common_services_package/__init__.py'...
[6.628s] Listing '/home/buhrmann/ws_moveit/install/common_services_package/lib/python3.10/site-packages/common_services_package/srv'...
[6.628s] Compiling '/home/buhrmann/ws_moveit/install/common_services_package/lib/python3.10/site-packages/common_services_package/srv/__init__.py'...
[6.628s] Compiling '/home/buhrmann/ws_moveit/install/common_services_package/lib/python3.10/site-packages/common_services_package/srv/_get_plantpot_coords.py'...
[6.634s] -- Installing: /home/buhrmann/ws_moveit/install/common_services_package/lib/python3.10/site-packages/common_services_package/common_services_package_s__rosidl_typesupport_fastrtps_c.cpython-310-x86_64-linux-gnu.so
[6.634s] -- Set runtime path of "/home/buhrmann/ws_moveit/install/common_services_package/lib/python3.10/site-packages/common_services_package/common_services_package_s__rosidl_typesupport_fastrtps_c.cpython-310-x86_64-linux-gnu.so" to ""
[6.635s] -- Installing: /home/buhrmann/ws_moveit/install/common_services_package/lib/python3.10/site-packages/common_services_package/common_services_package_s__rosidl_typesupport_introspection_c.cpython-310-x86_64-linux-gnu.so
[6.647s] -- Set runtime path of "/home/buhrmann/ws_moveit/install/common_services_package/lib/python3.10/site-packages/common_services_package/common_services_package_s__rosidl_typesupport_introspection_c.cpython-310-x86_64-linux-gnu.so" to ""
[6.647s] -- Installing: /home/buhrmann/ws_moveit/install/common_services_package/lib/python3.10/site-packages/common_services_package/common_services_package_s__rosidl_typesupport_c.cpython-310-x86_64-linux-gnu.so
[6.647s] -- Set runtime path of "/home/buhrmann/ws_moveit/install/common_services_package/lib/python3.10/site-packages/common_services_package/common_services_package_s__rosidl_typesupport_c.cpython-310-x86_64-linux-gnu.so" to ""
[6.647s] -- Installing: /home/buhrmann/ws_moveit/install/common_services_package/lib/libcommon_services_package__rosidl_generator_py.so
[6.647s] -- Set runtime path of "/home/buhrmann/ws_moveit/install/common_services_package/lib/libcommon_services_package__rosidl_generator_py.so" to ""
[6.647s] -- Installing: /home/buhrmann/ws_moveit/install/common_services_package/share/common_services_package/srv/GetPlantpotCoords.idl
[6.647s] -- Installing: /home/buhrmann/ws_moveit/install/common_services_package/share/common_services_package/srv/GetPlantpotCoords.srv
[6.647s] -- Up-to-date: /home/buhrmann/ws_moveit/install/common_services_package/share/common_services_package/srv/GetPlantpotCoords_Request.msg
[6.647s] -- Installing: /home/buhrmann/ws_moveit/install/common_services_package/share/common_services_package/srv/GetPlantpotCoords_Response.msg
[6.647s] -- Up-to-date: /home/buhrmann/ws_moveit/install/common_services_package/share/ament_index/resource_index/package_run_dependencies/common_services_package
[6.647s] -- Installing: /home/buhrmann/ws_moveit/install/common_services_package/share/ament_index/resource_index/parent_prefix_path/common_services_package
[6.648s] -- Up-to-date: /home/buhrmann/ws_moveit/install/common_services_package/share/common_services_package/environment/ament_prefix_path.sh
[6.648s] -- Up-to-date: /home/buhrmann/ws_moveit/install/common_services_package/share/common_services_package/environment/ament_prefix_path.dsv
[6.648s] -- Up-to-date: /home/buhrmann/ws_moveit/install/common_services_package/share/common_services_package/environment/path.sh
[6.648s] -- Up-to-date: /home/buhrmann/ws_moveit/install/common_services_package/share/common_services_package/environment/path.dsv
[6.648s] -- Up-to-date: /home/buhrmann/ws_moveit/install/common_services_package/share/common_services_package/local_setup.bash
[6.648s] -- Up-to-date: /home/buhrmann/ws_moveit/install/common_services_package/share/common_services_package/local_setup.sh
[6.648s] -- Up-to-date: /home/buhrmann/ws_moveit/install/common_services_package/share/common_services_package/local_setup.zsh
[6.648s] -- Up-to-date: /home/buhrmann/ws_moveit/install/common_services_package/share/common_services_package/local_setup.dsv
[6.648s] -- Installing: /home/buhrmann/ws_moveit/install/common_services_package/share/common_services_package/package.dsv
[6.648s] -- Up-to-date: /home/buhrmann/ws_moveit/install/common_services_package/share/ament_index/resource_index/packages/common_services_package
[6.648s] -- Up-to-date: /home/buhrmann/ws_moveit/install/common_services_package/share/common_services_package/cmake/export_common_services_package__rosidl_generator_cExport.cmake
[6.648s] -- Up-to-date: /home/buhrmann/ws_moveit/install/common_services_package/share/common_services_package/cmake/export_common_services_package__rosidl_generator_cExport-noconfig.cmake
[6.648s] -- Up-to-date: /home/buhrmann/ws_moveit/install/common_services_package/share/common_services_package/cmake/export_common_services_package__rosidl_typesupport_fastrtps_cExport.cmake
[6.648s] -- Up-to-date: /home/buhrmann/ws_moveit/install/common_services_package/share/common_services_package/cmake/export_common_services_package__rosidl_typesupport_fastrtps_cExport-noconfig.cmake
[6.648s] -- Up-to-date: /home/buhrmann/ws_moveit/install/common_services_package/share/common_services_package/cmake/common_services_package__rosidl_typesupport_introspection_cExport.cmake
[6.648s] -- Up-to-date: /home/buhrmann/ws_moveit/install/common_services_package/share/common_services_package/cmake/common_services_package__rosidl_typesupport_introspection_cExport-noconfig.cmake
[6.649s] -- Up-to-date: /home/buhrmann/ws_moveit/install/common_services_package/share/common_services_package/cmake/common_services_package__rosidl_typesupport_cExport.cmake
[6.649s] -- Up-to-date: /home/buhrmann/ws_moveit/install/common_services_package/share/common_services_package/cmake/common_services_package__rosidl_typesupport_cExport-noconfig.cmake
[6.649s] -- Up-to-date: /home/buhrmann/ws_moveit/install/common_services_package/share/common_services_package/cmake/export_common_services_package__rosidl_generator_cppExport.cmake
[6.653s] -- Up-to-date: /home/buhrmann/ws_moveit/install/common_services_package/share/common_services_package/cmake/export_common_services_package__rosidl_typesupport_fastrtps_cppExport.cmake
[6.661s] -- Up-to-date: /home/buhrmann/ws_moveit/install/common_services_package/share/common_services_package/cmake/export_common_services_package__rosidl_typesupport_fastrtps_cppExport-noconfig.cmake
[6.661s] -- Up-to-date: /home/buhrmann/ws_moveit/install/common_services_package/share/common_services_package/cmake/common_services_package__rosidl_typesupport_introspection_cppExport.cmake
[6.661s] -- Up-to-date: /home/buhrmann/ws_moveit/install/common_services_package/share/common_services_package/cmake/common_services_package__rosidl_typesupport_introspection_cppExport-noconfig.cmake
[6.662s] -- Up-to-date: /home/buhrmann/ws_moveit/install/common_services_package/share/common_services_package/cmake/common_services_package__rosidl_typesupport_cppExport.cmake
[6.662s] -- Up-to-date: /home/buhrmann/ws_moveit/install/common_services_package/share/common_services_package/cmake/common_services_package__rosidl_typesupport_cppExport-noconfig.cmake
[6.662s] -- Up-to-date: /home/buhrmann/ws_moveit/install/common_services_package/share/common_services_package/cmake/export_common_services_package__rosidl_generator_pyExport.cmake
[6.662s] -- Up-to-date: /home/buhrmann/ws_moveit/install/common_services_package/share/common_services_package/cmake/export_common_services_package__rosidl_generator_pyExport-noconfig.cmake
[6.662s] -- Up-to-date: /home/buhrmann/ws_moveit/install/common_services_package/share/common_services_package/cmake/rosidl_cmake-extras.cmake
[6.662s] -- Up-to-date: /home/buhrmann/ws_moveit/install/common_services_package/share/common_services_package/cmake/ament_cmake_export_dependencies-extras.cmake
[6.662s] -- Up-to-date: /home/buhrmann/ws_moveit/install/common_services_package/share/common_services_package/cmake/ament_cmake_export_include_directories-extras.cmake
[6.662s] -- Up-to-date: /home/buhrmann/ws_moveit/install/common_services_package/share/common_services_package/cmake/ament_cmake_export_libraries-extras.cmake
[6.662s] -- Up-to-date: /home/buhrmann/ws_moveit/install/common_services_package/share/common_services_package/cmake/ament_cmake_export_targets-extras.cmake
[6.662s] -- Up-to-date: /home/buhrmann/ws_moveit/install/common_services_package/share/common_services_package/cmake/rosidl_cmake_export_typesupport_targets-extras.cmake
[6.662s] -- Up-to-date: /home/buhrmann/ws_moveit/install/common_services_package/share/common_services_package/cmake/rosidl_cmake_export_typesupport_libraries-extras.cmake
[6.662s] -- Up-to-date: /home/buhrmann/ws_moveit/install/common_services_package/share/common_services_package/cmake/common_services_packageConfig.cmake
[6.662s] -- Up-to-date: /home/buhrmann/ws_moveit/install/common_services_package/share/common_services_package/cmake/common_services_packageConfig-version.cmake
[6.662s] -- Up-to-date: /home/buhrmann/ws_moveit/install/common_services_package/share/common_services_package/package.xml
[6.720s] Invoked command in '/home/buhrmann/ws_moveit/build/common_services_package' returned '0': CMAKE_PREFIX_PATH=${CMAKE_PREFIX_PATH}:/home/buhrmann/ws_moveit/install/ros2_azure_bridge:/home/buhrmann/ws_moveit/install/moveit_configs_utils:/opt/ros/iron /usr/bin/cmake --install /home/buhrmann/ws_moveit/build/common_services_package
