[0.473s] Invoking command in '/home/buhrmann/ws_moveit/build/serial': CMAKE_PREFIX_PATH=${CMAKE_PREFIX_PATH}:/home/buhrmann/ws_moveit/install/ros2_azure_bridge:/home/buhrmann/ws_moveit/install/moveit_configs_utils:/opt/ros/iron /usr/bin/cmake --build /home/buhrmann/ws_moveit/build/serial -- -j28 -l28
[0.552s] [100%] Built target serial
[0.912s] Invoked command in '/home/buhrmann/ws_moveit/build/serial' returned '0': CMAKE_PREFIX_PATH=${CMAKE_PREFIX_PATH}:/home/buhrmann/ws_moveit/install/ros2_azure_bridge:/home/buhrmann/ws_moveit/install/moveit_configs_utils:/opt/ros/iron /usr/bin/cmake --build /home/buhrmann/ws_moveit/build/serial -- -j28 -l28
[0.913s] Invoking command in '/home/buhrmann/ws_moveit/build/serial': CMAKE_PREFIX_PATH=${CMAKE_PREFIX_PATH}:/home/buhrmann/ws_moveit/install/ros2_azure_bridge:/home/buhrmann/ws_moveit/install/moveit_configs_utils:/opt/ros/iron /usr/bin/cmake --install /home/buhrmann/ws_moveit/build/serial
[0.998s] -- Install configuration: ""
[0.999s] -- Up-to-date: /home/buhrmann/ws_moveit/install/serial/lib/libserial.a
[0.999s] -- Up-to-date: /home/buhrmann/ws_moveit/install/serial/include
[0.999s] -- Up-to-date: /home/buhrmann/ws_moveit/install/serial/include/serial
[0.999s] -- Up-to-date: /home/buhrmann/ws_moveit/install/serial/include/serial/serial.h
[0.999s] -- Up-to-date: /home/buhrmann/ws_moveit/install/serial/include/serial/v8stdint.h
[0.999s] -- Up-to-date: /home/buhrmann/ws_moveit/install/serial/include/serial/impl
[0.999s] -- Up-to-date: /home/buhrmann/ws_moveit/install/serial/include/serial/impl/win.h
[0.999s] -- Up-to-date: /home/buhrmann/ws_moveit/install/serial/include/serial/impl/unix.h
[1.004s] -- Up-to-date: /home/buhrmann/ws_moveit/install/serial/share/serial/environment/library_path.sh
[1.004s] -- Up-to-date: /home/buhrmann/ws_moveit/install/serial/share/serial/environment/library_path.dsv
[1.004s] -- Up-to-date: /home/buhrmann/ws_moveit/install/serial/share/ament_index/resource_index/package_run_dependencies/serial
[1.004s] -- Up-to-date: /home/buhrmann/ws_moveit/install/serial/share/ament_index/resource_index/parent_prefix_path/serial
[1.004s] -- Up-to-date: /home/buhrmann/ws_moveit/install/serial/share/serial/environment/ament_prefix_path.sh
[1.004s] -- Up-to-date: /home/buhrmann/ws_moveit/install/serial/share/serial/environment/ament_prefix_path.dsv
[1.005s] -- Up-to-date: /home/buhrmann/ws_moveit/install/serial/share/serial/environment/path.sh
[1.005s] -- Up-to-date: /home/buhrmann/ws_moveit/install/serial/share/serial/environment/path.dsv
[1.005s] -- Up-to-date: /home/buhrmann/ws_moveit/install/serial/share/serial/local_setup.bash
[1.005s] -- Up-to-date: /home/buhrmann/ws_moveit/install/serial/share/serial/local_setup.sh
[1.005s] -- Up-to-date: /home/buhrmann/ws_moveit/install/serial/share/serial/local_setup.zsh
[1.005s] -- Up-to-date: /home/buhrmann/ws_moveit/install/serial/share/serial/local_setup.dsv
[1.005s] -- Installing: /home/buhrmann/ws_moveit/install/serial/share/serial/package.dsv
[1.005s] -- Up-to-date: /home/buhrmann/ws_moveit/install/serial/share/ament_index/resource_index/packages/serial
[1.005s] -- Up-to-date: /home/buhrmann/ws_moveit/install/serial/share/serial/cmake/export_serialExport.cmake
[1.005s] -- Up-to-date: /home/buhrmann/ws_moveit/install/serial/share/serial/cmake/export_serialExport-noconfig.cmake
[1.005s] -- Up-to-date: /home/buhrmann/ws_moveit/install/serial/share/serial/cmake/ament_cmake_export_include_directories-extras.cmake
[1.005s] -- Up-to-date: /home/buhrmann/ws_moveit/install/serial/share/serial/cmake/ament_cmake_export_libraries-extras.cmake
[1.005s] -- Up-to-date: /home/buhrmann/ws_moveit/install/serial/share/serial/cmake/ament_cmake_export_targets-extras.cmake
[1.006s] -- Up-to-date: /home/buhrmann/ws_moveit/install/serial/share/serial/cmake/serialConfig.cmake
[1.006s] -- Up-to-date: /home/buhrmann/ws_moveit/install/serial/share/serial/cmake/serialConfig-version.cmake
[1.006s] -- Up-to-date: /home/buhrmann/ws_moveit/install/serial/share/serial/package.xml
[1.221s] Invoked command in '/home/buhrmann/ws_moveit/build/serial' returned '0': CMAKE_PREFIX_PATH=${CMAKE_PREFIX_PATH}:/home/buhrmann/ws_moveit/install/ros2_azure_bridge:/home/buhrmann/ws_moveit/install/moveit_configs_utils:/opt/ros/iron /usr/bin/cmake --install /home/buhrmann/ws_moveit/build/serial
