[  7%] Built target point_cloud_plantpot_detector
[ 15%] Built target point_cloud_circle_detector
[ 23%] Built target point_cloud_plantpot_edge_pfh_detector
[ 38%] Built target image_based_hsv_color_filter
[ 38%] Built target point_cloud_plantpot_ppf_detector
[ 46%] Built target point_cloud_cylinder_detector
[ 53%] Built target cup_pointcloud_segmentation_color
[ 61%] Built target point_cloud_plantpot_pfh_detector
[ 69%] Built target cup_segmentation_color
[ 76%] Built target rgb_edge_filter
[ 84%] Built target hsv_color_filter
[ 92%] Built target point_cloud_plantpot_rgb_edge_pfh_detector
[ 96%] [32mBuilding CXX object CMakeFiles/plantplot_icp_conversion.dir/src/plantplot_icp_conversion.cpp.o[0m
[01m[K/home/buhrmann/ws_moveit/src/point_cloud_circle_detector/src/plantplot_icp_conversion.cpp:6:10:[m[K [01;31m[Kfatal error: [m[Ktf2_geometry_msgs/tf2_geometry_msgs.hpp: No such file or directory
    6 | #include [01;31m[K<tf2_geometry_msgs/tf2_geometry_msgs.hpp>[m[K
      |          [01;31m[K^~~~~~~~~~~~~~~~~~~~~~~~~~~~~~~~~~~~~~~~~[m[K
compilation terminated.
gmake[2]: *** [CMakeFiles/plantplot_icp_conversion.dir/build.make:76: CMakeFiles/plantplot_icp_conversion.dir/src/plantplot_icp_conversion.cpp.o] Error 1
gmake[1]: *** [CMakeFiles/Makefile2:473: CMakeFiles/plantplot_icp_conversion.dir/all] Error 2
gmake: *** [Makefile:146: all] Error 2
