[0.009s] Invoking command in '/home/buhrmann/ws_moveit/build/point_cloud_circle_detector': CMAKE_PREFIX_PATH=${CMAKE_PREFIX_PATH}:/home/buhrmann/ws_moveit/install/moveit_configs_utils:/opt/ros/iron /usr/bin/cmake --build /home/buhrmann/ws_moveit/build/point_cloud_circle_detector -- -j28 -l28
[0.051s] [35m[1mConsolidate compiler generated dependencies of target point_cloud_plantpot_pfh_detector[0m
[0.066s] [ 20%] Built target point_cloud_plantpot_detector
[0.066s] [ 40%] Built target point_cloud_circle_detector
[0.067s] [ 60%] Built target point_cloud_plantpot_ppf_detector
[0.069s] [ 80%] Built target point_cloud_cylinder_detector
[0.069s] [ 90%] [32mBuilding CXX object CMakeFiles/point_cloud_plantpot_pfh_detector.dir/src/point_cloud_plantpot_pfh_detector.cpp.o[0m
[3.895s] [01m[K/home/buhrmann/ws_moveit/src/point_cloud_circle_detector/src/point_cloud_plantpot_pfh_detector.cpp:[m[K In constructor ‘[01m[KPointCloudCustomObjectMatcher::PointCloudCustomObjectMatcher()[m[K’:
[3.895s] [01m[K/home/buhrmann/ws_moveit/src/point_cloud_circle_detector/src/point_cloud_plantpot_pfh_detector.cpp:44:9:[m[K [01;31m[Kerror: [m[K‘[01m[Ktf_buffer_[m[K’ was not declared in this scope
[3.895s]    44 |         [01;31m[Ktf_buffer_[m[K = std::make_shared<tf2_ros::Buffer>(this->get_clock());
[3.895s]       |         [01;31m[K^~~~~~~~~~[m[K
[3.905s] [01m[K/home/buhrmann/ws_moveit/src/point_cloud_circle_detector/src/point_cloud_plantpot_pfh_detector.cpp:45:9:[m[K [01;31m[Kerror: [m[K‘[01m[Ktf_listener_[m[K’ was not declared in this scope
[3.905s]    45 |         [01;31m[Ktf_listener_[m[K = std::make_shared<tf2_ros::TransformListener>(*tf_buffer_);
[3.905s]       |         [01;31m[K^~~~~~~~~~~~[m[K
[3.958s] [01m[K/home/buhrmann/ws_moveit/src/point_cloud_circle_detector/src/point_cloud_plantpot_pfh_detector.cpp:[m[K In member function ‘[01m[Kvoid PointCloudCustomObjectMatcher::overrideOrientationAndPlaceOnPlane(pcl::PointCloud<pcl::PointXYZ>::Ptr&)[m[K’:
[3.958s] [01m[K/home/buhrmann/ws_moveit/src/point_cloud_circle_detector/src/point_cloud_plantpot_pfh_detector.cpp:295:21:[m[K [01;31m[Kerror: [m[K‘[01m[Ktf_buffer_[m[K’ was not declared in this scope
[3.958s]   295 |         transform = [01;31m[Ktf_buffer_[m[K->lookupTransform(
[3.958s]       |                     [01;31m[K^~~~~~~~~~[m[K
[3.958s] [01m[K/home/buhrmann/ws_moveit/src/point_cloud_circle_detector/src/point_cloud_plantpot_pfh_detector.cpp:302:33:[m[K [01;31m[Kerror: [m[Kno matching function for call to ‘[01m[KtransformPointCloud(std::__shared_ptr_access<pcl::PointCloud<pcl::PointXYZ>, __gnu_cxx::_S_atomic, false, false>::element_type&, std::__shared_ptr_access<pcl::PointCloud<pcl::PointXYZ>, __gnu_cxx::_S_atomic, false, false>::element_type&, geometry_msgs::msg::TransformStamped&)[m[K’
[3.958s]   302 |         [01;31m[Kpcl::transformPointCloud(*cloud, *aligned_world_object, transform)[m[K;
[3.958s]       |         [01;31m[K~~~~~~~~~~~~~~~~~~~~~~~~^~~~~~~~~~~~~~~~~~~~~~~~~~~~~~~~~~~~~~~~~~[m[K
[3.958s] In file included from [01m[K/usr/include/pcl-1.12/pcl/registration/transformation_estimation.h:43[m[K,
[3.958s]                  from [01m[K/usr/include/pcl-1.12/pcl/registration/registration.h:46[m[K,
[3.958s]                  from [01m[K/usr/include/pcl-1.12/pcl/registration/icp.h:46[m[K,
[3.958s]                  from [01m[K/home/buhrmann/ws_moveit/src/point_cloud_circle_detector/src/point_cloud_plantpot_pfh_detector.cpp:3[m[K:
[3.958s] [01m[K/usr/include/pcl-1.12/pcl/common/transforms.h:60:3:[m[K [01;36m[Knote: [m[Kcandidate: ‘[01m[Ktemplate<class PointT, class Scalar> void pcl::transformPointCloud(const pcl::PointCloud<PointT>&, pcl::PointCloud<PointT>&, const Eigen::Transform<Scalar, 3, 2>&, bool)[m[K’
[3.958s]    60 |   [01;36m[KtransformPointCloud[m[K (const pcl::PointCloud<PointT> &cloud_in,
[3.958s]       |   [01;36m[K^~~~~~~~~~~~~~~~~~~[m[K
[3.958s] [01m[K/usr/include/pcl-1.12/pcl/common/transforms.h:60:3:[m[K [01;36m[Knote: [m[K  template argument deduction/substitution failed:
[3.959s] [01m[K/home/buhrmann/ws_moveit/src/point_cloud_circle_detector/src/point_cloud_plantpot_pfh_detector.cpp:302:33:[m[K [01;36m[Knote: [m[K  ‘[01m[Kgeometry_msgs::msg::TransformStamped[m[K’ {aka ‘[01m[Kgeometry_msgs::msg::TransformStamped_<std::allocator<void> >[m[K’} is not derived from ‘[01m[Kconst Eigen::Transform<Scalar, 3, 2>[m[K’
[3.959s]   302 |         [01;36m[Kpcl::transformPointCloud(*cloud, *aligned_world_object, transform)[m[K;
[3.959s]       |         [01;36m[K~~~~~~~~~~~~~~~~~~~~~~~~^~~~~~~~~~~~~~~~~~~~~~~~~~~~~~~~~~~~~~~~~~[m[K
[3.959s] In file included from [01m[K/usr/include/pcl-1.12/pcl/registration/transformation_estimation.h:43[m[K,
[3.959s]                  from [01m[K/usr/include/pcl-1.12/pcl/registration/registration.h:46[m[K,
[3.959s]                  from [01m[K/usr/include/pcl-1.12/pcl/registration/icp.h:46[m[K,
[3.959s]                  from [01m[K/home/buhrmann/ws_moveit/src/point_cloud_circle_detector/src/point_cloud_plantpot_pfh_detector.cpp:3[m[K:
[3.959s] [01m[K/usr/include/pcl-1.12/pcl/common/transforms.h:69:3:[m[K [01;36m[Knote: [m[Kcandidate: ‘[01m[Ktemplate<class PointT> void pcl::transformPointCloud(const pcl::PointCloud<PointT>&, pcl::PointCloud<PointT>&, const Affine3f&, bool)[m[K’
[3.959s]    69 |   [01;36m[KtransformPointCloud[m[K (const pcl::PointCloud<PointT> &cloud_in,
[3.959s]       |   [01;36m[K^~~~~~~~~~~~~~~~~~~[m[K
[3.959s] [01m[K/usr/include/pcl-1.12/pcl/common/transforms.h:69:3:[m[K [01;36m[Knote: [m[K  template argument deduction/substitution failed:
[3.959s] [01m[K/home/buhrmann/ws_moveit/src/point_cloud_circle_detector/src/point_cloud_plantpot_pfh_detector.cpp:302:65:[m[K [01;36m[Knote: [m[K  cannot convert ‘[01m[Ktransform[m[K’ (type ‘[01m[Kgeometry_msgs::msg::TransformStamped[m[K’ {aka ‘[01m[Kgeometry_msgs::msg::TransformStamped_<std::allocator<void> >[m[K’}) to type ‘[01m[Kconst Affine3f&[m[K’ {aka ‘[01m[Kconst Eigen::Transform<float, 3, 2>&[m[K’}
[3.959s]   302 |         pcl::transformPointCloud(*cloud, *aligned_world_object, [01;36m[Ktransform[m[K);
[3.959s]       |                                                                 [01;36m[K^~~~~~~~~[m[K
[3.959s] In file included from [01m[K/usr/include/pcl-1.12/pcl/registration/transformation_estimation.h:43[m[K,
[3.959s]                  from [01m[K/usr/include/pcl-1.12/pcl/registration/registration.h:46[m[K,
[3.959s]                  from [01m[K/usr/include/pcl-1.12/pcl/registration/icp.h:46[m[K,
[3.959s]                  from [01m[K/home/buhrmann/ws_moveit/src/point_cloud_circle_detector/src/point_cloud_plantpot_pfh_detector.cpp:3[m[K:
[3.959s] [01m[K/usr/include/pcl-1.12/pcl/common/transforms.h:87:3:[m[K [01;36m[Knote: [m[Kcandidate: ‘[01m[Ktemplate<class PointT, class Scalar> void pcl::transformPointCloud(const pcl::PointCloud<PointT>&, const Indices&, pcl::PointCloud<PointT>&, const Eigen::Transform<Scalar, 3, 2>&, bool)[m[K’
[3.959s]    87 |   [01;36m[KtransformPointCloud[m[K (const pcl::PointCloud<PointT> &cloud_in,
[3.959s]       |   [01;36m[K^~~~~~~~~~~~~~~~~~~[m[K
[3.959s] [01m[K/usr/include/pcl-1.12/pcl/common/transforms.h:87:3:[m[K [01;36m[Knote: [m[K  template argument deduction/substitution failed:
[3.959s] [01m[K/home/buhrmann/ws_moveit/src/point_cloud_circle_detector/src/point_cloud_plantpot_pfh_detector.cpp:302:33:[m[K [01;36m[Knote: [m[K  ‘[01m[Kgeometry_msgs::msg::TransformStamped[m[K’ {aka ‘[01m[Kgeometry_msgs::msg::TransformStamped_<std::allocator<void> >[m[K’} is not derived from ‘[01m[Kpcl::PointCloud<PointT>[m[K’
[3.959s]   302 |         [01;36m[Kpcl::transformPointCloud(*cloud, *aligned_world_object, transform)[m[K;
[3.959s]       |         [01;36m[K~~~~~~~~~~~~~~~~~~~~~~~~^~~~~~~~~~~~~~~~~~~~~~~~~~~~~~~~~~~~~~~~~~[m[K
[3.959s] In file included from [01m[K/usr/include/pcl-1.12/pcl/registration/transformation_estimation.h:43[m[K,
[3.959s]                  from [01m[K/usr/include/pcl-1.12/pcl/registration/registration.h:46[m[K,
[3.959s]                  from [01m[K/usr/include/pcl-1.12/pcl/registration/icp.h:46[m[K,
[3.959s]                  from [01m[K/home/buhrmann/ws_moveit/src/point_cloud_circle_detector/src/point_cloud_plantpot_pfh_detector.cpp:3[m[K:
[3.959s] [01m[K/usr/include/pcl-1.12/pcl/common/transforms.h:97:3:[m[K [01;36m[Knote: [m[Kcandidate: ‘[01m[Ktemplate<class PointT> void pcl::transformPointCloud(const pcl::PointCloud<PointT>&, const Indices&, pcl::PointCloud<PointT>&, const Affine3f&, bool)[m[K’
[3.959s]    97 |   [01;36m[KtransformPointCloud[m[K (const pcl::PointCloud<PointT> &cloud_in,
[3.959s]       |   [01;36m[K^~~~~~~~~~~~~~~~~~~[m[K
[3.959s] [01m[K/usr/include/pcl-1.12/pcl/common/transforms.h:97:3:[m[K [01;36m[Knote: [m[K  template argument deduction/substitution failed:
[3.959s] [01m[K/home/buhrmann/ws_moveit/src/point_cloud_circle_detector/src/point_cloud_plantpot_pfh_detector.cpp:302:33:[m[K [01;36m[Knote: [m[K  ‘[01m[Kgeometry_msgs::msg::TransformStamped[m[K’ {aka ‘[01m[Kgeometry_msgs::msg::TransformStamped_<std::allocator<void> >[m[K’} is not derived from ‘[01m[Kpcl::PointCloud<PointT>[m[K’
[3.959s]   302 |         [01;36m[Kpcl::transformPointCloud(*cloud, *aligned_world_object, transform)[m[K;
[3.959s]       |         [01;36m[K~~~~~~~~~~~~~~~~~~~~~~~~^~~~~~~~~~~~~~~~~~~~~~~~~~~~~~~~~~~~~~~~~~[m[K
[3.959s] In file included from [01m[K/usr/include/pcl-1.12/pcl/registration/transformation_estimation.h:43[m[K,
[3.959s]                  from [01m[K/usr/include/pcl-1.12/pcl/registration/registration.h:46[m[K,
[3.959s]                  from [01m[K/usr/include/pcl-1.12/pcl/registration/icp.h:46[m[K,
[3.959s]                  from [01m[K/home/buhrmann/ws_moveit/src/point_cloud_circle_detector/src/point_cloud_plantpot_pfh_detector.cpp:3[m[K:
[3.959s] [01m[K/usr/include/pcl-1.12/pcl/common/transforms.h:116:3:[m[K [01;36m[Knote: [m[Kcandidate: ‘[01m[Ktemplate<class PointT, class Scalar> void pcl::transformPointCloud(const pcl::PointCloud<PointT>&, const pcl::PointIndices&, pcl::PointCloud<PointT>&, const Eigen::Transform<Scalar, 3, 2>&, bool)[m[K’
[3.959s]   116 |   [01;36m[KtransformPointCloud[m[K (const pcl::PointCloud<PointT> &cloud_in,
[3.959s]       |   [01;36m[K^~~~~~~~~~~~~~~~~~~[m[K
[3.959s] [01m[K/usr/include/pcl-1.12/pcl/common/transforms.h:116:3:[m[K [01;36m[Knote: [m[K  template argument deduction/substitution failed:
[3.959s] [01m[K/home/buhrmann/ws_moveit/src/point_cloud_circle_detector/src/point_cloud_plantpot_pfh_detector.cpp:302:33:[m[K [01;36m[Knote: [m[K  ‘[01m[Kgeometry_msgs::msg::TransformStamped[m[K’ {aka ‘[01m[Kgeometry_msgs::msg::TransformStamped_<std::allocator<void> >[m[K’} is not derived from ‘[01m[Kpcl::PointCloud<PointT>[m[K’
[3.959s]   302 |         [01;36m[Kpcl::transformPointCloud(*cloud, *aligned_world_object, transform)[m[K;
[3.959s]       |         [01;36m[K~~~~~~~~~~~~~~~~~~~~~~~~^~~~~~~~~~~~~~~~~~~~~~~~~~~~~~~~~~~~~~~~~~[m[K
[3.959s] In file included from [01m[K/usr/include/pcl-1.12/pcl/registration/transformation_estimation.h:43[m[K,
[3.959s]                  from [01m[K/usr/include/pcl-1.12/pcl/registration/registration.h:46[m[K,
[3.959s]                  from [01m[K/usr/include/pcl-1.12/pcl/registration/icp.h:46[m[K,
[3.959s]                  from [01m[K/home/buhrmann/ws_moveit/src/point_cloud_circle_detector/src/point_cloud_plantpot_pfh_detector.cpp:3[m[K:
[3.959s] [01m[K/usr/include/pcl-1.12/pcl/common/transforms.h:126:3:[m[K [01;36m[Knote: [m[Kcandidate: ‘[01m[Ktemplate<class PointT> void pcl::transformPointCloud(const pcl::PointCloud<PointT>&, const pcl::PointIndices&, pcl::PointCloud<PointT>&, const Affine3f&, bool)[m[K’
[3.959s]   126 |   [01;36m[KtransformPointCloud[m[K (const pcl::PointCloud<PointT> &cloud_in,
[3.959s]       |   [01;36m[K^~~~~~~~~~~~~~~~~~~[m[K
[3.959s] [01m[K/usr/include/pcl-1.12/pcl/common/transforms.h:126:3:[m[K [01;36m[Knote: [m[K  template argument deduction/substitution failed:
[3.960s] [01m[K/home/buhrmann/ws_moveit/src/point_cloud_circle_detector/src/point_cloud_plantpot_pfh_detector.cpp:302:33:[m[K [01;36m[Knote: [m[K  ‘[01m[Kgeometry_msgs::msg::TransformStamped[m[K’ {aka ‘[01m[Kgeometry_msgs::msg::TransformStamped_<std::allocator<void> >[m[K’} is not derived from ‘[01m[Kpcl::PointCloud<PointT>[m[K’
[3.960s]   302 |         [01;36m[Kpcl::transformPointCloud(*cloud, *aligned_world_object, transform)[m[K;
[3.960s]       |         [01;36m[K~~~~~~~~~~~~~~~~~~~~~~~~^~~~~~~~~~~~~~~~~~~~~~~~~~~~~~~~~~~~~~~~~~[m[K
[3.960s] In file included from [01m[K/usr/include/pcl-1.12/pcl/common/transforms.h:493[m[K,
[3.960s]                  from [01m[K/usr/include/pcl-1.12/pcl/registration/transformation_estimation.h:43[m[K,
[3.960s]                  from [01m[K/usr/include/pcl-1.12/pcl/registration/registration.h:46[m[K,
[3.960s]                  from [01m[K/usr/include/pcl-1.12/pcl/registration/icp.h:46[m[K,
[3.960s]                  from [01m[K/home/buhrmann/ws_moveit/src/point_cloud_circle_detector/src/point_cloud_plantpot_pfh_detector.cpp:3[m[K:
[3.960s] [01m[K/usr/include/pcl-1.12/pcl/common/impl/transforms.hpp:221:1:[m[K [01;36m[Knote: [m[Kcandidate: ‘[01m[Ktemplate<class PointT, class Scalar> void pcl::transformPointCloud(const pcl::PointCloud<PointT>&, pcl::PointCloud<PointT>&, const Eigen::Matrix<Scalar, 4, 4>&, bool)[m[K’
[3.960s]   221 | [01;36m[KtransformPointCloud[m[K (const pcl::PointCloud<PointT> &cloud_in,
[3.960s]       | [01;36m[K^~~~~~~~~~~~~~~~~~~[m[K
[3.960s] [01m[K/usr/include/pcl-1.12/pcl/common/impl/transforms.hpp:221:1:[m[K [01;36m[Knote: [m[K  template argument deduction/substitution failed:
[3.960s] [01m[K/home/buhrmann/ws_moveit/src/point_cloud_circle_detector/src/point_cloud_plantpot_pfh_detector.cpp:302:33:[m[K [01;36m[Knote: [m[K  ‘[01m[Kgeometry_msgs::msg::TransformStamped[m[K’ {aka ‘[01m[Kgeometry_msgs::msg::TransformStamped_<std::allocator<void> >[m[K’} is not derived from ‘[01m[Kconst Eigen::Matrix<Scalar, 4, 4>[m[K’
[3.960s]   302 |         [01;36m[Kpcl::transformPointCloud(*cloud, *aligned_world_object, transform)[m[K;
[3.960s]       |         [01;36m[K~~~~~~~~~~~~~~~~~~~~~~~~^~~~~~~~~~~~~~~~~~~~~~~~~~~~~~~~~~~~~~~~~~[m[K
[3.960s] In file included from [01m[K/usr/include/pcl-1.12/pcl/registration/transformation_estimation.h:43[m[K,
[3.960s]                  from [01m[K/usr/include/pcl-1.12/pcl/registration/registration.h:46[m[K,
[3.960s]                  from [01m[K/usr/include/pcl-1.12/pcl/registration/icp.h:46[m[K,
[3.960s]                  from [01m[K/home/buhrmann/ws_moveit/src/point_cloud_circle_detector/src/point_cloud_plantpot_pfh_detector.cpp:3[m[K:
[3.960s] [01m[K/usr/include/pcl-1.12/pcl/common/transforms.h:237:3:[m[K [01;36m[Knote: [m[Kcandidate: ‘[01m[Ktemplate<class PointT> void pcl::transformPointCloud(const pcl::PointCloud<PointT>&, pcl::PointCloud<PointT>&, const Matrix4f&, bool)[m[K’
[3.960s]   237 |   [01;36m[KtransformPointCloud[m[K (const pcl::PointCloud<PointT> &cloud_in,
[3.960s]       |   [01;36m[K^~~~~~~~~~~~~~~~~~~[m[K
[3.960s] [01m[K/usr/include/pcl-1.12/pcl/common/transforms.h:237:3:[m[K [01;36m[Knote: [m[K  template argument deduction/substitution failed:
[3.960s] [01m[K/home/buhrmann/ws_moveit/src/point_cloud_circle_detector/src/point_cloud_plantpot_pfh_detector.cpp:302:65:[m[K [01;36m[Knote: [m[K  cannot convert ‘[01m[Ktransform[m[K’ (type ‘[01m[Kgeometry_msgs::msg::TransformStamped[m[K’ {aka ‘[01m[Kgeometry_msgs::msg::TransformStamped_<std::allocator<void> >[m[K’}) to type ‘[01m[Kconst Matrix4f&[m[K’ {aka ‘[01m[Kconst Eigen::Matrix<float, 4, 4>&[m[K’}
[3.960s]   302 |         pcl::transformPointCloud(*cloud, *aligned_world_object, [01;36m[Ktransform[m[K);
[3.960s]       |                                                                 [01;36m[K^~~~~~~~~[m[K
[3.960s] In file included from [01m[K/usr/include/pcl-1.12/pcl/common/transforms.h:493[m[K,
[3.960s]                  from [01m[K/usr/include/pcl-1.12/pcl/registration/transformation_estimation.h:43[m[K,
[3.960s]                  from [01m[K/usr/include/pcl-1.12/pcl/registration/registration.h:46[m[K,
[3.960s]                  from [01m[K/usr/include/pcl-1.12/pcl/registration/icp.h:46[m[K,
[3.960s]                  from [01m[K/home/buhrmann/ws_moveit/src/point_cloud_circle_detector/src/point_cloud_plantpot_pfh_detector.cpp:3[m[K:
[3.960s] [01m[K/usr/include/pcl-1.12/pcl/common/impl/transforms.hpp:263:1:[m[K [01;36m[Knote: [m[Kcandidate: ‘[01m[Ktemplate<class PointT, class Scalar> void pcl::transformPointCloud(const pcl::PointCloud<PointT>&, const Indices&, pcl::PointCloud<PointT>&, const Eigen::Matrix<Scalar, 4, 4>&, bool)[m[K’
[3.960s]   263 | [01;36m[KtransformPointCloud[m[K (const pcl::PointCloud<PointT> &cloud_in,
[3.960s]       | [01;36m[K^~~~~~~~~~~~~~~~~~~[m[K
[3.960s] [01m[K/usr/include/pcl-1.12/pcl/common/impl/transforms.hpp:263:1:[m[K [01;36m[Knote: [m[K  template argument deduction/substitution failed:
[3.960s] [01m[K/home/buhrmann/ws_moveit/src/point_cloud_circle_detector/src/point_cloud_plantpot_pfh_detector.cpp:302:33:[m[K [01;36m[Knote: [m[K  ‘[01m[Kgeometry_msgs::msg::TransformStamped[m[K’ {aka ‘[01m[Kgeometry_msgs::msg::TransformStamped_<std::allocator<void> >[m[K’} is not derived from ‘[01m[Kpcl::PointCloud<PointT>[m[K’
[3.960s]   302 |         [01;36m[Kpcl::transformPointCloud(*cloud, *aligned_world_object, transform)[m[K;
[3.960s]       |         [01;36m[K~~~~~~~~~~~~~~~~~~~~~~~~^~~~~~~~~~~~~~~~~~~~~~~~~~~~~~~~~~~~~~~~~~[m[K
[3.960s] In file included from [01m[K/usr/include/pcl-1.12/pcl/registration/transformation_estimation.h:43[m[K,
[3.960s]                  from [01m[K/usr/include/pcl-1.12/pcl/registration/registration.h:46[m[K,
[3.960s]                  from [01m[K/usr/include/pcl-1.12/pcl/registration/icp.h:46[m[K,
[3.960s]                  from [01m[K/home/buhrmann/ws_moveit/src/point_cloud_circle_detector/src/point_cloud_plantpot_pfh_detector.cpp:3[m[K:
[3.960s] [01m[K/usr/include/pcl-1.12/pcl/common/transforms.h:262:3:[m[K [01;36m[Knote: [m[Kcandidate: ‘[01m[Ktemplate<class PointT> void pcl::transformPointCloud(const pcl::PointCloud<PointT>&, const Indices&, pcl::PointCloud<PointT>&, const Matrix4f&, bool)[m[K’
[3.960s]   262 |   [01;36m[KtransformPointCloud[m[K (const pcl::PointCloud<PointT> &cloud_in,
[3.960s]       |   [01;36m[K^~~~~~~~~~~~~~~~~~~[m[K
[3.960s] [01m[K/usr/include/pcl-1.12/pcl/common/transforms.h:262:3:[m[K [01;36m[Knote: [m[K  template argument deduction/substitution failed:
[3.960s] [01m[K/home/buhrmann/ws_moveit/src/point_cloud_circle_detector/src/point_cloud_plantpot_pfh_detector.cpp:302:33:[m[K [01;36m[Knote: [m[K  ‘[01m[Kgeometry_msgs::msg::TransformStamped[m[K’ {aka ‘[01m[Kgeometry_msgs::msg::TransformStamped_<std::allocator<void> >[m[K’} is not derived from ‘[01m[Kpcl::PointCloud<PointT>[m[K’
[3.960s]   302 |         [01;36m[Kpcl::transformPointCloud(*cloud, *aligned_world_object, transform)[m[K;
[3.960s]       |         [01;36m[K~~~~~~~~~~~~~~~~~~~~~~~~^~~~~~~~~~~~~~~~~~~~~~~~~~~~~~~~~~~~~~~~~~[m[K
[3.960s] In file included from [01m[K/usr/include/pcl-1.12/pcl/registration/transformation_estimation.h:43[m[K,
[3.960s]                  from [01m[K/usr/include/pcl-1.12/pcl/registration/registration.h:46[m[K,
[3.960s]                  from [01m[K/usr/include/pcl-1.12/pcl/registration/icp.h:46[m[K,
[3.960s]                  from [01m[K/home/buhrmann/ws_moveit/src/point_cloud_circle_detector/src/point_cloud_plantpot_pfh_detector.cpp:3[m[K:
[3.960s] [01m[K/usr/include/pcl-1.12/pcl/common/transforms.h:281:3:[m[K [01;36m[Knote: [m[Kcandidate: ‘[01m[Ktemplate<class PointT, class Scalar> void pcl::transformPointCloud(const pcl::PointCloud<PointT>&, const pcl::PointIndices&, pcl::PointCloud<PointT>&, const Eigen::Matrix<Scalar, 4, 4>&, bool)[m[K’
[3.960s]   281 |   [01;36m[KtransformPointCloud[m[K (const pcl::PointCloud<PointT> &cloud_in,
[3.960s]       |   [01;36m[K^~~~~~~~~~~~~~~~~~~[m[K
[3.960s] [01m[K/usr/include/pcl-1.12/pcl/common/transforms.h:281:3:[m[K [01;36m[Knote: [m[K  template argument deduction/substitution failed:
[3.961s] [01m[K/home/buhrmann/ws_moveit/src/point_cloud_circle_detector/src/point_cloud_plantpot_pfh_detector.cpp:302:33:[m[K [01;36m[Knote: [m[K  ‘[01m[Kgeometry_msgs::msg::TransformStamped[m[K’ {aka ‘[01m[Kgeometry_msgs::msg::TransformStamped_<std::allocator<void> >[m[K’} is not derived from ‘[01m[Kpcl::PointCloud<PointT>[m[K’
[3.961s]   302 |         [01;36m[Kpcl::transformPointCloud(*cloud, *aligned_world_object, transform)[m[K;
[3.961s]       |         [01;36m[K~~~~~~~~~~~~~~~~~~~~~~~~^~~~~~~~~~~~~~~~~~~~~~~~~~~~~~~~~~~~~~~~~~[m[K
[3.961s] In file included from [01m[K/usr/include/pcl-1.12/pcl/registration/transformation_estimation.h:43[m[K,
[3.961s]                  from [01m[K/usr/include/pcl-1.12/pcl/registration/registration.h:46[m[K,
[3.961s]                  from [01m[K/usr/include/pcl-1.12/pcl/registration/icp.h:46[m[K,
[3.961s]                  from [01m[K/home/buhrmann/ws_moveit/src/point_cloud_circle_detector/src/point_cloud_plantpot_pfh_detector.cpp:3[m[K:
[3.961s] [01m[K/usr/include/pcl-1.12/pcl/common/transforms.h:291:3:[m[K [01;36m[Knote: [m[Kcandidate: ‘[01m[Ktemplate<class PointT> void pcl::transformPointCloud(const pcl::PointCloud<PointT>&, const pcl::PointIndices&, pcl::PointCloud<PointT>&, const Matrix4f&, bool)[m[K’
[3.961s]   291 |   [01;36m[KtransformPointCloud[m[K (const pcl::PointCloud<PointT> &cloud_in,
[3.961s]       |   [01;36m[K^~~~~~~~~~~~~~~~~~~[m[K
[3.961s] [01m[K/usr/include/pcl-1.12/pcl/common/transforms.h:291:3:[m[K [01;36m[Knote: [m[K  template argument deduction/substitution failed:
[3.961s] [01m[K/home/buhrmann/ws_moveit/src/point_cloud_circle_detector/src/point_cloud_plantpot_pfh_detector.cpp:302:33:[m[K [01;36m[Knote: [m[K  ‘[01m[Kgeometry_msgs::msg::TransformStamped[m[K’ {aka ‘[01m[Kgeometry_msgs::msg::TransformStamped_<std::allocator<void> >[m[K’} is not derived from ‘[01m[Kpcl::PointCloud<PointT>[m[K’
[3.961s]   302 |         [01;36m[Kpcl::transformPointCloud(*cloud, *aligned_world_object, transform)[m[K;
[3.961s]       |         [01;36m[K~~~~~~~~~~~~~~~~~~~~~~~~^~~~~~~~~~~~~~~~~~~~~~~~~~~~~~~~~~~~~~~~~~[m[K
[3.961s] In file included from [01m[K/usr/include/pcl-1.12/pcl/common/transforms.h:493[m[K,
[3.961s]                  from [01m[K/usr/include/pcl-1.12/pcl/registration/transformation_estimation.h:43[m[K,
[3.961s]                  from [01m[K/usr/include/pcl-1.12/pcl/registration/registration.h:46[m[K,
[3.961s]                  from [01m[K/usr/include/pcl-1.12/pcl/registration/icp.h:46[m[K,
[3.961s]                  from [01m[K/home/buhrmann/ws_moveit/src/point_cloud_circle_detector/src/point_cloud_plantpot_pfh_detector.cpp:3[m[K:
[3.961s] [01m[K/usr/include/pcl-1.12/pcl/common/impl/transforms.hpp:407:1:[m[K [01;36m[Knote: [m[Kcandidate: ‘[01m[Ktemplate<class PointT, class Scalar> void pcl::transformPointCloud(const pcl::PointCloud<PointT>&, pcl::PointCloud<PointT>&, const Eigen::Matrix<Scalar, 3, 1>&, const Eigen::Quaternion<Scalar>&, bool)[m[K’
[3.961s]   407 | [01;36m[KtransformPointCloud[m[K (const pcl::PointCloud<PointT> &cloud_in,
[3.961s]       | [01;36m[K^~~~~~~~~~~~~~~~~~~[m[K
[3.961s] [01m[K/usr/include/pcl-1.12/pcl/common/impl/transforms.hpp:407:1:[m[K [01;36m[Knote: [m[K  template argument deduction/substitution failed:
[3.961s] [01m[K/home/buhrmann/ws_moveit/src/point_cloud_circle_detector/src/point_cloud_plantpot_pfh_detector.cpp:302:33:[m[K [01;36m[Knote: [m[K  ‘[01m[Kgeometry_msgs::msg::TransformStamped[m[K’ {aka ‘[01m[Kgeometry_msgs::msg::TransformStamped_<std::allocator<void> >[m[K’} is not derived from ‘[01m[Kconst Eigen::Matrix<Scalar, 3, 1>[m[K’
[3.961s]   302 |         [01;36m[Kpcl::transformPointCloud(*cloud, *aligned_world_object, transform)[m[K;
[3.961s]       |         [01;36m[K~~~~~~~~~~~~~~~~~~~~~~~~^~~~~~~~~~~~~~~~~~~~~~~~~~~~~~~~~~~~~~~~~~[m[K
[3.961s] In file included from [01m[K/usr/include/pcl-1.12/pcl/registration/transformation_estimation.h:43[m[K,
[3.961s]                  from [01m[K/usr/include/pcl-1.12/pcl/registration/registration.h:46[m[K,
[3.961s]                  from [01m[K/usr/include/pcl-1.12/pcl/registration/icp.h:46[m[K,
[3.961s]                  from [01m[K/home/buhrmann/ws_moveit/src/point_cloud_circle_detector/src/point_cloud_plantpot_pfh_detector.cpp:3[m[K:
[3.961s] [01m[K/usr/include/pcl-1.12/pcl/common/transforms.h:404:3:[m[K [01;36m[Knote: [m[Kcandidate: ‘[01m[Ktemplate<class PointT> void pcl::transformPointCloud(const pcl::PointCloud<PointT>&, pcl::PointCloud<PointT>&, const Vector3f&, const Quaternionf&, bool)[m[K’
[3.961s]   404 |   [01;36m[KtransformPointCloud[m[K (const pcl::PointCloud<PointT> &cloud_in,
[3.961s]       |   [01;36m[K^~~~~~~~~~~~~~~~~~~[m[K
[3.961s] [01m[K/usr/include/pcl-1.12/pcl/common/transforms.h:404:3:[m[K [01;36m[Knote: [m[K  template argument deduction/substitution failed:
[3.961s] [01m[K/home/buhrmann/ws_moveit/src/point_cloud_circle_detector/src/point_cloud_plantpot_pfh_detector.cpp:302:33:[m[K [01;36m[Knote: [m[K  candidate expects 5 arguments, 3 provided
[3.961s]   302 |         [01;36m[Kpcl::transformPointCloud(*cloud, *aligned_world_object, transform)[m[K;
[3.961s]       |         [01;36m[K~~~~~~~~~~~~~~~~~~~~~~~~^~~~~~~~~~~~~~~~~~~~~~~~~~~~~~~~~~~~~~~~~~[m[K
[5.649s] In file included from [01m[K/usr/include/x86_64-linux-gnu/c++/11/bits/c++allocator.h:33[m[K,
[5.649s]                  from [01m[K/usr/include/c++/11/bits/allocator.h:46[m[K,
[5.649s]                  from [01m[K/usr/include/c++/11/unordered_map:40[m[K,
[5.649s]                  from [01m[K/usr/include/c++/11/functional:61[m[K,
[5.649s]                  from [01m[K/usr/include/pcl-1.12/pcl/type_traits.h:45[m[K,
[5.650s]                  from [01m[K/usr/include/pcl-1.12/pcl/memory.h:46[m[K,
[5.650s]                  from [01m[K/usr/include/pcl-1.12/pcl/pcl_base.h:46[m[K,
[5.650s]                  from [01m[K/usr/include/pcl-1.12/pcl/filters/filter.h:42[m[K,
[5.650s]                  from [01m[K/usr/include/pcl-1.12/pcl/filters/filter_indices.h:42[m[K,
[5.650s]                  from [01m[K/usr/include/pcl-1.12/pcl/filters/extract_indices.h:42[m[K,
[5.650s]                  from [01m[K/home/buhrmann/ws_moveit/src/point_cloud_circle_detector/src/point_cloud_plantpot_pfh_detector.cpp:2[m[K:
[5.650s] /usr/include/c++/11/ext/new_allocator.h: In instantiation of ‘[01m[Kvoid __gnu_cxx::new_allocator<_Tp>::construct(_Up*, _Args&& ...) [with _Up = tf2_ros::Buffer; _Args = {std::shared_ptr<rclcpp::Clock>}; _Tp = tf2_ros::Buffer][m[K’:
[5.650s] [01m[K/usr/include/c++/11/bits/alloc_traits.h:516:17:[m[K   required from ‘[01m[Kstatic void std::allocator_traits<std::allocator<_Tp1> >::construct(std::allocator_traits<std::allocator<_Tp1> >::allocator_type&, _Up*, _Args&& ...) [with _Up = tf2_ros::Buffer; _Args = {std::shared_ptr<rclcpp::Clock>}; _Tp = tf2_ros::Buffer; std::allocator_traits<std::allocator<_Tp1> >::allocator_type = std::allocator<tf2_ros::Buffer>][m[K’
[5.650s] [01m[K/usr/include/c++/11/bits/shared_ptr_base.h:519:39:[m[K   required from ‘[01m[Kstd::_Sp_counted_ptr_inplace<_Tp, _Alloc, _Lp>::_Sp_counted_ptr_inplace(_Alloc, _Args&& ...) [with _Args = {std::shared_ptr<rclcpp::Clock>}; _Tp = tf2_ros::Buffer; _Alloc = std::allocator<tf2_ros::Buffer>; __gnu_cxx::_Lock_policy _Lp = __gnu_cxx::_S_atomic][m[K’
[5.650s] [01m[K/usr/include/c++/11/bits/shared_ptr_base.h:650:16:[m[K   required from ‘[01m[Kstd::__shared_count<_Lp>::__shared_count(_Tp*&, std::_Sp_alloc_shared_tag<_Alloc>, _Args&& ...) [with _Tp = tf2_ros::Buffer; _Alloc = std::allocator<tf2_ros::Buffer>; _Args = {std::shared_ptr<rclcpp::Clock>}; __gnu_cxx::_Lock_policy _Lp = __gnu_cxx::_S_atomic][m[K’
[5.650s] [01m[K/usr/include/c++/11/bits/shared_ptr_base.h:1342:14:[m[K   required from ‘[01m[Kstd::__shared_ptr<_Tp, _Lp>::__shared_ptr(std::_Sp_alloc_shared_tag<_Tp>, _Args&& ...) [with _Alloc = std::allocator<tf2_ros::Buffer>; _Args = {std::shared_ptr<rclcpp::Clock>}; _Tp = tf2_ros::Buffer; __gnu_cxx::_Lock_policy _Lp = __gnu_cxx::_S_atomic][m[K’
[5.650s] [01m[K/usr/include/c++/11/bits/shared_ptr.h:409:59:[m[K   required from ‘[01m[Kstd::shared_ptr<_Tp>::shared_ptr(std::_Sp_alloc_shared_tag<_Tp>, _Args&& ...) [with _Alloc = std::allocator<tf2_ros::Buffer>; _Args = {std::shared_ptr<rclcpp::Clock>}; _Tp = tf2_ros::Buffer][m[K’
[5.650s] [01m[K/usr/include/c++/11/bits/shared_ptr.h:862:14:[m[K   required from ‘[01m[Kstd::shared_ptr<_Tp> std::allocate_shared(const _Alloc&, _Args&& ...) [with _Tp = tf2_ros::Buffer; _Alloc = std::allocator<tf2_ros::Buffer>; _Args = {std::shared_ptr<rclcpp::Clock>}][m[K’
[5.650s] [01m[K/usr/include/c++/11/bits/shared_ptr.h:878:39:[m[K   required from ‘[01m[Kstd::shared_ptr<_Tp> std::make_shared(_Args&& ...) [with _Tp = tf2_ros::Buffer; _Args = {std::shared_ptr<rclcpp::Clock>}][m[K’
[5.650s] [01m[K/home/buhrmann/ws_moveit/src/point_cloud_circle_detector/src/point_cloud_plantpot_pfh_detector.cpp:44:55:[m[K   required from here
[5.650s] [01m[K/usr/include/c++/11/ext/new_allocator.h:162:11:[m[K [01;31m[Kerror: [m[Kno matching function for call to ‘[01m[Ktf2_ros::Buffer::Buffer(std::shared_ptr<rclcpp::Clock>)[m[K’
[5.650s]   162 |         { [01;31m[K::new((void *)__p) _Up(std::forward<_Args>(__args)...)[m[K; }
[5.650s]       |           [01;31m[K^~~~~~~~~~~~~~~~~~~~~~~~~~~~~~~~~~~~~~~~~~~~~~~~~~~~~~[m[K
[5.650s] In file included from [01m[K/home/buhrmann/ws_moveit/src/point_cloud_circle_detector/src/point_cloud_plantpot_pfh_detector.cpp:21[m[K:
[5.650s] [01m[K/usr/include/tf2_ros/buffer.h:63:5:[m[K [01;36m[Knote: [m[Kcandidate: ‘[01m[Ktf2_ros::Buffer::Buffer(ros::Duration, bool)[m[K’
[5.650s]    63 |     [01;36m[KBuffer[m[K(ros::Duration cache_time = ros::Duration(BufferCore::DEFAULT_CACHE_TIME), bool debug = false);
[5.650s]       |     [01;36m[K^~~~~~[m[K
[5.650s] [01m[K/usr/include/tf2_ros/buffer.h:63:26:[m[K [01;36m[Knote: [m[K  no known conversion for argument 1 from ‘[01m[Kstd::shared_ptr<rclcpp::Clock>[m[K’ to ‘[01m[Kros::Duration[m[K’
[5.650s]    63 |     Buffer([01;36m[Kros::Duration cache_time = ros::Duration(BufferCore::DEFAULT_CACHE_TIME)[m[K, bool debug = false);
[5.650s]       |            [01;36m[K~~~~~~~~~~~~~~^~~~~~~~~~~~~~~~~~~~~~~~~~~~~~~~~~~~~~~~~~~~~~~~~~~~~~~~~~[m[K
[11.396s] gmake[2]: *** [CMakeFiles/point_cloud_plantpot_pfh_detector.dir/build.make:76: CMakeFiles/point_cloud_plantpot_pfh_detector.dir/src/point_cloud_plantpot_pfh_detector.cpp.o] Error 1
[11.396s] gmake[1]: *** [CMakeFiles/Makefile2:249: CMakeFiles/point_cloud_plantpot_pfh_detector.dir/all] Error 2
[11.397s] gmake: *** [Makefile:146: all] Error 2
[11.399s] Invoked command in '/home/buhrmann/ws_moveit/build/point_cloud_circle_detector' returned '2': CMAKE_PREFIX_PATH=${CMAKE_PREFIX_PATH}:/home/buhrmann/ws_moveit/install/moveit_configs_utils:/opt/ros/iron /usr/bin/cmake --build /home/buhrmann/ws_moveit/build/point_cloud_circle_detector -- -j28 -l28
