[0.476s] Invoking command in '/home/buhrmann/ws_moveit/build/point_cloud_circle_detector': CMAKE_PREFIX_PATH=${CMAKE_PREFIX_PATH}:/home/buhrmann/ws_moveit/install/ros2_azure_bridge:/home/buhrmann/ws_moveit/install/moveit_configs_utils:/opt/ros/iron /usr/bin/cmake --build /home/buhrmann/ws_moveit/build/point_cloud_circle_detector -- -j28 -l28
[0.558s] -- Found ament_cmake: 2.0.7 (/opt/ros/iron/share/ament_cmake/cmake)
[0.761s] -- Found sensor_msgs: 5.0.1 (/opt/ros/iron/share/sensor_msgs/cmake)
[0.784s] -- Found rosidl_generator_c: 4.0.1 (/opt/ros/iron/share/rosidl_generator_c/cmake)
[0.791s] -- Found rosidl_generator_cpp: 4.0.1 (/opt/ros/iron/share/rosidl_generator_cpp/cmake)
[0.809s] -- Using all available rosidl_typesupport_c: rosidl_typesupport_fastrtps_c;rosidl_typesupport_introspection_c
[0.826s] -- Using all available rosidl_typesupport_cpp: rosidl_typesupport_fastrtps_cpp;rosidl_typesupport_introspection_cpp
[1.174s] -- Found rclcpp: 21.0.8 (/opt/ros/iron/share/rclcpp/cmake)
[1.263s] -- Found rmw_implementation_cmake: 7.1.0 (/opt/ros/iron/share/rmw_implementation_cmake/cmake)
[1.264s] -- Found rmw_fastrtps_cpp: 7.1.4 (/opt/ros/iron/share/rmw_fastrtps_cpp/cmake)
[1.419s] -- Using RMW implementation 'rmw_fastrtps_cpp' as default
[1.643s] -- Found pcl_conversions: 2.5.4 (/opt/ros/iron/share/pcl_conversions/cmake)
[2.034s] -- FLANN found (include: /usr/include, lib: /usr/lib/x86_64-linux-gnu/libflann_cpp.so)
[2.038s] -- OpenNI found (version: 1.5.4.0, include: /usr/include/ni, lib: /usr/lib/libOpenNI.so;libusb::libusb)
[2.056s] -- OpenNI2 found (version: 2.2.0.33, include: /usr/include/openni2, lib: /usr/lib/x86_64-linux-gnu/libOpenNI2.so;libusb::libusb)
[2.063s] -- Could NOT find Pcap (missing: PCAP_LIBRARIES PCAP_INCLUDE_DIRS) 
[2.713s] -- OpenNI found (version: 1.5.4.0, include: /usr/include/ni, lib: /usr/lib/libOpenNI.so;libusb::libusb)
[2.727s] -- OpenNI2 found (version: 2.2.0.33, include: /usr/include/openni2, lib: /usr/lib/x86_64-linux-gnu/libOpenNI2.so;libusb::libusb)
[3.239s] -- Found Qhull version 8.0.2
[3.768s] -- Found cv_bridge: 3.5.0 (/opt/ros/iron/share/cv_bridge/cmake)
[3.814s] -- Found moveit_ros_planning_interface: 2.11.0 (/home/buhrmann/ws_moveit/install/moveit_ros_planning_interface/share/moveit_ros_planning_interface/cmake)
[3.881s] -- Found Boost: /usr/lib/x86_64-linux-gnu/cmake/Boost-1.74.0/BoostConfig.cmake (found version "1.74.0") found components: date_time filesystem program_options system thread 
[5.604s] -- Found Boost: /usr/lib/x86_64-linux-gnu/cmake/Boost-1.74.0/BoostConfig.cmake (found version "1.74.0") found components: chrono date_time filesystem iostreams program_options regex serialization system thread 
[5.790s] -- Found parameter_traits: 0.3.9 (/opt/ros/iron/share/parameter_traits/cmake)
[5.847s] -- Found Eigen3: TRUE (found version "3.4.0") 
[5.858s] -- Found rclcpp_lifecycle: 21.0.8 (/opt/ros/iron/share/rclcpp_lifecycle/cmake)
[6.033s] -- Found Boost: /usr/lib/x86_64-linux-gnu/cmake/Boost-1.74.0/BoostConfig.cmake (found version "1.74.0") found components: filesystem 
[6.293s] -- library: /usr/lib/x86_64-linux-gnu/libcurl.so
[6.735s] -- Ensuring Eigen3 include directory is part of orocos-kdl CMake target
[7.773s] -- Found Boost: /usr/lib/x86_64-linux-gnu/cmake/Boost-1.74.0/BoostConfig.cmake (found version "1.74.0") found components: system filesystem date_time program_options thread chrono 
[8.846s] -- Found Boost: /usr/lib/x86_64-linux-gnu/cmake/Boost-1.74.0/BoostConfig.cmake (found version "1.74.0") found components: thread system filesystem regex date_time program_options 
[9.148s] -- Found Boost: /usr/lib/x86_64-linux-gnu/cmake/Boost-1.74.0/BoostConfig.cmake (found version "1.74.0") found components: system filesystem date_time program_options thread 
[11.981s] -- Found ament_lint_auto: 0.14.4 (/opt/ros/iron/share/ament_lint_auto/cmake)
[12.048s] -- Added test 'cppcheck' to perform static code analysis on C / C++ code
[12.050s] -- Configured cppcheck include dirs: 
[12.050s] -- Configured cppcheck exclude dirs and/or files: 
[12.051s] -- Added test 'lint_cmake' to check CMake code style
[12.052s] -- Added test 'uncrustify' to check C / C++ code style
[12.053s] -- Configured uncrustify additional arguments: 
[12.053s] -- Added test 'xmllint' to check XML markup files
[12.054s] -- Configuring done
[12.366s] -- Generating done
[12.476s] -- Build files have been written to: /home/buhrmann/ws_moveit/build/point_cloud_circle_detector
[12.543s] [35m[1mConsolidate compiler generated dependencies of target point_cloud_plantpot_pfh_detector[0m
[12.543s] [35m[1mConsolidate compiler generated dependencies of target point_cloud_plantpot_ppf_detector[0m
[12.543s] [35m[1mConsolidate compiler generated dependencies of target point_cloud_plantpot_detector[0m
[12.544s] [35m[1mConsolidate compiler generated dependencies of target rgb_edge_filter[0m
[12.544s] [35m[1mConsolidate compiler generated dependencies of target point_cloud_plantpot_rgb_edge_pfh_detector[0m
[12.551s] [35m[1mConsolidate compiler generated dependencies of target hsv_color_filter[0m
[12.558s] [35m[1mConsolidate compiler generated dependencies of target point_cloud_plantpot_edge_pfh_detector[0m
[12.558s] [35m[1mConsolidate compiler generated dependencies of target cup_segmentation_color[0m
[12.559s] [35m[1mConsolidate compiler generated dependencies of target point_cloud_circle_detector[0m
[12.559s] [35m[1mConsolidate compiler generated dependencies of target point_cloud_cylinder_detector[0m
[12.559s] [35m[1mConsolidate compiler generated dependencies of target cup_pointcloud_segmentation_color[0m
[12.562s] [35m[1mConsolidate compiler generated dependencies of target image_based_hsv_color_filter[0m
[12.567s] [35m[1mConsolidate compiler generated dependencies of target plantplot_icp_conversion[0m
[12.608s] [  7%] Built target rgb_edge_filter
[12.614s] [ 15%] Built target point_cloud_plantpot_rgb_edge_pfh_detector
[12.616s] [ 23%] Built target point_cloud_plantpot_ppf_detector
[12.618s] [ 30%] Built target cup_pointcloud_segmentation_color
[12.619s] [ 38%] Built target point_cloud_cylinder_detector
[12.621s] [ 46%] Built target point_cloud_plantpot_detector
[12.621s] [ 53%] Built target point_cloud_plantpot_pfh_detector
[12.622s] [ 61%] Built target hsv_color_filter
[12.627s] [ 69%] Built target image_based_hsv_color_filter
[12.627s] [ 76%] Built target point_cloud_circle_detector
[12.627s] [ 84%] Built target point_cloud_plantpot_edge_pfh_detector
[12.630s] [ 92%] Built target cup_segmentation_color
[12.639s] [ 96%] [32mBuilding CXX object CMakeFiles/plantplot_icp_conversion.dir/src/plantplot_icp_conversion.cpp.o[0m
[15.217s] [01m[K/home/buhrmann/ws_moveit/src/point_cloud_circle_detector/src/plantplot_icp_conversion.cpp:84:9:[m[K [01;31m[Kerror: [m[Kstray ‘[01m[K#[m[K’ in program
[15.217s]    84 | private:[01;31m[K#[m[Kinclude <tf2_ros/buffer.h>
[15.217s]       |         [01;31m[K^[m[K
[20.801s] [01m[K/home/buhrmann/ws_moveit/src/point_cloud_circle_detector/src/plantplot_icp_conversion.cpp:84:10:[m[K [01;31m[Kerror: [m[K‘[01m[Kinclude[m[K’ does not name a type
[20.801s]    84 | private:#[01;31m[Kinclude[m[K <tf2_ros/buffer.h>
[20.801s]       |          [01;31m[K^~~~~~~[m[K
[20.921s] [01m[K/home/buhrmann/ws_moveit/src/point_cloud_circle_detector/src/plantplot_icp_conversion.cpp:[m[K In member function ‘[01m[Kvoid PointCloudCustomObjectMatcher::listener_callback(sensor_msgs::msg::PointCloud2_<std::allocator<void> >::SharedPtr)[m[K’:
[20.921s] [01m[K/home/buhrmann/ws_moveit/src/point_cloud_circle_detector/src/plantplot_icp_conversion.cpp:173:39:[m[K [01;31m[Kerror: [m[K‘[01m[KgetCameraToWorldTransform[m[K’ was not declared in this scope
[20.921s]   173 |     Eigen::Matrix4f camera_to_world = [01;31m[KgetCameraToWorldTransform[m[K();
[20.921s]       |                                       [01;31m[K^~~~~~~~~~~~~~~~~~~~~~~~~[m[K
[20.937s] [01m[K/home/buhrmann/ws_moveit/src/point_cloud_circle_detector/src/plantplot_icp_conversion.cpp:179:9:[m[K [01;31m[Kerror: [m[K‘[01m[Kicp[m[K’ was not declared in this scope
[20.937s]   179 |         [01;31m[Kicp[m[K.setInputTarget(cloud_filtered_world);
[20.937s]       |         [01;31m[K^~~[m[K
[20.995s] [01m[K/home/buhrmann/ws_moveit/src/point_cloud_circle_detector/src/plantplot_icp_conversion.cpp:[m[K In member function ‘[01m[Kvoid PointCloudCustomObjectMatcher::filter_by_rgb(pcl::PointCloud<pcl::PointXYZRGB>::Ptr&, pcl::PointCloud<pcl::PointXYZRGB>::Ptr&)[m[K’:
[20.996s] [01m[K/home/buhrmann/ws_moveit/src/point_cloud_circle_detector/src/plantplot_icp_conversion.cpp:306:95:[m[K [01;35m[Kwarning: [m[Kcomparison is always true due to limited range of data type [[01;35m[K]8;;https://gcc.gnu.org/onlinedocs/gcc/Warning-Options.html#index-Wtype-limits-Wtype-limits]8;;[m[K]
[20.996s]   306 |             if (point.r >= 80 && point.r <= 155 && point.g >= 20 && point.g <= 100 && [01;35m[Kpoint.b >= 0[m[K && point.b <= 70)
[20.996s]       |                                                                                       [01;35m[K~~~~~~~~^~~~[m[K
[20.996s] [01m[K/home/buhrmann/ws_moveit/src/point_cloud_circle_detector/src/plantplot_icp_conversion.cpp:[m[K In member function ‘[01m[Kvoid PointCloudCustomObjectMatcher::overrideOrientationAndPlaceOnPlane(pcl::PointCloud<pcl::PointXYZ>::Ptr&)[m[K’:
[20.996s] [01m[K/home/buhrmann/ws_moveit/src/point_cloud_circle_detector/src/plantplot_icp_conversion.cpp:325:78:[m[K [01;35m[Kwarning: [m[Kunused parameter ‘[01m[Kcloud[m[K’ [[01;35m[K]8;;https://gcc.gnu.org/onlinedocs/gcc/Warning-Options.html#index-Wunused-parameter-Wunused-parameter]8;;[m[K]
[20.996s]   325 | void overrideOrientationAndPlaceOnPlane([01;35m[Kpcl::PointCloud<pcl::PointXYZ>::Ptr& cloud[m[K)
[20.996s]       |                                         [01;35m[K~~~~~~~~~~~~~~~~~~~~~~~~~~~~~~~~~~~~~^~~~~[m[K
[24.754s] gmake[2]: *** [CMakeFiles/plantplot_icp_conversion.dir/build.make:76: CMakeFiles/plantplot_icp_conversion.dir/src/plantplot_icp_conversion.cpp.o] Error 1
[24.754s] gmake[1]: *** [CMakeFiles/Makefile2:473: CMakeFiles/plantplot_icp_conversion.dir/all] Error 2
[24.754s] gmake: *** [Makefile:146: all] Error 2
[24.757s] Invoked command in '/home/buhrmann/ws_moveit/build/point_cloud_circle_detector' returned '2': CMAKE_PREFIX_PATH=${CMAKE_PREFIX_PATH}:/home/buhrmann/ws_moveit/install/ros2_azure_bridge:/home/buhrmann/ws_moveit/install/moveit_configs_utils:/opt/ros/iron /usr/bin/cmake --build /home/buhrmann/ws_moveit/build/point_cloud_circle_detector -- -j28 -l28
