[0.031s] Invoking command in '/home/buhrmann/ws_moveit/build/point_cloud_circle_detector': CMAKE_PREFIX_PATH=${CMAKE_PREFIX_PATH}:/home/buhrmann/ws_moveit/install/moveit_configs_utils:/opt/ros/iron /usr/bin/cmake --build /home/buhrmann/ws_moveit/build/point_cloud_circle_detector -- -j28 -l28
[0.082s] -- Found ament_cmake: 2.0.7 (/opt/ros/iron/share/ament_cmake/cmake)
[0.192s] -- Found Python3: /usr/bin/python3.10 (found version "3.10.12") found components: Interpreter 
[0.292s] -- Eigen found (include: /usr/include/eigen3, version: 3.4.0)
[0.349s] -- FLANN found (include: /usr/include, lib: /usr/lib/x86_64-linux-gnu/libflann_cpp.so)
[0.780s] -- OpenNI found (version: 1.5.4.0, include: /usr/include/ni, lib: /usr/lib/libOpenNI.so;libusb::libusb)
[0.794s] -- OpenNI2 found (version: 2.2.0.33, include: /usr/include/openni2, lib: /usr/lib/x86_64-linux-gnu/libOpenNI2.so;libusb::libusb)
[0.795s] [0m** WARNING ** io features related to pcap will be disabled[0m
[1.036s] -- Eigen found (include: /usr/include/eigen3, version: 3.4.0)
[1.044s] -- OpenNI found (version: 1.5.4.0, include: /usr/include/ni, lib: /usr/lib/libOpenNI.so;libusb::libusb)
[1.051s] -- OpenNI2 found (version: 2.2.0.33, include: /usr/include/openni2, lib: /usr/lib/x86_64-linux-gnu/libOpenNI2.so;libusb::libusb)
[1.217s] -- Found Qhull version 8.0.2
[1.417s] -- OpenNI found (version: 1.5.4.0, include: /usr/include/ni, lib: /usr/lib/libOpenNI.so;libusb::libusb)
[1.591s] -- looking for PCL_COMMON
[1.592s] -- looking for PCL_KDTREE
[1.592s] -- looking for PCL_OCTREE
[1.592s] -- looking for PCL_SEARCH
[1.593s] -- looking for PCL_SAMPLE_CONSENSUS
[1.593s] -- looking for PCL_FILTERS
[1.593s] -- looking for PCL_2D
[1.594s] -- looking for PCL_GEOMETRY
[1.594s] -- looking for PCL_IO
[1.594s] -- looking for PCL_FEATURES
[1.595s] -- looking for PCL_ML
[1.595s] -- looking for PCL_SEGMENTATION
[1.595s] -- looking for PCL_VISUALIZATION
[1.596s] -- looking for PCL_SURFACE
[1.596s] -- looking for PCL_REGISTRATION
[1.597s] -- looking for PCL_KEYPOINTS
[1.597s] -- looking for PCL_TRACKING
[1.597s] -- looking for PCL_RECOGNITION
[1.598s] -- looking for PCL_STEREO
[1.598s] -- looking for PCL_APPS
[1.599s] -- looking for PCL_IN_HAND_SCANNER
[1.599s] -- looking for PCL_MODELER
[1.599s] -- looking for PCL_POINT_CLOUD_EDITOR
[1.600s] -- looking for PCL_OUTOFCORE
[1.600s] -- looking for PCL_PEOPLE
[1.602s] -- Found sensor_msgs: 5.0.1 (/opt/ros/iron/share/sensor_msgs/cmake)
[1.619s] -- Found rosidl_generator_c: 4.0.1 (/opt/ros/iron/share/rosidl_generator_c/cmake)
[1.626s] -- Found rosidl_generator_cpp: 4.0.1 (/opt/ros/iron/share/rosidl_generator_cpp/cmake)
[1.639s] -- Using all available rosidl_typesupport_c: rosidl_typesupport_fastrtps_c;rosidl_typesupport_introspection_c
[1.656s] -- Using all available rosidl_typesupport_cpp: rosidl_typesupport_fastrtps_cpp;rosidl_typesupport_introspection_cpp
[1.836s] -- Found rclcpp: 21.0.8 (/opt/ros/iron/share/rclcpp/cmake)
[1.942s] -- Found rmw_implementation_cmake: 7.1.0 (/opt/ros/iron/share/rmw_implementation_cmake/cmake)
[1.949s] -- Found rmw_fastrtps_cpp: 7.1.4 (/opt/ros/iron/share/rmw_fastrtps_cpp/cmake)
[2.153s] -- Using RMW implementation 'rmw_fastrtps_cpp' as default
[2.311s] -- Found pcl_conversions: 2.5.4 (/opt/ros/iron/share/pcl_conversions/cmake)
[2.665s] -- Found ament_lint_auto: 0.14.4 (/opt/ros/iron/share/ament_lint_auto/cmake)
[2.792s] -- Added test 'cppcheck' to perform static code analysis on C / C++ code
[2.792s] -- Configured cppcheck include dirs: 
[2.792s] -- Configured cppcheck exclude dirs and/or files: 
[2.793s] -- Added test 'lint_cmake' to check CMake code style
[2.794s] -- Added test 'uncrustify' to check C / C++ code style
[2.794s] -- Configured uncrustify additional arguments: 
[2.794s] -- Added test 'xmllint' to check XML markup files
[2.795s] -- Configuring done
[2.834s] -- Generating done
[2.837s] -- Build files have been written to: /home/buhrmann/ws_moveit/build/point_cloud_circle_detector
[2.890s] [35m[1mConsolidate compiler generated dependencies of target point_cloud_circle_detector[0m
[2.925s] [ 50%] [32mBuilding CXX object CMakeFiles/point_cloud_circle_detector.dir/src/point_cloud_circle_detector.cpp.o[0m
[9.494s] [01m[K/home/buhrmann/ws_moveit/src/point_cloud_circle_detector/src/point_cloud_circle_detector.cpp:[m[K In member function ‘[01m[Kvoid PointCloudCircleDetector::listener_callback(sensor_msgs::msg::PointCloud2_<std::allocator<void> >::SharedPtr)[m[K’:
[9.494s] [01m[K/home/buhrmann/ws_moveit/src/point_cloud_circle_detector/src/point_cloud_circle_detector.cpp:34:14:[m[K [01;31m[Kerror: [m[K‘[01m[KfromROSMsg[m[K’ is not a member of ‘[01m[Kpcl[m[K’
[9.494s]    34 |         pcl::[01;31m[KfromROSMsg[m[K(*msg, *cloud);
[9.494s]       |              [01;31m[K^~~~~~~~~~[m[K
[11.680s] gmake[2]: *** [CMakeFiles/point_cloud_circle_detector.dir/build.make:76: CMakeFiles/point_cloud_circle_detector.dir/src/point_cloud_circle_detector.cpp.o] Error 1
[11.680s] gmake[1]: *** [CMakeFiles/Makefile2:137: CMakeFiles/point_cloud_circle_detector.dir/all] Error 2
[11.681s] gmake: *** [Makefile:146: all] Error 2
[11.684s] Invoked command in '/home/buhrmann/ws_moveit/build/point_cloud_circle_detector' returned '2': CMAKE_PREFIX_PATH=${CMAKE_PREFIX_PATH}:/home/buhrmann/ws_moveit/install/moveit_configs_utils:/opt/ros/iron /usr/bin/cmake --build /home/buhrmann/ws_moveit/build/point_cloud_circle_detector -- -j28 -l28
