[1.495s] Invoking command in '/home/buhrmann/ws_moveit/src/moveit2/moveit_configs_utils': PYTHONPATH=/home/buhrmann/ws_moveit/build/moveit_configs_utils/prefix_override:/usr/lib/python3/dist-packages/colcon_core/task/python/colcon_distutils_commands:/home/buhrmann/ws_moveit/install/moveit_configs_utils/lib/python3.10/site-packages:${PYTHONPATH} /usr/bin/python3 -W ignore:setup.py install is deprecated -W ignore:easy_install command is deprecated setup.py egg_info --egg-base ../../../build/moveit_configs_utils build --build-base /home/buhrmann/ws_moveit/build/moveit_configs_utils/build install --record /home/buhrmann/ws_moveit/build/moveit_configs_utils/install.log --single-version-externally-managed install_data
[1.813s] running egg_info
[1.814s] writing ../../../build/moveit_configs_utils/moveit_configs_utils.egg-info/PKG-INFO
[1.814s] writing dependency_links to ../../../build/moveit_configs_utils/moveit_configs_utils.egg-info/dependency_links.txt
[1.814s] writing entry points to ../../../build/moveit_configs_utils/moveit_configs_utils.egg-info/entry_points.txt
[1.814s] writing requirements to ../../../build/moveit_configs_utils/moveit_configs_utils.egg-info/requires.txt
[1.814s] writing top-level names to ../../../build/moveit_configs_utils/moveit_configs_utils.egg-info/top_level.txt
[1.817s] reading manifest file '../../../build/moveit_configs_utils/moveit_configs_utils.egg-info/SOURCES.txt'
[1.818s] writing manifest file '../../../build/moveit_configs_utils/moveit_configs_utils.egg-info/SOURCES.txt'
[1.819s] running build
[1.819s] running build_py
[1.820s] running install
[1.820s] running install_lib
[1.822s] running install_data
[1.822s] running install_egg_info
[1.824s] removing '/home/buhrmann/ws_moveit/install/moveit_configs_utils/lib/python3.10/site-packages/moveit_configs_utils-2.11.0-py3.10.egg-info' (and everything under it)
[1.825s] Copying ../../../build/moveit_configs_utils/moveit_configs_utils.egg-info to /home/buhrmann/ws_moveit/install/moveit_configs_utils/lib/python3.10/site-packages/moveit_configs_utils-2.11.0-py3.10.egg-info
[1.826s] running install_scripts
[1.863s] writing list of installed files to '/home/buhrmann/ws_moveit/build/moveit_configs_utils/install.log'
[2.246s] Invoked command in '/home/buhrmann/ws_moveit/src/moveit2/moveit_configs_utils' returned '0': PYTHONPATH=/home/buhrmann/ws_moveit/build/moveit_configs_utils/prefix_override:/usr/lib/python3/dist-packages/colcon_core/task/python/colcon_distutils_commands:/home/buhrmann/ws_moveit/install/moveit_configs_utils/lib/python3.10/site-packages:${PYTHONPATH} /usr/bin/python3 -W ignore:setup.py install is deprecated -W ignore:easy_install command is deprecated setup.py egg_info --egg-base ../../../build/moveit_configs_utils build --build-base /home/buhrmann/ws_moveit/build/moveit_configs_utils/build install --record /home/buhrmann/ws_moveit/build/moveit_configs_utils/install.log --single-version-externally-managed install_data
