[0.009s] Invoking command in '/home/buhrmann/ws_moveit/build/point_cloud_circle_detector': CMAKE_PREFIX_PATH=${CMAKE_PREFIX_PATH}:/home/buhrmann/ws_moveit/install/moveit_configs_utils:/opt/ros/iron /usr/bin/cmake --build /home/buhrmann/ws_moveit/build/point_cloud_circle_detector -- -j28 -l28
[0.051s] [35m[1mConsolidate compiler generated dependencies of target point_cloud_plantpot_edge_pfh_detector[0m
[0.064s] [ 16%] Built target point_cloud_circle_detector
[0.067s] [ 33%] Built target point_cloud_cylinder_detector
[0.067s] [ 50%] Built target point_cloud_plantpot_pfh_detector
[0.067s] [ 58%] [32mBuilding CXX object CMakeFiles/point_cloud_plantpot_edge_pfh_detector.dir/src/point_cloud_plantpot_edge_pfh_detector.cpp.o[0m
[0.068s] [ 75%] Built target point_cloud_plantpot_detector
[0.068s] [ 91%] Built target point_cloud_plantpot_ppf_detector
[2.658s] [100%] [32m[1mLinking CXX executable point_cloud_plantpot_edge_pfh_detector[0m
[3.075s] [100%] Built target point_cloud_plantpot_edge_pfh_detector
[3.085s] Invoked command in '/home/buhrmann/ws_moveit/build/point_cloud_circle_detector' returned '0': CMAKE_PREFIX_PATH=${CMAKE_PREFIX_PATH}:/home/buhrmann/ws_moveit/install/moveit_configs_utils:/opt/ros/iron /usr/bin/cmake --build /home/buhrmann/ws_moveit/build/point_cloud_circle_detector -- -j28 -l28
[3.097s] Invoking command in '/home/buhrmann/ws_moveit/build/point_cloud_circle_detector': CMAKE_PREFIX_PATH=${CMAKE_PREFIX_PATH}:/home/buhrmann/ws_moveit/install/moveit_configs_utils:/opt/ros/iron /usr/bin/cmake --install /home/buhrmann/ws_moveit/build/point_cloud_circle_detector
[3.105s] -- Install configuration: ""
[3.105s] -- Up-to-date: /home/buhrmann/ws_moveit/install/point_cloud_circle_detector/lib/point_cloud_circle_detector/point_cloud_plantpot_ppf_detector
[3.105s] -- Up-to-date: /home/buhrmann/ws_moveit/install/point_cloud_circle_detector/lib/point_cloud_circle_detector/point_cloud_plantpot_pfh_detector
[3.106s] -- Installing: /home/buhrmann/ws_moveit/install/point_cloud_circle_detector/lib/point_cloud_circle_detector/point_cloud_plantpot_edge_pfh_detector
[3.106s] -- Set runtime path of "/home/buhrmann/ws_moveit/install/point_cloud_circle_detector/lib/point_cloud_circle_detector/point_cloud_plantpot_edge_pfh_detector" to ""
[3.106s] -- Up-to-date: /home/buhrmann/ws_moveit/install/point_cloud_circle_detector/share/point_cloud_circle_detector/pcd
[3.106s] -- Installing: /home/buhrmann/ws_moveit/install/point_cloud_circle_detector/share/point_cloud_circle_detector/package.dsv
[3.107s] Invoked command in '/home/buhrmann/ws_moveit/build/point_cloud_circle_detector' returned '0': CMAKE_PREFIX_PATH=${CMAKE_PREFIX_PATH}:/home/buhrmann/ws_moveit/install/moveit_configs_utils:/opt/ros/iron /usr/bin/cmake --install /home/buhrmann/ws_moveit/build/point_cloud_circle_detector
