[0.150s] Invoking command in '/home/buhrmann/ws_moveit/build/robotiq_controllers': CMAKE_PREFIX_PATH=${CMAKE_PREFIX_PATH}:/home/buhrmann/ws_moveit/install/moveit_configs_utils:/opt/ros/iron /usr/bin/cmake --build /home/buhrmann/ws_moveit/build/robotiq_controllers -- -j28 -l28
[0.169s] -- Found ament_cmake: 2.0.6 (/opt/ros/iron/share/ament_cmake/cmake)
[0.257s] -- Found controller_interface: 3.28.1 (/opt/ros/iron/share/controller_interface/cmake)
[0.271s] -- Found rosidl_generator_c: 4.0.1 (/opt/ros/iron/share/rosidl_generator_c/cmake)
[0.275s] -- Found rosidl_generator_cpp: 4.0.1 (/opt/ros/iron/share/rosidl_generator_cpp/cmake)
[0.285s] -- Using all available rosidl_typesupport_c: rosidl_typesupport_fastrtps_c;rosidl_typesupport_introspection_c
[0.300s] -- Using all available rosidl_typesupport_cpp: rosidl_typesupport_fastrtps_cpp;rosidl_typesupport_introspection_cpp
[0.704s] -- Found rmw_implementation_cmake: 7.1.0 (/opt/ros/iron/share/rmw_implementation_cmake/cmake)
[0.706s] -- Found rmw_fastrtps_cpp: 7.1.4 (/opt/ros/iron/share/rmw_fastrtps_cpp/cmake)
[0.725s] -- Found TinyXML2 via Config file: TinyXML2_DIR-NOTFOUND
[0.731s] -- Found TinyXML2 via Config file: TinyXML2_DIR-NOTFOUND
[0.748s] -- Found TinyXML2 via Config file: TinyXML2_DIR-NOTFOUND
[0.754s] -- Found TinyXML2 via Config file: TinyXML2_DIR-NOTFOUND
[0.765s] -- Using RMW implementation 'rmw_fastrtps_cpp' as default
[0.885s] -- Found std_srvs: 5.0.1 (/opt/ros/iron/share/std_srvs/cmake)
[0.913s] -- Found ament_lint_auto: 0.14.4 (/opt/ros/iron/share/ament_lint_auto/cmake)
[0.956s] -- Configuring done
[0.963s] -- Generating done
[0.964s] -- Build files have been written to: /home/buhrmann/ws_moveit/build/robotiq_controllers
[0.986s] [35m[1mConsolidate compiler generated dependencies of target robotiq_controllers[0m
[1.000s] [100%] Built target robotiq_controllers
[1.007s] Invoked command in '/home/buhrmann/ws_moveit/build/robotiq_controllers' returned '0': CMAKE_PREFIX_PATH=${CMAKE_PREFIX_PATH}:/home/buhrmann/ws_moveit/install/moveit_configs_utils:/opt/ros/iron /usr/bin/cmake --build /home/buhrmann/ws_moveit/build/robotiq_controllers -- -j28 -l28
[1.036s] Invoking command in '/home/buhrmann/ws_moveit/build/robotiq_controllers': CMAKE_PREFIX_PATH=${CMAKE_PREFIX_PATH}:/home/buhrmann/ws_moveit/install/moveit_configs_utils:/opt/ros/iron /usr/bin/cmake --install /home/buhrmann/ws_moveit/build/robotiq_controllers
[1.042s] -- Install configuration: ""
[1.042s] -- Up-to-date: /home/buhrmann/ws_moveit/install/robotiq_controllers/share/robotiq_controllers/controller_plugins.xml
[1.042s] -- Up-to-date: /home/buhrmann/ws_moveit/install/robotiq_controllers/lib/librobotiq_controllers.so
[1.042s] -- Up-to-date: /home/buhrmann/ws_moveit/install/robotiq_controllers/include
[1.042s] -- Up-to-date: /home/buhrmann/ws_moveit/install/robotiq_controllers/include/robotiq_controllers
[1.042s] -- Up-to-date: /home/buhrmann/ws_moveit/install/robotiq_controllers/include/robotiq_controllers/robotiq_activation_controller.hpp
[1.043s] -- Up-to-date: /home/buhrmann/ws_moveit/install/robotiq_controllers/share/robotiq_controllers/environment/library_path.sh
[1.043s] -- Up-to-date: /home/buhrmann/ws_moveit/install/robotiq_controllers/share/robotiq_controllers/environment/library_path.dsv
[1.043s] -- Up-to-date: /home/buhrmann/ws_moveit/install/robotiq_controllers/share/ament_index/resource_index/package_run_dependencies/robotiq_controllers
[1.043s] -- Installing: /home/buhrmann/ws_moveit/install/robotiq_controllers/share/ament_index/resource_index/parent_prefix_path/robotiq_controllers
[1.043s] -- Up-to-date: /home/buhrmann/ws_moveit/install/robotiq_controllers/share/robotiq_controllers/environment/ament_prefix_path.sh
[1.043s] -- Up-to-date: /home/buhrmann/ws_moveit/install/robotiq_controllers/share/robotiq_controllers/environment/ament_prefix_path.dsv
[1.043s] -- Up-to-date: /home/buhrmann/ws_moveit/install/robotiq_controllers/share/robotiq_controllers/environment/path.sh
[1.043s] -- Up-to-date: /home/buhrmann/ws_moveit/install/robotiq_controllers/share/robotiq_controllers/environment/path.dsv
[1.043s] -- Up-to-date: /home/buhrmann/ws_moveit/install/robotiq_controllers/share/robotiq_controllers/local_setup.bash
[1.043s] -- Up-to-date: /home/buhrmann/ws_moveit/install/robotiq_controllers/share/robotiq_controllers/local_setup.sh
[1.043s] -- Up-to-date: /home/buhrmann/ws_moveit/install/robotiq_controllers/share/robotiq_controllers/local_setup.zsh
[1.043s] -- Up-to-date: /home/buhrmann/ws_moveit/install/robotiq_controllers/share/robotiq_controllers/local_setup.dsv
[1.043s] -- Installing: /home/buhrmann/ws_moveit/install/robotiq_controllers/share/robotiq_controllers/package.dsv
[1.043s] -- Up-to-date: /home/buhrmann/ws_moveit/install/robotiq_controllers/share/ament_index/resource_index/packages/robotiq_controllers
[1.043s] -- Up-to-date: /home/buhrmann/ws_moveit/install/robotiq_controllers/share/ament_index/resource_index/controller_interface__pluginlib__plugin/robotiq_controllers
[1.043s] -- Up-to-date: /home/buhrmann/ws_moveit/install/robotiq_controllers/share/robotiq_controllers/cmake/export_robotiq_controllersExport.cmake
[1.043s] -- Up-to-date: /home/buhrmann/ws_moveit/install/robotiq_controllers/share/robotiq_controllers/cmake/export_robotiq_controllersExport-noconfig.cmake
[1.043s] -- Up-to-date: /home/buhrmann/ws_moveit/install/robotiq_controllers/share/robotiq_controllers/cmake/ament_cmake_export_include_directories-extras.cmake
[1.044s] -- Up-to-date: /home/buhrmann/ws_moveit/install/robotiq_controllers/share/robotiq_controllers/cmake/ament_cmake_export_libraries-extras.cmake
[1.044s] -- Up-to-date: /home/buhrmann/ws_moveit/install/robotiq_controllers/share/robotiq_controllers/cmake/ament_cmake_export_targets-extras.cmake
[1.044s] -- Up-to-date: /home/buhrmann/ws_moveit/install/robotiq_controllers/share/robotiq_controllers/cmake/ament_cmake_export_dependencies-extras.cmake
[1.044s] -- Up-to-date: /home/buhrmann/ws_moveit/install/robotiq_controllers/share/robotiq_controllers/cmake/robotiq_controllersConfig.cmake
[1.044s] -- Up-to-date: /home/buhrmann/ws_moveit/install/robotiq_controllers/share/robotiq_controllers/cmake/robotiq_controllersConfig-version.cmake
[1.044s] -- Up-to-date: /home/buhrmann/ws_moveit/install/robotiq_controllers/share/robotiq_controllers/package.xml
[1.045s] Invoked command in '/home/buhrmann/ws_moveit/build/robotiq_controllers' returned '0': CMAKE_PREFIX_PATH=${CMAKE_PREFIX_PATH}:/home/buhrmann/ws_moveit/install/moveit_configs_utils:/opt/ros/iron /usr/bin/cmake --install /home/buhrmann/ws_moveit/build/robotiq_controllers
