[0.018s] Invoking command in '/home/buhrmann/ws_moveit/build/point_cloud_circle_detector': CMAKE_PREFIX_PATH=${CMAKE_PREFIX_PATH}:/home/buhrmann/ws_moveit/install/ros2_azure_bridge:/home/buhrmann/ws_moveit/install/moveit_configs_utils:/opt/ros/iron /usr/bin/cmake --build /home/buhrmann/ws_moveit/build/point_cloud_circle_detector -- -j28 -l28
[0.113s] [35m[1mConsolidate compiler generated dependencies of target plantplot_placement[0m
[0.129s] [  6%] Built target point_cloud_circle_detector
[0.131s] [ 13%] Built target point_cloud_plantpot_detector
[0.131s] [ 20%] Built target point_cloud_plantpot_edge_pfh_detector
[0.137s] [ 26%] Built target point_cloud_plantpot_ppf_detector
[0.150s] [ 33%] Built target point_cloud_cylinder_detector
[0.151s] [ 46%] Built target cup_segmentation_color
[0.151s] [ 46%] Built target point_cloud_plantpot_pfh_detector
[0.156s] [ 53%] Built target hsv_color_filter
[0.159s] [ 60%] Built target image_based_hsv_color_filter
[0.160s] [ 66%] Built target cup_pointcloud_segmentation_color
[0.160s] [ 73%] Built target rgb_edge_filter
[0.164s] [ 76%] [32mBuilding CXX object CMakeFiles/plantplot_placement.dir/src/plantplot_placement.cpp.o[0m
[0.164s] [ 83%] Built target point_cloud_plantpot_rgb_edge_pfh_detector
[0.167s] [ 90%] Built target plantplot_icp_conversion
[0.174s] [ 96%] Built target plantplot_ransac_conversion
[10.215s] [01m[K/home/buhrmann/ws_moveit/src/point_cloud_circle_detector/src/plantplot_placement.cpp:[m[K In member function ‘[01m[Kvoid PointCloudCustomObjectMatcher::listener_callback(sensor_msgs::msg::PointCloud2_<std::allocator<void> >::SharedPtr)[m[K’:
[10.215s] [01m[K/home/buhrmann/ws_moveit/src/point_cloud_circle_detector/src/plantplot_placement.cpp:217:39:[m[K [01;31m[Kerror: [m[K‘[01m[Krpy_to_quaternion[m[K’ was not declared in this scope
[10.215s]   217 |             object_pose.orientation = [01;31m[Krpy_to_quaternion[m[K(roll, pitch, yaw);
[10.215s]       |                                       [01;31m[K^~~~~~~~~~~~~~~~~[m[K
[10.273s] [01m[K/home/buhrmann/ws_moveit/src/point_cloud_circle_detector/src/plantplot_placement.cpp:221:64:[m[K [01;31m[Kerror: [m[K‘[01m[KcreateMeshObject[m[K’ was not declared in this scope
[10.273s]   221 |             moveit_msgs::msg::CollisionObject sensor_station = [01;31m[KcreateMeshObject[m[K("Sensor_Station", stl_path, object_pose);
[10.273s]       |                                                                [01;31m[K^~~~~~~~~~~~~~~~[m[K
[17.326s] gmake[2]: *** [CMakeFiles/plantplot_placement.dir/build.make:76: CMakeFiles/plantplot_placement.dir/src/plantplot_placement.cpp.o] Error 1
[17.326s] gmake[1]: *** [CMakeFiles/Makefile2:529: CMakeFiles/plantplot_placement.dir/all] Error 2
[17.326s] gmake: *** [Makefile:146: all] Error 2
[17.329s] Invoked command in '/home/buhrmann/ws_moveit/build/point_cloud_circle_detector' returned '2': CMAKE_PREFIX_PATH=${CMAKE_PREFIX_PATH}:/home/buhrmann/ws_moveit/install/ros2_azure_bridge:/home/buhrmann/ws_moveit/install/moveit_configs_utils:/opt/ros/iron /usr/bin/cmake --build /home/buhrmann/ws_moveit/build/point_cloud_circle_detector -- -j28 -l28
