[0.386s] Invoking command in '/home/buhrmann/ws_moveit/build/point_cloud_circle_detector': CMAKE_PREFIX_PATH=${CMAKE_PREFIX_PATH}:/home/buhrmann/ws_moveit/install/ros2_azure_bridge:/home/buhrmann/ws_moveit/install/moveit_configs_utils:/opt/ros/iron /usr/bin/cmake --build /home/buhrmann/ws_moveit/build/point_cloud_circle_detector -- -j28 -l28
[0.484s] [35m[1mConsolidate compiler generated dependencies of target cup_pointcloud_segmentation_color[0m
[0.503s] [ 10%] Built target point_cloud_plantpot_detector
[0.504s] [ 20%] Built target point_cloud_circle_detector
[0.514s] [ 40%] Built target point_cloud_plantpot_pfh_detector
[0.514s] [ 40%] Built target cup_segmentation_color
[0.516s] [ 50%] Built target point_cloud_plantpot_edge_pfh_detector
[0.517s] [ 60%] Built target point_cloud_plantpot_rgb_edge_pfh_detector
[0.521s] [ 70%] Built target point_cloud_cylinder_detector
[0.522s] [ 80%] Built target point_cloud_plantpot_ppf_detector
[0.524s] [ 90%] Built target rgb_edge_filter
[0.525s] [ 95%] [32mBuilding CXX object CMakeFiles/cup_pointcloud_segmentation_color.dir/src/cup_pointcloud_segmentation_and_coloring.cpp.o[0m
[7.571s] [01m[K/home/buhrmann/ws_moveit/src/point_cloud_circle_detector/src/cup_pointcloud_segmentation_and_coloring.cpp:[m[K In constructor ‘[01m[KPointCloudGenerator::PointCloudGenerator()[m[K’:
[7.571s] [01m[K/home/buhrmann/ws_moveit/src/point_cloud_circle_detector/src/cup_pointcloud_segmentation_and_coloring.cpp:40:9:[m[K [01;31m[Kerror: [m[Kexpected ‘[01m[K)[m[K’ before ‘[01m[Kcv_bridge[m[K’
[7.571s]    40 |         [01;31m[Kcv_bridge[m[K::CvImagePtr rgb_cv_ptr;
[7.571s]       |         [01;31m[K^~~~~~~~~[m[K
[7.571s] [01m[K/home/buhrmann/ws_moveit/src/point_cloud_circle_detector/src/cup_pointcloud_segmentation_and_coloring.cpp:38:74:[m[K [01;36m[Knote: [m[Kto match this ‘[01m[K([m[K’
[7.571s]    38 |         pointcloud_pub_ = create_publisher<sensor_msgs::msg::PointCloud2>[01;36m[K([m[K
[7.571s]       |                                                                          [01;36m[K^[m[K
[7.571s] [01m[K/home/buhrmann/ws_moveit/src/point_cloud_circle_detector/src/cup_pointcloud_segmentation_and_coloring.cpp:41:9:[m[K [01;31m[Kerror: [m[Kexpected primary-expression before ‘[01m[K)[m[K’ token
[7.571s]    41 |         [01;31m[K)[m[K;
[7.572s]       |         [01;31m[K^[m[K
[7.585s] In file included from [01m[K/opt/ros/iron/include/rclcpp/rclcpp/logging.hpp:24[m[K,
[7.585s]                  from [01m[K/opt/ros/iron/include/rclcpp/rclcpp/client.hpp:43[m[K,
[7.585s]                  from [01m[K/opt/ros/iron/include/rclcpp/rclcpp/callback_group.hpp:24[m[K,
[7.585s]                  from [01m[K/opt/ros/iron/include/rclcpp/rclcpp/any_executable.hpp:20[m[K,
[7.586s]                  from [01m[K/opt/ros/iron/include/rclcpp/rclcpp/memory_strategy.hpp:25[m[K,
[7.586s]                  from [01m[K/opt/ros/iron/include/rclcpp/rclcpp/memory_strategies.hpp:18[m[K,
[7.586s]                  from [01m[K/opt/ros/iron/include/rclcpp/rclcpp/executor_options.hpp:20[m[K,
[7.586s]                  from [01m[K/opt/ros/iron/include/rclcpp/rclcpp/executor.hpp:37[m[K,
[7.586s]                  from [01m[K/opt/ros/iron/include/rclcpp/rclcpp/executors/multi_threaded_executor.hpp:25[m[K,
[7.586s]                  from [01m[K/opt/ros/iron/include/rclcpp/rclcpp/executors.hpp:21[m[K,
[7.586s]                  from [01m[K/opt/ros/iron/include/rclcpp/rclcpp/rclcpp.hpp:167[m[K,
[7.586s]                  from [01m[K/home/buhrmann/ws_moveit/src/point_cloud_circle_detector/src/cup_pointcloud_segmentation_and_coloring.cpp:1[m[K:
[7.586s] [01m[K/home/buhrmann/ws_moveit/src/point_cloud_circle_detector/src/cup_pointcloud_segmentation_and_coloring.cpp:[m[K In member function ‘[01m[Kvoid PointCloudGenerator::pointCloudCallback(std_msgs::msg::Float32MultiArray_<std::allocator<void> >::SharedPtr)[m[K’:
[7.586s] [01m[K/home/buhrmann/ws_moveit/src/point_cloud_circle_detector/src/cup_pointcloud_segmentation_and_coloring.cpp:95:36:[m[K [01;35m[Kwarning: [m[Kformat ‘[01m[K%s[m[K’ expects argument of type ‘[01m[Kchar*[m[K’, but argument 5 has type ‘[01m[Kstd_msgs::msg::Float32MultiArray_<std::allocator<void> >::_data_type[m[K’ {aka ‘[01m[Kstd::vector<float>[m[K’} [[01;35m[K]8;;https://gcc.gnu.org/onlinedocs/gcc/Warning-Options.html#index-Wformat=-Wformat=]8;;[m[K]
[7.586s]    95 |         RCLCPP_ERROR(get_logger(), [01;35m[K"CV Bridge exception: %s"[m[K, cup_msg->data);
[7.586s]       |                                    [01;35m[K^~~~~~~~~~~~~~~~~~~~~~~~~[m[K
[7.586s] [01m[K/home/buhrmann/ws_moveit/src/point_cloud_circle_detector/src/cup_pointcloud_segmentation_and_coloring.cpp:95:59:[m[K [01;36m[Knote: [m[Kformat string is defined here
[7.586s]    95 |         RCLCPP_ERROR(get_logger(), "CV Bridge exception: [01;36m[K%s[m[K", cup_msg->data);
[7.586s]       |                                                          [01;36m[K~^[m[K
[7.586s]       |                                                           [01;36m[K|[m[K
[7.587s]       |                                                           [01;36m[Kchar*[m[K
[11.679s] gmake[2]: *** [CMakeFiles/cup_pointcloud_segmentation_color.dir/build.make:76: CMakeFiles/cup_pointcloud_segmentation_color.dir/src/cup_pointcloud_segmentation_and_coloring.cpp.o] Error 1
[11.679s] gmake[1]: *** [CMakeFiles/Makefile2:389: CMakeFiles/cup_pointcloud_segmentation_color.dir/all] Error 2
[11.679s] gmake: *** [Makefile:146: all] Error 2
[11.681s] Invoked command in '/home/buhrmann/ws_moveit/build/point_cloud_circle_detector' returned '2': CMAKE_PREFIX_PATH=${CMAKE_PREFIX_PATH}:/home/buhrmann/ws_moveit/install/ros2_azure_bridge:/home/buhrmann/ws_moveit/install/moveit_configs_utils:/opt/ros/iron /usr/bin/cmake --build /home/buhrmann/ws_moveit/build/point_cloud_circle_detector -- -j28 -l28
