[0.019s] Invoking command in '/home/buhrmann/ws_moveit/build/kortex_description': CMAKE_PREFIX_PATH=/home/buhrmann/ws_moveit/install/robotiq_description:/home/buhrmann/ws_moveit/install/ur5_moveit_test:/home/buhrmann/ws_moveit/install/ur5_camera_moveit_config2:/home/buhrmann/ws_moveit/install/ur5_camera_moveit_config:/home/buhrmann/ws_moveit/install/ur5_description_controller:/home/buhrmann/ws_moveit/install/ur3_camera_moveit_config:/home/buhrmann/ws_moveit/install/ur3_description_controller:/home/buhrmann/ws_moveit/install/robotiq_hardware_tests:/home/buhrmann/ws_moveit/install/robotiq_driver:/home/buhrmann/ws_moveit/install/serial:/home/buhrmann/ws_moveit/install/moveit2_tutorials:/home/buhrmann/ws_moveit/install/moveit_visual_tools:/home/buhrmann/ws_moveit/install/rviz_visual_tools:/home/buhrmann/ws_moveit/install/moveit_task_constructor_visualization:/home/buhrmann/ws_moveit/install/moveit_task_constructor_demo:/home/buhrmann/ws_moveit/install/moveit_task_constructor_capabilities:/home/buhrmann/ws_moveit/install/moveit_task_constructor_core:/home/buhrmann/ws_moveit/install/rviz_marker_tools:/home/buhrmann/ws_moveit/install/picknik_accessories:/home/buhrmann/ws_moveit/install/kortex_bringup:/home/buhrmann/ws_moveit/install/kinova_gen3_lite_moveit_config:/home/buhrmann/ws_moveit/install/kinova_gen3_7dof_robotiq_2f_85_moveit_config:/home/buhrmann/ws_moveit/install/kinova_gen3_6dof_robotiq_2f_85_moveit_config:/home/buhrmann/ws_moveit/install/kortex_description:/home/buhrmann/ws_moveit/install/robotiq_controllers:/home/buhrmann/ws_moveit/install/ppf_test_pkg:/home/buhrmann/ws_moveit/install/point_cloud_circle_detector:/home/buhrmann/ws_moveit/install/pilz_industrial_motion_planner_testutils:/home/buhrmann/ws_moveit/install/moveit_runtime:/home/buhrmann/ws_moveit/install/moveit:/home/buhrmann/ws_moveit/install/moveit_planners:/home/buhrmann/ws_moveit/install/pilz_industrial_motion_planner:/home/buhrmann/ws_moveit/install/pick_ik:/home/buhrmann/ws_moveit/install/object_detection_pcl:/home/buhrmann/ws_moveit/install/object_detection:/home/buhrmann/ws_moveit/install/object_creation:/home/buhrmann/ws_moveit/install/moveit_task_constructor_msgs:/home/buhrmann/ws_moveit/install/moveit_ros_control_interface:/home/buhrmann/ws_moveit/install/moveit_plugins:/home/buhrmann/ws_moveit/install/moveit_simple_controller_manager:/home/buhrmann/ws_moveit/install/moveit_setup_assistant:/home/buhrmann/ws_moveit/install/moveit_setup_srdf_plugins:/home/buhrmann/ws_moveit/install/moveit_setup_core_plugins:/home/buhrmann/ws_moveit/install/moveit_setup_controllers:/home/buhrmann/ws_moveit/install/moveit_setup_app_plugins:/home/buhrmann/ws_moveit/install/moveit_setup_framework:/home/buhrmann/ws_moveit/install/moveit_servo:/home/buhrmann/ws_moveit/install/moveit_ros_trajectory_cache:/home/buhrmann/ws_moveit/install/moveit_ros:/home/buhrmann/ws_moveit/install/moveit_ros_visualization:/home/buhrmann/ws_moveit/install/moveit_py:/home/buhrmann/ws_moveit/install/moveit_hybrid_planning:/home/buhrmann/ws_moveit/install/edit_planning_scene:/home/buhrmann/ws_moveit/install/moveit_ros_planning_interface:/home/buhrmann/ws_moveit/install/moveit_ros_benchmarks:/home/buhrmann/ws_moveit/install/moveit_ros_warehouse:/home/buhrmann/ws_moveit/install/moveit_ros_robot_interaction:/home/buhrmann/ws_moveit/install/moveit_ros_perception:/home/buhrmann/ws_moveit/install/moveit_resources_prbt_pg70_support:/home/buhrmann/ws_moveit/install/moveit_resources_prbt_moveit_config:/home/buhrmann/ws_moveit/install/moveit_ros_move_group:/home/buhrmann/ws_moveit/install/moveit_planners_ompl:/home/buhrmann/ws_moveit/install/moveit_kinematics:/home/buhrmann/ws_moveit/install/moveit_ros_planning:/home/buhrmann/ws_moveit/install/moveit_ros_occupancy_map_monitor:/home/buhrmann/ws_moveit/install/moveit_resources_prbt_support:/home/buhrmann/ws_moveit/install/moveit_resources_prbt_ikfast_manipulator_plugin:/home/buhrmann/ws_moveit/install/moveit_resources:/home/buhrmann/ws_moveit/install/moveit_resources_pr2_description:/home/buhrmann/ws_moveit/install/moveit_resources_panda_moveit_config:/home/buhrmann/ws_moveit/install/dual_arm_panda_moveit_config:/home/buhrmann/ws_moveit/install/moveit_resources_panda_description:/home/buhrmann/ws_moveit/install/moveit_resources_fanuc_moveit_config:/home/buhrmann/ws_moveit/install/moveit_resources_fanuc_description:/home/buhrmann/ws_moveit/install/moveit_planners_stomp:/home/buhrmann/ws_moveit/install/moveit_planners_chomp:/home/buhrmann/ws_moveit/install/chomp_motion_planner:/home/buhrmann/ws_moveit/install/moveit_core:/home/buhrmann/ws_moveit/install/moveit_msgs:/home/buhrmann/ws_moveit/install/moveit_common:/home/buhrmann/ws_moveit/install/kortex_driver:/home/buhrmann/ws_moveit/install/kortex_api:/home/buhrmann/ws_moveit/install/moveit_configs_utils:/opt/ros/iron /usr/bin/cmake --build /home/buhrmann/ws_moveit/build/kortex_description -- -j28 -l28
[0.073s] Invoked command in '/home/buhrmann/ws_moveit/build/kortex_description' returned '0': CMAKE_PREFIX_PATH=/home/buhrmann/ws_moveit/install/robotiq_description:/home/buhrmann/ws_moveit/install/ur5_moveit_test:/home/buhrmann/ws_moveit/install/ur5_camera_moveit_config2:/home/buhrmann/ws_moveit/install/ur5_camera_moveit_config:/home/buhrmann/ws_moveit/install/ur5_description_controller:/home/buhrmann/ws_moveit/install/ur3_camera_moveit_config:/home/buhrmann/ws_moveit/install/ur3_description_controller:/home/buhrmann/ws_moveit/install/robotiq_hardware_tests:/home/buhrmann/ws_moveit/install/robotiq_driver:/home/buhrmann/ws_moveit/install/serial:/home/buhrmann/ws_moveit/install/moveit2_tutorials:/home/buhrmann/ws_moveit/install/moveit_visual_tools:/home/buhrmann/ws_moveit/install/rviz_visual_tools:/home/buhrmann/ws_moveit/install/moveit_task_constructor_visualization:/home/buhrmann/ws_moveit/install/moveit_task_constructor_demo:/home/buhrmann/ws_moveit/install/moveit_task_constructor_capabilities:/home/buhrmann/ws_moveit/install/moveit_task_constructor_core:/home/buhrmann/ws_moveit/install/rviz_marker_tools:/home/buhrmann/ws_moveit/install/picknik_accessories:/home/buhrmann/ws_moveit/install/kortex_bringup:/home/buhrmann/ws_moveit/install/kinova_gen3_lite_moveit_config:/home/buhrmann/ws_moveit/install/kinova_gen3_7dof_robotiq_2f_85_moveit_config:/home/buhrmann/ws_moveit/install/kinova_gen3_6dof_robotiq_2f_85_moveit_config:/home/buhrmann/ws_moveit/install/kortex_description:/home/buhrmann/ws_moveit/install/robotiq_controllers:/home/buhrmann/ws_moveit/install/ppf_test_pkg:/home/buhrmann/ws_moveit/install/point_cloud_circle_detector:/home/buhrmann/ws_moveit/install/pilz_industrial_motion_planner_testutils:/home/buhrmann/ws_moveit/install/moveit_runtime:/home/buhrmann/ws_moveit/install/moveit:/home/buhrmann/ws_moveit/install/moveit_planners:/home/buhrmann/ws_moveit/install/pilz_industrial_motion_planner:/home/buhrmann/ws_moveit/install/pick_ik:/home/buhrmann/ws_moveit/install/object_detection_pcl:/home/buhrmann/ws_moveit/install/object_detection:/home/buhrmann/ws_moveit/install/object_creation:/home/buhrmann/ws_moveit/install/moveit_task_constructor_msgs:/home/buhrmann/ws_moveit/install/moveit_ros_control_interface:/home/buhrmann/ws_moveit/install/moveit_plugins:/home/buhrmann/ws_moveit/install/moveit_simple_controller_manager:/home/buhrmann/ws_moveit/install/moveit_setup_assistant:/home/buhrmann/ws_moveit/install/moveit_setup_srdf_plugins:/home/buhrmann/ws_moveit/install/moveit_setup_core_plugins:/home/buhrmann/ws_moveit/install/moveit_setup_controllers:/home/buhrmann/ws_moveit/install/moveit_setup_app_plugins:/home/buhrmann/ws_moveit/install/moveit_setup_framework:/home/buhrmann/ws_moveit/install/moveit_servo:/home/buhrmann/ws_moveit/install/moveit_ros_trajectory_cache:/home/buhrmann/ws_moveit/install/moveit_ros:/home/buhrmann/ws_moveit/install/moveit_ros_visualization:/home/buhrmann/ws_moveit/install/moveit_py:/home/buhrmann/ws_moveit/install/moveit_hybrid_planning:/home/buhrmann/ws_moveit/install/edit_planning_scene:/home/buhrmann/ws_moveit/install/moveit_ros_planning_interface:/home/buhrmann/ws_moveit/install/moveit_ros_benchmarks:/home/buhrmann/ws_moveit/install/moveit_ros_warehouse:/home/buhrmann/ws_moveit/install/moveit_ros_robot_interaction:/home/buhrmann/ws_moveit/install/moveit_ros_perception:/home/buhrmann/ws_moveit/install/moveit_resources_prbt_pg70_support:/home/buhrmann/ws_moveit/install/moveit_resources_prbt_moveit_config:/home/buhrmann/ws_moveit/install/moveit_ros_move_group:/home/buhrmann/ws_moveit/install/moveit_planners_ompl:/home/buhrmann/ws_moveit/install/moveit_kinematics:/home/buhrmann/ws_moveit/install/moveit_ros_planning:/home/buhrmann/ws_moveit/install/moveit_ros_occupancy_map_monitor:/home/buhrmann/ws_moveit/install/moveit_resources_prbt_support:/home/buhrmann/ws_moveit/install/moveit_resources_prbt_ikfast_manipulator_plugin:/home/buhrmann/ws_moveit/install/moveit_resources:/home/buhrmann/ws_moveit/install/moveit_resources_pr2_description:/home/buhrmann/ws_moveit/install/moveit_resources_panda_moveit_config:/home/buhrmann/ws_moveit/install/dual_arm_panda_moveit_config:/home/buhrmann/ws_moveit/install/moveit_resources_panda_description:/home/buhrmann/ws_moveit/install/moveit_resources_fanuc_moveit_config:/home/buhrmann/ws_moveit/install/moveit_resources_fanuc_description:/home/buhrmann/ws_moveit/install/moveit_planners_stomp:/home/buhrmann/ws_moveit/install/moveit_planners_chomp:/home/buhrmann/ws_moveit/install/chomp_motion_planner:/home/buhrmann/ws_moveit/install/moveit_core:/home/buhrmann/ws_moveit/install/moveit_msgs:/home/buhrmann/ws_moveit/install/moveit_common:/home/buhrmann/ws_moveit/install/kortex_driver:/home/buhrmann/ws_moveit/install/kortex_api:/home/buhrmann/ws_moveit/install/moveit_configs_utils:/opt/ros/iron /usr/bin/cmake --build /home/buhrmann/ws_moveit/build/kortex_description -- -j28 -l28
[0.074s] Invoking command in '/home/buhrmann/ws_moveit/build/kortex_description': CMAKE_PREFIX_PATH=/home/buhrmann/ws_moveit/install/robotiq_description:/home/buhrmann/ws_moveit/install/ur5_moveit_test:/home/buhrmann/ws_moveit/install/ur5_camera_moveit_config2:/home/buhrmann/ws_moveit/install/ur5_camera_moveit_config:/home/buhrmann/ws_moveit/install/ur5_description_controller:/home/buhrmann/ws_moveit/install/ur3_camera_moveit_config:/home/buhrmann/ws_moveit/install/ur3_description_controller:/home/buhrmann/ws_moveit/install/robotiq_hardware_tests:/home/buhrmann/ws_moveit/install/robotiq_driver:/home/buhrmann/ws_moveit/install/serial:/home/buhrmann/ws_moveit/install/moveit2_tutorials:/home/buhrmann/ws_moveit/install/moveit_visual_tools:/home/buhrmann/ws_moveit/install/rviz_visual_tools:/home/buhrmann/ws_moveit/install/moveit_task_constructor_visualization:/home/buhrmann/ws_moveit/install/moveit_task_constructor_demo:/home/buhrmann/ws_moveit/install/moveit_task_constructor_capabilities:/home/buhrmann/ws_moveit/install/moveit_task_constructor_core:/home/buhrmann/ws_moveit/install/rviz_marker_tools:/home/buhrmann/ws_moveit/install/picknik_accessories:/home/buhrmann/ws_moveit/install/kortex_bringup:/home/buhrmann/ws_moveit/install/kinova_gen3_lite_moveit_config:/home/buhrmann/ws_moveit/install/kinova_gen3_7dof_robotiq_2f_85_moveit_config:/home/buhrmann/ws_moveit/install/kinova_gen3_6dof_robotiq_2f_85_moveit_config:/home/buhrmann/ws_moveit/install/kortex_description:/home/buhrmann/ws_moveit/install/robotiq_controllers:/home/buhrmann/ws_moveit/install/ppf_test_pkg:/home/buhrmann/ws_moveit/install/point_cloud_circle_detector:/home/buhrmann/ws_moveit/install/pilz_industrial_motion_planner_testutils:/home/buhrmann/ws_moveit/install/moveit_runtime:/home/buhrmann/ws_moveit/install/moveit:/home/buhrmann/ws_moveit/install/moveit_planners:/home/buhrmann/ws_moveit/install/pilz_industrial_motion_planner:/home/buhrmann/ws_moveit/install/pick_ik:/home/buhrmann/ws_moveit/install/object_detection_pcl:/home/buhrmann/ws_moveit/install/object_detection:/home/buhrmann/ws_moveit/install/object_creation:/home/buhrmann/ws_moveit/install/moveit_task_constructor_msgs:/home/buhrmann/ws_moveit/install/moveit_ros_control_interface:/home/buhrmann/ws_moveit/install/moveit_plugins:/home/buhrmann/ws_moveit/install/moveit_simple_controller_manager:/home/buhrmann/ws_moveit/install/moveit_setup_assistant:/home/buhrmann/ws_moveit/install/moveit_setup_srdf_plugins:/home/buhrmann/ws_moveit/install/moveit_setup_core_plugins:/home/buhrmann/ws_moveit/install/moveit_setup_controllers:/home/buhrmann/ws_moveit/install/moveit_setup_app_plugins:/home/buhrmann/ws_moveit/install/moveit_setup_framework:/home/buhrmann/ws_moveit/install/moveit_servo:/home/buhrmann/ws_moveit/install/moveit_ros_trajectory_cache:/home/buhrmann/ws_moveit/install/moveit_ros:/home/buhrmann/ws_moveit/install/moveit_ros_visualization:/home/buhrmann/ws_moveit/install/moveit_py:/home/buhrmann/ws_moveit/install/moveit_hybrid_planning:/home/buhrmann/ws_moveit/install/edit_planning_scene:/home/buhrmann/ws_moveit/install/moveit_ros_planning_interface:/home/buhrmann/ws_moveit/install/moveit_ros_benchmarks:/home/buhrmann/ws_moveit/install/moveit_ros_warehouse:/home/buhrmann/ws_moveit/install/moveit_ros_robot_interaction:/home/buhrmann/ws_moveit/install/moveit_ros_perception:/home/buhrmann/ws_moveit/install/moveit_resources_prbt_pg70_support:/home/buhrmann/ws_moveit/install/moveit_resources_prbt_moveit_config:/home/buhrmann/ws_moveit/install/moveit_ros_move_group:/home/buhrmann/ws_moveit/install/moveit_planners_ompl:/home/buhrmann/ws_moveit/install/moveit_kinematics:/home/buhrmann/ws_moveit/install/moveit_ros_planning:/home/buhrmann/ws_moveit/install/moveit_ros_occupancy_map_monitor:/home/buhrmann/ws_moveit/install/moveit_resources_prbt_support:/home/buhrmann/ws_moveit/install/moveit_resources_prbt_ikfast_manipulator_plugin:/home/buhrmann/ws_moveit/install/moveit_resources:/home/buhrmann/ws_moveit/install/moveit_resources_pr2_description:/home/buhrmann/ws_moveit/install/moveit_resources_panda_moveit_config:/home/buhrmann/ws_moveit/install/dual_arm_panda_moveit_config:/home/buhrmann/ws_moveit/install/moveit_resources_panda_description:/home/buhrmann/ws_moveit/install/moveit_resources_fanuc_moveit_config:/home/buhrmann/ws_moveit/install/moveit_resources_fanuc_description:/home/buhrmann/ws_moveit/install/moveit_planners_stomp:/home/buhrmann/ws_moveit/install/moveit_planners_chomp:/home/buhrmann/ws_moveit/install/chomp_motion_planner:/home/buhrmann/ws_moveit/install/moveit_core:/home/buhrmann/ws_moveit/install/moveit_msgs:/home/buhrmann/ws_moveit/install/moveit_common:/home/buhrmann/ws_moveit/install/kortex_driver:/home/buhrmann/ws_moveit/install/kortex_api:/home/buhrmann/ws_moveit/install/moveit_configs_utils:/opt/ros/iron /usr/bin/cmake --install /home/buhrmann/ws_moveit/build/kortex_description
[0.090s] -- Install configuration: ""
[0.090s] -- Up-to-date: /home/buhrmann/ws_moveit/install/kortex_description/share/kortex_description/arms
[0.090s] -- Up-to-date: /home/buhrmann/ws_moveit/install/kortex_description/share/kortex_description/arms/gen3
[0.090s] -- Up-to-date: /home/buhrmann/ws_moveit/install/kortex_description/share/kortex_description/arms/gen3/6dof
[0.090s] -- Up-to-date: /home/buhrmann/ws_moveit/install/kortex_description/share/kortex_description/arms/gen3/6dof/config
[0.090s] -- Up-to-date: /home/buhrmann/ws_moveit/install/kortex_description/share/kortex_description/arms/gen3/6dof/config/joint_limits.yaml
[0.091s] -- Up-to-date: /home/buhrmann/ws_moveit/install/kortex_description/share/kortex_description/arms/gen3/6dof/config/ros2_controllers.yaml
[0.091s] -- Up-to-date: /home/buhrmann/ws_moveit/install/kortex_description/share/kortex_description/arms/gen3/6dof/config/twist_limits.yaml
[0.091s] -- Up-to-date: /home/buhrmann/ws_moveit/install/kortex_description/share/kortex_description/arms/gen3/6dof/config/gazebo_initial_joint_positions.yaml
[0.091s] -- Up-to-date: /home/buhrmann/ws_moveit/install/kortex_description/share/kortex_description/arms/gen3/6dof/urdf
[0.091s] -- Up-to-date: /home/buhrmann/ws_moveit/install/kortex_description/share/kortex_description/arms/gen3/6dof/urdf/gen3_macro.xacro
[0.091s] -- Up-to-date: /home/buhrmann/ws_moveit/install/kortex_description/share/kortex_description/arms/gen3/6dof/urdf/gen3_transmission_macro.xacro
[0.091s] -- Up-to-date: /home/buhrmann/ws_moveit/install/kortex_description/share/kortex_description/arms/gen3/6dof/urdf/kortex.ros2_control.xacro
[0.091s] -- Up-to-date: /home/buhrmann/ws_moveit/install/kortex_description/share/kortex_description/arms/gen3/6dof/meshes
[0.091s] -- Up-to-date: /home/buhrmann/ws_moveit/install/kortex_description/share/kortex_description/arms/gen3/6dof/meshes/spherical_wrist_2_link.STL
[0.091s] -- Up-to-date: /home/buhrmann/ws_moveit/install/kortex_description/share/kortex_description/arms/gen3/6dof/meshes/bicep_link.STL
[0.091s] -- Up-to-date: /home/buhrmann/ws_moveit/install/kortex_description/share/kortex_description/arms/gen3/6dof/meshes/shoulder_link.STL
[0.091s] -- Up-to-date: /home/buhrmann/ws_moveit/install/kortex_description/share/kortex_description/arms/gen3/6dof/meshes/bracelet_no_vision_link.STL
[0.092s] -- Up-to-date: /home/buhrmann/ws_moveit/install/kortex_description/share/kortex_description/arms/gen3/6dof/meshes/bracelet_with_vision_link.STL
[0.092s] -- Up-to-date: /home/buhrmann/ws_moveit/install/kortex_description/share/kortex_description/arms/gen3/6dof/meshes/base_link.STL
[0.092s] -- Up-to-date: /home/buhrmann/ws_moveit/install/kortex_description/share/kortex_description/arms/gen3/6dof/meshes/spherical_wrist_1_link.STL
[0.092s] -- Up-to-date: /home/buhrmann/ws_moveit/install/kortex_description/share/kortex_description/arms/gen3/6dof/meshes/forearm_link.STL
[0.092s] -- Up-to-date: /home/buhrmann/ws_moveit/install/kortex_description/share/kortex_description/arms/gen3/7dof
[0.092s] -- Up-to-date: /home/buhrmann/ws_moveit/install/kortex_description/share/kortex_description/arms/gen3/7dof/config
[0.092s] -- Up-to-date: /home/buhrmann/ws_moveit/install/kortex_description/share/kortex_description/arms/gen3/7dof/config/joint_limits.yaml
[0.092s] -- Up-to-date: /home/buhrmann/ws_moveit/install/kortex_description/share/kortex_description/arms/gen3/7dof/config/ros2_controllers.yaml
[0.092s] -- Up-to-date: /home/buhrmann/ws_moveit/install/kortex_description/share/kortex_description/arms/gen3/7dof/config/twist_limits.yaml
[0.092s] -- Up-to-date: /home/buhrmann/ws_moveit/install/kortex_description/share/kortex_description/arms/gen3/7dof/config/gazebo_initial_joint_positions.yaml
[0.092s] -- Up-to-date: /home/buhrmann/ws_moveit/install/kortex_description/share/kortex_description/arms/gen3/7dof/urdf
[0.092s] -- Up-to-date: /home/buhrmann/ws_moveit/install/kortex_description/share/kortex_description/arms/gen3/7dof/urdf/gen3_macro.xacro
[0.092s] -- Up-to-date: /home/buhrmann/ws_moveit/install/kortex_description/share/kortex_description/arms/gen3/7dof/urdf/gen3_transmission_macro.xacro
[0.092s] -- Up-to-date: /home/buhrmann/ws_moveit/install/kortex_description/share/kortex_description/arms/gen3/7dof/urdf/kortex.ros2_control.xacro
[0.093s] -- Up-to-date: /home/buhrmann/ws_moveit/install/kortex_description/share/kortex_description/arms/gen3/7dof/meshes
[0.093s] -- Up-to-date: /home/buhrmann/ws_moveit/install/kortex_description/share/kortex_description/arms/gen3/7dof/meshes/spherical_wrist_2_link.dae
[0.093s] -- Up-to-date: /home/buhrmann/ws_moveit/install/kortex_description/share/kortex_description/arms/gen3/7dof/meshes/spherical_wrist_2_link.STL
[0.093s] -- Up-to-date: /home/buhrmann/ws_moveit/install/kortex_description/share/kortex_description/arms/gen3/7dof/meshes/bracelet_no_vision_link.dae
[0.093s] -- Up-to-date: /home/buhrmann/ws_moveit/install/kortex_description/share/kortex_description/arms/gen3/7dof/meshes/end_effector_link.STL
[0.093s] -- Up-to-date: /home/buhrmann/ws_moveit/install/kortex_description/share/kortex_description/arms/gen3/7dof/meshes/base_link.dae
[0.093s] -- Up-to-date: /home/buhrmann/ws_moveit/install/kortex_description/share/kortex_description/arms/gen3/7dof/meshes/bracelet_with_vision_link.dae
[0.093s] -- Up-to-date: /home/buhrmann/ws_moveit/install/kortex_description/share/kortex_description/arms/gen3/7dof/meshes/shoulder_link.STL
[0.093s] -- Up-to-date: /home/buhrmann/ws_moveit/install/kortex_description/share/kortex_description/arms/gen3/7dof/meshes/bracelet_no_vision_link.STL
[0.093s] -- Up-to-date: /home/buhrmann/ws_moveit/install/kortex_description/share/kortex_description/arms/gen3/7dof/meshes/half_arm_1_link.STL
[0.093s] -- Up-to-date: /home/buhrmann/ws_moveit/install/kortex_description/share/kortex_description/arms/gen3/7dof/meshes/bracelet_with_vision_link.STL
[0.094s] -- Up-to-date: /home/buhrmann/ws_moveit/install/kortex_description/share/kortex_description/arms/gen3/7dof/meshes/half_arm_2_link.dae
[0.094s] -- Up-to-date: /home/buhrmann/ws_moveit/install/kortex_description/share/kortex_description/arms/gen3/7dof/meshes/shoulder_link.dae
[0.094s] -- Up-to-date: /home/buhrmann/ws_moveit/install/kortex_description/share/kortex_description/arms/gen3/7dof/meshes/base_link.STL
[0.094s] -- Up-to-date: /home/buhrmann/ws_moveit/install/kortex_description/share/kortex_description/arms/gen3/7dof/meshes/half_arm_1_link.dae
[0.094s] -- Up-to-date: /home/buhrmann/ws_moveit/install/kortex_description/share/kortex_description/arms/gen3/7dof/meshes/spherical_wrist_1_link.dae
[0.094s] -- Up-to-date: /home/buhrmann/ws_moveit/install/kortex_description/share/kortex_description/arms/gen3/7dof/meshes/spherical_wrist_1_link.STL
[0.094s] -- Up-to-date: /home/buhrmann/ws_moveit/install/kortex_description/share/kortex_description/arms/gen3/7dof/meshes/half_arm_2_link.STL
[0.094s] -- Up-to-date: /home/buhrmann/ws_moveit/install/kortex_description/share/kortex_description/arms/gen3/7dof/meshes/forearm_link.STL
[0.094s] -- Up-to-date: /home/buhrmann/ws_moveit/install/kortex_description/share/kortex_description/arms/gen3/7dof/meshes/forearm_link.dae
[0.094s] -- Up-to-date: /home/buhrmann/ws_moveit/install/kortex_description/share/kortex_description/arms/gen3_lite
[0.094s] -- Up-to-date: /home/buhrmann/ws_moveit/install/kortex_description/share/kortex_description/arms/gen3_lite/6dof
[0.094s] -- Up-to-date: /home/buhrmann/ws_moveit/install/kortex_description/share/kortex_description/arms/gen3_lite/6dof/config
[0.094s] -- Up-to-date: /home/buhrmann/ws_moveit/install/kortex_description/share/kortex_description/arms/gen3_lite/6dof/config/joint_limits.yaml
[0.094s] -- Up-to-date: /home/buhrmann/ws_moveit/install/kortex_description/share/kortex_description/arms/gen3_lite/6dof/config/ros2_controllers.yaml
[0.094s] -- Up-to-date: /home/buhrmann/ws_moveit/install/kortex_description/share/kortex_description/arms/gen3_lite/6dof/config/twist_limits.yaml
[0.094s] -- Up-to-date: /home/buhrmann/ws_moveit/install/kortex_description/share/kortex_description/arms/gen3_lite/6dof/urdf
[0.094s] -- Up-to-date: /home/buhrmann/ws_moveit/install/kortex_description/share/kortex_description/arms/gen3_lite/6dof/urdf/gen3_lite_macro.xacro
[0.095s] -- Up-to-date: /home/buhrmann/ws_moveit/install/kortex_description/share/kortex_description/arms/gen3_lite/6dof/urdf/gen3_lite_transmission_macro.xacro
[0.095s] -- Up-to-date: /home/buhrmann/ws_moveit/install/kortex_description/share/kortex_description/arms/gen3_lite/6dof/urdf/kortex.ros2_control.xacro
[0.095s] -- Up-to-date: /home/buhrmann/ws_moveit/install/kortex_description/share/kortex_description/arms/gen3_lite/6dof/meshes
[0.095s] -- Up-to-date: /home/buhrmann/ws_moveit/install/kortex_description/share/kortex_description/arms/gen3_lite/6dof/meshes/shoulder_link.STL
[0.095s] -- Up-to-date: /home/buhrmann/ws_moveit/install/kortex_description/share/kortex_description/arms/gen3_lite/6dof/meshes/lower_wrist_link.STL
[0.095s] -- Up-to-date: /home/buhrmann/ws_moveit/install/kortex_description/share/kortex_description/arms/gen3_lite/6dof/meshes/upper_wrist_link.STL
[0.095s] -- Up-to-date: /home/buhrmann/ws_moveit/install/kortex_description/share/kortex_description/arms/gen3_lite/6dof/meshes/base_link.STL
[0.095s] -- Up-to-date: /home/buhrmann/ws_moveit/install/kortex_description/share/kortex_description/arms/gen3_lite/6dof/meshes/forearm_link.STL
[0.095s] -- Up-to-date: /home/buhrmann/ws_moveit/install/kortex_description/share/kortex_description/arms/gen3_lite/6dof/meshes/arm_link.STL
[0.095s] -- Up-to-date: /home/buhrmann/ws_moveit/install/kortex_description/share/kortex_description/grippers
[0.095s] -- Up-to-date: /home/buhrmann/ws_moveit/install/kortex_description/share/kortex_description/grippers/robotiq_2f_85
[0.096s] -- Up-to-date: /home/buhrmann/ws_moveit/install/kortex_description/share/kortex_description/grippers/robotiq_2f_85/README.md
[0.096s] -- Up-to-date: /home/buhrmann/ws_moveit/install/kortex_description/share/kortex_description/grippers/robotiq_2f_85/urdf
[0.096s] -- Up-to-date: /home/buhrmann/ws_moveit/install/kortex_description/share/kortex_description/grippers/robotiq_2f_85/urdf/robotiq_2f_85_macro.xacro
[0.096s] -- Up-to-date: /home/buhrmann/ws_moveit/install/kortex_description/share/kortex_description/grippers/robotiq_2f_85/LICENSE
[0.096s] -- Up-to-date: /home/buhrmann/ws_moveit/install/kortex_description/share/kortex_description/grippers/gen3_lite_2f
[0.096s] -- Up-to-date: /home/buhrmann/ws_moveit/install/kortex_description/share/kortex_description/grippers/gen3_lite_2f/config
[0.096s] -- Up-to-date: /home/buhrmann/ws_moveit/install/kortex_description/share/kortex_description/grippers/gen3_lite_2f/config/joint_limits.yaml
[0.096s] -- Up-to-date: /home/buhrmann/ws_moveit/install/kortex_description/share/kortex_description/grippers/gen3_lite_2f/urdf
[0.096s] -- Up-to-date: /home/buhrmann/ws_moveit/install/kortex_description/share/kortex_description/grippers/gen3_lite_2f/urdf/gen3_lite_2f_macro.xacro
[0.096s] -- Up-to-date: /home/buhrmann/ws_moveit/install/kortex_description/share/kortex_description/grippers/gen3_lite_2f/urdf/gen3_lite_2f_transmission_macro.xacro
[0.096s] -- Up-to-date: /home/buhrmann/ws_moveit/install/kortex_description/share/kortex_description/grippers/gen3_lite_2f/urdf/GEN3-LITE-GRIPPER_URDF_SIMPLIFIED_V2.urdf
[0.096s] -- Up-to-date: /home/buhrmann/ws_moveit/install/kortex_description/share/kortex_description/grippers/gen3_lite_2f/urdf/gen3_lite_2f.ros2_control.xacro
[0.096s] -- Up-to-date: /home/buhrmann/ws_moveit/install/kortex_description/share/kortex_description/grippers/gen3_lite_2f/meshes
[0.097s] -- Up-to-date: /home/buhrmann/ws_moveit/install/kortex_description/share/kortex_description/grippers/gen3_lite_2f/meshes/left_finger_dist_link.STL
[0.097s] -- Up-to-date: /home/buhrmann/ws_moveit/install/kortex_description/share/kortex_description/grippers/gen3_lite_2f/meshes/right_finger_prox_link.STL
[0.097s] -- Up-to-date: /home/buhrmann/ws_moveit/install/kortex_description/share/kortex_description/grippers/gen3_lite_2f/meshes/gripper_base_link.STL
[0.097s] -- Up-to-date: /home/buhrmann/ws_moveit/install/kortex_description/share/kortex_description/grippers/gen3_lite_2f/meshes/right_finger_dist_link.STL
[0.097s] -- Up-to-date: /home/buhrmann/ws_moveit/install/kortex_description/share/kortex_description/grippers/gen3_lite_2f/meshes/left_finger_prox_link.STL
[0.097s] -- Up-to-date: /home/buhrmann/ws_moveit/install/kortex_description/share/kortex_description/grippers/robotiq_2f_140
[0.097s] -- Up-to-date: /home/buhrmann/ws_moveit/install/kortex_description/share/kortex_description/grippers/robotiq_2f_140/README.md
[0.097s] -- Up-to-date: /home/buhrmann/ws_moveit/install/kortex_description/share/kortex_description/grippers/robotiq_2f_140/urdf
[0.097s] -- Up-to-date: /home/buhrmann/ws_moveit/install/kortex_description/share/kortex_description/grippers/robotiq_2f_140/urdf/robotiq_2f_140_macro.xacro
[0.097s] -- Up-to-date: /home/buhrmann/ws_moveit/install/kortex_description/share/kortex_description/grippers/robotiq_2f_140/LICENSE
[0.097s] -- Up-to-date: /home/buhrmann/ws_moveit/install/kortex_description/share/kortex_description/launch
[0.097s] -- Up-to-date: /home/buhrmann/ws_moveit/install/kortex_description/share/kortex_description/launch/view_robot.launch.py
[0.098s] -- Up-to-date: /home/buhrmann/ws_moveit/install/kortex_description/share/kortex_description/multiple_robots
[0.098s] -- Up-to-date: /home/buhrmann/ws_moveit/install/kortex_description/share/kortex_description/multiple_robots/kortex_dual_robots.xacro
[0.098s] -- Up-to-date: /home/buhrmann/ws_moveit/install/kortex_description/share/kortex_description/robots
[0.098s] -- Up-to-date: /home/buhrmann/ws_moveit/install/kortex_description/share/kortex_description/robots/gen3_robotiq_2f_85.xacro
[0.098s] -- Up-to-date: /home/buhrmann/ws_moveit/install/kortex_description/share/kortex_description/robots/gen3.xacro
[0.098s] -- Up-to-date: /home/buhrmann/ws_moveit/install/kortex_description/share/kortex_description/robots/gen3_lite.urdf
[0.098s] -- Up-to-date: /home/buhrmann/ws_moveit/install/kortex_description/share/kortex_description/robots/gen3_2f85.urdf
[0.098s] -- Up-to-date: /home/buhrmann/ws_moveit/install/kortex_description/share/kortex_description/robots/kinova.urdf.xacro
[0.098s] -- Up-to-date: /home/buhrmann/ws_moveit/install/kortex_description/share/kortex_description/robots/kortex_robot.xacro
[0.098s] -- Up-to-date: /home/buhrmann/ws_moveit/install/kortex_description/share/kortex_description/robots/gen3_lite_gen3_lite_2f.xacro
[0.098s] -- Up-to-date: /home/buhrmann/ws_moveit/install/kortex_description/share/kortex_description/robots/gen3_robotiq_2f_140.xacro
[0.098s] -- Up-to-date: /home/buhrmann/ws_moveit/install/kortex_description/share/kortex_description/rviz
[0.098s] -- Up-to-date: /home/buhrmann/ws_moveit/install/kortex_description/share/kortex_description/rviz/view_robot.rviz
[0.099s] -- Up-to-date: /home/buhrmann/ws_moveit/install/kortex_description/share/kortex_description/config
[0.099s] -- Up-to-date: /home/buhrmann/ws_moveit/install/kortex_description/share/kortex_description/config/initial_positions.yaml
[0.099s] -- Up-to-date: /home/buhrmann/ws_moveit/install/kortex_description/share/ament_index/resource_index/package_run_dependencies/kortex_description
[0.099s] -- Up-to-date: /home/buhrmann/ws_moveit/install/kortex_description/share/ament_index/resource_index/parent_prefix_path/kortex_description
[0.099s] -- Up-to-date: /home/buhrmann/ws_moveit/install/kortex_description/share/kortex_description/environment/ament_prefix_path.sh
[0.099s] -- Up-to-date: /home/buhrmann/ws_moveit/install/kortex_description/share/kortex_description/environment/ament_prefix_path.dsv
[0.099s] -- Up-to-date: /home/buhrmann/ws_moveit/install/kortex_description/share/kortex_description/environment/path.sh
[0.099s] -- Up-to-date: /home/buhrmann/ws_moveit/install/kortex_description/share/kortex_description/environment/path.dsv
[0.099s] -- Up-to-date: /home/buhrmann/ws_moveit/install/kortex_description/share/kortex_description/local_setup.bash
[0.099s] -- Up-to-date: /home/buhrmann/ws_moveit/install/kortex_description/share/kortex_description/local_setup.sh
[0.099s] -- Up-to-date: /home/buhrmann/ws_moveit/install/kortex_description/share/kortex_description/local_setup.zsh
[0.099s] -- Up-to-date: /home/buhrmann/ws_moveit/install/kortex_description/share/kortex_description/local_setup.dsv
[0.099s] -- Installing: /home/buhrmann/ws_moveit/install/kortex_description/share/kortex_description/package.dsv
[0.099s] -- Up-to-date: /home/buhrmann/ws_moveit/install/kortex_description/share/ament_index/resource_index/packages/kortex_description
[0.100s] -- Up-to-date: /home/buhrmann/ws_moveit/install/kortex_description/share/kortex_description/cmake/kortex_descriptionConfig.cmake
[0.100s] -- Up-to-date: /home/buhrmann/ws_moveit/install/kortex_description/share/kortex_description/cmake/kortex_descriptionConfig-version.cmake
[0.100s] -- Up-to-date: /home/buhrmann/ws_moveit/install/kortex_description/share/kortex_description/package.xml
[0.101s] Invoked command in '/home/buhrmann/ws_moveit/build/kortex_description' returned '0': CMAKE_PREFIX_PATH=/home/buhrmann/ws_moveit/install/robotiq_description:/home/buhrmann/ws_moveit/install/ur5_moveit_test:/home/buhrmann/ws_moveit/install/ur5_camera_moveit_config2:/home/buhrmann/ws_moveit/install/ur5_camera_moveit_config:/home/buhrmann/ws_moveit/install/ur5_description_controller:/home/buhrmann/ws_moveit/install/ur3_camera_moveit_config:/home/buhrmann/ws_moveit/install/ur3_description_controller:/home/buhrmann/ws_moveit/install/robotiq_hardware_tests:/home/buhrmann/ws_moveit/install/robotiq_driver:/home/buhrmann/ws_moveit/install/serial:/home/buhrmann/ws_moveit/install/moveit2_tutorials:/home/buhrmann/ws_moveit/install/moveit_visual_tools:/home/buhrmann/ws_moveit/install/rviz_visual_tools:/home/buhrmann/ws_moveit/install/moveit_task_constructor_visualization:/home/buhrmann/ws_moveit/install/moveit_task_constructor_demo:/home/buhrmann/ws_moveit/install/moveit_task_constructor_capabilities:/home/buhrmann/ws_moveit/install/moveit_task_constructor_core:/home/buhrmann/ws_moveit/install/rviz_marker_tools:/home/buhrmann/ws_moveit/install/picknik_accessories:/home/buhrmann/ws_moveit/install/kortex_bringup:/home/buhrmann/ws_moveit/install/kinova_gen3_lite_moveit_config:/home/buhrmann/ws_moveit/install/kinova_gen3_7dof_robotiq_2f_85_moveit_config:/home/buhrmann/ws_moveit/install/kinova_gen3_6dof_robotiq_2f_85_moveit_config:/home/buhrmann/ws_moveit/install/kortex_description:/home/buhrmann/ws_moveit/install/robotiq_controllers:/home/buhrmann/ws_moveit/install/ppf_test_pkg:/home/buhrmann/ws_moveit/install/point_cloud_circle_detector:/home/buhrmann/ws_moveit/install/pilz_industrial_motion_planner_testutils:/home/buhrmann/ws_moveit/install/moveit_runtime:/home/buhrmann/ws_moveit/install/moveit:/home/buhrmann/ws_moveit/install/moveit_planners:/home/buhrmann/ws_moveit/install/pilz_industrial_motion_planner:/home/buhrmann/ws_moveit/install/pick_ik:/home/buhrmann/ws_moveit/install/object_detection_pcl:/home/buhrmann/ws_moveit/install/object_detection:/home/buhrmann/ws_moveit/install/object_creation:/home/buhrmann/ws_moveit/install/moveit_task_constructor_msgs:/home/buhrmann/ws_moveit/install/moveit_ros_control_interface:/home/buhrmann/ws_moveit/install/moveit_plugins:/home/buhrmann/ws_moveit/install/moveit_simple_controller_manager:/home/buhrmann/ws_moveit/install/moveit_setup_assistant:/home/buhrmann/ws_moveit/install/moveit_setup_srdf_plugins:/home/buhrmann/ws_moveit/install/moveit_setup_core_plugins:/home/buhrmann/ws_moveit/install/moveit_setup_controllers:/home/buhrmann/ws_moveit/install/moveit_setup_app_plugins:/home/buhrmann/ws_moveit/install/moveit_setup_framework:/home/buhrmann/ws_moveit/install/moveit_servo:/home/buhrmann/ws_moveit/install/moveit_ros_trajectory_cache:/home/buhrmann/ws_moveit/install/moveit_ros:/home/buhrmann/ws_moveit/install/moveit_ros_visualization:/home/buhrmann/ws_moveit/install/moveit_py:/home/buhrmann/ws_moveit/install/moveit_hybrid_planning:/home/buhrmann/ws_moveit/install/edit_planning_scene:/home/buhrmann/ws_moveit/install/moveit_ros_planning_interface:/home/buhrmann/ws_moveit/install/moveit_ros_benchmarks:/home/buhrmann/ws_moveit/install/moveit_ros_warehouse:/home/buhrmann/ws_moveit/install/moveit_ros_robot_interaction:/home/buhrmann/ws_moveit/install/moveit_ros_perception:/home/buhrmann/ws_moveit/install/moveit_resources_prbt_pg70_support:/home/buhrmann/ws_moveit/install/moveit_resources_prbt_moveit_config:/home/buhrmann/ws_moveit/install/moveit_ros_move_group:/home/buhrmann/ws_moveit/install/moveit_planners_ompl:/home/buhrmann/ws_moveit/install/moveit_kinematics:/home/buhrmann/ws_moveit/install/moveit_ros_planning:/home/buhrmann/ws_moveit/install/moveit_ros_occupancy_map_monitor:/home/buhrmann/ws_moveit/install/moveit_resources_prbt_support:/home/buhrmann/ws_moveit/install/moveit_resources_prbt_ikfast_manipulator_plugin:/home/buhrmann/ws_moveit/install/moveit_resources:/home/buhrmann/ws_moveit/install/moveit_resources_pr2_description:/home/buhrmann/ws_moveit/install/moveit_resources_panda_moveit_config:/home/buhrmann/ws_moveit/install/dual_arm_panda_moveit_config:/home/buhrmann/ws_moveit/install/moveit_resources_panda_description:/home/buhrmann/ws_moveit/install/moveit_resources_fanuc_moveit_config:/home/buhrmann/ws_moveit/install/moveit_resources_fanuc_description:/home/buhrmann/ws_moveit/install/moveit_planners_stomp:/home/buhrmann/ws_moveit/install/moveit_planners_chomp:/home/buhrmann/ws_moveit/install/chomp_motion_planner:/home/buhrmann/ws_moveit/install/moveit_core:/home/buhrmann/ws_moveit/install/moveit_msgs:/home/buhrmann/ws_moveit/install/moveit_common:/home/buhrmann/ws_moveit/install/kortex_driver:/home/buhrmann/ws_moveit/install/kortex_api:/home/buhrmann/ws_moveit/install/moveit_configs_utils:/opt/ros/iron /usr/bin/cmake --install /home/buhrmann/ws_moveit/build/kortex_description
