[0.150s] Invoking command in '/home/buhrmann/ws_moveit/build/rviz_visual_tools': CMAKE_PREFIX_PATH=${CMAKE_PREFIX_PATH}:/home/buhrmann/ws_moveit/install/moveit_configs_utils:/opt/ros/iron /usr/bin/cmake --build /home/buhrmann/ws_moveit/build/rviz_visual_tools -- -j28 -l28
[0.195s] [  2%] [34m[1mAutomatic MOC for target gtest_main[0m
[0.196s] [  5%] [34m[1mAutomatic MOC for target rviz_visual_tools_gui[0m
[0.198s] [  7%] [34m[1mAutomatic MOC for target gtest[0m
[0.199s] [ 10%] [34m[1mAutomatic MOC for target rviz_visual_tools_remote_control[0m
[0.208s] [ 10%] Built target gtest_main_autogen
[0.213s] [ 10%] Built target rviz_visual_tools_gui_autogen
[0.232s] [ 10%] Built target gtest_autogen
[0.232s] [ 10%] Built target rviz_visual_tools_remote_control_autogen
[0.259s] [ 17%] Built target gtest_main
[0.259s] [ 25%] Built target gtest
[0.259s] [ 33%] Built target rviz_visual_tools_remote_control
[0.260s] [ 46%] Built target rviz_visual_tools_gui
[0.260s] [ 48%] [34m[1mAutomatic MOC for target rviz_visual_tools[0m
[0.261s] [ 48%] Built target rviz_visual_tools_autogen
[0.286s] [ 58%] Built target rviz_visual_tools
[0.298s] [ 61%] [34m[1mAutomatic MOC for target rviz_visual_tools_demo[0m
[0.298s] [ 64%] [34m[1mAutomatic MOC for target rviz_visual_tools_imarker_simple[0m
[0.300s] [ 66%] [34m[1mAutomatic MOC for target rviz_visual_tools_rvt_test[0m
[0.311s] [ 66%] Built target rviz_visual_tools_imarker_simple_autogen
[0.311s] [ 66%] Built target rviz_visual_tools_demo_autogen
[0.314s] [ 66%] Built target rviz_visual_tools_rvt_test_autogen
[0.327s] [ 74%] Built target rviz_visual_tools_imarker_simple
[0.328s] [ 82%] Built target rviz_visual_tools_demo
[0.333s] [ 89%] Built target rviz_visual_tools_rvt_test
[0.342s] [ 92%] [34m[1mAutomatic MOC for target rviz_visual_tools_imarker_simple_demo[0m
[0.355s] [ 92%] Built target rviz_visual_tools_imarker_simple_demo_autogen
[0.373s] [100%] Built target rviz_visual_tools_imarker_simple_demo
