[0.152s] Invoking command in '/home/buhrmann/ws_moveit/build/robotiq_controllers': CMAKE_PREFIX_PATH=${CMAKE_PREFIX_PATH}:/home/buhrmann/ws_moveit/install/moveit_configs_utils:/opt/ros/iron /usr/bin/cmake --build /home/buhrmann/ws_moveit/build/robotiq_controllers -- -j28 -l28
[0.175s] -- Found ament_cmake: 2.0.6 (/opt/ros/iron/share/ament_cmake/cmake)
[0.264s] -- Found controller_interface: 3.28.1 (/opt/ros/iron/share/controller_interface/cmake)
[0.278s] -- Found rosidl_generator_c: 4.0.1 (/opt/ros/iron/share/rosidl_generator_c/cmake)
[0.282s] -- Found rosidl_generator_cpp: 4.0.1 (/opt/ros/iron/share/rosidl_generator_cpp/cmake)
[0.289s] -- Using all available rosidl_typesupport_c: rosidl_typesupport_fastrtps_c;rosidl_typesupport_introspection_c
[0.299s] -- Using all available rosidl_typesupport_cpp: rosidl_typesupport_fastrtps_cpp;rosidl_typesupport_introspection_cpp
[0.716s] -- Found rmw_implementation_cmake: 7.1.0 (/opt/ros/iron/share/rmw_implementation_cmake/cmake)
[0.718s] -- Found rmw_fastrtps_cpp: 7.1.4 (/opt/ros/iron/share/rmw_fastrtps_cpp/cmake)
[0.736s] -- Found TinyXML2 via Config file: TinyXML2_DIR-NOTFOUND
[0.741s] -- Found TinyXML2 via Config file: TinyXML2_DIR-NOTFOUND
[0.752s] -- Found TinyXML2 via Config file: TinyXML2_DIR-NOTFOUND
[0.758s] -- Found TinyXML2 via Config file: TinyXML2_DIR-NOTFOUND
[0.766s] -- Using RMW implementation 'rmw_fastrtps_cpp' as default
[0.883s] -- Found std_srvs: 5.0.1 (/opt/ros/iron/share/std_srvs/cmake)
[0.914s] [31mCMake Error at CMakeLists.txt:48 (find_package):
[0.914s]   By not providing "Findament_lint_auto.cmake" in CMAKE_MODULE_PATH this
[0.914s]   project has asked CMake to find a package configuration file provided by
[0.914s]   "ament_lint_auto", but CMake did not find one.
[0.914s] 
[0.914s]   Could not find a package configuration file provided by "ament_lint_auto"
[0.914s]   with any of the following names:
[0.914s] 
[0.914s]     ament_lint_autoConfig.cmake
[0.914s]     ament_lint_auto-config.cmake
[0.914s] 
[0.914s]   Add the installation prefix of "ament_lint_auto" to CMAKE_PREFIX_PATH or
[0.915s]   set "ament_lint_auto_DIR" to a directory containing one of the above files.
[0.915s]   If "ament_lint_auto" provides a separate development package or SDK, be
[0.915s]   sure it has been installed.
[0.915s] 
[0.915s] -- Configuring incomplete, errors occurred!
[0.915s] See also "/home/buhrmann/ws_moveit/build/robotiq_controllers/CMakeFiles/CMakeOutput.log".
[0.915s] [0m
[0.918s] gmake: *** [Makefile:267: cmake_check_build_system] Error 1
