[ 10%] Built target point_cloud_plantpot_edge_pfh_detector
[ 20%] Built target point_cloud_circle_detector
[35m[1mConsolidate compiler generated dependencies of target cup_pointcloud_segmentation_color[0m
[ 30%] Built target point_cloud_plantpot_detector
[ 40%] Built target point_cloud_cylinder_detector
[ 50%] Built target cup_segmentation_color
[ 60%] Built target point_cloud_plantpot_ppf_detector
[ 70%] Built target rgb_edge_filter
[ 80%] Built target point_cloud_plantpot_rgb_edge_pfh_detector
[ 90%] Built target point_cloud_plantpot_pfh_detector
[ 95%] [32mBuilding CXX object CMakeFiles/cup_pointcloud_segmentation_color.dir/src/cup_pointcloud_segmentation_and_coloring.cpp.o[0m
In file included from [01m[K/opt/ros/iron/include/rclcpp/rclcpp/logging.hpp:24[m[K,
                 from [01m[K/opt/ros/iron/include/rclcpp/rclcpp/client.hpp:43[m[K,
                 from [01m[K/opt/ros/iron/include/rclcpp/rclcpp/callback_group.hpp:24[m[K,
                 from [01m[K/opt/ros/iron/include/rclcpp/rclcpp/any_executable.hpp:20[m[K,
                 from [01m[K/opt/ros/iron/include/rclcpp/rclcpp/memory_strategy.hpp:25[m[K,
                 from [01m[K/opt/ros/iron/include/rclcpp/rclcpp/memory_strategies.hpp:18[m[K,
                 from [01m[K/opt/ros/iron/include/rclcpp/rclcpp/executor_options.hpp:20[m[K,
                 from [01m[K/opt/ros/iron/include/rclcpp/rclcpp/executor.hpp:37[m[K,
                 from [01m[K/opt/ros/iron/include/rclcpp/rclcpp/executors/multi_threaded_executor.hpp:25[m[K,
                 from [01m[K/opt/ros/iron/include/rclcpp/rclcpp/executors.hpp:21[m[K,
                 from [01m[K/opt/ros/iron/include/rclcpp/rclcpp/rclcpp.hpp:167[m[K,
                 from [01m[K/home/buhrmann/ws_moveit/src/point_cloud_circle_detector/src/cup_pointcloud_segmentation_and_coloring.cpp:1[m[K:
[01m[K/home/buhrmann/ws_moveit/src/point_cloud_circle_detector/src/cup_pointcloud_segmentation_and_coloring.cpp:[m[K In member function ‘[01m[Kvoid PointCloudGenerator::pointCloudCallback(std_msgs::msg::Float32MultiArray_<std::allocator<void> >::SharedPtr)[m[K’:
[01m[K/home/buhrmann/ws_moveit/src/point_cloud_circle_detector/src/cup_pointcloud_segmentation_and_coloring.cpp:95:48:[m[K [01;31m[Kerror: [m[K‘[01m[Kstr[m[K’ was not declared in this scope; did you mean ‘[01m[Kstd[m[K’?
   95 |         RCLCPP_INFO(get_logger(), "Width: %s", [01;31m[Kstr[m[K(current_depth_->width));
      |                                                [01;31m[K^~~[m[K
[01m[K/home/buhrmann/ws_moveit/src/point_cloud_circle_detector/src/cup_pointcloud_segmentation_and_coloring.cpp:96:49:[m[K [01;31m[Kerror: [m[K‘[01m[Kstr[m[K’ was not declared in this scope; did you mean ‘[01m[Kstd[m[K’?
   96 |         RCLCPP_INFO(get_logger(), "Height: %s", [01;31m[Kstr[m[K(current_depth_->height));
      |                                                 [01;31m[K^~~[m[K
gmake[2]: *** [CMakeFiles/cup_pointcloud_segmentation_color.dir/build.make:76: CMakeFiles/cup_pointcloud_segmentation_color.dir/src/cup_pointcloud_segmentation_and_coloring.cpp.o] Error 1
gmake[1]: *** [CMakeFiles/Makefile2:389: CMakeFiles/cup_pointcloud_segmentation_color.dir/all] Error 2
gmake: *** [Makefile:146: all] Error 2
