[0.011s] Invoking command in '/home/buhrmann/ws_moveit/build/moveit_resources_prbt_support': CMAKE_PREFIX_PATH=${CMAKE_PREFIX_PATH}:/home/buhrmann/ws_moveit/install/moveit_configs_utils:/opt/ros/iron /usr/bin/cmake --build /home/buhrmann/ws_moveit/build/moveit_resources_prbt_support -- -j28 -l28
[0.077s] Invoked command in '/home/buhrmann/ws_moveit/build/moveit_resources_prbt_support' returned '0': CMAKE_PREFIX_PATH=${CMAKE_PREFIX_PATH}:/home/buhrmann/ws_moveit/install/moveit_configs_utils:/opt/ros/iron /usr/bin/cmake --build /home/buhrmann/ws_moveit/build/moveit_resources_prbt_support -- -j28 -l28
[0.081s] Invoking command in '/home/buhrmann/ws_moveit/build/moveit_resources_prbt_support': CMAKE_PREFIX_PATH=${CMAKE_PREFIX_PATH}:/home/buhrmann/ws_moveit/install/moveit_configs_utils:/opt/ros/iron /usr/bin/cmake --install /home/buhrmann/ws_moveit/build/moveit_resources_prbt_support
[0.095s] -- Install configuration: ""
[0.095s] -- Up-to-date: /home/buhrmann/ws_moveit/install/moveit_resources_prbt_support/share/ament_index/resource_index/package_run_dependencies/moveit_resources_prbt_support
[0.096s] -- Up-to-date: /home/buhrmann/ws_moveit/install/moveit_resources_prbt_support/share/ament_index/resource_index/parent_prefix_path/moveit_resources_prbt_support
[0.096s] -- Up-to-date: /home/buhrmann/ws_moveit/install/moveit_resources_prbt_support/share/moveit_resources_prbt_support/environment/ament_prefix_path.sh
[0.096s] -- Up-to-date: /home/buhrmann/ws_moveit/install/moveit_resources_prbt_support/share/moveit_resources_prbt_support/environment/ament_prefix_path.dsv
[0.096s] -- Up-to-date: /home/buhrmann/ws_moveit/install/moveit_resources_prbt_support/share/moveit_resources_prbt_support/environment/path.sh
[0.096s] -- Up-to-date: /home/buhrmann/ws_moveit/install/moveit_resources_prbt_support/share/moveit_resources_prbt_support/environment/path.dsv
[0.096s] -- Up-to-date: /home/buhrmann/ws_moveit/install/moveit_resources_prbt_support/share/moveit_resources_prbt_support/local_setup.bash
[0.096s] -- Up-to-date: /home/buhrmann/ws_moveit/install/moveit_resources_prbt_support/share/moveit_resources_prbt_support/local_setup.sh
[0.096s] -- Up-to-date: /home/buhrmann/ws_moveit/install/moveit_resources_prbt_support/share/moveit_resources_prbt_support/local_setup.zsh
[0.097s] -- Up-to-date: /home/buhrmann/ws_moveit/install/moveit_resources_prbt_support/share/moveit_resources_prbt_support/local_setup.dsv
[0.097s] -- Installing: /home/buhrmann/ws_moveit/install/moveit_resources_prbt_support/share/moveit_resources_prbt_support/package.dsv
[0.097s] -- Up-to-date: /home/buhrmann/ws_moveit/install/moveit_resources_prbt_support/share/ament_index/resource_index/packages/moveit_resources_prbt_support
[0.097s] -- Up-to-date: /home/buhrmann/ws_moveit/install/moveit_resources_prbt_support/share/moveit_resources_prbt_support/cmake/moveit_resources_prbt_supportConfig.cmake
[0.097s] -- Up-to-date: /home/buhrmann/ws_moveit/install/moveit_resources_prbt_support/share/moveit_resources_prbt_support/cmake/moveit_resources_prbt_supportConfig-version.cmake
[0.097s] -- Up-to-date: /home/buhrmann/ws_moveit/install/moveit_resources_prbt_support/share/moveit_resources_prbt_support/package.xml
[0.097s] -- Up-to-date: /home/buhrmann/ws_moveit/install/moveit_resources_prbt_support/share/moveit_resources_prbt_support/urdf
[0.097s] -- Up-to-date: /home/buhrmann/ws_moveit/install/moveit_resources_prbt_support/share/moveit_resources_prbt_support/urdf/prbt.ros2_control.xacro
[0.097s] -- Up-to-date: /home/buhrmann/ws_moveit/install/moveit_resources_prbt_support/share/moveit_resources_prbt_support/urdf/simple_gripper_brackets.urdf.xacro
[0.098s] -- Up-to-date: /home/buhrmann/ws_moveit/install/moveit_resources_prbt_support/share/moveit_resources_prbt_support/urdf/prbt.xacro
[0.098s] -- Up-to-date: /home/buhrmann/ws_moveit/install/moveit_resources_prbt_support/share/moveit_resources_prbt_support/urdf/prbt_macro.xacro
[0.098s] -- Up-to-date: /home/buhrmann/ws_moveit/install/moveit_resources_prbt_support/share/moveit_resources_prbt_support/meshes
[0.098s] -- Up-to-date: /home/buhrmann/ws_moveit/install/moveit_resources_prbt_support/share/moveit_resources_prbt_support/meshes/link_4.stl
[0.098s] -- Up-to-date: /home/buhrmann/ws_moveit/install/moveit_resources_prbt_support/share/moveit_resources_prbt_support/meshes/flange.dae
[0.098s] -- Up-to-date: /home/buhrmann/ws_moveit/install/moveit_resources_prbt_support/share/moveit_resources_prbt_support/meshes/link_5.stl
[0.098s] -- Up-to-date: /home/buhrmann/ws_moveit/install/moveit_resources_prbt_support/share/moveit_resources_prbt_support/meshes/link_3.dae
[0.098s] -- Up-to-date: /home/buhrmann/ws_moveit/install/moveit_resources_prbt_support/share/moveit_resources_prbt_support/meshes/link_1.dae
[0.099s] -- Up-to-date: /home/buhrmann/ws_moveit/install/moveit_resources_prbt_support/share/moveit_resources_prbt_support/meshes/foot.dae
[0.099s] -- Up-to-date: /home/buhrmann/ws_moveit/install/moveit_resources_prbt_support/share/moveit_resources_prbt_support/meshes/link_3.stl
[0.099s] -- Up-to-date: /home/buhrmann/ws_moveit/install/moveit_resources_prbt_support/share/moveit_resources_prbt_support/meshes/foot.stl
[0.099s] -- Up-to-date: /home/buhrmann/ws_moveit/install/moveit_resources_prbt_support/share/moveit_resources_prbt_support/meshes/link_4.dae
[0.099s] -- Up-to-date: /home/buhrmann/ws_moveit/install/moveit_resources_prbt_support/share/moveit_resources_prbt_support/meshes/link_1.stl
[0.099s] -- Up-to-date: /home/buhrmann/ws_moveit/install/moveit_resources_prbt_support/share/moveit_resources_prbt_support/meshes/flange.stl
[0.099s] -- Up-to-date: /home/buhrmann/ws_moveit/install/moveit_resources_prbt_support/share/moveit_resources_prbt_support/meshes/link_2.stl
[0.099s] -- Up-to-date: /home/buhrmann/ws_moveit/install/moveit_resources_prbt_support/share/moveit_resources_prbt_support/meshes/link_2.dae
[0.100s] -- Up-to-date: /home/buhrmann/ws_moveit/install/moveit_resources_prbt_support/share/moveit_resources_prbt_support/meshes/link_5.dae
[0.100s] -- Up-to-date: /home/buhrmann/ws_moveit/install/moveit_resources_prbt_support/share/moveit_resources_prbt_support/config
[0.100s] -- Up-to-date: /home/buhrmann/ws_moveit/install/moveit_resources_prbt_support/share/moveit_resources_prbt_support/config/prbt_0_1.dcf
[0.100s] -- Up-to-date: /home/buhrmann/ws_moveit/install/moveit_resources_prbt_support/share/moveit_resources_prbt_support/config/manipulator_controller.yaml
[0.100s] -- Up-to-date: /home/buhrmann/ws_moveit/install/moveit_resources_prbt_support/share/moveit_resources_prbt_support/config/manipulator_driver.yaml
[0.100s] Invoked command in '/home/buhrmann/ws_moveit/build/moveit_resources_prbt_support' returned '0': CMAKE_PREFIX_PATH=${CMAKE_PREFIX_PATH}:/home/buhrmann/ws_moveit/install/moveit_configs_utils:/opt/ros/iron /usr/bin/cmake --install /home/buhrmann/ws_moveit/build/moveit_resources_prbt_support
