[01m[K/home/buhrmann/ws_moveit/src/point_cloud_circle_detector/src/point_cloud_plantpot_pfh_detector.cpp:[m[K In member function ‘[01m[Kvoid PointCloudCustomObjectMatcher::overrideOrientationAndPlaceOnPlane(pcl::PointCloud<pcl::PointXYZ>::Ptr&)[m[K’:
[01m[K/home/buhrmann/ws_moveit/src/point_cloud_circle_detector/src/point_cloud_plantpot_pfh_detector.cpp:287:21:[m[K [01;31m[Kerror: [m[K‘[01m[Ktf_buffer_[m[K’ was not declared in this scope
  287 |         transform = [01;31m[Ktf_buffer_[m[K->lookupTransform(
      |                     [01;31m[K^~~~~~~~~~[m[K
[01m[K/home/buhrmann/ws_moveit/src/point_cloud_circle_detector/src/point_cloud_plantpot_pfh_detector.cpp:294:33:[m[K [01;31m[Kerror: [m[Kno matching function for call to ‘[01m[KtransformPointCloud(std::__shared_ptr_access<pcl::PointCloud<pcl::PointXYZ>, __gnu_cxx::_S_atomic, false, false>::element_type&, std::__shared_ptr_access<pcl::PointCloud<pcl::PointXYZ>, __gnu_cxx::_S_atomic, false, false>::element_type&, geometry_msgs::msg::TransformStamped&)[m[K’
  294 |         [01;31m[Kpcl::transformPointCloud(*cloud, *aligned_world_object, transform)[m[K;
      |         [01;31m[K~~~~~~~~~~~~~~~~~~~~~~~~^~~~~~~~~~~~~~~~~~~~~~~~~~~~~~~~~~~~~~~~~~[m[K
In file included from [01m[K/usr/include/pcl-1.12/pcl/registration/transformation_estimation.h:43[m[K,
                 from [01m[K/usr/include/pcl-1.12/pcl/registration/registration.h:46[m[K,
                 from [01m[K/usr/include/pcl-1.12/pcl/registration/icp.h:46[m[K,
                 from [01m[K/home/buhrmann/ws_moveit/src/point_cloud_circle_detector/src/point_cloud_plantpot_pfh_detector.cpp:3[m[K:
[01m[K/usr/include/pcl-1.12/pcl/common/transforms.h:60:3:[m[K [01;36m[Knote: [m[Kcandidate: ‘[01m[Ktemplate<class PointT, class Scalar> void pcl::transformPointCloud(const pcl::PointCloud<PointT>&, pcl::PointCloud<PointT>&, const Eigen::Transform<Scalar, 3, 2>&, bool)[m[K’
   60 |   [01;36m[KtransformPointCloud[m[K (const pcl::PointCloud<PointT> &cloud_in,
      |   [01;36m[K^~~~~~~~~~~~~~~~~~~[m[K
[01m[K/usr/include/pcl-1.12/pcl/common/transforms.h:60:3:[m[K [01;36m[Knote: [m[K  template argument deduction/substitution failed:
[01m[K/home/buhrmann/ws_moveit/src/point_cloud_circle_detector/src/point_cloud_plantpot_pfh_detector.cpp:294:33:[m[K [01;36m[Knote: [m[K  ‘[01m[Kgeometry_msgs::msg::TransformStamped[m[K’ {aka ‘[01m[Kgeometry_msgs::msg::TransformStamped_<std::allocator<void> >[m[K’} is not derived from ‘[01m[Kconst Eigen::Transform<Scalar, 3, 2>[m[K’
  294 |         [01;36m[Kpcl::transformPointCloud(*cloud, *aligned_world_object, transform)[m[K;
      |         [01;36m[K~~~~~~~~~~~~~~~~~~~~~~~~^~~~~~~~~~~~~~~~~~~~~~~~~~~~~~~~~~~~~~~~~~[m[K
In file included from [01m[K/usr/include/pcl-1.12/pcl/registration/transformation_estimation.h:43[m[K,
                 from [01m[K/usr/include/pcl-1.12/pcl/registration/registration.h:46[m[K,
                 from [01m[K/usr/include/pcl-1.12/pcl/registration/icp.h:46[m[K,
                 from [01m[K/home/buhrmann/ws_moveit/src/point_cloud_circle_detector/src/point_cloud_plantpot_pfh_detector.cpp:3[m[K:
[01m[K/usr/include/pcl-1.12/pcl/common/transforms.h:69:3:[m[K [01;36m[Knote: [m[Kcandidate: ‘[01m[Ktemplate<class PointT> void pcl::transformPointCloud(const pcl::PointCloud<PointT>&, pcl::PointCloud<PointT>&, const Affine3f&, bool)[m[K’
   69 |   [01;36m[KtransformPointCloud[m[K (const pcl::PointCloud<PointT> &cloud_in,
      |   [01;36m[K^~~~~~~~~~~~~~~~~~~[m[K
[01m[K/usr/include/pcl-1.12/pcl/common/transforms.h:69:3:[m[K [01;36m[Knote: [m[K  template argument deduction/substitution failed:
[01m[K/home/buhrmann/ws_moveit/src/point_cloud_circle_detector/src/point_cloud_plantpot_pfh_detector.cpp:294:65:[m[K [01;36m[Knote: [m[K  cannot convert ‘[01m[Ktransform[m[K’ (type ‘[01m[Kgeometry_msgs::msg::TransformStamped[m[K’ {aka ‘[01m[Kgeometry_msgs::msg::TransformStamped_<std::allocator<void> >[m[K’}) to type ‘[01m[Kconst Affine3f&[m[K’ {aka ‘[01m[Kconst Eigen::Transform<float, 3, 2>&[m[K’}
  294 |         pcl::transformPointCloud(*cloud, *aligned_world_object, [01;36m[Ktransform[m[K);
      |                                                                 [01;36m[K^~~~~~~~~[m[K
In file included from [01m[K/usr/include/pcl-1.12/pcl/registration/transformation_estimation.h:43[m[K,
                 from [01m[K/usr/include/pcl-1.12/pcl/registration/registration.h:46[m[K,
                 from [01m[K/usr/include/pcl-1.12/pcl/registration/icp.h:46[m[K,
                 from [01m[K/home/buhrmann/ws_moveit/src/point_cloud_circle_detector/src/point_cloud_plantpot_pfh_detector.cpp:3[m[K:
[01m[K/usr/include/pcl-1.12/pcl/common/transforms.h:87:3:[m[K [01;36m[Knote: [m[Kcandidate: ‘[01m[Ktemplate<class PointT, class Scalar> void pcl::transformPointCloud(const pcl::PointCloud<PointT>&, const Indices&, pcl::PointCloud<PointT>&, const Eigen::Transform<Scalar, 3, 2>&, bool)[m[K’
   87 |   [01;36m[KtransformPointCloud[m[K (const pcl::PointCloud<PointT> &cloud_in,
      |   [01;36m[K^~~~~~~~~~~~~~~~~~~[m[K
[01m[K/usr/include/pcl-1.12/pcl/common/transforms.h:87:3:[m[K [01;36m[Knote: [m[K  template argument deduction/substitution failed:
[01m[K/home/buhrmann/ws_moveit/src/point_cloud_circle_detector/src/point_cloud_plantpot_pfh_detector.cpp:294:33:[m[K [01;36m[Knote: [m[K  ‘[01m[Kgeometry_msgs::msg::TransformStamped[m[K’ {aka ‘[01m[Kgeometry_msgs::msg::TransformStamped_<std::allocator<void> >[m[K’} is not derived from ‘[01m[Kpcl::PointCloud<PointT>[m[K’
  294 |         [01;36m[Kpcl::transformPointCloud(*cloud, *aligned_world_object, transform)[m[K;
      |         [01;36m[K~~~~~~~~~~~~~~~~~~~~~~~~^~~~~~~~~~~~~~~~~~~~~~~~~~~~~~~~~~~~~~~~~~[m[K
In file included from [01m[K/usr/include/pcl-1.12/pcl/registration/transformation_estimation.h:43[m[K,
                 from [01m[K/usr/include/pcl-1.12/pcl/registration/registration.h:46[m[K,
                 from [01m[K/usr/include/pcl-1.12/pcl/registration/icp.h:46[m[K,
                 from [01m[K/home/buhrmann/ws_moveit/src/point_cloud_circle_detector/src/point_cloud_plantpot_pfh_detector.cpp:3[m[K:
[01m[K/usr/include/pcl-1.12/pcl/common/transforms.h:97:3:[m[K [01;36m[Knote: [m[Kcandidate: ‘[01m[Ktemplate<class PointT> void pcl::transformPointCloud(const pcl::PointCloud<PointT>&, const Indices&, pcl::PointCloud<PointT>&, const Affine3f&, bool)[m[K’
   97 |   [01;36m[KtransformPointCloud[m[K (const pcl::PointCloud<PointT> &cloud_in,
      |   [01;36m[K^~~~~~~~~~~~~~~~~~~[m[K
[01m[K/usr/include/pcl-1.12/pcl/common/transforms.h:97:3:[m[K [01;36m[Knote: [m[K  template argument deduction/substitution failed:
[01m[K/home/buhrmann/ws_moveit/src/point_cloud_circle_detector/src/point_cloud_plantpot_pfh_detector.cpp:294:33:[m[K [01;36m[Knote: [m[K  ‘[01m[Kgeometry_msgs::msg::TransformStamped[m[K’ {aka ‘[01m[Kgeometry_msgs::msg::TransformStamped_<std::allocator<void> >[m[K’} is not derived from ‘[01m[Kpcl::PointCloud<PointT>[m[K’
  294 |         [01;36m[Kpcl::transformPointCloud(*cloud, *aligned_world_object, transform)[m[K;
      |         [01;36m[K~~~~~~~~~~~~~~~~~~~~~~~~^~~~~~~~~~~~~~~~~~~~~~~~~~~~~~~~~~~~~~~~~~[m[K
In file included from [01m[K/usr/include/pcl-1.12/pcl/registration/transformation_estimation.h:43[m[K,
                 from [01m[K/usr/include/pcl-1.12/pcl/registration/registration.h:46[m[K,
                 from [01m[K/usr/include/pcl-1.12/pcl/registration/icp.h:46[m[K,
                 from [01m[K/home/buhrmann/ws_moveit/src/point_cloud_circle_detector/src/point_cloud_plantpot_pfh_detector.cpp:3[m[K:
[01m[K/usr/include/pcl-1.12/pcl/common/transforms.h:116:3:[m[K [01;36m[Knote: [m[Kcandidate: ‘[01m[Ktemplate<class PointT, class Scalar> void pcl::transformPointCloud(const pcl::PointCloud<PointT>&, const pcl::PointIndices&, pcl::PointCloud<PointT>&, const Eigen::Transform<Scalar, 3, 2>&, bool)[m[K’
  116 |   [01;36m[KtransformPointCloud[m[K (const pcl::PointCloud<PointT> &cloud_in,
      |   [01;36m[K^~~~~~~~~~~~~~~~~~~[m[K
[01m[K/usr/include/pcl-1.12/pcl/common/transforms.h:116:3:[m[K [01;36m[Knote: [m[K  template argument deduction/substitution failed:
[01m[K/home/buhrmann/ws_moveit/src/point_cloud_circle_detector/src/point_cloud_plantpot_pfh_detector.cpp:294:33:[m[K [01;36m[Knote: [m[K  ‘[01m[Kgeometry_msgs::msg::TransformStamped[m[K’ {aka ‘[01m[Kgeometry_msgs::msg::TransformStamped_<std::allocator<void> >[m[K’} is not derived from ‘[01m[Kpcl::PointCloud<PointT>[m[K’
  294 |         [01;36m[Kpcl::transformPointCloud(*cloud, *aligned_world_object, transform)[m[K;
      |         [01;36m[K~~~~~~~~~~~~~~~~~~~~~~~~^~~~~~~~~~~~~~~~~~~~~~~~~~~~~~~~~~~~~~~~~~[m[K
In file included from [01m[K/usr/include/pcl-1.12/pcl/registration/transformation_estimation.h:43[m[K,
                 from [01m[K/usr/include/pcl-1.12/pcl/registration/registration.h:46[m[K,
                 from [01m[K/usr/include/pcl-1.12/pcl/registration/icp.h:46[m[K,
                 from [01m[K/home/buhrmann/ws_moveit/src/point_cloud_circle_detector/src/point_cloud_plantpot_pfh_detector.cpp:3[m[K:
[01m[K/usr/include/pcl-1.12/pcl/common/transforms.h:126:3:[m[K [01;36m[Knote: [m[Kcandidate: ‘[01m[Ktemplate<class PointT> void pcl::transformPointCloud(const pcl::PointCloud<PointT>&, const pcl::PointIndices&, pcl::PointCloud<PointT>&, const Affine3f&, bool)[m[K’
  126 |   [01;36m[KtransformPointCloud[m[K (const pcl::PointCloud<PointT> &cloud_in,
      |   [01;36m[K^~~~~~~~~~~~~~~~~~~[m[K
[01m[K/usr/include/pcl-1.12/pcl/common/transforms.h:126:3:[m[K [01;36m[Knote: [m[K  template argument deduction/substitution failed:
[01m[K/home/buhrmann/ws_moveit/src/point_cloud_circle_detector/src/point_cloud_plantpot_pfh_detector.cpp:294:33:[m[K [01;36m[Knote: [m[K  ‘[01m[Kgeometry_msgs::msg::TransformStamped[m[K’ {aka ‘[01m[Kgeometry_msgs::msg::TransformStamped_<std::allocator<void> >[m[K’} is not derived from ‘[01m[Kpcl::PointCloud<PointT>[m[K’
  294 |         [01;36m[Kpcl::transformPointCloud(*cloud, *aligned_world_object, transform)[m[K;
      |         [01;36m[K~~~~~~~~~~~~~~~~~~~~~~~~^~~~~~~~~~~~~~~~~~~~~~~~~~~~~~~~~~~~~~~~~~[m[K
In file included from [01m[K/usr/include/pcl-1.12/pcl/common/transforms.h:493[m[K,
                 from [01m[K/usr/include/pcl-1.12/pcl/registration/transformation_estimation.h:43[m[K,
                 from [01m[K/usr/include/pcl-1.12/pcl/registration/registration.h:46[m[K,
                 from [01m[K/usr/include/pcl-1.12/pcl/registration/icp.h:46[m[K,
                 from [01m[K/home/buhrmann/ws_moveit/src/point_cloud_circle_detector/src/point_cloud_plantpot_pfh_detector.cpp:3[m[K:
[01m[K/usr/include/pcl-1.12/pcl/common/impl/transforms.hpp:221:1:[m[K [01;36m[Knote: [m[Kcandidate: ‘[01m[Ktemplate<class PointT, class Scalar> void pcl::transformPointCloud(const pcl::PointCloud<PointT>&, pcl::PointCloud<PointT>&, const Eigen::Matrix<Scalar, 4, 4>&, bool)[m[K’
  221 | [01;36m[KtransformPointCloud[m[K (const pcl::PointCloud<PointT> &cloud_in,
      | [01;36m[K^~~~~~~~~~~~~~~~~~~[m[K
[01m[K/usr/include/pcl-1.12/pcl/common/impl/transforms.hpp:221:1:[m[K [01;36m[Knote: [m[K  template argument deduction/substitution failed:
[01m[K/home/buhrmann/ws_moveit/src/point_cloud_circle_detector/src/point_cloud_plantpot_pfh_detector.cpp:294:33:[m[K [01;36m[Knote: [m[K  ‘[01m[Kgeometry_msgs::msg::TransformStamped[m[K’ {aka ‘[01m[Kgeometry_msgs::msg::TransformStamped_<std::allocator<void> >[m[K’} is not derived from ‘[01m[Kconst Eigen::Matrix<Scalar, 4, 4>[m[K’
  294 |         [01;36m[Kpcl::transformPointCloud(*cloud, *aligned_world_object, transform)[m[K;
      |         [01;36m[K~~~~~~~~~~~~~~~~~~~~~~~~^~~~~~~~~~~~~~~~~~~~~~~~~~~~~~~~~~~~~~~~~~[m[K
In file included from [01m[K/usr/include/pcl-1.12/pcl/registration/transformation_estimation.h:43[m[K,
                 from [01m[K/usr/include/pcl-1.12/pcl/registration/registration.h:46[m[K,
                 from [01m[K/usr/include/pcl-1.12/pcl/registration/icp.h:46[m[K,
                 from [01m[K/home/buhrmann/ws_moveit/src/point_cloud_circle_detector/src/point_cloud_plantpot_pfh_detector.cpp:3[m[K:
[01m[K/usr/include/pcl-1.12/pcl/common/transforms.h:237:3:[m[K [01;36m[Knote: [m[Kcandidate: ‘[01m[Ktemplate<class PointT> void pcl::transformPointCloud(const pcl::PointCloud<PointT>&, pcl::PointCloud<PointT>&, const Matrix4f&, bool)[m[K’
  237 |   [01;36m[KtransformPointCloud[m[K (const pcl::PointCloud<PointT> &cloud_in,
      |   [01;36m[K^~~~~~~~~~~~~~~~~~~[m[K
[01m[K/usr/include/pcl-1.12/pcl/common/transforms.h:237:3:[m[K [01;36m[Knote: [m[K  template argument deduction/substitution failed:
[01m[K/home/buhrmann/ws_moveit/src/point_cloud_circle_detector/src/point_cloud_plantpot_pfh_detector.cpp:294:65:[m[K [01;36m[Knote: [m[K  cannot convert ‘[01m[Ktransform[m[K’ (type ‘[01m[Kgeometry_msgs::msg::TransformStamped[m[K’ {aka ‘[01m[Kgeometry_msgs::msg::TransformStamped_<std::allocator<void> >[m[K’}) to type ‘[01m[Kconst Matrix4f&[m[K’ {aka ‘[01m[Kconst Eigen::Matrix<float, 4, 4>&[m[K’}
  294 |         pcl::transformPointCloud(*cloud, *aligned_world_object, [01;36m[Ktransform[m[K);
      |                                                                 [01;36m[K^~~~~~~~~[m[K
In file included from [01m[K/usr/include/pcl-1.12/pcl/common/transforms.h:493[m[K,
                 from [01m[K/usr/include/pcl-1.12/pcl/registration/transformation_estimation.h:43[m[K,
                 from [01m[K/usr/include/pcl-1.12/pcl/registration/registration.h:46[m[K,
                 from [01m[K/usr/include/pcl-1.12/pcl/registration/icp.h:46[m[K,
                 from [01m[K/home/buhrmann/ws_moveit/src/point_cloud_circle_detector/src/point_cloud_plantpot_pfh_detector.cpp:3[m[K:
[01m[K/usr/include/pcl-1.12/pcl/common/impl/transforms.hpp:263:1:[m[K [01;36m[Knote: [m[Kcandidate: ‘[01m[Ktemplate<class PointT, class Scalar> void pcl::transformPointCloud(const pcl::PointCloud<PointT>&, const Indices&, pcl::PointCloud<PointT>&, const Eigen::Matrix<Scalar, 4, 4>&, bool)[m[K’
  263 | [01;36m[KtransformPointCloud[m[K (const pcl::PointCloud<PointT> &cloud_in,
      | [01;36m[K^~~~~~~~~~~~~~~~~~~[m[K
[01m[K/usr/include/pcl-1.12/pcl/common/impl/transforms.hpp:263:1:[m[K [01;36m[Knote: [m[K  template argument deduction/substitution failed:
[01m[K/home/buhrmann/ws_moveit/src/point_cloud_circle_detector/src/point_cloud_plantpot_pfh_detector.cpp:294:33:[m[K [01;36m[Knote: [m[K  ‘[01m[Kgeometry_msgs::msg::TransformStamped[m[K’ {aka ‘[01m[Kgeometry_msgs::msg::TransformStamped_<std::allocator<void> >[m[K’} is not derived from ‘[01m[Kpcl::PointCloud<PointT>[m[K’
  294 |         [01;36m[Kpcl::transformPointCloud(*cloud, *aligned_world_object, transform)[m[K;
      |         [01;36m[K~~~~~~~~~~~~~~~~~~~~~~~~^~~~~~~~~~~~~~~~~~~~~~~~~~~~~~~~~~~~~~~~~~[m[K
In file included from [01m[K/usr/include/pcl-1.12/pcl/registration/transformation_estimation.h:43[m[K,
                 from [01m[K/usr/include/pcl-1.12/pcl/registration/registration.h:46[m[K,
                 from [01m[K/usr/include/pcl-1.12/pcl/registration/icp.h:46[m[K,
                 from [01m[K/home/buhrmann/ws_moveit/src/point_cloud_circle_detector/src/point_cloud_plantpot_pfh_detector.cpp:3[m[K:
[01m[K/usr/include/pcl-1.12/pcl/common/transforms.h:262:3:[m[K [01;36m[Knote: [m[Kcandidate: ‘[01m[Ktemplate<class PointT> void pcl::transformPointCloud(const pcl::PointCloud<PointT>&, const Indices&, pcl::PointCloud<PointT>&, const Matrix4f&, bool)[m[K’
  262 |   [01;36m[KtransformPointCloud[m[K (const pcl::PointCloud<PointT> &cloud_in,
      |   [01;36m[K^~~~~~~~~~~~~~~~~~~[m[K
[01m[K/usr/include/pcl-1.12/pcl/common/transforms.h:262:3:[m[K [01;36m[Knote: [m[K  template argument deduction/substitution failed:
[01m[K/home/buhrmann/ws_moveit/src/point_cloud_circle_detector/src/point_cloud_plantpot_pfh_detector.cpp:294:33:[m[K [01;36m[Knote: [m[K  ‘[01m[Kgeometry_msgs::msg::TransformStamped[m[K’ {aka ‘[01m[Kgeometry_msgs::msg::TransformStamped_<std::allocator<void> >[m[K’} is not derived from ‘[01m[Kpcl::PointCloud<PointT>[m[K’
  294 |         [01;36m[Kpcl::transformPointCloud(*cloud, *aligned_world_object, transform)[m[K;
      |         [01;36m[K~~~~~~~~~~~~~~~~~~~~~~~~^~~~~~~~~~~~~~~~~~~~~~~~~~~~~~~~~~~~~~~~~~[m[K
In file included from [01m[K/usr/include/pcl-1.12/pcl/registration/transformation_estimation.h:43[m[K,
                 from [01m[K/usr/include/pcl-1.12/pcl/registration/registration.h:46[m[K,
                 from [01m[K/usr/include/pcl-1.12/pcl/registration/icp.h:46[m[K,
                 from [01m[K/home/buhrmann/ws_moveit/src/point_cloud_circle_detector/src/point_cloud_plantpot_pfh_detector.cpp:3[m[K:
[01m[K/usr/include/pcl-1.12/pcl/common/transforms.h:281:3:[m[K [01;36m[Knote: [m[Kcandidate: ‘[01m[Ktemplate<class PointT, class Scalar> void pcl::transformPointCloud(const pcl::PointCloud<PointT>&, const pcl::PointIndices&, pcl::PointCloud<PointT>&, const Eigen::Matrix<Scalar, 4, 4>&, bool)[m[K’
  281 |   [01;36m[KtransformPointCloud[m[K (const pcl::PointCloud<PointT> &cloud_in,
      |   [01;36m[K^~~~~~~~~~~~~~~~~~~[m[K
[01m[K/usr/include/pcl-1.12/pcl/common/transforms.h:281:3:[m[K [01;36m[Knote: [m[K  template argument deduction/substitution failed:
[01m[K/home/buhrmann/ws_moveit/src/point_cloud_circle_detector/src/point_cloud_plantpot_pfh_detector.cpp:294:33:[m[K [01;36m[Knote: [m[K  ‘[01m[Kgeometry_msgs::msg::TransformStamped[m[K’ {aka ‘[01m[Kgeometry_msgs::msg::TransformStamped_<std::allocator<void> >[m[K’} is not derived from ‘[01m[Kpcl::PointCloud<PointT>[m[K’
  294 |         [01;36m[Kpcl::transformPointCloud(*cloud, *aligned_world_object, transform)[m[K;
      |         [01;36m[K~~~~~~~~~~~~~~~~~~~~~~~~^~~~~~~~~~~~~~~~~~~~~~~~~~~~~~~~~~~~~~~~~~[m[K
In file included from [01m[K/usr/include/pcl-1.12/pcl/registration/transformation_estimation.h:43[m[K,
                 from [01m[K/usr/include/pcl-1.12/pcl/registration/registration.h:46[m[K,
                 from [01m[K/usr/include/pcl-1.12/pcl/registration/icp.h:46[m[K,
                 from [01m[K/home/buhrmann/ws_moveit/src/point_cloud_circle_detector/src/point_cloud_plantpot_pfh_detector.cpp:3[m[K:
[01m[K/usr/include/pcl-1.12/pcl/common/transforms.h:291:3:[m[K [01;36m[Knote: [m[Kcandidate: ‘[01m[Ktemplate<class PointT> void pcl::transformPointCloud(const pcl::PointCloud<PointT>&, const pcl::PointIndices&, pcl::PointCloud<PointT>&, const Matrix4f&, bool)[m[K’
  291 |   [01;36m[KtransformPointCloud[m[K (const pcl::PointCloud<PointT> &cloud_in,
      |   [01;36m[K^~~~~~~~~~~~~~~~~~~[m[K
[01m[K/usr/include/pcl-1.12/pcl/common/transforms.h:291:3:[m[K [01;36m[Knote: [m[K  template argument deduction/substitution failed:
[01m[K/home/buhrmann/ws_moveit/src/point_cloud_circle_detector/src/point_cloud_plantpot_pfh_detector.cpp:294:33:[m[K [01;36m[Knote: [m[K  ‘[01m[Kgeometry_msgs::msg::TransformStamped[m[K’ {aka ‘[01m[Kgeometry_msgs::msg::TransformStamped_<std::allocator<void> >[m[K’} is not derived from ‘[01m[Kpcl::PointCloud<PointT>[m[K’
  294 |         [01;36m[Kpcl::transformPointCloud(*cloud, *aligned_world_object, transform)[m[K;
      |         [01;36m[K~~~~~~~~~~~~~~~~~~~~~~~~^~~~~~~~~~~~~~~~~~~~~~~~~~~~~~~~~~~~~~~~~~[m[K
In file included from [01m[K/usr/include/pcl-1.12/pcl/common/transforms.h:493[m[K,
                 from [01m[K/usr/include/pcl-1.12/pcl/registration/transformation_estimation.h:43[m[K,
                 from [01m[K/usr/include/pcl-1.12/pcl/registration/registration.h:46[m[K,
                 from [01m[K/usr/include/pcl-1.12/pcl/registration/icp.h:46[m[K,
                 from [01m[K/home/buhrmann/ws_moveit/src/point_cloud_circle_detector/src/point_cloud_plantpot_pfh_detector.cpp:3[m[K:
[01m[K/usr/include/pcl-1.12/pcl/common/impl/transforms.hpp:407:1:[m[K [01;36m[Knote: [m[Kcandidate: ‘[01m[Ktemplate<class PointT, class Scalar> void pcl::transformPointCloud(const pcl::PointCloud<PointT>&, pcl::PointCloud<PointT>&, const Eigen::Matrix<Scalar, 3, 1>&, const Eigen::Quaternion<Scalar>&, bool)[m[K’
  407 | [01;36m[KtransformPointCloud[m[K (const pcl::PointCloud<PointT> &cloud_in,
      | [01;36m[K^~~~~~~~~~~~~~~~~~~[m[K
[01m[K/usr/include/pcl-1.12/pcl/common/impl/transforms.hpp:407:1:[m[K [01;36m[Knote: [m[K  template argument deduction/substitution failed:
[01m[K/home/buhrmann/ws_moveit/src/point_cloud_circle_detector/src/point_cloud_plantpot_pfh_detector.cpp:294:33:[m[K [01;36m[Knote: [m[K  ‘[01m[Kgeometry_msgs::msg::TransformStamped[m[K’ {aka ‘[01m[Kgeometry_msgs::msg::TransformStamped_<std::allocator<void> >[m[K’} is not derived from ‘[01m[Kconst Eigen::Matrix<Scalar, 3, 1>[m[K’
  294 |         [01;36m[Kpcl::transformPointCloud(*cloud, *aligned_world_object, transform)[m[K;
      |         [01;36m[K~~~~~~~~~~~~~~~~~~~~~~~~^~~~~~~~~~~~~~~~~~~~~~~~~~~~~~~~~~~~~~~~~~[m[K
In file included from [01m[K/usr/include/pcl-1.12/pcl/registration/transformation_estimation.h:43[m[K,
                 from [01m[K/usr/include/pcl-1.12/pcl/registration/registration.h:46[m[K,
                 from [01m[K/usr/include/pcl-1.12/pcl/registration/icp.h:46[m[K,
                 from [01m[K/home/buhrmann/ws_moveit/src/point_cloud_circle_detector/src/point_cloud_plantpot_pfh_detector.cpp:3[m[K:
[01m[K/usr/include/pcl-1.12/pcl/common/transforms.h:404:3:[m[K [01;36m[Knote: [m[Kcandidate: ‘[01m[Ktemplate<class PointT> void pcl::transformPointCloud(const pcl::PointCloud<PointT>&, pcl::PointCloud<PointT>&, const Vector3f&, const Quaternionf&, bool)[m[K’
  404 |   [01;36m[KtransformPointCloud[m[K (const pcl::PointCloud<PointT> &cloud_in,
      |   [01;36m[K^~~~~~~~~~~~~~~~~~~[m[K
[01m[K/usr/include/pcl-1.12/pcl/common/transforms.h:404:3:[m[K [01;36m[Knote: [m[K  template argument deduction/substitution failed:
[01m[K/home/buhrmann/ws_moveit/src/point_cloud_circle_detector/src/point_cloud_plantpot_pfh_detector.cpp:294:33:[m[K [01;36m[Knote: [m[K  candidate expects 5 arguments, 3 provided
  294 |         [01;36m[Kpcl::transformPointCloud(*cloud, *aligned_world_object, transform)[m[K;
      |         [01;36m[K~~~~~~~~~~~~~~~~~~~~~~~~^~~~~~~~~~~~~~~~~~~~~~~~~~~~~~~~~~~~~~~~~~[m[K
gmake[2]: *** [CMakeFiles/point_cloud_plantpot_pfh_detector.dir/build.make:76: CMakeFiles/point_cloud_plantpot_pfh_detector.dir/src/point_cloud_plantpot_pfh_detector.cpp.o] Error 1
gmake[1]: *** [CMakeFiles/Makefile2:249: CMakeFiles/point_cloud_plantpot_pfh_detector.dir/all] Error 2
gmake: *** [Makefile:146: all] Error 2
