[0.180s] Invoking command in '/home/buhrmann/ws_moveit/build/point_cloud_circle_detector': CMAKE_PREFIX_PATH=${CMAKE_PREFIX_PATH}:/home/buhrmann/ws_moveit/install/ros2_azure_bridge:/home/buhrmann/ws_moveit/install/moveit_configs_utils:/opt/ros/iron /usr/bin/cmake --build /home/buhrmann/ws_moveit/build/point_cloud_circle_detector -- -j28 -l28
[0.202s] -- Found ament_cmake: 2.0.7 (/opt/ros/iron/share/ament_cmake/cmake)
[0.298s] -- Found sensor_msgs: 5.0.1 (/opt/ros/iron/share/sensor_msgs/cmake)
[0.315s] -- Found rosidl_generator_c: 4.0.1 (/opt/ros/iron/share/rosidl_generator_c/cmake)
[0.317s] -- Found rosidl_generator_cpp: 4.0.1 (/opt/ros/iron/share/rosidl_generator_cpp/cmake)
[0.325s] -- Using all available rosidl_typesupport_c: rosidl_typesupport_fastrtps_c;rosidl_typesupport_introspection_c
[0.335s] -- Using all available rosidl_typesupport_cpp: rosidl_typesupport_fastrtps_cpp;rosidl_typesupport_introspection_cpp
[0.452s] -- Found rclcpp: 21.0.8 (/opt/ros/iron/share/rclcpp/cmake)
[0.546s] -- Found rmw_implementation_cmake: 7.1.0 (/opt/ros/iron/share/rmw_implementation_cmake/cmake)
[0.546s] -- Found rmw_fastrtps_cpp: 7.1.4 (/opt/ros/iron/share/rmw_fastrtps_cpp/cmake)
[0.584s] -- Using RMW implementation 'rmw_fastrtps_cpp' as default
[0.666s] -- Found pcl_conversions: 2.5.4 (/opt/ros/iron/share/pcl_conversions/cmake)
[0.775s] -- FLANN found (include: /usr/include, lib: /usr/lib/x86_64-linux-gnu/libflann_cpp.so)
[0.786s] -- OpenNI found (version: 1.5.4.0, include: /usr/include/ni, lib: /usr/lib/libOpenNI.so;libusb::libusb)
[0.789s] -- OpenNI2 found (version: 2.2.0.33, include: /usr/include/openni2, lib: /usr/lib/x86_64-linux-gnu/libOpenNI2.so;libusb::libusb)
[0.792s] -- Could NOT find Pcap (missing: PCAP_LIBRARIES PCAP_INCLUDE_DIRS) 
[1.049s] -- OpenNI found (version: 1.5.4.0, include: /usr/include/ni, lib: /usr/lib/libOpenNI.so;libusb::libusb)
[1.054s] -- OpenNI2 found (version: 2.2.0.33, include: /usr/include/openni2, lib: /usr/lib/x86_64-linux-gnu/libOpenNI2.so;libusb::libusb)
[1.247s] -- Found Qhull version 8.0.2
[1.451s] -- Found cv_bridge: 3.5.0 (/opt/ros/iron/share/cv_bridge/cmake)
[1.463s] -- Found moveit_ros_planning_interface: 2.11.0 (/home/buhrmann/ws_moveit/install/moveit_ros_planning_interface/share/moveit_ros_planning_interface/cmake)
[1.468s] -- Found Boost: /usr/lib/x86_64-linux-gnu/cmake/Boost-1.74.0/BoostConfig.cmake (found version "1.74.0") found components: date_time filesystem program_options system thread 
[2.016s] -- Found Boost: /usr/lib/x86_64-linux-gnu/cmake/Boost-1.74.0/BoostConfig.cmake (found version "1.74.0") found components: chrono date_time filesystem iostreams program_options regex serialization system thread 
[2.030s] -- Found parameter_traits: 0.3.9 (/opt/ros/iron/share/parameter_traits/cmake)
[2.037s] -- Found rclcpp_lifecycle: 21.0.8 (/opt/ros/iron/share/rclcpp_lifecycle/cmake)
[2.094s] -- Found Boost: /usr/lib/x86_64-linux-gnu/cmake/Boost-1.74.0/BoostConfig.cmake (found version "1.74.0") found components: filesystem 
[2.121s] -- library: /usr/lib/x86_64-linux-gnu/libcurl.so
[2.222s] -- Ensuring Eigen3 include directory is part of orocos-kdl CMake target
[2.591s] -- Found Boost: /usr/lib/x86_64-linux-gnu/cmake/Boost-1.74.0/BoostConfig.cmake (found version "1.74.0") found components: system filesystem date_time program_options thread chrono 
[3.037s] -- Found Boost: /usr/lib/x86_64-linux-gnu/cmake/Boost-1.74.0/BoostConfig.cmake (found version "1.74.0") found components: thread system filesystem regex date_time program_options 
[3.171s] -- Found Boost: /usr/lib/x86_64-linux-gnu/cmake/Boost-1.74.0/BoostConfig.cmake (found version "1.74.0") found components: system filesystem date_time program_options thread 
[3.349s] -- Found common_services_package: 0.0.0 (/home/buhrmann/ws_moveit/install/common_services_package/share/common_services_package/cmake)
[4.781s] -- Found ament_lint_auto: 0.14.4 (/opt/ros/iron/share/ament_lint_auto/cmake)
[4.822s] -- Added test 'cppcheck' to perform static code analysis on C / C++ code
[4.823s] -- Configured cppcheck include dirs: 
[4.823s] -- Configured cppcheck exclude dirs and/or files: 
[4.823s] -- Added test 'lint_cmake' to check CMake code style
[4.824s] -- Added test 'uncrustify' to check C / C++ code style
[4.824s] -- Configured uncrustify additional arguments: 
[4.824s] -- Added test 'xmllint' to check XML markup files
[4.824s] -- Configuring done
[5.012s] -- Generating done
[5.060s] -- Build files have been written to: /home/buhrmann/ws_moveit/build/point_cloud_circle_detector
[5.097s] [35m[1mConsolidate compiler generated dependencies of target cup_segmentation_color[0m
[5.097s] [35m[1mConsolidate compiler generated dependencies of target point_cloud_circle_detector[0m
[5.097s] [35m[1mConsolidate compiler generated dependencies of target point_cloud_plantpot_ppf_detector[0m
[5.097s] [35m[1mConsolidate compiler generated dependencies of target point_cloud_plantpot_rgb_edge_pfh_detector[0m
[5.097s] [35m[1mConsolidate compiler generated dependencies of target point_cloud_plantpot_edge_pfh_detector[0m
[5.097s] [35m[1mConsolidate compiler generated dependencies of target image_based_hsv_color_filter[0m
[5.097s] [35m[1mConsolidate compiler generated dependencies of target plantplot_icp_conversion[0m
[5.098s] [35m[1mConsolidate compiler generated dependencies of target plantpod_pointcloud_segmentation_and_coloring_service[0m
[5.101s] [35m[1mConsolidate compiler generated dependencies of target rgb_edge_filter[0m
[5.101s] [35m[1mConsolidate compiler generated dependencies of target cup_pointcloud_segmentation_color[0m
[5.101s] [35m[1mConsolidate compiler generated dependencies of target hsv_color_filter[0m
[5.101s] [35m[1mConsolidate compiler generated dependencies of target point_cloud_cylinder_detector[0m
[5.101s] [35m[1mConsolidate compiler generated dependencies of target point_cloud_plantpot_detector[0m
[5.101s] [35m[1mConsolidate compiler generated dependencies of target point_cloud_plantpot_pfh_detector[0m
[5.104s] [35m[1mConsolidate compiler generated dependencies of target plantplot_ransac_conversion[0m
[5.104s] [35m[1mConsolidate compiler generated dependencies of target plantplot_placement[0m
[5.111s] [  8%] Built target point_cloud_circle_detector
[5.111s] [  8%] [32mBuilding CXX object CMakeFiles/plantplot_placement_service.dir/src/plantplot_placement_service.cpp.o[0m
[5.111s] [ 17%] [32mBuilding CXX object CMakeFiles/plantpod_pointcloud_segmentation_and_coloring_service.dir/src/plantpod_pointcloud_segmentation_and_coloring_service.cpp.o[0m
[5.111s] [ 17%] Built target point_cloud_plantpot_edge_pfh_detector
[5.112s] [ 23%] Built target plantplot_icp_conversion
[5.113s] [ 29%] Built target point_cloud_plantpot_ppf_detector
[5.113s] [ 38%] Built target image_based_hsv_color_filter
[5.113s] [ 41%] Built target cup_segmentation_color
[5.115s] [ 47%] Built target point_cloud_plantpot_rgb_edge_pfh_detector
[5.115s] [ 52%] Built target hsv_color_filter
[5.117s] [ 58%] Built target point_cloud_plantpot_detector
[5.117s] [ 64%] Built target rgb_edge_filter
[5.120s] [ 70%] Built target cup_pointcloud_segmentation_color
[5.122s] [ 85%] Built target plantplot_ransac_conversion
[5.122s] [ 85%] Built target point_cloud_cylinder_detector
[5.122s] [ 88%] Built target point_cloud_plantpot_pfh_detector
[5.125s] [ 94%] Built target plantplot_placement
[8.328s] [01m[K/home/buhrmann/ws_moveit/src/point_cloud_circle_detector/src/plantpod_pointcloud_segmentation_and_coloring_service.cpp:232:50:[m[K [01;31m[Kerror: [m[K‘[01m[KGetFloat32Array[m[K’ is not a member of ‘[01m[Kcommon_services_package::srv[m[K’
[8.329s]   232 |     rclcpp::Client<common_services_package::srv::[01;31m[KGetFloat32Array[m[K>::SharedPtr cup_service_client_;
[8.329s]       |                                                  [01;31m[K^~~~~~~~~~~~~~~[m[K
[8.329s] [01m[K/home/buhrmann/ws_moveit/src/point_cloud_circle_detector/src/plantpod_pointcloud_segmentation_and_coloring_service.cpp:232:65:[m[K [01;31m[Kerror: [m[Ktemplate argument 1 is invalid
[8.329s]   232 |     rclcpp::Client<common_services_package::srv::GetFloat32Array[01;31m[K>[m[K::SharedPtr cup_service_client_;
[8.329s]       |                                                                 [01;31m[K^[m[K
[8.329s] [01m[K/home/buhrmann/ws_moveit/src/point_cloud_circle_detector/src/plantpod_pointcloud_segmentation_and_coloring_service.cpp:232:68:[m[K [01;31m[Kerror: [m[Kexpected ‘[01m[K;[m[K’ at end of member declaration
[8.329s]   232 |     rclcpp::Client<common_services_package::srv::GetFloat32Array>::[01;31m[KSharedPtr[m[K cup_service_client_;
[8.329s]       |                                                                    [01;31m[K^~~~~~~~~[m[K
[8.329s]       |                                                                             [32m[K;[m[K
[8.337s] [01m[K/home/buhrmann/ws_moveit/src/point_cloud_circle_detector/src/plantpod_pointcloud_segmentation_and_coloring_service.cpp:232:78:[m[K [01;31m[Kerror: [m[K‘[01m[Kcup_service_client_[m[K’ does not name a type
[8.337s]   232 |     rclcpp::Client<common_services_package::srv::GetFloat32Array>::SharedPtr [01;31m[Kcup_service_client_[m[K;
[8.337s]       |                                                                              [01;31m[K^~~~~~~~~~~~~~~~~~~[m[K
[8.366s] [01m[K/home/buhrmann/ws_moveit/src/point_cloud_circle_detector/src/plantpod_pointcloud_segmentation_and_coloring_service.cpp:[m[K In constructor ‘[01m[KPointCloudGenerator::PointCloudGenerator()[m[K’:
[8.366s] [01m[K/home/buhrmann/ws_moveit/src/point_cloud_circle_detector/src/plantpod_pointcloud_segmentation_and_coloring_service.cpp:43:9:[m[K [01;31m[Kerror: [m[K‘[01m[Kcup_service_client_[m[K’ was not declared in this scope
[8.366s]    43 |         [01;31m[Kcup_service_client_[m[K = create_client<common_services_package::srv::GetFloat32Array>("/UR5/service/cup_pixel_coordinates");
[8.366s]       |         [01;31m[K^~~~~~~~~~~~~~~~~~~[m[K
[8.368s] [01m[K/home/buhrmann/ws_moveit/src/point_cloud_circle_detector/src/plantpod_pointcloud_segmentation_and_coloring_service.cpp:43:75:[m[K [01;31m[Kerror: [m[K‘[01m[KGetFloat32Array[m[K’ is not a member of ‘[01m[Kcommon_services_package::srv[m[K’
[8.368s]    43 |         cup_service_client_ = create_client<common_services_package::srv::[01;31m[KGetFloat32Array[m[K>("/UR5/service/cup_pixel_coordinates");
[8.368s]       |                                                                           [01;31m[K^~~~~~~~~~~~~~~[m[K
[8.368s] [01m[K/home/buhrmann/ws_moveit/src/point_cloud_circle_detector/src/plantpod_pointcloud_segmentation_and_coloring_service.cpp:43:91:[m[K [01;31m[Kerror: [m[Kno matching function for call to ‘[01m[KPointCloudGenerator::create_client<<expression error> >(const char [35])[m[K’
[8.368s]    43 |         cup_service_client_ = [01;31m[Kcreate_client<common_services_package::srv::GetFloat32Array>("/UR5/service/cup_pixel_coordinates")[m[K;
[8.368s]       |                               [01;31m[K~~~~~~~~~~~~~~~~~~~~~~~~~~~~~~~~~~~~~~~~~~~~~~~~~~~~~~~~~~~~^~~~~~~~~~~~~~~~~~~~~~~~~~~~~~~~~~~~~~[m[K
[8.368s] In file included from [01m[K/opt/ros/iron/include/rclcpp/rclcpp/executors/single_threaded_executor.hpp:28[m[K,
[8.368s]                  from [01m[K/opt/ros/iron/include/rclcpp/rclcpp/executors.hpp:22[m[K,
[8.368s]                  from [01m[K/opt/ros/iron/include/rclcpp/rclcpp/rclcpp.hpp:167[m[K,
[8.368s]                  from [01m[K/home/buhrmann/ws_moveit/src/point_cloud_circle_detector/src/plantpod_pointcloud_segmentation_and_coloring_service.cpp:1[m[K:
[8.368s] [01m[K/opt/ros/iron/include/rclcpp/rclcpp/node.hpp:268:3:[m[K [01;36m[Knote: [m[Kcandidate: ‘[01m[Ktemplate<class ServiceT> typename rclcpp::Client<ServiceT>::SharedPtr rclcpp::Node::create_client(const string&, const rmw_qos_profile_t&, rclcpp::CallbackGroup::SharedPtr)[m[K’
[8.368s]   268 |   [01;36m[Kcreate_client[m[K(
[8.368s]       |   [01;36m[K^~~~~~~~~~~~~[m[K
[8.368s] [01m[K/opt/ros/iron/include/rclcpp/rclcpp/node.hpp:268:3:[m[K [01;36m[Knote: [m[K  template argument deduction/substitution failed:
[8.369s] [01m[K/home/buhrmann/ws_moveit/src/point_cloud_circle_detector/src/plantpod_pointcloud_segmentation_and_coloring_service.cpp:43:91:[m[K [01;31m[Kerror: [m[Ktemplate argument 1 is invalid
[8.369s]    43 |         cup_service_client_ = [01;31m[Kcreate_client<common_services_package::srv::GetFloat32Array>("/UR5/service/cup_pixel_coordinates")[m[K;
[8.369s]       |                               [01;31m[K~~~~~~~~~~~~~~~~~~~~~~~~~~~~~~~~~~~~~~~~~~~~~~~~~~~~~~~~~~~~^~~~~~~~~~~~~~~~~~~~~~~~~~~~~~~~~~~~~~[m[K
[8.369s] In file included from [01m[K/opt/ros/iron/include/rclcpp/rclcpp/executors/single_threaded_executor.hpp:28[m[K,
[8.369s]                  from [01m[K/opt/ros/iron/include/rclcpp/rclcpp/executors.hpp:22[m[K,
[8.369s]                  from [01m[K/opt/ros/iron/include/rclcpp/rclcpp/rclcpp.hpp:167[m[K,
[8.369s]                  from [01m[K/home/buhrmann/ws_moveit/src/point_cloud_circle_detector/src/plantpod_pointcloud_segmentation_and_coloring_service.cpp:1[m[K:
[8.369s] [01m[K/opt/ros/iron/include/rclcpp/rclcpp/node.hpp:282:3:[m[K [01;36m[Knote: [m[Kcandidate: ‘[01m[Ktemplate<class ServiceT> typename rclcpp::Client<ServiceT>::SharedPtr rclcpp::Node::create_client(const string&, const rclcpp::QoS&, rclcpp::CallbackGroup::SharedPtr)[m[K’
[8.369s]   282 |   [01;36m[Kcreate_client[m[K(
[8.369s]       |   [01;36m[K^~~~~~~~~~~~~[m[K
[8.369s] [01m[K/opt/ros/iron/include/rclcpp/rclcpp/node.hpp:282:3:[m[K [01;36m[Knote: [m[K  template argument deduction/substitution failed:
[8.369s] [01m[K/home/buhrmann/ws_moveit/src/point_cloud_circle_detector/src/plantpod_pointcloud_segmentation_and_coloring_service.cpp:43:91:[m[K [01;31m[Kerror: [m[Ktemplate argument 1 is invalid
[8.369s]    43 |         cup_service_client_ = [01;31m[Kcreate_client<common_services_package::srv::GetFloat32Array>("/UR5/service/cup_pixel_coordinates")[m[K;
[8.369s]       |                               [01;31m[K~~~~~~~~~~~~~~~~~~~~~~~~~~~~~~~~~~~~~~~~~~~~~~~~~~~~~~~~~~~~^~~~~~~~~~~~~~~~~~~~~~~~~~~~~~~~~~~~~~[m[K
[8.398s] [01m[K/home/buhrmann/ws_moveit/src/point_cloud_circle_detector/src/plantpod_pointcloud_segmentation_and_coloring_service.cpp:[m[K In member function ‘[01m[Kvoid PointCloudGenerator::call_cup_service()[m[K’:
[8.398s] [01m[K/home/buhrmann/ws_moveit/src/point_cloud_circle_detector/src/plantpod_pointcloud_segmentation_and_coloring_service.cpp:97:14:[m[K [01;31m[Kerror: [m[K‘[01m[Kcup_service_client_[m[K’ was not declared in this scope
[8.398s]    97 |         if (![01;31m[Kcup_service_client_[m[K->wait_for_service(1s)) {
[8.398s]       |              [01;31m[K^~~~~~~~~~~~~~~~~~~[m[K
[8.400s] [01m[K/home/buhrmann/ws_moveit/src/point_cloud_circle_detector/src/plantpod_pointcloud_segmentation_and_coloring_service.cpp:103:71:[m[K [01;31m[Kerror: [m[K‘[01m[KGetFloat32Array[m[K’ is not a member of ‘[01m[Kcommon_services_package::srv[m[K’
[8.400s]   103 |         auto request = std::make_shared<common_services_package::srv::[01;31m[KGetFloat32Array[m[K::Request>();
[8.400s]       |                                                                       [01;31m[K^~~~~~~~~~~~~~~[m[K
[8.400s] [01m[K/home/buhrmann/ws_moveit/src/point_cloud_circle_detector/src/plantpod_pointcloud_segmentation_and_coloring_service.cpp:103:29:[m[K [01;31m[Kerror: [m[Kparse error in template argument list
[8.400s]   103 |         auto request = std::[01;31m[Kmake_shared<common_services_package::srv::GetFloat32Array::Request>[m[K();
[8.400s]       |                             [01;31m[K^~~~~~~~~~~~~~~~~~~~~~~~~~~~~~~~~~~~~~~~~~~~~~~~~~~~~~~~~~~~~~~~~~~[m[K
[8.400s] [01m[K/home/buhrmann/ws_moveit/src/point_cloud_circle_detector/src/plantpod_pointcloud_segmentation_and_coloring_service.cpp:103:96:[m[K [01;31m[Kerror: [m[Kno matching function for call to ‘[01m[Kmake_shared<<expression error> >()[m[K’
[8.400s]   103 |         auto request = [01;31m[Kstd::make_shared<common_services_package::srv::GetFloat32Array::Request>()[m[K;
[8.400s]       |                        [01;31m[K~~~~~~~~~~~~~~~~~~~~~~~~~~~~~~~~~~~~~~~~~~~~~~~~~~~~~~~~~~~~~~~~~~~~~~~~^~[m[K
[8.400s] In file included from [01m[K/usr/include/c++/11/memory:77[m[K,
[8.400s]                  from [01m[K/opt/ros/iron/include/rclcpp/rclcpp/rclcpp.hpp:165[m[K,
[8.401s]                  from [01m[K/home/buhrmann/ws_moveit/src/point_cloud_circle_detector/src/plantpod_pointcloud_segmentation_and_coloring_service.cpp:1[m[K:
[8.401s] [01m[K/usr/include/c++/11/bits/shared_ptr.h:875:5:[m[K [01;36m[Knote: [m[Kcandidate: ‘[01m[Ktemplate<class _Tp, class ... _Args> std::shared_ptr<_Tp> std::make_shared(_Args&& ...)[m[K’
[8.401s]   875 |     [01;36m[Kmake_shared[m[K(_Args&&... __args)
[8.401s]       |     [01;36m[K^~~~~~~~~~~[m[K
[8.401s] [01m[K/usr/include/c++/11/bits/shared_ptr.h:875:5:[m[K [01;36m[Knote: [m[K  template argument deduction/substitution failed:
[8.401s] [01m[K/home/buhrmann/ws_moveit/src/point_cloud_circle_detector/src/plantpod_pointcloud_segmentation_and_coloring_service.cpp:103:96:[m[K [01;31m[Kerror: [m[Ktemplate argument 1 is invalid
[8.401s]   103 |         auto request = [01;31m[Kstd::make_shared<common_services_package::srv::GetFloat32Array::Request>()[m[K;
[8.401s]       |                        [01;31m[K~~~~~~~~~~~~~~~~~~~~~~~~~~~~~~~~~~~~~~~~~~~~~~~~~~~~~~~~~~~~~~~~~~~~~~~~^~[m[K
[8.401s] [01m[K/home/buhrmann/ws_moveit/src/point_cloud_circle_detector/src/plantpod_pointcloud_segmentation_and_coloring_service.cpp:108:58:[m[K [01;31m[Kerror: [m[K‘[01m[KGetFloat32Array[m[K’ is not a member of ‘[01m[Kcommon_services_package::srv[m[K’
[8.401s]   108 |             rclcpp::Client<common_services_package::srv::[01;31m[KGetFloat32Array[m[K>::SharedFuture future) {
[8.401s]       |                                                          [01;31m[K^~~~~~~~~~~~~~~[m[K
[8.401s] [01m[K/home/buhrmann/ws_moveit/src/point_cloud_circle_detector/src/plantpod_pointcloud_segmentation_and_coloring_service.cpp:108:73:[m[K [01;31m[Kerror: [m[Ktemplate argument 1 is invalid
[8.401s]   108 |             rclcpp::Client<common_services_package::srv::GetFloat32Array[01;31m[K>[m[K::SharedFuture future) {
[8.401s]       |                                                                         [01;31m[K^[m[K
[8.402s] [01m[K/home/buhrmann/ws_moveit/src/point_cloud_circle_detector/src/plantpod_pointcloud_segmentation_and_coloring_service.cpp:108:89:[m[K [01;31m[Kerror: [m[Kexpected ‘[01m[K,[m[K’ or ‘[01m[K...[m[K’ before ‘[01m[Kfuture[m[K’
[8.402s]   108 |             rclcpp::Client<common_services_package::srv::GetFloat32Array>::SharedFuture [01;31m[Kfuture[m[K) {
[8.402s]       |                                                                                         [01;31m[K^~~~~~[m[K
[8.402s] [01m[K/home/buhrmann/ws_moveit/src/point_cloud_circle_detector/src/plantpod_pointcloud_segmentation_and_coloring_service.cpp:[m[K In lambda function:
[8.402s] [01m[K/home/buhrmann/ws_moveit/src/point_cloud_circle_detector/src/plantpod_pointcloud_segmentation_and_coloring_service.cpp:109:31:[m[K [01;31m[Kerror: [m[K‘[01m[Kfuture[m[K’ was not declared in this scope; did you mean ‘[01m[Kstd::future[m[K’?
[8.402s]   109 |                 auto result = [01;31m[Kfuture[m[K.get();
[8.402s]       |                               [01;31m[K^~~~~~[m[K
[8.402s]       |                               [32m[Kstd::future[m[K
[8.402s] In file included from [01m[K/opt/ros/iron/include/rclcpp/rclcpp/executors.hpp:18[m[K,
[8.402s]                  from [01m[K/opt/ros/iron/include/rclcpp/rclcpp/rclcpp.hpp:167[m[K,
[8.402s]                  from [01m[K/home/buhrmann/ws_moveit/src/point_cloud_circle_detector/src/plantpod_pointcloud_segmentation_and_coloring_service.cpp:1[m[K:
[8.402s] [01m[K/usr/include/c++/11/future:124:11:[m[K [01;36m[Knote: [m[K‘[01m[Kstd::future[m[K’ declared here
[8.402s]   124 |     class [01;36m[Kfuture[m[K;
[8.402s]       |           [01;36m[K^~~~~~[m[K
[8.402s] [01m[K/home/buhrmann/ws_moveit/src/point_cloud_circle_detector/src/plantpod_pointcloud_segmentation_and_coloring_service.cpp:108:76:[m[K [01;35m[Kwarning: [m[Kunused parameter ‘[01m[KSharedFuture[m[K’ [[01;35m[K]8;;https://gcc.gnu.org/onlinedocs/gcc/Warning-Options.html#index-Wunused-parameter-Wunused-parameter]8;;[m[K]
[8.402s]   108 |             [01;35m[Krclcpp::Client<common_services_package::srv::GetFloat32Array>::SharedFuture[m[K future) {
[8.402s]       |             [01;35m[K~~~~~~~~~~~~~~~~~~~~~~~~~~~~~~~~~~~~~~~~~~~~~~~~~~~~~~~~~~~~~~~^~~~~~~~~~~~[m[K
[8.421s] [01m[K/home/buhrmann/ws_moveit/src/point_cloud_circle_detector/src/plantpod_pointcloud_segmentation_and_coloring_service.cpp:[m[K In member function ‘[01m[Kvoid PointCloudGenerator::call_cup_service()[m[K’:
[8.421s] [01m[K/home/buhrmann/ws_moveit/src/point_cloud_circle_detector/src/plantpod_pointcloud_segmentation_and_coloring_service.cpp:114:23:[m[K [01;31m[Kerror: [m[K‘[01m[Kcup_service_client_[m[K’ was not declared in this scope
[8.421s]   114 |         auto future = [01;31m[Kcup_service_client_[m[K->async_send_request(request, response_received_callback);
[8.421s]       |                       [01;31m[K^~~~~~~~~~~~~~~~~~~[m[K
[9.252s] [01m[K/home/buhrmann/ws_moveit/src/point_cloud_circle_detector/src/plantplot_placement_service.cpp:203:50:[m[K [01;31m[Kerror: [m[K‘[01m[KGetFloat32Array[m[K’ is not a member of ‘[01m[Kcommon_services_package::srv[m[K’
[9.252s]   203 |     rclcpp::Client<common_services_package::srv::[01;31m[KGetFloat32Array[m[K>::SharedPtr cloud_service_client_;
[9.252s]       |                                                  [01;31m[K^~~~~~~~~~~~~~~[m[K
[9.252s] [01m[K/home/buhrmann/ws_moveit/src/point_cloud_circle_detector/src/plantplot_placement_service.cpp:203:65:[m[K [01;31m[Kerror: [m[Ktemplate argument 1 is invalid
[9.252s]   203 |     rclcpp::Client<common_services_package::srv::GetFloat32Array[01;31m[K>[m[K::SharedPtr cloud_service_client_;
[9.252s]       |                                                                 [01;31m[K^[m[K
[9.252s] [01m[K/home/buhrmann/ws_moveit/src/point_cloud_circle_detector/src/plantplot_placement_service.cpp:203:68:[m[K [01;31m[Kerror: [m[Kexpected ‘[01m[K;[m[K’ at end of member declaration
[9.252s]   203 |     rclcpp::Client<common_services_package::srv::GetFloat32Array>::[01;31m[KSharedPtr[m[K cloud_service_client_;
[9.252s]       |                                                                    [01;31m[K^~~~~~~~~[m[K
[9.252s]       |                                                                             [32m[K;[m[K
[9.262s] [01m[K/home/buhrmann/ws_moveit/src/point_cloud_circle_detector/src/plantplot_placement_service.cpp:203:78:[m[K [01;31m[Kerror: [m[K‘[01m[Kcloud_service_client_[m[K’ does not name a type
[9.262s]   203 |     rclcpp::Client<common_services_package::srv::GetFloat32Array>::SharedPtr [01;31m[Kcloud_service_client_[m[K;
[9.262s]       |                                                                              [01;31m[K^~~~~~~~~~~~~~~~~~~~~[m[K
[9.284s] [01m[K/home/buhrmann/ws_moveit/src/point_cloud_circle_detector/src/plantplot_placement_service.cpp:[m[K In constructor ‘[01m[KPointCloudServiceProcessor::PointCloudServiceProcessor()[m[K’:
[9.284s] [01m[K/home/buhrmann/ws_moveit/src/point_cloud_circle_detector/src/plantplot_placement_service.cpp:46:9:[m[K [01;31m[Kerror: [m[K‘[01m[Ktf_listener_[m[K’ was not declared in this scope
[9.284s]    46 |         [01;31m[Ktf_listener_[m[K = std::make_shared<tf2_ros::TransformListener>(*tf_buffer_);
[9.284s]       |         [01;31m[K^~~~~~~~~~~~[m[K
[9.313s] [01m[K/home/buhrmann/ws_moveit/src/point_cloud_circle_detector/src/plantplot_placement_service.cpp:49:9:[m[K [01;31m[Kerror: [m[K‘[01m[Kplanning_scene_interface_[m[K’ was not declared in this scope
[9.313s]    49 |         [01;31m[Kplanning_scene_interface_[m[K = std::make_shared<moveit::planning_interface::PlanningSceneInterface>("/UR5");
[9.313s]       |         [01;31m[K^~~~~~~~~~~~~~~~~~~~~~~~~[m[K
[9.337s] [01m[K/home/buhrmann/ws_moveit/src/point_cloud_circle_detector/src/plantplot_placement_service.cpp:52:9:[m[K [01;31m[Kerror: [m[K‘[01m[Kcloud_service_client_[m[K’ was not declared in this scope
[9.338s]    52 |         [01;31m[Kcloud_service_client_[m[K = this->create_client<common_services_package::srv::GetPointCloud2>(
[9.338s]       |         [01;31m[K^~~~~~~~~~~~~~~~~~~~~[m[K
[9.339s] [01m[K/home/buhrmann/ws_moveit/src/point_cloud_circle_detector/src/plantplot_placement_service.cpp:56:42:[m[K [01;31m[Kerror: [m[Kunable to find numeric literal operator ‘[01m[Koperator""s[m[K’
[9.339s]    56 |         timer_ = this->create_wall_timer([01;31m[K1s[m[K, std::bind(&PointCloudServiceProcessor::call_service, this));
[9.339s]       |                                          [01;31m[K^~[m[K
[9.364s] [01m[K/home/buhrmann/ws_moveit/src/point_cloud_circle_detector/src/plantplot_placement_service.cpp:[m[K In member function ‘[01m[Kvoid PointCloudServiceProcessor::call_service()[m[K’:
[9.364s] [01m[K/home/buhrmann/ws_moveit/src/point_cloud_circle_detector/src/plantplot_placement_service.cpp:64:14:[m[K [01;31m[Kerror: [m[K‘[01m[Kcloud_service_client_[m[K’ was not declared in this scope
[9.364s]    64 |         if (![01;31m[Kcloud_service_client_[m[K->wait_for_service(1s))
[9.364s]       |              [01;31m[K^~~~~~~~~~~~~~~~~~~~~[m[K
[9.364s] [01m[K/home/buhrmann/ws_moveit/src/point_cloud_circle_detector/src/plantplot_placement_service.cpp:64:54:[m[K [01;31m[Kerror: [m[Kunable to find numeric literal operator ‘[01m[Koperator""s[m[K’
[9.364s]    64 |         if (!cloud_service_client_->wait_for_service([01;31m[K1s[m[K))
[9.364s]       |                                                      [01;31m[K^~[m[K
[9.386s] [01m[K/home/buhrmann/ws_moveit/src/point_cloud_circle_detector/src/plantplot_placement_service.cpp:72:9:[m[K [01;31m[Kerror: [m[K‘[01m[Kcloud_service_client_[m[K’ was not declared in this scope
[9.386s]    72 |         [01;31m[Kcloud_service_client_[m[K->async_send_request(request,
[9.387s]       |         [01;31m[K^~~~~~~~~~~~~~~~~~~~~[m[K
[9.389s] [01m[K/home/buhrmann/ws_moveit/src/point_cloud_circle_detector/src/plantplot_placement_service.cpp:[m[K In member function ‘[01m[Kvoid PointCloudServiceProcessor::on_service_response(rclcpp::Client<common_services_package::srv::GetPointCloud2>::SharedFuture)[m[K’:
[9.389s] [01m[K/home/buhrmann/ws_moveit/src/point_cloud_circle_detector/src/plantplot_placement_service.cpp:83:25:[m[K [01;31m[Kerror: [m[Kcannot convert ‘[01m[Kconst sensor_msgs::msg::PointCloud2_<std::allocator<void> >[m[K’ to ‘[01m[Kconst std::vector<float>&[m[K’
[9.389s]    83 |     process_point_cloud([01;31m[Kpointcloud_msg[m[K);
[9.389s]       |                         [01;31m[K^~~~~~~~~~~~~~[m[K
[9.389s]       |                         [01;31m[K|[m[K
[9.390s]       |                         [01;31m[Kconst sensor_msgs::msg::PointCloud2_<std::allocator<void> >[m[K
[9.390s] [01m[K/home/buhrmann/ws_moveit/src/point_cloud_circle_detector/src/plantplot_placement_service.cpp:133:56:[m[K [01;36m[Knote: [m[K  initializing argument 1 of ‘[01m[Kvoid PointCloudServiceProcessor::process_point_cloud(const std::vector<float>&)[m[K’
[9.390s]   133 |     void process_point_cloud([01;36m[Kconst std::vector<float> &data[m[K)
[9.390s]       |                              [01;36m[K~~~~~~~~~~~~~~~~~~~~~~~~~~^~~~[m[K
[9.390s] [01m[K/home/buhrmann/ws_moveit/src/point_cloud_circle_detector/src/plantplot_placement_service.cpp:[m[K In member function ‘[01m[KEigen::Matrix4f PointCloudServiceProcessor::getCameraToWorldTransform()[m[K’:
[9.390s] [01m[K/home/buhrmann/ws_moveit/src/point_cloud_circle_detector/src/plantplot_placement_service.cpp:90:129:[m[K [01;31m[Kerror: [m[Kunable to find numeric literal operator ‘[01m[Koperator""s[m[K’
[9.390s]    90 |             auto transform_stamped = tf_buffer_->lookupTransform("world", "UR5_camera_color_optical_frame", tf2::TimePointZero, [01;31m[K1s[m[K);
[9.390s]       |                                                                                                                                 [01;31m[K^~[m[K
[9.390s] [01m[K/home/buhrmann/ws_moveit/src/point_cloud_circle_detector/src/plantplot_placement_service.cpp:92:43:[m[K [01;31m[Kerror: [m[Kexpected primary-expression before ‘[01m[Kfloat[m[K’
[9.390s]    92 |             return tf_eigen.matrix().cast<[01;31m[Kfloat[m[K>();
[9.390s]       |                                           [01;31m[K^~~~~[m[K
[9.390s] [01m[K/home/buhrmann/ws_moveit/src/point_cloud_circle_detector/src/plantplot_placement_service.cpp:92:43:[m[K [01;31m[Kerror: [m[Kexpected ‘[01m[K;[m[K’ before ‘[01m[Kfloat[m[K’
[9.390s] [01m[K/home/buhrmann/ws_moveit/src/point_cloud_circle_detector/src/plantplot_placement_service.cpp:92:48:[m[K [01;31m[Kerror: [m[Kexpected unqualified-id before ‘[01m[K>[m[K’ token
[9.390s]    92 |             return tf_eigen.matrix().cast<float[01;31m[K>[m[K();
[9.390s]       |                                                [01;31m[K^[m[K
[9.755s] [01m[K/home/buhrmann/ws_moveit/src/point_cloud_circle_detector/src/plantplot_placement_service.cpp:[m[K In member function ‘[01m[Kvoid PointCloudServiceProcessor::process_point_cloud(const std::vector<float>&)[m[K’:
[9.755s] [01m[K/home/buhrmann/ws_moveit/src/point_cloud_circle_detector/src/plantplot_placement_service.cpp:136:25:[m[K [01;31m[Kerror: [m[K‘[01m[Kmsg[m[K’ was not declared in this scope
[9.755s]   136 |         pcl::fromROSMsg([01;31m[Kmsg[m[K, *cloud);
[9.755s]       |                         [01;31m[K^~~[m[K
[9.755s] [01m[K/home/buhrmann/ws_moveit/src/point_cloud_circle_detector/src/plantplot_placement_service.cpp:136:25:[m[K [01;36m[Knote: [m[Ksuggested alternatives:
[9.755s] In file included from [01m[K/opt/ros/iron/include/builtin_interfaces/builtin_interfaces/msg/time.hpp:7[m[K,
[9.755s]                  from [01m[K/opt/ros/iron/include/rclcpp/rclcpp/time.hpp:18[m[K,
[9.755s]                  from [01m[K/opt/ros/iron/include/rclcpp/rclcpp/clock.hpp:24[m[K,
[9.755s]                  from [01m[K/opt/ros/iron/include/rclcpp/rclcpp/client.hpp:38[m[K,
[9.755s]                  from [01m[K/opt/ros/iron/include/rclcpp/rclcpp/callback_group.hpp:24[m[K,
[9.755s]                  from [01m[K/opt/ros/iron/include/rclcpp/rclcpp/any_executable.hpp:20[m[K,
[9.755s]                  from [01m[K/opt/ros/iron/include/rclcpp/rclcpp/memory_strategy.hpp:25[m[K,
[9.755s]                  from [01m[K/opt/ros/iron/include/rclcpp/rclcpp/memory_strategies.hpp:18[m[K,
[9.755s]                  from [01m[K/opt/ros/iron/include/rclcpp/rclcpp/executor_options.hpp:20[m[K,
[9.755s]                  from [01m[K/opt/ros/iron/include/rclcpp/rclcpp/executor.hpp:37[m[K,
[9.755s]                  from [01m[K/opt/ros/iron/include/rclcpp/rclcpp/executors/multi_threaded_executor.hpp:25[m[K,
[9.755s]                  from [01m[K/opt/ros/iron/include/rclcpp/rclcpp/executors.hpp:21[m[K,
[9.755s]                  from [01m[K/opt/ros/iron/include/rclcpp/rclcpp/rclcpp.hpp:167[m[K,
[9.755s]                  from [01m[K/home/buhrmann/ws_moveit/src/point_cloud_circle_detector/src/plantplot_placement_service.cpp:2[m[K:
[9.755s] [01m[K/opt/ros/iron/include/builtin_interfaces/builtin_interfaces/msg/detail/time__struct.hpp:27:11:[m[K [01;36m[Knote: [m[K  ‘[01m[Kbuiltin_interfaces::msg[m[K’
[9.755s]    27 | namespace [01;36m[Kmsg[m[K
[9.755s]       |           [01;36m[K^~~[m[K
[9.755s] In file included from [01m[K/opt/ros/iron/include/rcl_interfaces/rcl_interfaces/msg/set_parameters_result.hpp:7[m[K,
[9.755s]                  from [01m[K/opt/ros/iron/include/rclcpp/rclcpp/qos_overriding_options.hpp:28[m[K,
[9.755s]                  from [01m[K/opt/ros/iron/include/rclcpp/rclcpp/subscription_options.hpp:30[m[K,
[9.755s]                  from [01m[K/opt/ros/iron/include/rclcpp/rclcpp/subscription.hpp:45[m[K,
[9.755s]                  from [01m[K/opt/ros/iron/include/rclcpp/rclcpp/any_executable.hpp:25[m[K,
[9.755s]                  from [01m[K/opt/ros/iron/include/rclcpp/rclcpp/memory_strategy.hpp:25[m[K,
[9.755s]                  from [01m[K/opt/ros/iron/include/rclcpp/rclcpp/memory_strategies.hpp:18[m[K,
[9.756s]                  from [01m[K/opt/ros/iron/include/rclcpp/rclcpp/executor_options.hpp:20[m[K,
[9.756s]                  from [01m[K/opt/ros/iron/include/rclcpp/rclcpp/executor.hpp:37[m[K,
[9.756s]                  from [01m[K/opt/ros/iron/include/rclcpp/rclcpp/executors/multi_threaded_executor.hpp:25[m[K,
[9.756s]                  from [01m[K/opt/ros/iron/include/rclcpp/rclcpp/executors.hpp:21[m[K,
[9.756s]                  from [01m[K/opt/ros/iron/include/rclcpp/rclcpp/rclcpp.hpp:167[m[K,
[9.756s]                  from [01m[K/home/buhrmann/ws_moveit/src/point_cloud_circle_detector/src/plantplot_placement_service.cpp:2[m[K:
[9.756s] [01m[K/opt/ros/iron/include/rcl_interfaces/rcl_interfaces/msg/detail/set_parameters_result__struct.hpp:27:11:[m[K [01;36m[Knote: [m[K  ‘[01m[Krcl_interfaces::msg[m[K’
[9.756s]    27 | namespace [01;36m[Kmsg[m[K
[9.756s]       |           [01;36m[K^~~[m[K
[9.756s] In file included from [01m[K/opt/ros/iron/include/statistics_msgs/statistics_msgs/msg/detail/metrics_message__struct.hpp:23[m[K,
[9.756s]                  from [01m[K/opt/ros/iron/include/statistics_msgs/statistics_msgs/msg/metrics_message.hpp:7[m[K,
[9.756s]                  from [01m[K/opt/ros/iron/include/libstatistics_collector/libstatistics_collector/collector/generate_statistics_message.hpp:21[m[K,
[9.756s]                  from [01m[K/opt/ros/iron/include/rclcpp/rclcpp/topic_statistics/subscription_topic_statistics.hpp:23[m[K,
[9.756s]                  from [01m[K/opt/ros/iron/include/rclcpp/rclcpp/subscription.hpp:50[m[K,
[9.756s]                  from [01m[K/opt/ros/iron/include/rclcpp/rclcpp/any_executable.hpp:25[m[K,
[9.756s]                  from [01m[K/opt/ros/iron/include/rclcpp/rclcpp/memory_strategy.hpp:25[m[K,
[9.756s]                  from [01m[K/opt/ros/iron/include/rclcpp/rclcpp/memory_strategies.hpp:18[m[K,
[9.756s]                  from [01m[K/opt/ros/iron/include/rclcpp/rclcpp/executor_options.hpp:20[m[K,
[9.756s]                  from [01m[K/opt/ros/iron/include/rclcpp/rclcpp/executor.hpp:37[m[K,
[9.756s]                  from [01m[K/opt/ros/iron/include/rclcpp/rclcpp/executors/multi_threaded_executor.hpp:25[m[K,
[9.756s]                  from [01m[K/opt/ros/iron/include/rclcpp/rclcpp/executors.hpp:21[m[K,
[9.756s]                  from [01m[K/opt/ros/iron/include/rclcpp/rclcpp/rclcpp.hpp:167[m[K,
[9.756s]                  from [01m[K/home/buhrmann/ws_moveit/src/point_cloud_circle_detector/src/plantplot_placement_service.cpp:2[m[K:
[9.756s] [01m[K/opt/ros/iron/include/statistics_msgs/statistics_msgs/msg/detail/statistic_data_point__struct.hpp:27:11:[m[K [01;36m[Knote: [m[K  ‘[01m[Kstatistics_msgs::msg[m[K’
[9.756s]    27 | namespace [01;36m[Kmsg[m[K
[9.756s]       |           [01;36m[K^~~[m[K
[9.756s] In file included from [01m[K/opt/ros/iron/include/rcl_interfaces/rcl_interfaces/srv/detail/describe_parameters__struct.hpp:236[m[K,
[9.756s]                  from [01m[K/opt/ros/iron/include/rcl_interfaces/rcl_interfaces/srv/describe_parameters.hpp:7[m[K,
[9.756s]                  from [01m[K/opt/ros/iron/include/rclcpp/rclcpp/parameter_client.hpp:28[m[K,
[9.756s]                  from [01m[K/opt/ros/iron/include/rclcpp/rclcpp/rclcpp.hpp:171[m[K,
[9.756s]                  from [01m[K/home/buhrmann/ws_moveit/src/point_cloud_circle_detector/src/plantplot_placement_service.cpp:2[m[K:
[9.756s] [01m[K/opt/ros/iron/include/service_msgs/service_msgs/msg/detail/service_event_info__struct.hpp:31:11:[m[K [01;36m[Knote: [m[K  ‘[01m[Kservice_msgs::msg[m[K’
[9.756s]    31 | namespace [01;36m[Kmsg[m[K
[9.756s]       |           [01;36m[K^~~[m[K
[9.756s] In file included from [01m[K/opt/ros/iron/include/sensor_msgs/sensor_msgs/msg/detail/point_cloud2__struct.hpp:20[m[K,
[9.756s]                  from [01m[K/opt/ros/iron/include/sensor_msgs/sensor_msgs/msg/point_cloud2.hpp:7[m[K,
[9.756s]                  from [01m[K/home/buhrmann/ws_moveit/src/point_cloud_circle_detector/src/plantplot_placement_service.cpp:3[m[K:
[9.756s] [01m[K/opt/ros/iron/include/std_msgs/std_msgs/msg/detail/header__struct.hpp:31:11:[m[K [01;36m[Knote: [m[K  ‘[01m[Kstd_msgs::msg[m[K’
[9.756s]    31 | namespace [01;36m[Kmsg[m[K
[9.756s]       |           [01;36m[K^~~[m[K
[9.756s] In file included from [01m[K/opt/ros/iron/include/sensor_msgs/sensor_msgs/msg/detail/point_cloud2__struct.hpp:22[m[K,
[9.756s]                  from [01m[K/opt/ros/iron/include/sensor_msgs/sensor_msgs/msg/point_cloud2.hpp:7[m[K,
[9.756s]                  from [01m[K/home/buhrmann/ws_moveit/src/point_cloud_circle_detector/src/plantplot_placement_service.cpp:3[m[K:
[9.756s] [01m[K/opt/ros/iron/include/sensor_msgs/sensor_msgs/msg/detail/point_field__struct.hpp:27:11:[m[K [01;36m[Knote: [m[K  ‘[01m[Ksensor_msgs::msg[m[K’
[9.756s]    27 | namespace [01;36m[Kmsg[m[K
[9.756s]       |           [01;36m[K^~~[m[K
[9.756s] In file included from [01m[K/opt/ros/iron/include/geometry_msgs/geometry_msgs/msg/point.hpp:7[m[K,
[9.756s]                  from [01m[K/home/buhrmann/ws_moveit/src/point_cloud_circle_detector/src/plantplot_placement_service.cpp:5[m[K:
[9.756s] [01m[K/opt/ros/iron/include/geometry_msgs/geometry_msgs/msg/detail/point__struct.hpp:27:11:[m[K [01;36m[Knote: [m[K  ‘[01m[Kgeometry_msgs::msg[m[K’
[9.756s]    27 | namespace [01;36m[Kmsg[m[K
[9.756s]       |           [01;36m[K^~~[m[K
[9.756s] In file included from [01m[K/opt/ros/iron/include/tf2_msgs/tf2_msgs/msg/tf_message.hpp:7[m[K,
[9.756s]                  from [01m[K/opt/ros/iron/include/tf2_ros/tf2_ros/transform_listener.h:44[m[K,
[9.756s]                  from [01m[K/home/buhrmann/ws_moveit/src/point_cloud_circle_detector/src/plantplot_placement_service.cpp:12[m[K:
[9.756s] [01m[K/opt/ros/iron/include/tf2_msgs/tf2_msgs/msg/detail/tf_message__struct.hpp:31:11:[m[K [01;36m[Knote: [m[K  ‘[01m[Ktf2_msgs::msg[m[K’
[9.756s]    31 | namespace [01;36m[Kmsg[m[K
[9.756s]       |           [01;36m[K^~~[m[K
[9.756s] In file included from [01m[K/home/buhrmann/ws_moveit/install/moveit_msgs/include/moveit_msgs/moveit_msgs/msg/joint_limits.hpp:7[m[K,
[9.756s]                  from [01m[K/home/buhrmann/ws_moveit/install/moveit_core/include/moveit_core/moveit/robot_model/joint_model.h:44[m[K,
[9.756s]                  from [01m[K/home/buhrmann/ws_moveit/install/moveit_core/include/moveit_core/moveit/robot_model/joint_model_group.h:40[m[K,
[9.757s]                  from [01m[K/home/buhrmann/ws_moveit/install/moveit_core/include/moveit_core/moveit/robot_model/robot_model.h:45[m[K,
[9.757s]                  from [01m[K/home/buhrmann/ws_moveit/install/moveit_core/include/moveit_core/moveit/robot_state/robot_state.h:40[m[K,
[9.757s]                  from [01m[K/home/buhrmann/ws_moveit/install/moveit_ros_planning_interface/include/moveit_ros_planning_interface/moveit/planning_scene_interface/planning_scene_interface.h:40[m[K,
[9.757s]                  from [01m[K/home/buhrmann/ws_moveit/src/point_cloud_circle_detector/src/plantplot_placement_service.cpp:16[m[K:
[9.757s] [01m[K/home/buhrmann/ws_moveit/install/moveit_msgs/include/moveit_msgs/moveit_msgs/msg/detail/joint_limits__struct.hpp:27:11:[m[K [01;36m[Knote: [m[K  ‘[01m[Kmoveit_msgs::msg[m[K’
[9.757s]    27 | namespace [01;36m[Kmsg[m[K
[9.757s]       |           [01;36m[K^~~[m[K
[9.757s] In file included from [01m[K/opt/ros/iron/include/trajectory_msgs/trajectory_msgs/msg/detail/joint_trajectory__struct.hpp:22[m[K,
[9.757s]                  from [01m[K/opt/ros/iron/include/trajectory_msgs/trajectory_msgs/msg/joint_trajectory.hpp:7[m[K,
[9.757s]                  from [01m[K/home/buhrmann/ws_moveit/install/moveit_core/include/moveit_core/moveit/robot_state/attached_body.h:43[m[K,
[9.757s]                  from [01m[K/home/buhrmann/ws_moveit/install/moveit_core/include/moveit_core/moveit/robot_state/robot_state.h:41[m[K,
[9.757s]                  from [01m[K/home/buhrmann/ws_moveit/install/moveit_ros_planning_interface/include/moveit_ros_planning_interface/moveit/planning_scene_interface/planning_scene_interface.h:40[m[K,
[9.757s]                  from [01m[K/home/buhrmann/ws_moveit/src/point_cloud_circle_detector/src/plantplot_placement_service.cpp:16[m[K:
[9.757s] [01m[K/opt/ros/iron/include/trajectory_msgs/trajectory_msgs/msg/detail/joint_trajectory_point__struct.hpp:31:11:[m[K [01;36m[Knote: [m[K  ‘[01m[Ktrajectory_msgs::msg[m[K’
[9.757s]    31 | namespace [01;36m[Kmsg[m[K
[9.757s]       |           [01;36m[K^~~[m[K
[9.757s] In file included from [01m[K/opt/ros/iron/include/visualization_msgs/visualization_msgs/msg/detail/marker__struct.hpp:35[m[K,
[9.757s]                  from [01m[K/opt/ros/iron/include/visualization_msgs/visualization_msgs/msg/detail/marker_array__struct.hpp:20[m[K,
[9.757s]                  from [01m[K/opt/ros/iron/include/visualization_msgs/visualization_msgs/msg/marker_array.hpp:7[m[K,
[9.757s]                  from [01m[K/home/buhrmann/ws_moveit/install/moveit_core/include/moveit_core/moveit/robot_state/robot_state.h:44[m[K,
[9.757s]                  from [01m[K/home/buhrmann/ws_moveit/install/moveit_ros_planning_interface/include/moveit_ros_planning_interface/moveit/planning_scene_interface/planning_scene_interface.h:40[m[K,
[9.757s]                  from [01m[K/home/buhrmann/ws_moveit/src/point_cloud_circle_detector/src/plantplot_placement_service.cpp:16[m[K:
[9.757s] [01m[K/opt/ros/iron/include/visualization_msgs/visualization_msgs/msg/detail/uv_coordinate__struct.hpp:27:11:[m[K [01;36m[Knote: [m[K  ‘[01m[Kvisualization_msgs::msg[m[K’
[9.757s]    27 | namespace [01;36m[Kmsg[m[K
[9.757s]       |           [01;36m[K^~~[m[K
[9.757s] In file included from [01m[K/home/buhrmann/ws_moveit/install/moveit_msgs/include/moveit_msgs/moveit_msgs/msg/detail/collision_object__struct.hpp:28[m[K,
[9.757s]                  from [01m[K/home/buhrmann/ws_moveit/install/moveit_msgs/include/moveit_msgs/moveit_msgs/msg/collision_object.hpp:7[m[K,
[9.757s]                  from [01m[K/home/buhrmann/ws_moveit/install/moveit_ros_planning_interface/include/moveit_ros_planning_interface/moveit/planning_scene_interface/planning_scene_interface.h:42[m[K,
[9.757s]                  from [01m[K/home/buhrmann/ws_moveit/src/point_cloud_circle_detector/src/plantplot_placement_service.cpp:16[m[K:
[9.757s] [01m[K/opt/ros/iron/include/object_recognition_msgs/object_recognition_msgs/msg/detail/object_type__struct.hpp:27:11:[m[K [01;36m[Knote: [m[K  ‘[01m[Kobject_recognition_msgs::msg[m[K’
[9.757s]    27 | namespace [01;36m[Kmsg[m[K
[9.757s]       |           [01;36m[K^~~[m[K
[9.757s] In file included from [01m[K/home/buhrmann/ws_moveit/install/moveit_msgs/include/moveit_msgs/moveit_msgs/msg/detail/collision_object__struct.hpp:30[m[K,
[9.757s]                  from [01m[K/home/buhrmann/ws_moveit/install/moveit_msgs/include/moveit_msgs/moveit_msgs/msg/collision_object.hpp:7[m[K,
[9.757s]                  from [01m[K/home/buhrmann/ws_moveit/install/moveit_ros_planning_interface/include/moveit_ros_planning_interface/moveit/planning_scene_interface/planning_scene_interface.h:42[m[K,
[9.757s]                  from [01m[K/home/buhrmann/ws_moveit/src/point_cloud_circle_detector/src/plantplot_placement_service.cpp:16[m[K:
[9.757s] [01m[K/opt/ros/iron/include/shape_msgs/shape_msgs/msg/detail/solid_primitive__struct.hpp:31:11:[m[K [01;36m[Knote: [m[K  ‘[01m[Kshape_msgs::msg[m[K’
[9.757s]    31 | namespace [01;36m[Kmsg[m[K
[9.757s]       |           [01;36m[K^~~[m[K
[9.757s] In file included from [01m[K/opt/ros/iron/include/octomap_msgs/octomap_msgs/msg/detail/octomap_with_pose__struct.hpp:24[m[K,
[9.757s]                  from [01m[K/home/buhrmann/ws_moveit/install/moveit_msgs/include/moveit_msgs/moveit_msgs/msg/detail/planning_scene_world__struct.hpp:22[m[K,
[9.757s]                  from [01m[K/home/buhrmann/ws_moveit/install/moveit_msgs/include/moveit_msgs/moveit_msgs/msg/detail/planning_scene__struct.hpp:32[m[K,
[9.757s]                  from [01m[K/home/buhrmann/ws_moveit/install/moveit_msgs/include/moveit_msgs/moveit_msgs/msg/planning_scene.hpp:7[m[K,
[9.757s]                  from [01m[K/home/buhrmann/ws_moveit/install/moveit_ros_planning_interface/include/moveit_ros_planning_interface/moveit/planning_scene_interface/planning_scene_interface.h:44[m[K,
[9.757s]                  from [01m[K/home/buhrmann/ws_moveit/src/point_cloud_circle_detector/src/plantplot_placement_service.cpp:16[m[K:
[9.757s] [01m[K/opt/ros/iron/include/octomap_msgs/octomap_msgs/msg/detail/octomap__struct.hpp:31:11:[m[K [01;36m[Knote: [m[K  ‘[01m[Koctomap_msgs::msg[m[K’
[9.757s]    31 | namespace [01;36m[Kmsg[m[K
[9.757s]       |           [01;36m[K^~~[m[K
[9.757s] In file included from [01m[K/opt/ros/iron/include/pcl_msgs/pcl_msgs/msg/point_indices.hpp:7[m[K,
[9.757s]                  from [01m[K/opt/ros/iron/include/pcl_conversions/pcl_conversions/pcl_conversions.h:62[m[K,
[9.757s]                  from [01m[K/home/buhrmann/ws_moveit/src/point_cloud_circle_detector/src/plantplot_placement_service.cpp:21[m[K:
[9.757s] [01m[K/opt/ros/iron/include/pcl_msgs/pcl_msgs/msg/detail/point_indices__struct.hpp:31:11:[m[K [01;36m[Knote: [m[K  ‘[01m[Kpcl_msgs::msg[m[K’
[9.757s]    31 | namespace [01;36m[Kmsg[m[K
[9.757s]       |           [01;36m[K^~~[m[K
[9.786s] [01m[K/home/buhrmann/ws_moveit/src/point_cloud_circle_detector/src/plantplot_placement_service.cpp:185:9:[m[K [01;31m[Kerror: [m[K‘[01m[Kplanning_scene_interface_[m[K’ was not declared in this scope
[9.786s]   185 |         [01;31m[Kplanning_scene_interface_[m[K->addCollisionObjects({obj});
[9.786s]       |         [01;31m[K^~~~~~~~~~~~~~~~~~~~~~~~~[m[K
[9.786s] [01m[K/home/buhrmann/ws_moveit/src/point_cloud_circle_detector/src/plantplot_placement_service.cpp:133:56:[m[K [01;35m[Kwarning: [m[Kunused parameter ‘[01m[Kdata[m[K’ [[01;35m[K]8;;https://gcc.gnu.org/onlinedocs/gcc/Warning-Options.html#index-Wunused-parameter-Wunused-parameter]8;;[m[K]
[9.786s]   133 |     void process_point_cloud([01;35m[Kconst std::vector<float> &data[m[K)
[9.786s]       |                              [01;35m[K~~~~~~~~~~~~~~~~~~~~~~~~~~^~~~[m[K
[9.811s] [01m[K/home/buhrmann/ws_moveit/src/point_cloud_circle_detector/src/plantplot_placement_service.cpp:[m[K In function ‘[01m[Kint main(int, char**)[m[K’:
[9.811s] [01m[K/home/buhrmann/ws_moveit/src/point_cloud_circle_detector/src/plantplot_placement_service.cpp:219:35:[m[K [01;31m[Kerror: [m[K‘[01m[KPointCloudCustomObjectMatcher[m[K’ was not declared in this scope
[9.811s]   219 |     rclcpp::spin(std::make_shared<[01;31m[KPointCloudCustomObjectMatcher[m[K>());
[9.811s]       |                                   [01;31m[K^~~~~~~~~~~~~~~~~~~~~~~~~~~~~[m[K
[9.811s] [01m[K/home/buhrmann/ws_moveit/src/point_cloud_circle_detector/src/plantplot_placement_service.cpp:219:65:[m[K [01;31m[Kerror: [m[Kno matching function for call to ‘[01m[Kmake_shared<<expression error> >()[m[K’
[9.811s]   219 |     rclcpp::spin([01;31m[Kstd::make_shared<PointCloudCustomObjectMatcher>()[m[K);
[9.811s]       |                  [01;31m[K~~~~~~~~~~~~~~~~~~~~~~~~~~~~~~~~~~~~~~~~~~~~~~~^~[m[K
[9.811s] In file included from [01m[K/usr/include/c++/11/memory:77[m[K,
[9.811s]                  from [01m[K/opt/ros/iron/include/rclcpp/rclcpp/rclcpp.hpp:165[m[K,
[9.811s]                  from [01m[K/home/buhrmann/ws_moveit/src/point_cloud_circle_detector/src/plantplot_placement_service.cpp:2[m[K:
[9.811s] [01m[K/usr/include/c++/11/bits/shared_ptr.h:875:5:[m[K [01;36m[Knote: [m[Kcandidate: ‘[01m[Ktemplate<class _Tp, class ... _Args> std::shared_ptr<_Tp> std::make_shared(_Args&& ...)[m[K’
[9.811s]   875 |     [01;36m[Kmake_shared[m[K(_Args&&... __args)
[9.811s]       |     [01;36m[K^~~~~~~~~~~[m[K
[9.811s] [01m[K/usr/include/c++/11/bits/shared_ptr.h:875:5:[m[K [01;36m[Knote: [m[K  template argument deduction/substitution failed:
[9.811s] [01m[K/home/buhrmann/ws_moveit/src/point_cloud_circle_detector/src/plantplot_placement_service.cpp:219:65:[m[K [01;31m[Kerror: [m[Ktemplate argument 1 is invalid
[9.811s]   219 |     rclcpp::spin([01;31m[Kstd::make_shared<PointCloudCustomObjectMatcher>()[m[K);
[9.811s]       |                  [01;31m[K~~~~~~~~~~~~~~~~~~~~~~~~~~~~~~~~~~~~~~~~~~~~~~~^~[m[K
[10.673s] gmake[2]: *** [CMakeFiles/plantpod_pointcloud_segmentation_and_coloring_service.dir/build.make:76: CMakeFiles/plantpod_pointcloud_segmentation_and_coloring_service.dir/src/plantpod_pointcloud_segmentation_and_coloring_service.cpp.o] Error 1
[10.673s] gmake[1]: *** [CMakeFiles/Makefile2:559: CMakeFiles/plantpod_pointcloud_segmentation_and_coloring_service.dir/all] Error 2
[10.673s] gmake[1]: *** Waiting for unfinished jobs....
[12.175s] gmake[2]: *** [CMakeFiles/plantplot_placement_service.dir/build.make:76: CMakeFiles/plantplot_placement_service.dir/src/plantplot_placement_service.cpp.o] Error 1
[12.175s] gmake[1]: *** [CMakeFiles/Makefile2:585: CMakeFiles/plantplot_placement_service.dir/all] Error 2
[12.175s] gmake: *** [Makefile:146: all] Error 2
[12.176s] Invoked command in '/home/buhrmann/ws_moveit/build/point_cloud_circle_detector' returned '2': CMAKE_PREFIX_PATH=${CMAKE_PREFIX_PATH}:/home/buhrmann/ws_moveit/install/ros2_azure_bridge:/home/buhrmann/ws_moveit/install/moveit_configs_utils:/opt/ros/iron /usr/bin/cmake --build /home/buhrmann/ws_moveit/build/point_cloud_circle_detector -- -j28 -l28
