[0.009s] Invoking command in '/home/buhrmann/ws_moveit/build/point_cloud_circle_detector': CMAKE_PREFIX_PATH=${CMAKE_PREFIX_PATH}:/home/buhrmann/ws_moveit/install/moveit_configs_utils:/opt/ros/iron /usr/bin/cmake --build /home/buhrmann/ws_moveit/build/point_cloud_circle_detector -- -j28 -l28
[0.061s] [35m[1mConsolidate compiler generated dependencies of target point_cloud_plantpot_detector[0m
[0.068s] [ 33%] Built target point_cloud_circle_detector
[0.072s] [ 66%] Built target point_cloud_cylinder_detector
[0.080s] [ 83%] [32mBuilding CXX object CMakeFiles/point_cloud_plantpot_detector.dir/src/point_cloud_custom_plant_pot_detection.cpp.o[0m
[1.601s] [01m[K/home/buhrmann/ws_moveit/src/point_cloud_circle_detector/src/point_cloud_custom_plant_pot_detection.cpp:8:46:[m[K [01;31m[Kerror: [m[K‘[01m[Krclcpp[m[K’ has not been declared
[1.601s]     8 | class PointCloudCustomObjectMatcher : public [01;31m[Krclcpp[m[K::Node
[1.601s]       |                                              [01;31m[K^~~~~~[m[K
[1.601s] [01m[K/home/buhrmann/ws_moveit/src/point_cloud_circle_detector/src/point_cloud_custom_plant_pot_detection.cpp:8:54:[m[K [01;31m[Kerror: [m[Kexpected ‘[01m[K{[m[K’ before ‘[01m[KNode[m[K’
[1.601s]     8 | class PointCloudCustomObjectMatcher : public rclcpp::[01;31m[KNode[m[K
[1.601s]       |                                                      [01;31m[K^~~~[m[K
[1.601s] [01m[K/home/buhrmann/ws_moveit/src/point_cloud_circle_detector/src/point_cloud_custom_plant_pot_detection.cpp:10:1:[m[K [01;31m[Kerror: [m[Kexpected primary-expression before ‘[01m[Kpublic[m[K’
[1.601s]    10 | [01;31m[Kpublic[m[K:
[1.601s]       | [01;31m[K^~~~~~[m[K
[1.601s] [01m[K/home/buhrmann/ws_moveit/src/point_cloud_circle_detector/src/point_cloud_custom_plant_pot_detection.cpp:10:1:[m[K [01;31m[Kerror: [m[Kexpected ‘[01m[K}[m[K’ before ‘[01m[Kpublic[m[K’
[1.601s] [01m[K/home/buhrmann/ws_moveit/src/point_cloud_circle_detector/src/point_cloud_custom_plant_pot_detection.cpp:9:1:[m[K [01;36m[Knote: [m[Kto match this ‘[01m[K{[m[K’
[1.601s]     9 | [01;36m[K{[m[K
[1.601s]       | [01;36m[K^[m[K
[1.601s] [01m[K/home/buhrmann/ws_moveit/src/point_cloud_circle_detector/src/point_cloud_custom_plant_pot_detection.cpp:45:1:[m[K [01;31m[Kerror: [m[Kexpected unqualified-id before ‘[01m[Kprivate[m[K’
[1.601s]    45 | [01;31m[Kprivate[m[K:
[1.601s]       | [01;31m[K^~~~~~~[m[K
[1.604s] [01m[K/home/buhrmann/ws_moveit/src/point_cloud_circle_detector/src/point_cloud_custom_plant_pot_detection.cpp:[m[K In function ‘[01m[Kvoid publish_custom_object_to_world()[m[K’:
[1.604s] [01m[K/home/buhrmann/ws_moveit/src/point_cloud_circle_detector/src/point_cloud_custom_plant_pot_detection.cpp:116:9:[m[K [01;31m[Kerror: [m[K‘[01m[Ksensor_msgs[m[K’ has not been declared
[1.604s]   116 |         [01;31m[Ksensor_msgs[m[K::msg::PointCloud2 output_custom_object;
[1.604s]       |         [01;31m[K^~~~~~~~~~~[m[K
[1.605s] [01m[K/home/buhrmann/ws_moveit/src/point_cloud_circle_detector/src/point_cloud_custom_plant_pot_detection.cpp:117:14:[m[K [01;31m[Kerror: [m[K‘[01m[KtoROSMsg[m[K’ is not a member of ‘[01m[Kpcl[m[K’
[1.605s]   117 |         pcl::[01;31m[KtoROSMsg[m[K(*custom_object_, output_custom_object);
[1.605s]       |              [01;31m[K^~~~~~~~[m[K
[1.610s] [01m[K/home/buhrmann/ws_moveit/src/point_cloud_circle_detector/src/point_cloud_custom_plant_pot_detection.cpp:117:24:[m[K [01;31m[Kerror: [m[K‘[01m[Kcustom_object_[m[K’ was not declared in this scope
[1.610s]   117 |         pcl::toROSMsg(*[01;31m[Kcustom_object_[m[K, output_custom_object);
[1.610s]       |                        [01;31m[K^~~~~~~~~~~~~~[m[K
[1.618s] [01m[K/home/buhrmann/ws_moveit/src/point_cloud_circle_detector/src/point_cloud_custom_plant_pot_detection.cpp:117:40:[m[K [01;31m[Kerror: [m[K‘[01m[Koutput_custom_object[m[K’ was not declared in this scope
[1.618s]   117 |         pcl::toROSMsg(*custom_object_, [01;31m[Koutput_custom_object[m[K);
[1.618s]       |                                        [01;31m[K^~~~~~~~~~~~~~~~~~~~[m[K
[1.618s] [01m[K/home/buhrmann/ws_moveit/src/point_cloud_circle_detector/src/point_cloud_custom_plant_pot_detection.cpp:118:45:[m[K [01;31m[Kerror: [m[Kinvalid use of ‘[01m[Kthis[m[K’ in non-member function
[1.618s]   118 |         output_custom_object.header.stamp = [01;31m[Kthis[m[K->get_clock()->now();
[1.618s]       |                                             [01;31m[K^~~~[m[K
[1.629s] [01m[K/home/buhrmann/ws_moveit/src/point_cloud_circle_detector/src/point_cloud_custom_plant_pot_detection.cpp:120:9:[m[K [01;31m[Kerror: [m[K‘[01m[Kcustom_object_publisher_[m[K’ was not declared in this scope
[1.630s]   120 |         [01;31m[Kcustom_object_publisher_[m[K->publish(output_custom_object);
[1.630s]       |         [01;31m[K^~~~~~~~~~~~~~~~~~~~~~~~[m[K
[1.630s] [01m[K/home/buhrmann/ws_moveit/src/point_cloud_circle_detector/src/point_cloud_custom_plant_pot_detection.cpp:122:21:[m[K [01;31m[Kerror: [m[Kinvalid use of ‘[01m[Kthis[m[K’ in non-member function
[1.630s]   122 |         RCLCPP_INFO([01;31m[Kthis[m[K->get_logger(), "Publishing custom object at world frame.");
[1.630s]       |                     [01;31m[K^~~~[m[K
[1.634s] [01m[K/home/buhrmann/ws_moveit/src/point_cloud_circle_detector/src/point_cloud_custom_plant_pot_detection.cpp:122:9:[m[K [01;31m[Kerror: [m[K‘[01m[KRCLCPP_INFO[m[K’ was not declared in this scope; did you mean ‘[01m[KPCL_INFO[m[K’?
[1.634s]   122 |         [01;31m[KRCLCPP_INFO[m[K(this->get_logger(), "Publishing custom object at world frame.");
[1.634s]       |         [01;31m[K^~~~~~~~~~~[m[K
[1.634s]       |         [32m[KPCL_INFO[m[K
[1.635s] [01m[K/home/buhrmann/ws_moveit/src/point_cloud_circle_detector/src/point_cloud_custom_plant_pot_detection.cpp:[m[K At global scope:
[1.635s] [01m[K/home/buhrmann/ws_moveit/src/point_cloud_circle_detector/src/point_cloud_custom_plant_pot_detection.cpp:127:5:[m[K [01;31m[Kerror: [m[K‘[01m[Krclcpp[m[K’ does not name a type
[1.635s]   127 |     [01;31m[Krclcpp[m[K::Subscription<sensor_msgs::msg::PointCloud2>::SharedPtr subscription_;
[1.635s]       |     [01;31m[K^~~~~~[m[K
[1.635s] [01m[K/home/buhrmann/ws_moveit/src/point_cloud_circle_detector/src/point_cloud_custom_plant_pot_detection.cpp:128:1:[m[K [01;31m[Kerror: [m[Kexpected declaration before ‘[01m[K}[m[K’ token
[1.635s]   128 | [01;31m[K}[m[K;
[1.635s]       | [01;31m[K^[m[K
[2.064s] gmake[2]: *** [CMakeFiles/point_cloud_plantpot_detector.dir/build.make:76: CMakeFiles/point_cloud_plantpot_detector.dir/src/point_cloud_custom_plant_pot_detection.cpp.o] Error 1
[2.064s] gmake[1]: *** [CMakeFiles/Makefile2:193: CMakeFiles/point_cloud_plantpot_detector.dir/all] Error 2
[2.064s] gmake: *** [Makefile:146: all] Error 2
[2.066s] Invoked command in '/home/buhrmann/ws_moveit/build/point_cloud_circle_detector' returned '2': CMAKE_PREFIX_PATH=${CMAKE_PREFIX_PATH}:/home/buhrmann/ws_moveit/install/moveit_configs_utils:/opt/ros/iron /usr/bin/cmake --build /home/buhrmann/ws_moveit/build/point_cloud_circle_detector -- -j28 -l28
