[0.009s] Invoking command in '/home/buhrmann/ws_moveit/build/point_cloud_circle_detector': CMAKE_PREFIX_PATH=${CMAKE_PREFIX_PATH}:/home/buhrmann/ws_moveit/install/moveit_configs_utils:/opt/ros/iron /usr/bin/cmake --build /home/buhrmann/ws_moveit/build/point_cloud_circle_detector -- -j28 -l28
[0.062s] [35m[1mConsolidate compiler generated dependencies of target point_cloud_plantpot_edge_pfh_detector[0m
[0.075s] [ 16%] Built target point_cloud_plantpot_pfh_detector
[0.076s] [ 25%] [32mBuilding CXX object CMakeFiles/point_cloud_plantpot_edge_pfh_detector.dir/src/point_cloud_plantpot_edge_pfh_detector.cpp.o[0m
[0.077s] [ 41%] Built target point_cloud_plantpot_detector
[0.077s] [ 58%] Built target point_cloud_cylinder_detector
[0.078s] [ 75%] Built target point_cloud_circle_detector
[0.081s] [ 91%] Built target point_cloud_plantpot_ppf_detector
[1.612s] [01m[K/home/buhrmann/ws_moveit/src/point_cloud_circle_detector/src/point_cloud_plantpot_edge_pfh_detector.cpp:[m[K In function ‘[01m[Kint main()[m[K’:
[1.612s] [01m[K/home/buhrmann/ws_moveit/src/point_cloud_circle_detector/src/point_cloud_plantpot_edge_pfh_detector.cpp:26:10:[m[K [01;31m[Kerror: [m[K‘[01m[Kpcl::search[m[K’ has not been declared
[1.612s]    26 |     pcl::[01;31m[Ksearch[m[K::KdTree<pcl::PointXYZ>::Ptr tree(new pcl::search::KdTree<pcl::PointXYZ>());
[1.612s]       |          [01;31m[K^~~~~~[m[K
[1.612s] [01m[K/home/buhrmann/ws_moveit/src/point_cloud_circle_detector/src/point_cloud_plantpot_edge_pfh_detector.cpp:26:38:[m[K [01;31m[Kerror: [m[Kexpected primary-expression before ‘[01m[K>[m[K’ token
[1.612s]    26 |     pcl::search::KdTree<pcl::PointXYZ[01;31m[K>[m[K::Ptr tree(new pcl::search::KdTree<pcl::PointXYZ>());
[1.612s]       |                                      [01;31m[K^[m[K
[1.614s] [01m[K/home/buhrmann/ws_moveit/src/point_cloud_circle_detector/src/point_cloud_plantpot_edge_pfh_detector.cpp:26:41:[m[K [01;31m[Kerror: [m[K‘[01m[K::Ptr[m[K’ has not been declared
[1.614s]    26 |     pcl::search::KdTree<pcl::PointXYZ>::[01;31m[KPtr[m[K tree(new pcl::search::KdTree<pcl::PointXYZ>());
[1.614s]       |                                         [01;31m[K^~~[m[K
[1.622s] [01m[K/home/buhrmann/ws_moveit/src/point_cloud_circle_detector/src/point_cloud_plantpot_edge_pfh_detector.cpp:27:19:[m[K [01;31m[Kerror: [m[K‘[01m[Kclass pcl::OrganizedEdgeBase<pcl::PointXYZ, pcl::PointXYZ>[m[K’ has no member named ‘[01m[KsetSearchMethod[m[K’
[1.622s]    27 |     edge_detector.[01;31m[KsetSearchMethod[m[K(tree);
[1.622s]       |                   [01;31m[K^~~~~~~~~~~~~~~[m[K
[1.624s] [01m[K/home/buhrmann/ws_moveit/src/point_cloud_circle_detector/src/point_cloud_plantpot_edge_pfh_detector.cpp:27:35:[m[K [01;31m[Kerror: [m[K‘[01m[Ktree[m[K’ was not declared in this scope; did you mean ‘[01m[Ktee[m[K’?
[1.624s]    27 |     edge_detector.setSearchMethod([01;31m[Ktree[m[K);
[1.624s]       |                                   [01;31m[K^~~~[m[K
[1.624s]       |                                   [32m[Ktee[m[K
[1.624s] [01m[K/home/buhrmann/ws_moveit/src/point_cloud_circle_detector/src/point_cloud_plantpot_edge_pfh_detector.cpp:33:26:[m[K [01;31m[Kerror: [m[Kno matching function for call to ‘[01m[Kpcl::OrganizedEdgeBase<pcl::PointXYZ, pcl::PointXYZ>::compute(std::__shared_ptr_access<pcl::PointCloud<pcl::PointXYZ>, __gnu_cxx::_S_atomic, false, false>::element_type&)[m[K’
[1.624s]    33 |     [01;31m[Kedge_detector.compute(*edges)[m[K;
[1.624s]       |     [01;31m[K~~~~~~~~~~~~~~~~~~~~~^~~~~~~~[m[K
[1.624s] In file included from [01m[K/usr/include/pcl-1.12/pcl/features/organized_edge_detection.h:429[m[K,
[1.624s]                  from [01m[K/home/buhrmann/ws_moveit/src/point_cloud_circle_detector/src/point_cloud_plantpot_edge_pfh_detector.cpp:5[m[K:
[1.624s] [01m[K/usr/include/pcl-1.12/pcl/features/impl/organized_edge_detection.hpp:52:1:[m[K [01;36m[Knote: [m[Kcandidate: ‘[01m[Kvoid pcl::OrganizedEdgeBase<PointT, PointLT>::compute(pcl::PointCloud<PointOutT>&, std::vector<pcl::PointIndices>&) const [with PointT = pcl::PointXYZ; PointLT = pcl::PointXYZ][m[K’
[1.624s]    52 | [01;36m[Kpcl[m[K::OrganizedEdgeBase<PointT, PointLT>::compute (pcl::PointCloud<PointLT>& labels, std::vector<pcl::PointIndices>& label_indices) const
[1.624s]       | [01;36m[K^~~[m[K
[1.624s] [01m[K/usr/include/pcl-1.12/pcl/features/impl/organized_edge_detection.hpp:52:1:[m[K [01;36m[Knote: [m[K  candidate expects 2 arguments, 1 provided
[1.627s] [01m[K/home/buhrmann/ws_moveit/src/point_cloud_circle_detector/src/point_cloud_plantpot_edge_pfh_detector.cpp:36:80:[m[K [01;31m[Kerror: [m[K‘[01m[Kedge_cloud[m[K’ was not declared in this scope
[1.627s]    36 |     pcl::io::savePCDFile("/home/buhrmann/Desktop/Pointcloud_Tests/edges.pcd", *[01;31m[Kedge_cloud[m[K);
[1.627s]       |                                                                                [01;31m[K^~~~~~~~~~[m[K
[1.992s] gmake[2]: *** [CMakeFiles/point_cloud_plantpot_edge_pfh_detector.dir/build.make:76: CMakeFiles/point_cloud_plantpot_edge_pfh_detector.dir/src/point_cloud_plantpot_edge_pfh_detector.cpp.o] Error 1
[1.992s] gmake[1]: *** [CMakeFiles/Makefile2:277: CMakeFiles/point_cloud_plantpot_edge_pfh_detector.dir/all] Error 2
[1.993s] gmake: *** [Makefile:146: all] Error 2
[1.995s] Invoked command in '/home/buhrmann/ws_moveit/build/point_cloud_circle_detector' returned '2': CMAKE_PREFIX_PATH=${CMAKE_PREFIX_PATH}:/home/buhrmann/ws_moveit/install/moveit_configs_utils:/opt/ros/iron /usr/bin/cmake --build /home/buhrmann/ws_moveit/build/point_cloud_circle_detector -- -j28 -l28
