[0.489s] Invoking command in '/home/buhrmann/ws_moveit/build/point_cloud_circle_detector': CMAKE_PREFIX_PATH=${CMAKE_PREFIX_PATH}:/home/buhrmann/ws_moveit/install/ros2_azure_bridge:/home/buhrmann/ws_moveit/install/moveit_configs_utils:/opt/ros/iron /usr/bin/cmake --build /home/buhrmann/ws_moveit/build/point_cloud_circle_detector -- -j28 -l28
[0.605s] [35m[1mConsolidate compiler generated dependencies of target plantplot_icp_conversion[0m
[0.621s] [  7%] Built target point_cloud_plantpot_edge_pfh_detector
[0.623s] [ 15%] Built target rgb_edge_filter
[0.623s] [ 23%] Built target point_cloud_plantpot_ppf_detector
[0.623s] [ 30%] Built target cup_pointcloud_segmentation_color
[0.624s] [ 38%] Built target cup_segmentation_color
[0.628s] [ 46%] Built target point_cloud_circle_detector
[0.632s] [ 53%] Built target point_cloud_cylinder_detector
[0.633s] [ 61%] Built target hsv_color_filter
[0.637s] [ 69%] Built target point_cloud_plantpot_pfh_detector
[0.638s] [ 76%] Built target point_cloud_plantpot_detector
[0.639s] [ 80%] [32mBuilding CXX object CMakeFiles/plantplot_icp_conversion.dir/src/plantplot_icp_conversion.cpp.o[0m
[0.642s] [ 88%] Built target point_cloud_plantpot_rgb_edge_pfh_detector
[0.644s] [ 96%] Built target image_based_hsv_color_filter
[10.809s] [01m[K/home/buhrmann/ws_moveit/src/point_cloud_circle_detector/src/plantplot_icp_conversion.cpp:[m[K In member function ‘[01m[KEigen::Matrix4f PointCloudCustomObjectMatcher::getCameraToWorldTransform()[m[K’:
[10.809s] [01m[K/home/buhrmann/ws_moveit/src/point_cloud_circle_detector/src/plantplot_icp_conversion.cpp:92:125:[m[K [01;31m[Kerror: [m[Kexpected ‘[01m[K,[m[K’ or ‘[01m[K;[m[K’ before ‘[01m[K)[m[K’ token
[10.809s]    92 |             tf_buffer_->lookupTransform("world", "UR5_camera_depth_optical_frame", rclcpp::Time(0), std::chrono::seconds(1))[01;31m[K)[m[K;
[10.809s]       |                                                                                                                             [01;31m[K^[m[K
[10.812s] [01m[K/home/buhrmann/ws_moveit/src/point_cloud_circle_detector/src/plantplot_icp_conversion.cpp:95:50:[m[K [01;31m[Kerror: [m[K‘[01m[KtransformToEigen[m[K’ is not a member of ‘[01m[Ktf2[m[K’; did you mean ‘[01m[KTransformStorage[m[K’?
[10.812s]    95 |         Eigen::Isometry3d transform_eigen = tf2::[01;31m[KtransformToEigen[m[K(transform_stamped.transform);
[10.812s]       |                                                  [01;31m[K^~~~~~~~~~~~~~~~[m[K
[10.812s]       |                                                  [32m[KTransformStorage[m[K
[10.857s] [01m[K/home/buhrmann/ws_moveit/src/point_cloud_circle_detector/src/plantplot_icp_conversion.cpp:[m[K In member function ‘[01m[Kvoid PointCloudCustomObjectMatcher::listener_callback(sensor_msgs::msg::PointCloud2_<std::allocator<void> >::SharedPtr)[m[K’:
[10.857s] [01m[K/home/buhrmann/ws_moveit/src/point_cloud_circle_detector/src/plantplot_icp_conversion.cpp:177:9:[m[K [01;31m[Kerror: [m[K‘[01m[Kicp[m[K’ was not declared in this scope
[10.857s]   177 |         [01;31m[Kicp[m[K.setInputTarget(cloud_filtered_world);
[10.857s]       |         [01;31m[K^~~[m[K
[10.924s] [01m[K/home/buhrmann/ws_moveit/src/point_cloud_circle_detector/src/plantplot_icp_conversion.cpp:[m[K In member function ‘[01m[Kvoid PointCloudCustomObjectMatcher::filter_by_rgb(pcl::PointCloud<pcl::PointXYZRGB>::Ptr&, pcl::PointCloud<pcl::PointXYZRGB>::Ptr&)[m[K’:
[10.924s] [01m[K/home/buhrmann/ws_moveit/src/point_cloud_circle_detector/src/plantplot_icp_conversion.cpp:304:95:[m[K [01;35m[Kwarning: [m[Kcomparison is always true due to limited range of data type [[01;35m[K]8;;https://gcc.gnu.org/onlinedocs/gcc/Warning-Options.html#index-Wtype-limits-Wtype-limits]8;;[m[K]
[10.924s]   304 |             if (point.r >= 80 && point.r <= 155 && point.g >= 20 && point.g <= 100 && [01;35m[Kpoint.b >= 0[m[K && point.b <= 70)
[10.924s]       |                                                                                       [01;35m[K~~~~~~~~^~~~[m[K
[10.924s] [01m[K/home/buhrmann/ws_moveit/src/point_cloud_circle_detector/src/plantplot_icp_conversion.cpp:[m[K In member function ‘[01m[Kvoid PointCloudCustomObjectMatcher::overrideOrientationAndPlaceOnPlane(pcl::PointCloud<pcl::PointXYZ>::Ptr&)[m[K’:
[10.924s] [01m[K/home/buhrmann/ws_moveit/src/point_cloud_circle_detector/src/plantplot_icp_conversion.cpp:323:78:[m[K [01;35m[Kwarning: [m[Kunused parameter ‘[01m[Kcloud[m[K’ [[01;35m[K]8;;https://gcc.gnu.org/onlinedocs/gcc/Warning-Options.html#index-Wunused-parameter-Wunused-parameter]8;;[m[K]
[10.924s]   323 | void overrideOrientationAndPlaceOnPlane([01;35m[Kpcl::PointCloud<pcl::PointXYZ>::Ptr& cloud[m[K)
[10.924s]       |                                         [01;35m[K~~~~~~~~~~~~~~~~~~~~~~~~~~~~~~~~~~~~~^~~~~[m[K
[15.055s] gmake[2]: *** [CMakeFiles/plantplot_icp_conversion.dir/build.make:76: CMakeFiles/plantplot_icp_conversion.dir/src/plantplot_icp_conversion.cpp.o] Error 1
[15.055s] gmake[1]: *** [CMakeFiles/Makefile2:473: CMakeFiles/plantplot_icp_conversion.dir/all] Error 2
[15.055s] gmake: *** [Makefile:146: all] Error 2
[15.058s] Invoked command in '/home/buhrmann/ws_moveit/build/point_cloud_circle_detector' returned '2': CMAKE_PREFIX_PATH=${CMAKE_PREFIX_PATH}:/home/buhrmann/ws_moveit/install/ros2_azure_bridge:/home/buhrmann/ws_moveit/install/moveit_configs_utils:/opt/ros/iron /usr/bin/cmake --build /home/buhrmann/ws_moveit/build/point_cloud_circle_detector -- -j28 -l28
