[0.049s] Invoking command in '/home/buhrmann/ws_moveit/build/moveit_msgs': CMAKE_PREFIX_PATH=${CMAKE_PREFIX_PATH}:/home/buhrmann/ws_moveit/install/moveit_configs_utils:/opt/ros/iron /usr/bin/cmake --build /home/buhrmann/ws_moveit/build/moveit_msgs -- -j28 -l28
[0.191s] -- Found ament_cmake: 2.0.6 (/opt/ros/iron/share/ament_cmake/cmake)
[0.213s] [31mCMake Error at CMakeLists.txt:17 (find_package):
[0.213s]   By not providing "Findrosidl_default_generators.cmake" in CMAKE_MODULE_PATH
[0.213s]   this project has asked CMake to find a package configuration file provided
[0.213s]   by "rosidl_default_generators", but CMake did not find one.
[0.213s] 
[0.213s]   Could not find a package configuration file provided by
[0.213s]   "rosidl_default_generators" with any of the following names:
[0.213s] 
[0.213s]     rosidl_default_generatorsConfig.cmake
[0.213s]     rosidl_default_generators-config.cmake
[0.213s] 
[0.213s]   Add the installation prefix of "rosidl_default_generators" to
[0.214s]   CMAKE_PREFIX_PATH or set "rosidl_default_generators_DIR" to a directory
[0.214s]   containing one of the above files.  If "rosidl_default_generators" provides
[0.214s]   a separate development package or SDK, be sure it has been installed.
[0.214s] 
[0.214s] [0m
[0.214s] -- Configuring incomplete, errors occurred!
[0.214s] See also "/home/buhrmann/ws_moveit/build/moveit_msgs/CMakeFiles/CMakeOutput.log".
[0.215s] gmake: *** [Makefile:22415: cmake_check_build_system] Error 1
[0.227s] Invoked command in '/home/buhrmann/ws_moveit/build/moveit_msgs' returned '2': CMAKE_PREFIX_PATH=${CMAKE_PREFIX_PATH}:/home/buhrmann/ws_moveit/install/moveit_configs_utils:/opt/ros/iron /usr/bin/cmake --build /home/buhrmann/ws_moveit/build/moveit_msgs -- -j28 -l28
