[  7%] Built target point_cloud_plantpot_ppf_detector
[ 14%] Built target point_cloud_circle_detector
[ 21%] Built target point_cloud_cylinder_detector
[ 28%] Built target rgb_edge_filter
[ 35%] Built target point_cloud_plantpot_edge_pfh_detector
[ 42%] Built target cup_segmentation_color
[ 50%] Built target point_cloud_plantpot_detector
[ 57%] Built target cup_pointcloud_segmentation_color
[ 64%] Built target point_cloud_plantpot_rgb_edge_pfh_detector
[ 71%] Built target hsv_color_filter
[ 75%] [32mBuilding CXX object CMakeFiles/plantplot_ransac_conversion.dir/src/plantplot_ransac_conversion.cpp.o[0m
[ 82%] Built target point_cloud_plantpot_pfh_detector
[ 89%] Built target plantplot_icp_conversion
[ 96%] Built target image_based_hsv_color_filter
[01m[K/home/buhrmann/ws_moveit/src/point_cloud_circle_detector/src/plantplot_ransac_conversion.cpp:[m[K In member function ‘[01m[Kvoid PointCloudCustomObjectMatcher::overrideOrientationAndPlaceOnPlane(pcl::PointCloud<pcl::PointXYZ>::Ptr&)[m[K’:
[01m[K/home/buhrmann/ws_moveit/src/point_cloud_circle_detector/src/plantplot_ransac_conversion.cpp:302:78:[m[K [01;35m[Kwarning: [m[Kunused parameter ‘[01m[Kcloud[m[K’ [[01;35m[K]8;;https://gcc.gnu.org/onlinedocs/gcc/Warning-Options.html#index-Wunused-parameter-Wunused-parameter]8;;[m[K]
  302 | void overrideOrientationAndPlaceOnPlane([01;35m[Kpcl::PointCloud<pcl::PointXYZ>::Ptr& cloud[m[K)
      |                                         [01;35m[K~~~~~~~~~~~~~~~~~~~~~~~~~~~~~~~~~~~~~^~~~~[m[K
gmake[2]: *** [CMakeFiles/plantplot_ransac_conversion.dir/build.make:76: CMakeFiles/plantplot_ransac_conversion.dir/src/plantplot_ransac_conversion.cpp.o] Interrupt
gmake[1]: *** [CMakeFiles/Makefile2:501: CMakeFiles/plantplot_ransac_conversion.dir/all] Interrupt
gmake: *** [Makefile:146: all] Interrupt
