-- The C compiler identification is GNU 11.4.0
-- The CXX compiler identification is GNU 11.4.0
-- Detecting C compiler ABI info
-- Detecting C compiler ABI info - done
-- Check for working C compiler: /usr/bin/cc - skipped
-- Detecting C compile features
-- Detecting C compile features - done
-- Detecting CXX compiler ABI info
-- Detecting CXX compiler ABI info - done
-- Check for working CXX compiler: /usr/bin/c++ - skipped
-- Detecting CXX compile features
-- Detecting CXX compile features - done
-- Found moveit_common: 2.11.0 (/home/buhrmann/ws_moveit/install/moveit_common/share/moveit_common/cmake)
-- Found ament_cmake: 2.0.6 (/opt/ros/iron/share/ament_cmake/cmake)
-- Found Python3: /usr/bin/python3.10 (found version "3.10.12") found components: Interpreter 
-- Found generate_parameter_library: 0.3.9 (/opt/ros/iron/share/generate_parameter_library/cmake)
-- Found parameter_traits: 0.3.9 (/opt/ros/iron/share/parameter_traits/cmake)
-- Found rosidl_generator_c: 4.0.1 (/opt/ros/iron/share/rosidl_generator_c/cmake)
-- Found rosidl_generator_cpp: 4.0.1 (/opt/ros/iron/share/rosidl_generator_cpp/cmake)
-- Using all available rosidl_typesupport_c: rosidl_typesupport_fastrtps_c;rosidl_typesupport_introspection_c
-- Using all available rosidl_typesupport_cpp: rosidl_typesupport_fastrtps_cpp;rosidl_typesupport_introspection_cpp
-- Found rmw_implementation_cmake: 7.1.0 (/opt/ros/iron/share/rmw_implementation_cmake/cmake)
-- Found rmw_fastrtps_cpp: 7.1.4 (/opt/ros/iron/share/rmw_fastrtps_cpp/cmake)
-- Found OpenSSL: /usr/lib/x86_64-linux-gnu/libcrypto.so (found version "3.0.2")  
-- Found FastRTPS: /opt/ros/iron/include  
-- Using RMW implementation 'rmw_fastrtps_cpp' as default
-- Found rclcpp_lifecycle: 21.0.7 (/opt/ros/iron/share/rclcpp_lifecycle/cmake)
-- Found moveit_core: 2.11.0 (/home/buhrmann/ws_moveit/install/moveit_core/share/moveit_core/cmake)
-- Found Boost: /usr/lib/x86_64-linux-gnu/cmake/Boost-1.74.0/BoostConfig.cmake (found version "1.74.0") found components: chrono date_time filesystem iostreams program_options regex serialization system thread 
-- Found Boost: /usr/lib/x86_64-linux-gnu/cmake/Boost-1.74.0/BoostConfig.cmake (found version "1.74.0") found components: filesystem 
-- library: /usr/lib/x86_64-linux-gnu/libcurl.so
-- Found Eigen3: TRUE (found version "3.4.0") 
-- Ensuring Eigen3 include directory is part of orocos-kdl CMake target
-- Found ament_cmake_gtest: 2.0.6 (/opt/ros/iron/share/ament_cmake_gtest/cmake)
-- Found gtest sources under '/opt/ros/iron/src/gtest_vendor': C++ tests using 'Google Test' will be built
-- Found Threads: TRUE  
-- Configuring done
-- Generating done
-- Build files have been written to: /home/buhrmann/ws_moveit/build/moveit_planners_stomp
[  8%] [32mBuilding CXX object gtest/CMakeFiles/gtest_main.dir/src/gtest_main.cc.o[0m
[ 25%] [32mBuilding CXX object gtest/CMakeFiles/gtest.dir/src/gtest-all.cc.o[0m
[ 25%] [34m[1mRunning `/opt/ros/iron/bin/generate_parameter_library_cpp /home/buhrmann/ws_moveit/build/moveit_planners_stomp/stomp_moveit_parameters/include//stomp_moveit_parameters.hpp /home/buhrmann/ws_moveit/src/moveit2/moveit_planners/stomp/res/stomp_moveit.yaml `[0m
[ 25%] Built target stomp_moveit_parameters
[ 33%] [32mBuilding CXX object CMakeFiles/stomp_moveit_plugin.dir/src/stomp_moveit_planner_plugin.cpp.o[0m
[ 41%] [32mBuilding CXX object CMakeFiles/stomp_moveit_plugin.dir/src/stomp_moveit_planning_context.cpp.o[0m
[ 50%] [32m[1mLinking CXX static library libgtest_main.a[0m
[ 50%] Built target gtest_main
[ 58%] [32m[1mLinking CXX static library libgtest.a[0m
[ 58%] Built target gtest
[ 66%] [32mBuilding CXX object test/CMakeFiles/test_cost_functions.dir/test_cost_functions.cpp.o[0m
[ 75%] [32mBuilding CXX object test/CMakeFiles/test_noise_generator.dir/test_noise_generator.cpp.o[0m
[ 83%] [32m[1mLinking CXX executable test_noise_generator[0m
[ 83%] Built target test_noise_generator
[ 91%] [32m[1mLinking CXX executable test_cost_functions[0m
[ 91%] Built target test_cost_functions
[100%] [32m[1mLinking CXX shared library libstomp_moveit_plugin.so[0m
[100%] Built target stomp_moveit_plugin
-- Install configuration: "Release"
-- Installing: /home/buhrmann/ws_moveit/install/moveit_planners_stomp/include/stomp_moveit_parameters
-- Installing: /home/buhrmann/ws_moveit/install/moveit_planners_stomp/include/stomp_moveit_parameters/stomp_moveit_parameters.hpp
-- Installing: /home/buhrmann/ws_moveit/install/moveit_planners_stomp/share/moveit_planners_stomp/stomp_moveit_plugin_description.xml
-- Installing: /home/buhrmann/ws_moveit/install/moveit_planners_stomp/lib/libstomp_moveit_plugin.so
-- Set runtime path of "/home/buhrmann/ws_moveit/install/moveit_planners_stomp/lib/libstomp_moveit_plugin.so" to ""
-- Installing: /home/buhrmann/ws_moveit/install/moveit_planners_stomp/share/moveit_planners_stomp/environment/library_path.sh
-- Installing: /home/buhrmann/ws_moveit/install/moveit_planners_stomp/share/moveit_planners_stomp/environment/library_path.dsv
-- Installing: /home/buhrmann/ws_moveit/install/moveit_planners_stomp/share/ament_index/resource_index/package_run_dependencies/moveit_planners_stomp
-- Installing: /home/buhrmann/ws_moveit/install/moveit_planners_stomp/share/ament_index/resource_index/parent_prefix_path/moveit_planners_stomp
-- Installing: /home/buhrmann/ws_moveit/install/moveit_planners_stomp/share/moveit_planners_stomp/environment/ament_prefix_path.sh
-- Installing: /home/buhrmann/ws_moveit/install/moveit_planners_stomp/share/moveit_planners_stomp/environment/ament_prefix_path.dsv
-- Installing: /home/buhrmann/ws_moveit/install/moveit_planners_stomp/share/moveit_planners_stomp/environment/path.sh
-- Installing: /home/buhrmann/ws_moveit/install/moveit_planners_stomp/share/moveit_planners_stomp/environment/path.dsv
-- Installing: /home/buhrmann/ws_moveit/install/moveit_planners_stomp/share/moveit_planners_stomp/local_setup.bash
-- Installing: /home/buhrmann/ws_moveit/install/moveit_planners_stomp/share/moveit_planners_stomp/local_setup.sh
-- Installing: /home/buhrmann/ws_moveit/install/moveit_planners_stomp/share/moveit_planners_stomp/local_setup.zsh
-- Installing: /home/buhrmann/ws_moveit/install/moveit_planners_stomp/share/moveit_planners_stomp/local_setup.dsv
-- Installing: /home/buhrmann/ws_moveit/install/moveit_planners_stomp/share/moveit_planners_stomp/package.dsv
-- Installing: /home/buhrmann/ws_moveit/install/moveit_planners_stomp/share/ament_index/resource_index/packages/moveit_planners_stomp
-- Installing: /home/buhrmann/ws_moveit/install/moveit_planners_stomp/share/ament_index/resource_index/moveit_core__pluginlib__plugin/moveit_planners_stomp
-- Installing: /home/buhrmann/ws_moveit/install/moveit_planners_stomp/share/moveit_planners_stomp/cmake/moveit_planners_stompTargetsExport.cmake
-- Installing: /home/buhrmann/ws_moveit/install/moveit_planners_stomp/share/moveit_planners_stomp/cmake/moveit_planners_stompTargetsExport-release.cmake
-- Installing: /home/buhrmann/ws_moveit/install/moveit_planners_stomp/share/moveit_planners_stomp/cmake/ament_cmake_export_targets-extras.cmake
-- Installing: /home/buhrmann/ws_moveit/install/moveit_planners_stomp/share/moveit_planners_stomp/cmake/ament_cmake_export_dependencies-extras.cmake
-- Installing: /home/buhrmann/ws_moveit/install/moveit_planners_stomp/share/moveit_planners_stomp/cmake/moveit_planners_stompConfig.cmake
-- Installing: /home/buhrmann/ws_moveit/install/moveit_planners_stomp/share/moveit_planners_stomp/cmake/moveit_planners_stompConfig-version.cmake
-- Installing: /home/buhrmann/ws_moveit/install/moveit_planners_stomp/share/moveit_planners_stomp/package.xml
