[35m[1mConsolidate compiler generated dependencies of target add_object_to_planning_scene_node[0m
[ 50%] [32mBuilding CXX object CMakeFiles/add_object_to_planning_scene_node.dir/src/add_object_to_planning_scene.cpp.o[0m
[01m[K/home/buhrmann/ws_moveit/src/edit_planning_scene/src/add_object_to_planning_scene.cpp:[m[K In member function ‘[01m[Kvoid AddObjectToPlanningScene::addObjectToScene()[m[K’:
[01m[K/home/buhrmann/ws_moveit/src/edit_planning_scene/src/add_object_to_planning_scene.cpp:34:22:[m[K [01;31m[Kerror: [m[K‘[01m[KMeshGeometry[m[K’ is not a member of ‘[01m[Kshape_msgs::msg[m[K’
   34 |     shape_msgs::msg::[01;31m[KMeshGeometry[m[K mesh_geometry;
      |                      [01;31m[K^~~~~~~~~~~~[m[K
[01m[K/home/buhrmann/ws_moveit/src/edit_planning_scene/src/add_object_to_planning_scene.cpp:35:5:[m[K [01;31m[Kerror: [m[K‘[01m[Kmesh_geometry[m[K’ was not declared in this scope
   35 |     [01;31m[Kmesh_geometry[m[K.vertices.push_back({0.0, 0.0, 0.0});  // Example (replace with actual mesh data)
      |     [01;31m[K^~~~~~~~~~~~~[m[K
[01m[K/home/buhrmann/ws_moveit/src/edit_planning_scene/src/add_object_to_planning_scene.cpp:46:38:[m[K [01;31m[Kerror: [m[Kno matching function for call to ‘[01m[Kstd::vector<shape_msgs::msg::Mesh_<std::allocator<void> >, std::allocator<shape_msgs::msg::Mesh_<std::allocator<void> > > >::push_back(std::string&)[m[K’
   46 |     [01;31m[Kcollision_object.meshes.push_back(stl_path)[m[K;  // Mesh needs to be set correctly
      |     [01;31m[K~~~~~~~~~~~~~~~~~~~~~~~~~~~~~~~~~^~~~~~~~~~[m[K
In file included from [01m[K/usr/include/c++/11/vector:67[m[K,
                 from [01m[K/usr/include/c++/11/functional:62[m[K,
                 from [01m[K/usr/include/c++/11/pstl/glue_algorithm_defs.h:13[m[K,
                 from [01m[K/usr/include/c++/11/algorithm:74[m[K,
                 from [01m[K/opt/ros/iron/include/rclcpp/rclcpp/executor.hpp:18[m[K,
                 from [01m[K/opt/ros/iron/include/rclcpp/rclcpp/executors/multi_threaded_executor.hpp:25[m[K,
                 from [01m[K/opt/ros/iron/include/rclcpp/rclcpp/executors.hpp:21[m[K,
                 from [01m[K/opt/ros/iron/include/rclcpp/rclcpp/rclcpp.hpp:167[m[K,
                 from [01m[K/home/buhrmann/ws_moveit/src/edit_planning_scene/src/add_object_to_planning_scene.cpp:1[m[K:
[01m[K/usr/include/c++/11/bits/stl_vector.h:1187:7:[m[K [01;36m[Knote: [m[Kcandidate: ‘[01m[Kvoid std::vector<_Tp, _Alloc>::push_back(const value_type&) [with _Tp = shape_msgs::msg::Mesh_<std::allocator<void> >; _Alloc = std::allocator<shape_msgs::msg::Mesh_<std::allocator<void> > >; std::vector<_Tp, _Alloc>::value_type = shape_msgs::msg::Mesh_<std::allocator<void> >][m[K’
 1187 |       [01;36m[Kpush_back[m[K(const value_type& __x)
      |       [01;36m[K^~~~~~~~~[m[K
[01m[K/usr/include/c++/11/bits/stl_vector.h:1187:35:[m[K [01;36m[Knote: [m[K  no known conversion for argument 1 from ‘[01m[Kstd::string[m[K’ {aka ‘[01m[Kstd::__cxx11::basic_string<char>[m[K’} to ‘[01m[Kconst value_type&[m[K’ {aka ‘[01m[Kconst shape_msgs::msg::Mesh_<std::allocator<void> >&[m[K’}
 1187 |       push_back([01;36m[Kconst value_type& __x[m[K)
      |                 [01;36m[K~~~~~~~~~~~~~~~~~~^~~[m[K
[01m[K/usr/include/c++/11/bits/stl_vector.h:1203:7:[m[K [01;36m[Knote: [m[Kcandidate: ‘[01m[Kvoid std::vector<_Tp, _Alloc>::push_back(std::vector<_Tp, _Alloc>::value_type&&) [with _Tp = shape_msgs::msg::Mesh_<std::allocator<void> >; _Alloc = std::allocator<shape_msgs::msg::Mesh_<std::allocator<void> > >; std::vector<_Tp, _Alloc>::value_type = shape_msgs::msg::Mesh_<std::allocator<void> >][m[K’
 1203 |       [01;36m[Kpush_back[m[K(value_type&& __x)
      |       [01;36m[K^~~~~~~~~[m[K
[01m[K/usr/include/c++/11/bits/stl_vector.h:1203:30:[m[K [01;36m[Knote: [m[K  no known conversion for argument 1 from ‘[01m[Kstd::string[m[K’ {aka ‘[01m[Kstd::__cxx11::basic_string<char>[m[K’} to ‘[01m[Kstd::vector<shape_msgs::msg::Mesh_<std::allocator<void> >, std::allocator<shape_msgs::msg::Mesh_<std::allocator<void> > > >::value_type&&[m[K’ {aka ‘[01m[Kshape_msgs::msg::Mesh_<std::allocator<void> >&&[m[K’}
 1203 |       push_back([01;36m[Kvalue_type&& __x[m[K)
      |                 [01;36m[K~~~~~~~~~~~~~^~~[m[K
gmake[2]: *** [CMakeFiles/add_object_to_planning_scene_node.dir/build.make:76: CMakeFiles/add_object_to_planning_scene_node.dir/src/add_object_to_planning_scene.cpp.o] Error 1
gmake[1]: *** [CMakeFiles/Makefile2:137: CMakeFiles/add_object_to_planning_scene_node.dir/all] Error 2
gmake: *** [Makefile:146: all] Error 2
