[0.008s] Invoking command in '/home/buhrmann/ws_moveit/build/point_cloud_circle_detector': CMAKE_PREFIX_PATH=${CMAKE_PREFIX_PATH}:/home/buhrmann/ws_moveit/install/moveit_configs_utils:/opt/ros/iron /usr/bin/cmake --build /home/buhrmann/ws_moveit/build/point_cloud_circle_detector -- -j28 -l28
[0.032s] -- Found ament_cmake: 2.0.7 (/opt/ros/iron/share/ament_cmake/cmake)
[0.131s] -- Override CMake install command with custom implementation using symlinks instead of copying resources
[0.136s] -- Found sensor_msgs: 5.0.1 (/opt/ros/iron/share/sensor_msgs/cmake)
[0.153s] -- Found rosidl_generator_c: 4.0.1 (/opt/ros/iron/share/rosidl_generator_c/cmake)
[0.157s] -- Found rosidl_generator_cpp: 4.0.1 (/opt/ros/iron/share/rosidl_generator_cpp/cmake)
[0.164s] -- Using all available rosidl_typesupport_c: rosidl_typesupport_fastrtps_c;rosidl_typesupport_introspection_c
[0.173s] -- Using all available rosidl_typesupport_cpp: rosidl_typesupport_fastrtps_cpp;rosidl_typesupport_introspection_cpp
[0.269s] -- Found rclcpp: 21.0.8 (/opt/ros/iron/share/rclcpp/cmake)
[0.315s] -- Found rmw_implementation_cmake: 7.1.0 (/opt/ros/iron/share/rmw_implementation_cmake/cmake)
[0.317s] -- Found rmw_fastrtps_cpp: 7.1.4 (/opt/ros/iron/share/rmw_fastrtps_cpp/cmake)
[0.398s] -- Using RMW implementation 'rmw_fastrtps_cpp' as default
[0.495s] -- Found pcl_conversions: 2.5.4 (/opt/ros/iron/share/pcl_conversions/cmake)
[0.600s] -- FLANN found (include: /usr/include, lib: /usr/lib/x86_64-linux-gnu/libflann_cpp.so)
[0.606s] -- Could NOT find Pcap (missing: PCAP_LIBRARIES PCAP_INCLUDE_DIRS) 
[1.147s] -- Found Qhull version 8.0.2
[1.654s] [0m - /home/buhrmann/ws_moveit/src/point_cloud_circle_detector/pcl_common[0m
[1.654s] [0m - /home/buhrmann/ws_moveit/src/point_cloud_circle_detector/pcl_kdtree[0m
[1.654s] [0m - /home/buhrmann/ws_moveit/src/point_cloud_circle_detector/pcl_octree[0m
[1.654s] [0m - /home/buhrmann/ws_moveit/src/point_cloud_circle_detector/pcl_search[0m
[1.654s] [0m - /home/buhrmann/ws_moveit/src/point_cloud_circle_detector/pcl_sample_consensus[0m
[1.654s] [0m - /home/buhrmann/ws_moveit/src/point_cloud_circle_detector/pcl_filters[0m
[1.654s] [0m - /home/buhrmann/ws_moveit/src/point_cloud_circle_detector/pcl_io[0m
[1.654s] [0m - /home/buhrmann/ws_moveit/src/point_cloud_circle_detector/pcl_features[0m
[1.654s] [0m - /home/buhrmann/ws_moveit/src/point_cloud_circle_detector/pcl_ml[0m
[1.654s] [0m - /home/buhrmann/ws_moveit/src/point_cloud_circle_detector/pcl_segmentation[0m
[1.654s] [0m - /home/buhrmann/ws_moveit/src/point_cloud_circle_detector/pcl_surface[0m
[1.654s] [0m - /home/buhrmann/ws_moveit/src/point_cloud_circle_detector/pcl_registration[0m
[1.654s] [0m - /home/buhrmann/ws_moveit/src/point_cloud_circle_detector/pcl_keypoints[0m
[1.654s] [0m - /home/buhrmann/ws_moveit/src/point_cloud_circle_detector/pcl_tracking[0m
[1.654s] [0m - /home/buhrmann/ws_moveit/src/point_cloud_circle_detector/pcl_recognition[0m
[1.654s] [0m - /home/buhrmann/ws_moveit/src/point_cloud_circle_detector/pcl_stereo[0m
[1.654s] [0m - /home/buhrmann/ws_moveit/src/point_cloud_circle_detector/Boost::system[0m
[1.654s] [0m - /home/buhrmann/ws_moveit/src/point_cloud_circle_detector/Boost::iostreams[0m
[1.654s] [0m - /home/buhrmann/ws_moveit/src/point_cloud_circle_detector/Boost::filesystem[0m
[1.654s] [0m - /home/buhrmann/ws_moveit/src/point_cloud_circle_detector/Boost::serialization[0m
[1.654s] [0m - /home/buhrmann/ws_moveit/src/point_cloud_circle_detector/FLANN::FLANN[0m
[1.654s] [0m - /home/buhrmann/ws_moveit/src/point_cloud_circle_detector/QHULL::QHULL[0m
[1.944s] -- Found ament_lint_auto: 0.14.4 (/opt/ros/iron/share/ament_lint_auto/cmake)
[1.984s] -- Configuring done
[2.011s] -- Generating done
[2.018s] -- Build files have been written to: /home/buhrmann/ws_moveit/build/point_cloud_circle_detector
[2.046s] [35m[1mConsolidate compiler generated dependencies of target point_cloud_cylinder_detector[0m
[2.047s] [35m[1mConsolidate compiler generated dependencies of target point_cloud_plantpot_ppf_detector[0m
[2.047s] [35m[1mConsolidate compiler generated dependencies of target point_cloud_circle_detector[0m
[2.048s] [35m[1mConsolidate compiler generated dependencies of target point_cloud_plantpot_detector[0m
[2.058s] gmake[2]: *** No rule to make target '/usr/local/lib/x86_64-linux-gnu/libpcl_common.so', needed by 'point_cloud_plantpot_ppf_detector'.  Stop.
[2.058s] gmake[1]: *** [CMakeFiles/Makefile2:221: CMakeFiles/point_cloud_plantpot_ppf_detector.dir/all] Error 2
[2.058s] gmake[1]: *** Waiting for unfinished jobs....
[2.066s] [ 37%] Built target point_cloud_cylinder_detector
[2.066s] [ 50%] Built target point_cloud_plantpot_detector
[2.066s] [ 62%] [32m[1mLinking CXX executable point_cloud_circle_detector[0m
[2.683s] [ 75%] Built target point_cloud_circle_detector
[2.683s] gmake: *** [Makefile:146: all] Error 2
[2.685s] Invoked command in '/home/buhrmann/ws_moveit/build/point_cloud_circle_detector' returned '2': CMAKE_PREFIX_PATH=${CMAKE_PREFIX_PATH}:/home/buhrmann/ws_moveit/install/moveit_configs_utils:/opt/ros/iron /usr/bin/cmake --build /home/buhrmann/ws_moveit/build/point_cloud_circle_detector -- -j28 -l28
