[0.164s] Invoking command in '/home/buhrmann/ws_moveit/build/moveit_resources_fanuc_description': CMAKE_PREFIX_PATH=${CMAKE_PREFIX_PATH}:/home/buhrmann/ws_moveit/install/moveit_configs_utils:/opt/ros/iron /usr/bin/cmake /home/buhrmann/ws_moveit/src/moveit_resources/fanuc_description -DCMAKE_INSTALL_PREFIX=/home/buhrmann/ws_moveit/install/moveit_resources_fanuc_description
[0.188s] -- Found ament_cmake: 2.0.7 (/opt/ros/iron/share/ament_cmake/cmake)
[0.277s] -- Override CMake install command with custom implementation using symlinks instead of copying resources
[0.330s] -- Configuring done
[0.331s] -- Generating done
[0.332s] -- Build files have been written to: /home/buhrmann/ws_moveit/build/moveit_resources_fanuc_description
[0.334s] Invoked command in '/home/buhrmann/ws_moveit/build/moveit_resources_fanuc_description' returned '0': CMAKE_PREFIX_PATH=${CMAKE_PREFIX_PATH}:/home/buhrmann/ws_moveit/install/moveit_configs_utils:/opt/ros/iron /usr/bin/cmake /home/buhrmann/ws_moveit/src/moveit_resources/fanuc_description -DCMAKE_INSTALL_PREFIX=/home/buhrmann/ws_moveit/install/moveit_resources_fanuc_description
[0.335s] Invoking command in '/home/buhrmann/ws_moveit/build/moveit_resources_fanuc_description': CMAKE_PREFIX_PATH=${CMAKE_PREFIX_PATH}:/home/buhrmann/ws_moveit/install/moveit_configs_utils:/opt/ros/iron /usr/bin/cmake --build /home/buhrmann/ws_moveit/build/moveit_resources_fanuc_description -- -j28 -l28
[0.367s] Invoked command in '/home/buhrmann/ws_moveit/build/moveit_resources_fanuc_description' returned '0': CMAKE_PREFIX_PATH=${CMAKE_PREFIX_PATH}:/home/buhrmann/ws_moveit/install/moveit_configs_utils:/opt/ros/iron /usr/bin/cmake --build /home/buhrmann/ws_moveit/build/moveit_resources_fanuc_description -- -j28 -l28
[0.369s] Invoking command in '/home/buhrmann/ws_moveit/build/moveit_resources_fanuc_description': CMAKE_PREFIX_PATH=${CMAKE_PREFIX_PATH}:/home/buhrmann/ws_moveit/install/moveit_configs_utils:/opt/ros/iron /usr/bin/cmake --install /home/buhrmann/ws_moveit/build/moveit_resources_fanuc_description
[0.373s] -- Install configuration: ""
[0.373s] -- Execute custom install script
[0.374s] -- Up-to-date symlink: /home/buhrmann/ws_moveit/install/moveit_resources_fanuc_description/share/ament_index/resource_index/package_run_dependencies/moveit_resources_fanuc_description
[0.374s] -- Up-to-date symlink: /home/buhrmann/ws_moveit/install/moveit_resources_fanuc_description/share/ament_index/resource_index/parent_prefix_path/moveit_resources_fanuc_description
[0.374s] -- Up-to-date symlink: /home/buhrmann/ws_moveit/install/moveit_resources_fanuc_description/share/moveit_resources_fanuc_description/environment/ament_prefix_path.sh
[0.375s] -- Up-to-date symlink: /home/buhrmann/ws_moveit/install/moveit_resources_fanuc_description/share/moveit_resources_fanuc_description/environment/ament_prefix_path.dsv
[0.375s] -- Up-to-date symlink: /home/buhrmann/ws_moveit/install/moveit_resources_fanuc_description/share/moveit_resources_fanuc_description/environment/path.sh
[0.375s] -- Up-to-date symlink: /home/buhrmann/ws_moveit/install/moveit_resources_fanuc_description/share/moveit_resources_fanuc_description/environment/path.dsv
[0.375s] -- Up-to-date symlink: /home/buhrmann/ws_moveit/install/moveit_resources_fanuc_description/share/moveit_resources_fanuc_description/local_setup.bash
[0.375s] -- Up-to-date symlink: /home/buhrmann/ws_moveit/install/moveit_resources_fanuc_description/share/moveit_resources_fanuc_description/local_setup.sh
[0.375s] -- Up-to-date symlink: /home/buhrmann/ws_moveit/install/moveit_resources_fanuc_description/share/moveit_resources_fanuc_description/local_setup.zsh
[0.375s] -- Up-to-date symlink: /home/buhrmann/ws_moveit/install/moveit_resources_fanuc_description/share/moveit_resources_fanuc_description/local_setup.dsv
[0.375s] -- Symlinking: /home/buhrmann/ws_moveit/install/moveit_resources_fanuc_description/share/moveit_resources_fanuc_description/package.dsv
[0.381s] -- Up-to-date symlink: /home/buhrmann/ws_moveit/install/moveit_resources_fanuc_description/share/ament_index/resource_index/packages/moveit_resources_fanuc_description
[0.381s] -- Up-to-date symlink: /home/buhrmann/ws_moveit/install/moveit_resources_fanuc_description/share/moveit_resources_fanuc_description/cmake/moveit_resources_fanuc_descriptionConfig.cmake
[0.381s] -- Up-to-date symlink: /home/buhrmann/ws_moveit/install/moveit_resources_fanuc_description/share/moveit_resources_fanuc_description/cmake/moveit_resources_fanuc_descriptionConfig-version.cmake
[0.381s] -- Up-to-date symlink: /home/buhrmann/ws_moveit/install/moveit_resources_fanuc_description/share/moveit_resources_fanuc_description/package.xml
[0.381s] -- Up-to-date symlink: /home/buhrmann/ws_moveit/install/moveit_resources_fanuc_description/share/moveit_resources_fanuc_description/meshes/collision/base_link.stl
[0.381s] -- Up-to-date symlink: /home/buhrmann/ws_moveit/install/moveit_resources_fanuc_description/share/moveit_resources_fanuc_description/meshes/collision/link_1.stl
[0.381s] -- Up-to-date symlink: /home/buhrmann/ws_moveit/install/moveit_resources_fanuc_description/share/moveit_resources_fanuc_description/meshes/collision/link_2.stl
[0.381s] -- Up-to-date symlink: /home/buhrmann/ws_moveit/install/moveit_resources_fanuc_description/share/moveit_resources_fanuc_description/meshes/collision/link_3.stl
[0.381s] -- Up-to-date symlink: /home/buhrmann/ws_moveit/install/moveit_resources_fanuc_description/share/moveit_resources_fanuc_description/meshes/collision/link_4.stl
[0.381s] -- Up-to-date symlink: /home/buhrmann/ws_moveit/install/moveit_resources_fanuc_description/share/moveit_resources_fanuc_description/meshes/collision/link_5.stl
[0.381s] -- Up-to-date symlink: /home/buhrmann/ws_moveit/install/moveit_resources_fanuc_description/share/moveit_resources_fanuc_description/meshes/collision/link_6.stl
[0.381s] -- Up-to-date symlink: /home/buhrmann/ws_moveit/install/moveit_resources_fanuc_description/share/moveit_resources_fanuc_description/meshes/visual/base_link.stl
[0.381s] -- Up-to-date symlink: /home/buhrmann/ws_moveit/install/moveit_resources_fanuc_description/share/moveit_resources_fanuc_description/meshes/visual/link_1.stl
[0.382s] -- Up-to-date symlink: /home/buhrmann/ws_moveit/install/moveit_resources_fanuc_description/share/moveit_resources_fanuc_description/meshes/visual/link_2.stl
[0.382s] -- Up-to-date symlink: /home/buhrmann/ws_moveit/install/moveit_resources_fanuc_description/share/moveit_resources_fanuc_description/meshes/visual/link_3.stl
[0.382s] -- Up-to-date symlink: /home/buhrmann/ws_moveit/install/moveit_resources_fanuc_description/share/moveit_resources_fanuc_description/meshes/visual/link_4.stl
[0.382s] -- Up-to-date symlink: /home/buhrmann/ws_moveit/install/moveit_resources_fanuc_description/share/moveit_resources_fanuc_description/meshes/visual/link_5.stl
[0.382s] -- Up-to-date symlink: /home/buhrmann/ws_moveit/install/moveit_resources_fanuc_description/share/moveit_resources_fanuc_description/meshes/visual/link_6.stl
[0.382s] -- Up-to-date symlink: /home/buhrmann/ws_moveit/install/moveit_resources_fanuc_description/share/moveit_resources_fanuc_description/urdf/fanuc.urdf
[0.417s] Invoked command in '/home/buhrmann/ws_moveit/build/moveit_resources_fanuc_description' returned '0': CMAKE_PREFIX_PATH=${CMAKE_PREFIX_PATH}:/home/buhrmann/ws_moveit/install/moveit_configs_utils:/opt/ros/iron /usr/bin/cmake --install /home/buhrmann/ws_moveit/build/moveit_resources_fanuc_description
