[0.009s] Invoking command in '/home/buhrmann/ws_moveit/build/point_cloud_circle_detector': CMAKE_PREFIX_PATH=${CMAKE_PREFIX_PATH}:/home/buhrmann/ws_moveit/install/moveit_configs_utils:/opt/ros/iron /usr/bin/cmake --build /home/buhrmann/ws_moveit/build/point_cloud_circle_detector -- -j28 -l28
[0.082s] [ 33%] Built target point_cloud_cylinder_detector
[0.084s] [ 66%] Built target point_cloud_circle_detector
[0.087s] [100%] Built target point_cloud_plantpot_detector
[0.098s] Invoked command in '/home/buhrmann/ws_moveit/build/point_cloud_circle_detector' returned '0': CMAKE_PREFIX_PATH=${CMAKE_PREFIX_PATH}:/home/buhrmann/ws_moveit/install/moveit_configs_utils:/opt/ros/iron /usr/bin/cmake --build /home/buhrmann/ws_moveit/build/point_cloud_circle_detector -- -j28 -l28
[0.111s] Invoking command in '/home/buhrmann/ws_moveit/build/point_cloud_circle_detector': CMAKE_PREFIX_PATH=${CMAKE_PREFIX_PATH}:/home/buhrmann/ws_moveit/install/moveit_configs_utils:/opt/ros/iron /usr/bin/cmake --install /home/buhrmann/ws_moveit/build/point_cloud_circle_detector
[0.118s] -- Install configuration: ""
[0.118s] -- Execute custom install script
[0.118s] -- Up-to-date symlink: /home/buhrmann/ws_moveit/install/point_cloud_circle_detector/lib/point_cloud_circle_detector/point_cloud_circle_detector
[0.118s] -- Up-to-date symlink: /home/buhrmann/ws_moveit/install/point_cloud_circle_detector/lib/point_cloud_circle_detector/point_cloud_cylinder_detector
[0.118s] -- Up-to-date symlink: /home/buhrmann/ws_moveit/install/point_cloud_circle_detector/lib/point_cloud_circle_detector/point_cloud_plantpot_detector
[0.119s] -- Up-to-date symlink: /home/buhrmann/ws_moveit/install/point_cloud_circle_detector/share/point_cloud_circle_detector/pcd/plantpod.pcd
[0.119s] -- Up-to-date symlink: /home/buhrmann/ws_moveit/install/point_cloud_circle_detector/share/point_cloud_circle_detector/pcd/plantpod_lesssamples.pcd
[0.119s] -- Up-to-date symlink: /home/buhrmann/ws_moveit/install/point_cloud_circle_detector/share/ament_index/resource_index/package_run_dependencies/point_cloud_circle_detector
[0.119s] -- Up-to-date symlink: /home/buhrmann/ws_moveit/install/point_cloud_circle_detector/share/ament_index/resource_index/parent_prefix_path/point_cloud_circle_detector
[0.119s] -- Up-to-date symlink: /home/buhrmann/ws_moveit/install/point_cloud_circle_detector/share/point_cloud_circle_detector/environment/ament_prefix_path.sh
[0.119s] -- Up-to-date symlink: /home/buhrmann/ws_moveit/install/point_cloud_circle_detector/share/point_cloud_circle_detector/environment/ament_prefix_path.dsv
[0.119s] -- Up-to-date symlink: /home/buhrmann/ws_moveit/install/point_cloud_circle_detector/share/point_cloud_circle_detector/environment/path.sh
[0.119s] -- Up-to-date symlink: /home/buhrmann/ws_moveit/install/point_cloud_circle_detector/share/point_cloud_circle_detector/environment/path.dsv
[0.119s] -- Up-to-date symlink: /home/buhrmann/ws_moveit/install/point_cloud_circle_detector/share/point_cloud_circle_detector/local_setup.bash
[0.119s] -- Up-to-date symlink: /home/buhrmann/ws_moveit/install/point_cloud_circle_detector/share/point_cloud_circle_detector/local_setup.sh
[0.119s] -- Up-to-date symlink: /home/buhrmann/ws_moveit/install/point_cloud_circle_detector/share/point_cloud_circle_detector/local_setup.zsh
[0.119s] -- Up-to-date symlink: /home/buhrmann/ws_moveit/install/point_cloud_circle_detector/share/point_cloud_circle_detector/local_setup.dsv
[0.119s] -- Symlinking: /home/buhrmann/ws_moveit/install/point_cloud_circle_detector/share/point_cloud_circle_detector/package.dsv
[0.127s] -- Up-to-date symlink: /home/buhrmann/ws_moveit/install/point_cloud_circle_detector/share/ament_index/resource_index/packages/point_cloud_circle_detector
[0.127s] -- Up-to-date symlink: /home/buhrmann/ws_moveit/install/point_cloud_circle_detector/share/point_cloud_circle_detector/cmake/point_cloud_circle_detectorConfig.cmake
[0.127s] -- Up-to-date symlink: /home/buhrmann/ws_moveit/install/point_cloud_circle_detector/share/point_cloud_circle_detector/cmake/point_cloud_circle_detectorConfig-version.cmake
[0.127s] -- Up-to-date symlink: /home/buhrmann/ws_moveit/install/point_cloud_circle_detector/share/point_cloud_circle_detector/package.xml
[0.128s] Invoked command in '/home/buhrmann/ws_moveit/build/point_cloud_circle_detector' returned '0': CMAKE_PREFIX_PATH=${CMAKE_PREFIX_PATH}:/home/buhrmann/ws_moveit/install/moveit_configs_utils:/opt/ros/iron /usr/bin/cmake --install /home/buhrmann/ws_moveit/build/point_cloud_circle_detector
