-- Found ament_cmake: 2.0.7 (/opt/ros/iron/share/ament_cmake/cmake)
-- Override CMake install command with custom implementation using symlinks instead of copying resources
-- Found sensor_msgs: 5.0.1 (/opt/ros/iron/share/sensor_msgs/cmake)
-- Found rosidl_generator_c: 4.0.1 (/opt/ros/iron/share/rosidl_generator_c/cmake)
-- Found rosidl_generator_cpp: 4.0.1 (/opt/ros/iron/share/rosidl_generator_cpp/cmake)
-- Using all available rosidl_typesupport_c: rosidl_typesupport_fastrtps_c;rosidl_typesupport_introspection_c
-- Using all available rosidl_typesupport_cpp: rosidl_typesupport_fastrtps_cpp;rosidl_typesupport_introspection_cpp
-- Found rclcpp: 21.0.8 (/opt/ros/iron/share/rclcpp/cmake)
-- Found rmw_implementation_cmake: 7.1.0 (/opt/ros/iron/share/rmw_implementation_cmake/cmake)
-- Found rmw_fastrtps_cpp: 7.1.4 (/opt/ros/iron/share/rmw_fastrtps_cpp/cmake)
-- Using RMW implementation 'rmw_fastrtps_cpp' as default
-- Found pcl_conversions: 2.5.4 (/opt/ros/iron/share/pcl_conversions/cmake)
-- FLANN found (include: /usr/include, lib: /usr/lib/x86_64-linux-gnu/libflann_cpp.so)
-- Could NOT find Pcap (missing: PCAP_LIBRARIES PCAP_INCLUDE_DIRS) 
-- Found Qhull version 8.0.2
-- Found ament_lint_auto: 0.14.4 (/opt/ros/iron/share/ament_lint_auto/cmake)
-- Configuring done
-- Generating done
-- Build files have been written to: /home/buhrmann/ws_moveit/build/point_cloud_circle_detector
[35m[1mConsolidate compiler generated dependencies of target point_cloud_plantpot_detector[0m
[35m[1mConsolidate compiler generated dependencies of target point_cloud_plantpot_ppf_detector[0m
[35m[1mConsolidate compiler generated dependencies of target point_cloud_circle_detector[0m
[35m[1mConsolidate compiler generated dependencies of target point_cloud_cylinder_detector[0m
[ 25%] Built target point_cloud_plantpot_detector
[ 50%] Built target point_cloud_circle_detector
[ 62%] [32m[1mLinking CXX executable point_cloud_plantpot_ppf_detector[0m
[ 87%] Built target point_cloud_cylinder_detector
