[0.009s] Invoking command in '/home/buhrmann/ws_moveit/build/point_cloud_circle_detector': CMAKE_PREFIX_PATH=${CMAKE_PREFIX_PATH}:/home/buhrmann/ws_moveit/install/moveit_configs_utils:/opt/ros/iron /usr/bin/cmake /home/buhrmann/ws_moveit/src/point_cloud_circle_detector -DAMENT_CMAKE_SYMLINK_INSTALL=1 -DCMAKE_INSTALL_PREFIX=/home/buhrmann/ws_moveit/install/point_cloud_circle_detector
[0.017s] -- Found ament_cmake: 2.0.7 (/opt/ros/iron/share/ament_cmake/cmake)
[0.121s] -- Override CMake install command with custom implementation using symlinks instead of copying resources
[0.124s] -- Found sensor_msgs: 5.0.1 (/opt/ros/iron/share/sensor_msgs/cmake)
[0.137s] -- Found rosidl_generator_c: 4.0.1 (/opt/ros/iron/share/rosidl_generator_c/cmake)
[0.141s] -- Found rosidl_generator_cpp: 4.0.1 (/opt/ros/iron/share/rosidl_generator_cpp/cmake)
[0.149s] -- Using all available rosidl_typesupport_c: rosidl_typesupport_fastrtps_c;rosidl_typesupport_introspection_c
[0.157s] -- Using all available rosidl_typesupport_cpp: rosidl_typesupport_fastrtps_cpp;rosidl_typesupport_introspection_cpp
[0.252s] -- Found rclcpp: 21.0.8 (/opt/ros/iron/share/rclcpp/cmake)
[0.298s] -- Found rmw_implementation_cmake: 7.1.0 (/opt/ros/iron/share/rmw_implementation_cmake/cmake)
[0.300s] -- Found rmw_fastrtps_cpp: 7.1.4 (/opt/ros/iron/share/rmw_fastrtps_cpp/cmake)
[0.397s] -- Using RMW implementation 'rmw_fastrtps_cpp' as default
[0.482s] -- Found pcl_conversions: 2.5.4 (/opt/ros/iron/share/pcl_conversions/cmake)
[0.564s] [33mCMake Warning (dev) at /opt/ros/iron/share/pcl_conversions/cmake/ament_cmake_export_dependencies-extras.cmake:21 (find_package):
[0.565s]   Policy CMP0074 is not set: find_package uses <PackageName>_ROOT variables.
[0.565s]   Run "cmake --help-policy CMP0074" for policy details.  Use the cmake_policy
[0.565s]   command to set the policy and suppress this warning.
[0.565s] 
[0.565s]   CMake variable PCL_ROOT is set to:
[0.565s] 
[0.565s]     /usr/local/include/pcl-1.14
[0.565s] 
[0.565s]   For compatibility, CMake is ignoring the variable.
[0.565s] Call Stack (most recent call first):
[0.565s]   /opt/ros/iron/share/pcl_conversions/cmake/pcl_conversionsConfig.cmake:41 (include)
[0.565s]   CMakeLists.txt:18 (find_package)
[0.565s] This warning is for project developers.  Use -Wno-dev to suppress it.
[0.565s] [0m
[0.593s] -- FLANN found (include: /usr/include, lib: /usr/lib/x86_64-linux-gnu/libflann_cpp.so)
[0.599s] -- Could NOT find Pcap (missing: PCAP_LIBRARIES PCAP_INCLUDE_DIRS) 
[1.147s] -- Found Qhull version 8.0.2
[1.645s] [0mPCL Libraries: pcl_common;pcl_kdtree;pcl_octree;pcl_search;pcl_sample_consensus;pcl_filters;pcl_io;pcl_features;pcl_ml;pcl_segmentation;pcl_surface;pcl_registration;pcl_keypoints;pcl_tracking;pcl_recognition;pcl_stereo;Boost::system;Boost::iostreams;Boost::filesystem;Boost::serialization;FLANN::FLANN;QHULL::QHULL[0m
[1.934s] -- Found ament_lint_auto: 0.14.4 (/opt/ros/iron/share/ament_lint_auto/cmake)
[1.973s] -- Configuring done
[2.001s] -- Generating done
[2.008s] -- Build files have been written to: /home/buhrmann/ws_moveit/build/point_cloud_circle_detector
[2.017s] Invoked command in '/home/buhrmann/ws_moveit/build/point_cloud_circle_detector' returned '0': CMAKE_PREFIX_PATH=${CMAKE_PREFIX_PATH}:/home/buhrmann/ws_moveit/install/moveit_configs_utils:/opt/ros/iron /usr/bin/cmake /home/buhrmann/ws_moveit/src/point_cloud_circle_detector -DAMENT_CMAKE_SYMLINK_INSTALL=1 -DCMAKE_INSTALL_PREFIX=/home/buhrmann/ws_moveit/install/point_cloud_circle_detector
[2.019s] Invoking command in '/home/buhrmann/ws_moveit/build/point_cloud_circle_detector': CMAKE_PREFIX_PATH=${CMAKE_PREFIX_PATH}:/home/buhrmann/ws_moveit/install/moveit_configs_utils:/opt/ros/iron /usr/bin/cmake --build /home/buhrmann/ws_moveit/build/point_cloud_circle_detector -- -j28 -l28
[2.037s] /usr/bin/cmake -S/home/buhrmann/ws_moveit/src/point_cloud_circle_detector -B/home/buhrmann/ws_moveit/build/point_cloud_circle_detector --check-build-system CMakeFiles/Makefile.cmake 0
[2.049s] /usr/bin/cmake -E cmake_progress_start /home/buhrmann/ws_moveit/build/point_cloud_circle_detector/CMakeFiles /home/buhrmann/ws_moveit/build/point_cloud_circle_detector//CMakeFiles/progress.marks
[2.057s] /usr/bin/gmake  -f CMakeFiles/Makefile2 all
[2.059s] gmake[1]: Entering directory '/home/buhrmann/ws_moveit/build/point_cloud_circle_detector'
[2.059s] /usr/bin/gmake  -f CMakeFiles/point_cloud_circle_detector.dir/build.make CMakeFiles/point_cloud_circle_detector.dir/depend
[2.060s] /usr/bin/gmake  -f CMakeFiles/point_cloud_cylinder_detector.dir/build.make CMakeFiles/point_cloud_cylinder_detector.dir/depend
[2.060s] /usr/bin/gmake  -f CMakeFiles/point_cloud_plantpot_detector.dir/build.make CMakeFiles/point_cloud_plantpot_detector.dir/depend
[2.060s] /usr/bin/gmake  -f CMakeFiles/point_cloud_plantpot_ppf_detector.dir/build.make CMakeFiles/point_cloud_plantpot_ppf_detector.dir/depend
[2.062s] gmake[2]: Entering directory '/home/buhrmann/ws_moveit/build/point_cloud_circle_detector'
[2.062s] cd /home/buhrmann/ws_moveit/build/point_cloud_circle_detector && /usr/bin/cmake -E cmake_depends "Unix Makefiles" /home/buhrmann/ws_moveit/src/point_cloud_circle_detector /home/buhrmann/ws_moveit/src/point_cloud_circle_detector /home/buhrmann/ws_moveit/build/point_cloud_circle_detector /home/buhrmann/ws_moveit/build/point_cloud_circle_detector /home/buhrmann/ws_moveit/build/point_cloud_circle_detector/CMakeFiles/point_cloud_circle_detector.dir/DependInfo.cmake --color=
[2.063s] gmake[2]: Entering directory '/home/buhrmann/ws_moveit/build/point_cloud_circle_detector'
[2.063s] cd /home/buhrmann/ws_moveit/build/point_cloud_circle_detector && /usr/bin/cmake -E cmake_depends "Unix Makefiles" /home/buhrmann/ws_moveit/src/point_cloud_circle_detector /home/buhrmann/ws_moveit/src/point_cloud_circle_detector /home/buhrmann/ws_moveit/build/point_cloud_circle_detector /home/buhrmann/ws_moveit/build/point_cloud_circle_detector /home/buhrmann/ws_moveit/build/point_cloud_circle_detector/CMakeFiles/point_cloud_cylinder_detector.dir/DependInfo.cmake --color=
[2.063s] gmake[2]: Entering directory '/home/buhrmann/ws_moveit/build/point_cloud_circle_detector'
[2.063s] cd /home/buhrmann/ws_moveit/build/point_cloud_circle_detector && /usr/bin/cmake -E cmake_depends "Unix Makefiles" /home/buhrmann/ws_moveit/src/point_cloud_circle_detector /home/buhrmann/ws_moveit/src/point_cloud_circle_detector /home/buhrmann/ws_moveit/build/point_cloud_circle_detector /home/buhrmann/ws_moveit/build/point_cloud_circle_detector /home/buhrmann/ws_moveit/build/point_cloud_circle_detector/CMakeFiles/point_cloud_plantpot_detector.dir/DependInfo.cmake --color=
[2.063s] gmake[2]: Entering directory '/home/buhrmann/ws_moveit/build/point_cloud_circle_detector'
[2.064s] cd /home/buhrmann/ws_moveit/build/point_cloud_circle_detector && /usr/bin/cmake -E cmake_depends "Unix Makefiles" /home/buhrmann/ws_moveit/src/point_cloud_circle_detector /home/buhrmann/ws_moveit/src/point_cloud_circle_detector /home/buhrmann/ws_moveit/build/point_cloud_circle_detector /home/buhrmann/ws_moveit/build/point_cloud_circle_detector /home/buhrmann/ws_moveit/build/point_cloud_circle_detector/CMakeFiles/point_cloud_plantpot_ppf_detector.dir/DependInfo.cmake --color=
[2.072s] Dependencies file "CMakeFiles/point_cloud_plantpot_detector.dir/src/point_cloud_custom_plant_pot_detection.cpp.o.d" is newer than depends file "/home/buhrmann/ws_moveit/build/point_cloud_circle_detector/CMakeFiles/point_cloud_plantpot_detector.dir/compiler_depend.internal".
[2.072s] Dependencies file "CMakeFiles/point_cloud_cylinder_detector.dir/src/point_cloud_cylinder_detector.cpp.o.d" is newer than depends file "/home/buhrmann/ws_moveit/build/point_cloud_circle_detector/CMakeFiles/point_cloud_cylinder_detector.dir/compiler_depend.internal".
[2.073s] Dependencies file "CMakeFiles/point_cloud_plantpot_ppf_detector.dir/src/point_cloud_plantpot_ppf_detector.cpp.o.d" is newer than depends file "/home/buhrmann/ws_moveit/build/point_cloud_circle_detector/CMakeFiles/point_cloud_plantpot_ppf_detector.dir/compiler_depend.internal".
[2.073s] [35m[1mConsolidate compiler generated dependencies of target point_cloud_plantpot_detector[0m
[2.073s] [35m[1mConsolidate compiler generated dependencies of target point_cloud_cylinder_detector[0m
[2.074s] [35m[1mConsolidate compiler generated dependencies of target point_cloud_plantpot_ppf_detector[0m
[2.074s] Dependencies file "CMakeFiles/point_cloud_circle_detector.dir/src/point_cloud_circle_detector.cpp.o.d" is newer than depends file "/home/buhrmann/ws_moveit/build/point_cloud_circle_detector/CMakeFiles/point_cloud_circle_detector.dir/compiler_depend.internal".
[2.075s] [35m[1mConsolidate compiler generated dependencies of target point_cloud_circle_detector[0m
[2.076s] gmake[2]: Leaving directory '/home/buhrmann/ws_moveit/build/point_cloud_circle_detector'
[2.076s] /usr/bin/gmake  -f CMakeFiles/point_cloud_plantpot_detector.dir/build.make CMakeFiles/point_cloud_plantpot_detector.dir/build
[2.076s] gmake[2]: Leaving directory '/home/buhrmann/ws_moveit/build/point_cloud_circle_detector'
[2.076s] /usr/bin/gmake  -f CMakeFiles/point_cloud_cylinder_detector.dir/build.make CMakeFiles/point_cloud_cylinder_detector.dir/build
[2.076s] gmake[2]: Leaving directory '/home/buhrmann/ws_moveit/build/point_cloud_circle_detector'
[2.076s] /usr/bin/gmake  -f CMakeFiles/point_cloud_plantpot_ppf_detector.dir/build.make CMakeFiles/point_cloud_plantpot_ppf_detector.dir/build
[2.079s] gmake[2]: Leaving directory '/home/buhrmann/ws_moveit/build/point_cloud_circle_detector'
[2.079s] /usr/bin/gmake  -f CMakeFiles/point_cloud_circle_detector.dir/build.make CMakeFiles/point_cloud_circle_detector.dir/build
[2.082s] gmake[2]: Entering directory '/home/buhrmann/ws_moveit/build/point_cloud_circle_detector'
[2.082s] gmake[2]: Entering directory '/home/buhrmann/ws_moveit/build/point_cloud_circle_detector'
[2.082s] gmake[2]: Nothing to be done for 'CMakeFiles/point_cloud_plantpot_detector.dir/build'.
[2.082s] gmake[2]: Nothing to be done for 'CMakeFiles/point_cloud_cylinder_detector.dir/build'.
[2.082s] gmake[2]: Leaving directory '/home/buhrmann/ws_moveit/build/point_cloud_circle_detector'
[2.082s] gmake[2]: Leaving directory '/home/buhrmann/ws_moveit/build/point_cloud_circle_detector'
[2.084s] gmake[2]: Entering directory '/home/buhrmann/ws_moveit/build/point_cloud_circle_detector'
[2.085s] gmake[2]: Entering directory '/home/buhrmann/ws_moveit/build/point_cloud_circle_detector'
[2.085s] gmake[2]: Nothing to be done for 'CMakeFiles/point_cloud_circle_detector.dir/build'.
[2.085s] gmake[2]: Leaving directory '/home/buhrmann/ws_moveit/build/point_cloud_circle_detector'
[2.091s] [ 50%] Built target point_cloud_cylinder_detector
[2.091s] [ 50%] Built target point_cloud_plantpot_detector
[2.092s] [ 62%] [32m[1mLinking CXX executable point_cloud_plantpot_ppf_detector[0m
[2.093s] [ 87%] Built target point_cloud_circle_detector
[2.093s] /usr/bin/cmake -E cmake_link_script CMakeFiles/point_cloud_plantpot_ppf_detector.dir/link.txt --verbose=1
[2.098s] /usr/bin/c++ CMakeFiles/point_cloud_plantpot_ppf_detector.dir/src/point_cloud_plantpot_ppf_detector.cpp.o -o point_cloud_plantpot_ppf_detector  -Wl,-rpath,/opt/ros/iron/lib:/usr/local/lib /opt/ros/iron/lib/libmessage_filters.so /opt/ros/iron/lib/librclcpp.so /opt/ros/iron/lib/libservice_msgs__rosidl_generator_c.so /opt/ros/iron/lib/libservice_msgs__rosidl_typesupport_fastrtps_c.so /opt/ros/iron/lib/libservice_msgs__rosidl_typesupport_fastrtps_cpp.so /opt/ros/iron/lib/libservice_msgs__rosidl_typesupport_introspection_c.so /opt/ros/iron/lib/libservice_msgs__rosidl_typesupport_c.so /opt/ros/iron/lib/libservice_msgs__rosidl_typesupport_introspection_cpp.so /opt/ros/iron/lib/libservice_msgs__rosidl_typesupport_cpp.so /opt/ros/iron/lib/libservice_msgs__rosidl_generator_py.so /opt/ros/iron/lib/librosidl_typesupport_fastrtps_c.so /opt/ros/iron/lib/librmw.so /opt/ros/iron/lib/librosidl_typesupport_fastrtps_cpp.so /opt/ros/iron/lib/librcutils.so -ldl /opt/ros/iron/lib/librcpputils.so /opt/ros/iron/lib/librosidl_typesupport_c.so /opt/ros/iron/lib/librosidl_typesupport_cpp.so /opt/ros/iron/lib/librosidl_runtime_c.so /opt/ros/iron/lib/librosidl_typesupport_introspection_c.so /opt/ros/iron/lib/librosidl_typesupport_introspection_cpp.so /opt/ros/iron/lib/libpcl_msgs__rosidl_generator_c.so /opt/ros/iron/lib/libpcl_msgs__rosidl_typesupport_fastrtps_c.so /opt/ros/iron/lib/libsensor_msgs__rosidl_typesupport_fastrtps_c.so /opt/ros/iron/lib/libpcl_msgs__rosidl_typesupport_introspection_c.so /opt/ros/iron/lib/libsensor_msgs__rosidl_typesupport_introspection_c.so /opt/ros/iron/lib/libpcl_msgs__rosidl_typesupport_c.so /opt/ros/iron/lib/libpcl_msgs__rosidl_typesupport_fastrtps_cpp.so /opt/ros/iron/lib/libsensor_msgs__rosidl_typesupport_fastrtps_cpp.so /opt/ros/iron/lib/libpcl_msgs__rosidl_typesupport_introspection_cpp.so /opt/ros/iron/lib/libsensor_msgs__rosidl_typesupport_introspection_cpp.so /opt/ros/iron/lib/libpcl_msgs__rosidl_typesupport_cpp.so /opt/ros/iron/lib/libpcl_msgs__rosidl_generator_py.so /opt/ros/iron/lib/libpcl_msgs__rosidl_typesupport_c.so /opt/ros/iron/lib/libsensor_msgs__rosidl_generator_py.so /opt/ros/iron/lib/librclcpp.so /opt/ros/iron/lib/liblibstatistics_collector.so /opt/ros/iron/lib/librcl.so /opt/ros/iron/lib/librcl_interfaces__rosidl_typesupport_fastrtps_c.so /opt/ros/iron/lib/librcl_interfaces__rosidl_typesupport_introspection_c.so /opt/ros/iron/lib/librcl_interfaces__rosidl_typesupport_fastrtps_cpp.so /opt/ros/iron/lib/librcl_interfaces__rosidl_typesupport_introspection_cpp.so /opt/ros/iron/lib/librcl_interfaces__rosidl_typesupport_cpp.so /opt/ros/iron/lib/librcl_interfaces__rosidl_generator_py.so /opt/ros/iron/lib/librcl_yaml_param_parser.so /opt/ros/iron/lib/librosgraph_msgs__rosidl_typesupport_fastrtps_c.so /opt/ros/iron/lib/librosgraph_msgs__rosidl_typesupport_fastrtps_cpp.so /opt/ros/iron/lib/librosgraph_msgs__rosidl_typesupport_introspection_c.so /opt/ros/iron/lib/librosgraph_msgs__rosidl_typesupport_introspection_cpp.so /opt/ros/iron/lib/librosgraph_msgs__rosidl_typesupport_cpp.so /opt/ros/iron/lib/librosgraph_msgs__rosidl_generator_py.so /opt/ros/iron/lib/libstatistics_msgs__rosidl_typesupport_fastrtps_c.so /opt/ros/iron/lib/libstatistics_msgs__rosidl_typesupport_fastrtps_cpp.so /opt/ros/iron/lib/libstatistics_msgs__rosidl_typesupport_introspection_c.so /opt/ros/iron/lib/libstatistics_msgs__rosidl_typesupport_introspection_cpp.so /opt/ros/iron/lib/libstatistics_msgs__rosidl_typesupport_cpp.so /opt/ros/iron/lib/libstatistics_msgs__rosidl_generator_py.so /opt/ros/iron/lib/libtracetools.so /opt/ros/iron/lib/libsensor_msgs__rosidl_generator_c.so /opt/ros/iron/lib/libsensor_msgs__rosidl_typesupport_fastrtps_c.so /opt/ros/iron/lib/libgeometry_msgs__rosidl_typesupport_fastrtps_c.so /opt/ros/iron/lib/libstd_msgs__rosidl_typesupport_fastrtps_c.so /opt/ros/iron/lib/libsensor_msgs__rosidl_typesupport_fastrtps_cpp.so /opt/ros/iron/lib/libgeometry_msgs__rosidl_typesupport_fastrtps_cpp.so /opt/ros/iron/lib/libstd_msgs__rosidl_typesupport_fastrtps_cpp.so /opt/ros/iron/lib/libsensor_msgs__rosidl_typesupport_introspection_c.so /opt/ros/iron/lib/libgeometry_msgs__rosidl_typesupport_introspection_c.so /opt/ros/iron/lib/libstd_msgs__rosidl_typesupport_introspection_c.so /opt/ros/iron/lib/libsensor_msgs__rosidl_typesupport_c.so /opt/ros/iron/lib/libsensor_msgs__rosidl_typesupport_introspection_cpp.so /opt/ros/iron/lib/libgeometry_msgs__rosidl_typesupport_introspection_cpp.so /opt/ros/iron/lib/libstd_msgs__rosidl_typesupport_introspection_cpp.so /opt/ros/iron/lib/libsensor_msgs__rosidl_typesupport_cpp.so /opt/ros/iron/lib/libsensor_msgs__rosidl_generator_py.so /opt/ros/iron/lib/libsensor_msgs__rosidl_typesupport_c.so /opt/ros/iron/lib/libgeometry_msgs__rosidl_generator_py.so /opt/ros/iron/lib/libstd_msgs__rosidl_generator_py.so /opt/ros/iron/lib/libsensor_msgs__rosidl_typesupport_cpp.so /opt/ros/iron/lib/libstd_msgs__rosidl_generator_c.so /opt/ros/iron/lib/libstd_msgs__rosidl_typesupport_fastrtps_c.so /opt/ros/iron/lib/libstd_msgs__rosidl_typesupport_fastrtps_cpp.so /opt/ros/iron/lib/libstd_msgs__rosidl_typesupport_introspection_c.so /opt/ros/iron/lib/libstd_msgs__rosidl_typesupport_c.so /opt/ros/iron/lib/libstd_msgs__rosidl_typesupport_introspection_cpp.so /opt/ros/iron/lib/libstd_msgs__rosidl_typesupport_cpp.so /opt/ros/iron/lib/libstd_msgs__rosidl_generator_py.so /usr/lib/x86_64-linux-gnu/libpython3.10.so /usr/local/lib/libpcl_segmentation.so /usr/local/lib/libpcl_surface.so /usr/local/lib/libpcl_keypoints.so /usr/local/lib/libpcl_tracking.so /usr/local/lib/libpcl_recognition.so /usr/local/lib/libpcl_stereo.so /usr/lib/x86_64-linux-gnu/libflann_cpp.so /opt/ros/iron/lib/librcl_logging_interface.so /opt/ros/iron/lib/librmw_implementation.so /opt/ros/iron/lib/libament_index_cpp.so /opt/ros/iron/lib/libtype_description_interfaces__rosidl_typesupport_fastrtps_c.so /opt/ros/iron/lib/libtype_description_interfaces__rosidl_typesupport_introspection_c.so /opt/ros/iron/lib/libtype_description_interfaces__rosidl_typesupport_fastrtps_cpp.so /opt/ros/iron/lib/libtype_description_interfaces__rosidl_typesupport_introspection_cpp.so /opt/ros/iron/lib/libtype_description_interfaces__rosidl_typesupport_cpp.so /opt/ros/iron/lib/libtype_description_interfaces__rosidl_generator_py.so /opt/ros/iron/lib/libtype_description_interfaces__rosidl_typesupport_c.so /opt/ros/iron/lib/libtype_description_interfaces__rosidl_generator_c.so /opt/ros/iron/lib/librcl_interfaces__rosidl_typesupport_c.so /opt/ros/iron/lib/librcl_interfaces__rosidl_generator_c.so /opt/ros/iron/lib/librosgraph_msgs__rosidl_typesupport_c.so /opt/ros/iron/lib/librosgraph_msgs__rosidl_generator_c.so /opt/ros/iron/lib/libstatistics_msgs__rosidl_typesupport_c.so /opt/ros/iron/lib/libstatistics_msgs__rosidl_generator_c.so -llttng-ust -llttng-ust-common -rdynamic -ldl /opt/ros/iron/lib/libservice_msgs__rosidl_typesupport_fastrtps_c.so /opt/ros/iron/lib/libbuiltin_interfaces__rosidl_typesupport_fastrtps_c.so /opt/ros/iron/lib/librosidl_typesupport_fastrtps_c.so /opt/ros/iron/lib/libservice_msgs__rosidl_typesupport_fastrtps_cpp.so /opt/ros/iron/lib/libbuiltin_interfaces__rosidl_typesupport_fastrtps_cpp.so /opt/ros/iron/lib/librosidl_typesupport_fastrtps_cpp.so /opt/ros/iron/lib/libfastcdr.so.1.0.27 /opt/ros/iron/lib/librmw.so /opt/ros/iron/lib/librosidl_dynamic_typesupport.so /opt/ros/iron/lib/libservice_msgs__rosidl_typesupport_introspection_c.so /opt/ros/iron/lib/libbuiltin_interfaces__rosidl_typesupport_introspection_c.so /opt/ros/iron/lib/libservice_msgs__rosidl_typesupport_introspection_cpp.so /opt/ros/iron/lib/libbuiltin_interfaces__rosidl_typesupport_introspection_cpp.so /opt/ros/iron/lib/librosidl_typesupport_introspection_cpp.so /opt/ros/iron/lib/librosidl_typesupport_introspection_c.so /opt/ros/iron/lib/libservice_msgs__rosidl_generator_py.so /opt/ros/iron/lib/libbuiltin_interfaces__rosidl_generator_py.so /opt/ros/iron/lib/libgeometry_msgs__rosidl_typesupport_cpp.so /opt/ros/iron/lib/libstd_msgs__rosidl_typesupport_cpp.so /opt/ros/iron/lib/libservice_msgs__rosidl_typesupport_cpp.so /opt/ros/iron/lib/libbuiltin_interfaces__rosidl_typesupport_cpp.so /opt/ros/iron/lib/librosidl_typesupport_cpp.so /usr/lib/x86_64-linux-gnu/libpython3.10.so /opt/ros/iron/lib/libpcl_msgs__rosidl_generator_c.so /opt/ros/iron/lib/libsensor_msgs__rosidl_generator_c.so /opt/ros/iron/lib/libgeometry_msgs__rosidl_typesupport_c.so /opt/ros/iron/lib/libgeometry_msgs__rosidl_generator_c.so /opt/ros/iron/lib/libservice_msgs__rosidl_typesupport_c.so /opt/ros/iron/lib/libservice_msgs__rosidl_generator_c.so /opt/ros/iron/lib/libstd_msgs__rosidl_typesupport_c.so /opt/ros/iron/lib/libbuiltin_interfaces__rosidl_typesupport_c.so /opt/ros/iron/lib/librosidl_typesupport_c.so /opt/ros/iron/lib/librcpputils.so /opt/ros/iron/lib/libstd_msgs__rosidl_generator_c.so /opt/ros/iron/lib/libbuiltin_interfaces__rosidl_generator_c.so /opt/ros/iron/lib/librosidl_runtime_c.so /opt/ros/iron/lib/librcutils.so -ldl /usr/local/lib/libpcl_ml.so /usr/local/lib/libpcl_registration.so /usr/local/lib/libpcl_features.so /usr/local/lib/libpcl_filters.so /usr/local/lib/libpcl_sample_consensus.so /usr/local/lib/libpcl_search.so /usr/local/lib/libpcl_kdtree.so /usr/local/lib/libpcl_io.so /usr/local/lib/libpcl_octree.so /usr/local/lib/libpcl_common.so /usr/lib/x86_64-linux-gnu/libboost_system.so.1.74.0 /usr/lib/x86_64-linux-gnu/libboost_iostreams.so.1.74.0 /usr/lib/x86_64-linux-gnu/libboost_filesystem.so.1.74.0 /usr/lib/x86_64-linux-gnu/libboost_serialization.so.1.74.0 /usr/lib/gcc/x86_64-linux-gnu/11/libgomp.so /usr/lib/x86_64-linux-gnu/libpthread.a /usr/lib/x86_64-linux-gnu/libpng.so /usr/lib/x86_64-linux-gnu/libz.so -llz4 /usr/lib/x86_64-linux-gnu/libqhull_r.so.8.0.2 -lm 
[2.912s] /usr/bin/ld: CMakeFiles/point_cloud_plantpot_ppf_detector.dir/src/point_cloud_plantpot_ppf_detector.cpp.o: in function `PointCloudCustomObjectMatcher::listener_callback(std::shared_ptr<sensor_msgs::msg::PointCloud2_<std::allocator<void> > >)':
[2.912s] point_cloud_plantpot_ppf_detector.cpp:(.text._ZN29PointCloudCustomObjectMatcher17listener_callbackESt10shared_ptrIN11sensor_msgs3msg12PointCloud2_ISaIvEEEE[_ZN29PointCloudCustomObjectMatcher17listener_callbackESt10shared_ptrIN11sensor_msgs3msg12PointCloud2_ISaIvEEEE]+0xfc9): undefined reference to `pcl::PPFEstimation<pcl::PointXYZ, pcl::PointXYZ, pcl::PPFSignature>::PPFEstimation()'
[2.912s] /usr/bin/ld: point_cloud_plantpot_ppf_detector.cpp:(.text._ZN29PointCloudCustomObjectMatcher17listener_callbackESt10shared_ptrIN11sensor_msgs3msg12PointCloud2_ISaIvEEEE[_ZN29PointCloudCustomObjectMatcher17listener_callbackESt10shared_ptrIN11sensor_msgs3msg12PointCloud2_ISaIvEEEE]+0x12f6): undefined reference to `pcl::PPFEstimation<pcl::PointXYZ, pcl::PointXYZ, pcl::PPFSignature>::PPFEstimation()'
[2.915s] /usr/bin/ld: CMakeFiles/point_cloud_plantpot_ppf_detector.dir/src/point_cloud_plantpot_ppf_detector.cpp.o:(.data.rel.ro._ZTVN3pcl13PPFEstimationINS_8PointXYZES1_NS_12PPFSignatureEEE[_ZTVN3pcl13PPFEstimationINS_8PointXYZES1_NS_12PPFSignatureEEE]+0x58): undefined reference to `pcl::PPFEstimation<pcl::PointXYZ, pcl::PointXYZ, pcl::PPFSignature>::computeFeature(pcl::PointCloud<pcl::PPFSignature>&)'
[2.949s] collect2: error: ld returned 1 exit status
[2.950s] gmake[2]: Leaving directory '/home/buhrmann/ws_moveit/build/point_cloud_circle_detector'
[2.950s] gmake[2]: *** [CMakeFiles/point_cloud_plantpot_ppf_detector.dir/build.make:266: point_cloud_plantpot_ppf_detector] Error 1
[2.951s] gmake[1]: Leaving directory '/home/buhrmann/ws_moveit/build/point_cloud_circle_detector'
[2.951s] gmake[1]: *** [CMakeFiles/Makefile2:224: CMakeFiles/point_cloud_plantpot_ppf_detector.dir/all] Error 2
[2.951s] gmake: *** [Makefile:149: all] Error 2
[2.953s] Invoked command in '/home/buhrmann/ws_moveit/build/point_cloud_circle_detector' returned '2': CMAKE_PREFIX_PATH=${CMAKE_PREFIX_PATH}:/home/buhrmann/ws_moveit/install/moveit_configs_utils:/opt/ros/iron /usr/bin/cmake --build /home/buhrmann/ws_moveit/build/point_cloud_circle_detector -- -j28 -l28
