[0.008s] Invoking command in '/home/buhrmann/ws_moveit/build/point_cloud_circle_detector': CMAKE_PREFIX_PATH=${CMAKE_PREFIX_PATH}:/home/buhrmann/ws_moveit/install/moveit_configs_utils:/opt/ros/iron /usr/bin/cmake --build /home/buhrmann/ws_moveit/build/point_cloud_circle_detector -- -j28 -l28
[0.055s] [35m[1mConsolidate compiler generated dependencies of target point_cloud_plantpot_edge_pfh_detector[0m
[0.066s] [ 16%] Built target point_cloud_plantpot_ppf_detector
[0.067s] [ 33%] Built target point_cloud_circle_detector
[0.069s] [ 41%] [32mBuilding CXX object CMakeFiles/point_cloud_plantpot_edge_pfh_detector.dir/src/point_cloud_plantpot_edge_pfh_detector.cpp.o[0m
[0.069s] [ 58%] Built target point_cloud_cylinder_detector
[0.069s] [ 75%] Built target point_cloud_plantpot_pfh_detector
[0.071s] [ 91%] Built target point_cloud_plantpot_detector
[1.864s] In file included from [01m[K/usr/include/pcl-1.12/pcl/features/organized_edge_detection.h:429[m[K,
[1.864s]                  from [01m[K/home/buhrmann/ws_moveit/src/point_cloud_circle_detector/src/point_cloud_plantpot_edge_pfh_detector.cpp:5[m[K:
[1.864s] /usr/include/pcl-1.12/pcl/features/impl/organized_edge_detection.hpp: In instantiation of ‘[01m[Kvoid pcl::OrganizedEdgeBase<PointT, PointLT>::compute(pcl::PointCloud<PointOutT>&, std::vector<pcl::PointIndices>&) const [with PointT = pcl::PointXYZ; PointLT = pcl::PointXYZ][m[K’:
[1.864s] [01m[K/home/buhrmann/ws_moveit/src/point_cloud_circle_detector/src/point_cloud_plantpot_edge_pfh_detector.cpp:29:26:[m[K   required from here
[1.864s] [01m[K/usr/include/pcl-1.12/pcl/features/impl/organized_edge_detection.hpp:56:17:[m[K [01;31m[Kerror: [m[Kno matching function for call to ‘[01m[Kpcl::PointCloud<pcl::PointXYZ>::resize(std::size_t, pcl::Label&)[m[K’
[1.864s]    56 |   [01;31m[Klabels.resize (input_->size (), invalid_pt)[m[K;
[1.864s]       |   [01;31m[K~~~~~~~~~~~~~~^~~~~~~~~~~~~~~~~~~~~~~~~~~~~[m[K
[1.864s] In file included from [01m[K/home/buhrmann/ws_moveit/src/point_cloud_circle_detector/src/point_cloud_plantpot_edge_pfh_detector.cpp:2[m[K:
[1.864s] [01m[K/usr/include/pcl-1.12/pcl/point_cloud.h:462:7:[m[K [01;36m[Knote: [m[Kcandidate: ‘[01m[Kvoid pcl::PointCloud<PointT>::resize(std::size_t) [with PointT = pcl::PointXYZ; std::size_t = long unsigned int][m[K’
[1.864s]   462 |       [01;36m[Kresize[m[K(std::size_t count)
[1.864s]       |       [01;36m[K^~~~~~[m[K
[1.864s] [01m[K/usr/include/pcl-1.12/pcl/point_cloud.h:462:7:[m[K [01;36m[Knote: [m[K  candidate expects 1 argument, 2 provided
[1.864s] [01m[K/usr/include/pcl-1.12/pcl/point_cloud.h:482:7:[m[K [01;36m[Knote: [m[Kcandidate: ‘[01m[Kvoid pcl::PointCloud<PointT>::resize(pcl::uindex_t, pcl::uindex_t) [with PointT = pcl::PointXYZ; pcl::uindex_t = unsigned int][m[K’
[1.864s]   482 |       [01;36m[Kresize[m[K(uindex_t new_width, uindex_t new_height)
[1.864s]       |       [01;36m[K^~~~~~[m[K
[1.864s] [01m[K/usr/include/pcl-1.12/pcl/point_cloud.h:482:43:[m[K [01;36m[Knote: [m[K  no known conversion for argument 2 from ‘[01m[Kpcl::Label[m[K’ to ‘[01m[Kpcl::uindex_t[m[K’ {aka ‘[01m[Kunsigned int[m[K’}
[1.864s]   482 |       resize(uindex_t new_width, [01;36m[Kuindex_t new_height[m[K)
[1.865s]       |                                  [01;36m[K~~~~~~~~~^~~~~~~~~~[m[K
[1.865s] [01m[K/usr/include/pcl-1.12/pcl/point_cloud.h:502:7:[m[K [01;36m[Knote: [m[Kcandidate: ‘[01m[Kvoid pcl::PointCloud<PointT>::resize(pcl::index_t, const PointT&) [with PointT = pcl::PointXYZ; pcl::index_t = int][m[K’
[1.865s]   502 |       [01;36m[Kresize[m[K(index_t count, const PointT& value)
[1.865s]       |       [01;36m[K^~~~~~[m[K
[1.865s] [01m[K/usr/include/pcl-1.12/pcl/point_cloud.h:502:43:[m[K [01;36m[Knote: [m[K  no known conversion for argument 2 from ‘[01m[Kpcl::Label[m[K’ to ‘[01m[Kconst pcl::PointXYZ&[m[K’
[1.865s]   502 |       resize(index_t count, [01;36m[Kconst PointT& value[m[K)
[1.865s]       |                             [01;36m[K~~~~~~~~~~~~~~^~~~~[m[K
[1.865s] [01m[K/usr/include/pcl-1.12/pcl/point_cloud.h:523:7:[m[K [01;36m[Knote: [m[Kcandidate: ‘[01m[Kvoid pcl::PointCloud<PointT>::resize(pcl::index_t, pcl::index_t, const PointT&) [with PointT = pcl::PointXYZ; pcl::index_t = int][m[K’
[1.865s]   523 |       [01;36m[Kresize[m[K(index_t new_width, index_t new_height, const PointT& value)
[1.865s]       |       [01;36m[K^~~~~~[m[K
[1.865s] [01m[K/usr/include/pcl-1.12/pcl/point_cloud.h:523:7:[m[K [01;36m[Knote: [m[K  candidate expects 3 arguments, 2 provided
[2.115s] gmake[2]: *** [CMakeFiles/point_cloud_plantpot_edge_pfh_detector.dir/build.make:76: CMakeFiles/point_cloud_plantpot_edge_pfh_detector.dir/src/point_cloud_plantpot_edge_pfh_detector.cpp.o] Error 1
[2.116s] gmake[1]: *** [CMakeFiles/Makefile2:277: CMakeFiles/point_cloud_plantpot_edge_pfh_detector.dir/all] Error 2
[2.116s] gmake: *** [Makefile:146: all] Error 2
[2.118s] Invoked command in '/home/buhrmann/ws_moveit/build/point_cloud_circle_detector' returned '2': CMAKE_PREFIX_PATH=${CMAKE_PREFIX_PATH}:/home/buhrmann/ws_moveit/install/moveit_configs_utils:/opt/ros/iron /usr/bin/cmake --build /home/buhrmann/ws_moveit/build/point_cloud_circle_detector -- -j28 -l28
