[0.008s] Invoking command in '/home/buhrmann/ws_moveit/build/point_cloud_circle_detector': CMAKE_PREFIX_PATH=${CMAKE_PREFIX_PATH}:/home/buhrmann/ws_moveit/install/moveit_configs_utils:/opt/ros/iron /usr/bin/cmake /home/buhrmann/ws_moveit/src/point_cloud_circle_detector -DCMAKE_INSTALL_PREFIX=/home/buhrmann/ws_moveit/install/point_cloud_circle_detector
[0.067s] -- The C compiler identification is GNU 11.4.0
[0.121s] -- The CXX compiler identification is GNU 11.4.0
[0.125s] -- Detecting C compiler ABI info
[0.210s] -- Detecting C compiler ABI info - done
[0.218s] -- Check for working C compiler: /usr/bin/cc - skipped
[0.219s] -- Detecting C compile features
[0.219s] -- Detecting C compile features - done
[0.221s] -- Detecting CXX compiler ABI info
[0.321s] -- Detecting CXX compiler ABI info - done
[0.325s] -- Check for working CXX compiler: /usr/bin/c++ - skipped
[0.326s] -- Detecting CXX compile features
[0.326s] -- Detecting CXX compile features - done
[0.327s] -- Found ament_cmake: 2.0.7 (/opt/ros/iron/share/ament_cmake/cmake)
[0.487s] -- Found Python3: /usr/bin/python3.10 (found version "3.10.12") found components: Interpreter 
[0.542s] -- Found sensor_msgs: 5.0.1 (/opt/ros/iron/share/sensor_msgs/cmake)
[0.562s] -- Found rosidl_generator_c: 4.0.1 (/opt/ros/iron/share/rosidl_generator_c/cmake)
[0.568s] -- Found rosidl_generator_cpp: 4.0.1 (/opt/ros/iron/share/rosidl_generator_cpp/cmake)
[0.578s] -- Using all available rosidl_typesupport_c: rosidl_typesupport_fastrtps_c;rosidl_typesupport_introspection_c
[0.590s] -- Using all available rosidl_typesupport_cpp: rosidl_typesupport_fastrtps_cpp;rosidl_typesupport_introspection_cpp
[0.693s] -- Found rclcpp: 21.0.8 (/opt/ros/iron/share/rclcpp/cmake)
[0.748s] -- Found rmw_implementation_cmake: 7.1.0 (/opt/ros/iron/share/rmw_implementation_cmake/cmake)
[0.750s] -- Found rmw_fastrtps_cpp: 7.1.4 (/opt/ros/iron/share/rmw_fastrtps_cpp/cmake)
[0.858s] -- Found OpenSSL: /usr/lib/x86_64-linux-gnu/libcrypto.so (found version "3.0.2")  
[0.878s] -- Found FastRTPS: /opt/ros/iron/include  
[0.905s] -- Using RMW implementation 'rmw_fastrtps_cpp' as default
[0.990s] -- Found pcl_conversions: 2.5.4 (/opt/ros/iron/share/pcl_conversions/cmake)
[1.102s] -- Checking for module 'flann'
[1.112s] --   Found flann, version 1.9.1
[1.177s] -- Found FLANN: /usr/lib/x86_64-linux-gnu/libflann_cpp.so  
[1.177s] -- FLANN found (include: /usr/include, lib: /usr/lib/x86_64-linux-gnu/libflann_cpp.so)
[1.434s] -- Found OpenMP_CXX: -fopenmp (found version "4.5") 
[1.434s] -- Found OpenMP: TRUE (found version "4.5") found components: CXX 
[1.514s] -- Checking for module 'libusb-1.0'
[1.535s] --   Found libusb-1.0, version 1.0.25
[1.593s] -- Found libusb: /usr/lib/x86_64-linux-gnu/libusb-1.0.so  
[1.594s] -- OpenNI found (version: 1.5.4.0, include: /usr/include/ni, lib: /usr/lib/libOpenNI.so;libusb::libusb)
[1.691s] -- OpenNI2 found (version: 2.2.0.33, include: /usr/include/openni2, lib: /usr/lib/x86_64-linux-gnu/libOpenNI2.so;libusb::libusb)
[1.693s] -- Could NOT find Pcap (missing: PCAP_LIBRARIES PCAP_INCLUDE_DIRS) 
[1.700s] -- Found ZLIB: /usr/lib/x86_64-linux-gnu/libz.so (found version "1.2.11") 
[1.712s] -- Found PNG: /usr/lib/x86_64-linux-gnu/libpng.so (found version "1.6.37") 
[2.864s] -- OpenNI found (version: 1.5.4.0, include: /usr/include/ni, lib: /usr/lib/libOpenNI.so;libusb::libusb)
[2.869s] -- OpenNI2 found (version: 2.2.0.33, include: /usr/include/openni2, lib: /usr/lib/x86_64-linux-gnu/libOpenNI2.so;libusb::libusb)
[3.090s] -- Found Qhull version 8.0.2
[3.303s] -- Found PCL_COMMON: /usr/local/lib/libpcl_common.so  
[3.303s] -- Found PCL_KDTREE: /usr/local/lib/libpcl_kdtree.so  
[3.303s] -- Found PCL_OCTREE: /usr/local/lib/libpcl_octree.so  
[3.303s] -- Found PCL_SEARCH: /usr/local/lib/libpcl_search.so  
[3.303s] -- Found PCL_SAMPLE_CONSENSUS: /usr/local/lib/libpcl_sample_consensus.so  
[3.304s] -- Found PCL_FILTERS: /usr/local/lib/libpcl_filters.so  
[3.304s] -- Found PCL_2D: /usr/local/include/pcl-1.14  
[3.304s] -- Found PCL_GEOMETRY: /usr/local/include/pcl-1.14  
[3.304s] -- Found PCL_IO: /usr/local/lib/libpcl_io.so  
[3.304s] -- Found PCL_FEATURES: /usr/local/lib/libpcl_features.so  
[3.305s] -- Found PCL_ML: /usr/local/lib/libpcl_ml.so  
[3.305s] -- Found PCL_SEGMENTATION: /usr/local/lib/libpcl_segmentation.so  
[3.305s] -- Found PCL_VISUALIZATION: /usr/local/lib/libpcl_visualization.so  
[3.305s] -- Found PCL_SURFACE: /usr/local/lib/libpcl_surface.so  
[3.306s] -- Found PCL_REGISTRATION: /usr/local/lib/libpcl_registration.so  
[3.306s] -- Found PCL_KEYPOINTS: /usr/local/lib/libpcl_keypoints.so  
[3.306s] -- Found PCL_TRACKING: /usr/local/lib/libpcl_tracking.so  
[3.306s] -- Found PCL_RECOGNITION: /usr/local/lib/libpcl_recognition.so  
[3.307s] -- Found PCL_STEREO: /usr/local/lib/libpcl_stereo.so  
[3.307s] -- Found PCL_OUTOFCORE: /usr/local/lib/libpcl_outofcore.so  
[3.307s] -- Found PCL_PEOPLE: /usr/local/lib/libpcl_people.so  
[3.928s] -- Found ament_lint_auto: 0.14.4 (/opt/ros/iron/share/ament_lint_auto/cmake)
[3.972s] -- Added test 'cppcheck' to perform static code analysis on C / C++ code
[3.972s] -- Configured cppcheck include dirs: 
[3.972s] -- Configured cppcheck exclude dirs and/or files: 
[3.973s] -- Added test 'lint_cmake' to check CMake code style
[3.974s] -- Added test 'uncrustify' to check C / C++ code style
[3.974s] -- Configured uncrustify additional arguments: 
[3.975s] -- Added test 'xmllint' to check XML markup files
[3.976s] -- Configuring done
[4.045s] -- Generating done
[4.064s] -- Build files have been written to: /home/buhrmann/ws_moveit/build/point_cloud_circle_detector
[4.077s] Invoked command in '/home/buhrmann/ws_moveit/build/point_cloud_circle_detector' returned '0': CMAKE_PREFIX_PATH=${CMAKE_PREFIX_PATH}:/home/buhrmann/ws_moveit/install/moveit_configs_utils:/opt/ros/iron /usr/bin/cmake /home/buhrmann/ws_moveit/src/point_cloud_circle_detector -DCMAKE_INSTALL_PREFIX=/home/buhrmann/ws_moveit/install/point_cloud_circle_detector
[4.078s] Invoking command in '/home/buhrmann/ws_moveit/build/point_cloud_circle_detector': CMAKE_PREFIX_PATH=${CMAKE_PREFIX_PATH}:/home/buhrmann/ws_moveit/install/moveit_configs_utils:/opt/ros/iron /usr/bin/cmake --build /home/buhrmann/ws_moveit/build/point_cloud_circle_detector -- -j28 -l28
[4.123s] [  6%] [32mBuilding CXX object CMakeFiles/point_cloud_cylinder_detector.dir/src/point_cloud_cylinder_detector.cpp.o[0m
[4.125s] [ 18%] [32mBuilding CXX object CMakeFiles/point_cloud_plantpot_rgb_edge_pfh_detector.dir/src/point_cloud_plantpot_rgb_edge_pfh_detector.cpp.o[0m
[4.126s] [ 18%] [32mBuilding CXX object CMakeFiles/rgb_edge_filter.dir/src/rgb_edge_filter.cpp.o[0m
[4.128s] [ 25%] [32mBuilding CXX object CMakeFiles/point_cloud_plantpot_ppf_detector.dir/src/point_cloud_plantpot_ppf_detector.cpp.o[0m
[4.128s] [ 37%] [32mBuilding CXX object CMakeFiles/point_cloud_plantpot_detector.dir/src/point_cloud_custom_plant_pot_detection.cpp.o[0m
[4.128s] [ 37%] [32mBuilding CXX object CMakeFiles/point_cloud_plantpot_pfh_detector.dir/src/point_cloud_plantpot_pfh_detector.cpp.o[0m
[4.129s] [ 43%] [32mBuilding CXX object CMakeFiles/point_cloud_plantpot_edge_pfh_detector.dir/src/point_cloud_plantpot_edge_pfh_detector.cpp.o[0m
[4.129s] [ 50%] [32mBuilding CXX object CMakeFiles/point_cloud_circle_detector.dir/src/point_cloud_circle_detector.cpp.o[0m
[7.868s] [01m[K/home/buhrmann/ws_moveit/src/point_cloud_circle_detector/src/point_cloud_plantpot_pfh_detector.cpp:[m[K In member function ‘[01m[Kvoid PointCloudCustomObjectMatcher::filter_by_rgb(pcl::PointCloud<pcl::PointXYZRGB>::Ptr&, pcl::PointCloud<pcl::PointXYZRGB>::Ptr&)[m[K’:
[7.868s] [01m[K/home/buhrmann/ws_moveit/src/point_cloud_circle_detector/src/point_cloud_plantpot_pfh_detector.cpp:252:95:[m[K [01;35m[Kwarning: [m[Kcomparison is always true due to limited range of data type [[01;35m[K]8;;https://gcc.gnu.org/onlinedocs/gcc/Warning-Options.html#index-Wtype-limits-Wtype-limits]8;;[m[K]
[7.868s]   252 |             if (point.r >= 80 && point.r <= 155 && point.g >= 20 && point.g <= 100 && [01;35m[Kpoint.b >= 0[m[K && point.b <= 70)
[7.868s]       |                                                                                       [01;35m[K~~~~~~~~^~~~[m[K
[7.868s] [01m[K/home/buhrmann/ws_moveit/src/point_cloud_circle_detector/src/point_cloud_plantpot_pfh_detector.cpp:[m[K In member function ‘[01m[Kvoid PointCloudCustomObjectMatcher::overrideOrientationAndPlaceOnPlane(pcl::PointCloud<pcl::PointXYZ>::Ptr&)[m[K’:
[7.868s] [01m[K/home/buhrmann/ws_moveit/src/point_cloud_circle_detector/src/point_cloud_plantpot_pfh_detector.cpp:271:78:[m[K [01;35m[Kwarning: [m[Kunused parameter ‘[01m[Kcloud[m[K’ [[01;35m[K]8;;https://gcc.gnu.org/onlinedocs/gcc/Warning-Options.html#index-Wunused-parameter-Wunused-parameter]8;;[m[K]
[7.868s]   271 | void overrideOrientationAndPlaceOnPlane([01;35m[Kpcl::PointCloud<pcl::PointXYZ>::Ptr& cloud[m[K)
[7.868s]       |                                         [01;35m[K~~~~~~~~~~~~~~~~~~~~~~~~~~~~~~~~~~~~~^~~~~[m[K
[10.375s] [ 56%] [32m[1mLinking CXX executable point_cloud_plantpot_edge_pfh_detector[0m
[10.555s] [ 62%] [32m[1mLinking CXX executable point_cloud_circle_detector[0m
[10.719s] [ 68%] [32m[1mLinking CXX executable rgb_edge_filter[0m
[11.003s] [ 68%] Built target point_cloud_plantpot_edge_pfh_detector
[11.251s] [ 68%] Built target rgb_edge_filter
[11.332s] [ 75%] [32m[1mLinking CXX executable point_cloud_cylinder_detector[0m
[11.514s] [ 75%] Built target point_cloud_circle_detector
[12.937s] [ 75%] Built target point_cloud_cylinder_detector
[21.156s] [ 81%] [32m[1mLinking CXX executable point_cloud_plantpot_detector[0m
[22.230s] [ 87%] [32m[1mLinking CXX executable point_cloud_plantpot_pfh_detector[0m
[22.726s] [ 93%] [32m[1mLinking CXX executable point_cloud_plantpot_rgb_edge_pfh_detector[0m
[22.916s] [ 93%] Built target point_cloud_plantpot_detector
[22.949s] [100%] [32m[1mLinking CXX executable point_cloud_plantpot_ppf_detector[0m
[24.339s] [100%] Built target point_cloud_plantpot_pfh_detector
[24.777s] [100%] Built target point_cloud_plantpot_rgb_edge_pfh_detector
[24.940s] [100%] Built target point_cloud_plantpot_ppf_detector
[24.950s] Invoked command in '/home/buhrmann/ws_moveit/build/point_cloud_circle_detector' returned '0': CMAKE_PREFIX_PATH=${CMAKE_PREFIX_PATH}:/home/buhrmann/ws_moveit/install/moveit_configs_utils:/opt/ros/iron /usr/bin/cmake --build /home/buhrmann/ws_moveit/build/point_cloud_circle_detector -- -j28 -l28
[24.951s] Invoking command in '/home/buhrmann/ws_moveit/build/point_cloud_circle_detector': CMAKE_PREFIX_PATH=${CMAKE_PREFIX_PATH}:/home/buhrmann/ws_moveit/install/moveit_configs_utils:/opt/ros/iron /usr/bin/cmake --install /home/buhrmann/ws_moveit/build/point_cloud_circle_detector
[24.961s] -- Install configuration: ""
[24.961s] -- Installing: /home/buhrmann/ws_moveit/install/point_cloud_circle_detector/lib/point_cloud_circle_detector/point_cloud_circle_detector
[24.964s] -- Set runtime path of "/home/buhrmann/ws_moveit/install/point_cloud_circle_detector/lib/point_cloud_circle_detector/point_cloud_circle_detector" to ""
[24.964s] -- Installing: /home/buhrmann/ws_moveit/install/point_cloud_circle_detector/lib/point_cloud_circle_detector/point_cloud_cylinder_detector
[24.967s] -- Set runtime path of "/home/buhrmann/ws_moveit/install/point_cloud_circle_detector/lib/point_cloud_circle_detector/point_cloud_cylinder_detector" to ""
[24.967s] -- Installing: /home/buhrmann/ws_moveit/install/point_cloud_circle_detector/lib/point_cloud_circle_detector/point_cloud_plantpot_detector
[24.972s] -- Set runtime path of "/home/buhrmann/ws_moveit/install/point_cloud_circle_detector/lib/point_cloud_circle_detector/point_cloud_plantpot_detector" to ""
[24.972s] -- Installing: /home/buhrmann/ws_moveit/install/point_cloud_circle_detector/lib/point_cloud_circle_detector/point_cloud_plantpot_ppf_detector
[24.978s] -- Set runtime path of "/home/buhrmann/ws_moveit/install/point_cloud_circle_detector/lib/point_cloud_circle_detector/point_cloud_plantpot_ppf_detector" to ""
[24.978s] -- Installing: /home/buhrmann/ws_moveit/install/point_cloud_circle_detector/lib/point_cloud_circle_detector/point_cloud_plantpot_pfh_detector
[24.983s] -- Set runtime path of "/home/buhrmann/ws_moveit/install/point_cloud_circle_detector/lib/point_cloud_circle_detector/point_cloud_plantpot_pfh_detector" to ""
[24.983s] -- Installing: /home/buhrmann/ws_moveit/install/point_cloud_circle_detector/lib/point_cloud_circle_detector/point_cloud_plantpot_edge_pfh_detector
[24.985s] -- Set runtime path of "/home/buhrmann/ws_moveit/install/point_cloud_circle_detector/lib/point_cloud_circle_detector/point_cloud_plantpot_edge_pfh_detector" to ""
[24.985s] -- Installing: /home/buhrmann/ws_moveit/install/point_cloud_circle_detector/lib/point_cloud_circle_detector/point_cloud_plantpot_rgb_edge_pfh_detector
[24.990s] -- Set runtime path of "/home/buhrmann/ws_moveit/install/point_cloud_circle_detector/lib/point_cloud_circle_detector/point_cloud_plantpot_rgb_edge_pfh_detector" to ""
[24.990s] -- Installing: /home/buhrmann/ws_moveit/install/point_cloud_circle_detector/lib/point_cloud_circle_detector/rgb_edge_filter
[24.992s] -- Set runtime path of "/home/buhrmann/ws_moveit/install/point_cloud_circle_detector/lib/point_cloud_circle_detector/rgb_edge_filter" to ""
[24.992s] -- Installing: /home/buhrmann/ws_moveit/install/point_cloud_circle_detector/share/point_cloud_circle_detector/pcd
[24.992s] -- Installing: /home/buhrmann/ws_moveit/install/point_cloud_circle_detector/share/point_cloud_circle_detector/pcd/plantpod_lesssamples.pcd
[25.001s] -- Installing: /home/buhrmann/ws_moveit/install/point_cloud_circle_detector/share/point_cloud_circle_detector/pcd/plantpod.pcd
[25.002s] -- Installing: /home/buhrmann/ws_moveit/install/point_cloud_circle_detector/share/ament_index/resource_index/package_run_dependencies/point_cloud_circle_detector
[25.002s] -- Installing: /home/buhrmann/ws_moveit/install/point_cloud_circle_detector/share/ament_index/resource_index/parent_prefix_path/point_cloud_circle_detector
[25.002s] -- Installing: /home/buhrmann/ws_moveit/install/point_cloud_circle_detector/share/point_cloud_circle_detector/environment/ament_prefix_path.sh
[25.002s] -- Installing: /home/buhrmann/ws_moveit/install/point_cloud_circle_detector/share/point_cloud_circle_detector/environment/ament_prefix_path.dsv
[25.002s] -- Installing: /home/buhrmann/ws_moveit/install/point_cloud_circle_detector/share/point_cloud_circle_detector/environment/path.sh
[25.002s] -- Installing: /home/buhrmann/ws_moveit/install/point_cloud_circle_detector/share/point_cloud_circle_detector/environment/path.dsv
[25.002s] -- Installing: /home/buhrmann/ws_moveit/install/point_cloud_circle_detector/share/point_cloud_circle_detector/local_setup.bash
[25.002s] -- Installing: /home/buhrmann/ws_moveit/install/point_cloud_circle_detector/share/point_cloud_circle_detector/local_setup.sh
[25.002s] -- Installing: /home/buhrmann/ws_moveit/install/point_cloud_circle_detector/share/point_cloud_circle_detector/local_setup.zsh
[25.002s] -- Installing: /home/buhrmann/ws_moveit/install/point_cloud_circle_detector/share/point_cloud_circle_detector/local_setup.dsv
[25.002s] -- Installing: /home/buhrmann/ws_moveit/install/point_cloud_circle_detector/share/point_cloud_circle_detector/package.dsv
[25.002s] -- Installing: /home/buhrmann/ws_moveit/install/point_cloud_circle_detector/share/ament_index/resource_index/packages/point_cloud_circle_detector
[25.002s] -- Installing: /home/buhrmann/ws_moveit/install/point_cloud_circle_detector/share/point_cloud_circle_detector/cmake/point_cloud_circle_detectorConfig.cmake
[25.002s] -- Installing: /home/buhrmann/ws_moveit/install/point_cloud_circle_detector/share/point_cloud_circle_detector/cmake/point_cloud_circle_detectorConfig-version.cmake
[25.002s] -- Installing: /home/buhrmann/ws_moveit/install/point_cloud_circle_detector/share/point_cloud_circle_detector/package.xml
[25.004s] Invoked command in '/home/buhrmann/ws_moveit/build/point_cloud_circle_detector' returned '0': CMAKE_PREFIX_PATH=${CMAKE_PREFIX_PATH}:/home/buhrmann/ws_moveit/install/moveit_configs_utils:/opt/ros/iron /usr/bin/cmake --install /home/buhrmann/ws_moveit/build/point_cloud_circle_detector
