[0.009s] Invoking command in '/home/buhrmann/ws_moveit/build/point_cloud_circle_detector': CMAKE_PREFIX_PATH=${CMAKE_PREFIX_PATH}:/home/buhrmann/ws_moveit/install/moveit_configs_utils:/opt/ros/iron /usr/bin/cmake --build /home/buhrmann/ws_moveit/build/point_cloud_circle_detector -- -j28 -l28
[0.027s] -- Found ament_cmake: 2.0.7 (/opt/ros/iron/share/ament_cmake/cmake)
[0.111s] -- Found sensor_msgs: 5.0.1 (/opt/ros/iron/share/sensor_msgs/cmake)
[0.124s] -- Found rosidl_generator_c: 4.0.1 (/opt/ros/iron/share/rosidl_generator_c/cmake)
[0.128s] -- Found rosidl_generator_cpp: 4.0.1 (/opt/ros/iron/share/rosidl_generator_cpp/cmake)
[0.135s] -- Using all available rosidl_typesupport_c: rosidl_typesupport_fastrtps_c;rosidl_typesupport_introspection_c
[0.145s] -- Using all available rosidl_typesupport_cpp: rosidl_typesupport_fastrtps_cpp;rosidl_typesupport_introspection_cpp
[0.241s] -- Found rclcpp: 21.0.8 (/opt/ros/iron/share/rclcpp/cmake)
[0.288s] -- Found rmw_implementation_cmake: 7.1.0 (/opt/ros/iron/share/rmw_implementation_cmake/cmake)
[0.290s] -- Found rmw_fastrtps_cpp: 7.1.4 (/opt/ros/iron/share/rmw_fastrtps_cpp/cmake)
[0.365s] -- Using RMW implementation 'rmw_fastrtps_cpp' as default
[0.446s] -- Found pcl_conversions: 2.5.4 (/opt/ros/iron/share/pcl_conversions/cmake)
[0.562s] -- FLANN found (include: /usr/include, lib: /usr/lib/x86_64-linux-gnu/libflann_cpp.so)
[0.785s] -- Found OpenMP_CXX: -fopenmp (found version "4.5") 
[0.785s] -- Found OpenMP: TRUE (found version "4.5") found components: CXX 
[0.794s] -- OpenNI found (version: 1.5.4.0, include: /usr/include/ni, lib: /usr/lib/libOpenNI.so;libusb::libusb)
[0.800s] -- OpenNI2 found (version: 2.2.0.33, include: /usr/include/openni2, lib: /usr/lib/x86_64-linux-gnu/libOpenNI2.so;libusb::libusb)
[0.803s] -- Could NOT find Pcap (missing: PCAP_LIBRARIES PCAP_INCLUDE_DIRS) 
[0.809s] -- Found ZLIB: /usr/lib/x86_64-linux-gnu/libz.so (found version "1.2.11") 
[0.817s] -- Found PNG: /usr/lib/x86_64-linux-gnu/libpng.so (found version "1.6.37") 
[1.020s] -- OpenNI found (version: 1.5.4.0, include: /usr/include/ni, lib: /usr/lib/libOpenNI.so;libusb::libusb)
[1.023s] -- OpenNI2 found (version: 2.2.0.33, include: /usr/include/openni2, lib: /usr/lib/x86_64-linux-gnu/libOpenNI2.so;libusb::libusb)
[1.219s] -- Found Qhull version 8.0.2
[1.426s] [33mCMake Warning (dev) at CMakeLists.txt:22 (find_package):
[1.426s]   Policy CMP0074 is not set: find_package uses <PackageName>_ROOT variables.
[1.426s]   Run "cmake --help-policy CMP0074" for policy details.  Use the cmake_policy
[1.426s]   command to set the policy and suppress this warning.
[1.426s] 
[1.426s]   CMake variable PCL_ROOT is set to:
[1.426s] 
[1.426s]     /usr/local
[1.426s] 
[1.426s]   For compatibility, CMake is ignoring the variable.
[1.426s] This warning is for project developers.  Use -Wno-dev to suppress it.
[1.426s] [0m
[1.433s] [31mCMake Error at CMakeLists.txt:22 (find_package):
[1.433s]   Could not find a configuration file for package "PCL" that exactly matches
[1.433s]   requested version "1.4".
[1.433s] 
[1.433s]   The following configuration files were considered but not accepted:
[1.433s] 
[1.433s]     /usr/local/share/pcl-1.14/PCLConfig.cmake, version: 1.14.1
[1.433s]     /usr/lib/x86_64-linux-gnu/cmake/pcl/PCLConfig.cmake, version: 1.12.1
[1.433s]     /lib/x86_64-linux-gnu/cmake/pcl/PCLConfig.cmake, version: 1.12.1
[1.433s] 
[1.433s] 
[1.433s] [0m
[1.433s] -- Configuring incomplete, errors occurred!
[1.433s] See also "/home/buhrmann/ws_moveit/build/point_cloud_circle_detector/CMakeFiles/CMakeOutput.log".
[1.441s] gmake: *** [Makefile:472: cmake_check_build_system] Error 1
[1.443s] Invoked command in '/home/buhrmann/ws_moveit/build/point_cloud_circle_detector' returned '2': CMAKE_PREFIX_PATH=${CMAKE_PREFIX_PATH}:/home/buhrmann/ws_moveit/install/moveit_configs_utils:/opt/ros/iron /usr/bin/cmake --build /home/buhrmann/ws_moveit/build/point_cloud_circle_detector -- -j28 -l28
