[0.495s] Invoking command in '/home/buhrmann/ws_moveit/build/point_cloud_circle_detector': CMAKE_PREFIX_PATH=${CMAKE_PREFIX_PATH}:/home/buhrmann/ws_moveit/install/ros2_azure_bridge:/home/buhrmann/ws_moveit/install/moveit_configs_utils:/opt/ros/iron /usr/bin/cmake --build /home/buhrmann/ws_moveit/build/point_cloud_circle_detector -- -j28 -l28
[0.534s] -- Found ament_cmake: 2.0.7 (/opt/ros/iron/share/ament_cmake/cmake)
[0.752s] -- Found sensor_msgs: 5.0.1 (/opt/ros/iron/share/sensor_msgs/cmake)
[0.793s] -- Found rosidl_generator_c: 4.0.1 (/opt/ros/iron/share/rosidl_generator_c/cmake)
[0.805s] -- Found rosidl_generator_cpp: 4.0.1 (/opt/ros/iron/share/rosidl_generator_cpp/cmake)
[0.832s] -- Using all available rosidl_typesupport_c: rosidl_typesupport_fastrtps_c;rosidl_typesupport_introspection_c
[0.856s] -- Using all available rosidl_typesupport_cpp: rosidl_typesupport_fastrtps_cpp;rosidl_typesupport_introspection_cpp
[1.295s] -- Found rclcpp: 21.0.8 (/opt/ros/iron/share/rclcpp/cmake)
[1.324s] -- Found rmw_implementation_cmake: 7.1.0 (/opt/ros/iron/share/rmw_implementation_cmake/cmake)
[1.324s] -- Found rmw_fastrtps_cpp: 7.1.4 (/opt/ros/iron/share/rmw_fastrtps_cpp/cmake)
[1.475s] -- Using RMW implementation 'rmw_fastrtps_cpp' as default
[1.739s] -- Found pcl_conversions: 2.5.4 (/opt/ros/iron/share/pcl_conversions/cmake)
[2.163s] -- FLANN found (include: /usr/include, lib: /usr/lib/x86_64-linux-gnu/libflann_cpp.so)
[2.190s] -- OpenNI found (version: 1.5.4.0, include: /usr/include/ni, lib: /usr/lib/libOpenNI.so;libusb::libusb)
[2.198s] -- OpenNI2 found (version: 2.2.0.33, include: /usr/include/openni2, lib: /usr/lib/x86_64-linux-gnu/libOpenNI2.so;libusb::libusb)
[2.214s] -- Could NOT find Pcap (missing: PCAP_LIBRARIES PCAP_INCLUDE_DIRS) 
[2.911s] -- OpenNI found (version: 1.5.4.0, include: /usr/include/ni, lib: /usr/lib/libOpenNI.so;libusb::libusb)
[2.919s] -- OpenNI2 found (version: 2.2.0.33, include: /usr/include/openni2, lib: /usr/lib/x86_64-linux-gnu/libOpenNI2.so;libusb::libusb)
[3.419s] -- Found Qhull version 8.0.2
[3.920s] -- Found cv_bridge: 3.5.0 (/opt/ros/iron/share/cv_bridge/cmake)
[6.716s] -- Found ament_lint_auto: 0.14.4 (/opt/ros/iron/share/ament_lint_auto/cmake)
[6.792s] -- Added test 'cppcheck' to perform static code analysis on C / C++ code
[6.794s] -- Configured cppcheck include dirs: 
[6.794s] -- Configured cppcheck exclude dirs and/or files: 
[6.809s] -- Added test 'lint_cmake' to check CMake code style
[6.826s] -- Added test 'uncrustify' to check C / C++ code style
[6.826s] -- Configured uncrustify additional arguments: 
[6.826s] -- Added test 'xmllint' to check XML markup files
[6.827s] -- Configuring done
[7.172s] -- Generating done
[7.229s] -- Build files have been written to: /home/buhrmann/ws_moveit/build/point_cloud_circle_detector
[7.296s] [35m[1mConsolidate compiler generated dependencies of target point_cloud_circle_detector[0m
[7.296s] [35m[1mConsolidate compiler generated dependencies of target point_cloud_plantpot_rgb_edge_pfh_detector[0m
[7.296s] [35m[1mConsolidate compiler generated dependencies of target rgb_edge_filter[0m
[7.296s] [35m[1mConsolidate compiler generated dependencies of target point_cloud_cylinder_detector[0m
[7.296s] [35m[1mConsolidate compiler generated dependencies of target point_cloud_plantpot_edge_pfh_detector[0m
[7.296s] [35m[1mConsolidate compiler generated dependencies of target point_cloud_plantpot_ppf_detector[0m
[7.296s] [35m[1mConsolidate compiler generated dependencies of target hsv_color_filter[0m
[7.297s] [35m[1mConsolidate compiler generated dependencies of target cup_segmentation_color[0m
[7.305s] [35m[1mConsolidate compiler generated dependencies of target point_cloud_plantpot_pfh_detector[0m
[7.305s] [35m[1mConsolidate compiler generated dependencies of target cup_pointcloud_segmentation_color[0m
[7.305s] [35m[1mConsolidate compiler generated dependencies of target point_cloud_plantpot_detector[0m
[7.305s] [35m[1mConsolidate compiler generated dependencies of target image_based_hsv_color_filter[0m
[7.313s] [35m[1mConsolidate compiler generated dependencies of target plantplot_icp_conversion[0m
[7.349s] [  7%] Built target point_cloud_circle_detector
[7.355s] [ 15%] Built target rgb_edge_filter
[7.358s] [ 23%] Built target point_cloud_cylinder_detector
[7.359s] [ 30%] Built target cup_pointcloud_segmentation_color
[7.359s] [ 38%] Built target point_cloud_plantpot_ppf_detector
[7.359s] [ 46%] Built target point_cloud_plantpot_rgb_edge_pfh_detector
[7.363s] [ 53%] Built target point_cloud_plantpot_detector
[7.369s] [ 61%] Built target point_cloud_plantpot_pfh_detector
[7.370s] [ 76%] Built target hsv_color_filter
[7.370s] [ 76%] Built target cup_segmentation_color
[7.372s] [ 84%] Built target point_cloud_plantpot_edge_pfh_detector
[7.373s] [ 92%] Built target image_based_hsv_color_filter
[7.399s] [ 96%] [32mBuilding CXX object CMakeFiles/plantplot_icp_conversion.dir/src/plantplot_icp_conversion.cpp.o[0m
[9.131s] [01m[K/home/buhrmann/ws_moveit/src/point_cloud_circle_detector/src/plantplot_icp_conversion.cpp:4:10:[m[K [01;31m[Kfatal error: [m[Ktf2_geometry_msgs/tf2_geometry_msgs.hpp: No such file or directory
[9.131s]     4 | #include [01;31m[K<tf2_geometry_msgs/tf2_geometry_msgs.hpp>[m[K
[9.131s]       |          [01;31m[K^~~~~~~~~~~~~~~~~~~~~~~~~~~~~~~~~~~~~~~~~[m[K
[9.131s] compilation terminated.
[9.152s] gmake[2]: *** [CMakeFiles/plantplot_icp_conversion.dir/build.make:76: CMakeFiles/plantplot_icp_conversion.dir/src/plantplot_icp_conversion.cpp.o] Error 1
[9.152s] gmake[1]: *** [CMakeFiles/Makefile2:473: CMakeFiles/plantplot_icp_conversion.dir/all] Error 2
[9.152s] gmake: *** [Makefile:146: all] Error 2
[9.155s] Invoked command in '/home/buhrmann/ws_moveit/build/point_cloud_circle_detector' returned '2': CMAKE_PREFIX_PATH=${CMAKE_PREFIX_PATH}:/home/buhrmann/ws_moveit/install/ros2_azure_bridge:/home/buhrmann/ws_moveit/install/moveit_configs_utils:/opt/ros/iron /usr/bin/cmake --build /home/buhrmann/ws_moveit/build/point_cloud_circle_detector -- -j28 -l28
