[0.180s] Invoking command in '/home/buhrmann/ws_moveit/build/common_services_package': CMAKE_PREFIX_PATH=${CMAKE_PREFIX_PATH}:/home/buhrmann/ws_moveit/install/ros2_azure_bridge:/home/buhrmann/ws_moveit/install/moveit_configs_utils:/opt/ros/iron /usr/bin/cmake --build /home/buhrmann/ws_moveit/build/common_services_package -- -j28 -l28
[0.250s] [  1%] Built target common_services_package__rosidl_generator_type_description
[0.250s] [  1%] Built target ament_cmake_python_copy_common_services_package
[0.250s] [  3%] Built target common_services_package__cpp
[0.266s] [ 24%] Built target common_services_package__rosidl_generator_c
[0.288s] [ 33%] Built target common_services_package__rosidl_typesupport_introspection_c
[0.288s] [ 42%] Built target common_services_package__rosidl_typesupport_cpp
[0.288s] [ 51%] Built target common_services_package__rosidl_typesupport_c
[0.288s] [ 61%] Built target common_services_package__rosidl_typesupport_fastrtps_c
[0.288s] [ 70%] Built target common_services_package__rosidl_typesupport_fastrtps_cpp
[0.288s] [ 79%] Built target common_services_package__rosidl_typesupport_introspection_cpp
[0.290s] [ 79%] Built target common_services_package
[0.309s] [ 81%] Built target common_services_package__py
[0.325s] [ 88%] Built target common_services_package__rosidl_generator_py
[0.339s] [ 92%] Built target common_services_package__rosidl_typesupport_c__pyext
[0.339s] [ 96%] Built target common_services_package__rosidl_typesupport_introspection_c__pyext
[0.341s] [100%] Built target common_services_package__rosidl_typesupport_fastrtps_c__pyext
[0.377s] running egg_info
[0.377s] writing common_services_package.egg-info/PKG-INFO
[0.377s] writing dependency_links to common_services_package.egg-info/dependency_links.txt
[0.378s] writing top-level names to common_services_package.egg-info/top_level.txt
[0.379s] reading manifest file 'common_services_package.egg-info/SOURCES.txt'
[0.379s] writing manifest file 'common_services_package.egg-info/SOURCES.txt'
[0.397s] [100%] Built target ament_cmake_python_build_common_services_package_egg
[0.453s] Invoked command in '/home/buhrmann/ws_moveit/build/common_services_package' returned '0': CMAKE_PREFIX_PATH=${CMAKE_PREFIX_PATH}:/home/buhrmann/ws_moveit/install/ros2_azure_bridge:/home/buhrmann/ws_moveit/install/moveit_configs_utils:/opt/ros/iron /usr/bin/cmake --build /home/buhrmann/ws_moveit/build/common_services_package -- -j28 -l28
[0.454s] Invoking command in '/home/buhrmann/ws_moveit/build/common_services_package': CMAKE_PREFIX_PATH=${CMAKE_PREFIX_PATH}:/home/buhrmann/ws_moveit/install/ros2_azure_bridge:/home/buhrmann/ws_moveit/install/moveit_configs_utils:/opt/ros/iron /usr/bin/cmake --install /home/buhrmann/ws_moveit/build/common_services_package
[0.534s] -- Install configuration: ""
[0.534s] -- Up-to-date: /home/buhrmann/ws_moveit/install/common_services_package/share/ament_index/resource_index/rosidl_interfaces/common_services_package
[0.534s] -- Up-to-date: /home/buhrmann/ws_moveit/install/common_services_package/share/common_services_package/srv/GetPlantpotCoords.json
[0.534s] -- Up-to-date: /home/buhrmann/ws_moveit/install/common_services_package/share/common_services_package/srv/GetPointCloud2.json
[0.534s] -- Up-to-date: /home/buhrmann/ws_moveit/install/common_services_package/share/common_services_package/srv/GetFloat32Array.json
[0.534s] -- Up-to-date: /home/buhrmann/ws_moveit/install/common_services_package/include/common_services_package/common_services_package
[0.534s] -- Up-to-date: /home/buhrmann/ws_moveit/install/common_services_package/include/common_services_package/common_services_package/srv
[0.534s] -- Up-to-date: /home/buhrmann/ws_moveit/install/common_services_package/include/common_services_package/common_services_package/srv/get_plantpot_coords.h
[0.534s] -- Up-to-date: /home/buhrmann/ws_moveit/install/common_services_package/include/common_services_package/common_services_package/srv/detail
[0.534s] -- Up-to-date: /home/buhrmann/ws_moveit/install/common_services_package/include/common_services_package/common_services_package/srv/detail/get_plantpot_coords__struct.h
[0.534s] -- Up-to-date: /home/buhrmann/ws_moveit/install/common_services_package/include/common_services_package/common_services_package/srv/detail/get_plantpot_coords__type_support.c
[0.534s] -- Up-to-date: /home/buhrmann/ws_moveit/install/common_services_package/include/common_services_package/common_services_package/srv/detail/get_plantpot_coords__functions.h
[0.534s] -- Up-to-date: /home/buhrmann/ws_moveit/install/common_services_package/include/common_services_package/common_services_package/srv/detail/get_float32_array__description.c
[0.535s] -- Up-to-date: /home/buhrmann/ws_moveit/install/common_services_package/include/common_services_package/common_services_package/srv/detail/get_point_cloud2__functions.c
[0.535s] -- Up-to-date: /home/buhrmann/ws_moveit/install/common_services_package/include/common_services_package/common_services_package/srv/detail/get_point_cloud2__struct.h
[0.535s] -- Up-to-date: /home/buhrmann/ws_moveit/install/common_services_package/include/common_services_package/common_services_package/srv/detail/get_float32_array__functions.h
[0.535s] -- Up-to-date: /home/buhrmann/ws_moveit/install/common_services_package/include/common_services_package/common_services_package/srv/detail/get_point_cloud2__type_support.c
[0.535s] -- Up-to-date: /home/buhrmann/ws_moveit/install/common_services_package/include/common_services_package/common_services_package/srv/detail/get_float32_array__type_support.c
[0.535s] -- Up-to-date: /home/buhrmann/ws_moveit/install/common_services_package/include/common_services_package/common_services_package/srv/detail/get_plantpot_coords__functions.c
[0.535s] -- Up-to-date: /home/buhrmann/ws_moveit/install/common_services_package/include/common_services_package/common_services_package/srv/detail/get_float32_array__type_support.h
[0.535s] -- Up-to-date: /home/buhrmann/ws_moveit/install/common_services_package/include/common_services_package/common_services_package/srv/detail/get_point_cloud2__description.c
[0.535s] -- Up-to-date: /home/buhrmann/ws_moveit/install/common_services_package/include/common_services_package/common_services_package/srv/detail/get_point_cloud2__functions.h
[0.535s] -- Up-to-date: /home/buhrmann/ws_moveit/install/common_services_package/include/common_services_package/common_services_package/srv/detail/get_float32_array__struct.h
[0.535s] -- Up-to-date: /home/buhrmann/ws_moveit/install/common_services_package/include/common_services_package/common_services_package/srv/detail/get_float32_array__functions.c
[0.535s] -- Up-to-date: /home/buhrmann/ws_moveit/install/common_services_package/include/common_services_package/common_services_package/srv/detail/get_plantpot_coords__type_support.h
[0.535s] -- Up-to-date: /home/buhrmann/ws_moveit/install/common_services_package/include/common_services_package/common_services_package/srv/detail/get_plantpot_coords__description.c
[0.535s] -- Up-to-date: /home/buhrmann/ws_moveit/install/common_services_package/include/common_services_package/common_services_package/srv/detail/get_point_cloud2__type_support.h
[0.535s] -- Up-to-date: /home/buhrmann/ws_moveit/install/common_services_package/include/common_services_package/common_services_package/srv/get_float32_array.h
[0.535s] -- Up-to-date: /home/buhrmann/ws_moveit/install/common_services_package/include/common_services_package/common_services_package/srv/get_point_cloud2.h
[0.535s] -- Up-to-date: /home/buhrmann/ws_moveit/install/common_services_package/include/common_services_package/common_services_package/msg
[0.535s] -- Up-to-date: /home/buhrmann/ws_moveit/install/common_services_package/include/common_services_package/common_services_package/msg/rosidl_generator_c__visibility_control.h
[0.535s] -- Up-to-date: /home/buhrmann/ws_moveit/install/common_services_package/share/common_services_package/environment/library_path.sh
[0.535s] -- Up-to-date: /home/buhrmann/ws_moveit/install/common_services_package/share/common_services_package/environment/library_path.dsv
[0.535s] -- Up-to-date: /home/buhrmann/ws_moveit/install/common_services_package/lib/libcommon_services_package__rosidl_generator_c.so
[0.535s] -- Up-to-date: /home/buhrmann/ws_moveit/install/common_services_package/include/common_services_package/common_services_package
[0.535s] -- Up-to-date: /home/buhrmann/ws_moveit/install/common_services_package/include/common_services_package/common_services_package/srv
[0.535s] -- Up-to-date: /home/buhrmann/ws_moveit/install/common_services_package/include/common_services_package/common_services_package/srv/detail
[0.535s] -- Up-to-date: /home/buhrmann/ws_moveit/install/common_services_package/include/common_services_package/common_services_package/srv/detail/get_plantpot_coords__rosidl_typesupport_fastrtps_c.h
[0.535s] -- Up-to-date: /home/buhrmann/ws_moveit/install/common_services_package/include/common_services_package/common_services_package/srv/detail/get_float32_array__rosidl_typesupport_fastrtps_c.h
[0.535s] -- Up-to-date: /home/buhrmann/ws_moveit/install/common_services_package/include/common_services_package/common_services_package/srv/detail/get_point_cloud2__rosidl_typesupport_fastrtps_c.h
[0.535s] -- Up-to-date: /home/buhrmann/ws_moveit/install/common_services_package/include/common_services_package/common_services_package/msg
[0.535s] -- Up-to-date: /home/buhrmann/ws_moveit/install/common_services_package/include/common_services_package/common_services_package/msg/rosidl_typesupport_fastrtps_c__visibility_control.h
[0.535s] -- Up-to-date: /home/buhrmann/ws_moveit/install/common_services_package/lib/libcommon_services_package__rosidl_typesupport_fastrtps_c.so
[0.535s] -- Up-to-date: /home/buhrmann/ws_moveit/install/common_services_package/include/common_services_package/common_services_package
[0.535s] -- Up-to-date: /home/buhrmann/ws_moveit/install/common_services_package/include/common_services_package/common_services_package/srv
[0.535s] -- Up-to-date: /home/buhrmann/ws_moveit/install/common_services_package/include/common_services_package/common_services_package/srv/detail
[0.535s] -- Up-to-date: /home/buhrmann/ws_moveit/install/common_services_package/include/common_services_package/common_services_package/srv/detail/get_plantpot_coords__type_support.c
[0.535s] -- Up-to-date: /home/buhrmann/ws_moveit/install/common_services_package/include/common_services_package/common_services_package/srv/detail/get_plantpot_coords__rosidl_typesupport_introspection_c.h
[0.535s] -- Up-to-date: /home/buhrmann/ws_moveit/install/common_services_package/include/common_services_package/common_services_package/srv/detail/get_point_cloud2__type_support.c
[0.535s] -- Up-to-date: /home/buhrmann/ws_moveit/install/common_services_package/include/common_services_package/common_services_package/srv/detail/get_point_cloud2__rosidl_typesupport_introspection_c.h
[0.535s] -- Up-to-date: /home/buhrmann/ws_moveit/install/common_services_package/include/common_services_package/common_services_package/srv/detail/get_float32_array__type_support.c
[0.535s] -- Up-to-date: /home/buhrmann/ws_moveit/install/common_services_package/include/common_services_package/common_services_package/srv/detail/get_float32_array__rosidl_typesupport_introspection_c.h
[0.535s] -- Up-to-date: /home/buhrmann/ws_moveit/install/common_services_package/include/common_services_package/common_services_package/msg
[0.535s] -- Up-to-date: /home/buhrmann/ws_moveit/install/common_services_package/include/common_services_package/common_services_package/msg/rosidl_typesupport_introspection_c__visibility_control.h
[0.535s] -- Up-to-date: /home/buhrmann/ws_moveit/install/common_services_package/lib/libcommon_services_package__rosidl_typesupport_introspection_c.so
[0.535s] -- Up-to-date: /home/buhrmann/ws_moveit/install/common_services_package/lib/libcommon_services_package__rosidl_typesupport_c.so
[0.535s] -- Up-to-date: /home/buhrmann/ws_moveit/install/common_services_package/include/common_services_package/common_services_package
[0.535s] -- Up-to-date: /home/buhrmann/ws_moveit/install/common_services_package/include/common_services_package/common_services_package/srv
[0.535s] -- Up-to-date: /home/buhrmann/ws_moveit/install/common_services_package/include/common_services_package/common_services_package/srv/get_point_cloud2.hpp
[0.535s] -- Up-to-date: /home/buhrmann/ws_moveit/install/common_services_package/include/common_services_package/common_services_package/srv/get_float32_array.hpp
[0.535s] -- Up-to-date: /home/buhrmann/ws_moveit/install/common_services_package/include/common_services_package/common_services_package/srv/detail
[0.536s] -- Up-to-date: /home/buhrmann/ws_moveit/install/common_services_package/include/common_services_package/common_services_package/srv/detail/get_plantpot_coords__traits.hpp
[0.536s] -- Up-to-date: /home/buhrmann/ws_moveit/install/common_services_package/include/common_services_package/common_services_package/srv/detail/get_float32_array__builder.hpp
[0.536s] -- Up-to-date: /home/buhrmann/ws_moveit/install/common_services_package/include/common_services_package/common_services_package/srv/detail/get_plantpot_coords__builder.hpp
[0.536s] -- Up-to-date: /home/buhrmann/ws_moveit/install/common_services_package/include/common_services_package/common_services_package/srv/detail/get_point_cloud2__builder.hpp
[0.536s] -- Up-to-date: /home/buhrmann/ws_moveit/install/common_services_package/include/common_services_package/common_services_package/srv/detail/get_point_cloud2__traits.hpp
[0.536s] -- Up-to-date: /home/buhrmann/ws_moveit/install/common_services_package/include/common_services_package/common_services_package/srv/detail/get_float32_array__traits.hpp
[0.536s] -- Up-to-date: /home/buhrmann/ws_moveit/install/common_services_package/include/common_services_package/common_services_package/srv/detail/get_float32_array__struct.hpp
[0.536s] -- Up-to-date: /home/buhrmann/ws_moveit/install/common_services_package/include/common_services_package/common_services_package/srv/detail/get_plantpot_coords__struct.hpp
[0.536s] -- Up-to-date: /home/buhrmann/ws_moveit/install/common_services_package/include/common_services_package/common_services_package/srv/detail/get_point_cloud2__struct.hpp
[0.536s] -- Up-to-date: /home/buhrmann/ws_moveit/install/common_services_package/include/common_services_package/common_services_package/srv/get_plantpot_coords.hpp
[0.536s] -- Up-to-date: /home/buhrmann/ws_moveit/install/common_services_package/include/common_services_package/common_services_package
[0.536s] -- Up-to-date: /home/buhrmann/ws_moveit/install/common_services_package/include/common_services_package/common_services_package/srv
[0.536s] -- Up-to-date: /home/buhrmann/ws_moveit/install/common_services_package/include/common_services_package/common_services_package/srv/detail
[0.536s] -- Up-to-date: /home/buhrmann/ws_moveit/install/common_services_package/include/common_services_package/common_services_package/srv/detail/get_float32_array__rosidl_typesupport_fastrtps_cpp.hpp
[0.536s] -- Up-to-date: /home/buhrmann/ws_moveit/install/common_services_package/include/common_services_package/common_services_package/srv/detail/get_plantpot_coords__rosidl_typesupport_fastrtps_cpp.hpp
[0.536s] -- Up-to-date: /home/buhrmann/ws_moveit/install/common_services_package/include/common_services_package/common_services_package/srv/detail/get_point_cloud2__rosidl_typesupport_fastrtps_cpp.hpp
[0.536s] -- Up-to-date: /home/buhrmann/ws_moveit/install/common_services_package/include/common_services_package/common_services_package/srv/detail/dds_fastrtps
[0.536s] -- Up-to-date: /home/buhrmann/ws_moveit/install/common_services_package/include/common_services_package/common_services_package/msg
[0.536s] -- Up-to-date: /home/buhrmann/ws_moveit/install/common_services_package/include/common_services_package/common_services_package/msg/rosidl_typesupport_fastrtps_cpp__visibility_control.h
[0.536s] -- Up-to-date: /home/buhrmann/ws_moveit/install/common_services_package/lib/libcommon_services_package__rosidl_typesupport_fastrtps_cpp.so
[0.536s] -- Up-to-date: /home/buhrmann/ws_moveit/install/common_services_package/include/common_services_package/common_services_package
[0.536s] -- Up-to-date: /home/buhrmann/ws_moveit/install/common_services_package/include/common_services_package/common_services_package/srv
[0.536s] -- Up-to-date: /home/buhrmann/ws_moveit/install/common_services_package/include/common_services_package/common_services_package/srv/detail
[0.536s] -- Up-to-date: /home/buhrmann/ws_moveit/install/common_services_package/include/common_services_package/common_services_package/srv/detail/get_point_cloud2__type_support.cpp
[0.536s] -- Up-to-date: /home/buhrmann/ws_moveit/install/common_services_package/include/common_services_package/common_services_package/srv/detail/get_float32_array__type_support.cpp
[0.536s] -- Up-to-date: /home/buhrmann/ws_moveit/install/common_services_package/include/common_services_package/common_services_package/srv/detail/get_float32_array__rosidl_typesupport_introspection_cpp.hpp
[0.536s] -- Up-to-date: /home/buhrmann/ws_moveit/install/common_services_package/include/common_services_package/common_services_package/srv/detail/get_plantpot_coords__type_support.cpp
[0.536s] -- Up-to-date: /home/buhrmann/ws_moveit/install/common_services_package/include/common_services_package/common_services_package/srv/detail/get_plantpot_coords__rosidl_typesupport_introspection_cpp.hpp
[0.536s] -- Up-to-date: /home/buhrmann/ws_moveit/install/common_services_package/include/common_services_package/common_services_package/srv/detail/get_point_cloud2__rosidl_typesupport_introspection_cpp.hpp
[0.536s] -- Up-to-date: /home/buhrmann/ws_moveit/install/common_services_package/lib/libcommon_services_package__rosidl_typesupport_introspection_cpp.so
[0.536s] -- Up-to-date: /home/buhrmann/ws_moveit/install/common_services_package/lib/libcommon_services_package__rosidl_typesupport_cpp.so
[0.536s] -- Up-to-date: /home/buhrmann/ws_moveit/install/common_services_package/share/common_services_package/environment/pythonpath.sh
[0.536s] -- Up-to-date: /home/buhrmann/ws_moveit/install/common_services_package/share/common_services_package/environment/pythonpath.dsv
[0.536s] -- Up-to-date: /home/buhrmann/ws_moveit/install/common_services_package/lib/python3.10/site-packages/common_services_package-0.0.0-py3.10.egg-info
[0.536s] -- Installing: /home/buhrmann/ws_moveit/install/common_services_package/lib/python3.10/site-packages/common_services_package-0.0.0-py3.10.egg-info/SOURCES.txt
[0.536s] -- Installing: /home/buhrmann/ws_moveit/install/common_services_package/lib/python3.10/site-packages/common_services_package-0.0.0-py3.10.egg-info/dependency_links.txt
[0.536s] -- Installing: /home/buhrmann/ws_moveit/install/common_services_package/lib/python3.10/site-packages/common_services_package-0.0.0-py3.10.egg-info/top_level.txt
[0.536s] -- Installing: /home/buhrmann/ws_moveit/install/common_services_package/lib/python3.10/site-packages/common_services_package-0.0.0-py3.10.egg-info/PKG-INFO
[0.536s] -- Up-to-date: /home/buhrmann/ws_moveit/install/common_services_package/lib/python3.10/site-packages/common_services_package
[0.536s] -- Up-to-date: /home/buhrmann/ws_moveit/install/common_services_package/lib/python3.10/site-packages/common_services_package/srv
[0.536s] -- Up-to-date: /home/buhrmann/ws_moveit/install/common_services_package/lib/python3.10/site-packages/common_services_package/srv/_get_float32_array.py
[0.536s] -- Up-to-date: /home/buhrmann/ws_moveit/install/common_services_package/lib/python3.10/site-packages/common_services_package/srv/_get_point_cloud2_s.c
[0.536s] -- Up-to-date: /home/buhrmann/ws_moveit/install/common_services_package/lib/python3.10/site-packages/common_services_package/srv/_get_plantpot_coords_s.c
[0.537s] -- Up-to-date: /home/buhrmann/ws_moveit/install/common_services_package/lib/python3.10/site-packages/common_services_package/srv/_get_plantpot_coords.py
[0.537s] -- Up-to-date: /home/buhrmann/ws_moveit/install/common_services_package/lib/python3.10/site-packages/common_services_package/srv/_get_float32_array_s.c
[0.537s] -- Up-to-date: /home/buhrmann/ws_moveit/install/common_services_package/lib/python3.10/site-packages/common_services_package/srv/__init__.py
[0.537s] -- Up-to-date: /home/buhrmann/ws_moveit/install/common_services_package/lib/python3.10/site-packages/common_services_package/srv/_get_point_cloud2.py
[0.537s] -- Up-to-date: /home/buhrmann/ws_moveit/install/common_services_package/lib/python3.10/site-packages/common_services_package/_common_services_package_s.ep.rosidl_typesupport_introspection_c.c
[0.537s] -- Up-to-date: /home/buhrmann/ws_moveit/install/common_services_package/lib/python3.10/site-packages/common_services_package/_common_services_package_s.ep.rosidl_typesupport_c.c
[0.537s] -- Up-to-date: /home/buhrmann/ws_moveit/install/common_services_package/lib/python3.10/site-packages/common_services_package/libcommon_services_package__rosidl_generator_py.so
[0.537s] -- Up-to-date: /home/buhrmann/ws_moveit/install/common_services_package/lib/python3.10/site-packages/common_services_package/common_services_package_s__rosidl_typesupport_introspection_c.cpython-310-x86_64-linux-gnu.so
[0.537s] -- Up-to-date: /home/buhrmann/ws_moveit/install/common_services_package/lib/python3.10/site-packages/common_services_package/common_services_package_s__rosidl_typesupport_fastrtps_c.cpython-310-x86_64-linux-gnu.so
[0.537s] -- Up-to-date: /home/buhrmann/ws_moveit/install/common_services_package/lib/python3.10/site-packages/common_services_package/__init__.py
[0.537s] -- Up-to-date: /home/buhrmann/ws_moveit/install/common_services_package/lib/python3.10/site-packages/common_services_package/common_services_package_s__rosidl_typesupport_c.cpython-310-x86_64-linux-gnu.so
[0.537s] -- Up-to-date: /home/buhrmann/ws_moveit/install/common_services_package/lib/python3.10/site-packages/common_services_package/_common_services_package_s.ep.rosidl_typesupport_fastrtps_c.c
[0.543s] Listing '/home/buhrmann/ws_moveit/install/common_services_package/lib/python3.10/site-packages/common_services_package'...
[0.543s] Listing '/home/buhrmann/ws_moveit/install/common_services_package/lib/python3.10/site-packages/common_services_package/srv'...
[0.546s] -- Up-to-date: /home/buhrmann/ws_moveit/install/common_services_package/lib/python3.10/site-packages/common_services_package/common_services_package_s__rosidl_typesupport_fastrtps_c.cpython-310-x86_64-linux-gnu.so
[0.546s] -- Up-to-date: /home/buhrmann/ws_moveit/install/common_services_package/lib/python3.10/site-packages/common_services_package/common_services_package_s__rosidl_typesupport_introspection_c.cpython-310-x86_64-linux-gnu.so
[0.548s] -- Up-to-date: /home/buhrmann/ws_moveit/install/common_services_package/lib/python3.10/site-packages/common_services_package/common_services_package_s__rosidl_typesupport_c.cpython-310-x86_64-linux-gnu.so
[0.548s] -- Up-to-date: /home/buhrmann/ws_moveit/install/common_services_package/lib/libcommon_services_package__rosidl_generator_py.so
[0.548s] -- Up-to-date: /home/buhrmann/ws_moveit/install/common_services_package/share/common_services_package/srv/GetPlantpotCoords.idl
[0.548s] -- Up-to-date: /home/buhrmann/ws_moveit/install/common_services_package/share/common_services_package/srv/GetPointCloud2.idl
[0.548s] -- Up-to-date: /home/buhrmann/ws_moveit/install/common_services_package/share/common_services_package/srv/GetFloat32Array.idl
[0.548s] -- Up-to-date: /home/buhrmann/ws_moveit/install/common_services_package/share/common_services_package/srv/GetPlantpotCoords.srv
[0.548s] -- Up-to-date: /home/buhrmann/ws_moveit/install/common_services_package/share/common_services_package/srv/GetPlantpotCoords_Request.msg
[0.548s] -- Up-to-date: /home/buhrmann/ws_moveit/install/common_services_package/share/common_services_package/srv/GetPlantpotCoords_Response.msg
[0.548s] -- Up-to-date: /home/buhrmann/ws_moveit/install/common_services_package/share/common_services_package/srv/GetPointCloud2.srv
[0.548s] -- Up-to-date: /home/buhrmann/ws_moveit/install/common_services_package/share/common_services_package/srv/GetPointCloud2_Request.msg
[0.548s] -- Up-to-date: /home/buhrmann/ws_moveit/install/common_services_package/share/common_services_package/srv/GetPointCloud2_Response.msg
[0.548s] -- Up-to-date: /home/buhrmann/ws_moveit/install/common_services_package/share/common_services_package/srv/GetFloat32Array.srv
[0.549s] -- Up-to-date: /home/buhrmann/ws_moveit/install/common_services_package/share/common_services_package/srv/GetFloat32Array_Request.msg
[0.549s] -- Up-to-date: /home/buhrmann/ws_moveit/install/common_services_package/share/common_services_package/srv/GetFloat32Array_Response.msg
[0.549s] -- Up-to-date: /home/buhrmann/ws_moveit/install/common_services_package/share/ament_index/resource_index/package_run_dependencies/common_services_package
[0.549s] -- Up-to-date: /home/buhrmann/ws_moveit/install/common_services_package/share/ament_index/resource_index/parent_prefix_path/common_services_package
[0.549s] -- Up-to-date: /home/buhrmann/ws_moveit/install/common_services_package/share/common_services_package/environment/ament_prefix_path.sh
[0.549s] -- Up-to-date: /home/buhrmann/ws_moveit/install/common_services_package/share/common_services_package/environment/ament_prefix_path.dsv
[0.549s] -- Up-to-date: /home/buhrmann/ws_moveit/install/common_services_package/share/common_services_package/environment/path.sh
[0.549s] -- Up-to-date: /home/buhrmann/ws_moveit/install/common_services_package/share/common_services_package/environment/path.dsv
[0.549s] -- Up-to-date: /home/buhrmann/ws_moveit/install/common_services_package/share/common_services_package/local_setup.bash
[0.549s] -- Up-to-date: /home/buhrmann/ws_moveit/install/common_services_package/share/common_services_package/local_setup.sh
[0.549s] -- Up-to-date: /home/buhrmann/ws_moveit/install/common_services_package/share/common_services_package/local_setup.zsh
[0.549s] -- Up-to-date: /home/buhrmann/ws_moveit/install/common_services_package/share/common_services_package/local_setup.dsv
[0.549s] -- Installing: /home/buhrmann/ws_moveit/install/common_services_package/share/common_services_package/package.dsv
[0.550s] -- Up-to-date: /home/buhrmann/ws_moveit/install/common_services_package/share/ament_index/resource_index/packages/common_services_package
[0.550s] -- Up-to-date: /home/buhrmann/ws_moveit/install/common_services_package/share/common_services_package/cmake/export_common_services_package__rosidl_generator_cExport.cmake
[0.550s] -- Up-to-date: /home/buhrmann/ws_moveit/install/common_services_package/share/common_services_package/cmake/export_common_services_package__rosidl_generator_cExport-noconfig.cmake
[0.550s] -- Up-to-date: /home/buhrmann/ws_moveit/install/common_services_package/share/common_services_package/cmake/export_common_services_package__rosidl_typesupport_fastrtps_cExport.cmake
[0.550s] -- Up-to-date: /home/buhrmann/ws_moveit/install/common_services_package/share/common_services_package/cmake/export_common_services_package__rosidl_typesupport_fastrtps_cExport-noconfig.cmake
[0.550s] -- Up-to-date: /home/buhrmann/ws_moveit/install/common_services_package/share/common_services_package/cmake/common_services_package__rosidl_typesupport_introspection_cExport.cmake
[0.551s] -- Up-to-date: /home/buhrmann/ws_moveit/install/common_services_package/share/common_services_package/cmake/common_services_package__rosidl_typesupport_introspection_cExport-noconfig.cmake
[0.551s] -- Up-to-date: /home/buhrmann/ws_moveit/install/common_services_package/share/common_services_package/cmake/common_services_package__rosidl_typesupport_cExport.cmake
[0.551s] -- Up-to-date: /home/buhrmann/ws_moveit/install/common_services_package/share/common_services_package/cmake/common_services_package__rosidl_typesupport_cExport-noconfig.cmake
[0.551s] -- Up-to-date: /home/buhrmann/ws_moveit/install/common_services_package/share/common_services_package/cmake/export_common_services_package__rosidl_generator_cppExport.cmake
[0.551s] -- Up-to-date: /home/buhrmann/ws_moveit/install/common_services_package/share/common_services_package/cmake/export_common_services_package__rosidl_typesupport_fastrtps_cppExport.cmake
[0.551s] -- Up-to-date: /home/buhrmann/ws_moveit/install/common_services_package/share/common_services_package/cmake/export_common_services_package__rosidl_typesupport_fastrtps_cppExport-noconfig.cmake
[0.551s] -- Up-to-date: /home/buhrmann/ws_moveit/install/common_services_package/share/common_services_package/cmake/common_services_package__rosidl_typesupport_introspection_cppExport.cmake
[0.551s] -- Up-to-date: /home/buhrmann/ws_moveit/install/common_services_package/share/common_services_package/cmake/common_services_package__rosidl_typesupport_introspection_cppExport-noconfig.cmake
[0.551s] -- Up-to-date: /home/buhrmann/ws_moveit/install/common_services_package/share/common_services_package/cmake/common_services_package__rosidl_typesupport_cppExport.cmake
[0.551s] -- Up-to-date: /home/buhrmann/ws_moveit/install/common_services_package/share/common_services_package/cmake/common_services_package__rosidl_typesupport_cppExport-noconfig.cmake
[0.551s] -- Up-to-date: /home/buhrmann/ws_moveit/install/common_services_package/share/common_services_package/cmake/export_common_services_package__rosidl_generator_pyExport.cmake
[0.551s] -- Up-to-date: /home/buhrmann/ws_moveit/install/common_services_package/share/common_services_package/cmake/export_common_services_package__rosidl_generator_pyExport-noconfig.cmake
[0.551s] -- Up-to-date: /home/buhrmann/ws_moveit/install/common_services_package/share/common_services_package/cmake/rosidl_cmake-extras.cmake
[0.551s] -- Up-to-date: /home/buhrmann/ws_moveit/install/common_services_package/share/common_services_package/cmake/ament_cmake_export_dependencies-extras.cmake
[0.551s] -- Up-to-date: /home/buhrmann/ws_moveit/install/common_services_package/share/common_services_package/cmake/ament_cmake_export_include_directories-extras.cmake
[0.551s] -- Up-to-date: /home/buhrmann/ws_moveit/install/common_services_package/share/common_services_package/cmake/ament_cmake_export_libraries-extras.cmake
[0.551s] -- Up-to-date: /home/buhrmann/ws_moveit/install/common_services_package/share/common_services_package/cmake/ament_cmake_export_targets-extras.cmake
[0.551s] -- Up-to-date: /home/buhrmann/ws_moveit/install/common_services_package/share/common_services_package/cmake/rosidl_cmake_export_typesupport_targets-extras.cmake
[0.552s] -- Up-to-date: /home/buhrmann/ws_moveit/install/common_services_package/share/common_services_package/cmake/rosidl_cmake_export_typesupport_libraries-extras.cmake
[0.552s] -- Up-to-date: /home/buhrmann/ws_moveit/install/common_services_package/share/common_services_package/cmake/common_services_packageConfig.cmake
[0.552s] -- Up-to-date: /home/buhrmann/ws_moveit/install/common_services_package/share/common_services_package/cmake/common_services_packageConfig-version.cmake
[0.552s] -- Up-to-date: /home/buhrmann/ws_moveit/install/common_services_package/share/common_services_package/package.xml
[0.583s] Invoked command in '/home/buhrmann/ws_moveit/build/common_services_package' returned '0': CMAKE_PREFIX_PATH=${CMAKE_PREFIX_PATH}:/home/buhrmann/ws_moveit/install/ros2_azure_bridge:/home/buhrmann/ws_moveit/install/moveit_configs_utils:/opt/ros/iron /usr/bin/cmake --install /home/buhrmann/ws_moveit/build/common_services_package
