[0.144s] Invoking command in '/home/buhrmann/ws_moveit/build/object_detection': CMAKE_PREFIX_PATH=${CMAKE_PREFIX_PATH}:/home/buhrmann/ws_moveit/install/moveit_configs_utils:/opt/ros/iron /usr/bin/cmake --build /home/buhrmann/ws_moveit/build/object_detection -- -j28 -l28
[0.161s] -- Found ament_cmake: 2.0.6 (/opt/ros/iron/share/ament_cmake/cmake)
[0.244s] -- Found rclpy: 4.1.6 (/opt/ros/iron/share/rclpy/cmake)
[0.244s] -- Found sensor_msgs: 5.0.1 (/opt/ros/iron/share/sensor_msgs/cmake)
[0.264s] -- Found rosidl_generator_c: 4.0.1 (/opt/ros/iron/share/rosidl_generator_c/cmake)
[0.271s] -- Found rosidl_generator_cpp: 4.0.1 (/opt/ros/iron/share/rosidl_generator_cpp/cmake)
[0.283s] -- Using all available rosidl_typesupport_c: rosidl_typesupport_fastrtps_c;rosidl_typesupport_introspection_c
[0.299s] -- Using all available rosidl_typesupport_cpp: rosidl_typesupport_fastrtps_cpp;rosidl_typesupport_introspection_cpp
[0.408s] -- Found visualization_msgs: 5.0.1 (/opt/ros/iron/share/visualization_msgs/cmake)
[0.492s] -- Found cv_bridge: 3.5.0 (/opt/ros/iron/share/cv_bridge/cmake)
[0.545s] -- Found rmw_implementation_cmake: 7.1.0 (/opt/ros/iron/share/rmw_implementation_cmake/cmake)
[0.545s] -- Found rmw_fastrtps_cpp: 7.1.4 (/opt/ros/iron/share/rmw_fastrtps_cpp/cmake)
[0.636s] -- Using RMW implementation 'rmw_fastrtps_cpp' as default
[0.719s] -- Found pcl_conversions: 2.5.4 (/opt/ros/iron/share/pcl_conversions/cmake)
[0.812s] -- Eigen found (include: /usr/include/eigen3, version: 3.4.0)
[0.835s] -- FLANN found (include: /usr/include, lib: /usr/lib/x86_64-linux-gnu/libflann_cpp.so)
[1.058s] -- OpenNI found (version: 1.5.4.0, include: /usr/include/ni, lib: /usr/lib/libOpenNI.so;libusb::libusb)
[1.062s] -- OpenNI2 found (version: 2.2.0.33, include: /usr/include/openni2, lib: /usr/lib/x86_64-linux-gnu/libOpenNI2.so;libusb::libusb)
[1.164s] -- Eigen found (include: /usr/include/eigen3, version: 3.4.0)
[1.167s] -- OpenNI found (version: 1.5.4.0, include: /usr/include/ni, lib: /usr/lib/libOpenNI.so;libusb::libusb)
[1.172s] -- OpenNI2 found (version: 2.2.0.33, include: /usr/include/openni2, lib: /usr/lib/x86_64-linux-gnu/libOpenNI2.so;libusb::libusb)
[1.261s] -- Found Qhull version 8.0.2
[1.357s] -- OpenNI found (version: 1.5.4.0, include: /usr/include/ni, lib: /usr/lib/libOpenNI.so;libusb::libusb)
[1.487s] -- Found ament_lint_auto: 0.14.4 (/opt/ros/iron/share/ament_lint_auto/cmake)
[1.526s] -- Configuring done
[1.530s] -- Generating done
[1.531s] -- Build files have been written to: /home/buhrmann/ws_moveit/build/object_detection
[1.550s] Invoked command in '/home/buhrmann/ws_moveit/build/object_detection' returned '0': CMAKE_PREFIX_PATH=${CMAKE_PREFIX_PATH}:/home/buhrmann/ws_moveit/install/moveit_configs_utils:/opt/ros/iron /usr/bin/cmake --build /home/buhrmann/ws_moveit/build/object_detection -- -j28 -l28
[1.576s] Invoking command in '/home/buhrmann/ws_moveit/build/object_detection': CMAKE_PREFIX_PATH=${CMAKE_PREFIX_PATH}:/home/buhrmann/ws_moveit/install/moveit_configs_utils:/opt/ros/iron /usr/bin/cmake --install /home/buhrmann/ws_moveit/build/object_detection
[1.581s] -- Install configuration: ""
[1.581s] -- Up-to-date: /home/buhrmann/ws_moveit/install/object_detection/lib/object_detection/object_detection.py
[1.581s] -- Up-to-date: /home/buhrmann/ws_moveit/install/object_detection/lib/object_detection/object_detection_facebook.py
[1.581s] -- Up-to-date: /home/buhrmann/ws_moveit/install/object_detection/lib/object_detection/object_detection_coords_publisher.py
[1.581s] -- Up-to-date: /home/buhrmann/ws_moveit/install/object_detection/lib/object_detection/object_detection_facebook_publisher.py
[1.581s] -- Up-to-date: /home/buhrmann/ws_moveit/install/object_detection/share/ament_index/resource_index/package_run_dependencies/object_detection
[1.581s] -- Installing: /home/buhrmann/ws_moveit/install/object_detection/share/ament_index/resource_index/parent_prefix_path/object_detection
[1.581s] -- Up-to-date: /home/buhrmann/ws_moveit/install/object_detection/share/object_detection/environment/ament_prefix_path.sh
[1.581s] -- Up-to-date: /home/buhrmann/ws_moveit/install/object_detection/share/object_detection/environment/ament_prefix_path.dsv
[1.581s] -- Up-to-date: /home/buhrmann/ws_moveit/install/object_detection/share/object_detection/environment/path.sh
[1.581s] -- Up-to-date: /home/buhrmann/ws_moveit/install/object_detection/share/object_detection/environment/path.dsv
[1.581s] -- Up-to-date: /home/buhrmann/ws_moveit/install/object_detection/share/object_detection/local_setup.bash
[1.582s] -- Up-to-date: /home/buhrmann/ws_moveit/install/object_detection/share/object_detection/local_setup.sh
[1.582s] -- Up-to-date: /home/buhrmann/ws_moveit/install/object_detection/share/object_detection/local_setup.zsh
[1.582s] -- Up-to-date: /home/buhrmann/ws_moveit/install/object_detection/share/object_detection/local_setup.dsv
[1.582s] -- Installing: /home/buhrmann/ws_moveit/install/object_detection/share/object_detection/package.dsv
[1.582s] -- Up-to-date: /home/buhrmann/ws_moveit/install/object_detection/share/ament_index/resource_index/packages/object_detection
[1.582s] -- Up-to-date: /home/buhrmann/ws_moveit/install/object_detection/share/object_detection/cmake/object_detectionConfig.cmake
[1.582s] -- Up-to-date: /home/buhrmann/ws_moveit/install/object_detection/share/object_detection/cmake/object_detectionConfig-version.cmake
[1.582s] -- Up-to-date: /home/buhrmann/ws_moveit/install/object_detection/share/object_detection/package.xml
[1.582s] Invoked command in '/home/buhrmann/ws_moveit/build/object_detection' returned '0': CMAKE_PREFIX_PATH=${CMAKE_PREFIX_PATH}:/home/buhrmann/ws_moveit/install/moveit_configs_utils:/opt/ros/iron /usr/bin/cmake --install /home/buhrmann/ws_moveit/build/object_detection
