-- Found ament_cmake: 2.0.7 (/opt/ros/iron/share/ament_cmake/cmake)
-- Found Boost: /usr/lib/x86_64-linux-gnu/cmake/Boost-1.74.0/BoostConfig.cmake (found version "1.74.0")  
-- Found moveit_common: 2.11.0 (/home/buhrmann/ws_moveit/install/moveit_common/share/moveit_common/cmake)
-- Found moveit_core: 2.11.0 (/home/buhrmann/ws_moveit/install/moveit_core/share/moveit_core/cmake)
-- Found Boost: /usr/lib/x86_64-linux-gnu/cmake/Boost-1.74.0/BoostConfig.cmake (found version "1.74.0") found components: chrono date_time filesystem iostreams program_options regex serialization system thread 
-- Found parameter_traits: 0.3.9 (/opt/ros/iron/share/parameter_traits/cmake)
-- Found rosidl_generator_c: 4.0.1 (/opt/ros/iron/share/rosidl_generator_c/cmake)
-- Found rosidl_generator_cpp: 4.0.1 (/opt/ros/iron/share/rosidl_generator_cpp/cmake)
-- Using all available rosidl_typesupport_c: rosidl_typesupport_fastrtps_c;rosidl_typesupport_introspection_c
-- Using all available rosidl_typesupport_cpp: rosidl_typesupport_fastrtps_cpp;rosidl_typesupport_introspection_cpp
-- Found rmw_implementation_cmake: 7.1.0 (/opt/ros/iron/share/rmw_implementation_cmake/cmake)
-- Found rmw_fastrtps_cpp: 7.1.4 (/opt/ros/iron/share/rmw_fastrtps_cpp/cmake)
-- Using RMW implementation 'rmw_fastrtps_cpp' as default
-- Found rclcpp_lifecycle: 21.0.8 (/opt/ros/iron/share/rclcpp_lifecycle/cmake)
-- Found Boost: /usr/lib/x86_64-linux-gnu/cmake/Boost-1.74.0/BoostConfig.cmake (found version "1.74.0") found components: filesystem 
-- library: /usr/lib/x86_64-linux-gnu/libcurl.so
-- Ensuring Eigen3 include directory is part of orocos-kdl CMake target
-- Found moveit_ros_move_group: 2.11.0 (/home/buhrmann/ws_moveit/install/moveit_ros_move_group/share/moveit_ros_move_group/cmake)
-- Found Boost: /usr/lib/x86_64-linux-gnu/cmake/Boost-1.74.0/BoostConfig.cmake (found version "1.74.0") found components: system filesystem date_time program_options thread 
-- Found Boost: /usr/lib/x86_64-linux-gnu/cmake/Boost-1.74.0/BoostConfig.cmake (found version "1.74.0") found components: system filesystem date_time program_options thread chrono 
-- Found moveit_task_constructor_core: 0.1.3 (/home/buhrmann/ws_moveit/install/moveit_task_constructor_core/share/moveit_task_constructor_core/cmake)
-- Found Boost: /usr/lib/x86_64-linux-gnu/cmake/Boost-1.74.0/BoostConfig.cmake (found version "1.74.0") found components: date_time filesystem program_options system thread 
-- Found Boost: /usr/lib/x86_64-linux-gnu/cmake/Boost-1.74.0/BoostConfig.cmake (found version "1.74.0") found components: thread system filesystem regex date_time program_options 
-- Configuring done
-- Generating done
-- Build files have been written to: /home/buhrmann/ws_moveit/build/moveit_task_constructor_capabilities
[35m[1mConsolidate compiler generated dependencies of target moveit_task_constructor_capabilities[0m
[ 50%] [32mBuilding CXX object CMakeFiles/moveit_task_constructor_capabilities.dir/src/execute_task_solution_capability.cpp.o[0m
[100%] [32m[1mLinking CXX shared library libmoveit_task_constructor_capabilities.so[0m
[100%] Built target moveit_task_constructor_capabilities
-- Install configuration: "Release"
-- Installing: /home/buhrmann/ws_moveit/install/moveit_task_constructor_capabilities/lib/libmoveit_task_constructor_capabilities.so
-- Set runtime path of "/home/buhrmann/ws_moveit/install/moveit_task_constructor_capabilities/lib/libmoveit_task_constructor_capabilities.so" to ""
-- Up-to-date: /home/buhrmann/ws_moveit/install/moveit_task_constructor_capabilities/share/moveit_task_constructor_capabilities/capabilities_plugin_description.xml
-- Up-to-date: /home/buhrmann/ws_moveit/install/moveit_task_constructor_capabilities/share/ament_index/resource_index/package_run_dependencies/moveit_task_constructor_capabilities
-- Installing: /home/buhrmann/ws_moveit/install/moveit_task_constructor_capabilities/share/ament_index/resource_index/parent_prefix_path/moveit_task_constructor_capabilities
-- Up-to-date: /home/buhrmann/ws_moveit/install/moveit_task_constructor_capabilities/share/moveit_task_constructor_capabilities/environment/ament_prefix_path.sh
-- Up-to-date: /home/buhrmann/ws_moveit/install/moveit_task_constructor_capabilities/share/moveit_task_constructor_capabilities/environment/ament_prefix_path.dsv
-- Up-to-date: /home/buhrmann/ws_moveit/install/moveit_task_constructor_capabilities/share/moveit_task_constructor_capabilities/environment/path.sh
-- Up-to-date: /home/buhrmann/ws_moveit/install/moveit_task_constructor_capabilities/share/moveit_task_constructor_capabilities/environment/path.dsv
-- Up-to-date: /home/buhrmann/ws_moveit/install/moveit_task_constructor_capabilities/share/moveit_task_constructor_capabilities/local_setup.bash
-- Up-to-date: /home/buhrmann/ws_moveit/install/moveit_task_constructor_capabilities/share/moveit_task_constructor_capabilities/local_setup.sh
-- Up-to-date: /home/buhrmann/ws_moveit/install/moveit_task_constructor_capabilities/share/moveit_task_constructor_capabilities/local_setup.zsh
-- Up-to-date: /home/buhrmann/ws_moveit/install/moveit_task_constructor_capabilities/share/moveit_task_constructor_capabilities/local_setup.dsv
-- Installing: /home/buhrmann/ws_moveit/install/moveit_task_constructor_capabilities/share/moveit_task_constructor_capabilities/package.dsv
-- Up-to-date: /home/buhrmann/ws_moveit/install/moveit_task_constructor_capabilities/share/ament_index/resource_index/packages/moveit_task_constructor_capabilities
-- Up-to-date: /home/buhrmann/ws_moveit/install/moveit_task_constructor_capabilities/share/ament_index/resource_index/moveit_ros_move_group__pluginlib__plugin/moveit_task_constructor_capabilities
-- Up-to-date: /home/buhrmann/ws_moveit/install/moveit_task_constructor_capabilities/share/moveit_task_constructor_capabilities/cmake/ament_cmake_export_dependencies-extras.cmake
-- Up-to-date: /home/buhrmann/ws_moveit/install/moveit_task_constructor_capabilities/share/moveit_task_constructor_capabilities/cmake/moveit_task_constructor_capabilitiesConfig.cmake
-- Up-to-date: /home/buhrmann/ws_moveit/install/moveit_task_constructor_capabilities/share/moveit_task_constructor_capabilities/cmake/moveit_task_constructor_capabilitiesConfig-version.cmake
-- Up-to-date: /home/buhrmann/ws_moveit/install/moveit_task_constructor_capabilities/share/moveit_task_constructor_capabilities/package.xml
