[0.011s] Invoking command in '/home/buhrmann/ws_moveit/build/point_cloud_circle_detector': CMAKE_PREFIX_PATH=${CMAKE_PREFIX_PATH}:/home/buhrmann/ws_moveit/install/moveit_configs_utils:/opt/ros/iron /usr/bin/cmake --build /home/buhrmann/ws_moveit/build/point_cloud_circle_detector -- -j28 -l28
[0.066s] -- Found ament_cmake: 2.0.7 (/opt/ros/iron/share/ament_cmake/cmake)
[0.180s] -- Eigen found (include: /usr/include/eigen3, version: 3.4.0)
[0.216s] -- FLANN found (include: /usr/include, lib: /usr/lib/x86_64-linux-gnu/libflann_cpp.so)
[0.566s] -- OpenNI found (version: 1.5.4.0, include: /usr/include/ni, lib: /usr/lib/libOpenNI.so;libusb::libusb)
[0.571s] -- OpenNI2 found (version: 2.2.0.33, include: /usr/include/openni2, lib: /usr/lib/x86_64-linux-gnu/libOpenNI2.so;libusb::libusb)
[0.571s] [0m** WARNING ** io features related to pcap will be disabled[0m
[0.673s] -- Eigen found (include: /usr/include/eigen3, version: 3.4.0)
[0.677s] -- OpenNI found (version: 1.5.4.0, include: /usr/include/ni, lib: /usr/lib/libOpenNI.so;libusb::libusb)
[0.681s] -- OpenNI2 found (version: 2.2.0.33, include: /usr/include/openni2, lib: /usr/lib/x86_64-linux-gnu/libOpenNI2.so;libusb::libusb)
[0.795s] -- Found Qhull version 8.0.2
[0.890s] -- OpenNI found (version: 1.5.4.0, include: /usr/include/ni, lib: /usr/lib/libOpenNI.so;libusb::libusb)
[0.984s] -- looking for PCL_COMMON
[0.984s] -- looking for PCL_KDTREE
[0.984s] -- looking for PCL_OCTREE
[0.984s] -- looking for PCL_SEARCH
[0.984s] -- looking for PCL_SAMPLE_CONSENSUS
[0.984s] -- looking for PCL_FILTERS
[0.984s] -- looking for PCL_2D
[0.984s] -- looking for PCL_GEOMETRY
[0.985s] -- looking for PCL_IO
[0.985s] -- looking for PCL_FEATURES
[0.985s] -- looking for PCL_ML
[0.985s] -- looking for PCL_SEGMENTATION
[0.985s] -- looking for PCL_VISUALIZATION
[0.985s] -- looking for PCL_SURFACE
[0.986s] -- looking for PCL_REGISTRATION
[0.986s] -- looking for PCL_KEYPOINTS
[0.986s] -- looking for PCL_TRACKING
[0.986s] -- looking for PCL_RECOGNITION
[0.986s] -- looking for PCL_STEREO
[0.987s] -- looking for PCL_APPS
[0.987s] -- looking for PCL_IN_HAND_SCANNER
[0.987s] -- looking for PCL_MODELER
[0.987s] -- looking for PCL_POINT_CLOUD_EDITOR
[0.987s] -- looking for PCL_OUTOFCORE
[0.987s] -- looking for PCL_PEOPLE
[0.997s] -- Found sensor_msgs: 5.0.1 (/opt/ros/iron/share/sensor_msgs/cmake)
[1.013s] -- Found rosidl_generator_c: 4.0.1 (/opt/ros/iron/share/rosidl_generator_c/cmake)
[1.018s] -- Found rosidl_generator_cpp: 4.0.1 (/opt/ros/iron/share/rosidl_generator_cpp/cmake)
[1.028s] -- Using all available rosidl_typesupport_c: rosidl_typesupport_fastrtps_c;rosidl_typesupport_introspection_c
[1.040s] -- Using all available rosidl_typesupport_cpp: rosidl_typesupport_fastrtps_cpp;rosidl_typesupport_introspection_cpp
[1.149s] -- Found rclcpp: 21.0.8 (/opt/ros/iron/share/rclcpp/cmake)
[1.203s] -- Found rmw_implementation_cmake: 7.1.0 (/opt/ros/iron/share/rmw_implementation_cmake/cmake)
[1.206s] -- Found rmw_fastrtps_cpp: 7.1.4 (/opt/ros/iron/share/rmw_fastrtps_cpp/cmake)
[1.299s] -- Using RMW implementation 'rmw_fastrtps_cpp' as default
[1.396s] -- Found pcl_conversions: 2.5.4 (/opt/ros/iron/share/pcl_conversions/cmake)
[1.844s] -- Found ament_lint_auto: 0.14.4 (/opt/ros/iron/share/ament_lint_auto/cmake)
[1.883s] -- Added test 'cppcheck' to perform static code analysis on C / C++ code
[1.883s] -- Configured cppcheck include dirs: 
[1.883s] -- Configured cppcheck exclude dirs and/or files: 
[1.883s] -- Added test 'lint_cmake' to check CMake code style
[1.884s] -- Added test 'uncrustify' to check C / C++ code style
[1.884s] -- Configured uncrustify additional arguments: 
[1.884s] -- Added test 'xmllint' to check XML markup files
[1.885s] -- Configuring done
[1.889s] [31mCMake Error at CMakeLists.txt:19 (add_executable):
[1.889s]   Cannot find source file:
[1.889s] 
[1.889s]     src/point_cloud_plantpot_ppf_detector.cpp
[1.889s] 
[1.889s]   Tried extensions .c .C .c++ .cc .cpp .cxx .cu .mpp .m .M .mm .ixx .cppm .h
[1.889s]   .hh .h++ .hm .hpp .hxx .in .txx .f .F .for .f77 .f90 .f95 .f03 .hip .ispc
[1.889s] 
[1.889s] [0m
[1.891s] [31mCMake Error at CMakeLists.txt:19 (add_executable):
[1.891s]   No SOURCES given to target: point_cloud_plantpot_ppf_detector
[1.891s] 
[1.891s] [0m
[1.891s] [0mCMake Generate step failed.  Build files cannot be regenerated correctly.[0m
[1.899s] gmake: *** [Makefile:349: cmake_check_build_system] Error 1
[1.900s] Invoked command in '/home/buhrmann/ws_moveit/build/point_cloud_circle_detector' returned '2': CMAKE_PREFIX_PATH=${CMAKE_PREFIX_PATH}:/home/buhrmann/ws_moveit/install/moveit_configs_utils:/opt/ros/iron /usr/bin/cmake --build /home/buhrmann/ws_moveit/build/point_cloud_circle_detector -- -j28 -l28
