running egg_info
creating ../../build/ros2_azure_bridge/ros2_azure_bridge.egg-info
writing ../../build/ros2_azure_bridge/ros2_azure_bridge.egg-info/PKG-INFO
writing dependency_links to ../../build/ros2_azure_bridge/ros2_azure_bridge.egg-info/dependency_links.txt
writing entry points to ../../build/ros2_azure_bridge/ros2_azure_bridge.egg-info/entry_points.txt
writing requirements to ../../build/ros2_azure_bridge/ros2_azure_bridge.egg-info/requires.txt
writing top-level names to ../../build/ros2_azure_bridge/ros2_azure_bridge.egg-info/top_level.txt
writing manifest file '../../build/ros2_azure_bridge/ros2_azure_bridge.egg-info/SOURCES.txt'
reading manifest file '../../build/ros2_azure_bridge/ros2_azure_bridge.egg-info/SOURCES.txt'
writing manifest file '../../build/ros2_azure_bridge/ros2_azure_bridge.egg-info/SOURCES.txt'
running build
running build_py
creating /home/buhrmann/ws_moveit/build/ros2_azure_bridge/build
creating /home/buhrmann/ws_moveit/build/ros2_azure_bridge/build/lib
creating /home/buhrmann/ws_moveit/build/ros2_azure_bridge/build/lib/ros2_azure_bridge
copying ros2_azure_bridge/ros2_azure_iot_bridge.py -> /home/buhrmann/ws_moveit/build/ros2_azure_bridge/build/lib/ros2_azure_bridge
copying ros2_azure_bridge/__init__.py -> /home/buhrmann/ws_moveit/build/ros2_azure_bridge/build/lib/ros2_azure_bridge
running install
running install_lib
creating /home/buhrmann/ws_moveit/install/ros2_azure_bridge/lib/python3.10/site-packages/ros2_azure_bridge
copying /home/buhrmann/ws_moveit/build/ros2_azure_bridge/build/lib/ros2_azure_bridge/ros2_azure_iot_bridge.py -> /home/buhrmann/ws_moveit/install/ros2_azure_bridge/lib/python3.10/site-packages/ros2_azure_bridge
copying /home/buhrmann/ws_moveit/build/ros2_azure_bridge/build/lib/ros2_azure_bridge/__init__.py -> /home/buhrmann/ws_moveit/install/ros2_azure_bridge/lib/python3.10/site-packages/ros2_azure_bridge
byte-compiling /home/buhrmann/ws_moveit/install/ros2_azure_bridge/lib/python3.10/site-packages/ros2_azure_bridge/ros2_azure_iot_bridge.py to ros2_azure_iot_bridge.cpython-310.pyc
byte-compiling /home/buhrmann/ws_moveit/install/ros2_azure_bridge/lib/python3.10/site-packages/ros2_azure_bridge/__init__.py to __init__.cpython-310.pyc
running install_data
creating /home/buhrmann/ws_moveit/install/ros2_azure_bridge/share/ament_index
creating /home/buhrmann/ws_moveit/install/ros2_azure_bridge/share/ament_index/resource_index
creating /home/buhrmann/ws_moveit/install/ros2_azure_bridge/share/ament_index/resource_index/packages
copying resource/ros2_azure_bridge -> /home/buhrmann/ws_moveit/install/ros2_azure_bridge/share/ament_index/resource_index/packages
copying package.xml -> /home/buhrmann/ws_moveit/install/ros2_azure_bridge/share/ros2_azure_bridge
creating /home/buhrmann/ws_moveit/install/ros2_azure_bridge/share/ros2_azure_bridge/launch
copying launch/azure_bridge.launch.py -> /home/buhrmann/ws_moveit/install/ros2_azure_bridge/share/ros2_azure_bridge/launch
creating /home/buhrmann/ws_moveit/install/ros2_azure_bridge/share/ros2_azure_bridge/config
copying config/bridge_config.yaml -> /home/buhrmann/ws_moveit/install/ros2_azure_bridge/share/ros2_azure_bridge/config
running install_egg_info
Copying ../../build/ros2_azure_bridge/ros2_azure_bridge.egg-info to /home/buhrmann/ws_moveit/install/ros2_azure_bridge/lib/python3.10/site-packages/ros2_azure_bridge-0.1.0-py3.10.egg-info
running install_scripts
Installing azure_bridge_node script to /home/buhrmann/ws_moveit/install/ros2_azure_bridge/lib/ros2_azure_bridge
writing list of installed files to '/home/buhrmann/ws_moveit/build/ros2_azure_bridge/install.log'
