[0.373s] Invoking command in '/home/buhrmann/ws_moveit/src/ros2_azure_bridge': PYTHONPATH=/home/buhrmann/ws_moveit/build/ros2_azure_bridge/prefix_override:/usr/lib/python3/dist-packages/colcon_core/task/python/colcon_distutils_commands:/home/buhrmann/ws_moveit/install/ros2_azure_bridge/lib/python3.10/site-packages:${PYTHONPATH} /usr/bin/python3 -W ignore:setup.py install is deprecated -W ignore:easy_install command is deprecated setup.py egg_info --egg-base ../../build/ros2_azure_bridge build --build-base /home/buhrmann/ws_moveit/build/ros2_azure_bridge/build install --record /home/buhrmann/ws_moveit/build/ros2_azure_bridge/install.log --single-version-externally-managed install_data
[0.496s] running egg_info
[0.496s] creating ../../build/ros2_azure_bridge/ros2_azure_bridge.egg-info
[0.496s] writing ../../build/ros2_azure_bridge/ros2_azure_bridge.egg-info/PKG-INFO
[0.496s] writing dependency_links to ../../build/ros2_azure_bridge/ros2_azure_bridge.egg-info/dependency_links.txt
[0.496s] writing entry points to ../../build/ros2_azure_bridge/ros2_azure_bridge.egg-info/entry_points.txt
[0.496s] writing requirements to ../../build/ros2_azure_bridge/ros2_azure_bridge.egg-info/requires.txt
[0.496s] writing top-level names to ../../build/ros2_azure_bridge/ros2_azure_bridge.egg-info/top_level.txt
[0.496s] writing manifest file '../../build/ros2_azure_bridge/ros2_azure_bridge.egg-info/SOURCES.txt'
[0.497s] reading manifest file '../../build/ros2_azure_bridge/ros2_azure_bridge.egg-info/SOURCES.txt'
[0.497s] writing manifest file '../../build/ros2_azure_bridge/ros2_azure_bridge.egg-info/SOURCES.txt'
[0.497s] running build
[0.497s] running build_py
[0.498s] creating /home/buhrmann/ws_moveit/build/ros2_azure_bridge/build
[0.498s] creating /home/buhrmann/ws_moveit/build/ros2_azure_bridge/build/lib
[0.498s] creating /home/buhrmann/ws_moveit/build/ros2_azure_bridge/build/lib/ros2_azure_bridge
[0.498s] copying ros2_azure_bridge/ros2_azure_iot_bridge.py -> /home/buhrmann/ws_moveit/build/ros2_azure_bridge/build/lib/ros2_azure_bridge
[0.498s] copying ros2_azure_bridge/__init__.py -> /home/buhrmann/ws_moveit/build/ros2_azure_bridge/build/lib/ros2_azure_bridge
[0.498s] running install
[0.498s] running install_lib
[0.498s] creating /home/buhrmann/ws_moveit/install/ros2_azure_bridge/lib/python3.10/site-packages/ros2_azure_bridge
[0.498s] copying /home/buhrmann/ws_moveit/build/ros2_azure_bridge/build/lib/ros2_azure_bridge/ros2_azure_iot_bridge.py -> /home/buhrmann/ws_moveit/install/ros2_azure_bridge/lib/python3.10/site-packages/ros2_azure_bridge
[0.498s] copying /home/buhrmann/ws_moveit/build/ros2_azure_bridge/build/lib/ros2_azure_bridge/__init__.py -> /home/buhrmann/ws_moveit/install/ros2_azure_bridge/lib/python3.10/site-packages/ros2_azure_bridge
[0.498s] byte-compiling /home/buhrmann/ws_moveit/install/ros2_azure_bridge/lib/python3.10/site-packages/ros2_azure_bridge/ros2_azure_iot_bridge.py to ros2_azure_iot_bridge.cpython-310.pyc
[0.499s] byte-compiling /home/buhrmann/ws_moveit/install/ros2_azure_bridge/lib/python3.10/site-packages/ros2_azure_bridge/__init__.py to __init__.cpython-310.pyc
[0.499s] running install_data
[0.499s] creating /home/buhrmann/ws_moveit/install/ros2_azure_bridge/share/ament_index
[0.499s] creating /home/buhrmann/ws_moveit/install/ros2_azure_bridge/share/ament_index/resource_index
[0.499s] creating /home/buhrmann/ws_moveit/install/ros2_azure_bridge/share/ament_index/resource_index/packages
[0.499s] copying resource/ros2_azure_bridge -> /home/buhrmann/ws_moveit/install/ros2_azure_bridge/share/ament_index/resource_index/packages
[0.499s] copying package.xml -> /home/buhrmann/ws_moveit/install/ros2_azure_bridge/share/ros2_azure_bridge
[0.505s] creating /home/buhrmann/ws_moveit/install/ros2_azure_bridge/share/ros2_azure_bridge/launch
[0.505s] copying launch/azure_bridge.launch.py -> /home/buhrmann/ws_moveit/install/ros2_azure_bridge/share/ros2_azure_bridge/launch
[0.505s] creating /home/buhrmann/ws_moveit/install/ros2_azure_bridge/share/ros2_azure_bridge/config
[0.505s] copying config/bridge_config.yaml -> /home/buhrmann/ws_moveit/install/ros2_azure_bridge/share/ros2_azure_bridge/config
[0.506s] running install_egg_info
[0.506s] Copying ../../build/ros2_azure_bridge/ros2_azure_bridge.egg-info to /home/buhrmann/ws_moveit/install/ros2_azure_bridge/lib/python3.10/site-packages/ros2_azure_bridge-0.1.0-py3.10.egg-info
[0.507s] running install_scripts
[0.518s] Installing azure_bridge_node script to /home/buhrmann/ws_moveit/install/ros2_azure_bridge/lib/ros2_azure_bridge
[0.518s] writing list of installed files to '/home/buhrmann/ws_moveit/build/ros2_azure_bridge/install.log'
[0.529s] Invoked command in '/home/buhrmann/ws_moveit/src/ros2_azure_bridge' returned '0': PYTHONPATH=/home/buhrmann/ws_moveit/build/ros2_azure_bridge/prefix_override:/usr/lib/python3/dist-packages/colcon_core/task/python/colcon_distutils_commands:/home/buhrmann/ws_moveit/install/ros2_azure_bridge/lib/python3.10/site-packages:${PYTHONPATH} /usr/bin/python3 -W ignore:setup.py install is deprecated -W ignore:easy_install command is deprecated setup.py egg_info --egg-base ../../build/ros2_azure_bridge build --build-base /home/buhrmann/ws_moveit/build/ros2_azure_bridge/build install --record /home/buhrmann/ws_moveit/build/ros2_azure_bridge/install.log --single-version-externally-managed install_data
