[  4%] [32mBuilding CXX object gmock/CMakeFiles/gmock.dir/opt/ros/iron/src/gtest_vendor/src/gtest-all.cc.o[0m
[  8%] [32mBuilding CXX object gmock/CMakeFiles/gmock_main.dir/src/gmock_main.cc.o[0m
[ 12%] [32mBuilding CXX object gmock/CMakeFiles/gmock.dir/src/gmock-all.cc.o[0m
[ 16%] [32mBuilding CXX object CMakeFiles/robotiq_driver.dir/src/crc_utils.cpp.o[0m
[ 20%] [32mBuilding CXX object CMakeFiles/robotiq_driver.dir/src/hardware_interface.cpp.o[0m
[ 29%] [32mBuilding CXX object CMakeFiles/robotiq_driver.dir/src/default_driver_factory.cpp.o[0m
[ 29%] [32mBuilding CXX object CMakeFiles/robotiq_driver.dir/src/default_serial.cpp.o[0m
[ 33%] [32mBuilding CXX object CMakeFiles/robotiq_driver.dir/src/default_driver.cpp.o[0m
[ 37%] [32mBuilding CXX object CMakeFiles/robotiq_driver.dir/src/fake/fake_driver.cpp.o[0m
[ 41%] [32mBuilding CXX object CMakeFiles/robotiq_driver.dir/src/default_serial_factory.cpp.o[0m
[ 45%] [32mBuilding CXX object CMakeFiles/robotiq_driver.dir/src/data_utils.cpp.o[0m
[ 50%] [32m[1mLinking CXX static library libgmock_main.a[0m
[ 50%] Built target gmock_main
[ 54%] [32m[1mLinking CXX shared library librobotiq_driver.so[0m
[ 54%] Built target robotiq_driver
[ 58%] [32m[1mLinking CXX static library libgmock.a[0m
[ 58%] Built target gmock
[ 62%] [32mBuilding CXX object tests/CMakeFiles/test_default_serial_factory.dir/test_default_serial_factory.cpp.o[0m
[ 66%] [32mBuilding CXX object tests/CMakeFiles/test_crc_utils.dir/test_crc_utils.cpp.o[0m
[ 70%] [32mBuilding CXX object tests/CMakeFiles/test_robotiq_gripper_hardware_interface.dir/test_robotiq_gripper_hardware_interface.cpp.o[0m
[ 75%] [32mBuilding CXX object tests/CMakeFiles/test_data_utils.dir/test_data_utils.cpp.o[0m
[ 79%] [32mBuilding CXX object tests/CMakeFiles/test_default_driver_factory.dir/test_default_driver_factory.cpp.o[0m
[ 83%] [32m[1mLinking CXX executable test_data_utils[0m
[ 83%] Built target test_data_utils
[ 87%] [32m[1mLinking CXX executable test_crc_utils[0m
[ 87%] Built target test_crc_utils
[ 91%] [32m[1mLinking CXX executable test_default_serial_factory[0m
[ 91%] Built target test_default_serial_factory
[ 95%] [32m[1mLinking CXX executable test_robotiq_gripper_hardware_interface[0m
[ 95%] Built target test_robotiq_gripper_hardware_interface
[100%] [32m[1mLinking CXX executable test_default_driver_factory[0m
[100%] Built target test_default_driver_factory
-- Install configuration: ""
-- Up-to-date: /home/buhrmann/ws_moveit/install/robotiq_driver/share/robotiq_driver/hardware_interface_plugin.xml
-- Up-to-date: /home/buhrmann/ws_moveit/install/robotiq_driver/share/robotiq_driver/environment/library_path.sh
-- Up-to-date: /home/buhrmann/ws_moveit/install/robotiq_driver/share/robotiq_driver/environment/library_path.dsv
-- Up-to-date: /home/buhrmann/ws_moveit/install/robotiq_driver/include
-- Up-to-date: /home/buhrmann/ws_moveit/install/robotiq_driver/include/robotiq_driver
-- Up-to-date: /home/buhrmann/ws_moveit/install/robotiq_driver/include/robotiq_driver/fake
-- Up-to-date: /home/buhrmann/ws_moveit/install/robotiq_driver/include/robotiq_driver/fake/fake_driver.hpp
-- Up-to-date: /home/buhrmann/ws_moveit/install/robotiq_driver/include/robotiq_driver/serial_factory.hpp
-- Up-to-date: /home/buhrmann/ws_moveit/install/robotiq_driver/include/robotiq_driver/default_serial_factory.hpp
-- Up-to-date: /home/buhrmann/ws_moveit/install/robotiq_driver/include/robotiq_driver/data_utils.hpp
-- Up-to-date: /home/buhrmann/ws_moveit/install/robotiq_driver/include/robotiq_driver/default_serial.hpp
-- Up-to-date: /home/buhrmann/ws_moveit/install/robotiq_driver/include/robotiq_driver/driver_factory.hpp
-- Up-to-date: /home/buhrmann/ws_moveit/install/robotiq_driver/include/robotiq_driver/driver.hpp
-- Up-to-date: /home/buhrmann/ws_moveit/install/robotiq_driver/include/robotiq_driver/serial.hpp
-- Up-to-date: /home/buhrmann/ws_moveit/install/robotiq_driver/include/robotiq_driver/default_driver.hpp
-- Up-to-date: /home/buhrmann/ws_moveit/install/robotiq_driver/include/robotiq_driver/hardware_interface.hpp
-- Up-to-date: /home/buhrmann/ws_moveit/install/robotiq_driver/include/robotiq_driver/crc_utils.hpp
-- Up-to-date: /home/buhrmann/ws_moveit/install/robotiq_driver/include/robotiq_driver/default_driver_factory.hpp
-- Up-to-date: /home/buhrmann/ws_moveit/install/robotiq_driver/include/robotiq_driver/visibility_control.hpp
-- Up-to-date: /home/buhrmann/ws_moveit/install/robotiq_driver/include/robotiq_driver/driver_exception.hpp
-- Installing: /home/buhrmann/ws_moveit/install/robotiq_driver/lib/librobotiq_driver.so
-- Set runtime path of "/home/buhrmann/ws_moveit/install/robotiq_driver/lib/librobotiq_driver.so" to ""
-- Up-to-date: /home/buhrmann/ws_moveit/install/robotiq_driver/share/ament_index/resource_index/package_run_dependencies/robotiq_driver
-- Up-to-date: /home/buhrmann/ws_moveit/install/robotiq_driver/share/ament_index/resource_index/parent_prefix_path/robotiq_driver
-- Up-to-date: /home/buhrmann/ws_moveit/install/robotiq_driver/share/robotiq_driver/environment/ament_prefix_path.sh
-- Up-to-date: /home/buhrmann/ws_moveit/install/robotiq_driver/share/robotiq_driver/environment/ament_prefix_path.dsv
-- Up-to-date: /home/buhrmann/ws_moveit/install/robotiq_driver/share/robotiq_driver/environment/path.sh
-- Up-to-date: /home/buhrmann/ws_moveit/install/robotiq_driver/share/robotiq_driver/environment/path.dsv
-- Up-to-date: /home/buhrmann/ws_moveit/install/robotiq_driver/share/robotiq_driver/local_setup.bash
-- Up-to-date: /home/buhrmann/ws_moveit/install/robotiq_driver/share/robotiq_driver/local_setup.sh
-- Up-to-date: /home/buhrmann/ws_moveit/install/robotiq_driver/share/robotiq_driver/local_setup.zsh
-- Up-to-date: /home/buhrmann/ws_moveit/install/robotiq_driver/share/robotiq_driver/local_setup.dsv
-- Installing: /home/buhrmann/ws_moveit/install/robotiq_driver/share/robotiq_driver/package.dsv
-- Up-to-date: /home/buhrmann/ws_moveit/install/robotiq_driver/share/ament_index/resource_index/packages/robotiq_driver
-- Up-to-date: /home/buhrmann/ws_moveit/install/robotiq_driver/share/ament_index/resource_index/hardware_interface__pluginlib__plugin/robotiq_driver
-- Up-to-date: /home/buhrmann/ws_moveit/install/robotiq_driver/share/robotiq_driver/cmake/robotiq_driver_targetsExport.cmake
-- Up-to-date: /home/buhrmann/ws_moveit/install/robotiq_driver/share/robotiq_driver/cmake/robotiq_driver_targetsExport-noconfig.cmake
-- Up-to-date: /home/buhrmann/ws_moveit/install/robotiq_driver/share/robotiq_driver/cmake/ament_cmake_export_targets-extras.cmake
-- Up-to-date: /home/buhrmann/ws_moveit/install/robotiq_driver/share/robotiq_driver/cmake/ament_cmake_export_dependencies-extras.cmake
-- Up-to-date: /home/buhrmann/ws_moveit/install/robotiq_driver/share/robotiq_driver/cmake/ament_cmake_export_include_directories-extras.cmake
-- Up-to-date: /home/buhrmann/ws_moveit/install/robotiq_driver/share/robotiq_driver/cmake/ament_cmake_export_libraries-extras.cmake
-- Up-to-date: /home/buhrmann/ws_moveit/install/robotiq_driver/share/robotiq_driver/cmake/robotiq_driverConfig.cmake
-- Up-to-date: /home/buhrmann/ws_moveit/install/robotiq_driver/share/robotiq_driver/cmake/robotiq_driverConfig-version.cmake
-- Up-to-date: /home/buhrmann/ws_moveit/install/robotiq_driver/share/robotiq_driver/package.xml
