[0.173s] Invoking command in '/home/buhrmann/ws_moveit/build/ur5_description_controller': CMAKE_PREFIX_PATH=${CMAKE_PREFIX_PATH}:/home/buhrmann/ws_moveit/install/moveit_configs_utils:/opt/ros/iron /usr/bin/cmake --build /home/buhrmann/ws_moveit/build/ur5_description_controller -- -j28 -l28
[0.200s] Invoked command in '/home/buhrmann/ws_moveit/build/ur5_description_controller' returned '0': CMAKE_PREFIX_PATH=${CMAKE_PREFIX_PATH}:/home/buhrmann/ws_moveit/install/moveit_configs_utils:/opt/ros/iron /usr/bin/cmake --build /home/buhrmann/ws_moveit/build/ur5_description_controller -- -j28 -l28
[0.251s] Invoking command in '/home/buhrmann/ws_moveit/build/ur5_description_controller': CMAKE_PREFIX_PATH=${CMAKE_PREFIX_PATH}:/home/buhrmann/ws_moveit/install/moveit_configs_utils:/opt/ros/iron /usr/bin/cmake --install /home/buhrmann/ws_moveit/build/ur5_description_controller
[0.260s] -- Install configuration: ""
[0.260s] -- Up-to-date: /home/buhrmann/ws_moveit/install/ur5_description_controller/share/ur5_description_controller/launch
[0.261s] -- Up-to-date: /home/buhrmann/ws_moveit/install/ur5_description_controller/share/ur5_description_controller/launch/command
[0.261s] -- Up-to-date: /home/buhrmann/ws_moveit/install/ur5_description_controller/share/ur5_description_controller/launch/command_namespaces
[0.261s] -- Up-to-date: /home/buhrmann/ws_moveit/install/ur5_description_controller/share/ur5_description_controller/launch/ur5.launch.py
[0.261s] -- Up-to-date: /home/buhrmann/ws_moveit/install/ur5_description_controller/share/ur5_description_controller/launch/ur_control.launch.py
[0.261s] -- Up-to-date: /home/buhrmann/ws_moveit/install/ur5_description_controller/share/ur5_description_controller/launch/ur_control.namespace.launch.py
[0.261s] -- Up-to-date: /home/buhrmann/ws_moveit/install/ur5_description_controller/share/ur5_description_controller/config
[0.261s] -- Up-to-date: /home/buhrmann/ws_moveit/install/ur5_description_controller/share/ur5_description_controller/config/my_robot_calibration.yaml
[0.261s] -- Up-to-date: /home/buhrmann/ws_moveit/install/ur5_description_controller/share/ur5_description_controller/config/ur5
[0.261s] -- Up-to-date: /home/buhrmann/ws_moveit/install/ur5_description_controller/share/ur5_description_controller/config/ur5/joint_limits.yaml
[0.261s] -- Up-to-date: /home/buhrmann/ws_moveit/install/ur5_description_controller/share/ur5_description_controller/config/ur5/physical_parameters.yaml
[0.261s] -- Up-to-date: /home/buhrmann/ws_moveit/install/ur5_description_controller/share/ur5_description_controller/config/ur5/default_kinematics.yaml
[0.261s] -- Up-to-date: /home/buhrmann/ws_moveit/install/ur5_description_controller/share/ur5_description_controller/config/ur5/visual_parameters.yaml
[0.261s] -- Up-to-date: /home/buhrmann/ws_moveit/install/ur5_description_controller/share/ur5_description_controller/config/ur_namespace_controllers.yaml
[0.261s] -- Up-to-date: /home/buhrmann/ws_moveit/install/ur5_description_controller/share/ur5_description_controller/config/ur_controllers.yaml
[0.261s] -- Up-to-date: /home/buhrmann/ws_moveit/install/ur5_description_controller/share/ur5_description_controller/urdf
[0.261s] -- Up-to-date: /home/buhrmann/ws_moveit/install/ur5_description_controller/share/ur5_description_controller/urdf/ur.urdf.xacro
[0.261s] -- Up-to-date: /home/buhrmann/ws_moveit/install/ur5_description_controller/share/ur5_description_controller/rviz
[0.261s] -- Up-to-date: /home/buhrmann/ws_moveit/install/ur5_description_controller/share/ur5_description_controller/rviz/view_robot.rviz
[0.262s] -- Up-to-date: /home/buhrmann/ws_moveit/install/ur5_description_controller/share/ament_index/resource_index/package_run_dependencies/ur5_description_controller
[0.262s] -- Up-to-date: /home/buhrmann/ws_moveit/install/ur5_description_controller/share/ament_index/resource_index/parent_prefix_path/ur5_description_controller
[0.262s] -- Up-to-date: /home/buhrmann/ws_moveit/install/ur5_description_controller/share/ur5_description_controller/environment/ament_prefix_path.sh
[0.262s] -- Up-to-date: /home/buhrmann/ws_moveit/install/ur5_description_controller/share/ur5_description_controller/environment/ament_prefix_path.dsv
[0.262s] -- Up-to-date: /home/buhrmann/ws_moveit/install/ur5_description_controller/share/ur5_description_controller/environment/path.sh
[0.262s] -- Up-to-date: /home/buhrmann/ws_moveit/install/ur5_description_controller/share/ur5_description_controller/environment/path.dsv
[0.262s] -- Up-to-date: /home/buhrmann/ws_moveit/install/ur5_description_controller/share/ur5_description_controller/local_setup.bash
[0.262s] -- Up-to-date: /home/buhrmann/ws_moveit/install/ur5_description_controller/share/ur5_description_controller/local_setup.sh
[0.262s] -- Up-to-date: /home/buhrmann/ws_moveit/install/ur5_description_controller/share/ur5_description_controller/local_setup.zsh
[0.262s] -- Up-to-date: /home/buhrmann/ws_moveit/install/ur5_description_controller/share/ur5_description_controller/local_setup.dsv
[0.262s] -- Installing: /home/buhrmann/ws_moveit/install/ur5_description_controller/share/ur5_description_controller/package.dsv
[0.262s] -- Up-to-date: /home/buhrmann/ws_moveit/install/ur5_description_controller/share/ament_index/resource_index/packages/ur5_description_controller
[0.262s] -- Up-to-date: /home/buhrmann/ws_moveit/install/ur5_description_controller/share/ur5_description_controller/cmake/ur5_description_controllerConfig.cmake
[0.262s] -- Up-to-date: /home/buhrmann/ws_moveit/install/ur5_description_controller/share/ur5_description_controller/cmake/ur5_description_controllerConfig-version.cmake
[0.262s] -- Up-to-date: /home/buhrmann/ws_moveit/install/ur5_description_controller/share/ur5_description_controller/package.xml
[0.288s] Invoked command in '/home/buhrmann/ws_moveit/build/ur5_description_controller' returned '0': CMAKE_PREFIX_PATH=${CMAKE_PREFIX_PATH}:/home/buhrmann/ws_moveit/install/moveit_configs_utils:/opt/ros/iron /usr/bin/cmake --install /home/buhrmann/ws_moveit/build/ur5_description_controller
