[0.462s] Invoking command in '/home/buhrmann/ws_moveit/build/point_cloud_circle_detector': CMAKE_PREFIX_PATH=${CMAKE_PREFIX_PATH}:/home/buhrmann/ws_moveit/install/ros2_azure_bridge:/home/buhrmann/ws_moveit/install/moveit_configs_utils:/opt/ros/iron /usr/bin/cmake --build /home/buhrmann/ws_moveit/build/point_cloud_circle_detector -- -j28 -l28
[0.648s] [  3%] [32mBuilding CXX object CMakeFiles/plantplot_ransac_conversion.dir/src/plantplot_ransac_conversion.cpp.o[0m
[0.653s] [ 10%] Built target point_cloud_circle_detector
[0.654s] [ 17%] Built target hsv_color_filter
[0.658s] [ 25%] Built target point_cloud_plantpot_ppf_detector
[0.670s] [ 32%] Built target point_cloud_plantpot_detector
[0.670s] [ 39%] Built target cup_pointcloud_segmentation_color
[0.677s] [ 46%] Built target cup_segmentation_color
[0.680s] [ 53%] Built target point_cloud_plantpot_rgb_edge_pfh_detector
[0.682s] [ 67%] Built target point_cloud_plantpot_pfh_detector
[0.683s] [ 67%] Built target point_cloud_cylinder_detector
[0.690s] [ 75%] Built target rgb_edge_filter
[0.690s] [ 82%] Built target point_cloud_plantpot_edge_pfh_detector
[0.697s] [ 89%] Built target image_based_hsv_color_filter
[0.711s] [ 96%] Built target plantplot_icp_conversion
[2.402s] [01m[K/home/buhrmann/ws_moveit/src/point_cloud_circle_detector/src/plantplot_ransac_conversion.cpp:6:10:[m[K [01;31m[Kfatal error: [m[Ktf2_geometry_msgs/tf2_geometry_msgs.hpp: No such file or directory
[2.402s]     6 | #include [01;31m[K<tf2_geometry_msgs/tf2_geometry_msgs.hpp>[m[K
[2.402s]       |          [01;31m[K^~~~~~~~~~~~~~~~~~~~~~~~~~~~~~~~~~~~~~~~~[m[K
[2.402s] compilation terminated.
[2.410s] gmake[2]: *** [CMakeFiles/plantplot_ransac_conversion.dir/build.make:76: CMakeFiles/plantplot_ransac_conversion.dir/src/plantplot_ransac_conversion.cpp.o] Error 1
[2.410s] gmake[1]: *** [CMakeFiles/Makefile2:501: CMakeFiles/plantplot_ransac_conversion.dir/all] Error 2
[2.410s] gmake: *** [Makefile:146: all] Error 2
[2.427s] Invoked command in '/home/buhrmann/ws_moveit/build/point_cloud_circle_detector' returned '2': CMAKE_PREFIX_PATH=${CMAKE_PREFIX_PATH}:/home/buhrmann/ws_moveit/install/ros2_azure_bridge:/home/buhrmann/ws_moveit/install/moveit_configs_utils:/opt/ros/iron /usr/bin/cmake --build /home/buhrmann/ws_moveit/build/point_cloud_circle_detector -- -j28 -l28
