[  7%] Built target point_cloud_circle_detector
[35m[1mConsolidate compiler generated dependencies of target plantplot_ransac_conversion[0m
[ 14%] Built target cup_segmentation_color
[ 21%] Built target point_cloud_plantpot_detector
[ 28%] Built target point_cloud_cylinder_detector
[ 35%] Built target point_cloud_plantpot_edge_pfh_detector
[ 42%] Built target point_cloud_plantpot_ppf_detector
[ 50%] Built target rgb_edge_filter
[ 57%] Built target point_cloud_plantpot_rgb_edge_pfh_detector
[ 64%] Built target cup_pointcloud_segmentation_color
[ 71%] Built target image_based_hsv_color_filter
[ 78%] Built target hsv_color_filter
[ 85%] Built target point_cloud_plantpot_pfh_detector
[ 92%] Built target plantplot_icp_conversion
[ 96%] [32mBuilding CXX object CMakeFiles/plantplot_ransac_conversion.dir/src/plantplot_ransac_conversion.cpp.o[0m
[01m[K/home/buhrmann/ws_moveit/src/point_cloud_circle_detector/src/plantplot_ransac_conversion.cpp:[m[K In member function ‘[01m[Kvoid PointCloudCustomObjectMatcher::listener_callback(sensor_msgs::msg::PointCloud2_<std::allocator<void> >::SharedPtr)[m[K’:
[01m[K/home/buhrmann/ws_moveit/src/point_cloud_circle_detector/src/plantplot_ransac_conversion.cpp:198:36:[m[K [01;31m[Kerror: [m[K‘[01m[Ktransformed_object_cloud[m[K’ was not declared in this scope
  198 |                 icp.setInputSource([01;31m[Ktransformed_object_cloud[m[K);  // Your object after SAC-IA transform
      |                                    [01;31m[K^~~~~~~~~~~~~~~~~~~~~~~~[m[K
[01m[K/home/buhrmann/ws_moveit/src/point_cloud_circle_detector/src/plantplot_ransac_conversion.cpp:199:36:[m[K [01;31m[Kerror: [m[K‘[01m[Kscene_cloud[m[K’ was not declared in this scope
  199 |                 icp.setInputTarget([01;31m[Kscene_cloud[m[K);  // Your scene point cloud
      |                                    [01;31m[K^~~~~~~~~~~[m[K
[01m[K/home/buhrmann/ws_moveit/src/point_cloud_circle_detector/src/plantplot_ransac_conversion.cpp:[m[K In member function ‘[01m[Kvoid PointCloudCustomObjectMatcher::overrideOrientationAndPlaceOnPlane(pcl::PointCloud<pcl::PointXYZ>::Ptr&)[m[K’:
[01m[K/home/buhrmann/ws_moveit/src/point_cloud_circle_detector/src/plantplot_ransac_conversion.cpp:236:78:[m[K [01;35m[Kwarning: [m[Kunused parameter ‘[01m[Kcloud[m[K’ [[01;35m[K]8;;https://gcc.gnu.org/onlinedocs/gcc/Warning-Options.html#index-Wunused-parameter-Wunused-parameter]8;;[m[K]
  236 | void overrideOrientationAndPlaceOnPlane([01;35m[Kpcl::PointCloud<pcl::PointXYZ>::Ptr& cloud[m[K)
      |                                         [01;35m[K~~~~~~~~~~~~~~~~~~~~~~~~~~~~~~~~~~~~~^~~~~[m[K
gmake[2]: *** [CMakeFiles/plantplot_ransac_conversion.dir/build.make:76: CMakeFiles/plantplot_ransac_conversion.dir/src/plantplot_ransac_conversion.cpp.o] Error 1
gmake[1]: *** [CMakeFiles/Makefile2:501: CMakeFiles/plantplot_ransac_conversion.dir/all] Error 2
gmake: *** [Makefile:146: all] Error 2
