[35m[1mConsolidate compiler generated dependencies of target point_cloud_plantpot_edge_pfh_detector[0m
[ 16%] Built target point_cloud_plantpot_ppf_detector
[ 33%] Built target point_cloud_circle_detector
[ 50%] Built target point_cloud_cylinder_detector
[ 58%] [32mBuilding CXX object CMakeFiles/point_cloud_plantpot_edge_pfh_detector.dir/src/point_cloud_plantpot_edge_pfh_detector.cpp.o[0m
[ 75%] Built target point_cloud_plantpot_pfh_detector
[ 83%] [32m[1mLinking CXX executable point_cloud_plantpot_detector[0m
/usr/bin/ld: CMakeFiles/point_cloud_plantpot_detector.dir/src/point_cloud_custom_plant_pot_detection.cpp.o: in function `pcl::SampleConsensusInitialAlignment<pcl::PointXYZ, pcl::PointXYZ, pcl::FPFHSignature33>::SampleConsensusInitialAlignment()':
point_cloud_custom_plant_pot_detection.cpp:(.text._ZN3pcl31SampleConsensusInitialAlignmentINS_8PointXYZES1_NS_15FPFHSignature33EEC2Ev[_ZN3pcl31SampleConsensusInitialAlignmentINS_8PointXYZES1_NS_15FPFHSignature33EEC5Ev]+0x11e): undefined reference to `pcl::registration::TransformationEstimationSVD<pcl::PointXYZ, pcl::PointXYZ, float>::TransformationEstimationSVD(bool)'
collect2: error: ld returned 1 exit status
gmake[2]: *** [CMakeFiles/point_cloud_plantpot_detector.dir/build.make:319: point_cloud_plantpot_detector] Error 1
gmake[1]: *** [CMakeFiles/Makefile2:199: CMakeFiles/point_cloud_plantpot_detector.dir/all] Error 2
gmake[1]: *** Waiting for unfinished jobs....
In file included from [01m[K/usr/local/include/pcl-1.14/pcl/features/organized_edge_detection.h:416[m[K,
                 from [01m[K/home/buhrmann/ws_moveit/src/point_cloud_circle_detector/src/point_cloud_plantpot_edge_pfh_detector.cpp:5[m[K:
/usr/local/include/pcl-1.14/pcl/features/impl/organized_edge_detection.hpp: In instantiation of ‘[01m[Kvoid pcl::OrganizedEdgeBase<PointT, PointLT>::compute(pcl::PointCloud<PointOutT>&, std::vector<pcl::PointIndices>&) const [with PointT = pcl::PointXYZ; PointLT = pcl::PointIndices][m[K’:
[01m[K/home/buhrmann/ws_moveit/src/point_cloud_circle_detector/src/point_cloud_plantpot_edge_pfh_detector.cpp:29:26:[m[K   required from here
[01m[K/usr/local/include/pcl-1.14/pcl/features/impl/organized_edge_detection.hpp:56:17:[m[K [01;31m[Kerror: [m[Kno matching function for call to ‘[01m[Kpcl::PointCloud<pcl::PointIndices>::resize(std::size_t, pcl::Label&)[m[K’
   56 |   [01;31m[Klabels.resize (input_->size (), invalid_pt)[m[K;
      |   [01;31m[K~~~~~~~~~~~~~~^~~~~~~~~~~~~~~~~~~~~~~~~~~~~[m[K
In file included from [01m[K/home/buhrmann/ws_moveit/src/point_cloud_circle_detector/src/point_cloud_plantpot_edge_pfh_detector.cpp:2[m[K:
[01m[K/usr/local/include/pcl-1.14/pcl/point_cloud.h:462:7:[m[K [01;36m[Knote: [m[Kcandidate: ‘[01m[Kvoid pcl::PointCloud<PointT>::resize(std::size_t) [with PointT = pcl::PointIndices; std::size_t = long unsigned int][m[K’
  462 |       [01;36m[Kresize[m[K(std::size_t count)
      |       [01;36m[K^~~~~~[m[K
[01m[K/usr/local/include/pcl-1.14/pcl/point_cloud.h:462:7:[m[K [01;36m[Knote: [m[K  candidate expects 1 argument, 2 provided
[01m[K/usr/local/include/pcl-1.14/pcl/point_cloud.h:482:7:[m[K [01;36m[Knote: [m[Kcandidate: ‘[01m[Kvoid pcl::PointCloud<PointT>::resize(pcl::uindex_t, pcl::uindex_t) [with PointT = pcl::PointIndices; pcl::uindex_t = unsigned int][m[K’
  482 |       [01;36m[Kresize[m[K(uindex_t new_width, uindex_t new_height)
      |       [01;36m[K^~~~~~[m[K
[01m[K/usr/local/include/pcl-1.14/pcl/point_cloud.h:482:43:[m[K [01;36m[Knote: [m[K  no known conversion for argument 2 from ‘[01m[Kpcl::Label[m[K’ to ‘[01m[Kpcl::uindex_t[m[K’ {aka ‘[01m[Kunsigned int[m[K’}
  482 |       resize(uindex_t new_width, [01;36m[Kuindex_t new_height[m[K)
      |                                  [01;36m[K~~~~~~~~~^~~~~~~~~~[m[K
[01m[K/usr/local/include/pcl-1.14/pcl/point_cloud.h:502:7:[m[K [01;36m[Knote: [m[Kcandidate: ‘[01m[Kvoid pcl::PointCloud<PointT>::resize(pcl::index_t, const PointT&) [with PointT = pcl::PointIndices; pcl::index_t = int][m[K’
  502 |       [01;36m[Kresize[m[K(index_t count, const PointT& value)
      |       [01;36m[K^~~~~~[m[K
[01m[K/usr/local/include/pcl-1.14/pcl/point_cloud.h:502:43:[m[K [01;36m[Knote: [m[K  no known conversion for argument 2 from ‘[01m[Kpcl::Label[m[K’ to ‘[01m[Kconst pcl::PointIndices&[m[K’
  502 |       resize(index_t count, [01;36m[Kconst PointT& value[m[K)
      |                             [01;36m[K~~~~~~~~~~~~~~^~~~~[m[K
[01m[K/usr/local/include/pcl-1.14/pcl/point_cloud.h:523:7:[m[K [01;36m[Knote: [m[Kcandidate: ‘[01m[Kvoid pcl::PointCloud<PointT>::resize(pcl::index_t, pcl::index_t, const PointT&) [with PointT = pcl::PointIndices; pcl::index_t = int][m[K’
  523 |       [01;36m[Kresize[m[K(index_t new_width, index_t new_height, const PointT& value)
      |       [01;36m[K^~~~~~[m[K
[01m[K/usr/local/include/pcl-1.14/pcl/point_cloud.h:523:7:[m[K [01;36m[Knote: [m[K  candidate expects 3 arguments, 2 provided
In file included from [01m[K/usr/local/include/pcl-1.14/pcl/type_traits.h:40[m[K,
                 from [01m[K/usr/local/include/pcl-1.14/pcl/memory.h:46[m[K,
                 from [01m[K/usr/local/include/pcl-1.14/pcl/PCLHeader.h:3[m[K,
                 from [01m[K/usr/local/include/pcl-1.14/pcl/point_cloud.h:47[m[K,
                 from [01m[K/home/buhrmann/ws_moveit/src/point_cloud_circle_detector/src/point_cloud_plantpot_edge_pfh_detector.cpp:2[m[K:
/usr/local/include/pcl-1.14/pcl/point_struct_traits.h: In instantiation of ‘[01m[Kstruct pcl::traits::fieldList<pcl::PointIndices>[m[K’:
[01m[K/usr/local/include/pcl-1.14/pcl/common/impl/io.hpp:101:8:[m[K   required from ‘[01m[Kstd::vector<pcl::PCLPointField> pcl::getFields() [with PointT = pcl::PointIndices][m[K’
[01m[K/usr/local/include/pcl-1.14/pcl/io/impl/pcd_io.hpp:140:40:[m[K   required from ‘[01m[Kint pcl::PCDWriter::writeBinary(const string&, const pcl::PointCloud<PointT>&) [with PointT = pcl::PointIndices; std::string = std::__cxx11::basic_string<char>][m[K’
[01m[K/usr/local/include/pcl-1.14/pcl/io/pcd_io.h:570:39:[m[K   required from ‘[01m[Kint pcl::PCDWriter::write(const string&, const pcl::PointCloud<PointT>&, bool) [with PointT = pcl::PointIndices; std::string = std::__cxx11::basic_string<char>][m[K’
[01m[K/usr/local/include/pcl-1.14/pcl/io/pcd_io.h:734:31:[m[K   required from ‘[01m[Kint pcl::io::savePCDFileASCII(const string&, const pcl::PointCloud<PointT>&) [with PointT = pcl::PointIndices; std::string = std::__cxx11::basic_string<char>][m[K’
[01m[K/home/buhrmann/ws_moveit/src/point_cloud_circle_detector/src/point_cloud_plantpot_edge_pfh_detector.cpp:44:30:[m[K   required from here
[01m[K/usr/local/include/pcl-1.14/pcl/point_struct_traits.h:195:8:[m[K [01;31m[Kerror: [m[Kinvalid use of incomplete type ‘[01m[Kstruct pcl::traits::fieldList<pcl::PointIndices>[m[K’
  195 | struct [01;31m[KfieldList[m[K /** \cond NO_WARN_RECURSIVE */ : fieldList<typename POD<PointT>::type> /** \endcond */
      |        [01;31m[K^~~~~~~~~[m[K
[01m[K/usr/local/include/pcl-1.14/pcl/point_struct_traits.h:195:8:[m[K [01;36m[Knote: [m[Kdeclaration of ‘[01m[Kstruct pcl::traits::fieldList<pcl::PointIndices>[m[K’
In file included from [01m[K/usr/local/include/pcl-1.14/pcl/point_struct_traits.h:40[m[K,
                 from [01m[K/usr/local/include/pcl-1.14/pcl/type_traits.h:40[m[K,
                 from [01m[K/usr/local/include/pcl-1.14/pcl/memory.h:46[m[K,
                 from [01m[K/usr/local/include/pcl-1.14/pcl/PCLHeader.h:3[m[K,
                 from [01m[K/usr/local/include/pcl-1.14/pcl/point_cloud.h:47[m[K,
                 from [01m[K/home/buhrmann/ws_moveit/src/point_cloud_circle_detector/src/point_cloud_plantpot_edge_pfh_detector.cpp:2[m[K:
[01m[K/usr/local/include/pcl-1.14/pcl/point_struct_traits.h:201:3:[m[K [01;31m[Kerror: [m[Kcould not convert ‘[01m[Kpcl::traits::fieldList<pcl::PointIndices>::POINT_TYPE_NOT_PROPERLY_REGISTERED201::assert_arg()[m[K’ from ‘[01m[Kmpl_::failed************ (pcl::traits::fieldList<pcl::PointIndices>::POINT_TYPE_NOT_PROPERLY_REGISTERED::************)(pcl::PointIndices&)[m[K’ to ‘[01m[Kmpl_::assert<false>::type[m[K’ {aka ‘[01m[Kmpl_::assert<false>[m[K’}
  201 |   [01;31m[KB[m[KOOST_MPL_ASSERT_MSG((!std::is_same<PointT, typename POD<PointT>::type>::value),
      |   [01;31m[K^[m[K
      |   [01;31m[K|[m[K
      |   [01;31m[Kmpl_::failed************ (pcl::traits::fieldList<pcl::PointIndices>::POINT_TYPE_NOT_PROPERLY_REGISTERED::************)(pcl::PointIndices&)[m[K
In file included from [01m[K/usr/local/include/pcl-1.14/pcl/common/io.h:571[m[K,
                 from [01m[K/usr/local/include/pcl-1.14/pcl/filters/filter.h:43[m[K,
                 from [01m[K/usr/local/include/pcl-1.14/pcl/filters/voxel_grid.h:42[m[K,
                 from [01m[K/home/buhrmann/ws_moveit/src/point_cloud_circle_detector/src/point_cloud_plantpot_edge_pfh_detector.cpp:4[m[K:
/usr/local/include/pcl-1.14/pcl/common/impl/io.hpp: In instantiation of ‘[01m[Kstd::vector<pcl::PCLPointField> pcl::getFields() [with PointT = pcl::PointIndices][m[K’:
[01m[K/usr/local/include/pcl-1.14/pcl/io/impl/pcd_io.hpp:140:40:[m[K   required from ‘[01m[Kint pcl::PCDWriter::writeBinary(const string&, const pcl::PointCloud<PointT>&) [with PointT = pcl::PointIndices; std::string = std::__cxx11::basic_string<char>][m[K’
[01m[K/usr/local/include/pcl-1.14/pcl/io/pcd_io.h:570:39:[m[K   required from ‘[01m[Kint pcl::PCDWriter::write(const string&, const pcl::PointCloud<PointT>&, bool) [with PointT = pcl::PointIndices; std::string = std::__cxx11::basic_string<char>][m[K’
[01m[K/usr/local/include/pcl-1.14/pcl/io/pcd_io.h:734:31:[m[K   required from ‘[01m[Kint pcl::io::savePCDFileASCII(const string&, const pcl::PointCloud<PointT>&) [with PointT = pcl::PointIndices; std::string = std::__cxx11::basic_string<char>][m[K’
[01m[K/home/buhrmann/ws_moveit/src/point_cloud_circle_detector/src/point_cloud_plantpot_edge_pfh_detector.cpp:44:30:[m[K   required from here
[01m[K/usr/local/include/pcl-1.14/pcl/common/impl/io.hpp:101:8:[m[K [01;31m[Kerror: [m[Kno type named ‘[01m[Ktype[m[K’ in ‘[01m[Kstruct pcl::traits::fieldList<pcl::PointIndices>[m[K’
  101 |   [01;31m[Kpcl::for_each_type<typename pcl::traits::fieldList<PointT>::type>[m[K(pcl::detail::FieldAdder<PointT>(fields));
      |   [01;31m[K~~~~~^~~~~~~~~~~~~~~~~~~~~~~~~~~~~~~~~~~~~~~~~~~~~~~~~~~~~~~~~~~~[m[K
gmake[2]: *** [CMakeFiles/point_cloud_plantpot_edge_pfh_detector.dir/build.make:76: CMakeFiles/point_cloud_plantpot_edge_pfh_detector.dir/src/point_cloud_plantpot_edge_pfh_detector.cpp.o] Error 1
gmake[1]: *** [CMakeFiles/Makefile2:277: CMakeFiles/point_cloud_plantpot_edge_pfh_detector.dir/all] Error 2
gmake: *** [Makefile:146: all] Error 2
