-- Found ament_cmake: 2.0.7 (/opt/ros/iron/share/ament_cmake/cmake)
-- Eigen found (include: /usr/include/eigen3, version: 3.4.0)
-- FLANN found (include: /usr/include, lib: /usr/lib/x86_64-linux-gnu/libflann_cpp.so)
-- OpenNI found (version: 1.5.4.0, include: /usr/include/ni, lib: /usr/lib/libOpenNI.so;libusb::libusb)
-- OpenNI2 found (version: 2.2.0.33, include: /usr/include/openni2, lib: /usr/lib/x86_64-linux-gnu/libOpenNI2.so;libusb::libusb)
[0m** WARNING ** io features related to pcap will be disabled[0m
-- Eigen found (include: /usr/include/eigen3, version: 3.4.0)
-- OpenNI found (version: 1.5.4.0, include: /usr/include/ni, lib: /usr/lib/libOpenNI.so;libusb::libusb)
-- OpenNI2 found (version: 2.2.0.33, include: /usr/include/openni2, lib: /usr/lib/x86_64-linux-gnu/libOpenNI2.so;libusb::libusb)
-- Found Qhull version 8.0.2
-- OpenNI found (version: 1.5.4.0, include: /usr/include/ni, lib: /usr/lib/libOpenNI.so;libusb::libusb)
-- looking for PCL_COMMON
-- looking for PCL_KDTREE
-- looking for PCL_OCTREE
-- looking for PCL_SEARCH
-- looking for PCL_SAMPLE_CONSENSUS
-- looking for PCL_FILTERS
-- looking for PCL_2D
-- looking for PCL_GEOMETRY
-- looking for PCL_IO
-- looking for PCL_FEATURES
-- looking for PCL_ML
-- looking for PCL_SEGMENTATION
-- looking for PCL_VISUALIZATION
-- looking for PCL_SURFACE
-- looking for PCL_REGISTRATION
-- looking for PCL_KEYPOINTS
-- looking for PCL_TRACKING
-- looking for PCL_RECOGNITION
-- looking for PCL_STEREO
-- looking for PCL_APPS
-- looking for PCL_IN_HAND_SCANNER
-- looking for PCL_MODELER
-- looking for PCL_POINT_CLOUD_EDITOR
-- looking for PCL_OUTOFCORE
-- looking for PCL_PEOPLE
-- Found sensor_msgs: 5.0.1 (/opt/ros/iron/share/sensor_msgs/cmake)
-- Found rosidl_generator_c: 4.0.1 (/opt/ros/iron/share/rosidl_generator_c/cmake)
-- Found rosidl_generator_cpp: 4.0.1 (/opt/ros/iron/share/rosidl_generator_cpp/cmake)
-- Using all available rosidl_typesupport_c: rosidl_typesupport_fastrtps_c;rosidl_typesupport_introspection_c
-- Using all available rosidl_typesupport_cpp: rosidl_typesupport_fastrtps_cpp;rosidl_typesupport_introspection_cpp
-- Found rclcpp: 21.0.8 (/opt/ros/iron/share/rclcpp/cmake)
-- Found rmw_implementation_cmake: 7.1.0 (/opt/ros/iron/share/rmw_implementation_cmake/cmake)
-- Found rmw_fastrtps_cpp: 7.1.4 (/opt/ros/iron/share/rmw_fastrtps_cpp/cmake)
-- Using RMW implementation 'rmw_fastrtps_cpp' as default
-- Found pcl_conversions: 2.5.4 (/opt/ros/iron/share/pcl_conversions/cmake)
-- Found ament_lint_auto: 0.14.4 (/opt/ros/iron/share/ament_lint_auto/cmake)
-- Added test 'cppcheck' to perform static code analysis on C / C++ code
-- Configured cppcheck include dirs: 
-- Configured cppcheck exclude dirs and/or files: 
-- Added test 'lint_cmake' to check CMake code style
-- Added test 'uncrustify' to check C / C++ code style
-- Configured uncrustify additional arguments: 
-- Added test 'xmllint' to check XML markup files
-- Configuring done
-- Generating done
-- Build files have been written to: /home/buhrmann/ws_moveit/build/point_cloud_circle_detector
[35m[1mConsolidate compiler generated dependencies of target point_cloud_circle_detector[0m
[35m[1mConsolidate compiler generated dependencies of target point_cloud_cylinder_detector[0m
[35m[1mConsolidate compiler generated dependencies of target point_cloud_plantpot_detector[0m
[ 12%] [32mBuilding CXX object CMakeFiles/point_cloud_plantpot_ppf_detector.dir/src/point_cloud_plantpot_ppf_detector.cpp.o[0m
[ 37%] Built target point_cloud_circle_detector
[ 50%] [32mBuilding CXX object CMakeFiles/point_cloud_plantpot_detector.dir/src/point_cloud_custom_plant_pot_detection.cpp.o[0m
[ 75%] Built target point_cloud_cylinder_detector
[01m[K/home/buhrmann/ws_moveit/src/point_cloud_circle_detector/src/point_cloud_plantpot_ppf_detector.cpp:[m[K In member function ‘[01m[Kvoid PointCloudCustomObjectMatcher::listener_callback(sensor_msgs::msg::PointCloud2_<std::allocator<void> >::SharedPtr)[m[K’:
[01m[K/home/buhrmann/ws_moveit/src/point_cloud_circle_detector/src/point_cloud_plantpot_ppf_detector.cpp:126:56:[m[K [01;31m[Kerror: [m[Kwrong number of template arguments (2, should be 3)
  126 |         pcl::PPFEstimation<pcl::PointXYZ, pcl::PointXYZ[01;31m[K>[m[K ppf_estimator;
      |                                                        [01;31m[K^[m[K
In file included from [01m[K/home/buhrmann/ws_moveit/src/point_cloud_circle_detector/src/point_cloud_plantpot_ppf_detector.cpp:15[m[K:
[01m[K/usr/include/pcl-1.12/pcl/features/ppf.h:75:9:[m[K [01;36m[Knote: [m[Kprovided for ‘[01m[Ktemplate<class PointInT, class PointNT, class PointOutT> class pcl::PPFEstimation[m[K’
   75 |   class [01;36m[KPPFEstimation[m[K : public FeatureFromNormals<PointInT, PointNT, PointOutT>
      |         [01;36m[K^~~~~~~~~~~~~[m[K
[01m[K/home/buhrmann/ws_moveit/src/point_cloud_circle_detector/src/point_cloud_plantpot_ppf_detector.cpp:128:23:[m[K [01;31m[Kerror: [m[Krequest for member ‘[01m[KsetInputCloud[m[K’ in ‘[01m[Kppf_estimator[m[K’, which is of non-class type ‘[01m[Kint[m[K’
  128 |         ppf_estimator.[01;31m[KsetInputCloud[m[K(cloud_filtered_xyz);
      |                       [01;31m[K^~~~~~~~~~~~~[m[K
[01m[K/home/buhrmann/ws_moveit/src/point_cloud_circle_detector/src/point_cloud_plantpot_ppf_detector.cpp:129:23:[m[K [01;31m[Kerror: [m[Krequest for member ‘[01m[KsetSearchMethod[m[K’ in ‘[01m[Kppf_estimator[m[K’, which is of non-class type ‘[01m[Kint[m[K’
  129 |         ppf_estimator.[01;31m[KsetSearchMethod[m[K(tree);
      |                       [01;31m[K^~~~~~~~~~~~~~~[m[K
[01m[K/home/buhrmann/ws_moveit/src/point_cloud_circle_detector/src/point_cloud_plantpot_ppf_detector.cpp:131:23:[m[K [01;31m[Kerror: [m[Krequest for member ‘[01m[Kcompute[m[K’ in ‘[01m[Kppf_estimator[m[K’, which is of non-class type ‘[01m[Kint[m[K’
  131 |         ppf_estimator.[01;31m[Kcompute[m[K(*cloud_filtered_ppf_features);
      |                       [01;31m[K^~~~~~~[m[K
[01m[K/home/buhrmann/ws_moveit/src/point_cloud_circle_detector/src/point_cloud_plantpot_ppf_detector.cpp:139:56:[m[K [01;31m[Kerror: [m[Kwrong number of template arguments (2, should be 3)
  139 |         pcl::PPFEstimation<pcl::PointXYZ, pcl::PointXYZ[01;31m[K>[m[K ppf_custom;
      |                                                        [01;31m[K^[m[K
In file included from [01m[K/home/buhrmann/ws_moveit/src/point_cloud_circle_detector/src/point_cloud_plantpot_ppf_detector.cpp:15[m[K:
[01m[K/usr/include/pcl-1.12/pcl/features/ppf.h:75:9:[m[K [01;36m[Knote: [m[Kprovided for ‘[01m[Ktemplate<class PointInT, class PointNT, class PointOutT> class pcl::PPFEstimation[m[K’
   75 |   class [01;36m[KPPFEstimation[m[K : public FeatureFromNormals<PointInT, PointNT, PointOutT>
      |         [01;36m[K^~~~~~~~~~~~~[m[K
[01m[K/home/buhrmann/ws_moveit/src/point_cloud_circle_detector/src/point_cloud_plantpot_ppf_detector.cpp:140:20:[m[K [01;31m[Kerror: [m[Krequest for member ‘[01m[KsetInputCloud[m[K’ in ‘[01m[Kppf_custom[m[K’, which is of non-class type ‘[01m[Kint[m[K’
  140 |         ppf_custom.[01;31m[KsetInputCloud[m[K(custom_object_);
      |                    [01;31m[K^~~~~~~~~~~~~[m[K
[01m[K/home/buhrmann/ws_moveit/src/point_cloud_circle_detector/src/point_cloud_plantpot_ppf_detector.cpp:141:20:[m[K [01;31m[Kerror: [m[Krequest for member ‘[01m[KsetSearchMethod[m[K’ in ‘[01m[Kppf_custom[m[K’, which is of non-class type ‘[01m[Kint[m[K’
  141 |         ppf_custom.[01;31m[KsetSearchMethod[m[K(tree);
      |                    [01;31m[K^~~~~~~~~~~~~~~[m[K
[01m[K/home/buhrmann/ws_moveit/src/point_cloud_circle_detector/src/point_cloud_plantpot_ppf_detector.cpp:143:20:[m[K [01;31m[Kerror: [m[Krequest for member ‘[01m[Kcompute[m[K’ in ‘[01m[Kppf_custom[m[K’, which is of non-class type ‘[01m[Kint[m[K’
  143 |         ppf_custom.[01;31m[Kcompute[m[K(*custom_object_ppf_features);
      |                    [01;31m[K^~~~~~~[m[K
[01m[K/home/buhrmann/ws_moveit/src/point_cloud_circle_detector/src/point_cloud_plantpot_ppf_detector.cpp:150:14:[m[K [01;31m[Kerror: [m[K‘[01m[KSampleConsensusInitialAlignment[m[K’ is not a member of ‘[01m[Kpcl[m[K’
  150 |         pcl::[01;31m[KSampleConsensusInitialAlignment[m[K<pcl::PointXYZ, pcl::PointXYZ, pcl::PPFSignature> sac_ia;
      |              [01;31m[K^~~~~~~~~~~~~~~~~~~~~~~~~~~~~~~[m[K
[01m[K/home/buhrmann/ws_moveit/src/point_cloud_circle_detector/src/point_cloud_plantpot_ppf_detector.cpp:150:59:[m[K [01;31m[Kerror: [m[Kexpected primary-expression before ‘[01m[K,[m[K’ token
  150 |         pcl::SampleConsensusInitialAlignment<pcl::PointXYZ[01;31m[K,[m[K pcl::PointXYZ, pcl::PPFSignature> sac_ia;
      |                                                           [01;31m[K^[m[K
[01m[K/home/buhrmann/ws_moveit/src/point_cloud_circle_detector/src/point_cloud_plantpot_ppf_detector.cpp:150:74:[m[K [01;31m[Kerror: [m[Kexpected primary-expression before ‘[01m[K,[m[K’ token
  150 |         pcl::SampleConsensusInitialAlignment<pcl::PointXYZ, pcl::PointXYZ[01;31m[K,[m[K pcl::PPFSignature> sac_ia;
      |                                                                          [01;31m[K^[m[K
[01m[K/home/buhrmann/ws_moveit/src/point_cloud_circle_detector/src/point_cloud_plantpot_ppf_detector.cpp:150:93:[m[K [01;31m[Kerror: [m[Kexpected primary-expression before ‘[01m[K>[m[K’ token
  150 |         pcl::SampleConsensusInitialAlignment<pcl::PointXYZ, pcl::PointXYZ, pcl::PPFSignature[01;31m[K>[m[K sac_ia;
      |                                                                                             [01;31m[K^[m[K
[01m[K/home/buhrmann/ws_moveit/src/point_cloud_circle_detector/src/point_cloud_plantpot_ppf_detector.cpp:150:95:[m[K [01;31m[Kerror: [m[K‘[01m[Ksac_ia[m[K’ was not declared in this scope
  150 |         pcl::SampleConsensusInitialAlignment<pcl::PointXYZ, pcl::PointXYZ, pcl::PPFSignature> [01;31m[Ksac_ia[m[K;
      |                                                                                               [01;31m[K^~~~~~[m[K
gmake[2]: *** [CMakeFiles/point_cloud_plantpot_ppf_detector.dir/build.make:76: CMakeFiles/point_cloud_plantpot_ppf_detector.dir/src/point_cloud_plantpot_ppf_detector.cpp.o] Error 1
gmake[1]: *** [CMakeFiles/Makefile2:221: CMakeFiles/point_cloud_plantpot_ppf_detector.dir/all] Error 2
gmake[1]: *** Waiting for unfinished jobs....
[ 87%] [32m[1mLinking CXX executable point_cloud_plantpot_detector[0m
[ 87%] Built target point_cloud_plantpot_detector
gmake: *** [Makefile:146: all] Error 2
