[0.009s] Invoking command in '/home/buhrmann/ws_moveit/build/point_cloud_circle_detector': CMAKE_PREFIX_PATH=${CMAKE_PREFIX_PATH}:/home/buhrmann/ws_moveit/install/moveit_configs_utils:/opt/ros/iron /usr/bin/cmake --build /home/buhrmann/ws_moveit/build/point_cloud_circle_detector -- -j28 -l28
[0.031s] -- Found ament_cmake: 2.0.7 (/opt/ros/iron/share/ament_cmake/cmake)
[0.112s] -- Eigen found (include: /usr/include/eigen3, version: 3.4.0)
[0.144s] -- FLANN found (include: /usr/include, lib: /usr/lib/x86_64-linux-gnu/libflann_cpp.so)
[0.364s] -- OpenNI found (version: 1.5.4.0, include: /usr/include/ni, lib: /usr/lib/libOpenNI.so;libusb::libusb)
[0.368s] -- OpenNI2 found (version: 2.2.0.33, include: /usr/include/openni2, lib: /usr/lib/x86_64-linux-gnu/libOpenNI2.so;libusb::libusb)
[0.368s] [0m** WARNING ** io features related to pcap will be disabled[0m
[0.475s] -- Eigen found (include: /usr/include/eigen3, version: 3.4.0)
[0.480s] -- OpenNI found (version: 1.5.4.0, include: /usr/include/ni, lib: /usr/lib/libOpenNI.so;libusb::libusb)
[0.486s] -- OpenNI2 found (version: 2.2.0.33, include: /usr/include/openni2, lib: /usr/lib/x86_64-linux-gnu/libOpenNI2.so;libusb::libusb)
[0.597s] -- Found Qhull version 8.0.2
[0.692s] -- OpenNI found (version: 1.5.4.0, include: /usr/include/ni, lib: /usr/lib/libOpenNI.so;libusb::libusb)
[0.798s] -- looking for PCL_COMMON
[0.798s] -- looking for PCL_KDTREE
[0.798s] -- looking for PCL_OCTREE
[0.798s] -- looking for PCL_SEARCH
[0.799s] -- looking for PCL_SAMPLE_CONSENSUS
[0.799s] -- looking for PCL_FILTERS
[0.799s] -- looking for PCL_2D
[0.799s] -- looking for PCL_GEOMETRY
[0.799s] -- looking for PCL_IO
[0.799s] -- looking for PCL_FEATURES
[0.800s] -- looking for PCL_ML
[0.800s] -- looking for PCL_SEGMENTATION
[0.800s] -- looking for PCL_VISUALIZATION
[0.800s] -- looking for PCL_SURFACE
[0.800s] -- looking for PCL_REGISTRATION
[0.800s] -- looking for PCL_KEYPOINTS
[0.801s] -- looking for PCL_TRACKING
[0.801s] -- looking for PCL_RECOGNITION
[0.801s] -- looking for PCL_STEREO
[0.801s] -- looking for PCL_APPS
[0.802s] -- looking for PCL_IN_HAND_SCANNER
[0.802s] -- looking for PCL_MODELER
[0.802s] -- looking for PCL_POINT_CLOUD_EDITOR
[0.802s] -- looking for PCL_OUTOFCORE
[0.802s] -- looking for PCL_PEOPLE
[0.803s] -- Found sensor_msgs: 5.0.1 (/opt/ros/iron/share/sensor_msgs/cmake)
[0.812s] -- Found rosidl_generator_c: 4.0.1 (/opt/ros/iron/share/rosidl_generator_c/cmake)
[0.816s] -- Found rosidl_generator_cpp: 4.0.1 (/opt/ros/iron/share/rosidl_generator_cpp/cmake)
[0.823s] -- Using all available rosidl_typesupport_c: rosidl_typesupport_fastrtps_c;rosidl_typesupport_introspection_c
[0.832s] -- Using all available rosidl_typesupport_cpp: rosidl_typesupport_fastrtps_cpp;rosidl_typesupport_introspection_cpp
[0.929s] -- Found rclcpp: 21.0.8 (/opt/ros/iron/share/rclcpp/cmake)
[0.975s] -- Found rmw_implementation_cmake: 7.1.0 (/opt/ros/iron/share/rmw_implementation_cmake/cmake)
[0.977s] -- Found rmw_fastrtps_cpp: 7.1.4 (/opt/ros/iron/share/rmw_fastrtps_cpp/cmake)
[1.054s] -- Using RMW implementation 'rmw_fastrtps_cpp' as default
[1.135s] -- Found pcl_conversions: 2.5.4 (/opt/ros/iron/share/pcl_conversions/cmake)
[1.568s] -- Found ament_lint_auto: 0.14.4 (/opt/ros/iron/share/ament_lint_auto/cmake)
[1.602s] -- Added test 'cppcheck' to perform static code analysis on C / C++ code
[1.602s] -- Configured cppcheck include dirs: 
[1.602s] -- Configured cppcheck exclude dirs and/or files: 
[1.602s] -- Added test 'lint_cmake' to check CMake code style
[1.602s] -- Added test 'uncrustify' to check C / C++ code style
[1.602s] -- Configured uncrustify additional arguments: 
[1.603s] -- Added test 'xmllint' to check XML markup files
[1.603s] -- Configuring done
[1.664s] -- Generating done
[1.666s] -- Build files have been written to: /home/buhrmann/ws_moveit/build/point_cloud_circle_detector
[1.699s] [35m[1mConsolidate compiler generated dependencies of target point_cloud_circle_detector[0m
[1.700s] [35m[1mConsolidate compiler generated dependencies of target point_cloud_cylinder_detector[0m
[1.702s] [35m[1mConsolidate compiler generated dependencies of target point_cloud_plantpot_detector[0m
[1.710s] [ 12%] [32mBuilding CXX object CMakeFiles/point_cloud_plantpot_ppf_detector.dir/src/point_cloud_plantpot_ppf_detector.cpp.o[0m
[1.751s] [ 37%] Built target point_cloud_circle_detector
[1.754s] [ 50%] [32mBuilding CXX object CMakeFiles/point_cloud_plantpot_detector.dir/src/point_cloud_custom_plant_pot_detection.cpp.o[0m
[1.754s] [ 75%] Built target point_cloud_cylinder_detector
[5.722s] [01m[K/home/buhrmann/ws_moveit/src/point_cloud_circle_detector/src/point_cloud_plantpot_ppf_detector.cpp:[m[K In member function ‘[01m[Kvoid PointCloudCustomObjectMatcher::listener_callback(sensor_msgs::msg::PointCloud2_<std::allocator<void> >::SharedPtr)[m[K’:
[5.722s] [01m[K/home/buhrmann/ws_moveit/src/point_cloud_circle_detector/src/point_cloud_plantpot_ppf_detector.cpp:126:56:[m[K [01;31m[Kerror: [m[Kwrong number of template arguments (2, should be 3)
[5.722s]   126 |         pcl::PPFEstimation<pcl::PointXYZ, pcl::PointXYZ[01;31m[K>[m[K ppf_estimator;
[5.722s]       |                                                        [01;31m[K^[m[K
[5.730s] In file included from [01m[K/home/buhrmann/ws_moveit/src/point_cloud_circle_detector/src/point_cloud_plantpot_ppf_detector.cpp:15[m[K:
[5.730s] [01m[K/usr/include/pcl-1.12/pcl/features/ppf.h:75:9:[m[K [01;36m[Knote: [m[Kprovided for ‘[01m[Ktemplate<class PointInT, class PointNT, class PointOutT> class pcl::PPFEstimation[m[K’
[5.730s]    75 |   class [01;36m[KPPFEstimation[m[K : public FeatureFromNormals<PointInT, PointNT, PointOutT>
[5.730s]       |         [01;36m[K^~~~~~~~~~~~~[m[K
[5.730s] [01m[K/home/buhrmann/ws_moveit/src/point_cloud_circle_detector/src/point_cloud_plantpot_ppf_detector.cpp:128:23:[m[K [01;31m[Kerror: [m[Krequest for member ‘[01m[KsetInputCloud[m[K’ in ‘[01m[Kppf_estimator[m[K’, which is of non-class type ‘[01m[Kint[m[K’
[5.730s]   128 |         ppf_estimator.[01;31m[KsetInputCloud[m[K(cloud_filtered_xyz);
[5.730s]       |                       [01;31m[K^~~~~~~~~~~~~[m[K
[5.730s] [01m[K/home/buhrmann/ws_moveit/src/point_cloud_circle_detector/src/point_cloud_plantpot_ppf_detector.cpp:129:23:[m[K [01;31m[Kerror: [m[Krequest for member ‘[01m[KsetSearchMethod[m[K’ in ‘[01m[Kppf_estimator[m[K’, which is of non-class type ‘[01m[Kint[m[K’
[5.730s]   129 |         ppf_estimator.[01;31m[KsetSearchMethod[m[K(tree);
[5.730s]       |                       [01;31m[K^~~~~~~~~~~~~~~[m[K
[5.735s] [01m[K/home/buhrmann/ws_moveit/src/point_cloud_circle_detector/src/point_cloud_plantpot_ppf_detector.cpp:131:23:[m[K [01;31m[Kerror: [m[Krequest for member ‘[01m[Kcompute[m[K’ in ‘[01m[Kppf_estimator[m[K’, which is of non-class type ‘[01m[Kint[m[K’
[5.735s]   131 |         ppf_estimator.[01;31m[Kcompute[m[K(*cloud_filtered_ppf_features);
[5.735s]       |                       [01;31m[K^~~~~~~[m[K
[5.735s] [01m[K/home/buhrmann/ws_moveit/src/point_cloud_circle_detector/src/point_cloud_plantpot_ppf_detector.cpp:139:56:[m[K [01;31m[Kerror: [m[Kwrong number of template arguments (2, should be 3)
[5.735s]   139 |         pcl::PPFEstimation<pcl::PointXYZ, pcl::PointXYZ[01;31m[K>[m[K ppf_custom;
[5.735s]       |                                                        [01;31m[K^[m[K
[5.735s] In file included from [01m[K/home/buhrmann/ws_moveit/src/point_cloud_circle_detector/src/point_cloud_plantpot_ppf_detector.cpp:15[m[K:
[5.735s] [01m[K/usr/include/pcl-1.12/pcl/features/ppf.h:75:9:[m[K [01;36m[Knote: [m[Kprovided for ‘[01m[Ktemplate<class PointInT, class PointNT, class PointOutT> class pcl::PPFEstimation[m[K’
[5.735s]    75 |   class [01;36m[KPPFEstimation[m[K : public FeatureFromNormals<PointInT, PointNT, PointOutT>
[5.735s]       |         [01;36m[K^~~~~~~~~~~~~[m[K
[5.735s] [01m[K/home/buhrmann/ws_moveit/src/point_cloud_circle_detector/src/point_cloud_plantpot_ppf_detector.cpp:140:20:[m[K [01;31m[Kerror: [m[Krequest for member ‘[01m[KsetInputCloud[m[K’ in ‘[01m[Kppf_custom[m[K’, which is of non-class type ‘[01m[Kint[m[K’
[5.735s]   140 |         ppf_custom.[01;31m[KsetInputCloud[m[K(custom_object_);
[5.735s]       |                    [01;31m[K^~~~~~~~~~~~~[m[K
[5.736s] [01m[K/home/buhrmann/ws_moveit/src/point_cloud_circle_detector/src/point_cloud_plantpot_ppf_detector.cpp:141:20:[m[K [01;31m[Kerror: [m[Krequest for member ‘[01m[KsetSearchMethod[m[K’ in ‘[01m[Kppf_custom[m[K’, which is of non-class type ‘[01m[Kint[m[K’
[5.736s]   141 |         ppf_custom.[01;31m[KsetSearchMethod[m[K(tree);
[5.736s]       |                    [01;31m[K^~~~~~~~~~~~~~~[m[K
[5.736s] [01m[K/home/buhrmann/ws_moveit/src/point_cloud_circle_detector/src/point_cloud_plantpot_ppf_detector.cpp:143:20:[m[K [01;31m[Kerror: [m[Krequest for member ‘[01m[Kcompute[m[K’ in ‘[01m[Kppf_custom[m[K’, which is of non-class type ‘[01m[Kint[m[K’
[5.736s]   143 |         ppf_custom.[01;31m[Kcompute[m[K(*custom_object_ppf_features);
[5.736s]       |                    [01;31m[K^~~~~~~[m[K
[5.737s] [01m[K/home/buhrmann/ws_moveit/src/point_cloud_circle_detector/src/point_cloud_plantpot_ppf_detector.cpp:150:14:[m[K [01;31m[Kerror: [m[K‘[01m[KSampleConsensusInitialAlignment[m[K’ is not a member of ‘[01m[Kpcl[m[K’
[5.737s]   150 |         pcl::[01;31m[KSampleConsensusInitialAlignment[m[K<pcl::PointXYZ, pcl::PointXYZ, pcl::PPFSignature> sac_ia;
[5.737s]       |              [01;31m[K^~~~~~~~~~~~~~~~~~~~~~~~~~~~~~~[m[K
[5.737s] [01m[K/home/buhrmann/ws_moveit/src/point_cloud_circle_detector/src/point_cloud_plantpot_ppf_detector.cpp:150:59:[m[K [01;31m[Kerror: [m[Kexpected primary-expression before ‘[01m[K,[m[K’ token
[5.737s]   150 |         pcl::SampleConsensusInitialAlignment<pcl::PointXYZ[01;31m[K,[m[K pcl::PointXYZ, pcl::PPFSignature> sac_ia;
[5.737s]       |                                                           [01;31m[K^[m[K
[5.737s] [01m[K/home/buhrmann/ws_moveit/src/point_cloud_circle_detector/src/point_cloud_plantpot_ppf_detector.cpp:150:74:[m[K [01;31m[Kerror: [m[Kexpected primary-expression before ‘[01m[K,[m[K’ token
[5.737s]   150 |         pcl::SampleConsensusInitialAlignment<pcl::PointXYZ, pcl::PointXYZ[01;31m[K,[m[K pcl::PPFSignature> sac_ia;
[5.737s]       |                                                                          [01;31m[K^[m[K
[5.737s] [01m[K/home/buhrmann/ws_moveit/src/point_cloud_circle_detector/src/point_cloud_plantpot_ppf_detector.cpp:150:93:[m[K [01;31m[Kerror: [m[Kexpected primary-expression before ‘[01m[K>[m[K’ token
[5.737s]   150 |         pcl::SampleConsensusInitialAlignment<pcl::PointXYZ, pcl::PointXYZ, pcl::PPFSignature[01;31m[K>[m[K sac_ia;
[5.737s]       |                                                                                             [01;31m[K^[m[K
[5.743s] [01m[K/home/buhrmann/ws_moveit/src/point_cloud_circle_detector/src/point_cloud_plantpot_ppf_detector.cpp:150:95:[m[K [01;31m[Kerror: [m[K‘[01m[Ksac_ia[m[K’ was not declared in this scope
[5.743s]   150 |         pcl::SampleConsensusInitialAlignment<pcl::PointXYZ, pcl::PointXYZ, pcl::PPFSignature> [01;31m[Ksac_ia[m[K;
[5.743s]       |                                                                                               [01;31m[K^~~~~~[m[K
[7.405s] gmake[2]: *** [CMakeFiles/point_cloud_plantpot_ppf_detector.dir/build.make:76: CMakeFiles/point_cloud_plantpot_ppf_detector.dir/src/point_cloud_plantpot_ppf_detector.cpp.o] Error 1
[7.405s] gmake[1]: *** [CMakeFiles/Makefile2:221: CMakeFiles/point_cloud_plantpot_ppf_detector.dir/all] Error 2
[7.405s] gmake[1]: *** Waiting for unfinished jobs....
[11.696s] [ 87%] [32m[1mLinking CXX executable point_cloud_plantpot_detector[0m
[12.894s] [ 87%] Built target point_cloud_plantpot_detector
[12.895s] gmake: *** [Makefile:146: all] Error 2
[12.896s] Invoked command in '/home/buhrmann/ws_moveit/build/point_cloud_circle_detector' returned '2': CMAKE_PREFIX_PATH=${CMAKE_PREFIX_PATH}:/home/buhrmann/ws_moveit/install/moveit_configs_utils:/opt/ros/iron /usr/bin/cmake --build /home/buhrmann/ws_moveit/build/point_cloud_circle_detector -- -j28 -l28
