[0.009s] Invoking command in '/home/buhrmann/ws_moveit/build/point_cloud_circle_detector': CMAKE_PREFIX_PATH=${CMAKE_PREFIX_PATH}:/home/buhrmann/ws_moveit/install/moveit_configs_utils:/opt/ros/iron /usr/bin/cmake --build /home/buhrmann/ws_moveit/build/point_cloud_circle_detector -- -j28 -l28
[0.058s] [35m[1mConsolidate compiler generated dependencies of target point_cloud_plantpot_edge_pfh_detector[0m
[0.070s] [ 16%] Built target point_cloud_cylinder_detector
[0.072s] [ 33%] Built target point_cloud_plantpot_detector
[0.074s] [ 50%] Built target point_cloud_circle_detector
[0.075s] [ 66%] Built target point_cloud_plantpot_pfh_detector
[0.075s] [ 83%] Built target point_cloud_plantpot_ppf_detector
[0.075s] [ 91%] [32mBuilding CXX object CMakeFiles/point_cloud_plantpot_edge_pfh_detector.dir/src/point_cloud_plantpot_edge_pfh_detector.cpp.o[0m
[1.806s] [01m[K/home/buhrmann/ws_moveit/src/point_cloud_circle_detector/src/point_cloud_plantpot_edge_pfh_detector.cpp:[m[K In function ‘[01m[Kint main()[m[K’:
[1.806s] [01m[K/home/buhrmann/ws_moveit/src/point_cloud_circle_detector/src/point_cloud_plantpot_edge_pfh_detector.cpp:30:26:[m[K [01;31m[Kerror: [m[Kno matching function for call to ‘[01m[Kpcl::OrganizedEdgeBase<pcl::PointXYZ, pcl::PointXYZ>::compute(std::__shared_ptr_access<pcl::PointCloud<pcl::PointXYZ>, __gnu_cxx::_S_atomic, false, false>::element_type&)[m[K’
[1.806s]    30 |     [01;31m[Kedge_detector.compute(*edges)[m[K;
[1.806s]       |     [01;31m[K~~~~~~~~~~~~~~~~~~~~~^~~~~~~~[m[K
[1.806s] In file included from [01m[K/usr/include/pcl-1.12/pcl/features/organized_edge_detection.h:429[m[K,
[1.806s]                  from [01m[K/home/buhrmann/ws_moveit/src/point_cloud_circle_detector/src/point_cloud_plantpot_edge_pfh_detector.cpp:5[m[K:
[1.806s] [01m[K/usr/include/pcl-1.12/pcl/features/impl/organized_edge_detection.hpp:52:1:[m[K [01;36m[Knote: [m[Kcandidate: ‘[01m[Kvoid pcl::OrganizedEdgeBase<PointT, PointLT>::compute(pcl::PointCloud<PointOutT>&, std::vector<pcl::PointIndices>&) const [with PointT = pcl::PointXYZ; PointLT = pcl::PointXYZ][m[K’
[1.806s]    52 | [01;36m[Kpcl[m[K::OrganizedEdgeBase<PointT, PointLT>::compute (pcl::PointCloud<PointLT>& labels, std::vector<pcl::PointIndices>& label_indices) const
[1.807s]       | [01;36m[K^~~[m[K
[1.807s] [01m[K/usr/include/pcl-1.12/pcl/features/impl/organized_edge_detection.hpp:52:1:[m[K [01;36m[Knote: [m[K  candidate expects 2 arguments, 1 provided
[1.810s] [01m[K/home/buhrmann/ws_moveit/src/point_cloud_circle_detector/src/point_cloud_plantpot_edge_pfh_detector.cpp:33:80:[m[K [01;31m[Kerror: [m[K‘[01m[Kedge_cloud[m[K’ was not declared in this scope
[1.810s]    33 |     pcl::io::savePCDFile("/home/buhrmann/Desktop/Pointcloud_Tests/edges.pcd", *[01;31m[Kedge_cloud[m[K);
[1.810s]       |                                                                                [01;31m[K^~~~~~~~~~[m[K
[2.108s] gmake[2]: *** [CMakeFiles/point_cloud_plantpot_edge_pfh_detector.dir/build.make:76: CMakeFiles/point_cloud_plantpot_edge_pfh_detector.dir/src/point_cloud_plantpot_edge_pfh_detector.cpp.o] Error 1
[2.108s] gmake[1]: *** [CMakeFiles/Makefile2:277: CMakeFiles/point_cloud_plantpot_edge_pfh_detector.dir/all] Error 2
[2.108s] gmake: *** [Makefile:146: all] Error 2
[2.110s] Invoked command in '/home/buhrmann/ws_moveit/build/point_cloud_circle_detector' returned '2': CMAKE_PREFIX_PATH=${CMAKE_PREFIX_PATH}:/home/buhrmann/ws_moveit/install/moveit_configs_utils:/opt/ros/iron /usr/bin/cmake --build /home/buhrmann/ws_moveit/build/point_cloud_circle_detector -- -j28 -l28
