[0.151s] Invoking command in '/home/buhrmann/ws_moveit/build/object_detection_pcl': CMAKE_PREFIX_PATH=${CMAKE_PREFIX_PATH}:/home/buhrmann/ws_moveit/install/moveit_configs_utils:/opt/ros/iron /usr/bin/cmake --build /home/buhrmann/ws_moveit/build/object_detection_pcl -- -j28 -l28
[0.176s] -- Found ament_cmake: 2.0.6 (/opt/ros/iron/share/ament_cmake/cmake)
[0.261s] -- Found rclpy: 4.1.6 (/opt/ros/iron/share/rclpy/cmake)
[0.261s] -- Found sensor_msgs: 5.0.1 (/opt/ros/iron/share/sensor_msgs/cmake)
[0.271s] -- Found rosidl_generator_c: 4.0.1 (/opt/ros/iron/share/rosidl_generator_c/cmake)
[0.275s] -- Found rosidl_generator_cpp: 4.0.1 (/opt/ros/iron/share/rosidl_generator_cpp/cmake)
[0.283s] -- Using all available rosidl_typesupport_c: rosidl_typesupport_fastrtps_c;rosidl_typesupport_introspection_c
[0.292s] -- Using all available rosidl_typesupport_cpp: rosidl_typesupport_fastrtps_cpp;rosidl_typesupport_introspection_cpp
[0.394s] -- Found visualization_msgs: 5.0.1 (/opt/ros/iron/share/visualization_msgs/cmake)
[0.474s] -- Found cv_bridge: 3.5.0 (/opt/ros/iron/share/cv_bridge/cmake)
[0.525s] -- Found rmw_implementation_cmake: 7.1.0 (/opt/ros/iron/share/rmw_implementation_cmake/cmake)
[0.528s] -- Found rmw_fastrtps_cpp: 7.1.4 (/opt/ros/iron/share/rmw_fastrtps_cpp/cmake)
[0.609s] -- Using RMW implementation 'rmw_fastrtps_cpp' as default
[0.695s] -- Found pcl_conversions: 2.5.4 (/opt/ros/iron/share/pcl_conversions/cmake)
[0.786s] -- Eigen found (include: /usr/include/eigen3, version: 3.4.0)
[0.817s] -- FLANN found (include: /usr/include, lib: /usr/lib/x86_64-linux-gnu/libflann_cpp.so)
[1.029s] -- OpenNI found (version: 1.5.4.0, include: /usr/include/ni, lib: /usr/lib/libOpenNI.so;libusb::libusb)
[1.033s] -- OpenNI2 found (version: 2.2.0.33, include: /usr/include/openni2, lib: /usr/lib/x86_64-linux-gnu/libOpenNI2.so;libusb::libusb)
[1.148s] -- Eigen found (include: /usr/include/eigen3, version: 3.4.0)
[1.153s] -- OpenNI found (version: 1.5.4.0, include: /usr/include/ni, lib: /usr/lib/libOpenNI.so;libusb::libusb)
[1.157s] -- OpenNI2 found (version: 2.2.0.33, include: /usr/include/openni2, lib: /usr/lib/x86_64-linux-gnu/libOpenNI2.so;libusb::libusb)
[1.282s] -- Found Qhull version 8.0.2
[1.373s] -- OpenNI found (version: 1.5.4.0, include: /usr/include/ni, lib: /usr/lib/libOpenNI.so;libusb::libusb)
[1.488s] [31mCMake Error at CMakeLists.txt:27 (find_package):
[1.488s]   By not providing "Findament_lint_auto.cmake" in CMAKE_MODULE_PATH this
[1.488s]   project has asked CMake to find a package configuration file provided by
[1.488s]   "ament_lint_auto", but CMake did not find one.
[1.488s] 
[1.488s]   Could not find a package configuration file provided by "ament_lint_auto"
[1.488s]   with any of the following names:
[1.488s] 
[1.488s]     ament_lint_autoConfig.cmake
[1.488s]     ament_lint_auto-config.cmake
[1.488s] 
[1.488s]   Add the installation prefix of "ament_lint_auto" to CMAKE_PREFIX_PATH or
[1.488s]   set "ament_lint_auto_DIR" to a directory containing one of the above files.
[1.488s]   If "ament_lint_auto" provides a separate development package or SDK, be
[1.488s]   sure it has been installed.
[1.488s] 
[1.488s] [0m
[1.488s] -- Configuring incomplete, errors occurred!
[1.488s] See also "/home/buhrmann/ws_moveit/build/object_detection_pcl/CMakeFiles/CMakeOutput.log".
[1.495s] gmake: *** [Makefile:226: cmake_check_build_system] Error 1
