[0.185s] Invoking command in '/home/buhrmann/ws_moveit/build/point_cloud_circle_detector': CMAKE_PREFIX_PATH=${CMAKE_PREFIX_PATH}:/home/buhrmann/ws_moveit/install/ros2_azure_bridge:/home/buhrmann/ws_moveit/install/moveit_configs_utils:/opt/ros/iron /usr/bin/cmake --build /home/buhrmann/ws_moveit/build/point_cloud_circle_detector -- -j28 -l28
[0.246s] [ 20%] Built target point_cloud_plantpot_edge_pfh_detector
[0.246s] [ 20%] Built target point_cloud_circle_detector
[0.246s] [ 30%] Built target point_cloud_plantpot_ppf_detector
[0.246s] [ 40%] Built target rgb_edge_filter
[0.248s] [ 45%] [32mBuilding CXX object CMakeFiles/cup_pointcloud_segmentation_color.dir/src/cup_pointcloud_segmentation_and_coloring.cpp.o[0m
[0.248s] [ 55%] Built target point_cloud_cylinder_detector
[0.249s] [ 65%] Built target cup_segmentation_color
[0.250s] [ 75%] Built target point_cloud_plantpot_rgb_edge_pfh_detector
[0.250s] [ 85%] Built target point_cloud_plantpot_pfh_detector
[0.253s] [ 95%] Built target point_cloud_plantpot_detector
[4.839s] [01m[K/home/buhrmann/ws_moveit/src/point_cloud_circle_detector/src/cup_pointcloud_segmentation_and_coloring.cpp:[m[K In member function ‘[01m[Kvoid PointCloudGenerator::pointCloudCallback(std_msgs::msg::Float32MultiArray_<std::allocator<void> >::SharedPtr)[m[K’:
[4.839s] [01m[K/home/buhrmann/ws_moveit/src/point_cloud_circle_detector/src/cup_pointcloud_segmentation_and_coloring.cpp:121:38:[m[K [01;31m[Kerror: [m[K‘[01m[Krotated_depth_image[m[K’ was not declared in this scope
[4.840s]   121 |                     uint16_t depth = [01;31m[Krotated_depth_image[m[K.at<uint16_t>(data[i+2], data[i+1]);
[4.840s]       |                                      [01;31m[K^~~~~~~~~~~~~~~~~~~[m[K
[4.840s] [01m[K/home/buhrmann/ws_moveit/src/point_cloud_circle_detector/src/cup_pointcloud_segmentation_and_coloring.cpp:121:69:[m[K [01;31m[Kerror: [m[Kexpected primary-expression before ‘[01m[K>[m[K’ token
[4.840s]   121 |                     uint16_t depth = rotated_depth_image.at<uint16_t[01;31m[K>[m[K(data[i+2], data[i+1]);
[4.840s]       |                                                                     [01;31m[K^[m[K
[4.840s] [01m[K/home/buhrmann/ws_moveit/src/point_cloud_circle_detector/src/cup_pointcloud_segmentation_and_coloring.cpp:121:30:[m[K [01;35m[Kwarning: [m[Kunused variable ‘[01m[Kdepth[m[K’ [[01;35m[K]8;;https://gcc.gnu.org/onlinedocs/gcc/Warning-Options.html#index-Wunused-variable-Wunused-variable]8;;[m[K]
[4.840s]   121 |                     uint16_t [01;35m[Kdepth[m[K = rotated_depth_image.at<uint16_t>(data[i+2], data[i+1]);
[4.840s]       |                              [01;35m[K^~~~~[m[K
[4.840s] [01m[K/home/buhrmann/ws_moveit/src/point_cloud_circle_detector/src/cup_pointcloud_segmentation_and_coloring.cpp:123:30:[m[K [01;35m[Kwarning: [m[Kunused variable ‘[01m[Kdepth[m[K’ [[01;35m[K]8;;https://gcc.gnu.org/onlinedocs/gcc/Warning-Options.html#index-Wunused-variable-Wunused-variable]8;;[m[K]
[4.840s]   123 |                     uint16_t [01;35m[Kdepth[m[K = depth_cv_ptr->image.at<uint16_t>(data[i+2], data[i+1]);
[4.840s]       |                              [01;35m[K^~~~~[m[K
[4.849s] [01m[K/home/buhrmann/ws_moveit/src/point_cloud_circle_detector/src/cup_pointcloud_segmentation_and_coloring.cpp:127:21:[m[K [01;31m[Kerror: [m[K‘[01m[Kdepth[m[K’ was not declared in this scope
[4.849s]   127 |                 if ([01;31m[Kdepth[m[K == 0) continue;
[4.849s]       |                     [01;31m[K^~~~~[m[K
[4.858s] [01m[K/home/buhrmann/ws_moveit/src/point_cloud_circle_detector/src/cup_pointcloud_segmentation_and_coloring.cpp:130:27:[m[K [01;31m[Kerror: [m[K‘[01m[Kdepth[m[K’ was not declared in this scope
[4.858s]   130 |                 float z = [01;31m[Kdepth[m[K * 0.001; // Umrechnung in Meter
[4.858s]       |                           [01;31m[K^~~~~[m[K
[7.662s] gmake[2]: *** [CMakeFiles/cup_pointcloud_segmentation_color.dir/build.make:76: CMakeFiles/cup_pointcloud_segmentation_color.dir/src/cup_pointcloud_segmentation_and_coloring.cpp.o] Error 1
[7.662s] gmake[1]: *** [CMakeFiles/Makefile2:389: CMakeFiles/cup_pointcloud_segmentation_color.dir/all] Error 2
[7.662s] gmake: *** [Makefile:146: all] Error 2
[7.665s] Invoked command in '/home/buhrmann/ws_moveit/build/point_cloud_circle_detector' returned '2': CMAKE_PREFIX_PATH=${CMAKE_PREFIX_PATH}:/home/buhrmann/ws_moveit/install/ros2_azure_bridge:/home/buhrmann/ws_moveit/install/moveit_configs_utils:/opt/ros/iron /usr/bin/cmake --build /home/buhrmann/ws_moveit/build/point_cloud_circle_detector -- -j28 -l28
