-- Found moveit_common: 2.11.0 (/home/buhrmann/ws_moveit/install/moveit_common/share/moveit_common/cmake)
-- Found ament_cmake: 2.0.7 (/opt/ros/iron/share/ament_cmake/cmake)
[0mmoveit_core: You did not request a specific build type: Choosing 'Release' for maximum performance[0m
-- Found angles: 1.16.0 (/opt/ros/iron/share/angles/cmake)
[31mCMake Error at CMakeLists.txt:11 (find_package):
  By not providing "Findcommon_interfaces.cmake" in CMAKE_MODULE_PATH this
  project has asked CMake to find a package configuration file provided by
  "common_interfaces", but CMake did not find one.

  Could not find a package configuration file provided by "common_interfaces"
  with any of the following names:

    common_interfacesConfig.cmake
    common_interfaces-config.cmake

  Add the installation prefix of "common_interfaces" to CMAKE_PREFIX_PATH or
  set "common_interfaces_DIR" to a directory containing one of the above
  files.  If "common_interfaces" provides a separate development package or
  SDK, be sure it has been installed.

[0m
-- Configuring incomplete, errors occurred!
See also "/home/buhrmann/ws_moveit/build/moveit_core/CMakeFiles/CMakeOutput.log".
gmake: *** [Makefile:1164: cmake_check_build_system] Error 1
