[  1%] Built target moveit_acceleration_filter_parameters
[  3%] Built target gmock_main
[  5%] Built target gtest_main
[  5%] Built target moveit_ruckig_filter_parameters
[  6%] Built target gtest
[  7%] [34m[1mGenerate version header[0m
[  7%] Built target moveit_butterworth_filter_parameters
[ 10%] Built target moveit_utils
[ 11%] Built target gmock
[ 12%] Built target moveit_smoothing_base
[ 13%] Built target moveit_exceptions
[ 14%] Built target logger_dut
[ 15%] [34m[1mGenerating version.h[0m
[ 15%] Built target version_h
[ 18%] Built target moveit_distance_field
[ 19%] Built target moveit_transforms
[ 25%] Built target moveit_robot_model
[ 26%] Built target moveit_version
[ 27%] Built target test_voxel_grid
[ 28%] Built target test_distance_field
[ 29%] Built target test_transforms
[ 30%] Built target moveit_butterworth_filter
[ 31%] Built target moveit_kinematics_base
[ 33%] Built target test_butterworth_filter
[ 33%] Built target moveit_test_utils
[ 36%] Built target moveit_robot_state
[ 37%] Built target test_robot_model
[ 38%] Built target test_robot_state
[ 40%] Built target moveit_robot_trajectory
[ 40%] Built target moveit_acceleration_filter
[ 41%] Built target moveit_dynamics_solver
[ 43%] Built target robot_state_benchmark
[ 43%] Built target moveit_kinematics_metrics
[ 44%] Built target moveit_ruckig_filter
[ 46%] Built target test_cartesian_interpolator
[ 48%] Built target test_aabb
[ 49%] Built target test_robot_state_complex
[ 55%] Built target moveit_collision_detection
[ 57%] Built target test_robot_trajectory
[ 59%] Built target moveit_trajectory_processing
[ 60%] Built target test_acceleration_filter
[ 61%] Built target test_world
[ 62%] Built target test_world_diff
[ 63%] Built target test_all_valid
[ 64%] Built target moveit_collision_detection_fcl
[ 69%] Built target moveit_collision_detection_bullet
[ 70%] Built target test_ruckig_traj_smoothing
[ 71%] Built target test_time_optimal_trajectory_generation
[ 72%] Built target robot_trajectory_benchmark
[ 74%] Built target test_fcl_collision_detection
[ 74%] Built target test_fcl_collision_env
[ 76%] Built target test_fcl_collision_detection_panda
[ 80%] Built target moveit_kinematic_constraints
[ 80%] Built target test_bullet_collision_detection_panda
[ 80%] Built target test_bullet_continuous_collision_checking
[ 81%] Built target test_bullet_collision_detection
[ 82%] Built target test_constraints
[ 83%] Built target test_orientation_constraints
[ 84%] Built target moveit_planning_scene
[ 86%] Built target test_multi_threaded
[ 86%] Built target collision_detector_bullet_plugin
[ 90%] Built target test_planning_scene
[ 90%] Built target test_collision_objects
[ 90%] Built target moveit_planning_interface
[ 91%] Built target collision_detector_fcl_plugin
[ 97%] Built target moveit_constraint_samplers
[ 97%] Built target moveit_collision_distance_field
[ 98%] Built target test_collision_distance_field
[100%] Built target test_constraint_samplers
