[0.185s] Invoking command in '/home/buhrmann/ws_moveit/build/robotiq_controllers': CMAKE_PREFIX_PATH=${CMAKE_PREFIX_PATH}:/home/buhrmann/ws_moveit/install/ros2_azure_bridge:/home/buhrmann/ws_moveit/install/moveit_configs_utils:/opt/ros/iron /usr/bin/cmake --build /home/buhrmann/ws_moveit/build/robotiq_controllers -- -j28 -l28
[0.272s] [100%] Built target robotiq_controllers
[0.363s] Invoked command in '/home/buhrmann/ws_moveit/build/robotiq_controllers' returned '0': CMAKE_PREFIX_PATH=${CMAKE_PREFIX_PATH}:/home/buhrmann/ws_moveit/install/ros2_azure_bridge:/home/buhrmann/ws_moveit/install/moveit_configs_utils:/opt/ros/iron /usr/bin/cmake --build /home/buhrmann/ws_moveit/build/robotiq_controllers -- -j28 -l28
[0.364s] Invoking command in '/home/buhrmann/ws_moveit/build/robotiq_controllers': CMAKE_PREFIX_PATH=${CMAKE_PREFIX_PATH}:/home/buhrmann/ws_moveit/install/ros2_azure_bridge:/home/buhrmann/ws_moveit/install/moveit_configs_utils:/opt/ros/iron /usr/bin/cmake --install /home/buhrmann/ws_moveit/build/robotiq_controllers
[0.406s] -- Install configuration: ""
[0.406s] -- Up-to-date: /home/buhrmann/ws_moveit/install/robotiq_controllers/share/robotiq_controllers/controller_plugins.xml
[0.406s] -- Up-to-date: /home/buhrmann/ws_moveit/install/robotiq_controllers/lib/librobotiq_controllers.so
[0.406s] -- Up-to-date: /home/buhrmann/ws_moveit/install/robotiq_controllers/include
[0.406s] -- Up-to-date: /home/buhrmann/ws_moveit/install/robotiq_controllers/include/robotiq_controllers
[0.406s] -- Up-to-date: /home/buhrmann/ws_moveit/install/robotiq_controllers/include/robotiq_controllers/robotiq_activation_controller.hpp
[0.406s] -- Up-to-date: /home/buhrmann/ws_moveit/install/robotiq_controllers/share/robotiq_controllers/environment/library_path.sh
[0.406s] -- Up-to-date: /home/buhrmann/ws_moveit/install/robotiq_controllers/share/robotiq_controllers/environment/library_path.dsv
[0.406s] -- Up-to-date: /home/buhrmann/ws_moveit/install/robotiq_controllers/share/ament_index/resource_index/package_run_dependencies/robotiq_controllers
[0.406s] -- Up-to-date: /home/buhrmann/ws_moveit/install/robotiq_controllers/share/ament_index/resource_index/parent_prefix_path/robotiq_controllers
[0.406s] -- Up-to-date: /home/buhrmann/ws_moveit/install/robotiq_controllers/share/robotiq_controllers/environment/ament_prefix_path.sh
[0.407s] -- Up-to-date: /home/buhrmann/ws_moveit/install/robotiq_controllers/share/robotiq_controllers/environment/ament_prefix_path.dsv
[0.407s] -- Up-to-date: /home/buhrmann/ws_moveit/install/robotiq_controllers/share/robotiq_controllers/environment/path.sh
[0.407s] -- Up-to-date: /home/buhrmann/ws_moveit/install/robotiq_controllers/share/robotiq_controllers/environment/path.dsv
[0.407s] -- Up-to-date: /home/buhrmann/ws_moveit/install/robotiq_controllers/share/robotiq_controllers/local_setup.bash
[0.407s] -- Up-to-date: /home/buhrmann/ws_moveit/install/robotiq_controllers/share/robotiq_controllers/local_setup.sh
[0.407s] -- Up-to-date: /home/buhrmann/ws_moveit/install/robotiq_controllers/share/robotiq_controllers/local_setup.zsh
[0.407s] -- Up-to-date: /home/buhrmann/ws_moveit/install/robotiq_controllers/share/robotiq_controllers/local_setup.dsv
[0.407s] -- Installing: /home/buhrmann/ws_moveit/install/robotiq_controllers/share/robotiq_controllers/package.dsv
[0.407s] -- Up-to-date: /home/buhrmann/ws_moveit/install/robotiq_controllers/share/ament_index/resource_index/packages/robotiq_controllers
[0.407s] -- Up-to-date: /home/buhrmann/ws_moveit/install/robotiq_controllers/share/ament_index/resource_index/controller_interface__pluginlib__plugin/robotiq_controllers
[0.407s] -- Up-to-date: /home/buhrmann/ws_moveit/install/robotiq_controllers/share/robotiq_controllers/cmake/export_robotiq_controllersExport.cmake
[0.407s] -- Up-to-date: /home/buhrmann/ws_moveit/install/robotiq_controllers/share/robotiq_controllers/cmake/export_robotiq_controllersExport-noconfig.cmake
[0.407s] -- Up-to-date: /home/buhrmann/ws_moveit/install/robotiq_controllers/share/robotiq_controllers/cmake/ament_cmake_export_include_directories-extras.cmake
[0.407s] -- Up-to-date: /home/buhrmann/ws_moveit/install/robotiq_controllers/share/robotiq_controllers/cmake/ament_cmake_export_libraries-extras.cmake
[0.407s] -- Up-to-date: /home/buhrmann/ws_moveit/install/robotiq_controllers/share/robotiq_controllers/cmake/ament_cmake_export_targets-extras.cmake
[0.407s] -- Up-to-date: /home/buhrmann/ws_moveit/install/robotiq_controllers/share/robotiq_controllers/cmake/ament_cmake_export_dependencies-extras.cmake
[0.407s] -- Up-to-date: /home/buhrmann/ws_moveit/install/robotiq_controllers/share/robotiq_controllers/cmake/robotiq_controllersConfig.cmake
[0.407s] -- Up-to-date: /home/buhrmann/ws_moveit/install/robotiq_controllers/share/robotiq_controllers/cmake/robotiq_controllersConfig-version.cmake
[0.407s] -- Up-to-date: /home/buhrmann/ws_moveit/install/robotiq_controllers/share/robotiq_controllers/package.xml
[0.524s] Invoked command in '/home/buhrmann/ws_moveit/build/robotiq_controllers' returned '0': CMAKE_PREFIX_PATH=${CMAKE_PREFIX_PATH}:/home/buhrmann/ws_moveit/install/ros2_azure_bridge:/home/buhrmann/ws_moveit/install/moveit_configs_utils:/opt/ros/iron /usr/bin/cmake --install /home/buhrmann/ws_moveit/build/robotiq_controllers
