[0.009s] Invoking command in '/home/buhrmann/ws_moveit/build/point_cloud_circle_detector': CMAKE_PREFIX_PATH=${CMAKE_PREFIX_PATH}:/home/buhrmann/ws_moveit/install/moveit_configs_utils:/opt/ros/iron /usr/bin/cmake --build /home/buhrmann/ws_moveit/build/point_cloud_circle_detector -- -j28 -l28
[0.036s] -- Found ament_cmake: 2.0.7 (/opt/ros/iron/share/ament_cmake/cmake)
[0.152s] -- Override CMake install command with custom implementation using symlinks instead of copying resources
[0.172s] -- Could NOT find Pcap (missing: PCAP_LIBRARIES PCAP_INCLUDE_DIRS) 
[0.172s] [0m** WARNING ** io features related to pcap will be disabled[0m
[0.252s] -- Found Python3: /usr/bin/python3.10 (found suitable version "3.10.12", minimum required is "3.10") found components: Interpreter Development.Module Development.Embed 
[0.716s] [0m** WARNING **  features related to /opt/ros/iron/lib/librosgraph_msgs__rosidl_typesupport_fastrtps_cpp.so will be disabled[0m
[0.750s] -- FLANN found (include: /usr/include, lib: /usr/lib/x86_64-linux-gnu/libflann_cpp.so)
[0.755s] -- looking for PCL_COMMON
[0.755s] -- looking for PCL_OCTREE
[0.756s] -- looking for PCL_IO
[0.756s] -- looking for PCL_GEOMETRY
[0.756s] -- looking for PCL_KDTREE
[0.756s] -- looking for PCL_SEARCH
[0.756s] -- looking for PCL_SAMPLE_CONSENSUS
[0.756s] -- looking for PCL_FILTERS
[0.756s] -- looking for PCL_ML
[0.756s] -- looking for PCL_SEGMENTATION
[0.757s] -- looking for PCL_2D
[0.757s] -- looking for PCL_FEATURES
[0.757s] -- Found PCL: pcl_common;pcl_octree;pcl_io;pcl_kdtree;pcl_search;pcl_sample_consensus;pcl_filters;pcl_ml;pcl_segmentation;pcl_features;Boost::system;Boost::iostreams;Boost::filesystem;Boost::serialization;FLANN::FLANN  
[0.757s] [0mPCL Libraries: TESSSSt[0m
[0.757s] [0mPCL Libraries: pcl_common;pcl_octree;pcl_io;pcl_kdtree;pcl_search;pcl_sample_consensus;pcl_filters;pcl_ml;pcl_segmentation;pcl_features;Boost::system;Boost::iostreams;Boost::filesystem;Boost::serialization;FLANN::FLANN[0m
[0.757s] -- Found sensor_msgs: 5.0.1 (/opt/ros/iron/share/sensor_msgs/cmake)
[0.767s] -- Found rosidl_generator_c: 4.0.1 (/opt/ros/iron/share/rosidl_generator_c/cmake)
[0.770s] -- Found rosidl_generator_cpp: 4.0.1 (/opt/ros/iron/share/rosidl_generator_cpp/cmake)
[0.778s] -- Using all available rosidl_typesupport_c: rosidl_typesupport_fastrtps_c;rosidl_typesupport_introspection_c
[0.786s] -- Using all available rosidl_typesupport_cpp: rosidl_typesupport_fastrtps_cpp;rosidl_typesupport_introspection_cpp
[0.883s] -- Found rclcpp: 21.0.8 (/opt/ros/iron/share/rclcpp/cmake)
[0.930s] -- Found rmw_implementation_cmake: 7.1.0 (/opt/ros/iron/share/rmw_implementation_cmake/cmake)
[0.932s] -- Found rmw_fastrtps_cpp: 7.1.4 (/opt/ros/iron/share/rmw_fastrtps_cpp/cmake)
[1.024s] -- Using RMW implementation 'rmw_fastrtps_cpp' as default
[1.108s] -- Found pcl_conversions: 2.5.4 (/opt/ros/iron/share/pcl_conversions/cmake)
[1.202s] [31mCMake Error at CMakeLists.txt:21 (find_package):
[1.202s]   By not providing "Findpcl_features.cmake" in CMAKE_MODULE_PATH this project
[1.202s]   has asked CMake to find a package configuration file provided by
[1.202s]   "pcl_features", but CMake did not find one.
[1.202s] 
[1.202s]   Could not find a package configuration file provided by "pcl_features" with
[1.202s]   any of the following names:
[1.202s] 
[1.202s]     pcl_featuresConfig.cmake
[1.202s]     pcl_features-config.cmake
[1.202s] 
[1.202s]   Add the installation prefix of "pcl_features" to CMAKE_PREFIX_PATH or set
[1.202s]   "pcl_features_DIR" to a directory containing one of the above files.  If
[1.202s]   "pcl_features" provides a separate development package or SDK, be sure it
[1.202s]   has been installed.
[1.202s] 
[1.202s] [0m
[1.202s] -- Configuring incomplete, errors occurred!
[1.202s] See also "/home/buhrmann/ws_moveit/build/point_cloud_circle_detector/CMakeFiles/CMakeOutput.log".
[1.209s] gmake: *** [Makefile:349: cmake_check_build_system] Error 1
[1.210s] Invoked command in '/home/buhrmann/ws_moveit/build/point_cloud_circle_detector' returned '2': CMAKE_PREFIX_PATH=${CMAKE_PREFIX_PATH}:/home/buhrmann/ws_moveit/install/moveit_configs_utils:/opt/ros/iron /usr/bin/cmake --build /home/buhrmann/ws_moveit/build/point_cloud_circle_detector -- -j28 -l28
