[0.014s] Invoking command in '/home/buhrmann/ws_moveit/build/point_cloud_circle_detector': CMAKE_PREFIX_PATH=${CMAKE_PREFIX_PATH}:/home/buhrmann/ws_moveit/install/moveit_configs_utils:/opt/ros/iron /usr/bin/cmake --build /home/buhrmann/ws_moveit/build/point_cloud_circle_detector -- -j28 -l28
[0.084s] [35m[1mConsolidate compiler generated dependencies of target point_cloud_circle_detector[0m
[0.108s] [ 50%] [32mBuilding CXX object CMakeFiles/point_cloud_circle_detector.dir/src/point_cloud_circle_detector.cpp.o[0m
[1.885s] [01m[K/home/buhrmann/ws_moveit/src/point_cloud_circle_detector/src/point_cloud_circle_detector.cpp:16:6:[m[K [01;31m[Kerror: [m[Kvariable or field ‘[01m[Kvisualize_with_vtk[m[K’ declared void
[1.886s]    16 | void [01;31m[Kvisualize_with_vtk[m[K(pcl::PointCloud<pcl::PointXYZ>::Ptr cloud, pcl::ModelCoefficients::Ptr coefficients)
[1.886s]       |      [01;31m[K^~~~~~~~~~~~~~~~~~[m[K
[1.886s] [01m[K/home/buhrmann/ws_moveit/src/point_cloud_circle_detector/src/point_cloud_circle_detector.cpp:16:25:[m[K [01;31m[Kerror: [m[K‘[01m[Kpcl[m[K’ has not been declared
[1.886s]    16 | void visualize_with_vtk([01;31m[Kpcl[m[K::PointCloud<pcl::PointXYZ>::Ptr cloud, pcl::ModelCoefficients::Ptr coefficients)
[1.886s]       |                         [01;31m[K^~~[m[K
[1.886s] [01m[K/home/buhrmann/ws_moveit/src/point_cloud_circle_detector/src/point_cloud_circle_detector.cpp:16:41:[m[K [01;31m[Kerror: [m[K‘[01m[Kpcl[m[K’ has not been declared
[1.886s]    16 | void visualize_with_vtk(pcl::PointCloud<[01;31m[Kpcl[m[K::PointXYZ>::Ptr cloud, pcl::ModelCoefficients::Ptr coefficients)
[1.886s]       |                                         [01;31m[K^~~[m[K
[1.890s] [01m[K/home/buhrmann/ws_moveit/src/point_cloud_circle_detector/src/point_cloud_circle_detector.cpp:16:57:[m[K [01;31m[Kerror: [m[K‘[01m[K::Ptr[m[K’ has not been declared
[1.891s]    16 | void visualize_with_vtk(pcl::PointCloud<pcl::PointXYZ>::[01;31m[KPtr[m[K cloud, pcl::ModelCoefficients::Ptr coefficients)
[1.891s]       |                                                         [01;31m[K^~~[m[K
[1.891s] [01m[K/home/buhrmann/ws_moveit/src/point_cloud_circle_detector/src/point_cloud_circle_detector.cpp:16:68:[m[K [01;31m[Kerror: [m[K‘[01m[Kpcl[m[K’ has not been declared
[1.891s]    16 | void visualize_with_vtk(pcl::PointCloud<pcl::PointXYZ>::Ptr cloud, [01;31m[Kpcl[m[K::ModelCoefficients::Ptr coefficients)
[1.891s]       |                                                                    [01;31m[K^~~[m[K
[1.893s] [01m[K/home/buhrmann/ws_moveit/src/point_cloud_circle_detector/src/point_cloud_circle_detector.cpp:74:30:[m[K [01;31m[Kerror: [m[K‘[01m[Ksensor_msgs[m[K’ does not name a type
[1.893s]    74 | void listener_callback(const [01;31m[Ksensor_msgs[m[K::msg::PointCloud2::SharedPtr msg)
[1.893s]       |                              [01;31m[K^~~~~~~~~~~[m[K
[1.893s] [01m[K/home/buhrmann/ws_moveit/src/point_cloud_circle_detector/src/point_cloud_circle_detector.cpp:74:46:[m[K [01;31m[Kerror: [m[Kexpected unqualified-id before ‘[01m[K::[m[K’ token
[1.893s]    74 | void listener_callback(const sensor_msgs::msg[01;31m[K::[m[KPointCloud2::SharedPtr msg)
[1.893s]       |                                              [01;31m[K^~[m[K
[1.893s] [01m[K/home/buhrmann/ws_moveit/src/point_cloud_circle_detector/src/point_cloud_circle_detector.cpp:74:46:[m[K [01;31m[Kerror: [m[Kexpected ‘[01m[K)[m[K’ before ‘[01m[K::[m[K’ token
[1.893s]    74 | void listener_callback[34m[K([m[Kconst sensor_msgs::msg[01;31m[K:[m[K[32m[K:[m[KPointCloud2::SharedPtr msg)
[1.893s]       |                       [34m[K~[m[K                      [01;31m[K^[m[K[32m[K~[m[K
[1.893s]       |                                              [32m[K)[m[K
[1.893s] [01m[K/home/buhrmann/ws_moveit/src/point_cloud_circle_detector/src/point_cloud_circle_detector.cpp:74:46:[m[K [01;31m[Kerror: [m[Kexpected initializer before ‘[01m[K::[m[K’ token
[1.893s]    74 | void listener_callback(const sensor_msgs::msg[01;31m[K::[m[KPointCloud2::SharedPtr msg)
[1.893s]       |                                              [01;31m[K^~[m[K
[2.050s] gmake[2]: *** [CMakeFiles/point_cloud_circle_detector.dir/build.make:76: CMakeFiles/point_cloud_circle_detector.dir/src/point_cloud_circle_detector.cpp.o] Error 1
[2.050s] gmake[1]: *** [CMakeFiles/Makefile2:137: CMakeFiles/point_cloud_circle_detector.dir/all] Error 2
[2.050s] gmake: *** [Makefile:146: all] Error 2
[2.052s] Invoked command in '/home/buhrmann/ws_moveit/build/point_cloud_circle_detector' returned '2': CMAKE_PREFIX_PATH=${CMAKE_PREFIX_PATH}:/home/buhrmann/ws_moveit/install/moveit_configs_utils:/opt/ros/iron /usr/bin/cmake --build /home/buhrmann/ws_moveit/build/point_cloud_circle_detector -- -j28 -l28
