-- Found ament_cmake: 2.0.7 (/opt/ros/iron/share/ament_cmake/cmake)
-- Override CMake install command with custom implementation using symlinks instead of copying resources
-- Found Boost: /usr/lib/x86_64-linux-gnu/cmake/Boost-1.74.0/BoostConfig.cmake (found suitable version "1.74.0", minimum required is "1.65.0") found components: system iostreams filesystem serialization 
-- Could NOT find Pcap (missing: PCAP_LIBRARIES PCAP_INCLUDE_DIRS) 
[0m** WARNING ** io features related to pcap will be disabled[0m
[33mCMake Warning at /usr/local/share/pcl-1.14/PCLConfig.cmake:264 (find_package):
  By not providing "FindVTK.cmake" in CMAKE_MODULE_PATH this project has
  asked CMake to find a package configuration file provided by "VTK", but
  CMake did not find one.

  Could not find a package configuration file provided by "VTK" with any of
  the following names:

    VTKConfig.cmake
    vtk-config.cmake

  Add the installation prefix of "VTK" to CMAKE_PREFIX_PATH or set "VTK_DIR"
  to a directory containing one of the above files.  If "VTK" provides a
  separate development package or SDK, be sure it has been installed.
Call Stack (most recent call first):
  /usr/local/share/pcl-1.14/PCLConfig.cmake:313 (find_VTK)
  /usr/local/share/pcl-1.14/PCLConfig.cmake:548 (find_external_library)
  CMakeLists.txt:13 (find_package)

[0m
[0m** WARNING ** io features related to vtk will be disabled[0m
-- Found OpenMP_CXX: -fopenmp (found version "4.5") 
-- Found OpenMP: TRUE (found version "4.5") found components: CXX 
-- FLANN found (include: /usr/include, lib: /usr/lib/x86_64-linux-gnu/libflann_cpp.so)
-- looking for PCL_COMMON
-- looking for PCL_OCTREE
-- looking for PCL_IO
-- looking for PCL_GEOMETRY
-- looking for PCL_KDTREE
-- looking for PCL_SEARCH
-- looking for PCL_SAMPLE_CONSENSUS
-- looking for PCL_FILTERS
-- looking for PCL_ML
-- looking for PCL_SEGMENTATION
-- looking for PCL_2D
-- looking for PCL_FEATURES
-- Found PCL: pcl_common;pcl_octree;pcl_io;pcl_kdtree;pcl_search;pcl_sample_consensus;pcl_filters;pcl_ml;pcl_segmentation;pcl_features;Boost::system;Boost::iostreams;Boost::filesystem;Boost::serialization;FLANN::FLANN  
[0mPCL Libraries: TESSSSt[0m
[0mPCL Libraries: pcl_common;pcl_octree;pcl_io;pcl_kdtree;pcl_search;pcl_sample_consensus;pcl_filters;pcl_ml;pcl_segmentation;pcl_features;Boost::system;Boost::iostreams;Boost::filesystem;Boost::serialization;FLANN::FLANN[0m
-- Found sensor_msgs: 5.0.1 (/opt/ros/iron/share/sensor_msgs/cmake)
-- Found rosidl_generator_c: 4.0.1 (/opt/ros/iron/share/rosidl_generator_c/cmake)
-- Found rosidl_generator_cpp: 4.0.1 (/opt/ros/iron/share/rosidl_generator_cpp/cmake)
-- Using all available rosidl_typesupport_c: rosidl_typesupport_fastrtps_c;rosidl_typesupport_introspection_c
-- Using all available rosidl_typesupport_cpp: rosidl_typesupport_fastrtps_cpp;rosidl_typesupport_introspection_cpp
-- Found rclcpp: 21.0.8 (/opt/ros/iron/share/rclcpp/cmake)
-- Found rmw_implementation_cmake: 7.1.0 (/opt/ros/iron/share/rmw_implementation_cmake/cmake)
-- Found rmw_fastrtps_cpp: 7.1.4 (/opt/ros/iron/share/rmw_fastrtps_cpp/cmake)
-- Using RMW implementation 'rmw_fastrtps_cpp' as default
-- Configuring incomplete, errors occurred!
See also "/home/buhrmann/ws_moveit/build/point_cloud_circle_detector/CMakeFiles/CMakeOutput.log".
[31mCMake Error at CMakeLists.txt:20 (find_package):
  By not providing "Findpcl_conversions.cmake" in CMAKE_MODULE_PATH this
  project has asked CMake to find a package configuration file provided by
  "pcl_conversions", but CMake did not find one.

  Could not find a package configuration file provided by "pcl_conversions"
  with any of the following names:

    pcl_conversionsConfig.cmake
    pcl_conversions-config.cmake

  Add the installation prefix of "pcl_conversions" to CMAKE_PREFIX_PATH or
  set "pcl_conversions_DIR" to a directory containing one of the above files.
  If "pcl_conversions" provides a separate development package or SDK, be
  sure it has been installed.

[0m
gmake: *** [Makefile:349: cmake_check_build_system] Error 1
