[0.009s] Invoking command in '/home/buhrmann/ws_moveit/build/point_cloud_circle_detector': CMAKE_PREFIX_PATH=${CMAKE_PREFIX_PATH}:/home/buhrmann/ws_moveit/install/moveit_configs_utils:/opt/ros/iron /usr/bin/cmake --build /home/buhrmann/ws_moveit/build/point_cloud_circle_detector -- -j28 -l28
[0.034s] -- Found ament_cmake: 2.0.7 (/opt/ros/iron/share/ament_cmake/cmake)
[0.137s] -- Override CMake install command with custom implementation using symlinks instead of copying resources
[0.164s] -- Found Boost: /usr/lib/x86_64-linux-gnu/cmake/Boost-1.74.0/BoostConfig.cmake (found suitable version "1.74.0", minimum required is "1.65.0") found components: system iostreams filesystem serialization 
[0.173s] -- Could NOT find Pcap (missing: PCAP_LIBRARIES PCAP_INCLUDE_DIRS) 
[0.173s] [0m** WARNING ** io features related to pcap will be disabled[0m
[0.193s] [33mCMake Warning at /usr/local/share/pcl-1.14/PCLConfig.cmake:264 (find_package):
[0.193s]   By not providing "FindVTK.cmake" in CMAKE_MODULE_PATH this project has
[0.193s]   asked CMake to find a package configuration file provided by "VTK", but
[0.193s]   CMake did not find one.
[0.193s] 
[0.193s]   Could not find a package configuration file provided by "VTK" with any of
[0.193s]   the following names:
[0.193s] 
[0.193s]     VTKConfig.cmake
[0.193s]     vtk-config.cmake
[0.193s] 
[0.193s]   Add the installation prefix of "VTK" to CMAKE_PREFIX_PATH or set "VTK_DIR"
[0.193s]   to a directory containing one of the above files.  If "VTK" provides a
[0.193s]   separate development package or SDK, be sure it has been installed.
[0.193s] Call Stack (most recent call first):
[0.193s]   /usr/local/share/pcl-1.14/PCLConfig.cmake:313 (find_VTK)
[0.193s]   /usr/local/share/pcl-1.14/PCLConfig.cmake:548 (find_external_library)
[0.193s]   CMakeLists.txt:13 (find_package)
[0.193s] 
[0.193s] [0m
[0.193s] [0m** WARNING ** io features related to vtk will be disabled[0m
[0.480s] -- Found OpenMP_CXX: -fopenmp (found version "4.5") 
[0.481s] -- Found OpenMP: TRUE (found version "4.5") found components: CXX 
[0.498s] -- FLANN found (include: /usr/include, lib: /usr/lib/x86_64-linux-gnu/libflann_cpp.so)
[0.503s] -- looking for PCL_COMMON
[0.503s] -- looking for PCL_OCTREE
[0.503s] -- looking for PCL_IO
[0.503s] -- looking for PCL_GEOMETRY
[0.503s] -- looking for PCL_KDTREE
[0.504s] -- looking for PCL_SEARCH
[0.504s] -- looking for PCL_SAMPLE_CONSENSUS
[0.504s] -- looking for PCL_FILTERS
[0.504s] -- looking for PCL_ML
[0.504s] -- looking for PCL_SEGMENTATION
[0.504s] -- looking for PCL_2D
[0.504s] -- looking for PCL_FEATURES
[0.505s] -- Found PCL: pcl_common;pcl_octree;pcl_io;pcl_kdtree;pcl_search;pcl_sample_consensus;pcl_filters;pcl_ml;pcl_segmentation;pcl_features;Boost::system;Boost::iostreams;Boost::filesystem;Boost::serialization;FLANN::FLANN  
[0.505s] [0mPCL Libraries: TESSSSt[0m
[0.505s] [0mPCL Libraries: pcl_common;pcl_octree;pcl_io;pcl_kdtree;pcl_search;pcl_sample_consensus;pcl_filters;pcl_ml;pcl_segmentation;pcl_features;Boost::system;Boost::iostreams;Boost::filesystem;Boost::serialization;FLANN::FLANN[0m
[0.505s] -- Found sensor_msgs: 5.0.1 (/opt/ros/iron/share/sensor_msgs/cmake)
[0.514s] -- Found rosidl_generator_c: 4.0.1 (/opt/ros/iron/share/rosidl_generator_c/cmake)
[0.518s] -- Found rosidl_generator_cpp: 4.0.1 (/opt/ros/iron/share/rosidl_generator_cpp/cmake)
[0.525s] -- Using all available rosidl_typesupport_c: rosidl_typesupport_fastrtps_c;rosidl_typesupport_introspection_c
[0.534s] -- Using all available rosidl_typesupport_cpp: rosidl_typesupport_fastrtps_cpp;rosidl_typesupport_introspection_cpp
[0.631s] -- Found rclcpp: 21.0.8 (/opt/ros/iron/share/rclcpp/cmake)
[0.677s] -- Found rmw_implementation_cmake: 7.1.0 (/opt/ros/iron/share/rmw_implementation_cmake/cmake)
[0.679s] -- Found rmw_fastrtps_cpp: 7.1.4 (/opt/ros/iron/share/rmw_fastrtps_cpp/cmake)
[0.753s] -- Using RMW implementation 'rmw_fastrtps_cpp' as default
[0.839s] -- Configuring incomplete, errors occurred!
[0.839s] See also "/home/buhrmann/ws_moveit/build/point_cloud_circle_detector/CMakeFiles/CMakeOutput.log".
[0.839s] [31mCMake Error at CMakeLists.txt:20 (find_package):
[0.839s]   By not providing "Findpcl_conversions.cmake" in CMAKE_MODULE_PATH this
[0.839s]   project has asked CMake to find a package configuration file provided by
[0.839s]   "pcl_conversions", but CMake did not find one.
[0.839s] 
[0.839s]   Could not find a package configuration file provided by "pcl_conversions"
[0.839s]   with any of the following names:
[0.840s] 
[0.840s]     pcl_conversionsConfig.cmake
[0.840s]     pcl_conversions-config.cmake
[0.840s] 
[0.840s]   Add the installation prefix of "pcl_conversions" to CMAKE_PREFIX_PATH or
[0.840s]   set "pcl_conversions_DIR" to a directory containing one of the above files.
[0.840s]   If "pcl_conversions" provides a separate development package or SDK, be
[0.840s]   sure it has been installed.
[0.840s] 
[0.840s] [0m
[0.844s] gmake: *** [Makefile:349: cmake_check_build_system] Error 1
[0.845s] Invoked command in '/home/buhrmann/ws_moveit/build/point_cloud_circle_detector' returned '2': CMAKE_PREFIX_PATH=${CMAKE_PREFIX_PATH}:/home/buhrmann/ws_moveit/install/moveit_configs_utils:/opt/ros/iron /usr/bin/cmake --build /home/buhrmann/ws_moveit/build/point_cloud_circle_detector -- -j28 -l28
