[0.009s] Invoking command in '/home/buhrmann/ws_moveit/build/point_cloud_circle_detector': CMAKE_PREFIX_PATH=${CMAKE_PREFIX_PATH}:/home/buhrmann/ws_moveit/install/moveit_configs_utils:/opt/ros/iron /usr/bin/cmake --build /home/buhrmann/ws_moveit/build/point_cloud_circle_detector -- -j28 -l28
[0.035s] -- Found ament_cmake: 2.0.7 (/opt/ros/iron/share/ament_cmake/cmake)
[0.133s] -- Override CMake install command with custom implementation using symlinks instead of copying resources
[0.136s] -- Found sensor_msgs: 5.0.1 (/opt/ros/iron/share/sensor_msgs/cmake)
[0.154s] -- Found rosidl_generator_c: 4.0.1 (/opt/ros/iron/share/rosidl_generator_c/cmake)
[0.157s] -- Found rosidl_generator_cpp: 4.0.1 (/opt/ros/iron/share/rosidl_generator_cpp/cmake)
[0.165s] -- Using all available rosidl_typesupport_c: rosidl_typesupport_fastrtps_c;rosidl_typesupport_introspection_c
[0.173s] -- Using all available rosidl_typesupport_cpp: rosidl_typesupport_fastrtps_cpp;rosidl_typesupport_introspection_cpp
[0.269s] -- Found rclcpp: 21.0.8 (/opt/ros/iron/share/rclcpp/cmake)
[0.315s] -- Found rmw_implementation_cmake: 7.1.0 (/opt/ros/iron/share/rmw_implementation_cmake/cmake)
[0.317s] -- Found rmw_fastrtps_cpp: 7.1.4 (/opt/ros/iron/share/rmw_fastrtps_cpp/cmake)
[0.407s] -- Using RMW implementation 'rmw_fastrtps_cpp' as default
[0.489s] -- Found pcl_conversions: 2.5.4 (/opt/ros/iron/share/pcl_conversions/cmake)
[0.595s] -- FLANN found (include: /usr/include, lib: /usr/lib/x86_64-linux-gnu/libflann_cpp.so)
[0.600s] -- Could NOT find Pcap (missing: PCAP_LIBRARIES PCAP_INCLUDE_DIRS) 
[1.102s] -- Found Qhull version 8.0.2
[1.612s] [0m - /home/buhrmann/ws_moveit/src/point_cloud_circle_detector/pcl_common[0m
[1.612s] [0m - /home/buhrmann/ws_moveit/src/point_cloud_circle_detector/pcl_kdtree[0m
[1.612s] [0m - /home/buhrmann/ws_moveit/src/point_cloud_circle_detector/pcl_octree[0m
[1.612s] [0m - /home/buhrmann/ws_moveit/src/point_cloud_circle_detector/pcl_search[0m
[1.612s] [0m - /home/buhrmann/ws_moveit/src/point_cloud_circle_detector/pcl_sample_consensus[0m
[1.612s] [0m - /home/buhrmann/ws_moveit/src/point_cloud_circle_detector/pcl_filters[0m
[1.612s] [0m - /home/buhrmann/ws_moveit/src/point_cloud_circle_detector/pcl_io[0m
[1.612s] [0m - /home/buhrmann/ws_moveit/src/point_cloud_circle_detector/pcl_features[0m
[1.612s] [0m - /home/buhrmann/ws_moveit/src/point_cloud_circle_detector/pcl_ml[0m
[1.613s] [0m - /home/buhrmann/ws_moveit/src/point_cloud_circle_detector/pcl_segmentation[0m
[1.613s] [0m - /home/buhrmann/ws_moveit/src/point_cloud_circle_detector/pcl_surface[0m
[1.613s] [0m - /home/buhrmann/ws_moveit/src/point_cloud_circle_detector/pcl_registration[0m
[1.613s] [0m - /home/buhrmann/ws_moveit/src/point_cloud_circle_detector/pcl_keypoints[0m
[1.613s] [0m - /home/buhrmann/ws_moveit/src/point_cloud_circle_detector/pcl_tracking[0m
[1.613s] [0m - /home/buhrmann/ws_moveit/src/point_cloud_circle_detector/pcl_recognition[0m
[1.613s] [0m - /home/buhrmann/ws_moveit/src/point_cloud_circle_detector/pcl_stereo[0m
[1.613s] [0m - /home/buhrmann/ws_moveit/src/point_cloud_circle_detector/Boost::system[0m
[1.613s] [0m - /home/buhrmann/ws_moveit/src/point_cloud_circle_detector/Boost::iostreams[0m
[1.613s] [0m - /home/buhrmann/ws_moveit/src/point_cloud_circle_detector/Boost::filesystem[0m
[1.613s] [0m - /home/buhrmann/ws_moveit/src/point_cloud_circle_detector/Boost::serialization[0m
[1.613s] [0m - /home/buhrmann/ws_moveit/src/point_cloud_circle_detector/FLANN::FLANN[0m
[1.613s] [0m - /home/buhrmann/ws_moveit/src/point_cloud_circle_detector/QHULL::QHULL[0m
[1.894s] -- Found ament_lint_auto: 0.14.4 (/opt/ros/iron/share/ament_lint_auto/cmake)
[1.933s] -- Configuring done
[1.961s] -- Generating done
[1.968s] -- Build files have been written to: /home/buhrmann/ws_moveit/build/point_cloud_circle_detector
[1.996s] [35m[1mConsolidate compiler generated dependencies of target point_cloud_circle_detector[0m
[1.996s] [35m[1mConsolidate compiler generated dependencies of target point_cloud_plantpot_ppf_detector[0m
[1.997s] [35m[1mConsolidate compiler generated dependencies of target point_cloud_plantpot_detector[0m
[1.999s] [35m[1mConsolidate compiler generated dependencies of target point_cloud_cylinder_detector[0m
[2.014s] [ 12%] [32m[1mLinking CXX executable point_cloud_plantpot_ppf_detector[0m
[2.015s] [ 25%] [32m[1mLinking CXX executable point_cloud_plantpot_detector[0m
[2.015s] [ 37%] [32m[1mLinking CXX executable point_cloud_cylinder_detector[0m
[2.015s] [ 50%] [32m[1mLinking CXX executable point_cloud_circle_detector[0m
[2.932s] [ 62%] Built target point_cloud_circle_detector
[3.181s] [ 75%] Built target point_cloud_cylinder_detector
[3.249s] [ 87%] Built target point_cloud_plantpot_detector
[3.703s] /usr/bin/ld: CMakeFiles/point_cloud_plantpot_ppf_detector.dir/src/point_cloud_plantpot_ppf_detector.cpp.o: in function `PointCloudCustomObjectMatcher::listener_callback(std::shared_ptr<sensor_msgs::msg::PointCloud2_<std::allocator<void> > >)':
[3.703s] point_cloud_plantpot_ppf_detector.cpp:(.text._ZN29PointCloudCustomObjectMatcher17listener_callbackESt10shared_ptrIN11sensor_msgs3msg12PointCloud2_ISaIvEEEE[_ZN29PointCloudCustomObjectMatcher17listener_callbackESt10shared_ptrIN11sensor_msgs3msg12PointCloud2_ISaIvEEEE]+0xfc9): undefined reference to `pcl::PPFEstimation<pcl::PointXYZ, pcl::PointXYZ, pcl::PPFSignature>::PPFEstimation()'
[3.703s] /usr/bin/ld: point_cloud_plantpot_ppf_detector.cpp:(.text._ZN29PointCloudCustomObjectMatcher17listener_callbackESt10shared_ptrIN11sensor_msgs3msg12PointCloud2_ISaIvEEEE[_ZN29PointCloudCustomObjectMatcher17listener_callbackESt10shared_ptrIN11sensor_msgs3msg12PointCloud2_ISaIvEEEE]+0x12f6): undefined reference to `pcl::PPFEstimation<pcl::PointXYZ, pcl::PointXYZ, pcl::PPFSignature>::PPFEstimation()'
[3.705s] /usr/bin/ld: CMakeFiles/point_cloud_plantpot_ppf_detector.dir/src/point_cloud_plantpot_ppf_detector.cpp.o:(.data.rel.ro._ZTVN3pcl13PPFEstimationINS_8PointXYZES1_NS_12PPFSignatureEEE[_ZTVN3pcl13PPFEstimationINS_8PointXYZES1_NS_12PPFSignatureEEE]+0x58): undefined reference to `pcl::PPFEstimation<pcl::PointXYZ, pcl::PointXYZ, pcl::PPFSignature>::computeFeature(pcl::PointCloud<pcl::PPFSignature>&)'
[3.736s] collect2: error: ld returned 1 exit status
[3.738s] gmake[2]: *** [CMakeFiles/point_cloud_plantpot_ppf_detector.dir/build.make:275: point_cloud_plantpot_ppf_detector] Error 1
[3.738s] gmake[1]: *** [CMakeFiles/Makefile2:221: CMakeFiles/point_cloud_plantpot_ppf_detector.dir/all] Error 2
[3.738s] gmake: *** [Makefile:146: all] Error 2
[3.741s] Invoked command in '/home/buhrmann/ws_moveit/build/point_cloud_circle_detector' returned '2': CMAKE_PREFIX_PATH=${CMAKE_PREFIX_PATH}:/home/buhrmann/ws_moveit/install/moveit_configs_utils:/opt/ros/iron /usr/bin/cmake --build /home/buhrmann/ws_moveit/build/point_cloud_circle_detector -- -j28 -l28
