[0.006s] Invoking command in '/home/buhrmann/ws_moveit/build/moveit_common': CMAKE_PREFIX_PATH=${CMAKE_PREFIX_PATH}:/home/buhrmann/ws_moveit/install/moveit_configs_utils:/opt/ros/iron /usr/bin/cmake /home/buhrmann/ws_moveit/src/moveit2/moveit_common -DCMAKE_INSTALL_PREFIX=/home/buhrmann/ws_moveit/install/moveit_common
[0.032s] -- Found ament_cmake: 2.0.7 (/opt/ros/iron/share/ament_cmake/cmake)
[0.177s] -- Found Python3: /usr/bin/python3.10 (found version "3.10.12") found components: Interpreter 
[0.273s] -- Configuring done
[0.274s] -- Generating done
[0.274s] -- Build files have been written to: /home/buhrmann/ws_moveit/build/moveit_common
[0.276s] Invoked command in '/home/buhrmann/ws_moveit/build/moveit_common' returned '0': CMAKE_PREFIX_PATH=${CMAKE_PREFIX_PATH}:/home/buhrmann/ws_moveit/install/moveit_configs_utils:/opt/ros/iron /usr/bin/cmake /home/buhrmann/ws_moveit/src/moveit2/moveit_common -DCMAKE_INSTALL_PREFIX=/home/buhrmann/ws_moveit/install/moveit_common
[0.277s] Invoking command in '/home/buhrmann/ws_moveit/build/moveit_common': CMAKE_PREFIX_PATH=${CMAKE_PREFIX_PATH}:/home/buhrmann/ws_moveit/install/moveit_configs_utils:/opt/ros/iron /usr/bin/cmake --build /home/buhrmann/ws_moveit/build/moveit_common -- -j28 -l28
[0.309s] Invoked command in '/home/buhrmann/ws_moveit/build/moveit_common' returned '0': CMAKE_PREFIX_PATH=${CMAKE_PREFIX_PATH}:/home/buhrmann/ws_moveit/install/moveit_configs_utils:/opt/ros/iron /usr/bin/cmake --build /home/buhrmann/ws_moveit/build/moveit_common -- -j28 -l28
[0.311s] Invoking command in '/home/buhrmann/ws_moveit/build/moveit_common': CMAKE_PREFIX_PATH=${CMAKE_PREFIX_PATH}:/home/buhrmann/ws_moveit/install/moveit_configs_utils:/opt/ros/iron /usr/bin/cmake --install /home/buhrmann/ws_moveit/build/moveit_common
[0.321s] -- Install configuration: ""
[0.322s] -- Installing: /home/buhrmann/ws_moveit/install/moveit_common/share/ament_index/resource_index/package_run_dependencies/moveit_common
[0.322s] -- Installing: /home/buhrmann/ws_moveit/install/moveit_common/share/ament_index/resource_index/parent_prefix_path/moveit_common
[0.322s] -- Installing: /home/buhrmann/ws_moveit/install/moveit_common/share/moveit_common/environment/ament_prefix_path.sh
[0.322s] -- Installing: /home/buhrmann/ws_moveit/install/moveit_common/share/moveit_common/environment/ament_prefix_path.dsv
[0.322s] -- Installing: /home/buhrmann/ws_moveit/install/moveit_common/share/moveit_common/environment/path.sh
[0.322s] -- Installing: /home/buhrmann/ws_moveit/install/moveit_common/share/moveit_common/environment/path.dsv
[0.322s] -- Installing: /home/buhrmann/ws_moveit/install/moveit_common/share/moveit_common/local_setup.bash
[0.322s] -- Installing: /home/buhrmann/ws_moveit/install/moveit_common/share/moveit_common/local_setup.sh
[0.322s] -- Installing: /home/buhrmann/ws_moveit/install/moveit_common/share/moveit_common/local_setup.zsh
[0.322s] -- Installing: /home/buhrmann/ws_moveit/install/moveit_common/share/moveit_common/local_setup.dsv
[0.322s] -- Installing: /home/buhrmann/ws_moveit/install/moveit_common/share/moveit_common/package.dsv
[0.323s] -- Installing: /home/buhrmann/ws_moveit/install/moveit_common/share/ament_index/resource_index/packages/moveit_common
[0.331s] -- Installing: /home/buhrmann/ws_moveit/install/moveit_common/share/moveit_common/cmake/moveit_common-extras.cmake
[0.331s] -- Installing: /home/buhrmann/ws_moveit/install/moveit_common/share/moveit_common/cmake/moveit_commonConfig.cmake
[0.332s] -- Installing: /home/buhrmann/ws_moveit/install/moveit_common/share/moveit_common/cmake/moveit_commonConfig-version.cmake
[0.332s] -- Installing: /home/buhrmann/ws_moveit/install/moveit_common/share/moveit_common/package.xml
[0.332s] -- Up-to-date: /home/buhrmann/ws_moveit/install/moveit_common/share/moveit_common/cmake
[0.332s] -- Installing: /home/buhrmann/ws_moveit/install/moveit_common/share/moveit_common/cmake/moveit_package.cmake
[0.335s] Invoked command in '/home/buhrmann/ws_moveit/build/moveit_common' returned '0': CMAKE_PREFIX_PATH=${CMAKE_PREFIX_PATH}:/home/buhrmann/ws_moveit/install/moveit_configs_utils:/opt/ros/iron /usr/bin/cmake --install /home/buhrmann/ws_moveit/build/moveit_common
