[0.166s] Invoking command in '/home/buhrmann/ws_moveit/build/robotiq_controllers': CMAKE_PREFIX_PATH=${CMAKE_PREFIX_PATH}:/home/buhrmann/ws_moveit/install/moveit_configs_utils:/opt/ros/iron /usr/bin/cmake /home/buhrmann/ws_moveit/src/ros2_robotiq_gripper/robotiq_controllers -DCMAKE_INSTALL_PREFIX=/home/buhrmann/ws_moveit/install/robotiq_controllers
[0.178s] -- Found ament_cmake: 2.0.7 (/opt/ros/iron/share/ament_cmake/cmake)
[0.269s] -- Override CMake install command with custom implementation using symlinks instead of copying resources
[0.272s] -- Found controller_interface: 3.30.0 (/opt/ros/iron/share/controller_interface/cmake)
[0.286s] -- Found rosidl_generator_c: 4.0.1 (/opt/ros/iron/share/rosidl_generator_c/cmake)
[0.290s] -- Found rosidl_generator_cpp: 4.0.1 (/opt/ros/iron/share/rosidl_generator_cpp/cmake)
[0.302s] -- Using all available rosidl_typesupport_c: rosidl_typesupport_fastrtps_c;rosidl_typesupport_introspection_c
[0.316s] -- Using all available rosidl_typesupport_cpp: rosidl_typesupport_fastrtps_cpp;rosidl_typesupport_introspection_cpp
[1.008s] -- Found rmw_implementation_cmake: 7.1.0 (/opt/ros/iron/share/rmw_implementation_cmake/cmake)
[1.011s] -- Found rmw_fastrtps_cpp: 7.1.4 (/opt/ros/iron/share/rmw_fastrtps_cpp/cmake)
[1.041s] -- Found TinyXML2 via Config file: TinyXML2_DIR-NOTFOUND
[1.047s] -- Found TinyXML2 via Config file: TinyXML2_DIR-NOTFOUND
[1.064s] -- Found TinyXML2 via Config file: TinyXML2_DIR-NOTFOUND
[1.070s] -- Found TinyXML2 via Config file: TinyXML2_DIR-NOTFOUND
[1.082s] -- Using RMW implementation 'rmw_fastrtps_cpp' as default
[1.206s] -- Found std_srvs: 5.0.1 (/opt/ros/iron/share/std_srvs/cmake)
[1.231s] -- Found ament_lint_auto: 0.14.4 (/opt/ros/iron/share/ament_lint_auto/cmake)
[1.281s] -- Configuring done
[1.291s] -- Generating done
[1.293s] -- Build files have been written to: /home/buhrmann/ws_moveit/build/robotiq_controllers
[1.302s] Invoked command in '/home/buhrmann/ws_moveit/build/robotiq_controllers' returned '0': CMAKE_PREFIX_PATH=${CMAKE_PREFIX_PATH}:/home/buhrmann/ws_moveit/install/moveit_configs_utils:/opt/ros/iron /usr/bin/cmake /home/buhrmann/ws_moveit/src/ros2_robotiq_gripper/robotiq_controllers -DCMAKE_INSTALL_PREFIX=/home/buhrmann/ws_moveit/install/robotiq_controllers
[1.303s] Invoking command in '/home/buhrmann/ws_moveit/build/robotiq_controllers': CMAKE_PREFIX_PATH=${CMAKE_PREFIX_PATH}:/home/buhrmann/ws_moveit/install/moveit_configs_utils:/opt/ros/iron /usr/bin/cmake --build /home/buhrmann/ws_moveit/build/robotiq_controllers -- -j28 -l28
[1.336s] [35m[1mConsolidate compiler generated dependencies of target robotiq_controllers[0m
[1.347s] [100%] Built target robotiq_controllers
[1.355s] Invoked command in '/home/buhrmann/ws_moveit/build/robotiq_controllers' returned '0': CMAKE_PREFIX_PATH=${CMAKE_PREFIX_PATH}:/home/buhrmann/ws_moveit/install/moveit_configs_utils:/opt/ros/iron /usr/bin/cmake --build /home/buhrmann/ws_moveit/build/robotiq_controllers -- -j28 -l28
[1.356s] Invoking command in '/home/buhrmann/ws_moveit/build/robotiq_controllers': CMAKE_PREFIX_PATH=${CMAKE_PREFIX_PATH}:/home/buhrmann/ws_moveit/install/moveit_configs_utils:/opt/ros/iron /usr/bin/cmake --install /home/buhrmann/ws_moveit/build/robotiq_controllers
[1.361s] -- Install configuration: ""
[1.361s] -- Execute custom install script
[1.361s] -- Symlinking: /home/buhrmann/ws_moveit/install/robotiq_controllers/share/robotiq_controllers//controller_plugins.xml
[1.366s] -- Symlinking: /home/buhrmann/ws_moveit/install/robotiq_controllers/include/robotiq_controllers/robotiq_activation_controller.hpp
[1.371s] -- Symlinking: /home/buhrmann/ws_moveit/install/robotiq_controllers/share/robotiq_controllers/environment/library_path.sh
[1.377s] -- Symlinking: /home/buhrmann/ws_moveit/install/robotiq_controllers/share/robotiq_controllers/environment/library_path.dsv
[1.386s] -- Symlinking: /home/buhrmann/ws_moveit/install/robotiq_controllers/share/ament_index/resource_index/package_run_dependencies/robotiq_controllers
[1.394s] -- Symlinking: /home/buhrmann/ws_moveit/install/robotiq_controllers/share/ament_index/resource_index/parent_prefix_path/robotiq_controllers
[1.400s] -- Symlinking: /home/buhrmann/ws_moveit/install/robotiq_controllers/share/robotiq_controllers/environment/ament_prefix_path.sh
[1.408s] -- Symlinking: /home/buhrmann/ws_moveit/install/robotiq_controllers/share/robotiq_controllers/environment/ament_prefix_path.dsv
[1.414s] -- Symlinking: /home/buhrmann/ws_moveit/install/robotiq_controllers/share/robotiq_controllers/environment/path.sh
[1.421s] -- Symlinking: /home/buhrmann/ws_moveit/install/robotiq_controllers/share/robotiq_controllers/environment/path.dsv
[1.429s] -- Symlinking: /home/buhrmann/ws_moveit/install/robotiq_controllers/share/robotiq_controllers/local_setup.bash
[1.436s] -- Symlinking: /home/buhrmann/ws_moveit/install/robotiq_controllers/share/robotiq_controllers/local_setup.sh
[1.442s] -- Symlinking: /home/buhrmann/ws_moveit/install/robotiq_controllers/share/robotiq_controllers/local_setup.zsh
[1.450s] -- Symlinking: /home/buhrmann/ws_moveit/install/robotiq_controllers/share/robotiq_controllers/local_setup.dsv
[1.458s] -- Symlinking: /home/buhrmann/ws_moveit/install/robotiq_controllers/share/robotiq_controllers/package.dsv
[1.466s] -- Symlinking: /home/buhrmann/ws_moveit/install/robotiq_controllers/share/ament_index/resource_index/packages/robotiq_controllers
[1.475s] -- Symlinking: /home/buhrmann/ws_moveit/install/robotiq_controllers/share/ament_index/resource_index/controller_interface__pluginlib__plugin/robotiq_controllers
[1.484s] -- Symlinking: /home/buhrmann/ws_moveit/install/robotiq_controllers/share/robotiq_controllers/cmake/ament_cmake_export_include_directories-extras.cmake
[1.491s] -- Symlinking: /home/buhrmann/ws_moveit/install/robotiq_controllers/share/robotiq_controllers/cmake/ament_cmake_export_libraries-extras.cmake
[1.498s] -- Symlinking: /home/buhrmann/ws_moveit/install/robotiq_controllers/share/robotiq_controllers/cmake/ament_cmake_export_targets-extras.cmake
[1.504s] -- Symlinking: /home/buhrmann/ws_moveit/install/robotiq_controllers/share/robotiq_controllers/cmake/ament_cmake_export_dependencies-extras.cmake
[1.511s] -- Symlinking: /home/buhrmann/ws_moveit/install/robotiq_controllers/share/robotiq_controllers/cmake/robotiq_controllersConfig.cmake
[1.518s] -- Symlinking: /home/buhrmann/ws_moveit/install/robotiq_controllers/share/robotiq_controllers/cmake/robotiq_controllersConfig-version.cmake
[1.524s] -- Symlinking: /home/buhrmann/ws_moveit/install/robotiq_controllers/share/robotiq_controllers/package.xml
[1.534s] -- Installing: /home/buhrmann/ws_moveit/install/robotiq_controllers/lib/librobotiq_controllers.so
[1.534s] -- Set runtime path of "/home/buhrmann/ws_moveit/install/robotiq_controllers/lib/librobotiq_controllers.so" to ""
[1.534s] -- Up-to-date: /home/buhrmann/ws_moveit/install/robotiq_controllers/share/robotiq_controllers/cmake/export_robotiq_controllersExport.cmake
[1.534s] -- Up-to-date: /home/buhrmann/ws_moveit/install/robotiq_controllers/share/robotiq_controllers/cmake/export_robotiq_controllersExport-noconfig.cmake
[1.535s] Invoked command in '/home/buhrmann/ws_moveit/build/robotiq_controllers' returned '0': CMAKE_PREFIX_PATH=${CMAKE_PREFIX_PATH}:/home/buhrmann/ws_moveit/install/moveit_configs_utils:/opt/ros/iron /usr/bin/cmake --install /home/buhrmann/ws_moveit/build/robotiq_controllers
