[0.145s] Invoking command in '/home/buhrmann/ws_moveit/build/object_detection_pcl': CMAKE_PREFIX_PATH=${CMAKE_PREFIX_PATH}:/home/buhrmann/ws_moveit/install/moveit_configs_utils:/opt/ros/iron /usr/bin/cmake --build /home/buhrmann/ws_moveit/build/object_detection_pcl -- -j28 -l28
[0.162s] -- Found ament_cmake: 2.0.6 (/opt/ros/iron/share/ament_cmake/cmake)
[0.252s] -- Found rclpy: 4.1.6 (/opt/ros/iron/share/rclpy/cmake)
[0.252s] -- Found sensor_msgs: 5.0.1 (/opt/ros/iron/share/sensor_msgs/cmake)
[0.261s] -- Found rosidl_generator_c: 4.0.1 (/opt/ros/iron/share/rosidl_generator_c/cmake)
[0.261s] -- Found rosidl_generator_cpp: 4.0.1 (/opt/ros/iron/share/rosidl_generator_cpp/cmake)
[0.269s] -- Using all available rosidl_typesupport_c: rosidl_typesupport_fastrtps_c;rosidl_typesupport_introspection_c
[0.278s] -- Using all available rosidl_typesupport_cpp: rosidl_typesupport_fastrtps_cpp;rosidl_typesupport_introspection_cpp
[0.375s] -- Found visualization_msgs: 5.0.1 (/opt/ros/iron/share/visualization_msgs/cmake)
[0.453s] -- Found cv_bridge: 3.5.0 (/opt/ros/iron/share/cv_bridge/cmake)
[0.506s] -- Found rmw_implementation_cmake: 7.1.0 (/opt/ros/iron/share/rmw_implementation_cmake/cmake)
[0.509s] -- Found rmw_fastrtps_cpp: 7.1.4 (/opt/ros/iron/share/rmw_fastrtps_cpp/cmake)
[0.597s] -- Using RMW implementation 'rmw_fastrtps_cpp' as default
[0.686s] [31mCMake Error at CMakeLists.txt:15 (find_package):
[0.686s]   By not providing "Findpcl_conversions.cmake" in CMAKE_MODULE_PATH this
[0.686s]   project has asked CMake to find a package configuration file provided by
[0.686s]   "pcl_conversions", but CMake did not find one.
[0.686s] 
[0.686s]   Could not find a package configuration file provided by "pcl_conversions"
[0.686s]   with any of the following names:
[0.687s] 
[0.687s]     pcl_conversionsConfig.cmake
[0.687s]     pcl_conversions-config.cmake
[0.687s] 
[0.687s]   Add the installation prefix of "pcl_conversions" to CMAKE_PREFIX_PATH or
[0.687s]   set "pcl_conversions_DIR" to a directory containing one of the above files.
[0.687s]   If "pcl_conversions" provides a separate development package or SDK, be
[0.687s]   sure it has been installed.
[0.687s] 
[0.687s] [0m
[0.687s] -- Configuring incomplete, errors occurred!
[0.687s] See also "/home/buhrmann/ws_moveit/build/object_detection_pcl/CMakeFiles/CMakeOutput.log".
[0.690s] gmake: *** [Makefile:226: cmake_check_build_system] Error 1
