-- Found moveit_common: 2.11.0 (/home/buhrmann/ws_moveit/install/moveit_common/share/moveit_common/cmake)
-- Found ament_cmake: 2.0.7 (/opt/ros/iron/share/ament_cmake/cmake)
-- Found angles: 1.16.0 (/opt/ros/iron/share/angles/cmake)
-- Found common_interfaces: 5.0.1 (/opt/ros/iron/share/common_interfaces/cmake)
-- Found eigen_stl_containers: 1.0.0 (/opt/ros/iron/share/eigen_stl_containers/cmake)
-- Found eigen3_cmake_module: 0.2.2 (/opt/ros/iron/share/eigen3_cmake_module/cmake)
-- Found generate_parameter_library: 0.3.9 (/opt/ros/iron/share/generate_parameter_library/cmake)
-- Found parameter_traits: 0.3.9 (/opt/ros/iron/share/parameter_traits/cmake)
-- Found rosidl_generator_c: 4.0.1 (/opt/ros/iron/share/rosidl_generator_c/cmake)
-- Found rosidl_generator_cpp: 4.0.1 (/opt/ros/iron/share/rosidl_generator_cpp/cmake)
-- Using all available rosidl_typesupport_c: rosidl_typesupport_fastrtps_c;rosidl_typesupport_introspection_c
-- Using all available rosidl_typesupport_cpp: rosidl_typesupport_fastrtps_cpp;rosidl_typesupport_introspection_cpp
-- Found rmw_implementation_cmake: 7.1.0 (/opt/ros/iron/share/rmw_implementation_cmake/cmake)
-- Found rmw_fastrtps_cpp: 7.1.4 (/opt/ros/iron/share/rmw_fastrtps_cpp/cmake)
-- Using RMW implementation 'rmw_fastrtps_cpp' as default
-- Found rclcpp_lifecycle: 21.0.8 (/opt/ros/iron/share/rclcpp_lifecycle/cmake)
-- Found geometric_shapes: 2.1.3 (/opt/ros/iron/share/geometric_shapes/cmake)
-- Found Boost: /usr/lib/x86_64-linux-gnu/cmake/Boost-1.74.0/BoostConfig.cmake (found version "1.74.0") found components: filesystem 
-- library: /usr/lib/x86_64-linux-gnu/libcurl.so
-- Found kdl_parser: 2.9.0 (/opt/ros/iron/share/kdl_parser/cmake)
-- Ensuring Eigen3 include directory is part of orocos-kdl CMake target
-- Found moveit_msgs: 2.6.0 (/home/buhrmann/ws_moveit/install/moveit_msgs/share/moveit_msgs/cmake)
-- Found pluginlib: 5.2.2 (/opt/ros/iron/share/pluginlib/cmake)
-- Found srdfdom: 2.0.5 (/opt/ros/iron/share/srdfdom/cmake)
-- Found tf2_eigen: 0.31.8 (/opt/ros/iron/share/tf2_eigen/cmake)
-- Found tf2_geometry_msgs: 0.31.8 (/opt/ros/iron/share/tf2_geometry_msgs/cmake)
-- Found tf2_kdl: 0.31.8 (/opt/ros/iron/share/tf2_kdl/cmake)
-- Found Boost: /usr/lib/x86_64-linux-gnu/cmake/Boost-1.74.0/BoostConfig.cmake (found version "1.74.0") found components: chrono date_time filesystem iostreams program_options regex serialization system thread 
-- Found ament_cmake_gtest: 2.0.7 (/opt/ros/iron/share/ament_cmake_gtest/cmake)
-- Found gtest sources under '/opt/ros/iron/src/gtest_vendor': C++ tests using 'Google Test' will be built
-- Found gtest sources under '/opt/ros/iron/src/gtest_vendor': C++ tests using 'Google Test' will be built
-- Found gtest sources under '/opt/ros/iron/src/gtest_vendor': C++ tests using 'Google Test' will be built
-- Found ament_cmake_gtest: 2.0.7 (/opt/ros/iron/share/ament_cmake_gtest/cmake)
-- Found gtest sources under '/opt/ros/iron/src/gtest_vendor': C++ tests using 'Google Test' will be built
-- Found ament_cmake_gmock: 2.0.7 (/opt/ros/iron/share/ament_cmake_gmock/cmake)
-- Found gmock sources under '/opt/ros/iron/src/gmock_vendor': C++ tests using 'Google Mock' will be built
-- Found ament_cmake_gtest: 2.0.7 (/opt/ros/iron/share/ament_cmake_gtest/cmake)
-- Found gtest sources under '/opt/ros/iron/src/gtest_vendor': C++ tests using 'Google Test' will be built
-- Found ament_cmake_gtest: 2.0.7 (/opt/ros/iron/share/ament_cmake_gtest/cmake)
-- Found gtest sources under '/opt/ros/iron/src/gtest_vendor': C++ tests using 'Google Test' will be built
-- Found ament_cmake_gtest: 2.0.7 (/opt/ros/iron/share/ament_cmake_gtest/cmake)
-- Found gtest sources under '/opt/ros/iron/src/gtest_vendor': C++ tests using 'Google Test' will be built
-- Found ament_cmake_gtest: 2.0.7 (/opt/ros/iron/share/ament_cmake_gtest/cmake)
-- Found gtest sources under '/opt/ros/iron/src/gtest_vendor': C++ tests using 'Google Test' will be built
-- Found ament_cmake_gtest: 2.0.7 (/opt/ros/iron/share/ament_cmake_gtest/cmake)
-- Found gtest sources under '/opt/ros/iron/src/gtest_vendor': C++ tests using 'Google Test' will be built
-- Found ament_cmake_gtest: 2.0.7 (/opt/ros/iron/share/ament_cmake_gtest/cmake)
-- Found gtest sources under '/opt/ros/iron/src/gtest_vendor': C++ tests using 'Google Test' will be built
-- Found ament_cmake_google_benchmark: 2.0.7 (/opt/ros/iron/share/ament_cmake_google_benchmark/cmake)
-- Found ament_cmake_gtest: 2.0.7 (/opt/ros/iron/share/ament_cmake_gtest/cmake)
-- Found gtest sources under '/opt/ros/iron/src/gtest_vendor': C++ tests using 'Google Test' will be built
-- Performance tests are disabled by default, so Google Benchmark tests will be skipped. To enable these tests, set the CMake variable 'AMENT_RUN_PERFORMANCE_TESTS'.
-- Found gtest sources under '/opt/ros/iron/src/gtest_vendor': C++ tests using 'Google Test' will be built
-- Found ament_cmake_google_benchmark: 2.0.7 (/opt/ros/iron/share/ament_cmake_google_benchmark/cmake)
-- Found ament_cmake_gtest: 2.0.7 (/opt/ros/iron/share/ament_cmake_gtest/cmake)
-- Found gtest sources under '/opt/ros/iron/src/gtest_vendor': C++ tests using 'Google Test' will be built
-- Performance tests are disabled by default, so Google Benchmark tests will be skipped. To enable these tests, set the CMake variable 'AMENT_RUN_PERFORMANCE_TESTS'.
-- Found ament_cmake_gtest: 2.0.7 (/opt/ros/iron/share/ament_cmake_gtest/cmake)
-- Found gtest sources under '/opt/ros/iron/src/gtest_vendor': C++ tests using 'Google Test' will be built
-- Found launch_testing_ament_cmake: 2.0.4 (/opt/ros/iron/share/launch_testing_ament_cmake/cmake)
-- Found python_cmake_module: 0.10.2 (/opt/ros/iron/share/python_cmake_module/cmake)
-- Using PYTHON_EXECUTABLE: /usr/bin/python3
-- Using PYTHON_INCLUDE_DIRS: /usr/include/python3.10
-- Using PYTHON_LIBRARIES: /usr/lib/x86_64-linux-gnu/libpython3.10.so
--  *** Building MoveIt 2.11.0 devel ***
-- Configuring done
-- Generating done
-- Build files have been written to: /home/buhrmann/ws_moveit/build/moveit_core
[35m[1mConsolidate compiler generated dependencies of target gtest_main[0m
[35m[1mConsolidate compiler generated dependencies of target moveit_smoothing_base[0m
[35m[1mConsolidate compiler generated dependencies of target gtest[0m
[35m[1mConsolidate compiler generated dependencies of target gmock_main[0m
[35m[1mConsolidate compiler generated dependencies of target gmock[0m
[35m[1mConsolidate compiler generated dependencies of target moveit_utils[0m
[  1%] [34m[1mGenerate version header[0m
[  2%] Built target moveit_ruckig_filter_parameters
[  2%] Built target moveit_butterworth_filter_parameters
[  3%] Built target gtest_main
[  4%] Built target moveit_acceleration_filter_parameters
[  5%] Built target moveit_smoothing_base
[  7%] Built target gmock_main
[  8%] Built target gtest
[  9%] Built target gmock
[ 12%] Built target moveit_utils
[35m[1mConsolidate compiler generated dependencies of target moveit_exceptions[0m
[35m[1mConsolidate compiler generated dependencies of target moveit_distance_field[0m
[35m[1mConsolidate compiler generated dependencies of target moveit_transforms[0m
[35m[1mConsolidate compiler generated dependencies of target logger_dut[0m
[ 13%] [34m[1mGenerating version.h[0m
[ 14%] Built target moveit_exceptions
[ 14%] Built target version_h
[ 15%] [32m[1mLinking CXX executable logger_dut[0m
[ 16%] Built target moveit_transforms
[ 19%] Built target moveit_distance_field
[35m[1mConsolidate compiler generated dependencies of target moveit_version[0m
[35m[1mConsolidate compiler generated dependencies of target moveit_robot_model[0m
[35m[1mConsolidate compiler generated dependencies of target test_transforms[0m
[ 19%] [32m[1mLinking CXX executable moveit_version[0m
[35m[1mConsolidate compiler generated dependencies of target test_voxel_grid[0m
[35m[1mConsolidate compiler generated dependencies of target test_distance_field[0m
[ 20%] [32m[1mLinking CXX executable test_transforms[0m
[ 20%] [32m[1mLinking CXX executable test_voxel_grid[0m
[ 20%] [32m[1mLinking CXX executable test_distance_field[0m
[ 26%] Built target moveit_robot_model
[35m[1mConsolidate compiler generated dependencies of target moveit_kinematics_base[0m
[35m[1mConsolidate compiler generated dependencies of target moveit_butterworth_filter[0m
[ 27%] Built target moveit_butterworth_filter
[ 28%] Built target moveit_kinematics_base
[ 29%] Built target moveit_version
[35m[1mConsolidate compiler generated dependencies of target test_butterworth_filter[0m
[35m[1mConsolidate compiler generated dependencies of target moveit_test_utils[0m
[35m[1mConsolidate compiler generated dependencies of target moveit_robot_state[0m
[ 29%] [32m[1mLinking CXX executable test_butterworth_filter[0m
[ 30%] Built target moveit_test_utils
[ 33%] Built target moveit_robot_state
[35m[1mConsolidate compiler generated dependencies of target test_robot_model[0m
[ 33%] Built target logger_dut
[35m[1mConsolidate compiler generated dependencies of target test_robot_state_complex[0m
[35m[1mConsolidate compiler generated dependencies of target test_robot_state[0m
[35m[1mConsolidate compiler generated dependencies of target moveit_acceleration_filter[0m
[35m[1mConsolidate compiler generated dependencies of target moveit_ruckig_filter[0m
[35m[1mConsolidate compiler generated dependencies of target moveit_kinematics_metrics[0m
[35m[1mConsolidate compiler generated dependencies of target moveit_dynamics_solver[0m
[35m[1mConsolidate compiler generated dependencies of target moveit_robot_trajectory[0m
[35m[1mConsolidate compiler generated dependencies of target robot_state_benchmark[0m
[35m[1mConsolidate compiler generated dependencies of target test_cartesian_interpolator[0m
[35m[1mConsolidate compiler generated dependencies of target test_aabb[0m
[35m[1mConsolidate compiler generated dependencies of target moveit_collision_detection[0m
[ 33%] [32m[1mLinking CXX executable test_robot_state[0m
[ 33%] [32m[1mLinking CXX executable test_robot_state_complex[0m
[ 33%] [32m[1mLinking CXX executable test_robot_model[0m
[ 34%] Built target moveit_acceleration_filter
[ 35%] Built target moveit_kinematics_metrics
[ 36%] Built target moveit_ruckig_filter
[ 36%] Built target test_transforms
[35m[1mConsolidate compiler generated dependencies of target test_acceleration_filter[0m
[ 37%] Built target moveit_robot_trajectory
[ 38%] [32m[1mLinking CXX executable test_aabb[0m
[ 39%] Built target moveit_dynamics_solver
[ 40%] [32m[1mLinking CXX executable robot_state_benchmark[0m
[ 40%] [32m[1mLinking CXX executable test_cartesian_interpolator[0m
[35m[1mConsolidate compiler generated dependencies of target test_robot_trajectory[0m
[35m[1mConsolidate compiler generated dependencies of target moveit_trajectory_processing[0m
[ 46%] Built target moveit_collision_detection
[ 47%] [32m[1mLinking CXX executable test_acceleration_filter[0m
[35m[1mConsolidate compiler generated dependencies of target test_world[0m
[35m[1mConsolidate compiler generated dependencies of target moveit_collision_detection_fcl[0m
[ 48%] [32m[1mLinking CXX executable test_robot_trajectory[0m
[35m[1mConsolidate compiler generated dependencies of target test_world_diff[0m
[35m[1mConsolidate compiler generated dependencies of target test_all_valid[0m
[35m[1mConsolidate compiler generated dependencies of target moveit_collision_detection_bullet[0m
[ 48%] [32m[1mLinking CXX executable test_world[0m
[ 48%] [32m[1mLinking CXX executable test_world_diff[0m
[ 50%] Built target moveit_trajectory_processing
[ 51%] Built target moveit_collision_detection_fcl
[ 52%] [32m[1mLinking CXX executable test_all_valid[0m
[35m[1mConsolidate compiler generated dependencies of target robot_trajectory_benchmark[0m
[35m[1mConsolidate compiler generated dependencies of target test_fcl_collision_detection_panda[0m
[35m[1mConsolidate compiler generated dependencies of target test_time_optimal_trajectory_generation[0m
[35m[1mConsolidate compiler generated dependencies of target test_ruckig_traj_smoothing[0m
[35m[1mConsolidate compiler generated dependencies of target test_fcl_collision_detection[0m
[35m[1mConsolidate compiler generated dependencies of target moveit_kinematic_constraints[0m
[35m[1mConsolidate compiler generated dependencies of target test_fcl_collision_env[0m
[ 54%] [32mBuilding CXX object collision_detection_bullet/CMakeFiles/moveit_collision_detection_bullet.dir/src/bullet_integration/bullet_cast_bvh_manager.cpp.o[0m
[ 54%] [32mBuilding CXX object collision_detection_bullet/CMakeFiles/moveit_collision_detection_bullet.dir/src/bullet_integration/bullet_discrete_bvh_manager.cpp.o[0m
[ 54%] [32mBuilding CXX object collision_detection_bullet/CMakeFiles/moveit_collision_detection_bullet.dir/src/bullet_integration/bullet_utils.cpp.o[0m
[ 55%] [32m[1mLinking CXX executable test_time_optimal_trajectory_generation[0m
[ 55%] [32mBuilding CXX object collision_detection_bullet/CMakeFiles/moveit_collision_detection_bullet.dir/src/bullet_integration/contact_checker_common.cpp.o[0m
[ 55%] [32mBuilding CXX object collision_detection_bullet/CMakeFiles/moveit_collision_detection_bullet.dir/src/collision_env_bullet.cpp.o[0m
[ 55%] [32m[1mLinking CXX executable robot_trajectory_benchmark[0m
[ 56%] [32mBuilding CXX object collision_detection_bullet/CMakeFiles/moveit_collision_detection_bullet.dir/src/bullet_integration/ros_bullet_utils.cpp.o[0m
[ 57%] [32m[1mLinking CXX executable test_ruckig_traj_smoothing[0m
[ 59%] [32m[1mLinking CXX executable test_fcl_collision_detection_panda[0m
[ 59%] [32m[1mLinking CXX executable test_fcl_collision_detection[0m
[ 59%] Built target test_distance_field
[ 60%] [32m[1mLinking CXX executable test_fcl_collision_env[0m
[ 62%] Built target moveit_kinematic_constraints
[35m[1mConsolidate compiler generated dependencies of target test_constraints[0m
[35m[1mConsolidate compiler generated dependencies of target moveit_planning_scene[0m
[35m[1mConsolidate compiler generated dependencies of target test_orientation_constraints[0m
[ 62%] [32m[1mLinking CXX executable test_constraints[0m
[ 63%] [32m[1mLinking CXX executable test_orientation_constraints[0m
[ 63%] [32mBuilding CXX object planning_scene/CMakeFiles/moveit_planning_scene.dir/src/planning_scene.cpp.o[0m
[ 64%] Built target test_butterworth_filter
[ 65%] Built target test_robot_model
[ 66%] Built target test_world_diff
[ 67%] Built target test_cartesian_interpolator
[ 68%] Built target test_aabb
[ 69%] Built target robot_state_benchmark
[ 70%] Built target test_voxel_grid
[ 71%] Built target test_robot_state
[ 72%] Built target test_world
[ 72%] Built target test_all_valid
[ 73%] Built target test_robot_state_complex
[ 73%] Built target test_time_optimal_trajectory_generation
[ 73%] Built target test_ruckig_traj_smoothing
[ 73%] Built target test_acceleration_filter
[ 74%] Built target robot_trajectory_benchmark
[ 75%] Built target test_robot_trajectory
[ 76%] Built target test_fcl_collision_detection
[ 76%] Built target test_fcl_collision_env
[ 77%] Built target test_fcl_collision_detection_panda
[ 77%] Built target test_orientation_constraints
[ 78%] Built target test_constraints
[ 79%] [32m[1mLinking CXX shared library libmoveit_collision_detection_bullet.so[0m
[ 80%] Built target moveit_collision_detection_bullet
[35m[1mConsolidate compiler generated dependencies of target test_bullet_collision_detection[0m
[35m[1mConsolidate compiler generated dependencies of target test_bullet_collision_detection_panda[0m
[35m[1mConsolidate compiler generated dependencies of target test_bullet_continuous_collision_checking[0m
[ 81%] [32m[1mLinking CXX executable test_bullet_continuous_collision_checking[0m
[ 81%] [32m[1mLinking CXX executable test_bullet_collision_detection_panda[0m
[ 81%] [32m[1mLinking CXX executable test_bullet_collision_detection[0m
[ 82%] Built target test_bullet_collision_detection_panda
[ 83%] Built target test_bullet_continuous_collision_checking
[ 83%] Built target test_bullet_collision_detection
[ 84%] [32m[1mLinking CXX shared library libmoveit_planning_scene.so[0m
[ 84%] Built target moveit_planning_scene
[35m[1mConsolidate compiler generated dependencies of target collision_detector_bullet_plugin[0m
[35m[1mConsolidate compiler generated dependencies of target collision_detector_fcl_plugin[0m
[35m[1mConsolidate compiler generated dependencies of target test_collision_objects[0m
[35m[1mConsolidate compiler generated dependencies of target test_multi_threaded[0m
[35m[1mConsolidate compiler generated dependencies of target test_planning_scene[0m
[35m[1mConsolidate compiler generated dependencies of target moveit_planning_interface[0m
[35m[1mConsolidate compiler generated dependencies of target moveit_collision_distance_field[0m
[35m[1mConsolidate compiler generated dependencies of target moveit_constraint_samplers[0m
[ 85%] [32m[1mLinking CXX shared library libcollision_detector_bullet_plugin.so[0m
[ 86%] [32m[1mLinking CXX shared library libcollision_detector_fcl_plugin.so[0m
[ 87%] [32m[1mLinking CXX executable test_multi_threaded[0m
[ 88%] [32m[1mLinking CXX shared library libmoveit_planning_interface.so[0m
[ 89%] [32m[1mLinking CXX executable test_collision_objects[0m
[ 90%] [32mBuilding CXX object planning_scene/CMakeFiles/test_planning_scene.dir/test/test_planning_scene.cpp.o[0m
[ 91%] [32m[1mLinking CXX shared library libmoveit_collision_distance_field.so[0m
[ 91%] [32m[1mLinking CXX shared library libmoveit_constraint_samplers.so[0m
[ 91%] Built target collision_detector_bullet_plugin
[ 92%] Built target moveit_planning_interface
[ 92%] Built target collision_detector_fcl_plugin
[ 97%] Built target moveit_constraint_samplers
[ 97%] Built target moveit_collision_distance_field
[35m[1mConsolidate compiler generated dependencies of target test_collision_distance_field[0m
[35m[1mConsolidate compiler generated dependencies of target test_constraint_samplers[0m
[ 97%] Built target test_collision_objects
[ 97%] Built target test_multi_threaded
[ 98%] [32m[1mLinking CXX executable test_collision_distance_field[0m
[ 99%] [32m[1mLinking CXX executable test_constraint_samplers[0m
[ 99%] Built target test_collision_distance_field
[100%] Built target test_constraint_samplers
[100%] [32m[1mLinking CXX executable test_planning_scene[0m
[100%] Built target test_planning_scene
-- Install configuration: "Release"
-- Up-to-date: /home/buhrmann/ws_moveit/install/moveit_core/include/moveit_core
-- Up-to-date: /home/buhrmann/ws_moveit/install/moveit_core/include/moveit_core/moveit
-- Up-to-date: /home/buhrmann/ws_moveit/install/moveit_core/include/moveit_core/moveit/collision_detection_bullet
-- Up-to-date: /home/buhrmann/ws_moveit/install/moveit_core/include/moveit_core/moveit/collision_detection_bullet/collision_detector_bullet_plugin_loader.h
-- Up-to-date: /home/buhrmann/ws_moveit/install/moveit_core/include/moveit_core/moveit/collision_detection_bullet/bullet_integration
-- Up-to-date: /home/buhrmann/ws_moveit/install/moveit_core/include/moveit_core/moveit/collision_detection_bullet/bullet_integration/bullet_discrete_bvh_manager.h
-- Up-to-date: /home/buhrmann/ws_moveit/install/moveit_core/include/moveit_core/moveit/collision_detection_bullet/bullet_integration/basic_types.h
-- Up-to-date: /home/buhrmann/ws_moveit/install/moveit_core/include/moveit_core/moveit/collision_detection_bullet/bullet_integration/ros_bullet_utils.h
-- Up-to-date: /home/buhrmann/ws_moveit/install/moveit_core/include/moveit_core/moveit/collision_detection_bullet/bullet_integration/contact_checker_common.h
-- Up-to-date: /home/buhrmann/ws_moveit/install/moveit_core/include/moveit_core/moveit/collision_detection_bullet/bullet_integration/bullet_bvh_manager.h
-- Up-to-date: /home/buhrmann/ws_moveit/install/moveit_core/include/moveit_core/moveit/collision_detection_bullet/bullet_integration/bullet_utils.h
-- Up-to-date: /home/buhrmann/ws_moveit/install/moveit_core/include/moveit_core/moveit/collision_detection_bullet/bullet_integration/bullet_cast_bvh_manager.h
-- Up-to-date: /home/buhrmann/ws_moveit/install/moveit_core/include/moveit_core/moveit/collision_detection_bullet/collision_detector_allocator_bullet.h
-- Up-to-date: /home/buhrmann/ws_moveit/install/moveit_core/include/moveit_core/moveit/collision_detection_bullet/collision_env_bullet.h
-- Up-to-date: /home/buhrmann/ws_moveit/install/moveit_core/include/moveit_core/moveit_collision_detection_bullet_export.h
-- Up-to-date: /home/buhrmann/ws_moveit/install/moveit_core/include/moveit_core
-- Up-to-date: /home/buhrmann/ws_moveit/install/moveit_core/include/moveit_core/moveit
-- Up-to-date: /home/buhrmann/ws_moveit/install/moveit_core/include/moveit_core/moveit/collision_detection_fcl
-- Up-to-date: /home/buhrmann/ws_moveit/install/moveit_core/include/moveit_core/moveit/collision_detection_fcl/collision_common.h
-- Up-to-date: /home/buhrmann/ws_moveit/install/moveit_core/include/moveit_core/moveit/collision_detection_fcl/collision_detector_allocator_fcl.h
-- Up-to-date: /home/buhrmann/ws_moveit/install/moveit_core/include/moveit_core/moveit/collision_detection_fcl/collision_detector_fcl_plugin_loader.h
-- Up-to-date: /home/buhrmann/ws_moveit/install/moveit_core/include/moveit_core/moveit/collision_detection_fcl/collision_env_fcl.h
-- Up-to-date: /home/buhrmann/ws_moveit/install/moveit_core/include/moveit_core/moveit/collision_detection_fcl/fcl_compat.h
-- Up-to-date: /home/buhrmann/ws_moveit/install/moveit_core/include/moveit_core/moveit_collision_detection_fcl_export.h
-- Up-to-date: /home/buhrmann/ws_moveit/install/moveit_core/include/moveit_core
-- Up-to-date: /home/buhrmann/ws_moveit/install/moveit_core/include/moveit_core/moveit
-- Up-to-date: /home/buhrmann/ws_moveit/install/moveit_core/include/moveit_core/moveit/collision_detection
-- Up-to-date: /home/buhrmann/ws_moveit/install/moveit_core/include/moveit_core/moveit/collision_detection/collision_common.h
-- Up-to-date: /home/buhrmann/ws_moveit/install/moveit_core/include/moveit_core/moveit/collision_detection/world_diff.h
-- Up-to-date: /home/buhrmann/ws_moveit/install/moveit_core/include/moveit_core/moveit/collision_detection/collision_tools.h
-- Up-to-date: /home/buhrmann/ws_moveit/install/moveit_core/include/moveit_core/moveit/collision_detection/collision_plugin_cache.h
-- Up-to-date: /home/buhrmann/ws_moveit/install/moveit_core/include/moveit_core/moveit/collision_detection/collision_env.h
-- Up-to-date: /home/buhrmann/ws_moveit/install/moveit_core/include/moveit_core/moveit/collision_detection/test_collision_common_pr2.h
-- Up-to-date: /home/buhrmann/ws_moveit/install/moveit_core/include/moveit_core/moveit/collision_detection/collision_matrix.h
-- Up-to-date: /home/buhrmann/ws_moveit/install/moveit_core/include/moveit_core/moveit/collision_detection/occupancy_map.h
-- Up-to-date: /home/buhrmann/ws_moveit/install/moveit_core/include/moveit_core/moveit/collision_detection/world.h
-- Up-to-date: /home/buhrmann/ws_moveit/install/moveit_core/include/moveit_core/moveit/collision_detection/collision_plugin.h
-- Up-to-date: /home/buhrmann/ws_moveit/install/moveit_core/include/moveit_core/moveit/collision_detection/test_collision_common_panda.h
-- Up-to-date: /home/buhrmann/ws_moveit/install/moveit_core/include/moveit_core/moveit/collision_detection/allvalid
-- Up-to-date: /home/buhrmann/ws_moveit/install/moveit_core/include/moveit_core/moveit/collision_detection/allvalid/collision_detector_allocator_allvalid.h
-- Up-to-date: /home/buhrmann/ws_moveit/install/moveit_core/include/moveit_core/moveit/collision_detection/allvalid/collision_env_allvalid.h
-- Up-to-date: /home/buhrmann/ws_moveit/install/moveit_core/include/moveit_core/moveit/collision_detection/collision_octomap_filter.h
-- Up-to-date: /home/buhrmann/ws_moveit/install/moveit_core/include/moveit_core/moveit/collision_detection/collision_detector_allocator.h
-- Up-to-date: /home/buhrmann/ws_moveit/install/moveit_core/include/moveit_core/moveit_collision_detection_export.h
-- Up-to-date: /home/buhrmann/ws_moveit/install/moveit_core/include/moveit_core
-- Up-to-date: /home/buhrmann/ws_moveit/install/moveit_core/include/moveit_core/moveit
-- Up-to-date: /home/buhrmann/ws_moveit/install/moveit_core/include/moveit_core/moveit/collision_distance_field
-- Up-to-date: /home/buhrmann/ws_moveit/install/moveit_core/include/moveit_core/moveit/collision_distance_field/collision_env_distance_field.h
-- Up-to-date: /home/buhrmann/ws_moveit/install/moveit_core/include/moveit_core/moveit/collision_distance_field/collision_env_hybrid.h
-- Up-to-date: /home/buhrmann/ws_moveit/install/moveit_core/include/moveit_core/moveit/collision_distance_field/collision_common_distance_field.h
-- Up-to-date: /home/buhrmann/ws_moveit/install/moveit_core/include/moveit_core/moveit/collision_distance_field/collision_detector_allocator_hybrid.h
-- Up-to-date: /home/buhrmann/ws_moveit/install/moveit_core/include/moveit_core/moveit/collision_distance_field/collision_distance_field_types.h
-- Up-to-date: /home/buhrmann/ws_moveit/install/moveit_core/include/moveit_core/moveit/collision_distance_field/collision_detector_allocator_distance_field.h
-- Up-to-date: /home/buhrmann/ws_moveit/install/moveit_core/include/moveit_core/moveit_collision_distance_field_export.h
-- Up-to-date: /home/buhrmann/ws_moveit/install/moveit_core/include/moveit_core
-- Up-to-date: /home/buhrmann/ws_moveit/install/moveit_core/include/moveit_core/moveit
-- Up-to-date: /home/buhrmann/ws_moveit/install/moveit_core/include/moveit_core/moveit/constraint_samplers
-- Up-to-date: /home/buhrmann/ws_moveit/install/moveit_core/include/moveit_core/moveit/constraint_samplers/constraint_sampler_manager.h
-- Up-to-date: /home/buhrmann/ws_moveit/install/moveit_core/include/moveit_core/moveit/constraint_samplers/constraint_sampler.h
-- Up-to-date: /home/buhrmann/ws_moveit/install/moveit_core/include/moveit_core/moveit/constraint_samplers/constraint_sampler_allocator.h
-- Up-to-date: /home/buhrmann/ws_moveit/install/moveit_core/include/moveit_core/moveit/constraint_samplers/union_constraint_sampler.h
-- Up-to-date: /home/buhrmann/ws_moveit/install/moveit_core/include/moveit_core/moveit/constraint_samplers/default_constraint_samplers.h
-- Up-to-date: /home/buhrmann/ws_moveit/install/moveit_core/include/moveit_core/moveit/constraint_samplers/constraint_sampler_tools.h
-- Up-to-date: /home/buhrmann/ws_moveit/install/moveit_core/include/moveit_core
-- Up-to-date: /home/buhrmann/ws_moveit/install/moveit_core/include/moveit_core/moveit
-- Up-to-date: /home/buhrmann/ws_moveit/install/moveit_core/include/moveit_core/moveit/controller_manager
-- Up-to-date: /home/buhrmann/ws_moveit/install/moveit_core/include/moveit_core/moveit/controller_manager/controller_manager.h
-- Up-to-date: /home/buhrmann/ws_moveit/install/moveit_core/include/moveit_core
-- Up-to-date: /home/buhrmann/ws_moveit/install/moveit_core/include/moveit_core/moveit
-- Up-to-date: /home/buhrmann/ws_moveit/install/moveit_core/include/moveit_core/moveit/distance_field
-- Up-to-date: /home/buhrmann/ws_moveit/install/moveit_core/include/moveit_core/moveit/distance_field/find_internal_points.h
-- Up-to-date: /home/buhrmann/ws_moveit/install/moveit_core/include/moveit_core/moveit/distance_field/voxel_grid.h
-- Up-to-date: /home/buhrmann/ws_moveit/install/moveit_core/include/moveit_core/moveit/distance_field/propagation_distance_field.h
-- Up-to-date: /home/buhrmann/ws_moveit/install/moveit_core/include/moveit_core/moveit/distance_field/distance_field.h
-- Up-to-date: /home/buhrmann/ws_moveit/install/moveit_core/include/moveit_core
-- Up-to-date: /home/buhrmann/ws_moveit/install/moveit_core/include/moveit_core/moveit
-- Up-to-date: /home/buhrmann/ws_moveit/install/moveit_core/include/moveit_core/moveit/dynamics_solver
-- Up-to-date: /home/buhrmann/ws_moveit/install/moveit_core/include/moveit_core/moveit/dynamics_solver/dynamics_solver.h
-- Up-to-date: /home/buhrmann/ws_moveit/install/moveit_core/include/moveit_core
-- Up-to-date: /home/buhrmann/ws_moveit/install/moveit_core/include/moveit_core/moveit
-- Up-to-date: /home/buhrmann/ws_moveit/install/moveit_core/include/moveit_core/moveit/exceptions
-- Up-to-date: /home/buhrmann/ws_moveit/install/moveit_core/include/moveit_core/moveit/exceptions/exceptions.h
-- Up-to-date: /home/buhrmann/ws_moveit/install/moveit_core/include/moveit_core
-- Up-to-date: /home/buhrmann/ws_moveit/install/moveit_core/include/moveit_core/moveit
-- Up-to-date: /home/buhrmann/ws_moveit/install/moveit_core/include/moveit_core/moveit/kinematic_constraints
-- Up-to-date: /home/buhrmann/ws_moveit/install/moveit_core/include/moveit_core/moveit/kinematic_constraints/kinematic_constraint.h
-- Up-to-date: /home/buhrmann/ws_moveit/install/moveit_core/include/moveit_core/moveit/kinematic_constraints/utils.h
-- Up-to-date: /home/buhrmann/ws_moveit/install/moveit_core/include/moveit_core
-- Up-to-date: /home/buhrmann/ws_moveit/install/moveit_core/include/moveit_core/moveit
-- Up-to-date: /home/buhrmann/ws_moveit/install/moveit_core/include/moveit_core/moveit/kinematics_base
-- Up-to-date: /home/buhrmann/ws_moveit/install/moveit_core/include/moveit_core/moveit/kinematics_base/kinematics_base.h
-- Up-to-date: /home/buhrmann/ws_moveit/install/moveit_core/include/moveit_core/moveit_kinematics_base_export.h
-- Up-to-date: /home/buhrmann/ws_moveit/install/moveit_core/include/moveit_core
-- Up-to-date: /home/buhrmann/ws_moveit/install/moveit_core/include/moveit_core/moveit
-- Up-to-date: /home/buhrmann/ws_moveit/install/moveit_core/include/moveit_core/moveit/kinematics_metrics
-- Up-to-date: /home/buhrmann/ws_moveit/install/moveit_core/include/moveit_core/moveit/kinematics_metrics/kinematics_metrics.h
-- Up-to-date: /home/buhrmann/ws_moveit/install/moveit_core/include/moveit_core
-- Up-to-date: /home/buhrmann/ws_moveit/install/moveit_core/include/moveit_core/moveit
-- Up-to-date: /home/buhrmann/ws_moveit/install/moveit_core/include/moveit_core/moveit/macros
-- Up-to-date: /home/buhrmann/ws_moveit/install/moveit_core/include/moveit_core/moveit/macros/console_colors.h
-- Up-to-date: /home/buhrmann/ws_moveit/install/moveit_core/include/moveit_core/moveit/macros/declare_ptr.h
-- Up-to-date: /home/buhrmann/ws_moveit/install/moveit_core/include/moveit_core/moveit/macros/class_forward.h
-- Up-to-date: /home/buhrmann/ws_moveit/install/moveit_core/include/moveit_acceleration_filter_parameters
-- Up-to-date: /home/buhrmann/ws_moveit/install/moveit_core/include/moveit_acceleration_filter_parameters/moveit_acceleration_filter_parameters.hpp
-- Up-to-date: /home/buhrmann/ws_moveit/install/moveit_core/include/moveit_butterworth_filter_parameters
-- Up-to-date: /home/buhrmann/ws_moveit/install/moveit_core/include/moveit_butterworth_filter_parameters/moveit_butterworth_filter_parameters.hpp
-- Up-to-date: /home/buhrmann/ws_moveit/install/moveit_core/include/moveit_ruckig_filter_parameters
-- Up-to-date: /home/buhrmann/ws_moveit/install/moveit_core/include/moveit_ruckig_filter_parameters/moveit_ruckig_filter_parameters.hpp
-- Up-to-date: /home/buhrmann/ws_moveit/install/moveit_core/include/moveit_core
-- Up-to-date: /home/buhrmann/ws_moveit/install/moveit_core/include/moveit_core/moveit
-- Up-to-date: /home/buhrmann/ws_moveit/install/moveit_core/include/moveit_core/moveit/online_signal_smoothing
-- Up-to-date: /home/buhrmann/ws_moveit/install/moveit_core/include/moveit_core/moveit/online_signal_smoothing/ruckig_filter.h
-- Up-to-date: /home/buhrmann/ws_moveit/install/moveit_core/include/moveit_core/moveit/online_signal_smoothing/butterworth_filter.h
-- Up-to-date: /home/buhrmann/ws_moveit/install/moveit_core/include/moveit_core/moveit/online_signal_smoothing/acceleration_filter.h
-- Up-to-date: /home/buhrmann/ws_moveit/install/moveit_core/include/moveit_core/moveit/online_signal_smoothing/smoothing_base_class.h
-- Up-to-date: /home/buhrmann/ws_moveit/install/moveit_core/include/moveit_core/moveit_smoothing_base_export.h
-- Up-to-date: /home/buhrmann/ws_moveit/install/moveit_core/include/moveit_core/moveit_acceleration_filter_export.h
-- Up-to-date: /home/buhrmann/ws_moveit/install/moveit_core/include/moveit_core/moveit_butterworth_filter_export.h
-- Up-to-date: /home/buhrmann/ws_moveit/install/moveit_core/include/moveit_core/moveit_ruckig_filter_export.h
-- Up-to-date: /home/buhrmann/ws_moveit/install/moveit_core/include/moveit_core
-- Up-to-date: /home/buhrmann/ws_moveit/install/moveit_core/include/moveit_core/moveit
-- Up-to-date: /home/buhrmann/ws_moveit/install/moveit_core/include/moveit_core/moveit/planning_interface
-- Up-to-date: /home/buhrmann/ws_moveit/install/moveit_core/include/moveit_core/moveit/planning_interface/planning_request.h
-- Up-to-date: /home/buhrmann/ws_moveit/install/moveit_core/include/moveit_core/moveit/planning_interface/planning_response_adapter.h
-- Up-to-date: /home/buhrmann/ws_moveit/install/moveit_core/include/moveit_core/moveit/planning_interface/planning_request_adapter.h
-- Up-to-date: /home/buhrmann/ws_moveit/install/moveit_core/include/moveit_core/moveit/planning_interface/planning_interface.h
-- Up-to-date: /home/buhrmann/ws_moveit/install/moveit_core/include/moveit_core/moveit/planning_interface/planning_response.h
-- Up-to-date: /home/buhrmann/ws_moveit/install/moveit_core/include/moveit_core
-- Up-to-date: /home/buhrmann/ws_moveit/install/moveit_core/include/moveit_core/moveit
-- Up-to-date: /home/buhrmann/ws_moveit/install/moveit_core/include/moveit_core/moveit/planning_scene
-- Up-to-date: /home/buhrmann/ws_moveit/install/moveit_core/include/moveit_core/moveit/planning_scene/planning_scene.h
-- Up-to-date: /home/buhrmann/ws_moveit/install/moveit_core/include/moveit_core/moveit_planning_scene_export.h
-- Up-to-date: /home/buhrmann/ws_moveit/install/moveit_core/include/moveit_core
-- Up-to-date: /home/buhrmann/ws_moveit/install/moveit_core/include/moveit_core/moveit
-- Up-to-date: /home/buhrmann/ws_moveit/install/moveit_core/include/moveit_core/moveit/robot_model
-- Up-to-date: /home/buhrmann/ws_moveit/install/moveit_core/include/moveit_core/moveit/robot_model/floating_joint_model.h
-- Up-to-date: /home/buhrmann/ws_moveit/install/moveit_core/include/moveit_core/moveit/robot_model/robot_model.h
-- Up-to-date: /home/buhrmann/ws_moveit/install/moveit_core/include/moveit_core/moveit/robot_model/planar_joint_model.h
-- Up-to-date: /home/buhrmann/ws_moveit/install/moveit_core/include/moveit_core/moveit/robot_model/prismatic_joint_model.h
-- Up-to-date: /home/buhrmann/ws_moveit/install/moveit_core/include/moveit_core/moveit/robot_model/aabb.h
-- Up-to-date: /home/buhrmann/ws_moveit/install/moveit_core/include/moveit_core/moveit/robot_model/fixed_joint_model.h
-- Up-to-date: /home/buhrmann/ws_moveit/install/moveit_core/include/moveit_core/moveit/robot_model/joint_model.h
-- Up-to-date: /home/buhrmann/ws_moveit/install/moveit_core/include/moveit_core/moveit/robot_model/revolute_joint_model.h
-- Up-to-date: /home/buhrmann/ws_moveit/install/moveit_core/include/moveit_core/moveit/robot_model/joint_model_group.h
-- Up-to-date: /home/buhrmann/ws_moveit/install/moveit_core/include/moveit_core/moveit/robot_model/link_model.h
-- Up-to-date: /home/buhrmann/ws_moveit/install/moveit_core/include/moveit_core
-- Up-to-date: /home/buhrmann/ws_moveit/install/moveit_core/include/moveit_core/moveit
-- Up-to-date: /home/buhrmann/ws_moveit/install/moveit_core/include/moveit_core/moveit/robot_state
-- Up-to-date: /home/buhrmann/ws_moveit/install/moveit_core/include/moveit_core/moveit/robot_state/conversions.h
-- Up-to-date: /home/buhrmann/ws_moveit/install/moveit_core/include/moveit_core/moveit/robot_state/robot_state.h
-- Up-to-date: /home/buhrmann/ws_moveit/install/moveit_core/include/moveit_core/moveit/robot_state/attached_body.h
-- Up-to-date: /home/buhrmann/ws_moveit/install/moveit_core/include/moveit_core/moveit/robot_state/cartesian_interpolator.h
-- Up-to-date: /home/buhrmann/ws_moveit/install/moveit_core/include/moveit_core
-- Up-to-date: /home/buhrmann/ws_moveit/install/moveit_core/include/moveit_core/moveit
-- Up-to-date: /home/buhrmann/ws_moveit/install/moveit_core/include/moveit_core/moveit/robot_trajectory
-- Up-to-date: /home/buhrmann/ws_moveit/install/moveit_core/include/moveit_core/moveit/robot_trajectory/robot_trajectory.h
-- Up-to-date: /home/buhrmann/ws_moveit/install/moveit_core/include/moveit_core
-- Up-to-date: /home/buhrmann/ws_moveit/install/moveit_core/include/moveit_core/moveit
-- Up-to-date: /home/buhrmann/ws_moveit/install/moveit_core/include/moveit_core/moveit/trajectory_processing
-- Up-to-date: /home/buhrmann/ws_moveit/install/moveit_core/include/moveit_core/moveit/trajectory_processing/ruckig_traj_smoothing.h
-- Up-to-date: /home/buhrmann/ws_moveit/install/moveit_core/include/moveit_core/moveit/trajectory_processing/time_optimal_trajectory_generation.h
-- Up-to-date: /home/buhrmann/ws_moveit/install/moveit_core/include/moveit_core/moveit/trajectory_processing/time_parameterization.h
-- Up-to-date: /home/buhrmann/ws_moveit/install/moveit_core/include/moveit_core/moveit/trajectory_processing/trajectory_tools.h
-- Up-to-date: /home/buhrmann/ws_moveit/install/moveit_core/include/moveit_core
-- Up-to-date: /home/buhrmann/ws_moveit/install/moveit_core/include/moveit_core/moveit
-- Up-to-date: /home/buhrmann/ws_moveit/install/moveit_core/include/moveit_core/moveit/transforms
-- Up-to-date: /home/buhrmann/ws_moveit/install/moveit_core/include/moveit_core/moveit/transforms/transforms.h
-- Up-to-date: /home/buhrmann/ws_moveit/install/moveit_core/include/moveit_core
-- Up-to-date: /home/buhrmann/ws_moveit/install/moveit_core/include/moveit_core/moveit
-- Up-to-date: /home/buhrmann/ws_moveit/install/moveit_core/include/moveit_core/moveit/utils
-- Up-to-date: /home/buhrmann/ws_moveit/install/moveit_core/include/moveit_core/moveit/utils/robot_model_test_utils.h
-- Up-to-date: /home/buhrmann/ws_moveit/install/moveit_core/include/moveit_core/moveit/utils/eigen_test_utils.h
-- Up-to-date: /home/buhrmann/ws_moveit/install/moveit_core/include/moveit_core/moveit/utils/moveit_error_code.h
-- Up-to-date: /home/buhrmann/ws_moveit/install/moveit_core/include/moveit_core/moveit/utils/message_checks.h
-- Up-to-date: /home/buhrmann/ws_moveit/install/moveit_core/include/moveit_core/moveit/utils/rclcpp_utils.h
-- Up-to-date: /home/buhrmann/ws_moveit/install/moveit_core/include/moveit_core/moveit/utils/logger.hpp
-- Up-to-date: /home/buhrmann/ws_moveit/install/moveit_core/include/moveit_core/moveit/utils/lexical_casts.h
-- Installing: /home/buhrmann/ws_moveit/install/moveit_core/lib/moveit_core/logger_dut
-- Set runtime path of "/home/buhrmann/ws_moveit/install/moveit_core/lib/moveit_core/logger_dut" to ""
-- Up-to-date: /home/buhrmann/ws_moveit/install/moveit_core/include/moveit_core/moveit/version.h
-- Installing: /home/buhrmann/ws_moveit/install/moveit_core/bin/moveit_version
-- Installing: /home/buhrmann/ws_moveit/install/moveit_core/lib/libcollision_detector_bullet_plugin.so.2.11.0
-- Set runtime path of "/home/buhrmann/ws_moveit/install/moveit_core/lib/libcollision_detector_bullet_plugin.so.2.11.0" to ""
-- Up-to-date: /home/buhrmann/ws_moveit/install/moveit_core/lib/libcollision_detector_bullet_plugin.so
-- Installing: /home/buhrmann/ws_moveit/install/moveit_core/lib/libcollision_detector_fcl_plugin.so.2.11.0
-- Set runtime path of "/home/buhrmann/ws_moveit/install/moveit_core/lib/libcollision_detector_fcl_plugin.so.2.11.0" to ""
-- Up-to-date: /home/buhrmann/ws_moveit/install/moveit_core/lib/libcollision_detector_fcl_plugin.so
-- Up-to-date: /home/buhrmann/ws_moveit/install/moveit_core/lib/libmoveit_acceleration_filter.so.2.11.0
-- Up-to-date: /home/buhrmann/ws_moveit/install/moveit_core/lib/libmoveit_acceleration_filter.so
-- Up-to-date: /home/buhrmann/ws_moveit/install/moveit_core/lib/libmoveit_butterworth_filter.so.2.11.0
-- Up-to-date: /home/buhrmann/ws_moveit/install/moveit_core/lib/libmoveit_butterworth_filter.so
-- Up-to-date: /home/buhrmann/ws_moveit/install/moveit_core/lib/libmoveit_collision_detection.so.2.11.0
-- Up-to-date: /home/buhrmann/ws_moveit/install/moveit_core/lib/libmoveit_collision_detection.so
-- Installing: /home/buhrmann/ws_moveit/install/moveit_core/lib/libmoveit_collision_detection_bullet.so.2.11.0
-- Set runtime path of "/home/buhrmann/ws_moveit/install/moveit_core/lib/libmoveit_collision_detection_bullet.so.2.11.0" to ""
-- Up-to-date: /home/buhrmann/ws_moveit/install/moveit_core/lib/libmoveit_collision_detection_bullet.so
-- Up-to-date: /home/buhrmann/ws_moveit/install/moveit_core/lib/libmoveit_collision_detection_fcl.so.2.11.0
-- Up-to-date: /home/buhrmann/ws_moveit/install/moveit_core/lib/libmoveit_collision_detection_fcl.so
-- Installing: /home/buhrmann/ws_moveit/install/moveit_core/lib/libmoveit_collision_distance_field.so.2.11.0
-- Set runtime path of "/home/buhrmann/ws_moveit/install/moveit_core/lib/libmoveit_collision_distance_field.so.2.11.0" to ""
-- Up-to-date: /home/buhrmann/ws_moveit/install/moveit_core/lib/libmoveit_collision_distance_field.so
-- Installing: /home/buhrmann/ws_moveit/install/moveit_core/lib/libmoveit_constraint_samplers.so.2.11.0
-- Set runtime path of "/home/buhrmann/ws_moveit/install/moveit_core/lib/libmoveit_constraint_samplers.so.2.11.0" to ""
-- Up-to-date: /home/buhrmann/ws_moveit/install/moveit_core/lib/libmoveit_constraint_samplers.so
-- Up-to-date: /home/buhrmann/ws_moveit/install/moveit_core/lib/libmoveit_distance_field.so.2.11.0
-- Up-to-date: /home/buhrmann/ws_moveit/install/moveit_core/lib/libmoveit_distance_field.so
-- Up-to-date: /home/buhrmann/ws_moveit/install/moveit_core/lib/libmoveit_dynamics_solver.so.2.11.0
-- Up-to-date: /home/buhrmann/ws_moveit/install/moveit_core/lib/libmoveit_dynamics_solver.so
-- Up-to-date: /home/buhrmann/ws_moveit/install/moveit_core/lib/libmoveit_exceptions.so.2.11.0
-- Up-to-date: /home/buhrmann/ws_moveit/install/moveit_core/lib/libmoveit_exceptions.so
-- Up-to-date: /home/buhrmann/ws_moveit/install/moveit_core/lib/libmoveit_kinematic_constraints.so.2.11.0
-- Up-to-date: /home/buhrmann/ws_moveit/install/moveit_core/lib/libmoveit_kinematic_constraints.so
-- Up-to-date: /home/buhrmann/ws_moveit/install/moveit_core/lib/libmoveit_kinematics_base.so
-- Up-to-date: /home/buhrmann/ws_moveit/install/moveit_core/lib/libmoveit_kinematics_metrics.so.2.11.0
-- Up-to-date: /home/buhrmann/ws_moveit/install/moveit_core/lib/libmoveit_kinematics_metrics.so
-- Installing: /home/buhrmann/ws_moveit/install/moveit_core/lib/libmoveit_planning_interface.so.2.11.0
-- Set runtime path of "/home/buhrmann/ws_moveit/install/moveit_core/lib/libmoveit_planning_interface.so.2.11.0" to ""
-- Up-to-date: /home/buhrmann/ws_moveit/install/moveit_core/lib/libmoveit_planning_interface.so
-- Installing: /home/buhrmann/ws_moveit/install/moveit_core/lib/libmoveit_planning_scene.so.2.11.0
-- Set runtime path of "/home/buhrmann/ws_moveit/install/moveit_core/lib/libmoveit_planning_scene.so.2.11.0" to ""
-- Up-to-date: /home/buhrmann/ws_moveit/install/moveit_core/lib/libmoveit_planning_scene.so
-- Up-to-date: /home/buhrmann/ws_moveit/install/moveit_core/lib/libmoveit_robot_model.so.2.11.0
-- Up-to-date: /home/buhrmann/ws_moveit/install/moveit_core/lib/libmoveit_robot_model.so
-- Up-to-date: /home/buhrmann/ws_moveit/install/moveit_core/lib/libmoveit_robot_state.so.2.11.0
-- Up-to-date: /home/buhrmann/ws_moveit/install/moveit_core/lib/libmoveit_robot_state.so
-- Up-to-date: /home/buhrmann/ws_moveit/install/moveit_core/lib/libmoveit_robot_trajectory.so.2.11.0
-- Up-to-date: /home/buhrmann/ws_moveit/install/moveit_core/lib/libmoveit_robot_trajectory.so
-- Up-to-date: /home/buhrmann/ws_moveit/install/moveit_core/lib/libmoveit_ruckig_filter.so.2.11.0
-- Up-to-date: /home/buhrmann/ws_moveit/install/moveit_core/lib/libmoveit_ruckig_filter.so
-- Up-to-date: /home/buhrmann/ws_moveit/install/moveit_core/lib/libmoveit_smoothing_base.so.2.11.0
-- Up-to-date: /home/buhrmann/ws_moveit/install/moveit_core/lib/libmoveit_smoothing_base.so
-- Up-to-date: /home/buhrmann/ws_moveit/install/moveit_core/lib/libmoveit_test_utils.so.2.11.0
-- Up-to-date: /home/buhrmann/ws_moveit/install/moveit_core/lib/libmoveit_test_utils.so
-- Up-to-date: /home/buhrmann/ws_moveit/install/moveit_core/lib/libmoveit_trajectory_processing.so.2.11.0
-- Up-to-date: /home/buhrmann/ws_moveit/install/moveit_core/lib/libmoveit_trajectory_processing.so
-- Up-to-date: /home/buhrmann/ws_moveit/install/moveit_core/lib/libmoveit_transforms.so.2.11.0
-- Up-to-date: /home/buhrmann/ws_moveit/install/moveit_core/lib/libmoveit_transforms.so
-- Up-to-date: /home/buhrmann/ws_moveit/install/moveit_core/lib/libmoveit_utils.so.2.11.0
-- Up-to-date: /home/buhrmann/ws_moveit/install/moveit_core/lib/libmoveit_utils.so
-- Up-to-date: /home/buhrmann/ws_moveit/install/moveit_core/share/moveit_core/environment/library_path.sh
-- Up-to-date: /home/buhrmann/ws_moveit/install/moveit_core/share/moveit_core/environment/library_path.dsv
-- Up-to-date: /home/buhrmann/ws_moveit/install/moveit_core/share/moveit_core/collision_detector_fcl_description.xml
-- Up-to-date: /home/buhrmann/ws_moveit/install/moveit_core/share/moveit_core/collision_detector_bullet_description.xml
-- Up-to-date: /home/buhrmann/ws_moveit/install/moveit_core/share/moveit_core/filter_plugin_acceleration.xml
-- Up-to-date: /home/buhrmann/ws_moveit/install/moveit_core/share/moveit_core/filter_plugin_butterworth.xml
-- Up-to-date: /home/buhrmann/ws_moveit/install/moveit_core/share/moveit_core/filter_plugin_ruckig.xml
-- Up-to-date: /home/buhrmann/ws_moveit/install/moveit_core/share/ament_index/resource_index/package_run_dependencies/moveit_core
-- Installing: /home/buhrmann/ws_moveit/install/moveit_core/share/ament_index/resource_index/parent_prefix_path/moveit_core
-- Installing: /home/buhrmann/ws_moveit/install/moveit_core/share/moveit_core/environment/ament_prefix_path.sh
-- Up-to-date: /home/buhrmann/ws_moveit/install/moveit_core/share/moveit_core/environment/ament_prefix_path.dsv
-- Installing: /home/buhrmann/ws_moveit/install/moveit_core/share/moveit_core/environment/path.sh
-- Up-to-date: /home/buhrmann/ws_moveit/install/moveit_core/share/moveit_core/environment/path.dsv
-- Up-to-date: /home/buhrmann/ws_moveit/install/moveit_core/share/moveit_core/local_setup.bash
-- Up-to-date: /home/buhrmann/ws_moveit/install/moveit_core/share/moveit_core/local_setup.sh
-- Up-to-date: /home/buhrmann/ws_moveit/install/moveit_core/share/moveit_core/local_setup.zsh
-- Up-to-date: /home/buhrmann/ws_moveit/install/moveit_core/share/moveit_core/local_setup.dsv
-- Installing: /home/buhrmann/ws_moveit/install/moveit_core/share/moveit_core/package.dsv
-- Up-to-date: /home/buhrmann/ws_moveit/install/moveit_core/share/ament_index/resource_index/packages/moveit_core
-- Up-to-date: /home/buhrmann/ws_moveit/install/moveit_core/share/ament_index/resource_index/moveit_core__pluginlib__plugin/moveit_core
-- Up-to-date: /home/buhrmann/ws_moveit/install/moveit_core/share/moveit_core/cmake/moveit_coreTargetsExport.cmake
-- Up-to-date: /home/buhrmann/ws_moveit/install/moveit_core/share/moveit_core/cmake/moveit_coreTargetsExport-release.cmake
-- Up-to-date: /home/buhrmann/ws_moveit/install/moveit_core/share/moveit_core/cmake/ConfigExtras.cmake
-- Up-to-date: /home/buhrmann/ws_moveit/install/moveit_core/share/moveit_core/cmake/ament_cmake_export_targets-extras.cmake
-- Up-to-date: /home/buhrmann/ws_moveit/install/moveit_core/share/moveit_core/cmake/ament_cmake_export_dependencies-extras.cmake
-- Up-to-date: /home/buhrmann/ws_moveit/install/moveit_core/share/moveit_core/cmake/moveit_coreConfig.cmake
-- Up-to-date: /home/buhrmann/ws_moveit/install/moveit_core/share/moveit_core/cmake/moveit_coreConfig-version.cmake
-- Up-to-date: /home/buhrmann/ws_moveit/install/moveit_core/share/moveit_core/package.xml
