[  1%] Built target gtest_main
[  2%] Built target gtest
[  3%] Built target moveit_ruckig_filter_parameters
[  4%] Built target moveit_acceleration_filter_parameters
[  6%] Built target gmock_main
[  6%] Built target moveit_butterworth_filter_parameters
[  7%] [34m[1mGenerate version header[0m
[  8%] Built target gmock
[  9%] Built target moveit_smoothing_base
[ 12%] Built target moveit_utils
[ 13%] [34m[1mGenerating version.h[0m
[ 14%] Built target logger_dut
[ 14%] Built target version_h
[ 15%] Built target moveit_transforms
[ 16%] Built target moveit_exceptions
[ 19%] Built target moveit_distance_field
[ 20%] Built target test_transforms
[ 21%] Built target moveit_version
[ 27%] Built target moveit_robot_model
[ 28%] Built target test_voxel_grid
[ 29%] Built target test_distance_field
[ 30%] Built target moveit_butterworth_filter
[ 31%] Built target moveit_kinematics_base
[ 32%] Built target test_butterworth_filter
[ 33%] Built target moveit_test_utils
[ 36%] Built target moveit_robot_state
[ 37%] Built target robot_state_benchmark
[ 38%] Built target test_robot_model
[ 39%] Built target moveit_robot_trajectory
[ 40%] Built target test_robot_state_complex
[ 42%] Built target test_aabb
[ 43%] Built target moveit_dynamics_solver
[ 44%] Built target test_robot_state
[ 45%] Built target moveit_kinematics_metrics
[ 47%] Built target test_cartesian_interpolator
[ 48%] Built target moveit_acceleration_filter
[ 54%] Built target moveit_collision_detection
[ 55%] Built target moveit_ruckig_filter
[ 57%] Built target test_robot_trajectory
[ 59%] Built target moveit_trajectory_processing
[ 60%] Built target test_acceleration_filter
[ 61%] Built target test_world_diff
[ 62%] Built target test_world
[ 63%] Built target test_all_valid
[ 64%] Built target moveit_collision_detection_fcl
[ 65%] [32mBuilding CXX object collision_detection_bullet/CMakeFiles/moveit_collision_detection_bullet.dir/src/bullet_integration/bullet_utils.cpp.o[0m
[ 65%] [32mBuilding CXX object collision_detection_bullet/CMakeFiles/moveit_collision_detection_bullet.dir/src/bullet_integration/bullet_discrete_bvh_manager.cpp.o[0m
[ 66%] [32mBuilding CXX object collision_detection_bullet/CMakeFiles/moveit_collision_detection_bullet.dir/src/bullet_integration/bullet_cast_bvh_manager.cpp.o[0m
[ 67%] [32mBuilding CXX object collision_detection_bullet/CMakeFiles/moveit_collision_detection_bullet.dir/src/bullet_integration/bullet_bvh_manager.cpp.o[0m
[ 67%] [32mBuilding CXX object collision_detection_bullet/CMakeFiles/moveit_collision_detection_bullet.dir/src/collision_env_bullet.cpp.o[0m
[ 68%] Built target test_time_optimal_trajectory_generation
[ 68%] [32mBuilding CXX object collision_detection_bullet/CMakeFiles/moveit_collision_detection_bullet.dir/src/bullet_integration/contact_checker_common.cpp.o[0m
[ 70%] Built target test_fcl_collision_detection_panda
[ 71%] Built target test_ruckig_traj_smoothing
[ 72%] Built target robot_trajectory_benchmark
[ 73%] Built target test_fcl_collision_env
[ 74%] Built target test_fcl_collision_detection
[ 76%] Built target moveit_kinematic_constraints
[ 77%] Built target test_orientation_constraints
[ 78%] Built target test_constraints
[ 79%] Built target moveit_planning_scene
[ 80%] Built target test_collision_objects
[ 82%] Built target test_multi_threaded
[ 84%] Built target moveit_constraint_samplers
[ 86%] Built target moveit_planning_interface
[ 87%] Built target collision_detector_fcl_plugin
[ 90%] Built target moveit_collision_distance_field
[ 91%] Built target test_planning_scene
[ 93%] Built target test_constraint_samplers
[ 94%] Built target test_collision_distance_field
