[0.556s] Invoking command in '/home/buhrmann/ws_moveit/build/common_services_package': CMAKE_PREFIX_PATH=${CMAKE_PREFIX_PATH}:/home/buhrmann/ws_moveit/install/ros2_azure_bridge:/home/buhrmann/ws_moveit/install/moveit_configs_utils:/opt/ros/iron /usr/bin/cmake /home/buhrmann/ws_moveit/src/common_services_package -DCMAKE_INSTALL_PREFIX=/home/buhrmann/ws_moveit/install/common_services_package
[0.587s] -- Found ament_cmake: 2.0.7 (/opt/ros/iron/share/ament_cmake/cmake)
[0.864s] -- Found rosidl_default_generators: 1.5.0 (/opt/ros/iron/share/rosidl_default_generators/cmake)
[0.876s] -- Using all available rosidl_typesupport_c: rosidl_typesupport_fastrtps_c;rosidl_typesupport_introspection_c
[0.935s] -- Using all available rosidl_typesupport_cpp: rosidl_typesupport_fastrtps_cpp;rosidl_typesupport_introspection_cpp
[0.975s] -- Found rosidl_adapter: 4.0.1 (/opt/ros/iron/share/rosidl_adapter/cmake)
[0.982s] -- Found geometry_msgs: 5.0.1 (/opt/ros/iron/share/geometry_msgs/cmake)
[1.123s] -- Found std_srvs: 5.0.1 (/opt/ros/iron/share/std_srvs/cmake)
[1.676s] -- Found ament_cmake_ros: 0.11.2 (/opt/ros/iron/share/ament_cmake_ros/cmake)
[2.162s] -- Using all available rosidl_typesupport_c: rosidl_typesupport_fastrtps_c;rosidl_typesupport_introspection_c
[2.627s] -- Using all available rosidl_typesupport_cpp: rosidl_typesupport_fastrtps_cpp;rosidl_typesupport_introspection_cpp
[2.663s] -- Found PythonInterp: /usr/bin/python3 (found suitable version "3.10.12", minimum required is "3.6") 
[2.673s] -- Found python_cmake_module: 0.10.2 (/opt/ros/iron/share/python_cmake_module/cmake)
[2.714s] -- Found PythonLibs: /usr/lib/x86_64-linux-gnu/libpython3.10.so (found suitable version "3.10.12", minimum required is "3.5") 
[2.715s] -- Using PYTHON_EXECUTABLE: /usr/bin/python3
[2.715s] -- Using PYTHON_INCLUDE_DIRS: /usr/include/python3.10
[2.715s] -- Using PYTHON_LIBRARIES: /usr/lib/x86_64-linux-gnu/libpython3.10.so
[2.734s] -- Found PythonExtra: .so  
[2.953s] -- Configuring done
[3.006s] -- Generating done
[3.022s] -- Build files have been written to: /home/buhrmann/ws_moveit/build/common_services_package
[3.055s] Invoked command in '/home/buhrmann/ws_moveit/build/common_services_package' returned '0': CMAKE_PREFIX_PATH=${CMAKE_PREFIX_PATH}:/home/buhrmann/ws_moveit/install/ros2_azure_bridge:/home/buhrmann/ws_moveit/install/moveit_configs_utils:/opt/ros/iron /usr/bin/cmake /home/buhrmann/ws_moveit/src/common_services_package -DCMAKE_INSTALL_PREFIX=/home/buhrmann/ws_moveit/install/common_services_package
[3.057s] Invoking command in '/home/buhrmann/ws_moveit/build/common_services_package': CMAKE_PREFIX_PATH=${CMAKE_PREFIX_PATH}:/home/buhrmann/ws_moveit/install/ros2_azure_bridge:/home/buhrmann/ws_moveit/install/moveit_configs_utils:/opt/ros/iron /usr/bin/cmake --build /home/buhrmann/ws_moveit/build/common_services_package -- -j28 -l28
[3.121s] [  2%] [34m[1mGenerating type hashes for ROS interfaces[0m
[3.139s] [  2%] Built target ament_cmake_python_copy_common_services_package
[3.468s] [  2%] Built target common_services_package__rosidl_generator_type_description
[3.484s] [  5%] [34m[1mGenerating C code for ROS interfaces[0m
[3.501s] [  8%] [34m[1mGenerating C++ code for ROS interfaces[0m
[3.584s] running egg_info
[3.585s] creating common_services_package.egg-info
[3.586s] writing common_services_package.egg-info/PKG-INFO
[3.587s] writing dependency_links to common_services_package.egg-info/dependency_links.txt
[3.587s] writing top-level names to common_services_package.egg-info/top_level.txt
[3.587s] writing manifest file 'common_services_package.egg-info/SOURCES.txt'
[3.596s] reading manifest file 'common_services_package.egg-info/SOURCES.txt'
[3.596s] writing manifest file 'common_services_package.egg-info/SOURCES.txt'
[3.650s] [  8%] Built target ament_cmake_python_build_common_services_package_egg
[4.000s] [  8%] Built target common_services_package__cpp
[4.051s] [ 11%] [32mBuilding C object CMakeFiles/common_services_package__rosidl_generator_c.dir/rosidl_generator_c/common_services_package/srv/detail/get_plantpot_coords__functions.c.o[0m
[4.052s] [ 17%] [32mBuilding C object CMakeFiles/common_services_package__rosidl_generator_c.dir/rosidl_generator_c/common_services_package/srv/detail/get_plantpot_coords__type_support.c.o[0m
[4.052s] [ 17%] [32mBuilding C object CMakeFiles/common_services_package__rosidl_generator_c.dir/rosidl_generator_c/common_services_package/srv/detail/get_plantpot_coords__description.c.o[0m
[4.151s] [ 20%] [32m[1mLinking C shared library libcommon_services_package__rosidl_generator_c.so[0m
[4.215s] [ 20%] Built target common_services_package__rosidl_generator_c
[4.227s] [ 26%] [34m[1mGenerating C introspection for ROS interfaces[0m
[4.227s] [ 26%] [34m[1mGenerating C type support for eProsima Fast-RTPS[0m
[4.227s] [ 29%] [34m[1mGenerating C++ type support for eProsima Fast-RTPS[0m
[4.253s] [ 32%] [34m[1mGenerating C++ type support dispatch for ROS interfaces[0m
[4.253s] [ 35%] [34m[1mGenerating C type support dispatch for ROS interfaces[0m
[4.253s] [ 38%] [34m[1mGenerating C++ introspection for ROS interfaces[0m
[4.548s] [ 41%] [32mBuilding CXX object CMakeFiles/common_services_package__rosidl_typesupport_cpp.dir/rosidl_typesupport_cpp/common_services_package/srv/get_plantpot_coords__type_support.cpp.o[0m
[4.607s] [ 44%] [32mBuilding C object CMakeFiles/common_services_package__rosidl_typesupport_introspection_c.dir/rosidl_typesupport_introspection_c/common_services_package/srv/detail/get_plantpot_coords__type_support.c.o[0m
[4.618s] [ 47%] [32mBuilding CXX object CMakeFiles/common_services_package__rosidl_typesupport_c.dir/rosidl_typesupport_c/common_services_package/srv/get_plantpot_coords__type_support.cpp.o[0m
[4.636s] [ 50%] [32mBuilding CXX object CMakeFiles/common_services_package__rosidl_typesupport_fastrtps_c.dir/rosidl_typesupport_fastrtps_c/common_services_package/srv/detail/get_plantpot_coords__type_support_c.cpp.o[0m
[4.652s] [ 52%] [32mBuilding CXX object CMakeFiles/common_services_package__rosidl_typesupport_fastrtps_cpp.dir/rosidl_typesupport_fastrtps_cpp/common_services_package/srv/detail/dds_fastrtps/get_plantpot_coords__type_support.cpp.o[0m
[4.691s] [ 55%] [32mBuilding CXX object CMakeFiles/common_services_package__rosidl_typesupport_introspection_cpp.dir/rosidl_typesupport_introspection_cpp/common_services_package/srv/detail/get_plantpot_coords__type_support.cpp.o[0m
[4.700s] [ 58%] [32m[1mLinking CXX shared library libcommon_services_package__rosidl_typesupport_c.so[0m
[4.725s] [ 61%] [32m[1mLinking C shared library libcommon_services_package__rosidl_typesupport_introspection_c.so[0m
[4.769s] [ 61%] Built target common_services_package__rosidl_typesupport_c
[4.781s] [ 61%] Built target common_services_package__rosidl_typesupport_introspection_c
[5.174s] [ 64%] [32m[1mLinking CXX shared library libcommon_services_package__rosidl_typesupport_fastrtps_c.so[0m
[5.209s] [ 67%] [32m[1mLinking CXX shared library libcommon_services_package__rosidl_typesupport_cpp.so[0m
[5.348s] [ 67%] Built target common_services_package__rosidl_typesupport_cpp
[5.367s] [ 67%] Built target common_services_package__rosidl_typesupport_fastrtps_c
[5.400s] [ 70%] [32m[1mLinking CXX shared library libcommon_services_package__rosidl_typesupport_introspection_cpp.so[0m
[5.523s] [ 70%] Built target common_services_package__rosidl_typesupport_introspection_cpp
[5.562s] [ 73%] [32m[1mLinking CXX shared library libcommon_services_package__rosidl_typesupport_fastrtps_cpp.so[0m
[5.701s] [ 73%] Built target common_services_package__rosidl_typesupport_fastrtps_cpp
[5.733s] [ 73%] Built target common_services_package
[5.766s] [ 76%] [34m[1mGenerating Python code for ROS interfaces[0m
[6.525s] [ 76%] Built target common_services_package__py
[6.567s] [ 79%] [32mBuilding C object CMakeFiles/common_services_package__rosidl_generator_py.dir/rosidl_generator_py/common_services_package/srv/_get_plantpot_coords_s.c.o[0m
[6.819s] [ 82%] [32m[1mLinking C shared library rosidl_generator_py/common_services_package/libcommon_services_package__rosidl_generator_py.so[0m
[6.884s] [ 82%] Built target common_services_package__rosidl_generator_py
[6.929s] [ 85%] [32mBuilding C object CMakeFiles/common_services_package__rosidl_typesupport_fastrtps_c__pyext.dir/rosidl_generator_py/common_services_package/_common_services_package_s.ep.rosidl_typesupport_fastrtps_c.c.o[0m
[6.931s] [ 91%] [32mBuilding C object CMakeFiles/common_services_package__rosidl_typesupport_introspection_c__pyext.dir/rosidl_generator_py/common_services_package/_common_services_package_s.ep.rosidl_typesupport_introspection_c.c.o[0m
[6.931s] [ 91%] [32mBuilding C object CMakeFiles/common_services_package__rosidl_typesupport_c__pyext.dir/rosidl_generator_py/common_services_package/_common_services_package_s.ep.rosidl_typesupport_c.c.o[0m
[7.084s] [ 94%] [32m[1mLinking C shared library rosidl_generator_py/common_services_package/common_services_package_s__rosidl_typesupport_fastrtps_c.cpython-310-x86_64-linux-gnu.so[0m
[7.084s] [ 97%] [32m[1mLinking C shared library rosidl_generator_py/common_services_package/common_services_package_s__rosidl_typesupport_c.cpython-310-x86_64-linux-gnu.so[0m
[7.098s] [100%] [32m[1mLinking C shared library rosidl_generator_py/common_services_package/common_services_package_s__rosidl_typesupport_introspection_c.cpython-310-x86_64-linux-gnu.so[0m
[7.166s] [100%] Built target common_services_package__rosidl_typesupport_c__pyext
[7.173s] [100%] Built target common_services_package__rosidl_typesupport_introspection_c__pyext
[7.173s] [100%] Built target common_services_package__rosidl_typesupport_fastrtps_c__pyext
[7.209s] Invoked command in '/home/buhrmann/ws_moveit/build/common_services_package' returned '0': CMAKE_PREFIX_PATH=${CMAKE_PREFIX_PATH}:/home/buhrmann/ws_moveit/install/ros2_azure_bridge:/home/buhrmann/ws_moveit/install/moveit_configs_utils:/opt/ros/iron /usr/bin/cmake --build /home/buhrmann/ws_moveit/build/common_services_package -- -j28 -l28
[7.215s] Invoking command in '/home/buhrmann/ws_moveit/build/common_services_package': CMAKE_PREFIX_PATH=${CMAKE_PREFIX_PATH}:/home/buhrmann/ws_moveit/install/ros2_azure_bridge:/home/buhrmann/ws_moveit/install/moveit_configs_utils:/opt/ros/iron /usr/bin/cmake --install /home/buhrmann/ws_moveit/build/common_services_package
[7.228s] -- Install configuration: ""
[7.229s] -- Installing: /home/buhrmann/ws_moveit/install/common_services_package/share/ament_index/resource_index/rosidl_interfaces/common_services_package
[7.229s] -- Installing: /home/buhrmann/ws_moveit/install/common_services_package/share/common_services_package/srv/GetPlantpotCoords.json
[7.229s] -- Installing: /home/buhrmann/ws_moveit/install/common_services_package/include/common_services_package/common_services_package
[7.229s] -- Installing: /home/buhrmann/ws_moveit/install/common_services_package/include/common_services_package/common_services_package/srv
[7.229s] -- Installing: /home/buhrmann/ws_moveit/install/common_services_package/include/common_services_package/common_services_package/srv/get_plantpot_coords.h
[7.229s] -- Installing: /home/buhrmann/ws_moveit/install/common_services_package/include/common_services_package/common_services_package/srv/detail
[7.230s] -- Installing: /home/buhrmann/ws_moveit/install/common_services_package/include/common_services_package/common_services_package/srv/detail/get_plantpot_coords__struct.h
[7.230s] -- Installing: /home/buhrmann/ws_moveit/install/common_services_package/include/common_services_package/common_services_package/srv/detail/get_plantpot_coords__type_support.c
[7.230s] -- Installing: /home/buhrmann/ws_moveit/install/common_services_package/include/common_services_package/common_services_package/srv/detail/get_plantpot_coords__functions.h
[7.230s] -- Installing: /home/buhrmann/ws_moveit/install/common_services_package/include/common_services_package/common_services_package/srv/detail/get_plantpot_coords__functions.c
[7.230s] -- Installing: /home/buhrmann/ws_moveit/install/common_services_package/include/common_services_package/common_services_package/srv/detail/get_plantpot_coords__type_support.h
[7.230s] -- Installing: /home/buhrmann/ws_moveit/install/common_services_package/include/common_services_package/common_services_package/srv/detail/get_plantpot_coords__description.c
[7.230s] -- Installing: /home/buhrmann/ws_moveit/install/common_services_package/include/common_services_package/common_services_package/msg
[7.230s] -- Installing: /home/buhrmann/ws_moveit/install/common_services_package/include/common_services_package/common_services_package/msg/rosidl_generator_c__visibility_control.h
[7.230s] -- Installing: /home/buhrmann/ws_moveit/install/common_services_package/share/common_services_package/environment/library_path.sh
[7.230s] -- Installing: /home/buhrmann/ws_moveit/install/common_services_package/share/common_services_package/environment/library_path.dsv
[7.231s] -- Installing: /home/buhrmann/ws_moveit/install/common_services_package/lib/libcommon_services_package__rosidl_generator_c.so
[7.231s] -- Set runtime path of "/home/buhrmann/ws_moveit/install/common_services_package/lib/libcommon_services_package__rosidl_generator_c.so" to ""
[7.231s] -- Up-to-date: /home/buhrmann/ws_moveit/install/common_services_package/include/common_services_package/common_services_package
[7.231s] -- Up-to-date: /home/buhrmann/ws_moveit/install/common_services_package/include/common_services_package/common_services_package/srv
[7.231s] -- Up-to-date: /home/buhrmann/ws_moveit/install/common_services_package/include/common_services_package/common_services_package/srv/detail
[7.231s] -- Installing: /home/buhrmann/ws_moveit/install/common_services_package/include/common_services_package/common_services_package/srv/detail/get_plantpot_coords__rosidl_typesupport_fastrtps_c.h
[7.231s] -- Up-to-date: /home/buhrmann/ws_moveit/install/common_services_package/include/common_services_package/common_services_package/msg
[7.231s] -- Installing: /home/buhrmann/ws_moveit/install/common_services_package/include/common_services_package/common_services_package/msg/rosidl_typesupport_fastrtps_c__visibility_control.h
[7.231s] -- Installing: /home/buhrmann/ws_moveit/install/common_services_package/lib/libcommon_services_package__rosidl_typesupport_fastrtps_c.so
[7.232s] -- Set runtime path of "/home/buhrmann/ws_moveit/install/common_services_package/lib/libcommon_services_package__rosidl_typesupport_fastrtps_c.so" to ""
[7.232s] -- Up-to-date: /home/buhrmann/ws_moveit/install/common_services_package/include/common_services_package/common_services_package
[7.232s] -- Up-to-date: /home/buhrmann/ws_moveit/install/common_services_package/include/common_services_package/common_services_package/srv
[7.232s] -- Up-to-date: /home/buhrmann/ws_moveit/install/common_services_package/include/common_services_package/common_services_package/srv/detail
[7.232s] -- Up-to-date: /home/buhrmann/ws_moveit/install/common_services_package/include/common_services_package/common_services_package/srv/detail/get_plantpot_coords__type_support.c
[7.232s] -- Installing: /home/buhrmann/ws_moveit/install/common_services_package/include/common_services_package/common_services_package/srv/detail/get_plantpot_coords__rosidl_typesupport_introspection_c.h
[7.232s] -- Up-to-date: /home/buhrmann/ws_moveit/install/common_services_package/include/common_services_package/common_services_package/msg
[7.232s] -- Installing: /home/buhrmann/ws_moveit/install/common_services_package/include/common_services_package/common_services_package/msg/rosidl_typesupport_introspection_c__visibility_control.h
[7.233s] -- Installing: /home/buhrmann/ws_moveit/install/common_services_package/lib/libcommon_services_package__rosidl_typesupport_introspection_c.so
[7.233s] -- Set runtime path of "/home/buhrmann/ws_moveit/install/common_services_package/lib/libcommon_services_package__rosidl_typesupport_introspection_c.so" to ""
[7.233s] -- Installing: /home/buhrmann/ws_moveit/install/common_services_package/lib/libcommon_services_package__rosidl_typesupport_c.so
[7.233s] -- Set runtime path of "/home/buhrmann/ws_moveit/install/common_services_package/lib/libcommon_services_package__rosidl_typesupport_c.so" to ""
[7.233s] -- Up-to-date: /home/buhrmann/ws_moveit/install/common_services_package/include/common_services_package/common_services_package
[7.233s] -- Up-to-date: /home/buhrmann/ws_moveit/install/common_services_package/include/common_services_package/common_services_package/srv
[7.233s] -- Up-to-date: /home/buhrmann/ws_moveit/install/common_services_package/include/common_services_package/common_services_package/srv/detail
[7.233s] -- Installing: /home/buhrmann/ws_moveit/install/common_services_package/include/common_services_package/common_services_package/srv/detail/get_plantpot_coords__traits.hpp
[7.233s] -- Installing: /home/buhrmann/ws_moveit/install/common_services_package/include/common_services_package/common_services_package/srv/detail/get_plantpot_coords__builder.hpp
[7.233s] -- Installing: /home/buhrmann/ws_moveit/install/common_services_package/include/common_services_package/common_services_package/srv/detail/get_plantpot_coords__struct.hpp
[7.233s] -- Installing: /home/buhrmann/ws_moveit/install/common_services_package/include/common_services_package/common_services_package/srv/get_plantpot_coords.hpp
[7.233s] -- Up-to-date: /home/buhrmann/ws_moveit/install/common_services_package/include/common_services_package/common_services_package
[7.233s] -- Up-to-date: /home/buhrmann/ws_moveit/install/common_services_package/include/common_services_package/common_services_package/srv
[7.234s] -- Up-to-date: /home/buhrmann/ws_moveit/install/common_services_package/include/common_services_package/common_services_package/srv/detail
[7.234s] -- Installing: /home/buhrmann/ws_moveit/install/common_services_package/include/common_services_package/common_services_package/srv/detail/get_plantpot_coords__rosidl_typesupport_fastrtps_cpp.hpp
[7.234s] -- Installing: /home/buhrmann/ws_moveit/install/common_services_package/include/common_services_package/common_services_package/srv/detail/dds_fastrtps
[7.234s] -- Up-to-date: /home/buhrmann/ws_moveit/install/common_services_package/include/common_services_package/common_services_package/msg
[7.234s] -- Installing: /home/buhrmann/ws_moveit/install/common_services_package/include/common_services_package/common_services_package/msg/rosidl_typesupport_fastrtps_cpp__visibility_control.h
[7.234s] -- Installing: /home/buhrmann/ws_moveit/install/common_services_package/lib/libcommon_services_package__rosidl_typesupport_fastrtps_cpp.so
[7.234s] -- Set runtime path of "/home/buhrmann/ws_moveit/install/common_services_package/lib/libcommon_services_package__rosidl_typesupport_fastrtps_cpp.so" to ""
[7.235s] -- Up-to-date: /home/buhrmann/ws_moveit/install/common_services_package/include/common_services_package/common_services_package
[7.235s] -- Up-to-date: /home/buhrmann/ws_moveit/install/common_services_package/include/common_services_package/common_services_package/srv
[7.235s] -- Up-to-date: /home/buhrmann/ws_moveit/install/common_services_package/include/common_services_package/common_services_package/srv/detail
[7.235s] -- Installing: /home/buhrmann/ws_moveit/install/common_services_package/include/common_services_package/common_services_package/srv/detail/get_plantpot_coords__type_support.cpp
[7.235s] -- Installing: /home/buhrmann/ws_moveit/install/common_services_package/include/common_services_package/common_services_package/srv/detail/get_plantpot_coords__rosidl_typesupport_introspection_cpp.hpp
[7.236s] -- Installing: /home/buhrmann/ws_moveit/install/common_services_package/lib/libcommon_services_package__rosidl_typesupport_introspection_cpp.so
[7.236s] -- Set runtime path of "/home/buhrmann/ws_moveit/install/common_services_package/lib/libcommon_services_package__rosidl_typesupport_introspection_cpp.so" to ""
[7.236s] -- Installing: /home/buhrmann/ws_moveit/install/common_services_package/lib/libcommon_services_package__rosidl_typesupport_cpp.so
[7.237s] -- Set runtime path of "/home/buhrmann/ws_moveit/install/common_services_package/lib/libcommon_services_package__rosidl_typesupport_cpp.so" to ""
[7.237s] -- Installing: /home/buhrmann/ws_moveit/install/common_services_package/share/common_services_package/environment/pythonpath.sh
[7.238s] -- Installing: /home/buhrmann/ws_moveit/install/common_services_package/share/common_services_package/environment/pythonpath.dsv
[7.238s] -- Installing: /home/buhrmann/ws_moveit/install/common_services_package/lib/python3.10/site-packages/common_services_package-0.0.0-py3.10.egg-info
[7.238s] -- Installing: /home/buhrmann/ws_moveit/install/common_services_package/lib/python3.10/site-packages/common_services_package-0.0.0-py3.10.egg-info/SOURCES.txt
[7.238s] -- Installing: /home/buhrmann/ws_moveit/install/common_services_package/lib/python3.10/site-packages/common_services_package-0.0.0-py3.10.egg-info/dependency_links.txt
[7.238s] -- Installing: /home/buhrmann/ws_moveit/install/common_services_package/lib/python3.10/site-packages/common_services_package-0.0.0-py3.10.egg-info/top_level.txt
[7.238s] -- Installing: /home/buhrmann/ws_moveit/install/common_services_package/lib/python3.10/site-packages/common_services_package-0.0.0-py3.10.egg-info/PKG-INFO
[7.242s] -- Installing: /home/buhrmann/ws_moveit/install/common_services_package/lib/python3.10/site-packages/common_services_package
[7.242s] -- Installing: /home/buhrmann/ws_moveit/install/common_services_package/lib/python3.10/site-packages/common_services_package/srv
[7.242s] -- Installing: /home/buhrmann/ws_moveit/install/common_services_package/lib/python3.10/site-packages/common_services_package/srv/_get_plantpot_coords_s.c
[7.242s] -- Installing: /home/buhrmann/ws_moveit/install/common_services_package/lib/python3.10/site-packages/common_services_package/srv/_get_plantpot_coords.py
[7.242s] -- Installing: /home/buhrmann/ws_moveit/install/common_services_package/lib/python3.10/site-packages/common_services_package/srv/__init__.py
[7.242s] -- Installing: /home/buhrmann/ws_moveit/install/common_services_package/lib/python3.10/site-packages/common_services_package/_common_services_package_s.ep.rosidl_typesupport_introspection_c.c
[7.242s] -- Installing: /home/buhrmann/ws_moveit/install/common_services_package/lib/python3.10/site-packages/common_services_package/_common_services_package_s.ep.rosidl_typesupport_c.c
[7.242s] -- Installing: /home/buhrmann/ws_moveit/install/common_services_package/lib/python3.10/site-packages/common_services_package/libcommon_services_package__rosidl_generator_py.so
[7.242s] -- Installing: /home/buhrmann/ws_moveit/install/common_services_package/lib/python3.10/site-packages/common_services_package/common_services_package_s__rosidl_typesupport_introspection_c.cpython-310-x86_64-linux-gnu.so
[7.243s] -- Installing: /home/buhrmann/ws_moveit/install/common_services_package/lib/python3.10/site-packages/common_services_package/common_services_package_s__rosidl_typesupport_fastrtps_c.cpython-310-x86_64-linux-gnu.so
[7.243s] -- Installing: /home/buhrmann/ws_moveit/install/common_services_package/lib/python3.10/site-packages/common_services_package/__init__.py
[7.243s] -- Installing: /home/buhrmann/ws_moveit/install/common_services_package/lib/python3.10/site-packages/common_services_package/common_services_package_s__rosidl_typesupport_c.cpython-310-x86_64-linux-gnu.so
[7.243s] -- Installing: /home/buhrmann/ws_moveit/install/common_services_package/lib/python3.10/site-packages/common_services_package/_common_services_package_s.ep.rosidl_typesupport_fastrtps_c.c
[7.292s] Listing '/home/buhrmann/ws_moveit/install/common_services_package/lib/python3.10/site-packages/common_services_package'...
[7.292s] Compiling '/home/buhrmann/ws_moveit/install/common_services_package/lib/python3.10/site-packages/common_services_package/__init__.py'...
[7.292s] Listing '/home/buhrmann/ws_moveit/install/common_services_package/lib/python3.10/site-packages/common_services_package/srv'...
[7.292s] Compiling '/home/buhrmann/ws_moveit/install/common_services_package/lib/python3.10/site-packages/common_services_package/srv/__init__.py'...
[7.292s] Compiling '/home/buhrmann/ws_moveit/install/common_services_package/lib/python3.10/site-packages/common_services_package/srv/_get_plantpot_coords.py'...
[7.299s] -- Installing: /home/buhrmann/ws_moveit/install/common_services_package/lib/python3.10/site-packages/common_services_package/common_services_package_s__rosidl_typesupport_fastrtps_c.cpython-310-x86_64-linux-gnu.so
[7.300s] -- Set runtime path of "/home/buhrmann/ws_moveit/install/common_services_package/lib/python3.10/site-packages/common_services_package/common_services_package_s__rosidl_typesupport_fastrtps_c.cpython-310-x86_64-linux-gnu.so" to ""
[7.300s] -- Installing: /home/buhrmann/ws_moveit/install/common_services_package/lib/python3.10/site-packages/common_services_package/common_services_package_s__rosidl_typesupport_introspection_c.cpython-310-x86_64-linux-gnu.so
[7.300s] -- Set runtime path of "/home/buhrmann/ws_moveit/install/common_services_package/lib/python3.10/site-packages/common_services_package/common_services_package_s__rosidl_typesupport_introspection_c.cpython-310-x86_64-linux-gnu.so" to ""
[7.301s] -- Installing: /home/buhrmann/ws_moveit/install/common_services_package/lib/python3.10/site-packages/common_services_package/common_services_package_s__rosidl_typesupport_c.cpython-310-x86_64-linux-gnu.so
[7.301s] -- Set runtime path of "/home/buhrmann/ws_moveit/install/common_services_package/lib/python3.10/site-packages/common_services_package/common_services_package_s__rosidl_typesupport_c.cpython-310-x86_64-linux-gnu.so" to ""
[7.301s] -- Installing: /home/buhrmann/ws_moveit/install/common_services_package/lib/libcommon_services_package__rosidl_generator_py.so
[7.301s] -- Set runtime path of "/home/buhrmann/ws_moveit/install/common_services_package/lib/libcommon_services_package__rosidl_generator_py.so" to ""
[7.302s] -- Installing: /home/buhrmann/ws_moveit/install/common_services_package/share/common_services_package/srv/GetPlantpotCoords.idl
[7.302s] -- Installing: /home/buhrmann/ws_moveit/install/common_services_package/share/common_services_package/srv/GetPlantpotCoords.srv
[7.302s] -- Installing: /home/buhrmann/ws_moveit/install/common_services_package/share/common_services_package/srv/GetPlantpotCoords_Request.msg
[7.302s] -- Installing: /home/buhrmann/ws_moveit/install/common_services_package/share/common_services_package/srv/GetPlantpotCoords_Response.msg
[7.302s] -- Installing: /home/buhrmann/ws_moveit/install/common_services_package/share/ament_index/resource_index/package_run_dependencies/common_services_package
[7.303s] -- Installing: /home/buhrmann/ws_moveit/install/common_services_package/share/ament_index/resource_index/parent_prefix_path/common_services_package
[7.303s] -- Installing: /home/buhrmann/ws_moveit/install/common_services_package/share/common_services_package/environment/ament_prefix_path.sh
[7.303s] -- Installing: /home/buhrmann/ws_moveit/install/common_services_package/share/common_services_package/environment/ament_prefix_path.dsv
[7.303s] -- Installing: /home/buhrmann/ws_moveit/install/common_services_package/share/common_services_package/environment/path.sh
[7.303s] -- Installing: /home/buhrmann/ws_moveit/install/common_services_package/share/common_services_package/environment/path.dsv
[7.303s] -- Installing: /home/buhrmann/ws_moveit/install/common_services_package/share/common_services_package/local_setup.bash
[7.304s] -- Installing: /home/buhrmann/ws_moveit/install/common_services_package/share/common_services_package/local_setup.sh
[7.304s] -- Installing: /home/buhrmann/ws_moveit/install/common_services_package/share/common_services_package/local_setup.zsh
[7.304s] -- Installing: /home/buhrmann/ws_moveit/install/common_services_package/share/common_services_package/local_setup.dsv
[7.304s] -- Installing: /home/buhrmann/ws_moveit/install/common_services_package/share/common_services_package/package.dsv
[7.306s] -- Installing: /home/buhrmann/ws_moveit/install/common_services_package/share/ament_index/resource_index/packages/common_services_package
[7.306s] -- Installing: /home/buhrmann/ws_moveit/install/common_services_package/share/common_services_package/cmake/export_common_services_package__rosidl_generator_cExport.cmake
[7.306s] -- Installing: /home/buhrmann/ws_moveit/install/common_services_package/share/common_services_package/cmake/export_common_services_package__rosidl_generator_cExport-noconfig.cmake
[7.307s] -- Installing: /home/buhrmann/ws_moveit/install/common_services_package/share/common_services_package/cmake/export_common_services_package__rosidl_typesupport_fastrtps_cExport.cmake
[7.307s] -- Installing: /home/buhrmann/ws_moveit/install/common_services_package/share/common_services_package/cmake/export_common_services_package__rosidl_typesupport_fastrtps_cExport-noconfig.cmake
[7.308s] -- Installing: /home/buhrmann/ws_moveit/install/common_services_package/share/common_services_package/cmake/common_services_package__rosidl_typesupport_introspection_cExport.cmake
[7.308s] -- Installing: /home/buhrmann/ws_moveit/install/common_services_package/share/common_services_package/cmake/common_services_package__rosidl_typesupport_introspection_cExport-noconfig.cmake
[7.309s] -- Installing: /home/buhrmann/ws_moveit/install/common_services_package/share/common_services_package/cmake/common_services_package__rosidl_typesupport_cExport.cmake
[7.309s] -- Installing: /home/buhrmann/ws_moveit/install/common_services_package/share/common_services_package/cmake/common_services_package__rosidl_typesupport_cExport-noconfig.cmake
[7.309s] -- Installing: /home/buhrmann/ws_moveit/install/common_services_package/share/common_services_package/cmake/export_common_services_package__rosidl_generator_cppExport.cmake
[7.309s] -- Installing: /home/buhrmann/ws_moveit/install/common_services_package/share/common_services_package/cmake/export_common_services_package__rosidl_typesupport_fastrtps_cppExport.cmake
[7.309s] -- Installing: /home/buhrmann/ws_moveit/install/common_services_package/share/common_services_package/cmake/export_common_services_package__rosidl_typesupport_fastrtps_cppExport-noconfig.cmake
[7.309s] -- Installing: /home/buhrmann/ws_moveit/install/common_services_package/share/common_services_package/cmake/common_services_package__rosidl_typesupport_introspection_cppExport.cmake
[7.309s] -- Installing: /home/buhrmann/ws_moveit/install/common_services_package/share/common_services_package/cmake/common_services_package__rosidl_typesupport_introspection_cppExport-noconfig.cmake
[7.309s] -- Installing: /home/buhrmann/ws_moveit/install/common_services_package/share/common_services_package/cmake/common_services_package__rosidl_typesupport_cppExport.cmake
[7.309s] -- Installing: /home/buhrmann/ws_moveit/install/common_services_package/share/common_services_package/cmake/common_services_package__rosidl_typesupport_cppExport-noconfig.cmake
[7.309s] -- Installing: /home/buhrmann/ws_moveit/install/common_services_package/share/common_services_package/cmake/export_common_services_package__rosidl_generator_pyExport.cmake
[7.309s] -- Installing: /home/buhrmann/ws_moveit/install/common_services_package/share/common_services_package/cmake/export_common_services_package__rosidl_generator_pyExport-noconfig.cmake
[7.310s] -- Installing: /home/buhrmann/ws_moveit/install/common_services_package/share/common_services_package/cmake/rosidl_cmake-extras.cmake
[7.310s] -- Installing: /home/buhrmann/ws_moveit/install/common_services_package/share/common_services_package/cmake/ament_cmake_export_dependencies-extras.cmake
[7.310s] -- Installing: /home/buhrmann/ws_moveit/install/common_services_package/share/common_services_package/cmake/ament_cmake_export_include_directories-extras.cmake
[7.310s] -- Installing: /home/buhrmann/ws_moveit/install/common_services_package/share/common_services_package/cmake/ament_cmake_export_libraries-extras.cmake
[7.310s] -- Installing: /home/buhrmann/ws_moveit/install/common_services_package/share/common_services_package/cmake/ament_cmake_export_targets-extras.cmake
[7.310s] -- Installing: /home/buhrmann/ws_moveit/install/common_services_package/share/common_services_package/cmake/rosidl_cmake_export_typesupport_targets-extras.cmake
[7.310s] -- Installing: /home/buhrmann/ws_moveit/install/common_services_package/share/common_services_package/cmake/rosidl_cmake_export_typesupport_libraries-extras.cmake
[7.310s] -- Installing: /home/buhrmann/ws_moveit/install/common_services_package/share/common_services_package/cmake/common_services_packageConfig.cmake
[7.310s] -- Installing: /home/buhrmann/ws_moveit/install/common_services_package/share/common_services_package/cmake/common_services_packageConfig-version.cmake
[7.310s] -- Installing: /home/buhrmann/ws_moveit/install/common_services_package/share/common_services_package/package.xml
[7.314s] Invoked command in '/home/buhrmann/ws_moveit/build/common_services_package' returned '0': CMAKE_PREFIX_PATH=${CMAKE_PREFIX_PATH}:/home/buhrmann/ws_moveit/install/ros2_azure_bridge:/home/buhrmann/ws_moveit/install/moveit_configs_utils:/opt/ros/iron /usr/bin/cmake --install /home/buhrmann/ws_moveit/build/common_services_package
