[0.029s] Invoking command in '/home/buhrmann/ws_moveit/build/moveit_core': CMAKE_PREFIX_PATH=/home/buhrmann/ws_moveit/install/moveit_resources_panda_moveit_config:/home/buhrmann/ws_moveit/install/moveit_resources_pr2_description:/home/buhrmann/ws_moveit/install/moveit_resources_panda_description:/home/buhrmann/ws_moveit/install/moveit_msgs:/home/buhrmann/ws_moveit/install/moveit_common:/home/buhrmann/ws_moveit/install/ur5_moveit_test:/home/buhrmann/ws_moveit/install/ur5_camera_moveit_config2:/home/buhrmann/ws_moveit/install/ur5_camera_moveit_config:/home/buhrmann/ws_moveit/install/ur5_description_controller:/home/buhrmann/ws_moveit/install/ur3_camera_moveit_config:/home/buhrmann/ws_moveit/install/ur3_description_controller:/home/buhrmann/ws_moveit/install/robotiq_hardware_tests:/home/buhrmann/ws_moveit/install/robotiq_driver:/home/buhrmann/ws_moveit/install/serial:/home/buhrmann/ws_moveit/install/moveit2_tutorials:/home/buhrmann/ws_moveit/install/moveit_visual_tools:/home/buhrmann/ws_moveit/install/rviz_visual_tools:/home/buhrmann/ws_moveit/install/moveit_task_constructor_visualization:/home/buhrmann/ws_moveit/install/moveit_task_constructor_demo:/home/buhrmann/ws_moveit/install/moveit_task_constructor_capabilities:/home/buhrmann/ws_moveit/install/moveit_task_constructor_core:/home/buhrmann/ws_moveit/install/rviz_marker_tools:/home/buhrmann/ws_moveit/install/picknik_accessories:/home/buhrmann/ws_moveit/install/kortex_bringup:/home/buhrmann/ws_moveit/install/kinova_gen3_lite_moveit_config:/home/buhrmann/ws_moveit/install/kinova_gen3_7dof_robotiq_2f_85_moveit_config:/home/buhrmann/ws_moveit/install/kinova_gen3_6dof_robotiq_2f_85_moveit_config:/home/buhrmann/ws_moveit/install/kortex_description:/home/buhrmann/ws_moveit/install/robotiq_description:/home/buhrmann/ws_moveit/install/robotiq_controllers:/home/buhrmann/ws_moveit/install/point_cloud_circle_detector:/home/buhrmann/ws_moveit/install/pilz_industrial_motion_planner_testutils:/home/buhrmann/ws_moveit/install/moveit_runtime:/home/buhrmann/ws_moveit/install/moveit:/home/buhrmann/ws_moveit/install/moveit_planners:/home/buhrmann/ws_moveit/install/pilz_industrial_motion_planner:/home/buhrmann/ws_moveit/install/pick_ik:/home/buhrmann/ws_moveit/install/object_detection_pcl:/home/buhrmann/ws_moveit/install/object_detection:/home/buhrmann/ws_moveit/install/object_creation:/home/buhrmann/ws_moveit/install/moveit_task_constructor_msgs:/home/buhrmann/ws_moveit/install/moveit_ros_control_interface:/home/buhrmann/ws_moveit/install/moveit_plugins:/home/buhrmann/ws_moveit/install/moveit_simple_controller_manager:/home/buhrmann/ws_moveit/install/moveit_setup_assistant:/home/buhrmann/ws_moveit/install/moveit_setup_srdf_plugins:/home/buhrmann/ws_moveit/install/moveit_setup_core_plugins:/home/buhrmann/ws_moveit/install/moveit_setup_controllers:/home/buhrmann/ws_moveit/install/moveit_setup_app_plugins:/home/buhrmann/ws_moveit/install/moveit_setup_framework:/home/buhrmann/ws_moveit/install/moveit_servo:/home/buhrmann/ws_moveit/install/moveit_ros_trajectory_cache:/home/buhrmann/ws_moveit/install/moveit_ros:/home/buhrmann/ws_moveit/install/moveit_ros_visualization:/home/buhrmann/ws_moveit/install/moveit_py:/home/buhrmann/ws_moveit/install/moveit_hybrid_planning:/home/buhrmann/ws_moveit/install/moveit_ros_planning_interface:/home/buhrmann/ws_moveit/install/moveit_ros_benchmarks:/home/buhrmann/ws_moveit/install/moveit_ros_warehouse:/home/buhrmann/ws_moveit/install/moveit_ros_robot_interaction:/home/buhrmann/ws_moveit/install/moveit_ros_perception:/home/buhrmann/ws_moveit/install/moveit_resources_prbt_pg70_support:/home/buhrmann/ws_moveit/install/moveit_resources_prbt_moveit_config:/home/buhrmann/ws_moveit/install/moveit_ros_move_group:/home/buhrmann/ws_moveit/install/moveit_planners_ompl:/home/buhrmann/ws_moveit/install/moveit_kinematics:/home/buhrmann/ws_moveit/install/moveit_ros_planning:/home/buhrmann/ws_moveit/install/moveit_ros_occupancy_map_monitor:/home/buhrmann/ws_moveit/install/moveit_resources_prbt_support:/home/buhrmann/ws_moveit/install/moveit_resources_prbt_ikfast_manipulator_plugin:/home/buhrmann/ws_moveit/install/moveit_resources:/home/buhrmann/ws_moveit/install/dual_arm_panda_moveit_config:/home/buhrmann/ws_moveit/install/moveit_resources_fanuc_moveit_config:/home/buhrmann/ws_moveit/install/moveit_resources_fanuc_description:/home/buhrmann/ws_moveit/install/moveit_planners_stomp:/home/buhrmann/ws_moveit/install/moveit_planners_chomp:/home/buhrmann/ws_moveit/install/chomp_motion_planner:/home/buhrmann/ws_moveit/install/moveit_core:/home/buhrmann/ws_moveit/install/kortex_driver:/home/buhrmann/ws_moveit/install/kortex_api:/home/buhrmann/ws_moveit/install/moveit_configs_utils:/opt/ros/iron LD_LIBRARY_PATH=/home/buhrmann/ws_moveit/install/moveit_msgs/lib:/home/buhrmann/ws_moveit/install/robotiq_driver/lib:/home/buhrmann/ws_moveit/install/serial/lib:/home/buhrmann/ws_moveit/install/moveit_visual_tools/lib:/home/buhrmann/ws_moveit/install/rviz_visual_tools/lib:/home/buhrmann/ws_moveit/install/moveit_task_constructor_visualization/lib:/home/buhrmann/ws_moveit/install/moveit_task_constructor_demo/lib:/home/buhrmann/ws_moveit/install/moveit_task_constructor_capabilities/lib:/home/buhrmann/ws_moveit/install/moveit_task_constructor_core/lib:/home/buhrmann/ws_moveit/install/rviz_marker_tools/lib:/home/buhrmann/ws_moveit/install/robotiq_controllers/lib:/home/buhrmann/ws_moveit/install/pilz_industrial_motion_planner_testutils/lib:/home/buhrmann/ws_moveit/install/pilz_industrial_motion_planner/lib:/home/buhrmann/ws_moveit/install/pick_ik/lib:/home/buhrmann/ws_moveit/install/moveit_task_constructor_msgs/lib:/home/buhrmann/ws_moveit/install/moveit_ros_control_interface/lib:/home/buhrmann/ws_moveit/install/moveit_simple_controller_manager/lib:/home/buhrmann/ws_moveit/install/moveit_setup_assistant/lib:/home/buhrmann/ws_moveit/install/moveit_setup_srdf_plugins/lib:/home/buhrmann/ws_moveit/install/moveit_setup_core_plugins/lib:/home/buhrmann/ws_moveit/install/moveit_setup_controllers/lib:/home/buhrmann/ws_moveit/install/moveit_setup_app_plugins/lib:/home/buhrmann/ws_moveit/install/moveit_setup_framework/lib:/home/buhrmann/ws_moveit/install/moveit_servo/lib:/home/buhrmann/ws_moveit/install/moveit_ros_trajectory_cache/lib:/home/buhrmann/ws_moveit/install/moveit_ros_visualization/lib:/home/buhrmann/ws_moveit/install/moveit_py/lib:/home/buhrmann/ws_moveit/install/moveit_hybrid_planning/lib:/home/buhrmann/ws_moveit/install/moveit_ros_planning_interface/lib:/home/buhrmann/ws_moveit/install/moveit_ros_benchmarks/lib:/home/buhrmann/ws_moveit/install/moveit_ros_warehouse/lib:/home/buhrmann/ws_moveit/install/moveit_ros_robot_interaction/lib:/home/buhrmann/ws_moveit/install/moveit_ros_perception/lib:/home/buhrmann/ws_moveit/install/moveit_ros_move_group/lib:/home/buhrmann/ws_moveit/install/moveit_planners_ompl/lib:/home/buhrmann/ws_moveit/install/moveit_kinematics/lib:/home/buhrmann/ws_moveit/install/moveit_ros_planning/lib:/home/buhrmann/ws_moveit/install/moveit_ros_occupancy_map_monitor/lib:/home/buhrmann/ws_moveit/install/moveit_resources_prbt_ikfast_manipulator_plugin/lib:/home/buhrmann/ws_moveit/install/moveit_planners_stomp/lib:/home/buhrmann/ws_moveit/install/moveit_planners_chomp/lib:/home/buhrmann/ws_moveit/install/chomp_motion_planner/lib:/home/buhrmann/ws_moveit/install/moveit_core/lib:/home/buhrmann/ws_moveit/install/kortex_driver/lib:/opt/ros/iron/opt/rviz_ogre_vendor/lib:/opt/ros/iron/lib/x86_64-linux-gnu:/opt/ros/iron/lib:/usr/lib/jvm/java-11-openjdk-amd64/lib/amd64 PYTHONPATH=/home/buhrmann/ws_moveit/install/moveit_msgs/lib/python3.10/site-packages:/home/buhrmann/ws_moveit/install/moveit_task_constructor_core/lib/python3.10/site-packages:/home/buhrmann/ws_moveit/install/moveit_task_constructor_msgs/lib/python3.10/site-packages:/home/buhrmann/ws_moveit/install/moveit_py/lib/python3.10/site-packages:/home/buhrmann/ws_moveit/install/moveit_configs_utils/lib/python3.10/site-packages:/opt/ros/iron/lib/python3.10/site-packages /usr/bin/cmake --build /home/buhrmann/ws_moveit/build/moveit_core -- -j28 -l28
[0.073s] [  1%] Built target moveit_acceleration_filter_parameters
[0.075s] [  2%] [34m[1mGenerate version header[0m
[0.075s] [  3%] Built target gtest
[0.077s] [  3%] Built target moveit_butterworth_filter_parameters
[0.077s] [  4%] Built target gtest_main
[0.079s] [  5%] Built target gmock
[0.079s] [  8%] Built target moveit_utils
[0.080s] [  9%] Built target moveit_ruckig_filter_parameters
[0.081s] [ 11%] Built target gmock_main
[0.086s] [ 12%] Built target moveit_smoothing_base
[0.100s] [ 13%] Built target moveit_transforms
[0.100s] [ 14%] [34m[1mGenerating version.h[0m
[0.102s] [ 15%] Built target logger_dut
[0.102s] [ 16%] Built target moveit_exceptions
[0.107s] [ 19%] Built target moveit_distance_field
[0.109s] [ 19%] Built target version_h
[0.118s] [ 20%] Built target test_transforms
[0.125s] [ 21%] Built target test_voxel_grid
[0.126s] [ 22%] Built target moveit_version
[0.128s] [ 23%] Built target test_distance_field
[0.136s] [ 29%] Built target moveit_robot_model
[0.155s] [ 30%] Built target moveit_kinematics_base
[0.159s] [ 31%] Built target moveit_butterworth_filter
[0.182s] [ 34%] Built target moveit_robot_state
[0.182s] [ 35%] Built target moveit_test_utils
[0.184s] [ 36%] Built target test_butterworth_filter
[0.202s] [ 39%] Built target test_robot_state_complex
[0.202s] [ 39%] Built target moveit_kinematics_metrics
[0.202s] [ 39%] Built target moveit_ruckig_filter
[0.203s] [ 41%] Built target test_aabb
[0.204s] [ 42%] Built target moveit_robot_trajectory
[0.205s] [ 43%] Built target moveit_acceleration_filter
[0.205s] [ 44%] Built target moveit_dynamics_solver
[0.207s] [ 45%] Built target test_robot_model
[0.207s] [ 46%] Built target test_robot_state
[0.208s] [ 47%] Built target robot_state_benchmark
[0.208s] [ 49%] Built target test_cartesian_interpolator
[0.216s] [ 55%] Built target moveit_collision_detection
[0.226s] [ 57%] Built target test_robot_trajectory
[0.227s] [ 58%] Built target test_acceleration_filter
[0.228s] [ 60%] Built target moveit_trajectory_processing
[0.235s] [ 61%] Built target test_world_diff
[0.236s] [ 62%] Built target test_world
[0.237s] [ 63%] Built target moveit_collision_detection_fcl
[0.240s] [ 64%] Built target test_all_valid
[0.248s] gmake[2]: *** No rule to make target '/usr/lib/x86_64-linux-gnu/libBulletDynamics.so', needed by 'collision_detection_bullet/libmoveit_collision_detection_bullet.so.2.11.0'.  Stop.
[0.248s] gmake[2]: *** Waiting for unfinished jobs....
[0.250s] [ 65%] Built target test_ruckig_traj_smoothing
[0.250s] [ 66%] Built target test_time_optimal_trajectory_generation
[0.250s] [ 67%] [32mBuilding CXX object collision_detection_bullet/CMakeFiles/moveit_collision_detection_bullet.dir/src/bullet_integration/bullet_utils.cpp.o[0m
[0.250s] [ 68%] Built target robot_trajectory_benchmark
[0.250s] [ 68%] [32mBuilding CXX object collision_detection_bullet/CMakeFiles/moveit_collision_detection_bullet.dir/src/bullet_integration/bullet_discrete_bvh_manager.cpp.o[0m
[0.251s] [ 68%] [32mBuilding CXX object collision_detection_bullet/CMakeFiles/moveit_collision_detection_bullet.dir/src/collision_env_bullet.cpp.o[0m
[0.252s] [ 69%] [32mBuilding CXX object collision_detection_bullet/CMakeFiles/moveit_collision_detection_bullet.dir/src/bullet_integration/bullet_cast_bvh_manager.cpp.o[0m
[0.252s] [ 70%] [32mBuilding CXX object collision_detection_bullet/CMakeFiles/moveit_collision_detection_bullet.dir/src/bullet_integration/bullet_bvh_manager.cpp.o[0m
[0.252s] [ 70%] [32mBuilding CXX object collision_detection_bullet/CMakeFiles/moveit_collision_detection_bullet.dir/src/bullet_integration/contact_checker_common.cpp.o[0m
[0.258s] In file included from [01m[K/home/buhrmann/ws_moveit/src/moveit2/moveit_core/collision_detection_bullet/include/moveit/collision_detection_bullet/bullet_integration/bullet_bvh_manager.h:36[m[K,
[0.258s]                  from [01m[K/home/buhrmann/ws_moveit/src/moveit2/moveit_core/collision_detection_bullet/src/bullet_integration/bullet_bvh_manager.cpp:34[m[K:
[0.258s] [01m[K/home/buhrmann/ws_moveit/src/moveit2/moveit_core/collision_detection_bullet/include/moveit/collision_detection_bullet/bullet_integration/bullet_utils.h:37:10:[m[K [01;31m[Kfatal error: [m[KbtBulletCollisionCommon.h: No such file or directory
[0.258s]    37 | #include [01;31m[K<btBulletCollisionCommon.h>[m[K
[0.258s]       |          [01;31m[K^~~~~~~~~~~~~~~~~~~~~~~~~~~[m[K
[0.258s] compilation terminated.
[0.258s] In file included from [01m[K/home/buhrmann/ws_moveit/src/moveit2/moveit_core/collision_detection_bullet/src/bullet_integration/contact_checker_common.cpp:36[m[K:
[0.258s] [01m[K/home/buhrmann/ws_moveit/src/moveit2/moveit_core/collision_detection_bullet/include/moveit/collision_detection_bullet/bullet_integration/contact_checker_common.h:23:10:[m[K [01;31m[Kfatal error: [m[KLinearMath/btConvexHullComputer.h: No such file or directory
[0.258s]    23 | #include [01;31m[K<LinearMath/btConvexHullComputer.h>[m[K
[0.258s]       |          [01;31m[K^~~~~~~~~~~~~~~~~~~~~~~~~~~~~~~~~~~[m[K
[0.258s] compilation terminated.
[0.258s] In file included from [01m[K/home/buhrmann/ws_moveit/src/moveit2/moveit_core/collision_detection_bullet/src/bullet_integration/bullet_utils.cpp:35[m[K:
[0.258s] [01m[K/home/buhrmann/ws_moveit/src/moveit2/moveit_core/collision_detection_bullet/include/moveit/collision_detection_bullet/bullet_integration/bullet_utils.h:37:10:[m[K [01;31m[Kfatal error: [m[KbtBulletCollisionCommon.h: No such file or directory
[0.258s]    37 | #include [01;31m[K<btBulletCollisionCommon.h>[m[K
[0.258s]       |          [01;31m[K^~~~~~~~~~~~~~~~~~~~~~~~~~~[m[K
[0.258s] In file included from [01m[K/home/buhrmann/ws_moveit/src/moveit2/moveit_core/collision_detection_bullet/include/moveit/collision_detection_bullet/bullet_integration/bullet_cast_bvh_manager.h:36[m[K,
[0.258s]                  from [01m[K/home/buhrmann/ws_moveit/src/moveit2/moveit_core/collision_detection_bullet/src/bullet_integration/bullet_cast_bvh_manager.cpp:34[m[K:
[0.258s] [01m[K/home/buhrmann/ws_moveit/src/moveit2/moveit_core/collision_detection_bullet/include/moveit/collision_detection_bullet/bullet_integration/bullet_utils.h:37:10:[m[K [01;31m[Kfatal error: [m[KbtBulletCollisionCommon.h: No such file or directory
[0.259s]    37 | #include [01;31m[K<btBulletCollisionCommon.h>[m[K
[0.259s]       |          [01;31m[K^~~~~~~~~~~~~~~~~~~~~~~~~~~[m[K
[0.259s] compilation terminated.
[0.259s] compilation terminated.
[0.259s] gmake[2]: *** [collision_detection_bullet/CMakeFiles/moveit_collision_detection_bullet.dir/build.make:146: collision_detection_bullet/CMakeFiles/moveit_collision_detection_bullet.dir/src/bullet_integration/contact_checker_common.cpp.o] Error 1
[0.259s] gmake[2]: *** [collision_detection_bullet/CMakeFiles/moveit_collision_detection_bullet.dir/build.make:76: collision_detection_bullet/CMakeFiles/moveit_collision_detection_bullet.dir/src/bullet_integration/bullet_utils.cpp.o] Error 1
[0.259s] gmake[2]: *** [collision_detection_bullet/CMakeFiles/moveit_collision_detection_bullet.dir/build.make:104: collision_detection_bullet/CMakeFiles/moveit_collision_detection_bullet.dir/src/bullet_integration/bullet_cast_bvh_manager.cpp.o] Error 1
[0.259s] gmake[2]: *** [collision_detection_bullet/CMakeFiles/moveit_collision_detection_bullet.dir/build.make:132: collision_detection_bullet/CMakeFiles/moveit_collision_detection_bullet.dir/src/bullet_integration/bullet_bvh_manager.cpp.o] Error 1
[0.259s] In file included from [01m[K/home/buhrmann/ws_moveit/src/moveit2/moveit_core/collision_detection_bullet/include/moveit/collision_detection_bullet/bullet_integration/bullet_discrete_bvh_manager.h:36[m[K,
[0.259s]                  from [01m[K/home/buhrmann/ws_moveit/src/moveit2/moveit_core/collision_detection_bullet/src/bullet_integration/bullet_discrete_bvh_manager.cpp:34[m[K:
[0.259s] [01m[K/home/buhrmann/ws_moveit/src/moveit2/moveit_core/collision_detection_bullet/include/moveit/collision_detection_bullet/bullet_integration/bullet_utils.h:37:10:[m[K [01;31m[Kfatal error: [m[KbtBulletCollisionCommon.h: No such file or directory
[0.259s]    37 | #include [01;31m[K<btBulletCollisionCommon.h>[m[K
[0.259s]       |          [01;31m[K^~~~~~~~~~~~~~~~~~~~~~~~~~~[m[K
[0.259s] compilation terminated.
[0.259s] gmake[2]: *** [collision_detection_bullet/CMakeFiles/moveit_collision_detection_bullet.dir/build.make:90: collision_detection_bullet/CMakeFiles/moveit_collision_detection_bullet.dir/src/bullet_integration/bullet_discrete_bvh_manager.cpp.o] Error 1
[0.260s] [ 71%] Built target test_fcl_collision_env
[0.260s] [ 73%] Built target test_fcl_collision_detection_panda
[0.268s] [ 75%] Built target moveit_kinematic_constraints
[0.268s] [ 76%] Built target test_fcl_collision_detection
[0.289s] [ 77%] Built target test_orientation_constraints
[0.289s] [ 78%] Built target test_constraints
[0.289s] [ 79%] Built target moveit_planning_scene
[0.313s] [ 81%] Built target moveit_planning_interface
[0.315s] [ 82%] Built target test_collision_objects
[0.316s] [ 83%] Built target collision_detector_fcl_plugin
[0.316s] [ 84%] Built target test_planning_scene
[0.318s] [ 85%] Built target test_multi_threaded
[0.321s] [ 88%] Built target moveit_constraint_samplers
[0.327s] [ 91%] Built target moveit_collision_distance_field
[0.351s] [ 93%] Built target test_constraint_samplers
[0.356s] [ 94%] Built target test_collision_distance_field
[0.485s] In file included from [01m[K/home/buhrmann/ws_moveit/src/moveit2/moveit_core/collision_detection_bullet/include/moveit/collision_detection_bullet/bullet_integration/bullet_discrete_bvh_manager.h:36[m[K,
[0.485s]                  from [01m[K/home/buhrmann/ws_moveit/src/moveit2/moveit_core/collision_detection_bullet/include/moveit/collision_detection_bullet/collision_env_bullet.h:40[m[K,
[0.486s]                  from [01m[K/home/buhrmann/ws_moveit/src/moveit2/moveit_core/collision_detection_bullet/src/collision_env_bullet.cpp:37[m[K:
[0.486s] [01m[K/home/buhrmann/ws_moveit/src/moveit2/moveit_core/collision_detection_bullet/include/moveit/collision_detection_bullet/bullet_integration/bullet_utils.h:37:10:[m[K [01;31m[Kfatal error: [m[KbtBulletCollisionCommon.h: No such file or directory
[0.486s]    37 | #include [01;31m[K<btBulletCollisionCommon.h>[m[K
[0.486s]       |          [01;31m[K^~~~~~~~~~~~~~~~~~~~~~~~~~~[m[K
[0.486s] compilation terminated.
[0.488s] gmake[2]: *** [collision_detection_bullet/CMakeFiles/moveit_collision_detection_bullet.dir/build.make:118: collision_detection_bullet/CMakeFiles/moveit_collision_detection_bullet.dir/src/collision_env_bullet.cpp.o] Error 1
[0.488s] gmake[1]: *** [CMakeFiles/Makefile2:688: collision_detection_bullet/CMakeFiles/moveit_collision_detection_bullet.dir/all] Error 2
[0.488s] gmake: *** [Makefile:146: all] Error 2
