[0.010s] Invoking command in '/home/buhrmann/ws_moveit/build/point_cloud_circle_detector': CMAKE_PREFIX_PATH=${CMAKE_PREFIX_PATH}:/home/buhrmann/ws_moveit/install/moveit_configs_utils:/opt/ros/iron /usr/bin/cmake --build /home/buhrmann/ws_moveit/build/point_cloud_circle_detector -- -j28 -l28
[0.055s] [35m[1mConsolidate compiler generated dependencies of target point_cloud_cylinder_detector[0m
[0.072s] [ 50%] Built target point_cloud_circle_detector
[0.073s] [ 75%] [32mBuilding CXX object CMakeFiles/point_cloud_cylinder_detector.dir/src/point_cloud_cylinder_detector.cpp.o[0m
[7.423s] [100%] [32m[1mLinking CXX executable point_cloud_cylinder_detector[0m
[9.596s] [100%] Built target point_cloud_cylinder_detector
[9.606s] Invoked command in '/home/buhrmann/ws_moveit/build/point_cloud_circle_detector' returned '0': CMAKE_PREFIX_PATH=${CMAKE_PREFIX_PATH}:/home/buhrmann/ws_moveit/install/moveit_configs_utils:/opt/ros/iron /usr/bin/cmake --build /home/buhrmann/ws_moveit/build/point_cloud_circle_detector -- -j28 -l28
[9.654s] Invoking command in '/home/buhrmann/ws_moveit/build/point_cloud_circle_detector': CMAKE_PREFIX_PATH=${CMAKE_PREFIX_PATH}:/home/buhrmann/ws_moveit/install/moveit_configs_utils:/opt/ros/iron /usr/bin/cmake --install /home/buhrmann/ws_moveit/build/point_cloud_circle_detector
[9.662s] -- Install configuration: ""
[9.662s] -- Up-to-date: /home/buhrmann/ws_moveit/install/point_cloud_circle_detector/lib/point_cloud_circle_detector/point_cloud_circle_detector
[9.662s] -- Installing: /home/buhrmann/ws_moveit/install/point_cloud_circle_detector/lib/point_cloud_circle_detector/point_cloud_cylinder_detector
[9.665s] -- Set runtime path of "/home/buhrmann/ws_moveit/install/point_cloud_circle_detector/lib/point_cloud_circle_detector/point_cloud_cylinder_detector" to ""
[9.665s] -- Up-to-date: /home/buhrmann/ws_moveit/install/point_cloud_circle_detector/share/ament_index/resource_index/package_run_dependencies/point_cloud_circle_detector
[9.665s] -- Up-to-date: /home/buhrmann/ws_moveit/install/point_cloud_circle_detector/share/ament_index/resource_index/parent_prefix_path/point_cloud_circle_detector
[9.665s] -- Up-to-date: /home/buhrmann/ws_moveit/install/point_cloud_circle_detector/share/point_cloud_circle_detector/environment/ament_prefix_path.sh
[9.665s] -- Up-to-date: /home/buhrmann/ws_moveit/install/point_cloud_circle_detector/share/point_cloud_circle_detector/environment/ament_prefix_path.dsv
[9.665s] -- Up-to-date: /home/buhrmann/ws_moveit/install/point_cloud_circle_detector/share/point_cloud_circle_detector/environment/path.sh
[9.665s] -- Up-to-date: /home/buhrmann/ws_moveit/install/point_cloud_circle_detector/share/point_cloud_circle_detector/environment/path.dsv
[9.665s] -- Up-to-date: /home/buhrmann/ws_moveit/install/point_cloud_circle_detector/share/point_cloud_circle_detector/local_setup.bash
[9.665s] -- Up-to-date: /home/buhrmann/ws_moveit/install/point_cloud_circle_detector/share/point_cloud_circle_detector/local_setup.sh
[9.665s] -- Up-to-date: /home/buhrmann/ws_moveit/install/point_cloud_circle_detector/share/point_cloud_circle_detector/local_setup.zsh
[9.665s] -- Up-to-date: /home/buhrmann/ws_moveit/install/point_cloud_circle_detector/share/point_cloud_circle_detector/local_setup.dsv
[9.665s] -- Installing: /home/buhrmann/ws_moveit/install/point_cloud_circle_detector/share/point_cloud_circle_detector/package.dsv
[9.665s] -- Up-to-date: /home/buhrmann/ws_moveit/install/point_cloud_circle_detector/share/ament_index/resource_index/packages/point_cloud_circle_detector
[9.665s] -- Up-to-date: /home/buhrmann/ws_moveit/install/point_cloud_circle_detector/share/point_cloud_circle_detector/cmake/point_cloud_circle_detectorConfig.cmake
[9.665s] -- Up-to-date: /home/buhrmann/ws_moveit/install/point_cloud_circle_detector/share/point_cloud_circle_detector/cmake/point_cloud_circle_detectorConfig-version.cmake
[9.665s] -- Up-to-date: /home/buhrmann/ws_moveit/install/point_cloud_circle_detector/share/point_cloud_circle_detector/package.xml
[9.666s] Invoked command in '/home/buhrmann/ws_moveit/build/point_cloud_circle_detector' returned '0': CMAKE_PREFIX_PATH=${CMAKE_PREFIX_PATH}:/home/buhrmann/ws_moveit/install/moveit_configs_utils:/opt/ros/iron /usr/bin/cmake --install /home/buhrmann/ws_moveit/build/point_cloud_circle_detector
