[  1%] Built target gtest_main
[  1%] Built target moveit_butterworth_filter_parameters
[  2%] Built target moveit_acceleration_filter_parameters
[  4%] [34m[1mGenerate version header[0m
[  4%] Built target gtest
[  5%] Built target gmock
[  6%] Built target moveit_ruckig_filter_parameters
[  8%] Built target gmock_main
[  9%] Built target moveit_smoothing_base
[ 12%] Built target moveit_utils
[ 13%] Built target moveit_exceptions
[ 14%] [34m[1mGenerating version.h[0m
[ 15%] Built target logger_dut
[ 18%] Built target moveit_distance_field
[ 19%] Built target moveit_transforms
[ 19%] Built target version_h
[ 20%] Built target test_transforms
[ 26%] Built target moveit_robot_model
[ 27%] Built target test_distance_field
[ 28%] Built target test_voxel_grid
[ 29%] Built target moveit_version
[ 31%] Built target moveit_kinematics_base
[ 31%] Built target moveit_butterworth_filter
[ 32%] Built target moveit_test_utils
[ 33%] Built target test_butterworth_filter
[ 36%] Built target moveit_robot_state
[ 37%] Built target moveit_acceleration_filter
[ 38%] Built target test_robot_state_complex
[ 39%] Built target test_robot_model
[ 40%] Built target moveit_ruckig_filter
[ 41%] Built target moveit_dynamics_solver
[ 43%] Built target test_cartesian_interpolator
[ 44%] Built target robot_state_benchmark
[ 46%] Built target moveit_kinematics_metrics
[ 46%] Built target test_robot_state
[ 47%] Built target moveit_robot_trajectory
[ 52%] Built target test_aabb
[ 55%] Built target moveit_collision_detection
[ 56%] Built target test_acceleration_filter
[ 57%] Built target test_world
[ 58%] Built target test_all_valid
[ 59%] Built target test_world_diff
[ 61%] Built target test_robot_trajectory
[ 62%] Built target moveit_collision_detection_fcl
[ 64%] Built target moveit_trajectory_processing
[ 65%] [32mBuilding CXX object collision_detection_bullet/CMakeFiles/moveit_collision_detection_bullet.dir/src/bullet_integration/bullet_utils.cpp.o[0m
[ 65%] [32mBuilding CXX object collision_detection_bullet/CMakeFiles/moveit_collision_detection_bullet.dir/src/bullet_integration/bullet_discrete_bvh_manager.cpp.o[0m
[ 66%] [32mBuilding CXX object collision_detection_bullet/CMakeFiles/moveit_collision_detection_bullet.dir/src/bullet_integration/bullet_cast_bvh_manager.cpp.o[0m
[ 66%] [32mBuilding CXX object collision_detection_bullet/CMakeFiles/moveit_collision_detection_bullet.dir/src/collision_env_bullet.cpp.o[0m
[ 66%] [32mBuilding CXX object collision_detection_bullet/CMakeFiles/moveit_collision_detection_bullet.dir/src/bullet_integration/contact_checker_common.cpp.o[0m
[ 67%] [32mBuilding CXX object collision_detection_bullet/CMakeFiles/moveit_collision_detection_bullet.dir/src/bullet_integration/bullet_bvh_manager.cpp.o[0m
[ 68%] Built target test_time_optimal_trajectory_generation
[ 69%] Built target test_ruckig_traj_smoothing
[ 71%] Built target test_fcl_collision_detection_panda
[ 72%] Built target robot_trajectory_benchmark
[ 74%] Built target moveit_kinematic_constraints
[ 75%] Built target test_fcl_collision_env
[ 76%] Built target test_fcl_collision_detection
[ 77%] Built target test_orientation_constraints
[ 78%] Built target test_constraints
[ 79%] Built target moveit_planning_scene
[ 81%] Built target moveit_planning_interface
[ 82%] Built target test_collision_objects
[ 83%] Built target test_multi_threaded
[ 86%] Built target moveit_constraint_samplers
[ 87%] Built target collision_detector_fcl_plugin
[ 90%] Built target moveit_collision_distance_field
[ 91%] Built target test_planning_scene
[ 92%] Built target test_collision_distance_field
[ 94%] Built target test_constraint_samplers
