[0.145s] Invoking command in '/home/buhrmann/ws_moveit/build/point_cloud_circle_detector': CMAKE_PREFIX_PATH=${CMAKE_PREFIX_PATH}:/home/buhrmann/ws_moveit/install/moveit_configs_utils:/opt/ros/iron /usr/bin/cmake --build /home/buhrmann/ws_moveit/build/point_cloud_circle_detector -- -j28 -l28
[0.164s] -- Found ament_cmake: 2.0.6 (/opt/ros/iron/share/ament_cmake/cmake)
[0.239s] -- Found Python3: /usr/bin/python3.10 (found version "3.10.12") found components: Interpreter 
[0.260s] [31mCMake Error at CMakeLists.txt:10 (find_package):
[0.260s]   By not providing "FindPCL.cmake" in CMAKE_MODULE_PATH this project has
[0.260s]   asked CMake to find a package configuration file provided by "PCL", but
[0.260s]   CMake did not find one.
[0.260s] 
[0.260s]   Could not find a package configuration file provided by "PCL" with any of
[0.260s]   the following names:
[0.260s] 
[0.260s]     PCLConfig.cmake
[0.260s]     pcl-config.cmake
[0.260s] 
[0.260s]   Add the installation prefix of "PCL" to CMAKE_PREFIX_PATH or set "PCL_DIR"
[0.260s]   to a directory containing one of the above files.  If "PCL" provides a
[0.260s]   separate development package or SDK, be sure it has been installed.
[0.260s] 
[0.261s] [0m
[0.261s] -- Configuring incomplete, errors occurred!
[0.261s] See also "/home/buhrmann/ws_moveit/build/point_cloud_circle_detector/CMakeFiles/CMakeOutput.log".
[0.261s] gmake: *** [Makefile:267: cmake_check_build_system] Error 1
[0.290s] Invoked command in '/home/buhrmann/ws_moveit/build/point_cloud_circle_detector' returned '2': CMAKE_PREFIX_PATH=${CMAKE_PREFIX_PATH}:/home/buhrmann/ws_moveit/install/moveit_configs_utils:/opt/ros/iron /usr/bin/cmake --build /home/buhrmann/ws_moveit/build/point_cloud_circle_detector -- -j28 -l28
