[0.594s] Invoking command in '/home/buhrmann/ws_moveit/src/moveit2/moveit_configs_utils': PYTHONPATH=/home/buhrmann/ws_moveit/build/moveit_configs_utils/prefix_override:/usr/lib/python3/dist-packages/colcon_core/task/python/colcon_distutils_commands:/home/buhrmann/ws_moveit/install/moveit_configs_utils/lib/python3.10/site-packages:${PYTHONPATH} /usr/bin/python3 -W ignore:setup.py install is deprecated setup.py egg_info --egg-base ../../../build/moveit_configs_utils build --build-base /home/buhrmann/ws_moveit/build/moveit_configs_utils/build install --record /home/buhrmann/ws_moveit/build/moveit_configs_utils/install.log --single-version-externally-managed install_data
[0.728s] running egg_info
[0.729s] creating ../../../build/moveit_configs_utils/moveit_configs_utils.egg-info
[0.729s] writing ../../../build/moveit_configs_utils/moveit_configs_utils.egg-info/PKG-INFO
[0.729s] writing dependency_links to ../../../build/moveit_configs_utils/moveit_configs_utils.egg-info/dependency_links.txt
[0.729s] writing entry points to ../../../build/moveit_configs_utils/moveit_configs_utils.egg-info/entry_points.txt
[0.729s] writing requirements to ../../../build/moveit_configs_utils/moveit_configs_utils.egg-info/requires.txt
[0.729s] writing top-level names to ../../../build/moveit_configs_utils/moveit_configs_utils.egg-info/top_level.txt
[0.729s] writing manifest file '../../../build/moveit_configs_utils/moveit_configs_utils.egg-info/SOURCES.txt'
[0.730s] reading manifest file '../../../build/moveit_configs_utils/moveit_configs_utils.egg-info/SOURCES.txt'
[0.730s] writing manifest file '../../../build/moveit_configs_utils/moveit_configs_utils.egg-info/SOURCES.txt'
[0.731s] running build
[0.731s] running build_py
[0.731s] creating /home/buhrmann/ws_moveit/build/moveit_configs_utils/build
[0.731s] creating /home/buhrmann/ws_moveit/build/moveit_configs_utils/build/lib
[0.731s] creating /home/buhrmann/ws_moveit/build/moveit_configs_utils/build/lib/moveit_configs_utils
[0.731s] copying moveit_configs_utils/moveit_configs_builder.py -> /home/buhrmann/ws_moveit/build/moveit_configs_utils/build/lib/moveit_configs_utils
[0.731s] copying moveit_configs_utils/launches.py -> /home/buhrmann/ws_moveit/build/moveit_configs_utils/build/lib/moveit_configs_utils
[0.731s] copying moveit_configs_utils/launch_utils.py -> /home/buhrmann/ws_moveit/build/moveit_configs_utils/build/lib/moveit_configs_utils
[0.731s] copying moveit_configs_utils/__init__.py -> /home/buhrmann/ws_moveit/build/moveit_configs_utils/build/lib/moveit_configs_utils
[0.731s] creating /home/buhrmann/ws_moveit/build/moveit_configs_utils/build/lib/moveit_configs_utils/substitutions
[0.731s] copying moveit_configs_utils/substitutions/xacro.py -> /home/buhrmann/ws_moveit/build/moveit_configs_utils/build/lib/moveit_configs_utils/substitutions
[0.731s] copying moveit_configs_utils/substitutions/__init__.py -> /home/buhrmann/ws_moveit/build/moveit_configs_utils/build/lib/moveit_configs_utils/substitutions
[0.732s] running install
[0.732s] running install_lib
[0.732s] creating /home/buhrmann/ws_moveit/install/moveit_configs_utils/lib/python3.10/site-packages/moveit_configs_utils
[0.732s] copying /home/buhrmann/ws_moveit/build/moveit_configs_utils/build/lib/moveit_configs_utils/moveit_configs_builder.py -> /home/buhrmann/ws_moveit/install/moveit_configs_utils/lib/python3.10/site-packages/moveit_configs_utils
[0.732s] copying /home/buhrmann/ws_moveit/build/moveit_configs_utils/build/lib/moveit_configs_utils/launches.py -> /home/buhrmann/ws_moveit/install/moveit_configs_utils/lib/python3.10/site-packages/moveit_configs_utils
[0.732s] copying /home/buhrmann/ws_moveit/build/moveit_configs_utils/build/lib/moveit_configs_utils/launch_utils.py -> /home/buhrmann/ws_moveit/install/moveit_configs_utils/lib/python3.10/site-packages/moveit_configs_utils
[0.732s] copying /home/buhrmann/ws_moveit/build/moveit_configs_utils/build/lib/moveit_configs_utils/__init__.py -> /home/buhrmann/ws_moveit/install/moveit_configs_utils/lib/python3.10/site-packages/moveit_configs_utils
[0.732s] creating /home/buhrmann/ws_moveit/install/moveit_configs_utils/lib/python3.10/site-packages/moveit_configs_utils/substitutions
[0.732s] copying /home/buhrmann/ws_moveit/build/moveit_configs_utils/build/lib/moveit_configs_utils/substitutions/xacro.py -> /home/buhrmann/ws_moveit/install/moveit_configs_utils/lib/python3.10/site-packages/moveit_configs_utils/substitutions
[0.732s] copying /home/buhrmann/ws_moveit/build/moveit_configs_utils/build/lib/moveit_configs_utils/substitutions/__init__.py -> /home/buhrmann/ws_moveit/install/moveit_configs_utils/lib/python3.10/site-packages/moveit_configs_utils/substitutions
[0.732s] byte-compiling /home/buhrmann/ws_moveit/install/moveit_configs_utils/lib/python3.10/site-packages/moveit_configs_utils/moveit_configs_builder.py to moveit_configs_builder.cpython-310.pyc
[0.733s] byte-compiling /home/buhrmann/ws_moveit/install/moveit_configs_utils/lib/python3.10/site-packages/moveit_configs_utils/launches.py to launches.cpython-310.pyc
[0.735s] byte-compiling /home/buhrmann/ws_moveit/install/moveit_configs_utils/lib/python3.10/site-packages/moveit_configs_utils/launch_utils.py to launch_utils.cpython-310.pyc
[0.735s] byte-compiling /home/buhrmann/ws_moveit/install/moveit_configs_utils/lib/python3.10/site-packages/moveit_configs_utils/__init__.py to __init__.cpython-310.pyc
[0.735s] byte-compiling /home/buhrmann/ws_moveit/install/moveit_configs_utils/lib/python3.10/site-packages/moveit_configs_utils/substitutions/xacro.py to xacro.cpython-310.pyc
[0.735s] byte-compiling /home/buhrmann/ws_moveit/install/moveit_configs_utils/lib/python3.10/site-packages/moveit_configs_utils/substitutions/__init__.py to __init__.cpython-310.pyc
[0.735s] running install_data
[0.735s] creating /home/buhrmann/ws_moveit/install/moveit_configs_utils/share/ament_index
[0.735s] creating /home/buhrmann/ws_moveit/install/moveit_configs_utils/share/ament_index/resource_index
[0.735s] creating /home/buhrmann/ws_moveit/install/moveit_configs_utils/share/ament_index/resource_index/packages
[0.735s] copying resource/moveit_configs_utils -> /home/buhrmann/ws_moveit/install/moveit_configs_utils/share/ament_index/resource_index/packages
[0.735s] copying package.xml -> /home/buhrmann/ws_moveit/install/moveit_configs_utils/share/moveit_configs_utils
[0.735s] creating /home/buhrmann/ws_moveit/install/moveit_configs_utils/share/moveit_configs_utils/default_configs
[0.735s] copying default_configs/pilz_industrial_motion_planner_planning.yaml -> /home/buhrmann/ws_moveit/install/moveit_configs_utils/share/moveit_configs_utils/default_configs
[0.735s] copying default_configs/stomp_planning.yaml -> /home/buhrmann/ws_moveit/install/moveit_configs_utils/share/moveit_configs_utils/default_configs
[0.735s] copying default_configs/chomp_planning.yaml -> /home/buhrmann/ws_moveit/install/moveit_configs_utils/share/moveit_configs_utils/default_configs
[0.736s] copying default_configs/ompl_planning.yaml -> /home/buhrmann/ws_moveit/install/moveit_configs_utils/share/moveit_configs_utils/default_configs
[0.736s] copying default_configs/ompl_defaults.yaml -> /home/buhrmann/ws_moveit/install/moveit_configs_utils/share/moveit_configs_utils/default_configs
[0.736s] running install_egg_info
[0.736s] Copying ../../../build/moveit_configs_utils/moveit_configs_utils.egg-info to /home/buhrmann/ws_moveit/install/moveit_configs_utils/lib/python3.10/site-packages/moveit_configs_utils-2.11.0-py3.10.egg-info
[0.736s] running install_scripts
[0.748s] writing list of installed files to '/home/buhrmann/ws_moveit/build/moveit_configs_utils/install.log'
[0.767s] Invoked command in '/home/buhrmann/ws_moveit/src/moveit2/moveit_configs_utils' returned '0': PYTHONPATH=/home/buhrmann/ws_moveit/build/moveit_configs_utils/prefix_override:/usr/lib/python3/dist-packages/colcon_core/task/python/colcon_distutils_commands:/home/buhrmann/ws_moveit/install/moveit_configs_utils/lib/python3.10/site-packages:${PYTHONPATH} /usr/bin/python3 -W ignore:setup.py install is deprecated setup.py egg_info --egg-base ../../../build/moveit_configs_utils build --build-base /home/buhrmann/ws_moveit/build/moveit_configs_utils/build install --record /home/buhrmann/ws_moveit/build/moveit_configs_utils/install.log --single-version-externally-managed install_data
