In file included from [01m[K/home/buhrmann/ws_moveit/src/point_cloud_circle_detector/src/cup_pointcloud_segmentation_and_coloring.cpp:6[m[K:
[01m[K/opt/ros/iron/include/cv_bridge/cv_bridge/cv_bridge.h:42:2:[m[K [01;35m[Kwarning: [m[K#warning This header is obsolete, please include cv_bridge/cv_bridge.hpp instead [[01;35m[K]8;;https://gcc.gnu.org/onlinedocs/gcc/Warning-Options.html#index-Wcpp-Wcpp]8;;[m[K]
   42 | #[01;35m[Kwarning[m[K This header is obsolete, please include cv_bridge/cv_bridge.hpp instead
      |  [01;35m[K^~~~~~~[m[K
[01m[K/home/buhrmann/ws_moveit/src/point_cloud_circle_detector/src/cup_pointcloud_segmentation_and_coloring.cpp:147:2:[m[K [01;31m[Kerror: [m[Kexpected ‘[01m[K}[m[K’ at end of input
  147 | }
      |  [01;31m[K^[m[K
[01m[K/home/buhrmann/ws_moveit/src/point_cloud_circle_detector/src/cup_pointcloud_segmentation_and_coloring.cpp:15:49:[m[K [01;36m[Knote: [m[Kto match this ‘[01m[K{[m[K’
   15 | class PointCloudGenerator : public rclcpp::Node [01;36m[K{[m[K
      |                                                 [01;36m[K^[m[K
[01m[K/home/buhrmann/ws_moveit/src/point_cloud_circle_detector/src/cup_pointcloud_segmentation_and_coloring.cpp:[m[K In constructor ‘[01m[KPointCloudGenerator::PointCloudGenerator()[m[K’:
[01m[K/home/buhrmann/ws_moveit/src/point_cloud_circle_detector/src/cup_pointcloud_segmentation_and_coloring.cpp:19:9:[m[K [01;31m[Kerror: [m[K‘[01m[Kdepth_sub_[m[K’ was not declared in this scope
   19 |         [01;31m[Kdepth_sub_[m[K = create_subscription<sensor_msgs::msg::Image>(
      |         [01;31m[K^~~~~~~~~~[m[K
[01m[K/home/buhrmann/ws_moveit/src/point_cloud_circle_detector/src/cup_pointcloud_segmentation_and_coloring.cpp:24:9:[m[K [01;31m[Kerror: [m[K‘[01m[Krgb_sub_[m[K’ was not declared in this scope
   24 |         [01;31m[Krgb_sub_[m[K = create_subscription<sensor_msgs::msg::Image>(
      |         [01;31m[K^~~~~~~~[m[K
[01m[K/home/buhrmann/ws_moveit/src/point_cloud_circle_detector/src/cup_pointcloud_segmentation_and_coloring.cpp:29:9:[m[K [01;31m[Kerror: [m[K‘[01m[Kdepth_info_sub_[m[K’ was not declared in this scope
   29 |         [01;31m[Kdepth_info_sub_[m[K = create_subscription<sensor_msgs::msg::CameraInfo>(
      |         [01;31m[K^~~~~~~~~~~~~~~[m[K
[01m[K/home/buhrmann/ws_moveit/src/point_cloud_circle_detector/src/cup_pointcloud_segmentation_and_coloring.cpp:34:9:[m[K [01;31m[Kerror: [m[K‘[01m[Kcup_information_[m[K’ was not declared in this scope
   34 |         [01;31m[Kcup_information_[m[K = create_subscription<std_msgs::msg::Float32MultiArray>(
      |         [01;31m[K^~~~~~~~~~~~~~~~[m[K
[01m[K/home/buhrmann/ws_moveit/src/point_cloud_circle_detector/src/cup_pointcloud_segmentation_and_coloring.cpp:38:9:[m[K [01;31m[Kerror: [m[K‘[01m[Kpointcloud_pub_[m[K’ was not declared in this scope
   38 |         [01;31m[Kpointcloud_pub_[m[K = create_publisher<sensor_msgs::msg::PointCloud2>(
      |         [01;31m[K^~~~~~~~~~~~~~~[m[K
[01m[K/home/buhrmann/ws_moveit/src/point_cloud_circle_detector/src/cup_pointcloud_segmentation_and_coloring.cpp:[m[K In member function ‘[01m[Kvoid PointCloudGenerator::depthInfoCallback(sensor_msgs::msg::CameraInfo_<std::allocator<void> >::SharedPtr)[m[K’:
[01m[K/home/buhrmann/ws_moveit/src/point_cloud_circle_detector/src/cup_pointcloud_segmentation_and_coloring.cpp:64:9:[m[K [01;31m[Kerror: [m[K‘[01m[Kcamera_info_[m[K’ was not declared in this scope
   64 |         [01;31m[Kcamera_info_[m[K = *msg;
      |         [01;31m[K^~~~~~~~~~~~[m[K
[01m[K/home/buhrmann/ws_moveit/src/point_cloud_circle_detector/src/cup_pointcloud_segmentation_and_coloring.cpp:[m[K In member function ‘[01m[Kvoid PointCloudGenerator::rgbCallback(sensor_msgs::msg::Image_<std::allocator<void> >::SharedPtr)[m[K’:
[01m[K/home/buhrmann/ws_moveit/src/point_cloud_circle_detector/src/cup_pointcloud_segmentation_and_coloring.cpp:68:9:[m[K [01;31m[Kerror: [m[K‘[01m[Kcurrent_rgb_[m[K’ was not declared in this scope
   68 |         [01;31m[Kcurrent_rgb_[m[K = msg;
      |         [01;31m[K^~~~~~~~~~~~[m[K
[01m[K/home/buhrmann/ws_moveit/src/point_cloud_circle_detector/src/cup_pointcloud_segmentation_and_coloring.cpp:[m[K In member function ‘[01m[Kvoid PointCloudGenerator::depthCallback(sensor_msgs::msg::Image_<std::allocator<void> >::SharedPtr)[m[K’:
[01m[K/home/buhrmann/ws_moveit/src/point_cloud_circle_detector/src/cup_pointcloud_segmentation_and_coloring.cpp:72:9:[m[K [01;31m[Kerror: [m[K‘[01m[Kcurrent_depth_[m[K’ was not declared in this scope
   72 |         [01;31m[Kcurrent_depth_[m[K = msg;
      |         [01;31m[K^~~~~~~~~~~~~~[m[K
[01m[K/home/buhrmann/ws_moveit/src/point_cloud_circle_detector/src/cup_pointcloud_segmentation_and_coloring.cpp:[m[K In member function ‘[01m[Kvoid PointCloudGenerator::pointCloudCallback(std_msgs::msg::Float32MultiArray_<std::allocator<void> >::SharedPtr)[m[K’:
[01m[K/home/buhrmann/ws_moveit/src/point_cloud_circle_detector/src/cup_pointcloud_segmentation_and_coloring.cpp:76:14:[m[K [01;31m[Kerror: [m[K‘[01m[Kcurrent_rgb_[m[K’ was not declared in this scope
   76 |         if (![01;31m[Kcurrent_rgb_[m[K || !current_depth_) return;
      |              [01;31m[K^~~~~~~~~~~~[m[K
[01m[K/home/buhrmann/ws_moveit/src/point_cloud_circle_detector/src/cup_pointcloud_segmentation_and_coloring.cpp:76:31:[m[K [01;31m[Kerror: [m[K‘[01m[Kcurrent_depth_[m[K’ was not declared in this scope
   76 |         if (!current_rgb_ || ![01;31m[Kcurrent_depth_[m[K) return;
      |                               [01;31m[K^~~~~~~~~~~~~~[m[K
[01m[K/home/buhrmann/ws_moveit/src/point_cloud_circle_detector/src/cup_pointcloud_segmentation_and_coloring.cpp:82:14:[m[K [01;31m[Kerror: [m[K‘[01m[Kdata[m[K’ was not declared in this scope; did you mean ‘[01m[Kstd::data[m[K’?
   82 |         try {[01;31m[Kdata[m[K[i+1]
      |              [01;31m[K^~~~[m[K
      |              [32m[Kstd::data[m[K
In file included from [01m[K/usr/include/c++/11/array:41[m[K,
                 from [01m[K/usr/include/c++/11/tuple:39[m[K,
                 from [01m[K/usr/include/c++/11/bits/unique_ptr.h:37[m[K,
                 from [01m[K/usr/include/c++/11/memory:76[m[K,
                 from [01m[K/opt/ros/iron/include/rclcpp/rclcpp/rclcpp.hpp:165[m[K,
                 from [01m[K/home/buhrmann/ws_moveit/src/point_cloud_circle_detector/src/cup_pointcloud_segmentation_and_coloring.cpp:1[m[K:
[01m[K/usr/include/c++/11/bits/range_access.h:319:5:[m[K [01;36m[Knote: [m[K‘[01m[Kstd::data[m[K’ declared here
  319 |     [01;36m[Kdata[m[K(initializer_list<_Tp> __il) noexcept
      |     [01;36m[K^~~~[m[K
[01m[K/home/buhrmann/ws_moveit/src/point_cloud_circle_detector/src/cup_pointcloud_segmentation_and_coloring.cpp:82:19:[m[K [01;31m[Kerror: [m[K‘[01m[Ki[m[K’ was not declared in this scope
   82 |         try {data[[01;31m[Ki[m[K+1]
      |                   [01;31m[K^[m[K
[01m[K/home/buhrmann/ws_moveit/src/point_cloud_circle_detector/src/cup_pointcloud_segmentation_and_coloring.cpp:86:9:[m[K [01;31m[Kerror: [m[K‘[01m[Kcloud[m[K’ was not declared in this scope
   86 |         [01;31m[Kcloud[m[K->width = current_depth_->width;
      |         [01;31m[K^~~~~[m[K
[01m[K/home/buhrmann/ws_moveit/src/point_cloud_circle_detector/src/cup_pointcloud_segmentation_and_coloring.cpp:86:24:[m[K [01;31m[Kerror: [m[K‘[01m[Kcurrent_depth_[m[K’ was not declared in this scope
   86 |         cloud->width = [01;31m[Kcurrent_depth_[m[K->width;
      |                        [01;31m[K^~~~~~~~~~~~~~[m[K
[01m[K/home/buhrmann/ws_moveit/src/point_cloud_circle_detector/src/cup_pointcloud_segmentation_and_coloring.cpp:101:40:[m[K [01;31m[Kerror: [m[K‘[01m[Kcamera_info_[m[K’ was not declared in this scope
  101 |                 float x = (data[i+2] - [01;31m[Kcamera_info_[m[K.k[2]) * z / camera_info_.k[0];
      |                                        [01;31m[K^~~~~~~~~~~~[m[K
[01m[K/home/buhrmann/ws_moveit/src/point_cloud_circle_detector/src/cup_pointcloud_segmentation_and_coloring.cpp:125:9:[m[K [01;31m[Kerror: [m[K‘[01m[Kpointcloud_pub_[m[K’ was not declared in this scope
  125 |         [01;31m[Kpointcloud_pub_[m[K->publish(output);
      |         [01;31m[K^~~~~~~~~~~~~~~[m[K
[01m[K/home/buhrmann/ws_moveit/src/point_cloud_circle_detector/src/cup_pointcloud_segmentation_and_coloring.cpp:128:5:[m[K [01;31m[Kerror: [m[Kexpected ‘[01m[Kcatch[m[K’ before ‘[01m[Krclcpp[m[K’
  128 |     [01;31m[Krclcpp[m[K::Subscription<sensor_msgs::msg::Image>::SharedPtr depth_sub_;
      |     [01;31m[K^~~~~~[m[K
[01m[K/home/buhrmann/ws_moveit/src/point_cloud_circle_detector/src/cup_pointcloud_segmentation_and_coloring.cpp:128:5:[m[K [01;31m[Kerror: [m[Kexpected ‘[01m[K([m[K’ before ‘[01m[Krclcpp[m[K’
[01m[K/home/buhrmann/ws_moveit/src/point_cloud_circle_detector/src/cup_pointcloud_segmentation_and_coloring.cpp:128:72:[m[K [01;31m[Kerror: [m[Kexpected ‘[01m[K)[m[K’ before ‘[01m[K;[m[K’ token
  128 |     rclcpp::Subscription<sensor_msgs::msg::Image>::SharedPtr depth_sub_[01;31m[K;[m[K
      |                                                                        [01;31m[K^[m[K
[01m[K/home/buhrmann/ws_moveit/src/point_cloud_circle_detector/src/cup_pointcloud_segmentation_and_coloring.cpp:128:5:[m[K [01;36m[Knote: [m[Kto match this ‘[01m[K([m[K’
  128 |     [01;36m[Krclcpp[m[K::Subscription<sensor_msgs::msg::Image>::SharedPtr depth_sub_;
      |     [01;36m[K^~~~~~[m[K
[01m[K/home/buhrmann/ws_moveit/src/point_cloud_circle_detector/src/cup_pointcloud_segmentation_and_coloring.cpp:128:72:[m[K [01;31m[Kerror: [m[Kexpected ‘[01m[K{[m[K’ before ‘[01m[K;[m[K’ token
  128 |     rclcpp::Subscription<sensor_msgs::msg::Image>::SharedPtr depth_sub_[01;31m[K;[m[K
      |                                                                        [01;31m[K^[m[K
[01m[K/home/buhrmann/ws_moveit/src/point_cloud_circle_detector/src/cup_pointcloud_segmentation_and_coloring.cpp:75:79:[m[K [01;35m[Kwarning: [m[Kunused parameter ‘[01m[Kcup_msg[m[K’ [[01;35m[K]8;;https://gcc.gnu.org/onlinedocs/gcc/Warning-Options.html#index-Wunused-parameter-Wunused-parameter]8;;[m[K]
   75 |     void pointCloudCallback([01;35m[Kconst std_msgs::msg::Float32MultiArray::SharedPtr cup_msg[m[K) {
      |                             [01;35m[K~~~~~~~~~~~~~~~~~~~~~~~~~~~~~~~~~~~~~~~~~~~~~~~~~~^~~~~~~[m[K
[01m[K/home/buhrmann/ws_moveit/src/point_cloud_circle_detector/src/cup_pointcloud_segmentation_and_coloring.cpp:[m[K At global scope:
[01m[K/home/buhrmann/ws_moveit/src/point_cloud_circle_detector/src/cup_pointcloud_segmentation_and_coloring.cpp:147:2:[m[K [01;31m[Kerror: [m[Kexpected unqualified-id at end of input
  147 | }
      |  [01;31m[K^[m[K
gmake[2]: *** [CMakeFiles/cup_pointcloud_segmentation_color.dir/build.make:76: CMakeFiles/cup_pointcloud_segmentation_color.dir/src/cup_pointcloud_segmentation_and_coloring.cpp.o] Error 1
gmake[1]: *** [CMakeFiles/Makefile2:389: CMakeFiles/cup_pointcloud_segmentation_color.dir/all] Error 2
gmake: *** [Makefile:146: all] Error 2
