-- Install configuration: ""
-- Up-to-date: /home/buhrmann/ws_moveit/install/ur3_camera_moveit_config/share/ament_index/resource_index/package_run_dependencies/ur3_camera_moveit_config
-- Up-to-date: /home/buhrmann/ws_moveit/install/ur3_camera_moveit_config/share/ament_index/resource_index/parent_prefix_path/ur3_camera_moveit_config
-- Installing: /home/buhrmann/ws_moveit/install/ur3_camera_moveit_config/share/ur3_camera_moveit_config/environment/ament_prefix_path.sh
-- Up-to-date: /home/buhrmann/ws_moveit/install/ur3_camera_moveit_config/share/ur3_camera_moveit_config/environment/ament_prefix_path.dsv
-- Installing: /home/buhrmann/ws_moveit/install/ur3_camera_moveit_config/share/ur3_camera_moveit_config/environment/path.sh
-- Up-to-date: /home/buhrmann/ws_moveit/install/ur3_camera_moveit_config/share/ur3_camera_moveit_config/environment/path.dsv
-- Up-to-date: /home/buhrmann/ws_moveit/install/ur3_camera_moveit_config/share/ur3_camera_moveit_config/local_setup.bash
-- Up-to-date: /home/buhrmann/ws_moveit/install/ur3_camera_moveit_config/share/ur3_camera_moveit_config/local_setup.sh
-- Up-to-date: /home/buhrmann/ws_moveit/install/ur3_camera_moveit_config/share/ur3_camera_moveit_config/local_setup.zsh
-- Up-to-date: /home/buhrmann/ws_moveit/install/ur3_camera_moveit_config/share/ur3_camera_moveit_config/local_setup.dsv
-- Installing: /home/buhrmann/ws_moveit/install/ur3_camera_moveit_config/share/ur3_camera_moveit_config/package.dsv
-- Up-to-date: /home/buhrmann/ws_moveit/install/ur3_camera_moveit_config/share/ament_index/resource_index/packages/ur3_camera_moveit_config
-- Up-to-date: /home/buhrmann/ws_moveit/install/ur3_camera_moveit_config/share/ur3_camera_moveit_config/cmake/ur3_camera_moveit_configConfig.cmake
-- Up-to-date: /home/buhrmann/ws_moveit/install/ur3_camera_moveit_config/share/ur3_camera_moveit_config/cmake/ur3_camera_moveit_configConfig-version.cmake
-- Up-to-date: /home/buhrmann/ws_moveit/install/ur3_camera_moveit_config/share/ur3_camera_moveit_config/package.xml
-- Up-to-date: /home/buhrmann/ws_moveit/install/ur3_camera_moveit_config/share/ur3_camera_moveit_config/launch
-- Up-to-date: /home/buhrmann/ws_moveit/install/ur3_camera_moveit_config/share/ur3_camera_moveit_config/launch/move_group.launch.py
-- Up-to-date: /home/buhrmann/ws_moveit/install/ur3_camera_moveit_config/share/ur3_camera_moveit_config/launch/move_group.namespace.launch.py
-- Up-to-date: /home/buhrmann/ws_moveit/install/ur3_camera_moveit_config/share/ur3_camera_moveit_config/launch/moveit_rviz.namespace.launch.py
-- Up-to-date: /home/buhrmann/ws_moveit/install/ur3_camera_moveit_config/share/ur3_camera_moveit_config/launch/moveit_rviz.launch.py
-- Up-to-date: /home/buhrmann/ws_moveit/install/ur3_camera_moveit_config/share/ur3_camera_moveit_config/launch/setup_assistant.launch.py
-- Up-to-date: /home/buhrmann/ws_moveit/install/ur3_camera_moveit_config/share/ur3_camera_moveit_config/config
-- Up-to-date: /home/buhrmann/ws_moveit/install/ur3_camera_moveit_config/share/ur3_camera_moveit_config/config/moveit_controllers.yaml
-- Up-to-date: /home/buhrmann/ws_moveit/install/ur3_camera_moveit_config/share/ur3_camera_moveit_config/config/moveit.rviz
-- Up-to-date: /home/buhrmann/ws_moveit/install/ur3_camera_moveit_config/share/ur3_camera_moveit_config/config/sensors_3d.yaml
-- Up-to-date: /home/buhrmann/ws_moveit/install/ur3_camera_moveit_config/share/ur3_camera_moveit_config/config/ur5.srdf
-- Up-to-date: /home/buhrmann/ws_moveit/install/ur3_camera_moveit_config/share/ur3_camera_moveit_config/config/joint_limits.yaml
-- Up-to-date: /home/buhrmann/ws_moveit/install/ur3_camera_moveit_config/share/ur3_camera_moveit_config/config/kinematics.yaml
-- Up-to-date: /home/buhrmann/ws_moveit/install/ur3_camera_moveit_config/share/ur3_camera_moveit_config/config/pilz_cartesian_limits.yaml
-- Up-to-date: /home/buhrmann/ws_moveit/install/ur3_camera_moveit_config/share/ur3_camera_moveit_config/.setup_assistant
