[0.542s] Invoking command in '/home/buhrmann/ws_moveit/build/point_cloud_circle_detector': CMAKE_PREFIX_PATH=${CMAKE_PREFIX_PATH}:/home/buhrmann/ws_moveit/install/ros2_azure_bridge:/home/buhrmann/ws_moveit/install/moveit_configs_utils:/opt/ros/iron /usr/bin/cmake --build /home/buhrmann/ws_moveit/build/point_cloud_circle_detector -- -j28 -l28
[0.706s] [35m[1mConsolidate compiler generated dependencies of target plantplot_icp_conversion[0m
[0.712s] [  7%] Built target point_cloud_plantpot_edge_pfh_detector
[0.723s] [ 15%] Built target point_cloud_circle_detector
[0.731s] [ 23%] Built target point_cloud_cylinder_detector
[0.731s] [ 30%] Built target cup_pointcloud_segmentation_color
[0.737s] [ 38%] Built target image_based_hsv_color_filter
[0.742s] [ 46%] Built target point_cloud_plantpot_ppf_detector
[0.746s] [ 53%] Built target cup_segmentation_color
[0.749s] [ 61%] Built target point_cloud_plantpot_rgb_edge_pfh_detector
[0.749s] [ 69%] Built target point_cloud_plantpot_pfh_detector
[0.749s] [ 76%] Built target rgb_edge_filter
[0.750s] [ 84%] Built target point_cloud_plantpot_detector
[0.764s] [ 92%] Built target hsv_color_filter
[0.767s] [ 96%] [32mBuilding CXX object CMakeFiles/plantplot_icp_conversion.dir/src/plantplot_icp_conversion.cpp.o[0m
[11.010s] [01m[K/home/buhrmann/ws_moveit/src/point_cloud_circle_detector/src/plantplot_icp_conversion.cpp:[m[K In member function ‘[01m[Kvoid PointCloudCustomObjectMatcher::listener_callback(sensor_msgs::msg::PointCloud2_<std::allocator<void> >::SharedPtr)[m[K’:
[11.010s] [01m[K/home/buhrmann/ws_moveit/src/point_cloud_circle_detector/src/plantplot_icp_conversion.cpp:201:5:[m[K [01;31m[Kerror: [m[K‘[01m[Krotation_matrix[m[K’ was not declared in this scope
[11.010s]   201 |     [01;31m[Krotation_matrix[m[K = Eigen::AngleAxisf(M_PI / 2, Eigen::Vector3f::UnitY());
[11.010s]       |     [01;31m[K^~~~~~~~~~~~~~~[m[K
[11.070s] [01m[K/home/buhrmann/ws_moveit/src/point_cloud_circle_detector/src/plantplot_icp_conversion.cpp:248:24:[m[K [01;31m[Kerror: [m[K‘[01m[Kaligned_object[m[K’ was not declared in this scope
[11.070s]   248 |         pcl::toROSMsg(*[01;31m[Kaligned_object[m[K, output_aligned);
[11.070s]       |                        [01;31m[K^~~~~~~~~~~~~~[m[K
[11.111s] [01m[K/home/buhrmann/ws_moveit/src/point_cloud_circle_detector/src/plantplot_icp_conversion.cpp:[m[K In member function ‘[01m[Kvoid PointCloudCustomObjectMatcher::filter_by_rgb(pcl::PointCloud<pcl::PointXYZRGB>::Ptr&, pcl::PointCloud<pcl::PointXYZRGB>::Ptr&)[m[K’:
[11.111s] [01m[K/home/buhrmann/ws_moveit/src/point_cloud_circle_detector/src/plantplot_icp_conversion.cpp:320:95:[m[K [01;35m[Kwarning: [m[Kcomparison is always true due to limited range of data type [[01;35m[K]8;;https://gcc.gnu.org/onlinedocs/gcc/Warning-Options.html#index-Wtype-limits-Wtype-limits]8;;[m[K]
[11.111s]   320 |             if (point.r >= 80 && point.r <= 155 && point.g >= 20 && point.g <= 100 && [01;35m[Kpoint.b >= 0[m[K && point.b <= 70)
[11.111s]       |                                                                                       [01;35m[K~~~~~~~~^~~~[m[K
[11.111s] [01m[K/home/buhrmann/ws_moveit/src/point_cloud_circle_detector/src/plantplot_icp_conversion.cpp:[m[K In member function ‘[01m[Kvoid PointCloudCustomObjectMatcher::overrideOrientationAndPlaceOnPlane(pcl::PointCloud<pcl::PointXYZ>::Ptr&)[m[K’:
[11.111s] [01m[K/home/buhrmann/ws_moveit/src/point_cloud_circle_detector/src/plantplot_icp_conversion.cpp:339:78:[m[K [01;35m[Kwarning: [m[Kunused parameter ‘[01m[Kcloud[m[K’ [[01;35m[K]8;;https://gcc.gnu.org/onlinedocs/gcc/Warning-Options.html#index-Wunused-parameter-Wunused-parameter]8;;[m[K]
[11.111s]   339 | void overrideOrientationAndPlaceOnPlane([01;35m[Kpcl::PointCloud<pcl::PointXYZ>::Ptr& cloud[m[K)
[11.111s]       |                                         [01;35m[K~~~~~~~~~~~~~~~~~~~~~~~~~~~~~~~~~~~~~^~~~~[m[K
[21.203s] gmake[2]: *** [CMakeFiles/plantplot_icp_conversion.dir/build.make:76: CMakeFiles/plantplot_icp_conversion.dir/src/plantplot_icp_conversion.cpp.o] Error 1
[21.203s] gmake[1]: *** [CMakeFiles/Makefile2:473: CMakeFiles/plantplot_icp_conversion.dir/all] Error 2
[21.203s] gmake: *** [Makefile:146: all] Error 2
[21.206s] Invoked command in '/home/buhrmann/ws_moveit/build/point_cloud_circle_detector' returned '2': CMAKE_PREFIX_PATH=${CMAKE_PREFIX_PATH}:/home/buhrmann/ws_moveit/install/ros2_azure_bridge:/home/buhrmann/ws_moveit/install/moveit_configs_utils:/opt/ros/iron /usr/bin/cmake --build /home/buhrmann/ws_moveit/build/point_cloud_circle_detector -- -j28 -l28
