[0.165s] Invoking command in '/home/buhrmann/ws_moveit/build/point_cloud_circle_detector': CMAKE_PREFIX_PATH=${CMAKE_PREFIX_PATH}:/home/buhrmann/ws_moveit/install/moveit_configs_utils:/opt/ros/iron /usr/bin/cmake --build /home/buhrmann/ws_moveit/build/point_cloud_circle_detector -- -j28 -l28
[0.186s] -- Found ament_cmake: 2.0.7 (/opt/ros/iron/share/ament_cmake/cmake)
[0.275s] -- Found sensor_msgs: 5.0.1 (/opt/ros/iron/share/sensor_msgs/cmake)
[0.282s] -- Found rosidl_generator_c: 4.0.1 (/opt/ros/iron/share/rosidl_generator_c/cmake)
[0.286s] -- Found rosidl_generator_cpp: 4.0.1 (/opt/ros/iron/share/rosidl_generator_cpp/cmake)
[0.293s] -- Using all available rosidl_typesupport_c: rosidl_typesupport_fastrtps_c;rosidl_typesupport_introspection_c
[0.302s] -- Using all available rosidl_typesupport_cpp: rosidl_typesupport_fastrtps_cpp;rosidl_typesupport_introspection_cpp
[0.414s] -- Found rclcpp: 21.0.8 (/opt/ros/iron/share/rclcpp/cmake)
[0.468s] -- Found rmw_implementation_cmake: 7.1.0 (/opt/ros/iron/share/rmw_implementation_cmake/cmake)
[0.472s] -- Found rmw_fastrtps_cpp: 7.1.4 (/opt/ros/iron/share/rmw_fastrtps_cpp/cmake)
[0.576s] -- Using RMW implementation 'rmw_fastrtps_cpp' as default
[0.650s] [31mCMake Error at CMakeLists.txt:20 (find_package):
[0.650s]   By not providing "Findpcl_conversions.cmake" in CMAKE_MODULE_PATH this
[0.650s]   project has asked CMake to find a package configuration file provided by
[0.650s]   "pcl_conversions", but CMake did not find one.
[0.650s] 
[0.650s]   Could not find a package configuration file provided by "pcl_conversions"
[0.650s]   with any of the following names:
[0.650s] 
[0.650s]     pcl_conversionsConfig.cmake
[0.650s]     pcl_conversions-config.cmake
[0.650s] 
[0.650s]   Add the installation prefix of "pcl_conversions" to CMAKE_PREFIX_PATH or
[0.650s]   set "pcl_conversions_DIR" to a directory containing one of the above files.
[0.650s]   If "pcl_conversions" provides a separate development package or SDK, be
[0.650s]   sure it has been installed.
[0.650s] 
[0.650s] [0m
[0.650s] -- Configuring incomplete, errors occurred!
[0.650s] See also "/home/buhrmann/ws_moveit/build/point_cloud_circle_detector/CMakeFiles/CMakeOutput.log".
[0.653s] gmake: *** [Makefile:349: cmake_check_build_system] Error 1
[0.673s] Invoked command in '/home/buhrmann/ws_moveit/build/point_cloud_circle_detector' returned '2': CMAKE_PREFIX_PATH=${CMAKE_PREFIX_PATH}:/home/buhrmann/ws_moveit/install/moveit_configs_utils:/opt/ros/iron /usr/bin/cmake --build /home/buhrmann/ws_moveit/build/point_cloud_circle_detector -- -j28 -l28
