-- Found ament_cmake: 2.0.7 (/opt/ros/iron/share/ament_cmake/cmake)
-- Found sensor_msgs: 5.0.1 (/opt/ros/iron/share/sensor_msgs/cmake)
-- Found rosidl_generator_c: 4.0.1 (/opt/ros/iron/share/rosidl_generator_c/cmake)
-- Found rosidl_generator_cpp: 4.0.1 (/opt/ros/iron/share/rosidl_generator_cpp/cmake)
-- Using all available rosidl_typesupport_c: rosidl_typesupport_fastrtps_c;rosidl_typesupport_introspection_c
-- Using all available rosidl_typesupport_cpp: rosidl_typesupport_fastrtps_cpp;rosidl_typesupport_introspection_cpp
-- Found rclcpp: 21.0.8 (/opt/ros/iron/share/rclcpp/cmake)
-- Found rmw_implementation_cmake: 7.1.0 (/opt/ros/iron/share/rmw_implementation_cmake/cmake)
-- Found rmw_fastrtps_cpp: 7.1.4 (/opt/ros/iron/share/rmw_fastrtps_cpp/cmake)
-- Using RMW implementation 'rmw_fastrtps_cpp' as default
-- Found pcl_conversions: 2.5.4 (/opt/ros/iron/share/pcl_conversions/cmake)
-- FLANN found (include: /usr/include, lib: /usr/lib/x86_64-linux-gnu/libflann_cpp.so)
-- OpenNI found (version: 1.5.4.0, include: /usr/include/ni, lib: /usr/lib/libOpenNI.so;libusb::libusb)
-- OpenNI2 found (version: 2.2.0.33, include: /usr/include/openni2, lib: /usr/lib/x86_64-linux-gnu/libOpenNI2.so;libusb::libusb)
-- Could NOT find Pcap (missing: PCAP_LIBRARIES PCAP_INCLUDE_DIRS) 
-- OpenNI found (version: 1.5.4.0, include: /usr/include/ni, lib: /usr/lib/libOpenNI.so;libusb::libusb)
-- OpenNI2 found (version: 2.2.0.33, include: /usr/include/openni2, lib: /usr/lib/x86_64-linux-gnu/libOpenNI2.so;libusb::libusb)
-- Found Qhull version 8.0.2
-- Found cv_bridge: 3.5.0 (/opt/ros/iron/share/cv_bridge/cmake)
-- Found ament_lint_auto: 0.14.4 (/opt/ros/iron/share/ament_lint_auto/cmake)
-- Added test 'cppcheck' to perform static code analysis on C / C++ code
-- Configured cppcheck include dirs: 
-- Configured cppcheck exclude dirs and/or files: 
-- Added test 'lint_cmake' to check CMake code style
-- Added test 'uncrustify' to check C / C++ code style
-- Configured uncrustify additional arguments: 
-- Added test 'xmllint' to check XML markup files
-- Configuring done
-- Generating done
-- Build files have been written to: /home/buhrmann/ws_moveit/build/point_cloud_circle_detector
[35m[1mConsolidate compiler generated dependencies of target point_cloud_plantpot_detector[0m
[35m[1mConsolidate compiler generated dependencies of target point_cloud_circle_detector[0m
[35m[1mConsolidate compiler generated dependencies of target point_cloud_cylinder_detector[0m
[35m[1mConsolidate compiler generated dependencies of target rgb_edge_filter[0m
[35m[1mConsolidate compiler generated dependencies of target hsv_color_filter[0m
[35m[1mConsolidate compiler generated dependencies of target point_cloud_plantpot_rgb_edge_pfh_detector[0m
[35m[1mConsolidate compiler generated dependencies of target plantplot_icp_conversion[0m
[35m[1mConsolidate compiler generated dependencies of target point_cloud_plantpot_pfh_detector[0m
[35m[1mConsolidate compiler generated dependencies of target cup_segmentation_color[0m
[35m[1mConsolidate compiler generated dependencies of target point_cloud_plantpot_edge_pfh_detector[0m
[35m[1mConsolidate compiler generated dependencies of target point_cloud_plantpot_ppf_detector[0m
[35m[1mConsolidate compiler generated dependencies of target image_based_hsv_color_filter[0m
[35m[1mConsolidate compiler generated dependencies of target cup_pointcloud_segmentation_color[0m
[  7%] Built target point_cloud_plantpot_detector
[ 15%] Built target point_cloud_circle_detector
[ 23%] Built target point_cloud_plantpot_rgb_edge_pfh_detector
[ 30%] Built target point_cloud_cylinder_detector
[ 38%] Built target rgb_edge_filter
[ 46%] Built target point_cloud_plantpot_pfh_detector
[ 53%] Built target cup_segmentation_color
[ 61%] Built target point_cloud_plantpot_edge_pfh_detector
[ 69%] Built target hsv_color_filter
[ 76%] Built target point_cloud_plantpot_ppf_detector
[ 80%] [32mBuilding CXX object CMakeFiles/plantplot_icp_conversion.dir/src/plantplot_icp_conversion.cpp.o[0m
[ 88%] Built target image_based_hsv_color_filter
[ 96%] Built target cup_pointcloud_segmentation_color
