[0.550s] Invoking command in '/home/buhrmann/ws_moveit/build/point_cloud_circle_detector': CMAKE_PREFIX_PATH=${CMAKE_PREFIX_PATH}:/home/buhrmann/ws_moveit/install/ros2_azure_bridge:/home/buhrmann/ws_moveit/install/moveit_configs_utils:/opt/ros/iron /usr/bin/cmake --build /home/buhrmann/ws_moveit/build/point_cloud_circle_detector -- -j28 -l28
[0.585s] -- Found ament_cmake: 2.0.7 (/opt/ros/iron/share/ament_cmake/cmake)
[0.796s] -- Found sensor_msgs: 5.0.1 (/opt/ros/iron/share/sensor_msgs/cmake)
[0.834s] -- Found rosidl_generator_c: 4.0.1 (/opt/ros/iron/share/rosidl_generator_c/cmake)
[0.849s] -- Found rosidl_generator_cpp: 4.0.1 (/opt/ros/iron/share/rosidl_generator_cpp/cmake)
[0.869s] -- Using all available rosidl_typesupport_c: rosidl_typesupport_fastrtps_c;rosidl_typesupport_introspection_c
[0.893s] -- Using all available rosidl_typesupport_cpp: rosidl_typesupport_fastrtps_cpp;rosidl_typesupport_introspection_cpp
[1.343s] -- Found rclcpp: 21.0.8 (/opt/ros/iron/share/rclcpp/cmake)
[1.371s] -- Found rmw_implementation_cmake: 7.1.0 (/opt/ros/iron/share/rmw_implementation_cmake/cmake)
[1.371s] -- Found rmw_fastrtps_cpp: 7.1.4 (/opt/ros/iron/share/rmw_fastrtps_cpp/cmake)
[1.558s] -- Using RMW implementation 'rmw_fastrtps_cpp' as default
[1.746s] -- Found pcl_conversions: 2.5.4 (/opt/ros/iron/share/pcl_conversions/cmake)
[2.033s] -- FLANN found (include: /usr/include, lib: /usr/lib/x86_64-linux-gnu/libflann_cpp.so)
[2.055s] -- OpenNI found (version: 1.5.4.0, include: /usr/include/ni, lib: /usr/lib/libOpenNI.so;libusb::libusb)
[2.062s] -- OpenNI2 found (version: 2.2.0.33, include: /usr/include/openni2, lib: /usr/lib/x86_64-linux-gnu/libOpenNI2.so;libusb::libusb)
[2.090s] -- Could NOT find Pcap (missing: PCAP_LIBRARIES PCAP_INCLUDE_DIRS) 
[2.599s] -- OpenNI found (version: 1.5.4.0, include: /usr/include/ni, lib: /usr/lib/libOpenNI.so;libusb::libusb)
[2.605s] -- OpenNI2 found (version: 2.2.0.33, include: /usr/include/openni2, lib: /usr/lib/x86_64-linux-gnu/libOpenNI2.so;libusb::libusb)
[3.047s] -- Found Qhull version 8.0.2
[3.523s] -- Found cv_bridge: 3.5.0 (/opt/ros/iron/share/cv_bridge/cmake)
[6.365s] -- Found ament_lint_auto: 0.14.4 (/opt/ros/iron/share/ament_lint_auto/cmake)
[6.581s] -- Added test 'cppcheck' to perform static code analysis on C / C++ code
[6.581s] -- Configured cppcheck include dirs: 
[6.581s] -- Configured cppcheck exclude dirs and/or files: 
[6.582s] -- Added test 'lint_cmake' to check CMake code style
[6.585s] -- Added test 'uncrustify' to check C / C++ code style
[6.585s] -- Configured uncrustify additional arguments: 
[6.586s] -- Added test 'xmllint' to check XML markup files
[6.587s] -- Configuring done
[6.945s] -- Generating done
[7.036s] -- Build files have been written to: /home/buhrmann/ws_moveit/build/point_cloud_circle_detector
[7.102s] [35m[1mConsolidate compiler generated dependencies of target point_cloud_plantpot_detector[0m
[7.106s] [35m[1mConsolidate compiler generated dependencies of target point_cloud_circle_detector[0m
[7.115s] [35m[1mConsolidate compiler generated dependencies of target point_cloud_cylinder_detector[0m
[7.120s] [35m[1mConsolidate compiler generated dependencies of target rgb_edge_filter[0m
[7.124s] [35m[1mConsolidate compiler generated dependencies of target hsv_color_filter[0m
[7.137s] [35m[1mConsolidate compiler generated dependencies of target point_cloud_plantpot_rgb_edge_pfh_detector[0m
[7.137s] [35m[1mConsolidate compiler generated dependencies of target plantplot_icp_conversion[0m
[7.137s] [35m[1mConsolidate compiler generated dependencies of target point_cloud_plantpot_pfh_detector[0m
[7.137s] [35m[1mConsolidate compiler generated dependencies of target cup_segmentation_color[0m
[7.137s] [35m[1mConsolidate compiler generated dependencies of target point_cloud_plantpot_edge_pfh_detector[0m
[7.137s] [35m[1mConsolidate compiler generated dependencies of target point_cloud_plantpot_ppf_detector[0m
[7.138s] [35m[1mConsolidate compiler generated dependencies of target image_based_hsv_color_filter[0m
[7.141s] [35m[1mConsolidate compiler generated dependencies of target cup_pointcloud_segmentation_color[0m
[7.155s] [  7%] Built target point_cloud_plantpot_detector
[7.178s] [ 15%] Built target point_cloud_circle_detector
[7.179s] [ 23%] Built target point_cloud_plantpot_rgb_edge_pfh_detector
[7.185s] [ 30%] Built target point_cloud_cylinder_detector
[7.192s] [ 38%] Built target rgb_edge_filter
[7.193s] [ 46%] Built target point_cloud_plantpot_pfh_detector
[7.195s] [ 53%] Built target cup_segmentation_color
[7.197s] [ 61%] Built target point_cloud_plantpot_edge_pfh_detector
[7.197s] [ 69%] Built target hsv_color_filter
[7.198s] [ 76%] Built target point_cloud_plantpot_ppf_detector
[7.205s] [ 80%] [32mBuilding CXX object CMakeFiles/plantplot_icp_conversion.dir/src/plantplot_icp_conversion.cpp.o[0m
[7.210s] [ 88%] Built target image_based_hsv_color_filter
[7.211s] [ 96%] Built target cup_pointcloud_segmentation_color
[8.668s] [01m[K/home/buhrmann/ws_moveit/src/point_cloud_circle_detector/src/plantplot_icp_conversion.cpp:6:10:[m[K [01;31m[Kfatal error: [m[Ktf2_geometry_msgs/tf2_geometry_msgs.hpp: No such file or directory
[8.669s]     6 | #include [01;31m[K<tf2_geometry_msgs/tf2_geometry_msgs.hpp>[m[K
[8.669s]       |          [01;31m[K^~~~~~~~~~~~~~~~~~~~~~~~~~~~~~~~~~~~~~~~~[m[K
[8.669s] compilation terminated.
[8.689s] gmake[2]: *** [CMakeFiles/plantplot_icp_conversion.dir/build.make:76: CMakeFiles/plantplot_icp_conversion.dir/src/plantplot_icp_conversion.cpp.o] Error 1
[8.690s] gmake[1]: *** [CMakeFiles/Makefile2:473: CMakeFiles/plantplot_icp_conversion.dir/all] Error 2
[8.690s] gmake: *** [Makefile:146: all] Error 2
[8.693s] Invoked command in '/home/buhrmann/ws_moveit/build/point_cloud_circle_detector' returned '2': CMAKE_PREFIX_PATH=${CMAKE_PREFIX_PATH}:/home/buhrmann/ws_moveit/install/ros2_azure_bridge:/home/buhrmann/ws_moveit/install/moveit_configs_utils:/opt/ros/iron /usr/bin/cmake --build /home/buhrmann/ws_moveit/build/point_cloud_circle_detector -- -j28 -l28
