[0.181s] Invoking command in '/home/buhrmann/ws_moveit/build/common_services_package': CMAKE_PREFIX_PATH=${CMAKE_PREFIX_PATH}:/home/buhrmann/ws_moveit/install/ros2_azure_bridge:/home/buhrmann/ws_moveit/install/moveit_configs_utils:/opt/ros/iron /usr/bin/cmake --build /home/buhrmann/ws_moveit/build/common_services_package -- -j28 -l28
[0.209s] -- Found ament_cmake: 2.0.7 (/opt/ros/iron/share/ament_cmake/cmake)
[0.310s] -- Found rosidl_default_generators: 1.5.0 (/opt/ros/iron/share/rosidl_default_generators/cmake)
[0.316s] -- Using all available rosidl_typesupport_c: rosidl_typesupport_fastrtps_c;rosidl_typesupport_introspection_c
[0.337s] -- Using all available rosidl_typesupport_cpp: rosidl_typesupport_fastrtps_cpp;rosidl_typesupport_introspection_cpp
[0.350s] -- Found rosidl_adapter: 4.0.1 (/opt/ros/iron/share/rosidl_adapter/cmake)
[0.353s] -- Found geometry_msgs: 5.0.1 (/opt/ros/iron/share/geometry_msgs/cmake)
[0.406s] -- Found std_srvs: 5.0.1 (/opt/ros/iron/share/std_srvs/cmake)
[0.461s] -- Found sensor_msgs: 5.0.1 (/opt/ros/iron/share/sensor_msgs/cmake)
[0.750s] -- Found ament_cmake_ros: 0.11.2 (/opt/ros/iron/share/ament_cmake_ros/cmake)
[0.940s] -- Using all available rosidl_typesupport_c: rosidl_typesupport_fastrtps_c;rosidl_typesupport_introspection_c
[1.192s] -- Using all available rosidl_typesupport_cpp: rosidl_typesupport_fastrtps_cpp;rosidl_typesupport_introspection_cpp
[1.210s] -- Found python_cmake_module: 0.10.2 (/opt/ros/iron/share/python_cmake_module/cmake)
[1.225s] -- Using PYTHON_EXECUTABLE: /usr/bin/python3
[1.225s] -- Using PYTHON_INCLUDE_DIRS: /usr/include/python3.10
[1.225s] -- Using PYTHON_LIBRARIES: /usr/lib/x86_64-linux-gnu/libpython3.10.so
[1.298s] -- Configuring done
[1.320s] -- Generating done
[1.327s] -- Build files have been written to: /home/buhrmann/ws_moveit/build/common_services_package
[1.355s] [  1%] [34m[1mGenerating type hashes for ROS interfaces[0m
[1.358s] [  1%] Built target ament_cmake_python_copy_common_services_package
[1.496s] running egg_info
[1.496s] writing common_services_package.egg-info/PKG-INFO
[1.496s] writing dependency_links to common_services_package.egg-info/dependency_links.txt
[1.496s] writing top-level names to common_services_package.egg-info/top_level.txt
[1.498s] reading manifest file 'common_services_package.egg-info/SOURCES.txt'
[1.498s] writing manifest file 'common_services_package.egg-info/SOURCES.txt'
[1.513s] [  1%] Built target common_services_package__rosidl_generator_type_description
[1.520s] [  1%] Built target ament_cmake_python_build_common_services_package_egg
[1.525s] [  3%] [34m[1mGenerating C code for ROS interfaces[0m
[1.531s] [  5%] [34m[1mGenerating C++ code for ROS interfaces[0m
[1.811s] [  5%] Built target common_services_package__cpp
[1.842s] [35m[1mConsolidate compiler generated dependencies of target common_services_package__rosidl_generator_c[0m
[1.853s] [ 12%] [32mBuilding C object CMakeFiles/common_services_package__rosidl_generator_c.dir/rosidl_generator_c/common_services_package/srv/detail/get_float32_array__description.c.o[0m
[1.854s] [ 12%] [32mBuilding C object CMakeFiles/common_services_package__rosidl_generator_c.dir/rosidl_generator_c/common_services_package/srv/detail/get_point_cloud2__functions.c.o[0m
[1.854s] [ 14%] [32mBuilding C object CMakeFiles/common_services_package__rosidl_generator_c.dir/rosidl_generator_c/common_services_package/srv/detail/get_float32_array__functions.c.o[0m
[1.854s] [ 14%] [32mBuilding C object CMakeFiles/common_services_package__rosidl_generator_c.dir/rosidl_generator_c/common_services_package/srv/detail/get_float32_array__type_support.c.o[0m
[1.854s] [ 12%] [32mBuilding C object CMakeFiles/common_services_package__rosidl_generator_c.dir/rosidl_generator_c/common_services_package/srv/detail/get_point_cloud2__type_support.c.o[0m
[1.854s] [ 16%] [32mBuilding C object CMakeFiles/common_services_package__rosidl_generator_c.dir/rosidl_generator_c/common_services_package/srv/detail/get_point_cloud2__description.c.o[0m
[1.856s] [ 18%] [32mBuilding C object CMakeFiles/common_services_package__rosidl_generator_c.dir/rosidl_generator_c/common_services_package/srv/detail/get_plantpot_coords__functions.c.o[0m
[1.856s] [ 20%] [32mBuilding C object CMakeFiles/common_services_package__rosidl_generator_c.dir/rosidl_generator_c/common_services_package/srv/detail/get_plantpot_coords__description.c.o[0m
[1.856s] [ 22%] [32mBuilding C object CMakeFiles/common_services_package__rosidl_generator_c.dir/rosidl_generator_c/common_services_package/srv/detail/get_plantpot_coords__type_support.c.o[0m
[1.915s] [ 24%] [32m[1mLinking C shared library libcommon_services_package__rosidl_generator_c.so[0m
[1.948s] [ 24%] Built target common_services_package__rosidl_generator_c
[1.960s] [ 25%] [34m[1mGenerating C type support for eProsima Fast-RTPS[0m
[1.961s] [ 27%] [34m[1mGenerating C++ introspection for ROS interfaces[0m
[1.962s] [ 29%] [34m[1mGenerating C++ type support for eProsima Fast-RTPS[0m
[1.963s] [ 31%] [34m[1mGenerating C introspection for ROS interfaces[0m
[1.963s] [ 33%] [34m[1mGenerating C type support dispatch for ROS interfaces[0m
[1.965s] [ 35%] [34m[1mGenerating C++ type support dispatch for ROS interfaces[0m
[2.195s] [35m[1mConsolidate compiler generated dependencies of target common_services_package__rosidl_typesupport_introspection_c[0m
[2.199s] [35m[1mConsolidate compiler generated dependencies of target common_services_package__rosidl_typesupport_fastrtps_c[0m
[2.207s] [ 40%] [32mBuilding C object CMakeFiles/common_services_package__rosidl_typesupport_introspection_c.dir/rosidl_typesupport_introspection_c/common_services_package/srv/detail/get_point_cloud2__type_support.c.o[0m
[2.207s] [ 40%] [32mBuilding C object CMakeFiles/common_services_package__rosidl_typesupport_introspection_c.dir/rosidl_typesupport_introspection_c/common_services_package/srv/detail/get_float32_array__type_support.c.o[0m
[2.208s] [ 40%] [32mBuilding C object CMakeFiles/common_services_package__rosidl_typesupport_introspection_c.dir/rosidl_typesupport_introspection_c/common_services_package/srv/detail/get_plantpot_coords__type_support.c.o[0m
[2.208s] [35m[1mConsolidate compiler generated dependencies of target common_services_package__rosidl_typesupport_c[0m
[2.209s] [ 42%] [32mBuilding CXX object CMakeFiles/common_services_package__rosidl_typesupport_fastrtps_c.dir/rosidl_typesupport_fastrtps_c/common_services_package/srv/detail/get_float32_array__type_support_c.cpp.o[0m
[2.209s] [35m[1mConsolidate compiler generated dependencies of target common_services_package__rosidl_typesupport_fastrtps_cpp[0m
[2.212s] [ 44%] [32mBuilding CXX object CMakeFiles/common_services_package__rosidl_typesupport_fastrtps_c.dir/rosidl_typesupport_fastrtps_c/common_services_package/srv/detail/get_point_cloud2__type_support_c.cpp.o[0m
[2.213s] [ 46%] [32mBuilding CXX object CMakeFiles/common_services_package__rosidl_typesupport_fastrtps_c.dir/rosidl_typesupport_fastrtps_c/common_services_package/srv/detail/get_plantpot_coords__type_support_c.cpp.o[0m
[2.216s] [ 48%] [32mBuilding CXX object CMakeFiles/common_services_package__rosidl_typesupport_c.dir/rosidl_typesupport_c/common_services_package/srv/get_plantpot_coords__type_support.cpp.o[0m
[2.216s] [ 50%] [32mBuilding CXX object CMakeFiles/common_services_package__rosidl_typesupport_c.dir/rosidl_typesupport_c/common_services_package/srv/get_float32_array__type_support.cpp.o[0m
[2.216s] [ 51%] [32mBuilding CXX object CMakeFiles/common_services_package__rosidl_typesupport_c.dir/rosidl_typesupport_c/common_services_package/srv/get_point_cloud2__type_support.cpp.o[0m
[2.220s] [ 53%] [32mBuilding CXX object CMakeFiles/common_services_package__rosidl_typesupport_fastrtps_cpp.dir/rosidl_typesupport_fastrtps_cpp/common_services_package/srv/detail/dds_fastrtps/get_point_cloud2__type_support.cpp.o[0m
[2.223s] [ 55%] [32mBuilding CXX object CMakeFiles/common_services_package__rosidl_typesupport_fastrtps_cpp.dir/rosidl_typesupport_fastrtps_cpp/common_services_package/srv/detail/dds_fastrtps/get_plantpot_coords__type_support.cpp.o[0m
[2.223s] [ 57%] [32mBuilding CXX object CMakeFiles/common_services_package__rosidl_typesupport_fastrtps_cpp.dir/rosidl_typesupport_fastrtps_cpp/common_services_package/srv/detail/dds_fastrtps/get_float32_array__type_support.cpp.o[0m
[2.231s] [35m[1mConsolidate compiler generated dependencies of target common_services_package__rosidl_typesupport_introspection_cpp[0m
[2.246s] [ 59%] [32mBuilding CXX object CMakeFiles/common_services_package__rosidl_typesupport_introspection_cpp.dir/rosidl_typesupport_introspection_cpp/common_services_package/srv/detail/get_plantpot_coords__type_support.cpp.o[0m
[2.246s] [ 61%] [32mBuilding CXX object CMakeFiles/common_services_package__rosidl_typesupport_introspection_cpp.dir/rosidl_typesupport_introspection_cpp/common_services_package/srv/detail/get_point_cloud2__type_support.cpp.o[0m
[2.246s] [ 62%] [32mBuilding CXX object CMakeFiles/common_services_package__rosidl_typesupport_introspection_cpp.dir/rosidl_typesupport_introspection_cpp/common_services_package/srv/detail/get_float32_array__type_support.cpp.o[0m
[2.247s] [35m[1mConsolidate compiler generated dependencies of target common_services_package__rosidl_typesupport_cpp[0m
[2.249s] [ 64%] [32m[1mLinking C shared library libcommon_services_package__rosidl_typesupport_introspection_c.so[0m
[2.265s] [ 66%] [32m[1mLinking CXX shared library libcommon_services_package__rosidl_typesupport_c.so[0m
[2.265s] [ 68%] [32mBuilding CXX object CMakeFiles/common_services_package__rosidl_typesupport_cpp.dir/rosidl_typesupport_cpp/common_services_package/srv/get_plantpot_coords__type_support.cpp.o[0m
[2.266s] [ 70%] [32mBuilding CXX object CMakeFiles/common_services_package__rosidl_typesupport_cpp.dir/rosidl_typesupport_cpp/common_services_package/srv/get_point_cloud2__type_support.cpp.o[0m
[2.268s] [ 72%] [32mBuilding CXX object CMakeFiles/common_services_package__rosidl_typesupport_cpp.dir/rosidl_typesupport_cpp/common_services_package/srv/get_float32_array__type_support.cpp.o[0m
[2.299s] [ 72%] Built target common_services_package__rosidl_typesupport_introspection_c
[2.338s] [ 72%] Built target common_services_package__rosidl_typesupport_c
[2.540s] [ 74%] [32m[1mLinking CXX shared library libcommon_services_package__rosidl_typesupport_fastrtps_c.so[0m
[2.590s] [ 74%] Built target common_services_package__rosidl_typesupport_fastrtps_c
[2.670s] [ 75%] [32m[1mLinking CXX shared library libcommon_services_package__rosidl_typesupport_introspection_cpp.so[0m
[2.698s] [ 77%] [32m[1mLinking CXX shared library libcommon_services_package__rosidl_typesupport_cpp.so[0m
[2.752s] [ 77%] Built target common_services_package__rosidl_typesupport_introspection_cpp
[2.754s] [ 77%] Built target common_services_package__rosidl_typesupport_cpp
[2.787s] [ 79%] [32m[1mLinking CXX shared library libcommon_services_package__rosidl_typesupport_fastrtps_cpp.so[0m
[2.856s] [ 79%] Built target common_services_package__rosidl_typesupport_fastrtps_cpp
[2.879s] [ 79%] Built target common_services_package
[2.897s] [ 81%] [34m[1mGenerating Python code for ROS interfaces[0m
[3.358s] [ 81%] Built target common_services_package__py
[3.367s] [35m[1mConsolidate compiler generated dependencies of target common_services_package__rosidl_generator_py[0m
[3.375s] [ 85%] [32mBuilding C object CMakeFiles/common_services_package__rosidl_generator_py.dir/rosidl_generator_py/common_services_package/srv/_get_float32_array_s.c.o[0m
[3.375s] [ 85%] [32mBuilding C object CMakeFiles/common_services_package__rosidl_generator_py.dir/rosidl_generator_py/common_services_package/srv/_get_plantpot_coords_s.c.o[0m
[3.376s] [ 87%] [32mBuilding C object CMakeFiles/common_services_package__rosidl_generator_py.dir/rosidl_generator_py/common_services_package/srv/_get_point_cloud2_s.c.o[0m
[3.456s] [ 88%] [32m[1mLinking C shared library rosidl_generator_py/common_services_package/libcommon_services_package__rosidl_generator_py.so[0m
[3.494s] [ 88%] Built target common_services_package__rosidl_generator_py
[3.503s] [35m[1mConsolidate compiler generated dependencies of target common_services_package__rosidl_typesupport_c__pyext[0m
[3.504s] [35m[1mConsolidate compiler generated dependencies of target common_services_package__rosidl_typesupport_fastrtps_c__pyext[0m
[3.504s] [35m[1mConsolidate compiler generated dependencies of target common_services_package__rosidl_typesupport_introspection_c__pyext[0m
[3.517s] [ 94%] [32mBuilding C object CMakeFiles/common_services_package__rosidl_typesupport_introspection_c__pyext.dir/rosidl_generator_py/common_services_package/_common_services_package_s.ep.rosidl_typesupport_introspection_c.c.o[0m
[3.518s] [ 94%] [32mBuilding C object CMakeFiles/common_services_package__rosidl_typesupport_fastrtps_c__pyext.dir/rosidl_generator_py/common_services_package/_common_services_package_s.ep.rosidl_typesupport_fastrtps_c.c.o[0m
[3.518s] [ 94%] [32mBuilding C object CMakeFiles/common_services_package__rosidl_typesupport_c__pyext.dir/rosidl_generator_py/common_services_package/_common_services_package_s.ep.rosidl_typesupport_c.c.o[0m
[3.584s] [ 96%] [32m[1mLinking C shared library rosidl_generator_py/common_services_package/common_services_package_s__rosidl_typesupport_introspection_c.cpython-310-x86_64-linux-gnu.so[0m
[3.587s] [ 98%] [32m[1mLinking C shared library rosidl_generator_py/common_services_package/common_services_package_s__rosidl_typesupport_c.cpython-310-x86_64-linux-gnu.so[0m
[3.596s] [100%] [32m[1mLinking C shared library rosidl_generator_py/common_services_package/common_services_package_s__rosidl_typesupport_fastrtps_c.cpython-310-x86_64-linux-gnu.so[0m
[3.620s] [100%] Built target common_services_package__rosidl_typesupport_introspection_c__pyext
[3.630s] [100%] Built target common_services_package__rosidl_typesupport_c__pyext
[3.638s] [100%] Built target common_services_package__rosidl_typesupport_fastrtps_c__pyext
[3.648s] Invoked command in '/home/buhrmann/ws_moveit/build/common_services_package' returned '0': CMAKE_PREFIX_PATH=${CMAKE_PREFIX_PATH}:/home/buhrmann/ws_moveit/install/ros2_azure_bridge:/home/buhrmann/ws_moveit/install/moveit_configs_utils:/opt/ros/iron /usr/bin/cmake --build /home/buhrmann/ws_moveit/build/common_services_package -- -j28 -l28
[3.648s] Invoking command in '/home/buhrmann/ws_moveit/build/common_services_package': CMAKE_PREFIX_PATH=${CMAKE_PREFIX_PATH}:/home/buhrmann/ws_moveit/install/ros2_azure_bridge:/home/buhrmann/ws_moveit/install/moveit_configs_utils:/opt/ros/iron /usr/bin/cmake --install /home/buhrmann/ws_moveit/build/common_services_package
[3.657s] -- Install configuration: ""
[3.657s] -- Installing: /home/buhrmann/ws_moveit/install/common_services_package/share/ament_index/resource_index/rosidl_interfaces/common_services_package
[3.657s] -- Installing: /home/buhrmann/ws_moveit/install/common_services_package/share/common_services_package/srv/GetPlantpotCoords.json
[3.657s] -- Installing: /home/buhrmann/ws_moveit/install/common_services_package/share/common_services_package/srv/GetPointCloud2.json
[3.657s] -- Installing: /home/buhrmann/ws_moveit/install/common_services_package/share/common_services_package/srv/GetFloat32Array.json
[3.657s] -- Up-to-date: /home/buhrmann/ws_moveit/install/common_services_package/include/common_services_package/common_services_package
[3.657s] -- Up-to-date: /home/buhrmann/ws_moveit/install/common_services_package/include/common_services_package/common_services_package/srv
[3.657s] -- Installing: /home/buhrmann/ws_moveit/install/common_services_package/include/common_services_package/common_services_package/srv/get_plantpot_coords.h
[3.657s] -- Up-to-date: /home/buhrmann/ws_moveit/install/common_services_package/include/common_services_package/common_services_package/srv/detail
[3.657s] -- Installing: /home/buhrmann/ws_moveit/install/common_services_package/include/common_services_package/common_services_package/srv/detail/get_plantpot_coords__struct.h
[3.657s] -- Installing: /home/buhrmann/ws_moveit/install/common_services_package/include/common_services_package/common_services_package/srv/detail/get_plantpot_coords__type_support.c
[3.657s] -- Installing: /home/buhrmann/ws_moveit/install/common_services_package/include/common_services_package/common_services_package/srv/detail/get_plantpot_coords__functions.h
[3.658s] -- Installing: /home/buhrmann/ws_moveit/install/common_services_package/include/common_services_package/common_services_package/srv/detail/get_float32_array__description.c
[3.658s] -- Installing: /home/buhrmann/ws_moveit/install/common_services_package/include/common_services_package/common_services_package/srv/detail/get_point_cloud2__functions.c
[3.658s] -- Installing: /home/buhrmann/ws_moveit/install/common_services_package/include/common_services_package/common_services_package/srv/detail/get_point_cloud2__struct.h
[3.658s] -- Installing: /home/buhrmann/ws_moveit/install/common_services_package/include/common_services_package/common_services_package/srv/detail/get_float32_array__functions.h
[3.658s] -- Installing: /home/buhrmann/ws_moveit/install/common_services_package/include/common_services_package/common_services_package/srv/detail/get_point_cloud2__type_support.c
[3.658s] -- Installing: /home/buhrmann/ws_moveit/install/common_services_package/include/common_services_package/common_services_package/srv/detail/get_float32_array__type_support.c
[3.658s] -- Installing: /home/buhrmann/ws_moveit/install/common_services_package/include/common_services_package/common_services_package/srv/detail/get_plantpot_coords__functions.c
[3.658s] -- Installing: /home/buhrmann/ws_moveit/install/common_services_package/include/common_services_package/common_services_package/srv/detail/get_float32_array__type_support.h
[3.658s] -- Installing: /home/buhrmann/ws_moveit/install/common_services_package/include/common_services_package/common_services_package/srv/detail/get_point_cloud2__description.c
[3.658s] -- Installing: /home/buhrmann/ws_moveit/install/common_services_package/include/common_services_package/common_services_package/srv/detail/get_point_cloud2__functions.h
[3.658s] -- Installing: /home/buhrmann/ws_moveit/install/common_services_package/include/common_services_package/common_services_package/srv/detail/get_float32_array__struct.h
[3.658s] -- Installing: /home/buhrmann/ws_moveit/install/common_services_package/include/common_services_package/common_services_package/srv/detail/get_float32_array__functions.c
[3.658s] -- Installing: /home/buhrmann/ws_moveit/install/common_services_package/include/common_services_package/common_services_package/srv/detail/get_plantpot_coords__type_support.h
[3.658s] -- Installing: /home/buhrmann/ws_moveit/install/common_services_package/include/common_services_package/common_services_package/srv/detail/get_plantpot_coords__description.c
[3.658s] -- Installing: /home/buhrmann/ws_moveit/install/common_services_package/include/common_services_package/common_services_package/srv/detail/get_point_cloud2__type_support.h
[3.658s] -- Installing: /home/buhrmann/ws_moveit/install/common_services_package/include/common_services_package/common_services_package/srv/get_float32_array.h
[3.658s] -- Installing: /home/buhrmann/ws_moveit/install/common_services_package/include/common_services_package/common_services_package/srv/get_point_cloud2.h
[3.658s] -- Up-to-date: /home/buhrmann/ws_moveit/install/common_services_package/include/common_services_package/common_services_package/msg
[3.658s] -- Up-to-date: /home/buhrmann/ws_moveit/install/common_services_package/include/common_services_package/common_services_package/msg/rosidl_generator_c__visibility_control.h
[3.658s] -- Up-to-date: /home/buhrmann/ws_moveit/install/common_services_package/share/common_services_package/environment/library_path.sh
[3.658s] -- Up-to-date: /home/buhrmann/ws_moveit/install/common_services_package/share/common_services_package/environment/library_path.dsv
[3.658s] -- Installing: /home/buhrmann/ws_moveit/install/common_services_package/lib/libcommon_services_package__rosidl_generator_c.so
[3.658s] -- Set runtime path of "/home/buhrmann/ws_moveit/install/common_services_package/lib/libcommon_services_package__rosidl_generator_c.so" to ""
[3.658s] -- Up-to-date: /home/buhrmann/ws_moveit/install/common_services_package/include/common_services_package/common_services_package
[3.658s] -- Up-to-date: /home/buhrmann/ws_moveit/install/common_services_package/include/common_services_package/common_services_package/srv
[3.658s] -- Up-to-date: /home/buhrmann/ws_moveit/install/common_services_package/include/common_services_package/common_services_package/srv/detail
[3.658s] -- Installing: /home/buhrmann/ws_moveit/install/common_services_package/include/common_services_package/common_services_package/srv/detail/get_plantpot_coords__rosidl_typesupport_fastrtps_c.h
[3.658s] -- Installing: /home/buhrmann/ws_moveit/install/common_services_package/include/common_services_package/common_services_package/srv/detail/get_float32_array__rosidl_typesupport_fastrtps_c.h
[3.658s] -- Installing: /home/buhrmann/ws_moveit/install/common_services_package/include/common_services_package/common_services_package/srv/detail/get_point_cloud2__rosidl_typesupport_fastrtps_c.h
[3.658s] -- Up-to-date: /home/buhrmann/ws_moveit/install/common_services_package/include/common_services_package/common_services_package/msg
[3.658s] -- Up-to-date: /home/buhrmann/ws_moveit/install/common_services_package/include/common_services_package/common_services_package/msg/rosidl_typesupport_fastrtps_c__visibility_control.h
[3.659s] -- Installing: /home/buhrmann/ws_moveit/install/common_services_package/lib/libcommon_services_package__rosidl_typesupport_fastrtps_c.so
[3.659s] -- Set runtime path of "/home/buhrmann/ws_moveit/install/common_services_package/lib/libcommon_services_package__rosidl_typesupport_fastrtps_c.so" to ""
[3.659s] -- Up-to-date: /home/buhrmann/ws_moveit/install/common_services_package/include/common_services_package/common_services_package
[3.659s] -- Up-to-date: /home/buhrmann/ws_moveit/install/common_services_package/include/common_services_package/common_services_package/srv
[3.659s] -- Up-to-date: /home/buhrmann/ws_moveit/install/common_services_package/include/common_services_package/common_services_package/srv/detail
[3.659s] -- Installing: /home/buhrmann/ws_moveit/install/common_services_package/include/common_services_package/common_services_package/srv/detail/get_plantpot_coords__type_support.c
[3.659s] -- Installing: /home/buhrmann/ws_moveit/install/common_services_package/include/common_services_package/common_services_package/srv/detail/get_plantpot_coords__rosidl_typesupport_introspection_c.h
[3.659s] -- Installing: /home/buhrmann/ws_moveit/install/common_services_package/include/common_services_package/common_services_package/srv/detail/get_point_cloud2__type_support.c
[3.659s] -- Installing: /home/buhrmann/ws_moveit/install/common_services_package/include/common_services_package/common_services_package/srv/detail/get_point_cloud2__rosidl_typesupport_introspection_c.h
[3.659s] -- Installing: /home/buhrmann/ws_moveit/install/common_services_package/include/common_services_package/common_services_package/srv/detail/get_float32_array__type_support.c
[3.659s] -- Installing: /home/buhrmann/ws_moveit/install/common_services_package/include/common_services_package/common_services_package/srv/detail/get_float32_array__rosidl_typesupport_introspection_c.h
[3.659s] -- Up-to-date: /home/buhrmann/ws_moveit/install/common_services_package/include/common_services_package/common_services_package/msg
[3.659s] -- Up-to-date: /home/buhrmann/ws_moveit/install/common_services_package/include/common_services_package/common_services_package/msg/rosidl_typesupport_introspection_c__visibility_control.h
[3.659s] -- Installing: /home/buhrmann/ws_moveit/install/common_services_package/lib/libcommon_services_package__rosidl_typesupport_introspection_c.so
[3.659s] -- Set runtime path of "/home/buhrmann/ws_moveit/install/common_services_package/lib/libcommon_services_package__rosidl_typesupport_introspection_c.so" to ""
[3.659s] -- Installing: /home/buhrmann/ws_moveit/install/common_services_package/lib/libcommon_services_package__rosidl_typesupport_c.so
[3.659s] -- Set runtime path of "/home/buhrmann/ws_moveit/install/common_services_package/lib/libcommon_services_package__rosidl_typesupport_c.so" to ""
[3.659s] -- Up-to-date: /home/buhrmann/ws_moveit/install/common_services_package/include/common_services_package/common_services_package
[3.659s] -- Up-to-date: /home/buhrmann/ws_moveit/install/common_services_package/include/common_services_package/common_services_package/srv
[3.659s] -- Installing: /home/buhrmann/ws_moveit/install/common_services_package/include/common_services_package/common_services_package/srv/get_point_cloud2.hpp
[3.659s] -- Installing: /home/buhrmann/ws_moveit/install/common_services_package/include/common_services_package/common_services_package/srv/get_float32_array.hpp
[3.659s] -- Up-to-date: /home/buhrmann/ws_moveit/install/common_services_package/include/common_services_package/common_services_package/srv/detail
[3.659s] -- Installing: /home/buhrmann/ws_moveit/install/common_services_package/include/common_services_package/common_services_package/srv/detail/get_plantpot_coords__traits.hpp
[3.659s] -- Installing: /home/buhrmann/ws_moveit/install/common_services_package/include/common_services_package/common_services_package/srv/detail/get_float32_array__builder.hpp
[3.659s] -- Installing: /home/buhrmann/ws_moveit/install/common_services_package/include/common_services_package/common_services_package/srv/detail/get_plantpot_coords__builder.hpp
[3.660s] -- Installing: /home/buhrmann/ws_moveit/install/common_services_package/include/common_services_package/common_services_package/srv/detail/get_point_cloud2__builder.hpp
[3.660s] -- Installing: /home/buhrmann/ws_moveit/install/common_services_package/include/common_services_package/common_services_package/srv/detail/get_point_cloud2__traits.hpp
[3.660s] -- Installing: /home/buhrmann/ws_moveit/install/common_services_package/include/common_services_package/common_services_package/srv/detail/get_float32_array__traits.hpp
[3.660s] -- Installing: /home/buhrmann/ws_moveit/install/common_services_package/include/common_services_package/common_services_package/srv/detail/get_float32_array__struct.hpp
[3.660s] -- Installing: /home/buhrmann/ws_moveit/install/common_services_package/include/common_services_package/common_services_package/srv/detail/get_plantpot_coords__struct.hpp
[3.660s] -- Installing: /home/buhrmann/ws_moveit/install/common_services_package/include/common_services_package/common_services_package/srv/detail/get_point_cloud2__struct.hpp
[3.660s] -- Installing: /home/buhrmann/ws_moveit/install/common_services_package/include/common_services_package/common_services_package/srv/get_plantpot_coords.hpp
[3.660s] -- Up-to-date: /home/buhrmann/ws_moveit/install/common_services_package/include/common_services_package/common_services_package
[3.660s] -- Up-to-date: /home/buhrmann/ws_moveit/install/common_services_package/include/common_services_package/common_services_package/srv
[3.660s] -- Up-to-date: /home/buhrmann/ws_moveit/install/common_services_package/include/common_services_package/common_services_package/srv/detail
[3.660s] -- Installing: /home/buhrmann/ws_moveit/install/common_services_package/include/common_services_package/common_services_package/srv/detail/get_float32_array__rosidl_typesupport_fastrtps_cpp.hpp
[3.660s] -- Installing: /home/buhrmann/ws_moveit/install/common_services_package/include/common_services_package/common_services_package/srv/detail/get_plantpot_coords__rosidl_typesupport_fastrtps_cpp.hpp
[3.660s] -- Installing: /home/buhrmann/ws_moveit/install/common_services_package/include/common_services_package/common_services_package/srv/detail/get_point_cloud2__rosidl_typesupport_fastrtps_cpp.hpp
[3.660s] -- Up-to-date: /home/buhrmann/ws_moveit/install/common_services_package/include/common_services_package/common_services_package/srv/detail/dds_fastrtps
[3.660s] -- Up-to-date: /home/buhrmann/ws_moveit/install/common_services_package/include/common_services_package/common_services_package/msg
[3.660s] -- Up-to-date: /home/buhrmann/ws_moveit/install/common_services_package/include/common_services_package/common_services_package/msg/rosidl_typesupport_fastrtps_cpp__visibility_control.h
[3.660s] -- Installing: /home/buhrmann/ws_moveit/install/common_services_package/lib/libcommon_services_package__rosidl_typesupport_fastrtps_cpp.so
[3.660s] -- Set runtime path of "/home/buhrmann/ws_moveit/install/common_services_package/lib/libcommon_services_package__rosidl_typesupport_fastrtps_cpp.so" to ""
[3.660s] -- Up-to-date: /home/buhrmann/ws_moveit/install/common_services_package/include/common_services_package/common_services_package
[3.660s] -- Up-to-date: /home/buhrmann/ws_moveit/install/common_services_package/include/common_services_package/common_services_package/srv
[3.660s] -- Up-to-date: /home/buhrmann/ws_moveit/install/common_services_package/include/common_services_package/common_services_package/srv/detail
[3.661s] -- Installing: /home/buhrmann/ws_moveit/install/common_services_package/include/common_services_package/common_services_package/srv/detail/get_point_cloud2__type_support.cpp
[3.661s] -- Installing: /home/buhrmann/ws_moveit/install/common_services_package/include/common_services_package/common_services_package/srv/detail/get_float32_array__type_support.cpp
[3.661s] -- Installing: /home/buhrmann/ws_moveit/install/common_services_package/include/common_services_package/common_services_package/srv/detail/get_float32_array__rosidl_typesupport_introspection_cpp.hpp
[3.661s] -- Installing: /home/buhrmann/ws_moveit/install/common_services_package/include/common_services_package/common_services_package/srv/detail/get_plantpot_coords__type_support.cpp
[3.661s] -- Installing: /home/buhrmann/ws_moveit/install/common_services_package/include/common_services_package/common_services_package/srv/detail/get_plantpot_coords__rosidl_typesupport_introspection_cpp.hpp
[3.661s] -- Installing: /home/buhrmann/ws_moveit/install/common_services_package/include/common_services_package/common_services_package/srv/detail/get_point_cloud2__rosidl_typesupport_introspection_cpp.hpp
[3.661s] -- Installing: /home/buhrmann/ws_moveit/install/common_services_package/lib/libcommon_services_package__rosidl_typesupport_introspection_cpp.so
[3.661s] -- Set runtime path of "/home/buhrmann/ws_moveit/install/common_services_package/lib/libcommon_services_package__rosidl_typesupport_introspection_cpp.so" to ""
[3.661s] -- Installing: /home/buhrmann/ws_moveit/install/common_services_package/lib/libcommon_services_package__rosidl_typesupport_cpp.so
[3.661s] -- Set runtime path of "/home/buhrmann/ws_moveit/install/common_services_package/lib/libcommon_services_package__rosidl_typesupport_cpp.so" to ""
[3.661s] -- Up-to-date: /home/buhrmann/ws_moveit/install/common_services_package/share/common_services_package/environment/pythonpath.sh
[3.661s] -- Up-to-date: /home/buhrmann/ws_moveit/install/common_services_package/share/common_services_package/environment/pythonpath.dsv
[3.661s] -- Up-to-date: /home/buhrmann/ws_moveit/install/common_services_package/lib/python3.10/site-packages/common_services_package-0.0.0-py3.10.egg-info
[3.661s] -- Installing: /home/buhrmann/ws_moveit/install/common_services_package/lib/python3.10/site-packages/common_services_package-0.0.0-py3.10.egg-info/SOURCES.txt
[3.661s] -- Installing: /home/buhrmann/ws_moveit/install/common_services_package/lib/python3.10/site-packages/common_services_package-0.0.0-py3.10.egg-info/dependency_links.txt
[3.661s] -- Installing: /home/buhrmann/ws_moveit/install/common_services_package/lib/python3.10/site-packages/common_services_package-0.0.0-py3.10.egg-info/top_level.txt
[3.661s] -- Installing: /home/buhrmann/ws_moveit/install/common_services_package/lib/python3.10/site-packages/common_services_package-0.0.0-py3.10.egg-info/PKG-INFO
[3.661s] -- Up-to-date: /home/buhrmann/ws_moveit/install/common_services_package/lib/python3.10/site-packages/common_services_package
[3.661s] -- Up-to-date: /home/buhrmann/ws_moveit/install/common_services_package/lib/python3.10/site-packages/common_services_package/srv
[3.661s] -- Installing: /home/buhrmann/ws_moveit/install/common_services_package/lib/python3.10/site-packages/common_services_package/srv/_get_float32_array.py
[3.661s] -- Installing: /home/buhrmann/ws_moveit/install/common_services_package/lib/python3.10/site-packages/common_services_package/srv/_get_point_cloud2_s.c
[3.661s] -- Installing: /home/buhrmann/ws_moveit/install/common_services_package/lib/python3.10/site-packages/common_services_package/srv/_get_plantpot_coords_s.c
[3.661s] -- Installing: /home/buhrmann/ws_moveit/install/common_services_package/lib/python3.10/site-packages/common_services_package/srv/_get_plantpot_coords.py
[3.661s] -- Installing: /home/buhrmann/ws_moveit/install/common_services_package/lib/python3.10/site-packages/common_services_package/srv/_get_float32_array_s.c
[3.661s] -- Installing: /home/buhrmann/ws_moveit/install/common_services_package/lib/python3.10/site-packages/common_services_package/srv/__init__.py
[3.661s] -- Installing: /home/buhrmann/ws_moveit/install/common_services_package/lib/python3.10/site-packages/common_services_package/srv/_get_point_cloud2.py
[3.661s] -- Installing: /home/buhrmann/ws_moveit/install/common_services_package/lib/python3.10/site-packages/common_services_package/_common_services_package_s.ep.rosidl_typesupport_introspection_c.c
[3.661s] -- Installing: /home/buhrmann/ws_moveit/install/common_services_package/lib/python3.10/site-packages/common_services_package/_common_services_package_s.ep.rosidl_typesupport_c.c
[3.662s] -- Installing: /home/buhrmann/ws_moveit/install/common_services_package/lib/python3.10/site-packages/common_services_package/libcommon_services_package__rosidl_generator_py.so
[3.662s] -- Installing: /home/buhrmann/ws_moveit/install/common_services_package/lib/python3.10/site-packages/common_services_package/common_services_package_s__rosidl_typesupport_introspection_c.cpython-310-x86_64-linux-gnu.so
[3.662s] -- Installing: /home/buhrmann/ws_moveit/install/common_services_package/lib/python3.10/site-packages/common_services_package/common_services_package_s__rosidl_typesupport_fastrtps_c.cpython-310-x86_64-linux-gnu.so
[3.662s] -- Installing: /home/buhrmann/ws_moveit/install/common_services_package/lib/python3.10/site-packages/common_services_package/__init__.py
[3.662s] -- Installing: /home/buhrmann/ws_moveit/install/common_services_package/lib/python3.10/site-packages/common_services_package/common_services_package_s__rosidl_typesupport_c.cpython-310-x86_64-linux-gnu.so
[3.662s] -- Installing: /home/buhrmann/ws_moveit/install/common_services_package/lib/python3.10/site-packages/common_services_package/_common_services_package_s.ep.rosidl_typesupport_fastrtps_c.c
[3.686s] Listing '/home/buhrmann/ws_moveit/install/common_services_package/lib/python3.10/site-packages/common_services_package'...
[3.686s] Compiling '/home/buhrmann/ws_moveit/install/common_services_package/lib/python3.10/site-packages/common_services_package/__init__.py'...
[3.686s] Listing '/home/buhrmann/ws_moveit/install/common_services_package/lib/python3.10/site-packages/common_services_package/srv'...
[3.686s] Compiling '/home/buhrmann/ws_moveit/install/common_services_package/lib/python3.10/site-packages/common_services_package/srv/__init__.py'...
[3.686s] Compiling '/home/buhrmann/ws_moveit/install/common_services_package/lib/python3.10/site-packages/common_services_package/srv/_get_float32_array.py'...
[3.686s] Compiling '/home/buhrmann/ws_moveit/install/common_services_package/lib/python3.10/site-packages/common_services_package/srv/_get_plantpot_coords.py'...
[3.686s] Compiling '/home/buhrmann/ws_moveit/install/common_services_package/lib/python3.10/site-packages/common_services_package/srv/_get_point_cloud2.py'...
[3.688s] -- Installing: /home/buhrmann/ws_moveit/install/common_services_package/lib/python3.10/site-packages/common_services_package/common_services_package_s__rosidl_typesupport_fastrtps_c.cpython-310-x86_64-linux-gnu.so
[3.688s] -- Set runtime path of "/home/buhrmann/ws_moveit/install/common_services_package/lib/python3.10/site-packages/common_services_package/common_services_package_s__rosidl_typesupport_fastrtps_c.cpython-310-x86_64-linux-gnu.so" to ""
[3.688s] -- Installing: /home/buhrmann/ws_moveit/install/common_services_package/lib/python3.10/site-packages/common_services_package/common_services_package_s__rosidl_typesupport_introspection_c.cpython-310-x86_64-linux-gnu.so
[3.688s] -- Set runtime path of "/home/buhrmann/ws_moveit/install/common_services_package/lib/python3.10/site-packages/common_services_package/common_services_package_s__rosidl_typesupport_introspection_c.cpython-310-x86_64-linux-gnu.so" to ""
[3.688s] -- Installing: /home/buhrmann/ws_moveit/install/common_services_package/lib/python3.10/site-packages/common_services_package/common_services_package_s__rosidl_typesupport_c.cpython-310-x86_64-linux-gnu.so
[3.689s] -- Set runtime path of "/home/buhrmann/ws_moveit/install/common_services_package/lib/python3.10/site-packages/common_services_package/common_services_package_s__rosidl_typesupport_c.cpython-310-x86_64-linux-gnu.so" to ""
[3.689s] -- Installing: /home/buhrmann/ws_moveit/install/common_services_package/lib/libcommon_services_package__rosidl_generator_py.so
[3.689s] -- Set runtime path of "/home/buhrmann/ws_moveit/install/common_services_package/lib/libcommon_services_package__rosidl_generator_py.so" to ""
[3.689s] -- Up-to-date: /home/buhrmann/ws_moveit/install/common_services_package/share/common_services_package/srv/GetPlantpotCoords.idl
[3.689s] -- Installing: /home/buhrmann/ws_moveit/install/common_services_package/share/common_services_package/srv/GetPointCloud2.idl
[3.689s] -- Installing: /home/buhrmann/ws_moveit/install/common_services_package/share/common_services_package/srv/GetFloat32Array.idl
[3.689s] -- Up-to-date: /home/buhrmann/ws_moveit/install/common_services_package/share/common_services_package/srv/GetPlantpotCoords.srv
[3.689s] -- Up-to-date: /home/buhrmann/ws_moveit/install/common_services_package/share/common_services_package/srv/GetPlantpotCoords_Request.msg
[3.689s] -- Up-to-date: /home/buhrmann/ws_moveit/install/common_services_package/share/common_services_package/srv/GetPlantpotCoords_Response.msg
[3.689s] -- Installing: /home/buhrmann/ws_moveit/install/common_services_package/share/common_services_package/srv/GetPointCloud2.srv
[3.689s] -- Installing: /home/buhrmann/ws_moveit/install/common_services_package/share/common_services_package/srv/GetPointCloud2_Request.msg
[3.689s] -- Installing: /home/buhrmann/ws_moveit/install/common_services_package/share/common_services_package/srv/GetPointCloud2_Response.msg
[3.689s] -- Installing: /home/buhrmann/ws_moveit/install/common_services_package/share/common_services_package/srv/GetFloat32Array.srv
[3.689s] -- Installing: /home/buhrmann/ws_moveit/install/common_services_package/share/common_services_package/srv/GetFloat32Array_Request.msg
[3.689s] -- Installing: /home/buhrmann/ws_moveit/install/common_services_package/share/common_services_package/srv/GetFloat32Array_Response.msg
[3.689s] -- Up-to-date: /home/buhrmann/ws_moveit/install/common_services_package/share/ament_index/resource_index/package_run_dependencies/common_services_package
[3.689s] -- Installing: /home/buhrmann/ws_moveit/install/common_services_package/share/ament_index/resource_index/parent_prefix_path/common_services_package
[3.689s] -- Up-to-date: /home/buhrmann/ws_moveit/install/common_services_package/share/common_services_package/environment/ament_prefix_path.sh
[3.689s] -- Up-to-date: /home/buhrmann/ws_moveit/install/common_services_package/share/common_services_package/environment/ament_prefix_path.dsv
[3.689s] -- Up-to-date: /home/buhrmann/ws_moveit/install/common_services_package/share/common_services_package/environment/path.sh
[3.689s] -- Up-to-date: /home/buhrmann/ws_moveit/install/common_services_package/share/common_services_package/environment/path.dsv
[3.689s] -- Up-to-date: /home/buhrmann/ws_moveit/install/common_services_package/share/common_services_package/local_setup.bash
[3.689s] -- Up-to-date: /home/buhrmann/ws_moveit/install/common_services_package/share/common_services_package/local_setup.sh
[3.689s] -- Up-to-date: /home/buhrmann/ws_moveit/install/common_services_package/share/common_services_package/local_setup.zsh
[3.689s] -- Up-to-date: /home/buhrmann/ws_moveit/install/common_services_package/share/common_services_package/local_setup.dsv
[3.689s] -- Installing: /home/buhrmann/ws_moveit/install/common_services_package/share/common_services_package/package.dsv
[3.689s] -- Up-to-date: /home/buhrmann/ws_moveit/install/common_services_package/share/ament_index/resource_index/packages/common_services_package
[3.689s] -- Old export file "/home/buhrmann/ws_moveit/install/common_services_package/share/common_services_package/cmake/export_common_services_package__rosidl_generator_cExport.cmake" will be replaced.  Removing files [/home/buhrmann/ws_moveit/install/common_services_package/share/common_services_package/cmake/export_common_services_package__rosidl_generator_cExport-noconfig.cmake].
[3.689s] -- Installing: /home/buhrmann/ws_moveit/install/common_services_package/share/common_services_package/cmake/export_common_services_package__rosidl_generator_cExport.cmake
[3.689s] -- Installing: /home/buhrmann/ws_moveit/install/common_services_package/share/common_services_package/cmake/export_common_services_package__rosidl_generator_cExport-noconfig.cmake
[3.690s] -- Old export file "/home/buhrmann/ws_moveit/install/common_services_package/share/common_services_package/cmake/export_common_services_package__rosidl_typesupport_fastrtps_cExport.cmake" will be replaced.  Removing files [/home/buhrmann/ws_moveit/install/common_services_package/share/common_services_package/cmake/export_common_services_package__rosidl_typesupport_fastrtps_cExport-noconfig.cmake].
[3.690s] -- Installing: /home/buhrmann/ws_moveit/install/common_services_package/share/common_services_package/cmake/export_common_services_package__rosidl_typesupport_fastrtps_cExport.cmake
[3.690s] -- Installing: /home/buhrmann/ws_moveit/install/common_services_package/share/common_services_package/cmake/export_common_services_package__rosidl_typesupport_fastrtps_cExport-noconfig.cmake
[3.690s] -- Old export file "/home/buhrmann/ws_moveit/install/common_services_package/share/common_services_package/cmake/common_services_package__rosidl_typesupport_introspection_cExport.cmake" will be replaced.  Removing files [/home/buhrmann/ws_moveit/install/common_services_package/share/common_services_package/cmake/common_services_package__rosidl_typesupport_introspection_cExport-noconfig.cmake].
[3.690s] -- Installing: /home/buhrmann/ws_moveit/install/common_services_package/share/common_services_package/cmake/common_services_package__rosidl_typesupport_introspection_cExport.cmake
[3.690s] -- Installing: /home/buhrmann/ws_moveit/install/common_services_package/share/common_services_package/cmake/common_services_package__rosidl_typesupport_introspection_cExport-noconfig.cmake
[3.690s] -- Old export file "/home/buhrmann/ws_moveit/install/common_services_package/share/common_services_package/cmake/common_services_package__rosidl_typesupport_cExport.cmake" will be replaced.  Removing files [/home/buhrmann/ws_moveit/install/common_services_package/share/common_services_package/cmake/common_services_package__rosidl_typesupport_cExport-noconfig.cmake].
[3.690s] -- Installing: /home/buhrmann/ws_moveit/install/common_services_package/share/common_services_package/cmake/common_services_package__rosidl_typesupport_cExport.cmake
[3.690s] -- Installing: /home/buhrmann/ws_moveit/install/common_services_package/share/common_services_package/cmake/common_services_package__rosidl_typesupport_cExport-noconfig.cmake
[3.690s] -- Installing: /home/buhrmann/ws_moveit/install/common_services_package/share/common_services_package/cmake/export_common_services_package__rosidl_generator_cppExport.cmake
[3.690s] -- Old export file "/home/buhrmann/ws_moveit/install/common_services_package/share/common_services_package/cmake/export_common_services_package__rosidl_typesupport_fastrtps_cppExport.cmake" will be replaced.  Removing files [/home/buhrmann/ws_moveit/install/common_services_package/share/common_services_package/cmake/export_common_services_package__rosidl_typesupport_fastrtps_cppExport-noconfig.cmake].
[3.690s] -- Installing: /home/buhrmann/ws_moveit/install/common_services_package/share/common_services_package/cmake/export_common_services_package__rosidl_typesupport_fastrtps_cppExport.cmake
[3.690s] -- Installing: /home/buhrmann/ws_moveit/install/common_services_package/share/common_services_package/cmake/export_common_services_package__rosidl_typesupport_fastrtps_cppExport-noconfig.cmake
[3.690s] -- Old export file "/home/buhrmann/ws_moveit/install/common_services_package/share/common_services_package/cmake/common_services_package__rosidl_typesupport_introspection_cppExport.cmake" will be replaced.  Removing files [/home/buhrmann/ws_moveit/install/common_services_package/share/common_services_package/cmake/common_services_package__rosidl_typesupport_introspection_cppExport-noconfig.cmake].
[3.690s] -- Installing: /home/buhrmann/ws_moveit/install/common_services_package/share/common_services_package/cmake/common_services_package__rosidl_typesupport_introspection_cppExport.cmake
[3.690s] -- Installing: /home/buhrmann/ws_moveit/install/common_services_package/share/common_services_package/cmake/common_services_package__rosidl_typesupport_introspection_cppExport-noconfig.cmake
[3.690s] -- Old export file "/home/buhrmann/ws_moveit/install/common_services_package/share/common_services_package/cmake/common_services_package__rosidl_typesupport_cppExport.cmake" will be replaced.  Removing files [/home/buhrmann/ws_moveit/install/common_services_package/share/common_services_package/cmake/common_services_package__rosidl_typesupport_cppExport-noconfig.cmake].
[3.690s] -- Installing: /home/buhrmann/ws_moveit/install/common_services_package/share/common_services_package/cmake/common_services_package__rosidl_typesupport_cppExport.cmake
[3.690s] -- Installing: /home/buhrmann/ws_moveit/install/common_services_package/share/common_services_package/cmake/common_services_package__rosidl_typesupport_cppExport-noconfig.cmake
[3.690s] -- Old export file "/home/buhrmann/ws_moveit/install/common_services_package/share/common_services_package/cmake/export_common_services_package__rosidl_generator_pyExport.cmake" will be replaced.  Removing files [/home/buhrmann/ws_moveit/install/common_services_package/share/common_services_package/cmake/export_common_services_package__rosidl_generator_pyExport-noconfig.cmake].
[3.690s] -- Installing: /home/buhrmann/ws_moveit/install/common_services_package/share/common_services_package/cmake/export_common_services_package__rosidl_generator_pyExport.cmake
[3.690s] -- Installing: /home/buhrmann/ws_moveit/install/common_services_package/share/common_services_package/cmake/export_common_services_package__rosidl_generator_pyExport-noconfig.cmake
[3.690s] -- Installing: /home/buhrmann/ws_moveit/install/common_services_package/share/common_services_package/cmake/rosidl_cmake-extras.cmake
[3.690s] -- Installing: /home/buhrmann/ws_moveit/install/common_services_package/share/common_services_package/cmake/ament_cmake_export_dependencies-extras.cmake
[3.690s] -- Up-to-date: /home/buhrmann/ws_moveit/install/common_services_package/share/common_services_package/cmake/ament_cmake_export_include_directories-extras.cmake
[3.690s] -- Up-to-date: /home/buhrmann/ws_moveit/install/common_services_package/share/common_services_package/cmake/ament_cmake_export_libraries-extras.cmake
[3.690s] -- Up-to-date: /home/buhrmann/ws_moveit/install/common_services_package/share/common_services_package/cmake/ament_cmake_export_targets-extras.cmake
[3.691s] -- Up-to-date: /home/buhrmann/ws_moveit/install/common_services_package/share/common_services_package/cmake/rosidl_cmake_export_typesupport_targets-extras.cmake
[3.691s] -- Up-to-date: /home/buhrmann/ws_moveit/install/common_services_package/share/common_services_package/cmake/rosidl_cmake_export_typesupport_libraries-extras.cmake
[3.691s] -- Up-to-date: /home/buhrmann/ws_moveit/install/common_services_package/share/common_services_package/cmake/common_services_packageConfig.cmake
[3.691s] -- Up-to-date: /home/buhrmann/ws_moveit/install/common_services_package/share/common_services_package/cmake/common_services_packageConfig-version.cmake
[3.691s] -- Up-to-date: /home/buhrmann/ws_moveit/install/common_services_package/share/common_services_package/package.xml
[3.692s] Invoked command in '/home/buhrmann/ws_moveit/build/common_services_package' returned '0': CMAKE_PREFIX_PATH=${CMAKE_PREFIX_PATH}:/home/buhrmann/ws_moveit/install/ros2_azure_bridge:/home/buhrmann/ws_moveit/install/moveit_configs_utils:/opt/ros/iron /usr/bin/cmake --install /home/buhrmann/ws_moveit/build/common_services_package
