[0.444s] Invoking command in '/home/buhrmann/ws_moveit/build/point_cloud_circle_detector': CMAKE_PREFIX_PATH=${CMAKE_PREFIX_PATH}:/home/buhrmann/ws_moveit/install/ros2_azure_bridge:/home/buhrmann/ws_moveit/install/moveit_configs_utils:/opt/ros/iron /usr/bin/cmake --build /home/buhrmann/ws_moveit/build/point_cloud_circle_detector -- -j28 -l28
[0.551s] [35m[1mConsolidate compiler generated dependencies of target cup_pointcloud_segmentation_color[0m
[0.574s] [ 10%] Built target rgb_edge_filter
[0.575s] [ 20%] Built target point_cloud_circle_detector
[0.575s] [ 30%] Built target point_cloud_cylinder_detector
[0.578s] [ 40%] Built target point_cloud_plantpot_ppf_detector
[0.579s] [ 50%] Built target point_cloud_plantpot_rgb_edge_pfh_detector
[0.580s] [ 60%] Built target point_cloud_plantpot_pfh_detector
[0.582s] [ 70%] Built target cup_segmentation_color
[0.582s] [ 80%] Built target point_cloud_plantpot_detector
[0.583s] [ 90%] Built target point_cloud_plantpot_edge_pfh_detector
[0.589s] [ 95%] [32mBuilding CXX object CMakeFiles/cup_pointcloud_segmentation_color.dir/src/cup_pointcloud_segmentation_and_coloring.cpp.o[0m
[2.937s] [01m[K/home/buhrmann/ws_moveit/src/point_cloud_circle_detector/src/cup_pointcloud_segmentation_and_coloring.cpp:189:2:[m[K [01;31m[Kerror: [m[Kunterminated argument list invoking macro "RCLCPP_INFO"
[2.937s]   189 | }
[2.937s]       |  [01;31m[K^[m[K
[9.057s] [01m[K/home/buhrmann/ws_moveit/src/point_cloud_circle_detector/src/cup_pointcloud_segmentation_and_coloring.cpp:114:24:[m[K [01;31m[Kerror: [m[Kexpected ‘[01m[K}[m[K’ at end of input
[9.058s]   114 |             RCLCPP_INFO[01;31m[K([m[Kget_logger(), "Rotated Width: %u", rotated_depth_image.cols;
[9.058s]       |                        [01;31m[K^[m[K
[9.058s] [01m[K/home/buhrmann/ws_moveit/src/point_cloud_circle_detector/src/cup_pointcloud_segmentation_and_coloring.cpp:15:49:[m[K [01;36m[Knote: [m[Kto match this ‘[01m[K{[m[K’
[9.058s]    15 | class PointCloudGenerator : public rclcpp::Node [01;36m[K{[m[K
[9.058s]       |                                                 [01;36m[K^[m[K
[9.084s] [01m[K/home/buhrmann/ws_moveit/src/point_cloud_circle_detector/src/cup_pointcloud_segmentation_and_coloring.cpp:[m[K In constructor ‘[01m[KPointCloudGenerator::PointCloudGenerator()[m[K’:
[9.084s] [01m[K/home/buhrmann/ws_moveit/src/point_cloud_circle_detector/src/cup_pointcloud_segmentation_and_coloring.cpp:19:9:[m[K [01;31m[Kerror: [m[K‘[01m[Kdepth_sub_[m[K’ was not declared in this scope
[9.084s]    19 |         [01;31m[Kdepth_sub_[m[K = create_subscription<sensor_msgs::msg::Image>(
[9.084s]       |         [01;31m[K^~~~~~~~~~[m[K
[9.156s] [01m[K/home/buhrmann/ws_moveit/src/point_cloud_circle_detector/src/cup_pointcloud_segmentation_and_coloring.cpp:24:9:[m[K [01;31m[Kerror: [m[K‘[01m[Krgb_sub_[m[K’ was not declared in this scope
[9.156s]    24 |         [01;31m[Krgb_sub_[m[K = create_subscription<sensor_msgs::msg::Image>(
[9.156s]       |         [01;31m[K^~~~~~~~[m[K
[9.201s] [01m[K/home/buhrmann/ws_moveit/src/point_cloud_circle_detector/src/cup_pointcloud_segmentation_and_coloring.cpp:29:9:[m[K [01;31m[Kerror: [m[K‘[01m[Kdepth_info_sub_[m[K’ was not declared in this scope
[9.201s]    29 |         [01;31m[Kdepth_info_sub_[m[K = create_subscription<sensor_msgs::msg::CameraInfo>(
[9.201s]       |         [01;31m[K^~~~~~~~~~~~~~~[m[K
[9.325s] [01m[K/home/buhrmann/ws_moveit/src/point_cloud_circle_detector/src/cup_pointcloud_segmentation_and_coloring.cpp:34:9:[m[K [01;31m[Kerror: [m[K‘[01m[Kcup_information_[m[K’ was not declared in this scope
[9.325s]    34 |         [01;31m[Kcup_information_[m[K = create_subscription<std_msgs::msg::Float32MultiArray>(
[9.325s]       |         [01;31m[K^~~~~~~~~~~~~~~~[m[K
[9.434s] [01m[K/home/buhrmann/ws_moveit/src/point_cloud_circle_detector/src/cup_pointcloud_segmentation_and_coloring.cpp:38:9:[m[K [01;31m[Kerror: [m[K‘[01m[Kpointcloud_pub_[m[K’ was not declared in this scope
[9.434s]    38 |         [01;31m[Kpointcloud_pub_[m[K = create_publisher<sensor_msgs::msg::PointCloud2>(
[9.434s]       |         [01;31m[K^~~~~~~~~~~~~~~[m[K
[9.487s] [01m[K/home/buhrmann/ws_moveit/src/point_cloud_circle_detector/src/cup_pointcloud_segmentation_and_coloring.cpp:[m[K In member function ‘[01m[Kvoid PointCloudGenerator::depthInfoCallback(sensor_msgs::msg::CameraInfo_<std::allocator<void> >::SharedPtr)[m[K’:
[9.487s] [01m[K/home/buhrmann/ws_moveit/src/point_cloud_circle_detector/src/cup_pointcloud_segmentation_and_coloring.cpp:65:9:[m[K [01;31m[Kerror: [m[K‘[01m[Kcamera_info_[m[K’ was not declared in this scope
[9.487s]    65 |         [01;31m[Kcamera_info_[m[K = *msg;
[9.487s]       |         [01;31m[K^~~~~~~~~~~~[m[K
[9.547s] [01m[K/home/buhrmann/ws_moveit/src/point_cloud_circle_detector/src/cup_pointcloud_segmentation_and_coloring.cpp:[m[K In member function ‘[01m[Kvoid PointCloudGenerator::rgbCallback(sensor_msgs::msg::Image_<std::allocator<void> >::SharedPtr)[m[K’:
[9.548s] [01m[K/home/buhrmann/ws_moveit/src/point_cloud_circle_detector/src/cup_pointcloud_segmentation_and_coloring.cpp:69:9:[m[K [01;31m[Kerror: [m[K‘[01m[Kcurrent_rgb_[m[K’ was not declared in this scope
[9.548s]    69 |         [01;31m[Kcurrent_rgb_[m[K = msg;
[9.548s]       |         [01;31m[K^~~~~~~~~~~~[m[K
[9.589s] [01m[K/home/buhrmann/ws_moveit/src/point_cloud_circle_detector/src/cup_pointcloud_segmentation_and_coloring.cpp:[m[K In member function ‘[01m[Kvoid PointCloudGenerator::depthCallback(sensor_msgs::msg::Image_<std::allocator<void> >::SharedPtr)[m[K’:
[9.589s] [01m[K/home/buhrmann/ws_moveit/src/point_cloud_circle_detector/src/cup_pointcloud_segmentation_and_coloring.cpp:73:9:[m[K [01;31m[Kerror: [m[K‘[01m[Kcurrent_depth_[m[K’ was not declared in this scope
[9.589s]    73 |         [01;31m[Kcurrent_depth_[m[K = msg;
[9.589s]       |         [01;31m[K^~~~~~~~~~~~~~[m[K
[9.626s] [01m[K/home/buhrmann/ws_moveit/src/point_cloud_circle_detector/src/cup_pointcloud_segmentation_and_coloring.cpp:[m[K In member function ‘[01m[Kvoid PointCloudGenerator::pointCloudCallback(std_msgs::msg::Float32MultiArray_<std::allocator<void> >::SharedPtr)[m[K’:
[9.626s] [01m[K/home/buhrmann/ws_moveit/src/point_cloud_circle_detector/src/cup_pointcloud_segmentation_and_coloring.cpp:77:14:[m[K [01;31m[Kerror: [m[K‘[01m[Kcurrent_rgb_[m[K’ was not declared in this scope
[9.626s]    77 |         if (![01;31m[Kcurrent_rgb_[m[K || !current_depth_) return;
[9.626s]       |              [01;31m[K^~~~~~~~~~~~[m[K
[9.665s] [01m[K/home/buhrmann/ws_moveit/src/point_cloud_circle_detector/src/cup_pointcloud_segmentation_and_coloring.cpp:77:31:[m[K [01;31m[Kerror: [m[K‘[01m[Kcurrent_depth_[m[K’ was not declared in this scope
[9.665s]    77 |         if (!current_rgb_ || ![01;31m[Kcurrent_depth_[m[K) return;
[9.665s]       |                               [01;31m[K^~~~~~~~~~~~~~[m[K
[9.701s] In file included from [01m[K/opt/ros/iron/include/rclcpp/rclcpp/logging.hpp:24[m[K,
[9.702s]                  from [01m[K/opt/ros/iron/include/rclcpp/rclcpp/client.hpp:43[m[K,
[9.702s]                  from [01m[K/opt/ros/iron/include/rclcpp/rclcpp/callback_group.hpp:24[m[K,
[9.702s]                  from [01m[K/opt/ros/iron/include/rclcpp/rclcpp/any_executable.hpp:20[m[K,
[9.702s]                  from [01m[K/opt/ros/iron/include/rclcpp/rclcpp/memory_strategy.hpp:25[m[K,
[9.702s]                  from [01m[K/opt/ros/iron/include/rclcpp/rclcpp/memory_strategies.hpp:18[m[K,
[9.702s]                  from [01m[K/opt/ros/iron/include/rclcpp/rclcpp/executor_options.hpp:20[m[K,
[9.702s]                  from [01m[K/opt/ros/iron/include/rclcpp/rclcpp/executor.hpp:37[m[K,
[9.702s]                  from [01m[K/opt/ros/iron/include/rclcpp/rclcpp/executors/multi_threaded_executor.hpp:25[m[K,
[9.702s]                  from [01m[K/opt/ros/iron/include/rclcpp/rclcpp/executors.hpp:21[m[K,
[9.702s]                  from [01m[K/opt/ros/iron/include/rclcpp/rclcpp/rclcpp.hpp:167[m[K,
[9.702s]                  from [01m[K/home/buhrmann/ws_moveit/src/point_cloud_circle_detector/src/cup_pointcloud_segmentation_and_coloring.cpp:1[m[K:
[9.702s] [01m[K/home/buhrmann/ws_moveit/src/point_cloud_circle_detector/src/cup_pointcloud_segmentation_and_coloring.cpp:83:63:[m[K [01;31m[Kerror: [m[K‘[01m[Kcurrent_depth_[m[K’ was not declared in this scope
[9.702s]    83 |         RCLCPP_INFO(get_logger(), "Depth image encoding: %s", [01;31m[Kcurrent_depth_[m[K->encoding.c_str());
[9.702s]       |                                                               [01;31m[K^~~~~~~~~~~~~~[m[K
[9.733s] [01m[K/home/buhrmann/ws_moveit/src/point_cloud_circle_detector/src/cup_pointcloud_segmentation_and_coloring.cpp:84:61:[m[K [01;31m[Kerror: [m[K‘[01m[Kcurrent_rgb_[m[K’ was not declared in this scope
[9.733s]    84 |         RCLCPP_INFO(get_logger(), "RGB image encoding: %s", [01;31m[Kcurrent_rgb_[m[K->encoding.c_str());
[9.733s]       |                                                             [01;31m[K^~~~~~~~~~~~[m[K
[9.762s] [01m[K/home/buhrmann/ws_moveit/src/point_cloud_circle_detector/src/cup_pointcloud_segmentation_and_coloring.cpp:87:48:[m[K [01;31m[Kerror: [m[K‘[01m[Kcurrent_depth_[m[K’ was not declared in this scope
[9.762s]    87 |             depth_cv_ptr = cv_bridge::toCvCopy([01;31m[Kcurrent_depth_[m[K, sensor_msgs::image_encodings::TYPE_16UC1);
[9.762s]       |                                                [01;31m[K^~~~~~~~~~~~~~[m[K
[9.814s] [01m[K/home/buhrmann/ws_moveit/src/point_cloud_circle_detector/src/cup_pointcloud_segmentation_and_coloring.cpp:88:46:[m[K [01;31m[Kerror: [m[K‘[01m[Kcurrent_rgb_[m[K’ was not declared in this scope
[9.814s]    88 |             rgb_cv_ptr = cv_bridge::toCvCopy([01;31m[Kcurrent_rgb_[m[K, sensor_msgs::image_encodings::RGB8);
[9.814s]       |                                              [01;31m[K^~~~~~~~~~~~[m[K
[9.855s] In file included from [01m[K/opt/ros/iron/include/rclcpp/rclcpp/logging.hpp:24[m[K,
[9.855s]                  from [01m[K/opt/ros/iron/include/rclcpp/rclcpp/client.hpp:43[m[K,
[9.855s]                  from [01m[K/opt/ros/iron/include/rclcpp/rclcpp/callback_group.hpp:24[m[K,
[9.855s]                  from [01m[K/opt/ros/iron/include/rclcpp/rclcpp/any_executable.hpp:20[m[K,
[9.855s]                  from [01m[K/opt/ros/iron/include/rclcpp/rclcpp/memory_strategy.hpp:25[m[K,
[9.855s]                  from [01m[K/opt/ros/iron/include/rclcpp/rclcpp/memory_strategies.hpp:18[m[K,
[9.855s]                  from [01m[K/opt/ros/iron/include/rclcpp/rclcpp/executor_options.hpp:20[m[K,
[9.855s]                  from [01m[K/opt/ros/iron/include/rclcpp/rclcpp/executor.hpp:37[m[K,
[9.855s]                  from [01m[K/opt/ros/iron/include/rclcpp/rclcpp/executors/multi_threaded_executor.hpp:25[m[K,
[9.855s]                  from [01m[K/opt/ros/iron/include/rclcpp/rclcpp/executors.hpp:21[m[K,
[9.855s]                  from [01m[K/opt/ros/iron/include/rclcpp/rclcpp/rclcpp.hpp:167[m[K,
[9.855s]                  from [01m[K/home/buhrmann/ws_moveit/src/point_cloud_circle_detector/src/cup_pointcloud_segmentation_and_coloring.cpp:1[m[K:
[9.855s] [01m[K/home/buhrmann/ws_moveit/src/point_cloud_circle_detector/src/cup_pointcloud_segmentation_and_coloring.cpp:103:48:[m[K [01;31m[Kerror: [m[K‘[01m[Kcurrent_depth_[m[K’ was not declared in this scope
[9.856s]   103 |         RCLCPP_INFO(get_logger(), "Width: %u", [01;31m[Kcurrent_depth_[m[K->width);
[9.856s]       |                                                [01;31m[K^~~~~~~~~~~~~~[m[K
[9.901s] [01m[K/home/buhrmann/ws_moveit/src/point_cloud_circle_detector/src/cup_pointcloud_segmentation_and_coloring.cpp:104:49:[m[K [01;31m[Kerror: [m[K‘[01m[Kcurrent_depth_[m[K’ was not declared in this scope
[9.901s]   104 |         RCLCPP_INFO(get_logger(), "Height: %u", [01;31m[Kcurrent_depth_[m[K->height);
[9.901s]       |                                                 [01;31m[K^~~~~~~~~~~~~~[m[K
[9.957s] [01m[K/home/buhrmann/ws_moveit/src/point_cloud_circle_detector/src/cup_pointcloud_segmentation_and_coloring.cpp:107:24:[m[K [01;31m[Kerror: [m[K‘[01m[Kcurrent_depth_[m[K’ was not declared in this scope
[9.957s]   107 |         cloud->width = [01;31m[Kcurrent_depth_[m[K->width;
[9.957s]       |                        [01;31m[K^~~~~~~~~~~~~~[m[K
[9.976s] [01m[K/home/buhrmann/ws_moveit/src/point_cloud_circle_detector/src/cup_pointcloud_segmentation_and_coloring.cpp:114:13:[m[K [01;31m[Kerror: [m[K‘[01m[KRCLCPP_INFO[m[K’ was not declared in this scope
[9.977s]   114 |             [01;31m[KRCLCPP_INFO[m[K(get_logger(), "Rotated Width: %u", rotated_depth_image.cols;
[9.977s]       |             [01;31m[K^~~~~~~~~~~[m[K
[9.977s] [01m[K/home/buhrmann/ws_moveit/src/point_cloud_circle_detector/src/cup_pointcloud_segmentation_and_coloring.cpp:114:24:[m[K [01;31m[Kerror: [m[Kexpected ‘[01m[K}[m[K’ at end of input
[9.977s]   114 |             RCLCPP_INFO[01;31m[K([m[Kget_logger(), "Rotated Width: %u", rotated_depth_image.cols;
[9.977s]       |                        [01;31m[K^[m[K
[9.977s] [01m[K/home/buhrmann/ws_moveit/src/point_cloud_circle_detector/src/cup_pointcloud_segmentation_and_coloring.cpp:112:28:[m[K [01;36m[Knote: [m[Kto match this ‘[01m[K{[m[K’
[9.977s]   112 |         if (rotate_by_180) [01;36m[K{[m[K
[9.977s]       |                            [01;36m[K^[m[K
[9.977s] [01m[K/home/buhrmann/ws_moveit/src/point_cloud_circle_detector/src/cup_pointcloud_segmentation_and_coloring.cpp:114:24:[m[K [01;31m[Kerror: [m[Kexpected ‘[01m[K}[m[K’ at end of input
[9.977s]   114 |             RCLCPP_INFO[01;31m[K([m[Kget_logger(), "Rotated Width: %u", rotated_depth_image.cols;
[9.977s]       |                        [01;31m[K^[m[K
[9.977s] [01m[K/home/buhrmann/ws_moveit/src/point_cloud_circle_detector/src/cup_pointcloud_segmentation_and_coloring.cpp:76:88:[m[K [01;36m[Knote: [m[Kto match this ‘[01m[K{[m[K’
[9.977s]    76 |     void pointCloudCallback(const std_msgs::msg::Float32MultiArray::SharedPtr cup_msg) [01;36m[K{[m[K
[9.977s]       |                                                                                        [01;36m[K^[m[K
[9.977s] [01m[K/home/buhrmann/ws_moveit/src/point_cloud_circle_detector/src/cup_pointcloud_segmentation_and_coloring.cpp:94:35:[m[K [01;35m[Kwarning: [m[Kunused variable ‘[01m[Kdata[m[K’ [[01;35m[K]8;;https://gcc.gnu.org/onlinedocs/gcc/Warning-Options.html#index-Wunused-variable-Wunused-variable]8;;[m[K]
[9.977s]    94 |         const std::vector<float> &[01;35m[Kdata[m[K = cup_msg->data;
[9.977s]       |                                   [01;35m[K^~~~[m[K
[9.977s] [01m[K/home/buhrmann/ws_moveit/src/point_cloud_circle_detector/src/cup_pointcloud_segmentation_and_coloring.cpp:[m[K At global scope:
[9.977s] [01m[K/home/buhrmann/ws_moveit/src/point_cloud_circle_detector/src/cup_pointcloud_segmentation_and_coloring.cpp:114:24:[m[K [01;31m[Kerror: [m[Kexpected unqualified-id at end of input
[9.977s]   114 |             RCLCPP_INFO[01;31m[K([m[Kget_logger(), "Rotated Width: %u", rotated_depth_image.cols;
[9.977s]       |                        [01;31m[K^[m[K
[14.427s] gmake[2]: *** [CMakeFiles/cup_pointcloud_segmentation_color.dir/build.make:76: CMakeFiles/cup_pointcloud_segmentation_color.dir/src/cup_pointcloud_segmentation_and_coloring.cpp.o] Error 1
[14.427s] gmake[1]: *** [CMakeFiles/Makefile2:389: CMakeFiles/cup_pointcloud_segmentation_color.dir/all] Error 2
[14.427s] gmake: *** [Makefile:146: all] Error 2
[14.430s] Invoked command in '/home/buhrmann/ws_moveit/build/point_cloud_circle_detector' returned '2': CMAKE_PREFIX_PATH=${CMAKE_PREFIX_PATH}:/home/buhrmann/ws_moveit/install/ros2_azure_bridge:/home/buhrmann/ws_moveit/install/moveit_configs_utils:/opt/ros/iron /usr/bin/cmake --build /home/buhrmann/ws_moveit/build/point_cloud_circle_detector -- -j28 -l28
