[0.008s] Invoking command in '/home/buhrmann/ws_moveit/build/point_cloud_circle_detector': CMAKE_PREFIX_PATH=${CMAKE_PREFIX_PATH}:/home/buhrmann/ws_moveit/install/moveit_configs_utils:/opt/ros/iron /usr/bin/cmake --build /home/buhrmann/ws_moveit/build/point_cloud_circle_detector -- -j28 -l28
[0.033s] -- Found ament_cmake: 2.0.7 (/opt/ros/iron/share/ament_cmake/cmake)
[0.121s] -- Found sensor_msgs: 5.0.1 (/opt/ros/iron/share/sensor_msgs/cmake)
[0.134s] -- Found rosidl_generator_c: 4.0.1 (/opt/ros/iron/share/rosidl_generator_c/cmake)
[0.138s] -- Found rosidl_generator_cpp: 4.0.1 (/opt/ros/iron/share/rosidl_generator_cpp/cmake)
[0.146s] -- Using all available rosidl_typesupport_c: rosidl_typesupport_fastrtps_c;rosidl_typesupport_introspection_c
[0.155s] -- Using all available rosidl_typesupport_cpp: rosidl_typesupport_fastrtps_cpp;rosidl_typesupport_introspection_cpp
[0.252s] -- Found rclcpp: 21.0.8 (/opt/ros/iron/share/rclcpp/cmake)
[0.298s] -- Found rmw_implementation_cmake: 7.1.0 (/opt/ros/iron/share/rmw_implementation_cmake/cmake)
[0.300s] -- Found rmw_fastrtps_cpp: 7.1.4 (/opt/ros/iron/share/rmw_fastrtps_cpp/cmake)
[0.384s] -- Using RMW implementation 'rmw_fastrtps_cpp' as default
[0.464s] -- Found pcl_conversions: 2.5.4 (/opt/ros/iron/share/pcl_conversions/cmake)
[0.556s] -- Eigen found (include: /usr/include/eigen3, version: 3.4.0)
[0.585s] -- FLANN found (include: /usr/include, lib: /usr/lib/x86_64-linux-gnu/libflann_cpp.so)
[0.818s] -- OpenNI found (version: 1.5.4.0, include: /usr/include/ni, lib: /usr/lib/libOpenNI.so;libusb::libusb)
[0.822s] -- OpenNI2 found (version: 2.2.0.33, include: /usr/include/openni2, lib: /usr/lib/x86_64-linux-gnu/libOpenNI2.so;libusb::libusb)
[0.919s] -- Eigen found (include: /usr/include/eigen3, version: 3.4.0)
[0.923s] -- OpenNI found (version: 1.5.4.0, include: /usr/include/ni, lib: /usr/lib/libOpenNI.so;libusb::libusb)
[0.927s] -- OpenNI2 found (version: 2.2.0.33, include: /usr/include/openni2, lib: /usr/lib/x86_64-linux-gnu/libOpenNI2.so;libusb::libusb)
[1.021s] -- Found Qhull version 8.0.2
[1.120s] -- OpenNI found (version: 1.5.4.0, include: /usr/include/ni, lib: /usr/lib/libOpenNI.so;libusb::libusb)
[1.230s] [33mCMake Warning (dev) at CMakeLists.txt:22 (find_package):
[1.230s]   Policy CMP0074 is not set: find_package uses <PackageName>_ROOT variables.
[1.230s]   Run "cmake --help-policy CMP0074" for policy details.  Use the cmake_policy
[1.230s]   command to set the policy and suppress this warning.
[1.230s] 
[1.230s]   CMake variable PCL_ROOT is set to:
[1.230s] 
[1.230s]     /usr
[1.230s] 
[1.230s]   For compatibility, CMake is ignoring the variable.
[1.230s] This warning is for project developers.  Use -Wno-dev to suppress it.
[1.230s] [0m
[1.701s] -- Found ament_lint_auto: 0.14.4 (/opt/ros/iron/share/ament_lint_auto/cmake)
[1.736s] -- Added test 'cppcheck' to perform static code analysis on C / C++ code
[1.736s] -- Configured cppcheck include dirs: 
[1.736s] -- Configured cppcheck exclude dirs and/or files: 
[1.736s] -- Added test 'lint_cmake' to check CMake code style
[1.737s] -- Added test 'uncrustify' to check C / C++ code style
[1.737s] -- Configured uncrustify additional arguments: 
[1.737s] -- Added test 'xmllint' to check XML markup files
[1.737s] -- Configuring done
[1.789s] -- Generating done
[1.805s] -- Build files have been written to: /home/buhrmann/ws_moveit/build/point_cloud_circle_detector
[1.831s] [35m[1mConsolidate compiler generated dependencies of target point_cloud_circle_detector[0m
[1.833s] [35m[1mConsolidate compiler generated dependencies of target point_cloud_cylinder_detector[0m
[1.834s] [35m[1mConsolidate compiler generated dependencies of target point_cloud_plantpot_ppf_detector[0m
[1.834s] [35m[1mConsolidate compiler generated dependencies of target point_cloud_plantpot_pfh_detector[0m
[1.834s] [35m[1mConsolidate compiler generated dependencies of target point_cloud_plantpot_detector[0m
[1.842s] [  8%] [32mBuilding CXX object CMakeFiles/point_cloud_plantpot_edge_pfh_detector.dir/src/point_cloud_plantpot_edge_pfh_detector.cpp.o[0m
[1.847s] [ 25%] Built target point_cloud_circle_detector
[1.851s] [ 41%] Built target point_cloud_cylinder_detector
[1.853s] [ 58%] Built target point_cloud_plantpot_detector
[1.853s] [ 75%] Built target point_cloud_plantpot_pfh_detector
[1.854s] [ 91%] Built target point_cloud_plantpot_ppf_detector
[3.387s] [01m[K/home/buhrmann/ws_moveit/src/point_cloud_circle_detector/src/point_cloud_plantpot_edge_pfh_detector.cpp:[m[K In function ‘[01m[Kint main()[m[K’:
[3.387s] [01m[K/home/buhrmann/ws_moveit/src/point_cloud_circle_detector/src/point_cloud_plantpot_edge_pfh_detector.cpp:20:41:[m[K [01;31m[Kerror: [m[Kwrong number of template arguments (1, should be 2)
[3.387s]    20 |     pcl::OrganizedEdgeBase<pcl::PointXYZ[01;31m[K>[m[K edge_detector;
[3.387s]       |                                         [01;31m[K^[m[K
[3.387s] In file included from [01m[K/home/buhrmann/ws_moveit/src/point_cloud_circle_detector/src/point_cloud_plantpot_edge_pfh_detector.cpp:5[m[K:
[3.387s] [01m[K/usr/include/pcl-1.12/pcl/features/organized_edge_detection.h:57:9:[m[K [01;36m[Knote: [m[Kprovided for ‘[01m[Ktemplate<class PointT, class PointLT> class pcl::OrganizedEdgeBase[m[K’
[3.387s]    57 |   class [01;36m[KOrganizedEdgeBase[m[K : public PCLBase<PointT>
[3.387s]       |         [01;36m[K^~~~~~~~~~~~~~~~~[m[K
[3.387s] [01m[K/home/buhrmann/ws_moveit/src/point_cloud_circle_detector/src/point_cloud_plantpot_edge_pfh_detector.cpp:23:19:[m[K [01;31m[Kerror: [m[Krequest for member ‘[01m[KsetInputCloud[m[K’ in ‘[01m[Kedge_detector[m[K’, which is of non-class type ‘[01m[Kint[m[K’
[3.387s]    23 |     edge_detector.[01;31m[KsetInputCloud[m[K(cloud);
[3.387s]       |                   [01;31m[K^~~~~~~~~~~~~[m[K
[3.387s] [01m[K/home/buhrmann/ws_moveit/src/point_cloud_circle_detector/src/point_cloud_plantpot_edge_pfh_detector.cpp:26:19:[m[K [01;31m[Kerror: [m[Krequest for member ‘[01m[Kcompute[m[K’ in ‘[01m[Kedge_detector[m[K’, which is of non-class type ‘[01m[Kint[m[K’
[3.387s]    26 |     edge_detector.[01;31m[Kcompute[m[K();
[3.387s]       |                   [01;31m[K^~~~~~~[m[K
[3.387s] [01m[K/home/buhrmann/ws_moveit/src/point_cloud_circle_detector/src/point_cloud_plantpot_edge_pfh_detector.cpp:29:68:[m[K [01;31m[Kerror: [m[Krequest for member ‘[01m[KgetEdgeCloud[m[K’ in ‘[01m[Kedge_detector[m[K’, which is of non-class type ‘[01m[Kint[m[K’
[3.387s]    29 |     pcl::PointCloud<pcl::PointXYZ>::Ptr edge_cloud = edge_detector.[01;31m[KgetEdgeCloud[m[K();
[3.387s]       |                                                                    [01;31m[K^~~~~~~~~~~~[m[K
[3.762s] gmake[2]: *** [CMakeFiles/point_cloud_plantpot_edge_pfh_detector.dir/build.make:76: CMakeFiles/point_cloud_plantpot_edge_pfh_detector.dir/src/point_cloud_plantpot_edge_pfh_detector.cpp.o] Error 1
[3.762s] gmake[1]: *** [CMakeFiles/Makefile2:277: CMakeFiles/point_cloud_plantpot_edge_pfh_detector.dir/all] Error 2
[3.762s] gmake: *** [Makefile:146: all] Error 2
[3.764s] Invoked command in '/home/buhrmann/ws_moveit/build/point_cloud_circle_detector' returned '2': CMAKE_PREFIX_PATH=${CMAKE_PREFIX_PATH}:/home/buhrmann/ws_moveit/install/moveit_configs_utils:/opt/ros/iron /usr/bin/cmake --build /home/buhrmann/ws_moveit/build/point_cloud_circle_detector -- -j28 -l28
