-- Found ament_cmake: 2.0.7 (/opt/ros/iron/share/ament_cmake/cmake)
-- Override CMake install command with custom implementation using symlinks instead of copying resources
-- Eigen found (include: /usr/include/eigen3, version: 3.4.0)
-- FLANN found (include: /usr/include, lib: /usr/lib/x86_64-linux-gnu/libflann_cpp.so)
-- looking for PCL_COMMON
-- looking for PCL_KDTREE
-- looking for PCL_OCTREE
-- looking for PCL_SEARCH
-- looking for PCL_SAMPLE_CONSENSUS
-- looking for PCL_FILTERS
-- looking for PCL_2D
-- looking for PCL_FEATURES
-- Found PCL: pcl_common;pcl_kdtree;pcl_octree;pcl_search;pcl_sample_consensus;pcl_filters;pcl_features;Boost::system;Boost::filesystem;Boost::date_time;Boost::iostreams;Boost::serialization;VTK::ChartsCore;VTK::CommonColor;VTK::CommonComputationalGeometry;VTK::CommonCore;VTK::CommonDataModel;VTK::CommonExecutionModel;VTK::CommonMath;VTK::CommonMisc;VTK::CommonTransforms;VTK::FiltersCore;VTK::FiltersExtraction;VTK::FiltersGeneral;VTK::FiltersGeometry;VTK::FiltersModeling;VTK::FiltersSources;VTK::ImagingCore;VTK::ImagingSources;VTK::InteractionImage;VTK::InteractionStyle;VTK::InteractionWidgets;VTK::IOCore;VTK::IOGeometry;VTK::IOImage;VTK::IOLegacy;VTK::IOPLY;VTK::RenderingAnnotation;VTK::RenderingCore;VTK::RenderingContext2D;VTK::RenderingLOD;VTK::RenderingFreeType;VTK::ViewsCore;VTK::ViewsContext2D;VTK::RenderingOpenGL2;VTK::GUISupportQt;FLANN::FLANN  
-- Found sensor_msgs: 5.0.1 (/opt/ros/iron/share/sensor_msgs/cmake)
-- Found rosidl_generator_c: 4.0.1 (/opt/ros/iron/share/rosidl_generator_c/cmake)
-- Found rosidl_generator_cpp: 4.0.1 (/opt/ros/iron/share/rosidl_generator_cpp/cmake)
-- Using all available rosidl_typesupport_c: rosidl_typesupport_fastrtps_c;rosidl_typesupport_introspection_c
-- Using all available rosidl_typesupport_cpp: rosidl_typesupport_fastrtps_cpp;rosidl_typesupport_introspection_cpp
-- Found rclcpp: 21.0.8 (/opt/ros/iron/share/rclcpp/cmake)
-- Found rmw_implementation_cmake: 7.1.0 (/opt/ros/iron/share/rmw_implementation_cmake/cmake)
-- Found rmw_fastrtps_cpp: 7.1.4 (/opt/ros/iron/share/rmw_fastrtps_cpp/cmake)
-- Using RMW implementation 'rmw_fastrtps_cpp' as default
-- Found pcl_conversions: 2.5.4 (/opt/ros/iron/share/pcl_conversions/cmake)
-- Found ament_lint_auto: 0.14.4 (/opt/ros/iron/share/ament_lint_auto/cmake)
-- Added test 'cppcheck' to perform static code analysis on C / C++ code
-- Configured cppcheck include dirs: 
-- Configured cppcheck exclude dirs and/or files: 
-- Added test 'lint_cmake' to check CMake code style
-- Added test 'uncrustify' to check C / C++ code style
-- Configured uncrustify additional arguments: 
-- Added test 'xmllint' to check XML markup files
-- Configuring done
-- Generating done
-- Build files have been written to: /home/buhrmann/ws_moveit/build/point_cloud_circle_detector
[35m[1mConsolidate compiler generated dependencies of target point_cloud_plantpot_ppf_detector[0m
[35m[1mConsolidate compiler generated dependencies of target point_cloud_plantpot_detector[0m
[35m[1mConsolidate compiler generated dependencies of target point_cloud_cylinder_detector[0m
[35m[1mConsolidate compiler generated dependencies of target point_cloud_circle_detector[0m
[ 12%] [32mBuilding CXX object CMakeFiles/point_cloud_plantpot_ppf_detector.dir/src/point_cloud_plantpot_ppf_detector.cpp.o[0m
[ 37%] [32mBuilding CXX object CMakeFiles/point_cloud_plantpot_detector.dir/src/point_cloud_custom_plant_pot_detection.cpp.o[0m
[ 37%] [32mBuilding CXX object CMakeFiles/point_cloud_cylinder_detector.dir/src/point_cloud_cylinder_detector.cpp.o[0m
[ 50%] [32mBuilding CXX object CMakeFiles/point_cloud_circle_detector.dir/src/point_cloud_circle_detector.cpp.o[0m
[ 62%] [32m[1mLinking CXX executable point_cloud_circle_detector[0m
[ 75%] [32m[1mLinking CXX executable point_cloud_cylinder_detector[0m
/usr/bin/ld: CMakeFiles/point_cloud_circle_detector.dir/src/point_cloud_circle_detector.cpp.o: in function `PointCloudCircleDetector::listener_callback(std::shared_ptr<sensor_msgs::msg::PointCloud2_<std::allocator<void> > >)':
point_cloud_circle_detector.cpp:(.text._ZN24PointCloudCircleDetector17listener_callbackESt10shared_ptrIN11sensor_msgs3msg12PointCloud2_ISaIvEEEE[_ZN24PointCloudCircleDetector17listener_callbackESt10shared_ptrIN11sensor_msgs3msg12PointCloud2_ISaIvEEEE]+0x648): undefined reference to `pcl::SACSegmentation<pcl::PointXYZ>::segment(pcl::PointIndices&, pcl::ModelCoefficients&)'
/usr/bin/ld: CMakeFiles/point_cloud_circle_detector.dir/src/point_cloud_circle_detector.cpp.o:(.data.rel.ro._ZTVN3pcl15SACSegmentationINS_8PointXYZEEE[_ZTVN3pcl15SACSegmentationINS_8PointXYZEEE]+0x48): undefined reference to `pcl::SACSegmentation<pcl::PointXYZ>::segment(pcl::PointIndices&, pcl::ModelCoefficients&)'
/usr/bin/ld: CMakeFiles/point_cloud_circle_detector.dir/src/point_cloud_circle_detector.cpp.o:(.data.rel.ro._ZTVN3pcl15SACSegmentationINS_8PointXYZEEE[_ZTVN3pcl15SACSegmentationINS_8PointXYZEEE]+0x50): undefined reference to `pcl::SACSegmentation<pcl::PointXYZ>::initSACModel(int)'
/usr/bin/ld: CMakeFiles/point_cloud_circle_detector.dir/src/point_cloud_circle_detector.cpp.o:(.data.rel.ro._ZTVN3pcl15SACSegmentationINS_8PointXYZEEE[_ZTVN3pcl15SACSegmentationINS_8PointXYZEEE]+0x58): undefined reference to `pcl::SACSegmentation<pcl::PointXYZ>::initSAC(int)'
collect2: error: ld returned 1 exit status
gmake[2]: *** [CMakeFiles/point_cloud_circle_detector.dir/build.make:297: point_cloud_circle_detector] Error 1
gmake[1]: *** [CMakeFiles/Makefile2:143: CMakeFiles/point_cloud_circle_detector.dir/all] Error 2
gmake[1]: *** Waiting for unfinished jobs....
/usr/bin/ld: CMakeFiles/point_cloud_cylinder_detector.dir/src/point_cloud_cylinder_detector.cpp.o: in function `PointCloudCylinderDetector::listener_callback(std::shared_ptr<sensor_msgs::msg::PointCloud2_<std::allocator<void> > >)':
point_cloud_cylinder_detector.cpp:(.text._ZN26PointCloudCylinderDetector17listener_callbackESt10shared_ptrIN11sensor_msgs3msg12PointCloud2_ISaIvEEEE[_ZN26PointCloudCylinderDetector17listener_callbackESt10shared_ptrIN11sensor_msgs3msg12PointCloud2_ISaIvEEEE]+0x707): undefined reference to `pcl::SACSegmentation<pcl::PointXYZ>::segment(pcl::PointIndices&, pcl::ModelCoefficients&)'
/usr/bin/ld: CMakeFiles/point_cloud_cylinder_detector.dir/src/point_cloud_cylinder_detector.cpp.o:(.data.rel.ro._ZTVN3pcl26SACSegmentationFromNormalsINS_8PointXYZENS_6NormalEEE[_ZTVN3pcl26SACSegmentationFromNormalsINS_8PointXYZENS_6NormalEEE]+0x48): undefined reference to `pcl::SACSegmentation<pcl::PointXYZ>::segment(pcl::PointIndices&, pcl::ModelCoefficients&)'
/usr/bin/ld: CMakeFiles/point_cloud_cylinder_detector.dir/src/point_cloud_cylinder_detector.cpp.o:(.data.rel.ro._ZTVN3pcl26SACSegmentationFromNormalsINS_8PointXYZENS_6NormalEEE[_ZTVN3pcl26SACSegmentationFromNormalsINS_8PointXYZENS_6NormalEEE]+0x50): undefined reference to `pcl::SACSegmentationFromNormals<pcl::PointXYZ, pcl::Normal>::initSACModel(int)'
/usr/bin/ld: CMakeFiles/point_cloud_cylinder_detector.dir/src/point_cloud_cylinder_detector.cpp.o:(.data.rel.ro._ZTVN3pcl26SACSegmentationFromNormalsINS_8PointXYZENS_6NormalEEE[_ZTVN3pcl26SACSegmentationFromNormalsINS_8PointXYZENS_6NormalEEE]+0x58): undefined reference to `pcl::SACSegmentation<pcl::PointXYZ>::initSAC(int)'
/usr/bin/ld: CMakeFiles/point_cloud_cylinder_detector.dir/src/point_cloud_cylinder_detector.cpp.o:(.data.rel.ro._ZTVN3pcl15SACSegmentationINS_8PointXYZEEE[_ZTVN3pcl15SACSegmentationINS_8PointXYZEEE]+0x48): undefined reference to `pcl::SACSegmentation<pcl::PointXYZ>::segment(pcl::PointIndices&, pcl::ModelCoefficients&)'
/usr/bin/ld: CMakeFiles/point_cloud_cylinder_detector.dir/src/point_cloud_cylinder_detector.cpp.o:(.data.rel.ro._ZTVN3pcl15SACSegmentationINS_8PointXYZEEE[_ZTVN3pcl15SACSegmentationINS_8PointXYZEEE]+0x50): undefined reference to `pcl::SACSegmentation<pcl::PointXYZ>::initSACModel(int)'
/usr/bin/ld: CMakeFiles/point_cloud_cylinder_detector.dir/src/point_cloud_cylinder_detector.cpp.o:(.data.rel.ro._ZTVN3pcl15SACSegmentationINS_8PointXYZEEE[_ZTVN3pcl15SACSegmentationINS_8PointXYZEEE]+0x58): undefined reference to `pcl::SACSegmentation<pcl::PointXYZ>::initSAC(int)'
collect2: error: ld returned 1 exit status
gmake[2]: *** [CMakeFiles/point_cloud_cylinder_detector.dir/build.make:297: point_cloud_cylinder_detector] Error 1
gmake[1]: *** [CMakeFiles/Makefile2:169: CMakeFiles/point_cloud_cylinder_detector.dir/all] Error 2
[ 87%] [32m[1mLinking CXX executable point_cloud_plantpot_detector[0m
[100%] [32m[1mLinking CXX executable point_cloud_plantpot_ppf_detector[0m
/usr/bin/ld: CMakeFiles/point_cloud_plantpot_detector.dir/src/point_cloud_custom_plant_pot_detection.cpp.o: in function `pcl::PCDReader::PCDReader()':
point_cloud_custom_plant_pot_detection.cpp:(.text._ZN3pcl9PCDReaderC2Ev[_ZN3pcl9PCDReaderC5Ev]+0x1f): undefined reference to `vtable for pcl::PCDReader'
/usr/bin/ld: CMakeFiles/point_cloud_plantpot_detector.dir/src/point_cloud_custom_plant_pot_detection.cpp.o: in function `pcl::PCDReader::~PCDReader()':
point_cloud_custom_plant_pot_detection.cpp:(.text._ZN3pcl9PCDReaderD2Ev[_ZN3pcl9PCDReaderD5Ev]+0x13): undefined reference to `vtable for pcl::PCDReader'
collect2: error: ld returned 1 exit status
gmake[2]: *** [CMakeFiles/point_cloud_plantpot_detector.dir/build.make:297: point_cloud_plantpot_detector] Error 1
gmake[1]: *** [CMakeFiles/Makefile2:195: CMakeFiles/point_cloud_plantpot_detector.dir/all] Error 2
/usr/bin/ld: CMakeFiles/point_cloud_plantpot_ppf_detector.dir/src/point_cloud_plantpot_ppf_detector.cpp.o: in function `pcl::PCDReader::PCDReader()':
point_cloud_plantpot_ppf_detector.cpp:(.text._ZN3pcl9PCDReaderC2Ev[_ZN3pcl9PCDReaderC5Ev]+0x1f): undefined reference to `vtable for pcl::PCDReader'
/usr/bin/ld: CMakeFiles/point_cloud_plantpot_ppf_detector.dir/src/point_cloud_plantpot_ppf_detector.cpp.o: in function `pcl::PCDReader::~PCDReader()':
point_cloud_plantpot_ppf_detector.cpp:(.text._ZN3pcl9PCDReaderD2Ev[_ZN3pcl9PCDReaderD5Ev]+0x13): undefined reference to `vtable for pcl::PCDReader'
/usr/bin/ld: CMakeFiles/point_cloud_plantpot_ppf_detector.dir/src/point_cloud_plantpot_ppf_detector.cpp.o: in function `PointCloudCustomObjectMatcher::listener_callback(std::shared_ptr<sensor_msgs::msg::PointCloud2_<std::allocator<void> > >)':
point_cloud_plantpot_ppf_detector.cpp:(.text._ZN29PointCloudCustomObjectMatcher17listener_callbackESt10shared_ptrIN11sensor_msgs3msg12PointCloud2_ISaIvEEEE[_ZN29PointCloudCustomObjectMatcher17listener_callbackESt10shared_ptrIN11sensor_msgs3msg12PointCloud2_ISaIvEEEE]+0x1009): undefined reference to `pcl::PPFEstimation<pcl::PointXYZ, pcl::PointXYZ, pcl::PPFSignature>::PPFEstimation()'
/usr/bin/ld: point_cloud_plantpot_ppf_detector.cpp:(.text._ZN29PointCloudCustomObjectMatcher17listener_callbackESt10shared_ptrIN11sensor_msgs3msg12PointCloud2_ISaIvEEEE[_ZN29PointCloudCustomObjectMatcher17listener_callbackESt10shared_ptrIN11sensor_msgs3msg12PointCloud2_ISaIvEEEE]+0x1363): undefined reference to `pcl::PPFEstimation<pcl::PointXYZ, pcl::PointXYZ, pcl::PPFSignature>::PPFEstimation()'
/usr/bin/ld: CMakeFiles/point_cloud_plantpot_ppf_detector.dir/src/point_cloud_plantpot_ppf_detector.cpp.o:(.data.rel.ro._ZTVN3pcl13PPFEstimationINS_8PointXYZES1_NS_12PPFSignatureEEE[_ZTVN3pcl13PPFEstimationINS_8PointXYZES1_NS_12PPFSignatureEEE]+0x58): undefined reference to `pcl::PPFEstimation<pcl::PointXYZ, pcl::PointXYZ, pcl::PPFSignature>::computeFeature(pcl::PointCloud<pcl::PPFSignature>&)'
collect2: error: ld returned 1 exit status
gmake[2]: *** [CMakeFiles/point_cloud_plantpot_ppf_detector.dir/build.make:297: point_cloud_plantpot_ppf_detector] Error 1
gmake[1]: *** [CMakeFiles/Makefile2:221: CMakeFiles/point_cloud_plantpot_ppf_detector.dir/all] Error 2
gmake: *** [Makefile:146: all] Error 2
