[0.000000] (-) TimerEvent: {}
[0.000161] (-) JobUnselected: {'identifier': 'chomp_motion_planner'}
[0.000183] (-) JobUnselected: {'identifier': 'dual_arm_panda_moveit_config'}
[0.000199] (-) JobUnselected: {'identifier': 'edit_planning_scene'}
[0.000213] (-) JobUnselected: {'identifier': 'kinova_gen3_6dof_robotiq_2f_85_moveit_config'}
[0.000227] (-) JobUnselected: {'identifier': 'kinova_gen3_7dof_robotiq_2f_85_moveit_config'}
[0.000241] (-) JobUnselected: {'identifier': 'kinova_gen3_lite_moveit_config'}
[0.000254] (-) JobUnselected: {'identifier': 'kortex_api'}
[0.000268] (-) JobUnselected: {'identifier': 'kortex_bringup'}
[0.000281] (-) JobUnselected: {'identifier': 'kortex_description'}
[0.000294] (-) JobUnselected: {'identifier': 'kortex_driver'}
[0.000307] (-) JobUnselected: {'identifier': 'moveit'}
[0.000319] (-) JobUnselected: {'identifier': 'moveit2_tutorials'}
[0.000332] (-) JobUnselected: {'identifier': 'moveit_common'}
[0.000345] (-) JobUnselected: {'identifier': 'moveit_configs_utils'}
[0.000358] (-) JobUnselected: {'identifier': 'moveit_core'}
[0.000370] (-) JobUnselected: {'identifier': 'moveit_hybrid_planning'}
[0.000383] (-) JobUnselected: {'identifier': 'moveit_kinematics'}
[0.000396] (-) JobUnselected: {'identifier': 'moveit_msgs'}
[0.000408] (-) JobUnselected: {'identifier': 'moveit_planners'}
[0.000422] (-) JobUnselected: {'identifier': 'moveit_planners_chomp'}
[0.000434] (-) JobUnselected: {'identifier': 'moveit_planners_ompl'}
[0.000447] (-) JobUnselected: {'identifier': 'moveit_planners_stomp'}
[0.000459] (-) JobUnselected: {'identifier': 'moveit_plugins'}
[0.000472] (-) JobUnselected: {'identifier': 'moveit_py'}
[0.000485] (-) JobUnselected: {'identifier': 'moveit_resources'}
[0.000497] (-) JobUnselected: {'identifier': 'moveit_resources_fanuc_description'}
[0.000510] (-) JobUnselected: {'identifier': 'moveit_resources_fanuc_moveit_config'}
[0.000523] (-) JobUnselected: {'identifier': 'moveit_resources_panda_description'}
[0.000536] (-) JobUnselected: {'identifier': 'moveit_resources_panda_moveit_config'}
[0.000548] (-) JobUnselected: {'identifier': 'moveit_resources_pr2_description'}
[0.000561] (-) JobUnselected: {'identifier': 'moveit_resources_prbt_ikfast_manipulator_plugin'}
[0.000574] (-) JobUnselected: {'identifier': 'moveit_resources_prbt_moveit_config'}
[0.000587] (-) JobUnselected: {'identifier': 'moveit_resources_prbt_pg70_support'}
[0.000623] (-) JobUnselected: {'identifier': 'moveit_resources_prbt_support'}
[0.000633] (-) JobUnselected: {'identifier': 'moveit_ros'}
[0.000640] (-) JobUnselected: {'identifier': 'moveit_ros_benchmarks'}
[0.000645] (-) JobUnselected: {'identifier': 'moveit_ros_control_interface'}
[0.000651] (-) JobUnselected: {'identifier': 'moveit_ros_move_group'}
[0.000656] (-) JobUnselected: {'identifier': 'moveit_ros_occupancy_map_monitor'}
[0.000661] (-) JobUnselected: {'identifier': 'moveit_ros_perception'}
[0.000666] (-) JobUnselected: {'identifier': 'moveit_ros_planning'}
[0.000672] (-) JobUnselected: {'identifier': 'moveit_ros_planning_interface'}
[0.000677] (-) JobUnselected: {'identifier': 'moveit_ros_robot_interaction'}
[0.000682] (-) JobUnselected: {'identifier': 'moveit_ros_tests'}
[0.000687] (-) JobUnselected: {'identifier': 'moveit_ros_trajectory_cache'}
[0.000692] (-) JobUnselected: {'identifier': 'moveit_ros_visualization'}
[0.000697] (-) JobUnselected: {'identifier': 'moveit_ros_warehouse'}
[0.000702] (-) JobUnselected: {'identifier': 'moveit_runtime'}
[0.000708] (-) JobUnselected: {'identifier': 'moveit_servo'}
[0.000713] (-) JobUnselected: {'identifier': 'moveit_setup_app_plugins'}
[0.000719] (-) JobUnselected: {'identifier': 'moveit_setup_assistant'}
[0.000724] (-) JobUnselected: {'identifier': 'moveit_setup_controllers'}
[0.000729] (-) JobUnselected: {'identifier': 'moveit_setup_core_plugins'}
[0.000734] (-) JobUnselected: {'identifier': 'moveit_setup_framework'}
[0.000740] (-) JobUnselected: {'identifier': 'moveit_setup_srdf_plugins'}
[0.000745] (-) JobUnselected: {'identifier': 'moveit_simple_controller_manager'}
[0.000750] (-) JobUnselected: {'identifier': 'moveit_task_constructor_capabilities'}
[0.000764] (-) JobUnselected: {'identifier': 'moveit_task_constructor_core'}
[0.000769] (-) JobUnselected: {'identifier': 'moveit_task_constructor_demo'}
[0.000774] (-) JobUnselected: {'identifier': 'moveit_task_constructor_msgs'}
[0.000779] (-) JobUnselected: {'identifier': 'moveit_task_constructor_visualization'}
[0.000785] (-) JobUnselected: {'identifier': 'moveit_visual_tools'}
[0.000790] (-) JobUnselected: {'identifier': 'object_creation'}
[0.000795] (-) JobUnselected: {'identifier': 'object_detection'}
[0.000801] (-) JobUnselected: {'identifier': 'object_detection_pcl'}
[0.000806] (-) JobUnselected: {'identifier': 'pick_ik'}
[0.000811] (-) JobUnselected: {'identifier': 'picknik_accessories'}
[0.000816] (-) JobUnselected: {'identifier': 'pilz_industrial_motion_planner'}
[0.000822] (-) JobUnselected: {'identifier': 'pilz_industrial_motion_planner_testutils'}
[0.000827] (-) JobUnselected: {'identifier': 'point_cloud_circle_detector'}
[0.000832] (-) JobUnselected: {'identifier': 'ppf_test_pkg'}
[0.000838] (-) JobUnselected: {'identifier': 'robotiq_controllers'}
[0.000843] (-) JobUnselected: {'identifier': 'robotiq_description'}
[0.000848] (-) JobUnselected: {'identifier': 'robotiq_driver'}
[0.000853] (-) JobUnselected: {'identifier': 'robotiq_hardware_tests'}
[0.000858] (-) JobUnselected: {'identifier': 'rviz_marker_tools'}
[0.000864] (-) JobUnselected: {'identifier': 'rviz_visual_tools'}
[0.000872] (-) JobUnselected: {'identifier': 'serial'}
[0.000878] (-) JobUnselected: {'identifier': 'ur3_camera_moveit_config'}
[0.000883] (-) JobUnselected: {'identifier': 'ur3_description_controller'}
[0.000888] (-) JobUnselected: {'identifier': 'ur5_camera_moveit_config'}
[0.000893] (-) JobUnselected: {'identifier': 'ur5_camera_moveit_config2'}
[0.000898] (-) JobUnselected: {'identifier': 'ur5_description_controller'}
[0.000904] (-) JobUnselected: {'identifier': 'ur5_moveit_test'}
[0.000909] (-) EventReactorShutdown: {}
