[0.151s] Invoking command in '/home/buhrmann/ws_moveit/build/object_detection_pcl': CMAKE_PREFIX_PATH=${CMAKE_PREFIX_PATH}:/home/buhrmann/ws_moveit/install/moveit_configs_utils:/opt/ros/iron /usr/bin/cmake /home/buhrmann/ws_moveit/src/object_detection_pcl -DAMENT_CMAKE_SYMLINK_INSTALL=1 -DCMAKE_INSTALL_PREFIX=/home/buhrmann/ws_moveit/install/object_detection_pcl
[0.162s] -- Found ament_cmake: 2.0.7 (/opt/ros/iron/share/ament_cmake/cmake)
[0.248s] -- Override CMake install command with custom implementation using symlinks instead of copying resources
[0.254s] -- Found rclpy: 4.1.7 (/opt/ros/iron/share/rclpy/cmake)
[0.254s] -- Found sensor_msgs: 5.0.1 (/opt/ros/iron/share/sensor_msgs/cmake)
[0.276s] -- Found rosidl_generator_c: 4.0.1 (/opt/ros/iron/share/rosidl_generator_c/cmake)
[0.283s] -- Found rosidl_generator_cpp: 4.0.1 (/opt/ros/iron/share/rosidl_generator_cpp/cmake)
[0.297s] -- Using all available rosidl_typesupport_c: rosidl_typesupport_fastrtps_c;rosidl_typesupport_introspection_c
[0.312s] -- Using all available rosidl_typesupport_cpp: rosidl_typesupport_fastrtps_cpp;rosidl_typesupport_introspection_cpp
[0.483s] -- Found visualization_msgs: 5.0.1 (/opt/ros/iron/share/visualization_msgs/cmake)
[0.574s] -- Found cv_bridge: 3.5.0 (/opt/ros/iron/share/cv_bridge/cmake)
[0.665s] -- Found rmw_implementation_cmake: 7.1.0 (/opt/ros/iron/share/rmw_implementation_cmake/cmake)
[0.670s] -- Found rmw_fastrtps_cpp: 7.1.4 (/opt/ros/iron/share/rmw_fastrtps_cpp/cmake)
[0.769s] -- Using RMW implementation 'rmw_fastrtps_cpp' as default
[0.921s] -- Found pcl_conversions: 2.5.4 (/opt/ros/iron/share/pcl_conversions/cmake)
[1.079s] -- Eigen found (include: /usr/include/eigen3, version: 3.4.0)
[1.099s] -- FLANN found (include: /usr/include, lib: /usr/lib/x86_64-linux-gnu/libflann_cpp.so)
[1.325s] -- OpenNI found (version: 1.5.4.0, include: /usr/include/ni, lib: /usr/lib/libOpenNI.so;libusb::libusb)
[1.330s] -- OpenNI2 found (version: 2.2.0.33, include: /usr/include/openni2, lib: /usr/lib/x86_64-linux-gnu/libOpenNI2.so;libusb::libusb)
[1.430s] -- Eigen found (include: /usr/include/eigen3, version: 3.4.0)
[1.436s] -- OpenNI found (version: 1.5.4.0, include: /usr/include/ni, lib: /usr/lib/libOpenNI.so;libusb::libusb)
[1.440s] -- OpenNI2 found (version: 2.2.0.33, include: /usr/include/openni2, lib: /usr/lib/x86_64-linux-gnu/libOpenNI2.so;libusb::libusb)
[1.568s] -- Found Qhull version 8.0.2
[1.668s] -- OpenNI found (version: 1.5.4.0, include: /usr/include/ni, lib: /usr/lib/libOpenNI.so;libusb::libusb)
[1.789s] -- Found ament_lint_auto: 0.14.4 (/opt/ros/iron/share/ament_lint_auto/cmake)
[1.843s] -- Configuring done
[1.850s] -- Generating done
[1.853s] -- Build files have been written to: /home/buhrmann/ws_moveit/build/object_detection_pcl
[1.869s] Invoked command in '/home/buhrmann/ws_moveit/build/object_detection_pcl' returned '0': CMAKE_PREFIX_PATH=${CMAKE_PREFIX_PATH}:/home/buhrmann/ws_moveit/install/moveit_configs_utils:/opt/ros/iron /usr/bin/cmake /home/buhrmann/ws_moveit/src/object_detection_pcl -DAMENT_CMAKE_SYMLINK_INSTALL=1 -DCMAKE_INSTALL_PREFIX=/home/buhrmann/ws_moveit/install/object_detection_pcl
[1.870s] Invoking command in '/home/buhrmann/ws_moveit/build/object_detection_pcl': CMAKE_PREFIX_PATH=${CMAKE_PREFIX_PATH}:/home/buhrmann/ws_moveit/install/moveit_configs_utils:/opt/ros/iron /usr/bin/cmake --build /home/buhrmann/ws_moveit/build/object_detection_pcl -- -j28 -l28
[1.902s] Invoked command in '/home/buhrmann/ws_moveit/build/object_detection_pcl' returned '0': CMAKE_PREFIX_PATH=${CMAKE_PREFIX_PATH}:/home/buhrmann/ws_moveit/install/moveit_configs_utils:/opt/ros/iron /usr/bin/cmake --build /home/buhrmann/ws_moveit/build/object_detection_pcl -- -j28 -l28
[1.904s] Invoking command in '/home/buhrmann/ws_moveit/build/object_detection_pcl': CMAKE_PREFIX_PATH=${CMAKE_PREFIX_PATH}:/home/buhrmann/ws_moveit/install/moveit_configs_utils:/opt/ros/iron /usr/bin/cmake --install /home/buhrmann/ws_moveit/build/object_detection_pcl
[1.910s] -- Install configuration: ""
[1.910s] -- Execute custom install script
[1.910s] -- Symlinking: /home/buhrmann/ws_moveit/install/object_detection_pcl/lib/object_detection_pcl/object_detection_pcl.py
[1.919s] -- Symlinking: /home/buhrmann/ws_moveit/install/object_detection_pcl/share/ament_index/resource_index/package_run_dependencies/object_detection_pcl
[1.927s] -- Symlinking: /home/buhrmann/ws_moveit/install/object_detection_pcl/share/ament_index/resource_index/parent_prefix_path/object_detection_pcl
[1.933s] -- Symlinking: /home/buhrmann/ws_moveit/install/object_detection_pcl/share/object_detection_pcl/environment/ament_prefix_path.sh
[1.943s] -- Symlinking: /home/buhrmann/ws_moveit/install/object_detection_pcl/share/object_detection_pcl/environment/ament_prefix_path.dsv
[1.952s] -- Symlinking: /home/buhrmann/ws_moveit/install/object_detection_pcl/share/object_detection_pcl/environment/path.sh
[1.960s] -- Symlinking: /home/buhrmann/ws_moveit/install/object_detection_pcl/share/object_detection_pcl/environment/path.dsv
[1.967s] -- Symlinking: /home/buhrmann/ws_moveit/install/object_detection_pcl/share/object_detection_pcl/local_setup.bash
[1.973s] -- Symlinking: /home/buhrmann/ws_moveit/install/object_detection_pcl/share/object_detection_pcl/local_setup.sh
[1.979s] -- Symlinking: /home/buhrmann/ws_moveit/install/object_detection_pcl/share/object_detection_pcl/local_setup.zsh
[1.988s] -- Symlinking: /home/buhrmann/ws_moveit/install/object_detection_pcl/share/object_detection_pcl/local_setup.dsv
[1.993s] -- Symlinking: /home/buhrmann/ws_moveit/install/object_detection_pcl/share/object_detection_pcl/package.dsv
[2.000s] -- Symlinking: /home/buhrmann/ws_moveit/install/object_detection_pcl/share/ament_index/resource_index/packages/object_detection_pcl
[2.007s] -- Symlinking: /home/buhrmann/ws_moveit/install/object_detection_pcl/share/object_detection_pcl/cmake/object_detection_pclConfig.cmake
[2.014s] -- Symlinking: /home/buhrmann/ws_moveit/install/object_detection_pcl/share/object_detection_pcl/cmake/object_detection_pclConfig-version.cmake
[2.021s] -- Symlinking: /home/buhrmann/ws_moveit/install/object_detection_pcl/share/object_detection_pcl/package.xml
[2.030s] Invoked command in '/home/buhrmann/ws_moveit/build/object_detection_pcl' returned '0': CMAKE_PREFIX_PATH=${CMAKE_PREFIX_PATH}:/home/buhrmann/ws_moveit/install/moveit_configs_utils:/opt/ros/iron /usr/bin/cmake --install /home/buhrmann/ws_moveit/build/object_detection_pcl
