[0.408s] Invoking command in '/home/buhrmann/ws_moveit/build/serial': CMAKE_PREFIX_PATH=${CMAKE_PREFIX_PATH}:/home/buhrmann/ws_moveit/install/ros2_azure_bridge:/home/buhrmann/ws_moveit/install/moveit_configs_utils:/opt/ros/iron /usr/bin/cmake --build /home/buhrmann/ws_moveit/build/serial -- -j28 -l28
[0.519s] [100%] Built target serial
[0.987s] Invoked command in '/home/buhrmann/ws_moveit/build/serial' returned '0': CMAKE_PREFIX_PATH=${CMAKE_PREFIX_PATH}:/home/buhrmann/ws_moveit/install/ros2_azure_bridge:/home/buhrmann/ws_moveit/install/moveit_configs_utils:/opt/ros/iron /usr/bin/cmake --build /home/buhrmann/ws_moveit/build/serial -- -j28 -l28
[0.988s] Invoking command in '/home/buhrmann/ws_moveit/build/serial': CMAKE_PREFIX_PATH=${CMAKE_PREFIX_PATH}:/home/buhrmann/ws_moveit/install/ros2_azure_bridge:/home/buhrmann/ws_moveit/install/moveit_configs_utils:/opt/ros/iron /usr/bin/cmake --install /home/buhrmann/ws_moveit/build/serial
[1.029s] -- Install configuration: ""
[1.030s] -- Up-to-date: /home/buhrmann/ws_moveit/install/serial/lib/libserial.a
[1.030s] -- Up-to-date: /home/buhrmann/ws_moveit/install/serial/include
[1.030s] -- Up-to-date: /home/buhrmann/ws_moveit/install/serial/include/serial
[1.030s] -- Up-to-date: /home/buhrmann/ws_moveit/install/serial/include/serial/serial.h
[1.030s] -- Up-to-date: /home/buhrmann/ws_moveit/install/serial/include/serial/v8stdint.h
[1.030s] -- Up-to-date: /home/buhrmann/ws_moveit/install/serial/include/serial/impl
[1.030s] -- Up-to-date: /home/buhrmann/ws_moveit/install/serial/include/serial/impl/win.h
[1.030s] -- Up-to-date: /home/buhrmann/ws_moveit/install/serial/include/serial/impl/unix.h
[1.030s] -- Up-to-date: /home/buhrmann/ws_moveit/install/serial/share/serial/environment/library_path.sh
[1.031s] -- Up-to-date: /home/buhrmann/ws_moveit/install/serial/share/serial/environment/library_path.dsv
[1.031s] -- Up-to-date: /home/buhrmann/ws_moveit/install/serial/share/ament_index/resource_index/package_run_dependencies/serial
[1.031s] -- Up-to-date: /home/buhrmann/ws_moveit/install/serial/share/ament_index/resource_index/parent_prefix_path/serial
[1.031s] -- Up-to-date: /home/buhrmann/ws_moveit/install/serial/share/serial/environment/ament_prefix_path.sh
[1.031s] -- Up-to-date: /home/buhrmann/ws_moveit/install/serial/share/serial/environment/ament_prefix_path.dsv
[1.032s] -- Up-to-date: /home/buhrmann/ws_moveit/install/serial/share/serial/environment/path.sh
[1.032s] -- Up-to-date: /home/buhrmann/ws_moveit/install/serial/share/serial/environment/path.dsv
[1.032s] -- Up-to-date: /home/buhrmann/ws_moveit/install/serial/share/serial/local_setup.bash
[1.032s] -- Up-to-date: /home/buhrmann/ws_moveit/install/serial/share/serial/local_setup.sh
[1.032s] -- Up-to-date: /home/buhrmann/ws_moveit/install/serial/share/serial/local_setup.zsh
[1.032s] -- Up-to-date: /home/buhrmann/ws_moveit/install/serial/share/serial/local_setup.dsv
[1.032s] -- Installing: /home/buhrmann/ws_moveit/install/serial/share/serial/package.dsv
[1.032s] -- Up-to-date: /home/buhrmann/ws_moveit/install/serial/share/ament_index/resource_index/packages/serial
[1.032s] -- Up-to-date: /home/buhrmann/ws_moveit/install/serial/share/serial/cmake/export_serialExport.cmake
[1.033s] -- Up-to-date: /home/buhrmann/ws_moveit/install/serial/share/serial/cmake/export_serialExport-noconfig.cmake
[1.033s] -- Up-to-date: /home/buhrmann/ws_moveit/install/serial/share/serial/cmake/ament_cmake_export_include_directories-extras.cmake
[1.033s] -- Up-to-date: /home/buhrmann/ws_moveit/install/serial/share/serial/cmake/ament_cmake_export_libraries-extras.cmake
[1.033s] -- Up-to-date: /home/buhrmann/ws_moveit/install/serial/share/serial/cmake/ament_cmake_export_targets-extras.cmake
[1.033s] -- Up-to-date: /home/buhrmann/ws_moveit/install/serial/share/serial/cmake/serialConfig.cmake
[1.033s] -- Up-to-date: /home/buhrmann/ws_moveit/install/serial/share/serial/cmake/serialConfig-version.cmake
[1.033s] -- Up-to-date: /home/buhrmann/ws_moveit/install/serial/share/serial/package.xml
[1.212s] Invoked command in '/home/buhrmann/ws_moveit/build/serial' returned '0': CMAKE_PREFIX_PATH=${CMAKE_PREFIX_PATH}:/home/buhrmann/ws_moveit/install/ros2_azure_bridge:/home/buhrmann/ws_moveit/install/moveit_configs_utils:/opt/ros/iron /usr/bin/cmake --install /home/buhrmann/ws_moveit/build/serial
