[  2%] Built target gtest
[  5%] Built target gmock_main
[  8%] Built target gmock
[ 11%] Built target gtest_main
[ 12%] Built target cartesian_limits_parameters
[ 18%] Built target joint_limits_common
[ 21%] Built target planning_context_loader_base
[ 26%] Built target trajectory_generation_common
[ 28%] Built target unittest_joint_limits_container
[ 33%] Built target unittest_joint_limit
[ 33%] Built target unittest_joint_limits_validator
[ 36%] Built target unittest_joint_limits_aggregator
[ 38%] Built target pilz_industrial_motion_planner
[ 48%] Built target planning_context_loader_lin
[ 48%] Built target planning_context_loader_circ
[ 51%] Built target pilz_industrial_motion_planner_test_utils
[ 56%] Built target planning_context_loader_ptp
[ 60%] Built target command_list_manager
[ 63%] Built target unittest_velocity_profile_atrap
[ 66%] Built target unittest_get_solver_tip_frame
[ 68%] Built target unittest_trajectory_functions
[ 71%] Built target unittest_pilz_industrial_motion_planner
[ 73%] Built target unittest_trajectory_generator_circ
[ 76%] Built target unittest_pilz_industrial_motion_planner_direct
[ 78%] Built target unittest_trajectory_generator_lin
[ 82%] Built target unittest_trajectory_generator
[ 86%] Built target unittest_trajectory_blender_transition_window
[ 88%] Built target unittest_trajectory_generator_common
[ 91%] Built target unittest_planning_context_loaders
[ 93%] Built target unittest_trajectory_generator_ptp
[ 96%] Built target unittest_planning_context
[100%] Built target sequence_capability
