[0.009s] Invoking command in '/home/buhrmann/ws_moveit/build/point_cloud_circle_detector': CMAKE_PREFIX_PATH=${CMAKE_PREFIX_PATH}:/home/buhrmann/ws_moveit/install/moveit_configs_utils:/opt/ros/iron /usr/bin/cmake --build /home/buhrmann/ws_moveit/build/point_cloud_circle_detector -- -j28 -l28
[0.036s] -- Found ament_cmake: 2.0.7 (/opt/ros/iron/share/ament_cmake/cmake)
[0.145s] [31mCMake Error at CMakeLists.txt:21 (find_package):
[0.145s]   By not providing "Findfeatures.cmake" in CMAKE_MODULE_PATH this project has
[0.145s]   asked CMake to find a package configuration file provided by "features",
[0.146s]   but CMake did not find one.
[0.146s] 
[0.146s]   Could not find a package configuration file provided by "features" with any
[0.146s]   of the following names:
[0.146s] 
[0.146s]     featuresConfig.cmake
[0.146s]     features-config.cmake
[0.146s] 
[0.146s]   Add the installation prefix of "features" to CMAKE_PREFIX_PATH or set
[0.146s]   "features_DIR" to a directory containing one of the above files.  If
[0.146s]   "features" provides a separate development package or SDK, be sure it has
[0.146s]   been installed.
[0.146s] 
[0.146s] [0m
[0.146s] -- Configuring incomplete, errors occurred!
[0.146s] See also "/home/buhrmann/ws_moveit/build/point_cloud_circle_detector/CMakeFiles/CMakeOutput.log".
[0.147s] gmake: *** [Makefile:390: cmake_check_build_system] Error 1
[0.148s] Invoked command in '/home/buhrmann/ws_moveit/build/point_cloud_circle_detector' returned '2': CMAKE_PREFIX_PATH=${CMAKE_PREFIX_PATH}:/home/buhrmann/ws_moveit/install/moveit_configs_utils:/opt/ros/iron /usr/bin/cmake --build /home/buhrmann/ws_moveit/build/point_cloud_circle_detector -- -j28 -l28
