[0.008s] Invoking command in '/home/buhrmann/ws_moveit/build/point_cloud_circle_detector': CMAKE_PREFIX_PATH=${CMAKE_PREFIX_PATH}:/home/buhrmann/ws_moveit/install/moveit_configs_utils:/opt/ros/iron /usr/bin/cmake --build /home/buhrmann/ws_moveit/build/point_cloud_circle_detector -- -j28 -l28
[0.047s] [35m[1mConsolidate compiler generated dependencies of target point_cloud_plantpot_edge_pfh_detector[0m
[0.058s] [ 16%] Built target point_cloud_plantpot_ppf_detector
[0.059s] [ 50%] Built target point_cloud_cylinder_detector
[0.059s] [ 50%] Built target point_cloud_circle_detector
[0.060s] [ 66%] Built target point_cloud_plantpot_pfh_detector
[0.060s] [ 83%] Built target point_cloud_plantpot_detector
[0.060s] [ 91%] [32mBuilding CXX object CMakeFiles/point_cloud_plantpot_edge_pfh_detector.dir/src/point_cloud_plantpot_edge_pfh_detector.cpp.o[0m
[2.029s] [01m[K/home/buhrmann/ws_moveit/src/point_cloud_circle_detector/src/point_cloud_plantpot_edge_pfh_detector.cpp:[m[K In function ‘[01m[Kint main()[m[K’:
[2.029s] [01m[K/home/buhrmann/ws_moveit/src/point_cloud_circle_detector/src/point_cloud_plantpot_edge_pfh_detector.cpp:29:27:[m[K [01;31m[Kerror: [m[Kcannot convert ‘[01m[Kpcl::PointCloud<pcl::Label>[m[K’ to ‘[01m[Kpcl::PointCloud<pcl::PointCloud<pcl::Label> >&[m[K’
[2.029s]    29 |     edge_detector.compute([01;31m[Kegdes[m[K, label_indices);
[2.029s]       |                           [01;31m[K^~~~~[m[K
[2.029s]       |                           [01;31m[K|[m[K
[2.029s]       |                           [01;31m[Kpcl::PointCloud<pcl::Label>[m[K
[2.029s] In file included from [01m[K/usr/local/include/pcl-1.14/pcl/features/organized_edge_detection.h:416[m[K,
[2.029s]                  from [01m[K/home/buhrmann/ws_moveit/src/point_cloud_circle_detector/src/point_cloud_plantpot_edge_pfh_detector.cpp:5[m[K:
[2.029s] [01m[K/usr/local/include/pcl-1.14/pcl/features/impl/organized_edge_detection.hpp:52:77:[m[K [01;36m[Knote: [m[K  initializing argument 1 of ‘[01m[Kvoid pcl::OrganizedEdgeBase<PointT, PointLT>::compute(pcl::PointCloud<PointOutT>&, std::vector<pcl::PointIndices>&) const [with PointT = pcl::PointXYZ; PointLT = pcl::PointCloud<pcl::Label>][m[K’
[2.030s]    52 | pcl::OrganizedEdgeBase<PointT, PointLT>::compute ([01;36m[Kpcl::PointCloud<PointLT>& labels[m[K, std::vector<pcl::PointIndices>& label_indices) const
[2.030s]       |                                                   [01;36m[K~~~~~~~~~~~~~~~~~~~~~~~~~~^~~~~~[m[K
[2.365s] gmake[2]: *** [CMakeFiles/point_cloud_plantpot_edge_pfh_detector.dir/build.make:76: CMakeFiles/point_cloud_plantpot_edge_pfh_detector.dir/src/point_cloud_plantpot_edge_pfh_detector.cpp.o] Error 1
[2.365s] gmake[1]: *** [CMakeFiles/Makefile2:277: CMakeFiles/point_cloud_plantpot_edge_pfh_detector.dir/all] Error 2
[2.365s] gmake: *** [Makefile:146: all] Error 2
[2.367s] Invoked command in '/home/buhrmann/ws_moveit/build/point_cloud_circle_detector' returned '2': CMAKE_PREFIX_PATH=${CMAKE_PREFIX_PATH}:/home/buhrmann/ws_moveit/install/moveit_configs_utils:/opt/ros/iron /usr/bin/cmake --build /home/buhrmann/ws_moveit/build/point_cloud_circle_detector -- -j28 -l28
