[35m[1mConsolidate compiler generated dependencies of target cup_pointcloud_segmentation_color[0m
[  8%] Built target image_based_hsv_color_filter
[ 16%] Built target point_cloud_plantpot_detector
[ 25%] Built target hsv_color_filter
[ 33%] Built target point_cloud_plantpot_pfh_detector
[ 41%] Built target point_cloud_plantpot_rgb_edge_pfh_detector
[ 50%] Built target point_cloud_plantpot_edge_pfh_detector
[ 58%] Built target rgb_edge_filter
[ 66%] Built target point_cloud_cylinder_detector
[ 75%] Built target point_cloud_plantpot_ppf_detector
[ 83%] Built target point_cloud_circle_detector
[ 91%] Built target cup_segmentation_color
[ 95%] [32mBuilding CXX object CMakeFiles/cup_pointcloud_segmentation_color.dir/src/cup_pointcloud_segmentation_and_coloring.cpp.o[0m
[01m[K/home/buhrmann/ws_moveit/src/point_cloud_circle_detector/src/cup_pointcloud_segmentation_and_coloring.cpp:[m[K In member function ‘[01m[Kvoid PointCloudGenerator::pointCloudCallback(std_msgs::msg::Float32MultiArray_<std::allocator<void> >::SharedPtr)[m[K’:
[01m[K/home/buhrmann/ws_moveit/src/point_cloud_circle_detector/src/cup_pointcloud_segmentation_and_coloring.cpp:114:9:[m[K [01;31m[Kerror: [m[Kexpected initializer before ‘[01m[Kif[m[K’
  114 |         [01;31m[Kif[m[K (rotate_by_180) {
      |         [01;31m[K^~[m[K
[01m[K/home/buhrmann/ws_moveit/src/point_cloud_circle_detector/src/cup_pointcloud_segmentation_and_coloring.cpp:123:22:[m[K [01;31m[Kerror: [m[K‘[01m[Krgb_image[m[K’ was not declared in this scope
  123 |         cv::cvtColor([01;31m[Krgb_image[m[K, hsv_image, cv::COLOR_RGB2HSV);
      |                      [01;31m[K^~~~~~~~~[m[K
[01m[K/home/buhrmann/ws_moveit/src/point_cloud_circle_detector/src/cup_pointcloud_segmentation_and_coloring.cpp:123:33:[m[K [01;31m[Kerror: [m[K‘[01m[Khsv_image[m[K’ was not declared in this scope
  123 |         cv::cvtColor(rgb_image, [01;31m[Khsv_image[m[K, cv::COLOR_RGB2HSV);
      |                                 [01;31m[K^~~~~~~~~[m[K
[01m[K/home/buhrmann/ws_moveit/src/point_cloud_circle_detector/src/cup_pointcloud_segmentation_and_coloring.cpp:127:21:[m[K [01;31m[Kerror: [m[K‘[01m[Khsv[m[K’ was not declared in this scope
  127 |         cv::inRange([01;31m[Khsv[m[K, cv::Scalar(0, 70, 50), cv::Scalar(10, 255, 255), mask1);
      |                     [01;31m[K^~~[m[K
gmake[2]: *** [CMakeFiles/cup_pointcloud_segmentation_color.dir/build.make:76: CMakeFiles/cup_pointcloud_segmentation_color.dir/src/cup_pointcloud_segmentation_and_coloring.cpp.o] Error 1
gmake[1]: *** [CMakeFiles/Makefile2:393: CMakeFiles/cup_pointcloud_segmentation_color.dir/all] Error 2
gmake: *** [Makefile:146: all] Error 2
