[0.009s] Invoking command in '/home/buhrmann/ws_moveit/build/point_cloud_circle_detector': CMAKE_PREFIX_PATH=${CMAKE_PREFIX_PATH}:/home/buhrmann/ws_moveit/install/moveit_configs_utils:/opt/ros/iron /usr/bin/cmake --build /home/buhrmann/ws_moveit/build/point_cloud_circle_detector -- -j28 -l28
[0.055s] [35m[1mConsolidate compiler generated dependencies of target point_cloud_plantpot_pfh_detector[0m
[0.070s] [ 20%] Built target point_cloud_cylinder_detector
[0.073s] [ 40%] Built target point_cloud_circle_detector
[0.074s] [ 60%] Built target point_cloud_plantpot_detector
[0.074s] [ 80%] Built target point_cloud_plantpot_ppf_detector
[0.074s] [ 90%] [32mBuilding CXX object CMakeFiles/point_cloud_plantpot_pfh_detector.dir/src/point_cloud_plantpot_pfh_detector.cpp.o[0m
[3.250s] [01m[K/home/buhrmann/ws_moveit/src/point_cloud_circle_detector/src/point_cloud_plantpot_pfh_detector.cpp:[m[K In member function ‘[01m[Kvoid PointCloudCustomObjectMatcher::overrideOrientation(pcl::PointCloud<pcl::PointXYZ>::Ptr&)[m[K’:
[3.250s] [01m[K/home/buhrmann/ws_moveit/src/point_cloud_circle_detector/src/point_cloud_plantpot_pfh_detector.cpp:277:80:[m[K [01;31m[Kerror: [m[K‘[01m[Kusing Array3fMap = class Eigen::Map<Eigen::Array<float, 3, 1> >[m[K’ {aka ‘[01m[Kclass Eigen::Map<Eigen::Array<float, 3, 1> >[m[K’} has no member named ‘[01m[Knormalized[m[K’
[3.250s]   277 |             Eigen::Vector3f cloud_direction = cloud->points[0].getArray3fMap().[01;31m[Knormalized[m[K();  // Use first point as reference
[3.250s]       |                                                                                [01;31m[K^~~~~~~~~~[m[K
[4.343s] In file included from [01m[K/usr/include/eigen3/Eigen/Core:164[m[K,
[4.343s]                  from [01m[K/usr/include/pcl-1.12/pcl/memory.h:48[m[K,
[4.344s]                  from [01m[K/usr/include/pcl-1.12/pcl/pcl_base.h:46[m[K,
[4.344s]                  from [01m[K/usr/include/pcl-1.12/pcl/filters/filter.h:42[m[K,
[4.344s]                  from [01m[K/usr/include/pcl-1.12/pcl/filters/filter_indices.h:42[m[K,
[4.344s]                  from [01m[K/usr/include/pcl-1.12/pcl/filters/extract_indices.h:42[m[K,
[4.344s]                  from [01m[K/home/buhrmann/ws_moveit/src/point_cloud_circle_detector/src/point_cloud_plantpot_pfh_detector.cpp:2[m[K:
[4.344s] /usr/include/eigen3/Eigen/src/Core/AssignEvaluator.h: In instantiation of ‘[01m[Kvoid Eigen::internal::call_assignment_no_alias(Dst&, const Src&, const Func&) [with Dst = Eigen::Matrix<float, 4, 4>; Src = Eigen::Matrix<float, 3, 3>; Func = Eigen::internal::assign_op<float, float>][m[K’:
[4.344s] [01m[K/usr/include/eigen3/Eigen/src/Core/PlainObjectBase.h:797:41:[m[K   required from ‘[01m[KDerived& Eigen::PlainObjectBase<Derived>::_set_noalias(const Eigen::DenseBase<OtherDerived>&) [with OtherDerived = Eigen::Matrix<float, 3, 3>; Derived = Eigen::Matrix<float, 4, 4>][m[K’
[4.344s] [01m[K/usr/include/eigen3/Eigen/src/Core/PlainObjectBase.h:594:19:[m[K   required from ‘[01m[KEigen::PlainObjectBase<Derived>::PlainObjectBase(const Eigen::DenseBase<OtherDerived>&) [with OtherDerived = Eigen::Matrix<float, 3, 3>; Derived = Eigen::Matrix<float, 4, 4>][m[K’
[4.344s] [01m[K/usr/include/eigen3/Eigen/src/Core/Matrix.h:423:29:[m[K   required from ‘[01m[KEigen::Matrix<_Scalar, _Rows, _Cols, _Options, _MaxRows, _MaxCols>::Matrix(const Eigen::EigenBase<OtherDerived>&) [with OtherDerived = Eigen::Matrix<float, 3, 3>; _Scalar = float; int _Rows = 4; int _Cols = 4; int _Options = 0; int _MaxRows = 4; int _MaxCols = 4][m[K’
[4.344s] [01m[K/home/buhrmann/ws_moveit/src/point_cloud_circle_detector/src/point_cloud_plantpot_pfh_detector.cpp:288:70:[m[K   required from here
[4.344s] [01m[K/usr/include/eigen3/Eigen/src/Core/AssignEvaluator.h:887:3:[m[K [01;31m[Kerror: [m[Kstatic assertion failed: YOU_MIXED_MATRICES_OF_DIFFERENT_SIZES
[4.344s]   887 |   [01;31m[KEIGEN_STATIC_ASSERT_SAME_MATRIX_SIZE[m[K(ActualDstTypeCleaned,Src)
[4.344s]       |   [01;31m[K^~~~~~~~~~~~~~~~~~~~~~~~~~~~~~~~~~~~[m[K
[4.344s] [01m[K/usr/include/eigen3/Eigen/src/Core/AssignEvaluator.h:887:3:[m[K [01;36m[Knote: [m[K‘[01m[K(((((int)Eigen::internal::size_of_xpr_at_compile_time<Eigen::Matrix<float, 4, 4> >::ret) == 0) && (((int)Eigen::internal::size_of_xpr_at_compile_time<Eigen::Matrix<float, 3, 3> >::ret) == 0)) || ((((((int)Eigen::Matrix<float, 4, 4>::RowsAtCompileTime) == ((int)Eigen::Dynamic)) || (((int)Eigen::Matrix<float, 3, 3>::RowsAtCompileTime) == ((int)Eigen::Dynamic))) || (((int)Eigen::Matrix<float, 4, 4>::RowsAtCompileTime) == ((int)Eigen::Matrix<float, 3, 3>::RowsAtCompileTime))) && (((((int)Eigen::Matrix<float, 4, 4>::ColsAtCompileTime) == ((int)Eigen::Dynamic)) || (((int)Eigen::Matrix<float, 3, 3>::ColsAtCompileTime) == ((int)Eigen::Dynamic))) || (((int)Eigen::Matrix<float, 4, 4>::ColsAtCompileTime) == ((int)Eigen::Matrix<float, 3, 3>::ColsAtCompileTime)))))[m[K’ evaluates to false
[10.116s] gmake[2]: *** [CMakeFiles/point_cloud_plantpot_pfh_detector.dir/build.make:76: CMakeFiles/point_cloud_plantpot_pfh_detector.dir/src/point_cloud_plantpot_pfh_detector.cpp.o] Error 1
[10.116s] gmake[1]: *** [CMakeFiles/Makefile2:249: CMakeFiles/point_cloud_plantpot_pfh_detector.dir/all] Error 2
[10.116s] gmake: *** [Makefile:146: all] Error 2
[10.118s] Invoked command in '/home/buhrmann/ws_moveit/build/point_cloud_circle_detector' returned '2': CMAKE_PREFIX_PATH=${CMAKE_PREFIX_PATH}:/home/buhrmann/ws_moveit/install/moveit_configs_utils:/opt/ros/iron /usr/bin/cmake --build /home/buhrmann/ws_moveit/build/point_cloud_circle_detector -- -j28 -l28
