[0.008s] Invoking command in '/home/buhrmann/ws_moveit/build/point_cloud_circle_detector': CMAKE_PREFIX_PATH=${CMAKE_PREFIX_PATH}:/home/buhrmann/ws_moveit/install/moveit_configs_utils:/opt/ros/iron /usr/bin/cmake --build /home/buhrmann/ws_moveit/build/point_cloud_circle_detector -- -j28 -l28
[0.034s] -- Found ament_cmake: 2.0.7 (/opt/ros/iron/share/ament_cmake/cmake)
[0.143s] -- Eigen found (include: /usr/include/eigen3, version: 3.4.0)
[0.176s] -- FLANN found (include: /usr/include, lib: /usr/lib/x86_64-linux-gnu/libflann_cpp.so)
[0.413s] -- OpenNI found (version: 1.5.4.0, include: /usr/include/ni, lib: /usr/lib/libOpenNI.so;libusb::libusb)
[0.418s] -- OpenNI2 found (version: 2.2.0.33, include: /usr/include/openni2, lib: /usr/lib/x86_64-linux-gnu/libOpenNI2.so;libusb::libusb)
[0.418s] [0m** WARNING ** io features related to pcap will be disabled[0m
[0.523s] -- Eigen found (include: /usr/include/eigen3, version: 3.4.0)
[0.528s] -- OpenNI found (version: 1.5.4.0, include: /usr/include/ni, lib: /usr/lib/libOpenNI.so;libusb::libusb)
[0.533s] -- OpenNI2 found (version: 2.2.0.33, include: /usr/include/openni2, lib: /usr/lib/x86_64-linux-gnu/libOpenNI2.so;libusb::libusb)
[0.633s] -- Found Qhull version 8.0.2
[0.732s] -- OpenNI found (version: 1.5.4.0, include: /usr/include/ni, lib: /usr/lib/libOpenNI.so;libusb::libusb)
[0.828s] -- looking for PCL_COMMON
[0.828s] -- looking for PCL_KDTREE
[0.828s] -- looking for PCL_OCTREE
[0.828s] -- looking for PCL_SEARCH
[0.828s] -- looking for PCL_SAMPLE_CONSENSUS
[0.829s] -- looking for PCL_FILTERS
[0.829s] -- looking for PCL_2D
[0.829s] -- looking for PCL_GEOMETRY
[0.829s] -- looking for PCL_IO
[0.829s] -- looking for PCL_FEATURES
[0.829s] -- looking for PCL_ML
[0.829s] -- looking for PCL_SEGMENTATION
[0.830s] -- looking for PCL_VISUALIZATION
[0.830s] -- looking for PCL_SURFACE
[0.830s] -- looking for PCL_REGISTRATION
[0.830s] -- looking for PCL_KEYPOINTS
[0.830s] -- looking for PCL_TRACKING
[0.831s] -- looking for PCL_RECOGNITION
[0.831s] -- looking for PCL_STEREO
[0.831s] -- looking for PCL_APPS
[0.831s] -- looking for PCL_IN_HAND_SCANNER
[0.832s] -- looking for PCL_MODELER
[0.832s] -- looking for PCL_POINT_CLOUD_EDITOR
[0.832s] -- looking for PCL_OUTOFCORE
[0.832s] -- looking for PCL_PEOPLE
[0.833s] -- Found sensor_msgs: 5.0.1 (/opt/ros/iron/share/sensor_msgs/cmake)
[0.842s] -- Found rosidl_generator_c: 4.0.1 (/opt/ros/iron/share/rosidl_generator_c/cmake)
[0.846s] -- Found rosidl_generator_cpp: 4.0.1 (/opt/ros/iron/share/rosidl_generator_cpp/cmake)
[0.853s] -- Using all available rosidl_typesupport_c: rosidl_typesupport_fastrtps_c;rosidl_typesupport_introspection_c
[0.862s] -- Using all available rosidl_typesupport_cpp: rosidl_typesupport_fastrtps_cpp;rosidl_typesupport_introspection_cpp
[0.958s] -- Found rclcpp: 21.0.8 (/opt/ros/iron/share/rclcpp/cmake)
[1.004s] -- Found rmw_implementation_cmake: 7.1.0 (/opt/ros/iron/share/rmw_implementation_cmake/cmake)
[1.006s] -- Found rmw_fastrtps_cpp: 7.1.4 (/opt/ros/iron/share/rmw_fastrtps_cpp/cmake)
[1.101s] -- Using RMW implementation 'rmw_fastrtps_cpp' as default
[1.186s] -- Found pcl_conversions: 2.5.4 (/opt/ros/iron/share/pcl_conversions/cmake)
[1.614s] -- Found ament_lint_auto: 0.14.4 (/opt/ros/iron/share/ament_lint_auto/cmake)
[1.648s] -- Added test 'cppcheck' to perform static code analysis on C / C++ code
[1.648s] -- Configured cppcheck include dirs: 
[1.648s] -- Configured cppcheck exclude dirs and/or files: 
[1.649s] -- Added test 'lint_cmake' to check CMake code style
[1.649s] -- Added test 'uncrustify' to check C / C++ code style
[1.649s] -- Configured uncrustify additional arguments: 
[1.649s] -- Added test 'xmllint' to check XML markup files
[1.649s] -- Configuring done
[1.686s] -- Generating done
[1.687s] -- Build files have been written to: /home/buhrmann/ws_moveit/build/point_cloud_circle_detector
[1.713s] [35m[1mConsolidate compiler generated dependencies of target point_cloud_plantpot_detector[0m
[1.715s] [35m[1mConsolidate compiler generated dependencies of target point_cloud_circle_detector[0m
[1.715s] [35m[1mConsolidate compiler generated dependencies of target point_cloud_cylinder_detector[0m
[1.715s] [35m[1mConsolidate compiler generated dependencies of target point_cloud_plantpot_ppf_detector[0m
[1.735s] [ 37%] [32mBuilding CXX object CMakeFiles/point_cloud_cylinder_detector.dir/src/point_cloud_cylinder_detector.cpp.o[0m
[1.735s] [ 37%] [32mBuilding CXX object CMakeFiles/point_cloud_plantpot_detector.dir/src/point_cloud_custom_plant_pot_detection.cpp.o[0m
[1.735s] [ 37%] [32mBuilding CXX object CMakeFiles/point_cloud_plantpot_ppf_detector.dir/src/point_cloud_plantpot_ppf_detector.cpp.o[0m
[1.737s] [ 50%] [32mBuilding CXX object CMakeFiles/point_cloud_circle_detector.dir/src/point_cloud_circle_detector.cpp.o[0m
[8.106s] [ 62%] [32m[1mLinking CXX executable point_cloud_circle_detector[0m
[8.835s] [ 75%] [32m[1mLinking CXX executable point_cloud_cylinder_detector[0m
[9.827s] [ 75%] Built target point_cloud_circle_detector
[10.952s] [ 75%] Built target point_cloud_cylinder_detector
[11.695s] [ 87%] [32m[1mLinking CXX executable point_cloud_plantpot_ppf_detector[0m
[11.742s] [100%] [32m[1mLinking CXX executable point_cloud_plantpot_detector[0m
[12.976s] /usr/bin/ld: CMakeFiles/point_cloud_plantpot_ppf_detector.dir/src/point_cloud_plantpot_ppf_detector.cpp.o: in function `PointCloudCustomObjectMatcher::listener_callback(std::shared_ptr<sensor_msgs::msg::PointCloud2_<std::allocator<void> > >)':
[12.976s] point_cloud_plantpot_ppf_detector.cpp:(.text._ZN29PointCloudCustomObjectMatcher17listener_callbackESt10shared_ptrIN11sensor_msgs3msg12PointCloud2_ISaIvEEEE[_ZN29PointCloudCustomObjectMatcher17listener_callbackESt10shared_ptrIN11sensor_msgs3msg12PointCloud2_ISaIvEEEE]+0x1009): undefined reference to `pcl::PPFEstimation<pcl::PointXYZ, pcl::PointXYZ, pcl::PPFSignature>::PPFEstimation()'
[12.976s] /usr/bin/ld: point_cloud_plantpot_ppf_detector.cpp:(.text._ZN29PointCloudCustomObjectMatcher17listener_callbackESt10shared_ptrIN11sensor_msgs3msg12PointCloud2_ISaIvEEEE[_ZN29PointCloudCustomObjectMatcher17listener_callbackESt10shared_ptrIN11sensor_msgs3msg12PointCloud2_ISaIvEEEE]+0x1363): undefined reference to `pcl::PPFEstimation<pcl::PointXYZ, pcl::PointXYZ, pcl::PPFSignature>::PPFEstimation()'
[12.980s] /usr/bin/ld: CMakeFiles/point_cloud_plantpot_ppf_detector.dir/src/point_cloud_plantpot_ppf_detector.cpp.o:(.data.rel.ro._ZTVN3pcl13PPFEstimationINS_8PointXYZES1_NS_12PPFSignatureEEE[_ZTVN3pcl13PPFEstimationINS_8PointXYZES1_NS_12PPFSignatureEEE]+0x58): undefined reference to `pcl::PPFEstimation<pcl::PointXYZ, pcl::PointXYZ, pcl::PPFSignature>::computeFeature(pcl::PointCloud<pcl::PPFSignature>&)'
[13.012s] [100%] Built target point_cloud_plantpot_detector
[13.020s] collect2: error: ld returned 1 exit status
[13.021s] gmake[2]: *** [CMakeFiles/point_cloud_plantpot_ppf_detector.dir/build.make:319: point_cloud_plantpot_ppf_detector] Error 1
[13.021s] gmake[1]: *** [CMakeFiles/Makefile2:221: CMakeFiles/point_cloud_plantpot_ppf_detector.dir/all] Error 2
[13.022s] gmake: *** [Makefile:146: all] Error 2
[13.024s] Invoked command in '/home/buhrmann/ws_moveit/build/point_cloud_circle_detector' returned '2': CMAKE_PREFIX_PATH=${CMAKE_PREFIX_PATH}:/home/buhrmann/ws_moveit/install/moveit_configs_utils:/opt/ros/iron /usr/bin/cmake --build /home/buhrmann/ws_moveit/build/point_cloud_circle_detector -- -j28 -l28
