[0.273s] Invoking command in '/home/buhrmann/ws_moveit/build/moveit2_tutorials': AMENT_PREFIX_PATH=/home/buhrmann/ws_moveit/install/moveit_configs_utils:/home/buhrmann/ws_moveit/install/ur5_moveit_test:/home/buhrmann/ws_moveit/install/ur5_camera_moveit_config2:/home/buhrmann/ws_moveit/install/ur5_camera_moveit_config:/home/buhrmann/ws_moveit/install/ur5_description_controller:/home/buhrmann/ws_moveit/install/ur3_camera_moveit_config:/home/buhrmann/ws_moveit/install/ur3_description_controller:/home/buhrmann/ws_moveit/install/robotiq_hardware_tests:/home/buhrmann/ws_moveit/install/robotiq_driver:/home/buhrmann/ws_moveit/install/serial:/home/buhrmann/ws_moveit/install/moveit2_tutorials:/home/buhrmann/ws_moveit/install/moveit_visual_tools:/home/buhrmann/ws_moveit/install/rviz_visual_tools:/home/buhrmann/ws_moveit/install/moveit_task_constructor_visualization:/home/buhrmann/ws_moveit/install/moveit_task_constructor_demo:/home/buhrmann/ws_moveit/install/moveit_task_constructor_capabilities:/home/buhrmann/ws_moveit/install/moveit_task_constructor_core:/home/buhrmann/ws_moveit/install/rviz_marker_tools:/home/buhrmann/ws_moveit/install/picknik_accessories:/home/buhrmann/ws_moveit/install/kortex_bringup:/home/buhrmann/ws_moveit/install/kinova_gen3_lite_moveit_config:/home/buhrmann/ws_moveit/install/kinova_gen3_7dof_robotiq_2f_85_moveit_config:/home/buhrmann/ws_moveit/install/kinova_gen3_6dof_robotiq_2f_85_moveit_config:/home/buhrmann/ws_moveit/install/kortex_description:/home/buhrmann/ws_moveit/install/robotiq_description:/home/buhrmann/ws_moveit/install/robotiq_controllers:/home/buhrmann/ws_moveit/install/point_cloud_circle_detector:/home/buhrmann/ws_moveit/install/pilz_industrial_motion_planner_testutils:/home/buhrmann/ws_moveit/install/moveit_runtime:/home/buhrmann/ws_moveit/install/moveit:/home/buhrmann/ws_moveit/install/moveit_planners:/home/buhrmann/ws_moveit/install/pilz_industrial_motion_planner:/home/buhrmann/ws_moveit/install/pick_ik:/home/buhrmann/ws_moveit/install/object_detection_pcl:/home/buhrmann/ws_moveit/install/object_detection:/home/buhrmann/ws_moveit/install/object_creation:/home/buhrmann/ws_moveit/install/moveit_task_constructor_msgs:/home/buhrmann/ws_moveit/install/moveit_ros_control_interface:/home/buhrmann/ws_moveit/install/moveit_plugins:/home/buhrmann/ws_moveit/install/moveit_simple_controller_manager:/home/buhrmann/ws_moveit/install/moveit_setup_assistant:/home/buhrmann/ws_moveit/install/moveit_setup_srdf_plugins:/home/buhrmann/ws_moveit/install/moveit_setup_core_plugins:/home/buhrmann/ws_moveit/install/moveit_setup_controllers:/home/buhrmann/ws_moveit/install/moveit_setup_app_plugins:/home/buhrmann/ws_moveit/install/moveit_setup_framework:/home/buhrmann/ws_moveit/install/moveit_servo:/home/buhrmann/ws_moveit/install/moveit_ros_trajectory_cache:/home/buhrmann/ws_moveit/install/moveit_ros:/home/buhrmann/ws_moveit/install/moveit_ros_visualization:/home/buhrmann/ws_moveit/install/moveit_py:/home/buhrmann/ws_moveit/install/moveit_hybrid_planning:/home/buhrmann/ws_moveit/install/moveit_ros_planning_interface:/home/buhrmann/ws_moveit/install/moveit_ros_benchmarks:/home/buhrmann/ws_moveit/install/moveit_ros_warehouse:/home/buhrmann/ws_moveit/install/moveit_ros_robot_interaction:/home/buhrmann/ws_moveit/install/moveit_ros_perception:/home/buhrmann/ws_moveit/install/moveit_resources_prbt_pg70_support:/home/buhrmann/ws_moveit/install/moveit_resources_prbt_moveit_config:/home/buhrmann/ws_moveit/install/moveit_ros_move_group:/home/buhrmann/ws_moveit/install/moveit_planners_ompl:/home/buhrmann/ws_moveit/install/moveit_kinematics:/home/buhrmann/ws_moveit/install/moveit_ros_planning:/home/buhrmann/ws_moveit/install/moveit_ros_occupancy_map_monitor:/home/buhrmann/ws_moveit/install/moveit_resources_prbt_support:/home/buhrmann/ws_moveit/install/moveit_resources_prbt_ikfast_manipulator_plugin:/home/buhrmann/ws_moveit/install/moveit_resources:/home/buhrmann/ws_moveit/install/moveit_resources_pr2_description:/home/buhrmann/ws_moveit/install/moveit_resources_panda_moveit_config:/home/buhrmann/ws_moveit/install/dual_arm_panda_moveit_config:/home/buhrmann/ws_moveit/install/moveit_resources_panda_description:/home/buhrmann/ws_moveit/install/moveit_resources_fanuc_moveit_config:/home/buhrmann/ws_moveit/install/moveit_resources_fanuc_description:/home/buhrmann/ws_moveit/install/moveit_planners_stomp:/home/buhrmann/ws_moveit/install/moveit_planners_chomp:/home/buhrmann/ws_moveit/install/chomp_motion_planner:/home/buhrmann/ws_moveit/install/moveit_core:/home/buhrmann/ws_moveit/install/moveit_msgs:/home/buhrmann/ws_moveit/install/moveit_common:/home/buhrmann/ws_moveit/install/kortex_driver:/home/buhrmann/ws_moveit/install/kortex_api:/opt/ros/iron CMAKE_PREFIX_PATH=/home/buhrmann/ws_moveit/install/moveit:/home/buhrmann/ws_moveit/install/kinova_gen3_7dof_robotiq_2f_85_moveit_config:/home/buhrmann/ws_moveit/install/moveit_task_constructor_core:/home/buhrmann/ws_moveit/install/moveit_setup_assistant:/home/buhrmann/ws_moveit/install/moveit_setup_srdf_plugins:/home/buhrmann/ws_moveit/install/moveit_setup_core_plugins:/home/buhrmann/ws_moveit/install/moveit_setup_controllers:/home/buhrmann/ws_moveit/install/moveit_setup_app_plugins:/home/buhrmann/ws_moveit/install/moveit_planners:/home/buhrmann/ws_moveit/install/pilz_industrial_motion_planner:/home/buhrmann/ws_moveit/install/moveit_setup_framework:/home/buhrmann/ws_moveit/install/moveit_servo:/home/buhrmann/ws_moveit/install/moveit_ros:/home/buhrmann/ws_moveit/install/moveit_ros_visualization:/home/buhrmann/ws_moveit/install/moveit_resources_prbt_pg70_support:/home/buhrmann/ws_moveit/install/moveit_py:/home/buhrmann/ws_moveit/install/moveit_hybrid_planning:/home/buhrmann/ws_moveit/install/moveit_ros_planning_interface:/home/buhrmann/ws_moveit/install/moveit_resources_prbt_moveit_config:/home/buhrmann/ws_moveit/install/moveit_ros_move_group:/home/buhrmann/ws_moveit/install/moveit_ros_benchmarks:/home/buhrmann/ws_moveit/install/moveit_visual_tools:/home/buhrmann/ws_moveit/install/moveit_ros_warehouse:/home/buhrmann/ws_moveit/install/moveit_ros_robot_interaction:/home/buhrmann/ws_moveit/install/moveit_ros_perception:/home/buhrmann/ws_moveit/install/moveit_planners_ompl:/home/buhrmann/ws_moveit/install/moveit_kinematics:/home/buhrmann/ws_moveit/install/moveit_ros_planning:/home/buhrmann/ws_moveit/install/moveit_plugins:/home/buhrmann/ws_moveit/install/pilz_industrial_motion_planner_testutils:/home/buhrmann/ws_moveit/install/pick_ik:/home/buhrmann/ws_moveit/install/moveit_simple_controller_manager:/home/buhrmann/ws_moveit/install/moveit_ros_occupancy_map_monitor:/home/buhrmann/ws_moveit/install/moveit_resources_prbt_ikfast_manipulator_plugin:/home/buhrmann/ws_moveit/install/moveit_planners_stomp:/home/buhrmann/ws_moveit/install/chomp_motion_planner:/home/buhrmann/ws_moveit/install/moveit_core:/home/buhrmann/ws_moveit/install/rviz_marker_tools:/home/buhrmann/ws_moveit/install/moveit_task_constructor_msgs:/home/buhrmann/ws_moveit/install/moveit_resources_panda_moveit_config:/home/buhrmann/ws_moveit/install/moveit_resources_fanuc_moveit_config:/home/buhrmann/ws_moveit/install/kortex_description:/home/buhrmann/ws_moveit/install/rviz_visual_tools:/home/buhrmann/ws_moveit/install/robotiq_description:/home/buhrmann/ws_moveit/install/moveit_resources_prbt_support:/home/buhrmann/ws_moveit/install/moveit_resources_pr2_description:/home/buhrmann/ws_moveit/install/moveit_resources_panda_description:/home/buhrmann/ws_moveit/install/moveit_resources_fanuc_description:/home/buhrmann/ws_moveit/install/moveit_msgs:/home/buhrmann/ws_moveit/install/moveit_common:/home/buhrmann/ws_moveit/install/ur5_moveit_test:/home/buhrmann/ws_moveit/install/ur5_camera_moveit_config2:/home/buhrmann/ws_moveit/install/ur5_camera_moveit_config:/home/buhrmann/ws_moveit/install/ur5_description_controller:/home/buhrmann/ws_moveit/install/ur3_camera_moveit_config:/home/buhrmann/ws_moveit/install/ur3_description_controller:/home/buhrmann/ws_moveit/install/robotiq_hardware_tests:/home/buhrmann/ws_moveit/install/robotiq_driver:/home/buhrmann/ws_moveit/install/serial:/home/buhrmann/ws_moveit/install/moveit2_tutorials:/home/buhrmann/ws_moveit/install/moveit_task_constructor_visualization:/home/buhrmann/ws_moveit/install/moveit_task_constructor_demo:/home/buhrmann/ws_moveit/install/moveit_task_constructor_capabilities:/home/buhrmann/ws_moveit/install/picknik_accessories:/home/buhrmann/ws_moveit/install/kortex_bringup:/home/buhrmann/ws_moveit/install/kinova_gen3_lite_moveit_config:/home/buhrmann/ws_moveit/install/kinova_gen3_6dof_robotiq_2f_85_moveit_config:/home/buhrmann/ws_moveit/install/robotiq_controllers:/home/buhrmann/ws_moveit/install/point_cloud_circle_detector:/home/buhrmann/ws_moveit/install/moveit_runtime:/home/buhrmann/ws_moveit/install/object_detection_pcl:/home/buhrmann/ws_moveit/install/object_detection:/home/buhrmann/ws_moveit/install/object_creation:/home/buhrmann/ws_moveit/install/moveit_ros_control_interface:/home/buhrmann/ws_moveit/install/moveit_ros_trajectory_cache:/home/buhrmann/ws_moveit/install/moveit_resources:/home/buhrmann/ws_moveit/install/dual_arm_panda_moveit_config:/home/buhrmann/ws_moveit/install/moveit_planners_chomp:/home/buhrmann/ws_moveit/install/kortex_driver:/home/buhrmann/ws_moveit/install/kortex_api:/home/buhrmann/ws_moveit/install/moveit_configs_utils:/opt/ros/iron LD_LIBRARY_PATH=/home/buhrmann/ws_moveit/install/moveit_task_constructor_core/lib:/home/buhrmann/ws_moveit/install/moveit_setup_srdf_plugins/lib:/home/buhrmann/ws_moveit/install/moveit_setup_core_plugins/lib:/home/buhrmann/ws_moveit/install/moveit_setup_controllers/lib:/home/buhrmann/ws_moveit/install/moveit_setup_app_plugins/lib:/home/buhrmann/ws_moveit/install/pilz_industrial_motion_planner/lib:/home/buhrmann/ws_moveit/install/moveit_setup_framework/lib:/home/buhrmann/ws_moveit/install/moveit_servo/lib:/home/buhrmann/ws_moveit/install/moveit_ros_visualization/lib:/home/buhrmann/ws_moveit/install/moveit_py/lib:/home/buhrmann/ws_moveit/install/moveit_hybrid_planning/lib:/home/buhrmann/ws_moveit/install/moveit_ros_planning_interface/lib:/home/buhrmann/ws_moveit/install/moveit_ros_move_group/lib:/home/buhrmann/ws_moveit/install/moveit_ros_benchmarks/lib:/home/buhrmann/ws_moveit/install/moveit_visual_tools/lib:/home/buhrmann/ws_moveit/install/moveit_ros_warehouse/lib:/home/buhrmann/ws_moveit/install/moveit_ros_robot_interaction/lib:/home/buhrmann/ws_moveit/install/moveit_ros_perception/lib:/home/buhrmann/ws_moveit/install/moveit_planners_ompl/lib:/home/buhrmann/ws_moveit/install/moveit_kinematics/lib:/home/buhrmann/ws_moveit/install/moveit_ros_planning/lib:/home/buhrmann/ws_moveit/install/pilz_industrial_motion_planner_testutils/lib:/home/buhrmann/ws_moveit/install/pick_ik/lib:/home/buhrmann/ws_moveit/install/moveit_simple_controller_manager/lib:/home/buhrmann/ws_moveit/install/moveit_ros_occupancy_map_monitor/lib:/home/buhrmann/ws_moveit/install/moveit_resources_prbt_ikfast_manipulator_plugin/lib:/home/buhrmann/ws_moveit/install/moveit_planners_stomp/lib:/home/buhrmann/ws_moveit/install/chomp_motion_planner/lib:/home/buhrmann/ws_moveit/install/moveit_core/lib:/home/buhrmann/ws_moveit/install/rviz_marker_tools/lib:/home/buhrmann/ws_moveit/install/moveit_task_constructor_msgs/lib:/home/buhrmann/ws_moveit/install/rviz_visual_tools/lib:/home/buhrmann/ws_moveit/install/moveit_msgs/lib:/home/buhrmann/ws_moveit/install/robotiq_driver/lib:/home/buhrmann/ws_moveit/install/serial/lib:/home/buhrmann/ws_moveit/install/moveit_task_constructor_visualization/lib:/home/buhrmann/ws_moveit/install/moveit_task_constructor_demo/lib:/home/buhrmann/ws_moveit/install/moveit_task_constructor_capabilities/lib:/home/buhrmann/ws_moveit/install/robotiq_controllers/lib:/home/buhrmann/ws_moveit/install/moveit_ros_control_interface/lib:/home/buhrmann/ws_moveit/install/moveit_setup_assistant/lib:/home/buhrmann/ws_moveit/install/moveit_ros_trajectory_cache/lib:/home/buhrmann/ws_moveit/install/moveit_planners_chomp/lib:/home/buhrmann/ws_moveit/install/kortex_driver/lib:/opt/ros/iron/opt/rviz_ogre_vendor/lib:/opt/ros/iron/lib/x86_64-linux-gnu:/opt/ros/iron/lib:/usr/lib/jvm/java-11-openjdk-amd64/lib/amd64 PYTHONPATH=/home/buhrmann/ws_moveit/install/moveit_task_constructor_core/lib/python3.10/site-packages:/home/buhrmann/ws_moveit/install/moveit_py/lib/python3.10/site-packages:/home/buhrmann/ws_moveit/install/moveit_task_constructor_msgs/lib/python3.10/site-packages:/home/buhrmann/ws_moveit/install/moveit_msgs/lib/python3.10/site-packages:/home/buhrmann/ws_moveit/install/moveit_configs_utils/lib/python3.10/site-packages:/opt/ros/iron/lib/python3.10/site-packages /usr/bin/cmake --build /home/buhrmann/ws_moveit/build/moveit2_tutorials -- -j28 -l28
[0.316s] -- Found moveit_common: 2.11.0 (/home/buhrmann/ws_moveit/install/moveit_common/share/moveit_common/cmake)
[0.316s] -- Found ament_cmake: 2.0.7 (/opt/ros/iron/share/ament_cmake/cmake)
[0.458s] [0mmoveit2_tutorials: You did not request a specific build type: Choosing 'Release' for maximum performance[0m
[0.460s] -- Found Boost: /usr/lib/x86_64-linux-gnu/cmake/Boost-1.74.0/BoostConfig.cmake (found version "1.74.0")  
[0.461s] -- Found control_msgs: 5.2.0 (/opt/ros/iron/share/control_msgs/cmake)
[0.474s] -- Found rosidl_generator_c: 4.0.1 (/opt/ros/iron/share/rosidl_generator_c/cmake)
[0.478s] -- Found rosidl_generator_cpp: 4.0.1 (/opt/ros/iron/share/rosidl_generator_cpp/cmake)
[0.485s] -- Using all available rosidl_typesupport_c: rosidl_typesupport_fastrtps_c;rosidl_typesupport_introspection_c
[0.494s] -- Using all available rosidl_typesupport_cpp: rosidl_typesupport_fastrtps_cpp;rosidl_typesupport_introspection_cpp
[0.812s] -- Found interactive_markers: 2.4.0 (/opt/ros/iron/share/interactive_markers/cmake)
[0.858s] -- Found rmw_implementation_cmake: 7.1.0 (/opt/ros/iron/share/rmw_implementation_cmake/cmake)
[0.860s] -- Found rmw_fastrtps_cpp: 7.1.4 (/opt/ros/iron/share/rmw_fastrtps_cpp/cmake)
[0.933s] -- Using RMW implementation 'rmw_fastrtps_cpp' as default
[1.101s] -- Found moveit_core: 2.11.0 (/home/buhrmann/ws_moveit/install/moveit_core/share/moveit_core/cmake)
[1.108s] -- Found Boost: /usr/lib/x86_64-linux-gnu/cmake/Boost-1.74.0/BoostConfig.cmake (found version "1.74.0") found components: chrono date_time filesystem iostreams program_options regex serialization system thread 
[1.121s] -- Found parameter_traits: 0.3.9 (/opt/ros/iron/share/parameter_traits/cmake)
[1.128s] -- Found rclcpp_lifecycle: 21.0.8 (/opt/ros/iron/share/rclcpp_lifecycle/cmake)
[1.181s] -- Found Boost: /usr/lib/x86_64-linux-gnu/cmake/Boost-1.74.0/BoostConfig.cmake (found version "1.74.0") found components: filesystem 
[1.208s] -- library: /usr/lib/x86_64-linux-gnu/libcurl.so
[1.259s] -- Ensuring Eigen3 include directory is part of orocos-kdl CMake target
[1.938s] -- Found moveit_ros_planning: 2.11.0 (/home/buhrmann/ws_moveit/install/moveit_ros_planning/share/moveit_ros_planning/cmake)
[1.940s] -- Found Boost: /usr/lib/x86_64-linux-gnu/cmake/Boost-1.74.0/BoostConfig.cmake (found version "1.74.0") found components: system filesystem date_time program_options thread chrono 
[2.286s] -- Found moveit_ros_planning_interface: 2.11.0 (/home/buhrmann/ws_moveit/install/moveit_ros_planning_interface/share/moveit_ros_planning_interface/cmake)
[2.288s] -- Found Boost: /usr/lib/x86_64-linux-gnu/cmake/Boost-1.74.0/BoostConfig.cmake (found version "1.74.0") found components: date_time filesystem program_options system thread 
[2.403s] -- Found Boost: /usr/lib/x86_64-linux-gnu/cmake/Boost-1.74.0/BoostConfig.cmake (found version "1.74.0") found components: thread system filesystem regex date_time program_options 
[2.530s] -- Found Boost: /usr/lib/x86_64-linux-gnu/cmake/Boost-1.74.0/BoostConfig.cmake (found version "1.74.0") found components: system filesystem date_time program_options thread 
[2.709s] -- Found moveit_servo: 2.11.0 (/home/buhrmann/ws_moveit/install/moveit_servo/share/moveit_servo/cmake)
[2.953s] -- Found moveit_task_constructor_core: 0.1.3 (/home/buhrmann/ws_moveit/install/moveit_task_constructor_core/share/moveit_task_constructor_core/cmake)
[3.289s] -- Found moveit_visual_tools: 4.1.0 (/home/buhrmann/ws_moveit/install/moveit_visual_tools/share/moveit_visual_tools/cmake)
[3.497s] -- Setting assimp_DIR to: '/opt/ros/iron/share/rviz_assimp_vendor/cmake/../../../opt/rviz_assimp_vendor/lib/cmake/assimp-4.1'
[3.501s] -- Setting OGRE_DIR to: '/opt/ros/iron/share/rviz_ogre_vendor/cmake/../../../opt/rviz_ogre_vendor/lib/OGRE/cmake'
[3.501s] -- Found OGRE
[3.501s] --   static     : OFF
[3.501s] --   components : MeshLodGenerator;Overlay;Paging;Property;RTShaderSystem;Terrain;Volume
[3.501s] --   plugins    : Plugin_BSPSceneManager;Plugin_OctreeSceneManager;Plugin_PCZSceneManager;Plugin_ParticleFX;RenderSystem_GL;RenderSystem_GL3Plus;Codec_STBI
[3.501s] --   media      : /opt/ros/iron/opt/rviz_ogre_vendor/share/OGRE/Media
[3.501s] -- OGRE_LIBRARIES: OgreMeshLodGenerator;OgreOverlay;OgrePaging;OgreProperty;OgreRTShaderSystem;OgreTerrain;OgreVolume;OgreMain
[3.501s] -- OGRE_LIBRARY_DIRS: /opt/ros/iron/opt/rviz_ogre_vendor/lib
[3.501s] -- OGRE_PLUGINS: Plugin_BSPSceneManager;Plugin_OctreeSceneManager;Plugin_PCZSceneManager;Plugin_ParticleFX;RenderSystem_GL;RenderSystem_GL3Plus;Codec_STBI
[3.501s] -- OGRE_PLUGIN_DIR: /opt/ros/iron/opt/rviz_ogre_vendor/lib/OGRE
[3.501s] -- rviz_ogre_vendor::OgreOverlay for IMPORTED_LOCATION_RELEASE: /opt/ros/iron/opt/rviz_ogre_vendor/lib/libOgreOverlay.so
[3.501s] -- rviz_ogre_vendor::OgreOverlay for IMPORTED_LOCATION_DEBUG: /opt/ros/iron/opt/rviz_ogre_vendor/lib/libOgreOverlay.so
[3.501s] -- rviz_ogre_vendor::OgreMain for IMPORTED_LOCATION_RELEASE: /opt/ros/iron/opt/rviz_ogre_vendor/lib/libOgreMain.so
[3.501s] -- rviz_ogre_vendor::OgreMain for IMPORTED_LOCATION_DEBUG: /opt/ros/iron/opt/rviz_ogre_vendor/lib/libOgreMain.so
[3.502s] -- Could not find freeimage library
[4.582s] -- Found ament_lint_auto: 0.14.4 (/opt/ros/iron/share/ament_lint_auto/cmake)
[4.582s] -- Found ament_cmake_gtest: 2.0.7 (/opt/ros/iron/share/ament_cmake_gtest/cmake)
[4.583s] -- Found ros_testing: 0.5.2 (/opt/ros/iron/share/ros_testing/cmake)
[4.583s] -- Found launch_testing_ament_cmake: 2.0.4 (/opt/ros/iron/share/launch_testing_ament_cmake/cmake)
[4.583s] -- Found python_cmake_module: 0.10.2 (/opt/ros/iron/share/python_cmake_module/cmake)
[4.599s] -- Using PYTHON_EXECUTABLE: /usr/bin/python3
[4.599s] -- Using PYTHON_INCLUDE_DIRS: /usr/include/python3.10
[4.599s] -- Using PYTHON_LIBRARIES: /usr/lib/x86_64-linux-gnu/libpython3.10.so
[4.602s] -- Found Boost: /usr/lib/x86_64-linux-gnu/cmake/Boost-1.74.0/BoostConfig.cmake (found version "1.74.0") found components: filesystem 
[4.603s] -- Found gtest sources under '/opt/ros/iron/src/gtest_vendor': C++ tests using 'Google Test' will be built
[4.642s] -- Configuring done
[4.882s] -- Generating done
[4.885s] -- Build files have been written to: /home/buhrmann/ws_moveit/build/moveit2_tutorials
[4.920s] [35m[1mConsolidate compiler generated dependencies of target gtest_main[0m
[4.920s] [35m[1mConsolidate compiler generated dependencies of target gtest[0m
[4.920s] [35m[1mConsolidate compiler generated dependencies of target move_group_interface_tutorial[0m
[4.921s] [35m[1mConsolidate compiler generated dependencies of target kinematics_cost_function_tutorial[0m
[4.921s] [35m[1mConsolidate compiler generated dependencies of target pilz_sequence[0m
[4.921s] [35m[1mConsolidate compiler generated dependencies of target ompl_constrained_planning[0m
[4.921s] [35m[1mConsolidate compiler generated dependencies of target pilz_move_group[0m
[4.921s] [35m[1mConsolidate compiler generated dependencies of target moveit_cpp_tutorial[0m
[4.922s] [35m[1mConsolidate compiler generated dependencies of target motion_planning_pipeline_tutorial[0m
[4.923s] [35m[1mConsolidate compiler generated dependencies of target pilz_mtc[0m
[4.923s] [35m[1mConsolidate compiler generated dependencies of target collision_scene_example[0m
[4.923s] [35m[1mConsolidate compiler generated dependencies of target robot_model_and_robot_state_tutorial[0m
[4.923s] [35m[1mConsolidate compiler generated dependencies of target planning_scene_ros_api_tutorial[0m
[4.923s] [35m[1mConsolidate compiler generated dependencies of target pose_tracking_tutorial[0m
[4.923s] [35m[1mConsolidate compiler generated dependencies of target motion_planning_api_tutorial[0m
[4.923s] [35m[1mConsolidate compiler generated dependencies of target planning_scene_tutorial[0m
[4.925s] [35m[1mConsolidate compiler generated dependencies of target parallel_planning_example[0m
[4.927s] [35m[1mConsolidate compiler generated dependencies of target mtc_tutorial[0m
[4.927s] [35m[1mConsolidate compiler generated dependencies of target minimal_mtc_tutorial[0m
[4.930s] [  2%] [32mBuilding CXX object gtest/CMakeFiles/gtest_main.dir/src/gtest_main.cc.o[0m
[4.935s] [  5%] [32mBuilding CXX object gtest/CMakeFiles/gtest.dir/src/gtest-all.cc.o[0m
[4.940s] [ 12%] [32mBuilding CXX object doc/examples/move_group_interface/CMakeFiles/move_group_interface_tutorial.dir/src/move_group_interface_tutorial.cpp.o[0m
[4.940s] [ 12%] [32mBuilding CXX object doc/how_to_guides/using_ompl_constrained_planning/CMakeFiles/ompl_constrained_planning.dir/src/ompl_constrained_planning_tutorial.cpp.o[0m
[4.940s] [ 12%] [32mBuilding CXX object doc/how_to_guides/pilz_industrial_motion_planner/CMakeFiles/pilz_sequence.dir/src/pilz_sequence.cpp.o[0m
[4.940s] [ 15%] [32mBuilding CXX object doc/how_to_guides/pilz_industrial_motion_planner/CMakeFiles/pilz_move_group.dir/src/pilz_move_group.cpp.o[0m
[4.940s] [ 17%] [32mBuilding CXX object doc/examples/moveit_cpp/CMakeFiles/moveit_cpp_tutorial.dir/src/moveit_cpp_tutorial.cpp.o[0m
[4.940s] [ 20%] [32mBuilding CXX object doc/how_to_guides/pilz_industrial_motion_planner/CMakeFiles/pilz_mtc.dir/src/pilz_mtc.cpp.o[0m
[4.943s] [ 22%] [32mBuilding CXX object doc/how_to_guides/kinematics_cost_function/CMakeFiles/kinematics_cost_function_tutorial.dir/src/kinematics_cost_function_tutorial.cpp.o[0m
[4.944s] [ 25%] [32mBuilding CXX object doc/examples/motion_planning_pipeline/CMakeFiles/motion_planning_pipeline_tutorial.dir/src/motion_planning_pipeline_tutorial.cpp.o[0m
[4.946s] [ 27%] [32mBuilding CXX object doc/examples/robot_model_and_robot_state/CMakeFiles/robot_model_and_robot_state_tutorial.dir/src/robot_model_and_robot_state_tutorial.cpp.o[0m
[4.948s] [ 32%] [32mBuilding CXX object doc/examples/planning_scene/CMakeFiles/planning_scene_tutorial.dir/src/planning_scene_tutorial.cpp.o[0m
[4.948s] [ 32%] [32mBuilding CXX object doc/examples/planning_scene_ros_api/CMakeFiles/planning_scene_ros_api_tutorial.dir/src/planning_scene_ros_api_tutorial.cpp.o[0m
[4.948s] [ 35%] [32mBuilding CXX object doc/examples/motion_planning_api/CMakeFiles/motion_planning_api_tutorial.dir/src/motion_planning_api_tutorial.cpp.o[0m
[4.949s] [ 37%] [32mBuilding CXX object doc/tutorials/pick_and_place_with_moveit_task_constructor/CMakeFiles/minimal_mtc_tutorial.dir/src/minimal.cpp.o[0m
[4.952s] [ 42%] [32mBuilding CXX object doc/examples/realtime_servo/CMakeFiles/pose_tracking_tutorial.dir/src/pose_tracking_tutorial.cpp.o[0m
[4.952s] [ 42%] [32mBuilding CXX object doc/examples/collision_environments/CMakeFiles/collision_scene_example.dir/src/collision_scene_example.cpp.o[0m
[4.952s] [ 45%] [32mBuilding CXX object doc/tutorials/pick_and_place_with_moveit_task_constructor/CMakeFiles/mtc_tutorial.dir/src/mtc_node.cpp.o[0m
[4.953s] [ 47%] [32mBuilding CXX object doc/how_to_guides/parallel_planning/CMakeFiles/parallel_planning_example.dir/src/parallel_planning_main.cpp.o[0m
[5.385s] [ 50%] [32m[1mLinking CXX static library libgtest_main.a[0m
[5.429s] [ 50%] Built target gtest_main
[10.494s] [ 52%] [32m[1mLinking CXX static library libgtest.a[0m
[10.579s] [ 52%] Built target gtest
[10.600s] [35m[1mConsolidate compiler generated dependencies of target bringup_test[0m
[10.629s] [ 55%] [32mBuilding CXX object doc/tutorials/quickstart_in_rviz/CMakeFiles/bringup_test.dir/test/bringup_test.cpp.o[0m
[11.128s] [ 57%] [32m[1mLinking CXX executable planning_scene_tutorial[0m
[11.680s] [ 57%] Built target planning_scene_tutorial
[12.973s] [ 60%] [32m[1mLinking CXX executable pilz_mtc[0m
[13.092s] [ 62%] [32m[1mLinking CXX executable minimal_mtc_tutorial[0m
[13.407s] [ 62%] Built target pilz_mtc
[13.540s] [ 62%] Built target minimal_mtc_tutorial
[13.591s] [ 65%] [32m[1mLinking CXX executable robot_model_and_robot_state_tutorial[0m
[13.798s] [ 67%] [32m[1mLinking CXX executable pilz_move_group[0m
[14.178s] [ 67%] Built target robot_model_and_robot_state_tutorial
[14.286s] [ 70%] [32m[1mLinking CXX executable ompl_constrained_planning[0m
[14.386s] [ 70%] Built target pilz_move_group
[15.085s] [ 70%] Built target ompl_constrained_planning
[16.325s] [ 72%] [32m[1mLinking CXX executable moveit_cpp_tutorial[0m
[16.341s] [ 75%] [32m[1mLinking CXX executable mtc_tutorial[0m
[16.899s] [ 77%] [32m[1mLinking CXX executable bringup_test[0m
[16.904s] [ 77%] Built target mtc_tutorial
[16.924s] [ 77%] Built target moveit_cpp_tutorial
[17.063s] [ 80%] [32m[1mLinking CXX executable collision_scene_example[0m
[17.386s] [ 82%] [32m[1mLinking CXX executable move_group_interface_tutorial[0m
[17.421s] [ 82%] Built target collision_scene_example
[17.750s] [ 82%] Built target bringup_test
[17.918s] [ 82%] Built target move_group_interface_tutorial
[18.029s] [ 85%] [32m[1mLinking CXX executable planning_scene_ros_api_tutorial[0m
[18.128s] [ 87%] [32m[1mLinking CXX executable parallel_planning_example[0m
[18.725s] [ 87%] Built target parallel_planning_example
[18.787s] [ 90%] [32m[1mLinking CXX executable kinematics_cost_function_tutorial[0m
[19.014s] [ 90%] Built target planning_scene_ros_api_tutorial
[19.270s] [ 90%] Built target kinematics_cost_function_tutorial
[20.003s] [ 92%] [32m[1mLinking CXX executable motion_planning_pipeline_tutorial[0m
[20.596s] [ 92%] Built target motion_planning_pipeline_tutorial
[20.793s] [ 95%] [32m[1mLinking CXX executable pose_tracking_tutorial[0m
[21.308s] [ 95%] Built target pose_tracking_tutorial
[21.871s] [ 97%] [32m[1mLinking CXX executable pilz_sequence[0m
[22.084s] [100%] [32m[1mLinking CXX executable motion_planning_api_tutorial[0m
[22.371s] [100%] Built target pilz_sequence
[22.586s] [100%] Built target motion_planning_api_tutorial
[22.597s] Invoked command in '/home/buhrmann/ws_moveit/build/moveit2_tutorials' returned '0': AMENT_PREFIX_PATH=/home/buhrmann/ws_moveit/install/moveit_configs_utils:/home/buhrmann/ws_moveit/install/ur5_moveit_test:/home/buhrmann/ws_moveit/install/ur5_camera_moveit_config2:/home/buhrmann/ws_moveit/install/ur5_camera_moveit_config:/home/buhrmann/ws_moveit/install/ur5_description_controller:/home/buhrmann/ws_moveit/install/ur3_camera_moveit_config:/home/buhrmann/ws_moveit/install/ur3_description_controller:/home/buhrmann/ws_moveit/install/robotiq_hardware_tests:/home/buhrmann/ws_moveit/install/robotiq_driver:/home/buhrmann/ws_moveit/install/serial:/home/buhrmann/ws_moveit/install/moveit2_tutorials:/home/buhrmann/ws_moveit/install/moveit_visual_tools:/home/buhrmann/ws_moveit/install/rviz_visual_tools:/home/buhrmann/ws_moveit/install/moveit_task_constructor_visualization:/home/buhrmann/ws_moveit/install/moveit_task_constructor_demo:/home/buhrmann/ws_moveit/install/moveit_task_constructor_capabilities:/home/buhrmann/ws_moveit/install/moveit_task_constructor_core:/home/buhrmann/ws_moveit/install/rviz_marker_tools:/home/buhrmann/ws_moveit/install/picknik_accessories:/home/buhrmann/ws_moveit/install/kortex_bringup:/home/buhrmann/ws_moveit/install/kinova_gen3_lite_moveit_config:/home/buhrmann/ws_moveit/install/kinova_gen3_7dof_robotiq_2f_85_moveit_config:/home/buhrmann/ws_moveit/install/kinova_gen3_6dof_robotiq_2f_85_moveit_config:/home/buhrmann/ws_moveit/install/kortex_description:/home/buhrmann/ws_moveit/install/robotiq_description:/home/buhrmann/ws_moveit/install/robotiq_controllers:/home/buhrmann/ws_moveit/install/point_cloud_circle_detector:/home/buhrmann/ws_moveit/install/pilz_industrial_motion_planner_testutils:/home/buhrmann/ws_moveit/install/moveit_runtime:/home/buhrmann/ws_moveit/install/moveit:/home/buhrmann/ws_moveit/install/moveit_planners:/home/buhrmann/ws_moveit/install/pilz_industrial_motion_planner:/home/buhrmann/ws_moveit/install/pick_ik:/home/buhrmann/ws_moveit/install/object_detection_pcl:/home/buhrmann/ws_moveit/install/object_detection:/home/buhrmann/ws_moveit/install/object_creation:/home/buhrmann/ws_moveit/install/moveit_task_constructor_msgs:/home/buhrmann/ws_moveit/install/moveit_ros_control_interface:/home/buhrmann/ws_moveit/install/moveit_plugins:/home/buhrmann/ws_moveit/install/moveit_simple_controller_manager:/home/buhrmann/ws_moveit/install/moveit_setup_assistant:/home/buhrmann/ws_moveit/install/moveit_setup_srdf_plugins:/home/buhrmann/ws_moveit/install/moveit_setup_core_plugins:/home/buhrmann/ws_moveit/install/moveit_setup_controllers:/home/buhrmann/ws_moveit/install/moveit_setup_app_plugins:/home/buhrmann/ws_moveit/install/moveit_setup_framework:/home/buhrmann/ws_moveit/install/moveit_servo:/home/buhrmann/ws_moveit/install/moveit_ros_trajectory_cache:/home/buhrmann/ws_moveit/install/moveit_ros:/home/buhrmann/ws_moveit/install/moveit_ros_visualization:/home/buhrmann/ws_moveit/install/moveit_py:/home/buhrmann/ws_moveit/install/moveit_hybrid_planning:/home/buhrmann/ws_moveit/install/moveit_ros_planning_interface:/home/buhrmann/ws_moveit/install/moveit_ros_benchmarks:/home/buhrmann/ws_moveit/install/moveit_ros_warehouse:/home/buhrmann/ws_moveit/install/moveit_ros_robot_interaction:/home/buhrmann/ws_moveit/install/moveit_ros_perception:/home/buhrmann/ws_moveit/install/moveit_resources_prbt_pg70_support:/home/buhrmann/ws_moveit/install/moveit_resources_prbt_moveit_config:/home/buhrmann/ws_moveit/install/moveit_ros_move_group:/home/buhrmann/ws_moveit/install/moveit_planners_ompl:/home/buhrmann/ws_moveit/install/moveit_kinematics:/home/buhrmann/ws_moveit/install/moveit_ros_planning:/home/buhrmann/ws_moveit/install/moveit_ros_occupancy_map_monitor:/home/buhrmann/ws_moveit/install/moveit_resources_prbt_support:/home/buhrmann/ws_moveit/install/moveit_resources_prbt_ikfast_manipulator_plugin:/home/buhrmann/ws_moveit/install/moveit_resources:/home/buhrmann/ws_moveit/install/moveit_resources_pr2_description:/home/buhrmann/ws_moveit/install/moveit_resources_panda_moveit_config:/home/buhrmann/ws_moveit/install/dual_arm_panda_moveit_config:/home/buhrmann/ws_moveit/install/moveit_resources_panda_description:/home/buhrmann/ws_moveit/install/moveit_resources_fanuc_moveit_config:/home/buhrmann/ws_moveit/install/moveit_resources_fanuc_description:/home/buhrmann/ws_moveit/install/moveit_planners_stomp:/home/buhrmann/ws_moveit/install/moveit_planners_chomp:/home/buhrmann/ws_moveit/install/chomp_motion_planner:/home/buhrmann/ws_moveit/install/moveit_core:/home/buhrmann/ws_moveit/install/moveit_msgs:/home/buhrmann/ws_moveit/install/moveit_common:/home/buhrmann/ws_moveit/install/kortex_driver:/home/buhrmann/ws_moveit/install/kortex_api:/opt/ros/iron CMAKE_PREFIX_PATH=/home/buhrmann/ws_moveit/install/moveit:/home/buhrmann/ws_moveit/install/kinova_gen3_7dof_robotiq_2f_85_moveit_config:/home/buhrmann/ws_moveit/install/moveit_task_constructor_core:/home/buhrmann/ws_moveit/install/moveit_setup_assistant:/home/buhrmann/ws_moveit/install/moveit_setup_srdf_plugins:/home/buhrmann/ws_moveit/install/moveit_setup_core_plugins:/home/buhrmann/ws_moveit/install/moveit_setup_controllers:/home/buhrmann/ws_moveit/install/moveit_setup_app_plugins:/home/buhrmann/ws_moveit/install/moveit_planners:/home/buhrmann/ws_moveit/install/pilz_industrial_motion_planner:/home/buhrmann/ws_moveit/install/moveit_setup_framework:/home/buhrmann/ws_moveit/install/moveit_servo:/home/buhrmann/ws_moveit/install/moveit_ros:/home/buhrmann/ws_moveit/install/moveit_ros_visualization:/home/buhrmann/ws_moveit/install/moveit_resources_prbt_pg70_support:/home/buhrmann/ws_moveit/install/moveit_py:/home/buhrmann/ws_moveit/install/moveit_hybrid_planning:/home/buhrmann/ws_moveit/install/moveit_ros_planning_interface:/home/buhrmann/ws_moveit/install/moveit_resources_prbt_moveit_config:/home/buhrmann/ws_moveit/install/moveit_ros_move_group:/home/buhrmann/ws_moveit/install/moveit_ros_benchmarks:/home/buhrmann/ws_moveit/install/moveit_visual_tools:/home/buhrmann/ws_moveit/install/moveit_ros_warehouse:/home/buhrmann/ws_moveit/install/moveit_ros_robot_interaction:/home/buhrmann/ws_moveit/install/moveit_ros_perception:/home/buhrmann/ws_moveit/install/moveit_planners_ompl:/home/buhrmann/ws_moveit/install/moveit_kinematics:/home/buhrmann/ws_moveit/install/moveit_ros_planning:/home/buhrmann/ws_moveit/install/moveit_plugins:/home/buhrmann/ws_moveit/install/pilz_industrial_motion_planner_testutils:/home/buhrmann/ws_moveit/install/pick_ik:/home/buhrmann/ws_moveit/install/moveit_simple_controller_manager:/home/buhrmann/ws_moveit/install/moveit_ros_occupancy_map_monitor:/home/buhrmann/ws_moveit/install/moveit_resources_prbt_ikfast_manipulator_plugin:/home/buhrmann/ws_moveit/install/moveit_planners_stomp:/home/buhrmann/ws_moveit/install/chomp_motion_planner:/home/buhrmann/ws_moveit/install/moveit_core:/home/buhrmann/ws_moveit/install/rviz_marker_tools:/home/buhrmann/ws_moveit/install/moveit_task_constructor_msgs:/home/buhrmann/ws_moveit/install/moveit_resources_panda_moveit_config:/home/buhrmann/ws_moveit/install/moveit_resources_fanuc_moveit_config:/home/buhrmann/ws_moveit/install/kortex_description:/home/buhrmann/ws_moveit/install/rviz_visual_tools:/home/buhrmann/ws_moveit/install/robotiq_description:/home/buhrmann/ws_moveit/install/moveit_resources_prbt_support:/home/buhrmann/ws_moveit/install/moveit_resources_pr2_description:/home/buhrmann/ws_moveit/install/moveit_resources_panda_description:/home/buhrmann/ws_moveit/install/moveit_resources_fanuc_description:/home/buhrmann/ws_moveit/install/moveit_msgs:/home/buhrmann/ws_moveit/install/moveit_common:/home/buhrmann/ws_moveit/install/ur5_moveit_test:/home/buhrmann/ws_moveit/install/ur5_camera_moveit_config2:/home/buhrmann/ws_moveit/install/ur5_camera_moveit_config:/home/buhrmann/ws_moveit/install/ur5_description_controller:/home/buhrmann/ws_moveit/install/ur3_camera_moveit_config:/home/buhrmann/ws_moveit/install/ur3_description_controller:/home/buhrmann/ws_moveit/install/robotiq_hardware_tests:/home/buhrmann/ws_moveit/install/robotiq_driver:/home/buhrmann/ws_moveit/install/serial:/home/buhrmann/ws_moveit/install/moveit2_tutorials:/home/buhrmann/ws_moveit/install/moveit_task_constructor_visualization:/home/buhrmann/ws_moveit/install/moveit_task_constructor_demo:/home/buhrmann/ws_moveit/install/moveit_task_constructor_capabilities:/home/buhrmann/ws_moveit/install/picknik_accessories:/home/buhrmann/ws_moveit/install/kortex_bringup:/home/buhrmann/ws_moveit/install/kinova_gen3_lite_moveit_config:/home/buhrmann/ws_moveit/install/kinova_gen3_6dof_robotiq_2f_85_moveit_config:/home/buhrmann/ws_moveit/install/robotiq_controllers:/home/buhrmann/ws_moveit/install/point_cloud_circle_detector:/home/buhrmann/ws_moveit/install/moveit_runtime:/home/buhrmann/ws_moveit/install/object_detection_pcl:/home/buhrmann/ws_moveit/install/object_detection:/home/buhrmann/ws_moveit/install/object_creation:/home/buhrmann/ws_moveit/install/moveit_ros_control_interface:/home/buhrmann/ws_moveit/install/moveit_ros_trajectory_cache:/home/buhrmann/ws_moveit/install/moveit_resources:/home/buhrmann/ws_moveit/install/dual_arm_panda_moveit_config:/home/buhrmann/ws_moveit/install/moveit_planners_chomp:/home/buhrmann/ws_moveit/install/kortex_driver:/home/buhrmann/ws_moveit/install/kortex_api:/home/buhrmann/ws_moveit/install/moveit_configs_utils:/opt/ros/iron LD_LIBRARY_PATH=/home/buhrmann/ws_moveit/install/moveit_task_constructor_core/lib:/home/buhrmann/ws_moveit/install/moveit_setup_srdf_plugins/lib:/home/buhrmann/ws_moveit/install/moveit_setup_core_plugins/lib:/home/buhrmann/ws_moveit/install/moveit_setup_controllers/lib:/home/buhrmann/ws_moveit/install/moveit_setup_app_plugins/lib:/home/buhrmann/ws_moveit/install/pilz_industrial_motion_planner/lib:/home/buhrmann/ws_moveit/install/moveit_setup_framework/lib:/home/buhrmann/ws_moveit/install/moveit_servo/lib:/home/buhrmann/ws_moveit/install/moveit_ros_visualization/lib:/home/buhrmann/ws_moveit/install/moveit_py/lib:/home/buhrmann/ws_moveit/install/moveit_hybrid_planning/lib:/home/buhrmann/ws_moveit/install/moveit_ros_planning_interface/lib:/home/buhrmann/ws_moveit/install/moveit_ros_move_group/lib:/home/buhrmann/ws_moveit/install/moveit_ros_benchmarks/lib:/home/buhrmann/ws_moveit/install/moveit_visual_tools/lib:/home/buhrmann/ws_moveit/install/moveit_ros_warehouse/lib:/home/buhrmann/ws_moveit/install/moveit_ros_robot_interaction/lib:/home/buhrmann/ws_moveit/install/moveit_ros_perception/lib:/home/buhrmann/ws_moveit/install/moveit_planners_ompl/lib:/home/buhrmann/ws_moveit/install/moveit_kinematics/lib:/home/buhrmann/ws_moveit/install/moveit_ros_planning/lib:/home/buhrmann/ws_moveit/install/pilz_industrial_motion_planner_testutils/lib:/home/buhrmann/ws_moveit/install/pick_ik/lib:/home/buhrmann/ws_moveit/install/moveit_simple_controller_manager/lib:/home/buhrmann/ws_moveit/install/moveit_ros_occupancy_map_monitor/lib:/home/buhrmann/ws_moveit/install/moveit_resources_prbt_ikfast_manipulator_plugin/lib:/home/buhrmann/ws_moveit/install/moveit_planners_stomp/lib:/home/buhrmann/ws_moveit/install/chomp_motion_planner/lib:/home/buhrmann/ws_moveit/install/moveit_core/lib:/home/buhrmann/ws_moveit/install/rviz_marker_tools/lib:/home/buhrmann/ws_moveit/install/moveit_task_constructor_msgs/lib:/home/buhrmann/ws_moveit/install/rviz_visual_tools/lib:/home/buhrmann/ws_moveit/install/moveit_msgs/lib:/home/buhrmann/ws_moveit/install/robotiq_driver/lib:/home/buhrmann/ws_moveit/install/serial/lib:/home/buhrmann/ws_moveit/install/moveit_task_constructor_visualization/lib:/home/buhrmann/ws_moveit/install/moveit_task_constructor_demo/lib:/home/buhrmann/ws_moveit/install/moveit_task_constructor_capabilities/lib:/home/buhrmann/ws_moveit/install/robotiq_controllers/lib:/home/buhrmann/ws_moveit/install/moveit_ros_control_interface/lib:/home/buhrmann/ws_moveit/install/moveit_setup_assistant/lib:/home/buhrmann/ws_moveit/install/moveit_ros_trajectory_cache/lib:/home/buhrmann/ws_moveit/install/moveit_planners_chomp/lib:/home/buhrmann/ws_moveit/install/kortex_driver/lib:/opt/ros/iron/opt/rviz_ogre_vendor/lib:/opt/ros/iron/lib/x86_64-linux-gnu:/opt/ros/iron/lib:/usr/lib/jvm/java-11-openjdk-amd64/lib/amd64 PYTHONPATH=/home/buhrmann/ws_moveit/install/moveit_task_constructor_core/lib/python3.10/site-packages:/home/buhrmann/ws_moveit/install/moveit_py/lib/python3.10/site-packages:/home/buhrmann/ws_moveit/install/moveit_task_constructor_msgs/lib/python3.10/site-packages:/home/buhrmann/ws_moveit/install/moveit_msgs/lib/python3.10/site-packages:/home/buhrmann/ws_moveit/install/moveit_configs_utils/lib/python3.10/site-packages:/opt/ros/iron/lib/python3.10/site-packages /usr/bin/cmake --build /home/buhrmann/ws_moveit/build/moveit2_tutorials -- -j28 -l28
[22.687s] Invoking command in '/home/buhrmann/ws_moveit/build/moveit2_tutorials': AMENT_PREFIX_PATH=/home/buhrmann/ws_moveit/install/moveit_configs_utils:/home/buhrmann/ws_moveit/install/ur5_moveit_test:/home/buhrmann/ws_moveit/install/ur5_camera_moveit_config2:/home/buhrmann/ws_moveit/install/ur5_camera_moveit_config:/home/buhrmann/ws_moveit/install/ur5_description_controller:/home/buhrmann/ws_moveit/install/ur3_camera_moveit_config:/home/buhrmann/ws_moveit/install/ur3_description_controller:/home/buhrmann/ws_moveit/install/robotiq_hardware_tests:/home/buhrmann/ws_moveit/install/robotiq_driver:/home/buhrmann/ws_moveit/install/serial:/home/buhrmann/ws_moveit/install/moveit2_tutorials:/home/buhrmann/ws_moveit/install/moveit_visual_tools:/home/buhrmann/ws_moveit/install/rviz_visual_tools:/home/buhrmann/ws_moveit/install/moveit_task_constructor_visualization:/home/buhrmann/ws_moveit/install/moveit_task_constructor_demo:/home/buhrmann/ws_moveit/install/moveit_task_constructor_capabilities:/home/buhrmann/ws_moveit/install/moveit_task_constructor_core:/home/buhrmann/ws_moveit/install/rviz_marker_tools:/home/buhrmann/ws_moveit/install/picknik_accessories:/home/buhrmann/ws_moveit/install/kortex_bringup:/home/buhrmann/ws_moveit/install/kinova_gen3_lite_moveit_config:/home/buhrmann/ws_moveit/install/kinova_gen3_7dof_robotiq_2f_85_moveit_config:/home/buhrmann/ws_moveit/install/kinova_gen3_6dof_robotiq_2f_85_moveit_config:/home/buhrmann/ws_moveit/install/kortex_description:/home/buhrmann/ws_moveit/install/robotiq_description:/home/buhrmann/ws_moveit/install/robotiq_controllers:/home/buhrmann/ws_moveit/install/point_cloud_circle_detector:/home/buhrmann/ws_moveit/install/pilz_industrial_motion_planner_testutils:/home/buhrmann/ws_moveit/install/moveit_runtime:/home/buhrmann/ws_moveit/install/moveit:/home/buhrmann/ws_moveit/install/moveit_planners:/home/buhrmann/ws_moveit/install/pilz_industrial_motion_planner:/home/buhrmann/ws_moveit/install/pick_ik:/home/buhrmann/ws_moveit/install/object_detection_pcl:/home/buhrmann/ws_moveit/install/object_detection:/home/buhrmann/ws_moveit/install/object_creation:/home/buhrmann/ws_moveit/install/moveit_task_constructor_msgs:/home/buhrmann/ws_moveit/install/moveit_ros_control_interface:/home/buhrmann/ws_moveit/install/moveit_plugins:/home/buhrmann/ws_moveit/install/moveit_simple_controller_manager:/home/buhrmann/ws_moveit/install/moveit_setup_assistant:/home/buhrmann/ws_moveit/install/moveit_setup_srdf_plugins:/home/buhrmann/ws_moveit/install/moveit_setup_core_plugins:/home/buhrmann/ws_moveit/install/moveit_setup_controllers:/home/buhrmann/ws_moveit/install/moveit_setup_app_plugins:/home/buhrmann/ws_moveit/install/moveit_setup_framework:/home/buhrmann/ws_moveit/install/moveit_servo:/home/buhrmann/ws_moveit/install/moveit_ros_trajectory_cache:/home/buhrmann/ws_moveit/install/moveit_ros:/home/buhrmann/ws_moveit/install/moveit_ros_visualization:/home/buhrmann/ws_moveit/install/moveit_py:/home/buhrmann/ws_moveit/install/moveit_hybrid_planning:/home/buhrmann/ws_moveit/install/moveit_ros_planning_interface:/home/buhrmann/ws_moveit/install/moveit_ros_benchmarks:/home/buhrmann/ws_moveit/install/moveit_ros_warehouse:/home/buhrmann/ws_moveit/install/moveit_ros_robot_interaction:/home/buhrmann/ws_moveit/install/moveit_ros_perception:/home/buhrmann/ws_moveit/install/moveit_resources_prbt_pg70_support:/home/buhrmann/ws_moveit/install/moveit_resources_prbt_moveit_config:/home/buhrmann/ws_moveit/install/moveit_ros_move_group:/home/buhrmann/ws_moveit/install/moveit_planners_ompl:/home/buhrmann/ws_moveit/install/moveit_kinematics:/home/buhrmann/ws_moveit/install/moveit_ros_planning:/home/buhrmann/ws_moveit/install/moveit_ros_occupancy_map_monitor:/home/buhrmann/ws_moveit/install/moveit_resources_prbt_support:/home/buhrmann/ws_moveit/install/moveit_resources_prbt_ikfast_manipulator_plugin:/home/buhrmann/ws_moveit/install/moveit_resources:/home/buhrmann/ws_moveit/install/moveit_resources_pr2_description:/home/buhrmann/ws_moveit/install/moveit_resources_panda_moveit_config:/home/buhrmann/ws_moveit/install/dual_arm_panda_moveit_config:/home/buhrmann/ws_moveit/install/moveit_resources_panda_description:/home/buhrmann/ws_moveit/install/moveit_resources_fanuc_moveit_config:/home/buhrmann/ws_moveit/install/moveit_resources_fanuc_description:/home/buhrmann/ws_moveit/install/moveit_planners_stomp:/home/buhrmann/ws_moveit/install/moveit_planners_chomp:/home/buhrmann/ws_moveit/install/chomp_motion_planner:/home/buhrmann/ws_moveit/install/moveit_core:/home/buhrmann/ws_moveit/install/moveit_msgs:/home/buhrmann/ws_moveit/install/moveit_common:/home/buhrmann/ws_moveit/install/kortex_driver:/home/buhrmann/ws_moveit/install/kortex_api:/opt/ros/iron CMAKE_PREFIX_PATH=/home/buhrmann/ws_moveit/install/moveit:/home/buhrmann/ws_moveit/install/kinova_gen3_7dof_robotiq_2f_85_moveit_config:/home/buhrmann/ws_moveit/install/moveit_task_constructor_core:/home/buhrmann/ws_moveit/install/moveit_setup_assistant:/home/buhrmann/ws_moveit/install/moveit_setup_srdf_plugins:/home/buhrmann/ws_moveit/install/moveit_setup_core_plugins:/home/buhrmann/ws_moveit/install/moveit_setup_controllers:/home/buhrmann/ws_moveit/install/moveit_setup_app_plugins:/home/buhrmann/ws_moveit/install/moveit_planners:/home/buhrmann/ws_moveit/install/pilz_industrial_motion_planner:/home/buhrmann/ws_moveit/install/moveit_setup_framework:/home/buhrmann/ws_moveit/install/moveit_servo:/home/buhrmann/ws_moveit/install/moveit_ros:/home/buhrmann/ws_moveit/install/moveit_ros_visualization:/home/buhrmann/ws_moveit/install/moveit_resources_prbt_pg70_support:/home/buhrmann/ws_moveit/install/moveit_py:/home/buhrmann/ws_moveit/install/moveit_hybrid_planning:/home/buhrmann/ws_moveit/install/moveit_ros_planning_interface:/home/buhrmann/ws_moveit/install/moveit_resources_prbt_moveit_config:/home/buhrmann/ws_moveit/install/moveit_ros_move_group:/home/buhrmann/ws_moveit/install/moveit_ros_benchmarks:/home/buhrmann/ws_moveit/install/moveit_visual_tools:/home/buhrmann/ws_moveit/install/moveit_ros_warehouse:/home/buhrmann/ws_moveit/install/moveit_ros_robot_interaction:/home/buhrmann/ws_moveit/install/moveit_ros_perception:/home/buhrmann/ws_moveit/install/moveit_planners_ompl:/home/buhrmann/ws_moveit/install/moveit_kinematics:/home/buhrmann/ws_moveit/install/moveit_ros_planning:/home/buhrmann/ws_moveit/install/moveit_plugins:/home/buhrmann/ws_moveit/install/pilz_industrial_motion_planner_testutils:/home/buhrmann/ws_moveit/install/pick_ik:/home/buhrmann/ws_moveit/install/moveit_simple_controller_manager:/home/buhrmann/ws_moveit/install/moveit_ros_occupancy_map_monitor:/home/buhrmann/ws_moveit/install/moveit_resources_prbt_ikfast_manipulator_plugin:/home/buhrmann/ws_moveit/install/moveit_planners_stomp:/home/buhrmann/ws_moveit/install/chomp_motion_planner:/home/buhrmann/ws_moveit/install/moveit_core:/home/buhrmann/ws_moveit/install/rviz_marker_tools:/home/buhrmann/ws_moveit/install/moveit_task_constructor_msgs:/home/buhrmann/ws_moveit/install/moveit_resources_panda_moveit_config:/home/buhrmann/ws_moveit/install/moveit_resources_fanuc_moveit_config:/home/buhrmann/ws_moveit/install/kortex_description:/home/buhrmann/ws_moveit/install/rviz_visual_tools:/home/buhrmann/ws_moveit/install/robotiq_description:/home/buhrmann/ws_moveit/install/moveit_resources_prbt_support:/home/buhrmann/ws_moveit/install/moveit_resources_pr2_description:/home/buhrmann/ws_moveit/install/moveit_resources_panda_description:/home/buhrmann/ws_moveit/install/moveit_resources_fanuc_description:/home/buhrmann/ws_moveit/install/moveit_msgs:/home/buhrmann/ws_moveit/install/moveit_common:/home/buhrmann/ws_moveit/install/ur5_moveit_test:/home/buhrmann/ws_moveit/install/ur5_camera_moveit_config2:/home/buhrmann/ws_moveit/install/ur5_camera_moveit_config:/home/buhrmann/ws_moveit/install/ur5_description_controller:/home/buhrmann/ws_moveit/install/ur3_camera_moveit_config:/home/buhrmann/ws_moveit/install/ur3_description_controller:/home/buhrmann/ws_moveit/install/robotiq_hardware_tests:/home/buhrmann/ws_moveit/install/robotiq_driver:/home/buhrmann/ws_moveit/install/serial:/home/buhrmann/ws_moveit/install/moveit2_tutorials:/home/buhrmann/ws_moveit/install/moveit_task_constructor_visualization:/home/buhrmann/ws_moveit/install/moveit_task_constructor_demo:/home/buhrmann/ws_moveit/install/moveit_task_constructor_capabilities:/home/buhrmann/ws_moveit/install/picknik_accessories:/home/buhrmann/ws_moveit/install/kortex_bringup:/home/buhrmann/ws_moveit/install/kinova_gen3_lite_moveit_config:/home/buhrmann/ws_moveit/install/kinova_gen3_6dof_robotiq_2f_85_moveit_config:/home/buhrmann/ws_moveit/install/robotiq_controllers:/home/buhrmann/ws_moveit/install/point_cloud_circle_detector:/home/buhrmann/ws_moveit/install/moveit_runtime:/home/buhrmann/ws_moveit/install/object_detection_pcl:/home/buhrmann/ws_moveit/install/object_detection:/home/buhrmann/ws_moveit/install/object_creation:/home/buhrmann/ws_moveit/install/moveit_ros_control_interface:/home/buhrmann/ws_moveit/install/moveit_ros_trajectory_cache:/home/buhrmann/ws_moveit/install/moveit_resources:/home/buhrmann/ws_moveit/install/dual_arm_panda_moveit_config:/home/buhrmann/ws_moveit/install/moveit_planners_chomp:/home/buhrmann/ws_moveit/install/kortex_driver:/home/buhrmann/ws_moveit/install/kortex_api:/home/buhrmann/ws_moveit/install/moveit_configs_utils:/opt/ros/iron LD_LIBRARY_PATH=/home/buhrmann/ws_moveit/install/moveit_task_constructor_core/lib:/home/buhrmann/ws_moveit/install/moveit_setup_srdf_plugins/lib:/home/buhrmann/ws_moveit/install/moveit_setup_core_plugins/lib:/home/buhrmann/ws_moveit/install/moveit_setup_controllers/lib:/home/buhrmann/ws_moveit/install/moveit_setup_app_plugins/lib:/home/buhrmann/ws_moveit/install/pilz_industrial_motion_planner/lib:/home/buhrmann/ws_moveit/install/moveit_setup_framework/lib:/home/buhrmann/ws_moveit/install/moveit_servo/lib:/home/buhrmann/ws_moveit/install/moveit_ros_visualization/lib:/home/buhrmann/ws_moveit/install/moveit_py/lib:/home/buhrmann/ws_moveit/install/moveit_hybrid_planning/lib:/home/buhrmann/ws_moveit/install/moveit_ros_planning_interface/lib:/home/buhrmann/ws_moveit/install/moveit_ros_move_group/lib:/home/buhrmann/ws_moveit/install/moveit_ros_benchmarks/lib:/home/buhrmann/ws_moveit/install/moveit_visual_tools/lib:/home/buhrmann/ws_moveit/install/moveit_ros_warehouse/lib:/home/buhrmann/ws_moveit/install/moveit_ros_robot_interaction/lib:/home/buhrmann/ws_moveit/install/moveit_ros_perception/lib:/home/buhrmann/ws_moveit/install/moveit_planners_ompl/lib:/home/buhrmann/ws_moveit/install/moveit_kinematics/lib:/home/buhrmann/ws_moveit/install/moveit_ros_planning/lib:/home/buhrmann/ws_moveit/install/pilz_industrial_motion_planner_testutils/lib:/home/buhrmann/ws_moveit/install/pick_ik/lib:/home/buhrmann/ws_moveit/install/moveit_simple_controller_manager/lib:/home/buhrmann/ws_moveit/install/moveit_ros_occupancy_map_monitor/lib:/home/buhrmann/ws_moveit/install/moveit_resources_prbt_ikfast_manipulator_plugin/lib:/home/buhrmann/ws_moveit/install/moveit_planners_stomp/lib:/home/buhrmann/ws_moveit/install/chomp_motion_planner/lib:/home/buhrmann/ws_moveit/install/moveit_core/lib:/home/buhrmann/ws_moveit/install/rviz_marker_tools/lib:/home/buhrmann/ws_moveit/install/moveit_task_constructor_msgs/lib:/home/buhrmann/ws_moveit/install/rviz_visual_tools/lib:/home/buhrmann/ws_moveit/install/moveit_msgs/lib:/home/buhrmann/ws_moveit/install/robotiq_driver/lib:/home/buhrmann/ws_moveit/install/serial/lib:/home/buhrmann/ws_moveit/install/moveit_task_constructor_visualization/lib:/home/buhrmann/ws_moveit/install/moveit_task_constructor_demo/lib:/home/buhrmann/ws_moveit/install/moveit_task_constructor_capabilities/lib:/home/buhrmann/ws_moveit/install/robotiq_controllers/lib:/home/buhrmann/ws_moveit/install/moveit_ros_control_interface/lib:/home/buhrmann/ws_moveit/install/moveit_setup_assistant/lib:/home/buhrmann/ws_moveit/install/moveit_ros_trajectory_cache/lib:/home/buhrmann/ws_moveit/install/moveit_planners_chomp/lib:/home/buhrmann/ws_moveit/install/kortex_driver/lib:/opt/ros/iron/opt/rviz_ogre_vendor/lib:/opt/ros/iron/lib/x86_64-linux-gnu:/opt/ros/iron/lib:/usr/lib/jvm/java-11-openjdk-amd64/lib/amd64 PYTHONPATH=/home/buhrmann/ws_moveit/install/moveit_task_constructor_core/lib/python3.10/site-packages:/home/buhrmann/ws_moveit/install/moveit_py/lib/python3.10/site-packages:/home/buhrmann/ws_moveit/install/moveit_task_constructor_msgs/lib/python3.10/site-packages:/home/buhrmann/ws_moveit/install/moveit_msgs/lib/python3.10/site-packages:/home/buhrmann/ws_moveit/install/moveit_configs_utils/lib/python3.10/site-packages:/opt/ros/iron/lib/python3.10/site-packages /usr/bin/cmake --install /home/buhrmann/ws_moveit/build/moveit2_tutorials
[22.698s] -- Install configuration: "Release"
[22.707s] -- Installing: /home/buhrmann/ws_moveit/install/moveit2_tutorials/lib/moveit2_tutorials/collision_scene_example
[22.708s] -- Set runtime path of "/home/buhrmann/ws_moveit/install/moveit2_tutorials/lib/moveit2_tutorials/collision_scene_example" to ""
[22.708s] -- Up-to-date: /home/buhrmann/ws_moveit/install/moveit2_tutorials/share/moveit2_tutorials/urdf
[22.709s] -- Up-to-date: /home/buhrmann/ws_moveit/install/moveit2_tutorials/share/moveit2_tutorials/urdf/realsense_d435
[22.709s] -- Up-to-date: /home/buhrmann/ws_moveit/install/moveit2_tutorials/share/moveit2_tutorials/urdf/realsense_d435/macros.xacro
[22.709s] -- Up-to-date: /home/buhrmann/ws_moveit/install/moveit2_tutorials/share/moveit2_tutorials/urdf/realsense_d435/camera.urdf.xacro
[22.709s] -- Up-to-date: /home/buhrmann/ws_moveit/install/moveit2_tutorials/share/moveit2_tutorials/launch
[22.709s] -- Up-to-date: /home/buhrmann/ws_moveit/install/moveit2_tutorials/share/moveit2_tutorials/launch/depth_camera_environment.launch.py
[22.709s] -- Up-to-date: /home/buhrmann/ws_moveit/install/moveit2_tutorials/share/moveit2_tutorials/launch/perception_pipeline_demo.launch.py
[22.709s] -- Up-to-date: /home/buhrmann/ws_moveit/install/moveit2_tutorials/share/moveit2_tutorials/meshes
[22.709s] -- Up-to-date: /home/buhrmann/ws_moveit/install/moveit2_tutorials/share/moveit2_tutorials/meshes/d435.dae
[22.710s] -- Up-to-date: /home/buhrmann/ws_moveit/install/moveit2_tutorials/share/moveit2_tutorials/config
[22.710s] -- Up-to-date: /home/buhrmann/ws_moveit/install/moveit2_tutorials/share/moveit2_tutorials/config/sensors_3d.yaml
[22.710s] -- Up-to-date: /home/buhrmann/ws_moveit/install/moveit2_tutorials/share/moveit2_tutorials/worlds
[22.710s] -- Up-to-date: /home/buhrmann/ws_moveit/install/moveit2_tutorials/share/moveit2_tutorials/worlds/perception_pipeline_demo.world
[22.710s] -- Up-to-date: /home/buhrmann/ws_moveit/install/moveit2_tutorials/share/moveit2_tutorials/rviz2
[22.710s] -- Up-to-date: /home/buhrmann/ws_moveit/install/moveit2_tutorials/share/moveit2_tutorials/rviz2/depth_camera_environment.rviz
[22.710s] -- Up-to-date: /home/buhrmann/ws_moveit/install/moveit2_tutorials/share/moveit2_tutorials/config
[22.711s] -- Up-to-date: /home/buhrmann/ws_moveit/install/moveit2_tutorials/share/moveit2_tutorials/config/jupyter_notebook_prototyping.rviz
[22.711s] -- Up-to-date: /home/buhrmann/ws_moveit/install/moveit2_tutorials/share/moveit2_tutorials/config/jupyter_notebook_prototyping.yaml
[22.711s] -- Up-to-date: /home/buhrmann/ws_moveit/install/moveit2_tutorials/share/moveit2_tutorials/launch
[22.711s] -- Up-to-date: /home/buhrmann/ws_moveit/install/moveit2_tutorials/share/moveit2_tutorials/launch/jupyter_notebook_prototyping.launch.py
[22.711s] -- Up-to-date: /home/buhrmann/ws_moveit/install/moveit2_tutorials/share/moveit2_tutorials/src
[22.711s] -- Up-to-date: /home/buhrmann/ws_moveit/install/moveit2_tutorials/share/moveit2_tutorials/src/moveit_notebook_tutorial.ipynb
[22.712s] -- Installing: /home/buhrmann/ws_moveit/install/moveit2_tutorials/lib/moveit2_tutorials/motion_planning_api_tutorial
[22.713s] -- Set runtime path of "/home/buhrmann/ws_moveit/install/moveit2_tutorials/lib/moveit2_tutorials/motion_planning_api_tutorial" to ""
[22.713s] -- Up-to-date: /home/buhrmann/ws_moveit/install/moveit2_tutorials/share/moveit2_tutorials/launch
[22.713s] -- Up-to-date: /home/buhrmann/ws_moveit/install/moveit2_tutorials/share/moveit2_tutorials/launch/motion_planning_api_tutorial.launch.py
[22.714s] -- Installing: /home/buhrmann/ws_moveit/install/moveit2_tutorials/lib/moveit2_tutorials/motion_planning_pipeline_tutorial
[22.715s] -- Set runtime path of "/home/buhrmann/ws_moveit/install/moveit2_tutorials/lib/moveit2_tutorials/motion_planning_pipeline_tutorial" to ""
[22.715s] -- Up-to-date: /home/buhrmann/ws_moveit/install/moveit2_tutorials/share/moveit2_tutorials/launch
[22.716s] -- Up-to-date: /home/buhrmann/ws_moveit/install/moveit2_tutorials/share/moveit2_tutorials/launch/motion_planning_pipeline_tutorial.launch.py
[22.716s] -- Up-to-date: /home/buhrmann/ws_moveit/install/moveit2_tutorials/lib/moveit2_tutorials/motion_planning_python_api_tutorial.py
[22.716s] -- Up-to-date: /home/buhrmann/ws_moveit/install/moveit2_tutorials/lib/moveit2_tutorials/motion_planning_python_api_planning_scene.py
[22.716s] -- Up-to-date: /home/buhrmann/ws_moveit/install/moveit2_tutorials/share/moveit2_tutorials/config
[22.716s] -- Up-to-date: /home/buhrmann/ws_moveit/install/moveit2_tutorials/share/moveit2_tutorials/config/motion_planning_python_api_tutorial.rviz
[22.716s] -- Up-to-date: /home/buhrmann/ws_moveit/install/moveit2_tutorials/share/moveit2_tutorials/config/motion_planning_python_api_tutorial.yaml
[22.716s] -- Up-to-date: /home/buhrmann/ws_moveit/install/moveit2_tutorials/share/moveit2_tutorials/launch
[22.716s] -- Up-to-date: /home/buhrmann/ws_moveit/install/moveit2_tutorials/share/moveit2_tutorials/launch/motion_planning_python_api_tutorial.launch.py
[22.717s] -- Installing: /home/buhrmann/ws_moveit/install/moveit2_tutorials/lib/moveit2_tutorials/move_group_interface_tutorial
[22.718s] -- Set runtime path of "/home/buhrmann/ws_moveit/install/moveit2_tutorials/lib/moveit2_tutorials/move_group_interface_tutorial" to ""
[22.718s] -- Up-to-date: /home/buhrmann/ws_moveit/install/moveit2_tutorials/share/moveit2_tutorials/launch
[22.718s] -- Up-to-date: /home/buhrmann/ws_moveit/install/moveit2_tutorials/share/moveit2_tutorials/launch/move_group.launch.py
[22.718s] -- Up-to-date: /home/buhrmann/ws_moveit/install/moveit2_tutorials/share/moveit2_tutorials/launch/move_group_interface_tutorial.launch.py
[22.718s] -- Up-to-date: /home/buhrmann/ws_moveit/install/moveit2_tutorials/share/moveit2_tutorials/launch/move_group.rviz
[22.719s] -- Installing: /home/buhrmann/ws_moveit/install/moveit2_tutorials/lib/moveit2_tutorials/moveit_cpp_tutorial
[22.719s] -- Set runtime path of "/home/buhrmann/ws_moveit/install/moveit2_tutorials/lib/moveit2_tutorials/moveit_cpp_tutorial" to ""
[22.719s] -- Up-to-date: /home/buhrmann/ws_moveit/install/moveit2_tutorials/share/moveit2_tutorials/launch
[22.719s] -- Up-to-date: /home/buhrmann/ws_moveit/install/moveit2_tutorials/share/moveit2_tutorials/launch/moveit_cpp_tutorial.rviz
[22.719s] -- Up-to-date: /home/buhrmann/ws_moveit/install/moveit2_tutorials/share/moveit2_tutorials/launch/moveit_cpp_tutorial.launch.py
[22.720s] -- Up-to-date: /home/buhrmann/ws_moveit/install/moveit2_tutorials/share/moveit2_tutorials/config
[22.720s] -- Up-to-date: /home/buhrmann/ws_moveit/install/moveit2_tutorials/share/moveit2_tutorials/config/moveit_cpp.yaml
[22.720s] -- Installing: /home/buhrmann/ws_moveit/install/moveit2_tutorials/lib/moveit2_tutorials/planning_scene_tutorial
[22.721s] -- Set runtime path of "/home/buhrmann/ws_moveit/install/moveit2_tutorials/lib/moveit2_tutorials/planning_scene_tutorial" to ""
[22.721s] -- Up-to-date: /home/buhrmann/ws_moveit/install/moveit2_tutorials/share/moveit2_tutorials/launch
[22.721s] -- Up-to-date: /home/buhrmann/ws_moveit/install/moveit2_tutorials/share/moveit2_tutorials/launch/planning_scene_tutorial.launch.py
[22.722s] -- Installing: /home/buhrmann/ws_moveit/install/moveit2_tutorials/lib/moveit2_tutorials/planning_scene_ros_api_tutorial
[22.722s] -- Set runtime path of "/home/buhrmann/ws_moveit/install/moveit2_tutorials/lib/moveit2_tutorials/planning_scene_ros_api_tutorial" to ""
[22.722s] -- Up-to-date: /home/buhrmann/ws_moveit/install/moveit2_tutorials/share/moveit2_tutorials/launch
[22.722s] -- Up-to-date: /home/buhrmann/ws_moveit/install/moveit2_tutorials/share/moveit2_tutorials/launch/planning_scene_ros_api_tutorial.launch.py
[22.723s] -- Installing: /home/buhrmann/ws_moveit/install/moveit2_tutorials/lib/moveit2_tutorials/pose_tracking_tutorial
[22.724s] -- Set runtime path of "/home/buhrmann/ws_moveit/install/moveit2_tutorials/lib/moveit2_tutorials/pose_tracking_tutorial" to ""
[22.724s] -- Up-to-date: /home/buhrmann/ws_moveit/install/moveit2_tutorials/share/moveit2_tutorials/launch
[22.724s] -- Up-to-date: /home/buhrmann/ws_moveit/install/moveit2_tutorials/share/moveit2_tutorials/launch/pose_tracking_tutorial.launch.py
[22.724s] -- Up-to-date: /home/buhrmann/ws_moveit/install/moveit2_tutorials/share/moveit2_tutorials/config
[22.724s] -- Up-to-date: /home/buhrmann/ws_moveit/install/moveit2_tutorials/share/moveit2_tutorials/config/panda_simulated_config.yaml
[22.724s] -- Up-to-date: /home/buhrmann/ws_moveit/install/moveit2_tutorials/share/moveit2_tutorials/config/demo_rviz_config.rviz
[22.725s] -- Installing: /home/buhrmann/ws_moveit/install/moveit2_tutorials/lib/moveit2_tutorials/robot_model_and_robot_state_tutorial
[22.725s] -- Set runtime path of "/home/buhrmann/ws_moveit/install/moveit2_tutorials/lib/moveit2_tutorials/robot_model_and_robot_state_tutorial" to ""
[22.725s] -- Up-to-date: /home/buhrmann/ws_moveit/install/moveit2_tutorials/share/moveit2_tutorials/launch
[22.725s] -- Up-to-date: /home/buhrmann/ws_moveit/install/moveit2_tutorials/share/moveit2_tutorials/launch/robot_model_and_robot_state_tutorial.launch.py
[22.725s] -- Up-to-date: /home/buhrmann/ws_moveit/install/moveit2_tutorials/share/moveit2_tutorials/launch
[22.725s] -- Up-to-date: /home/buhrmann/ws_moveit/install/moveit2_tutorials/share/moveit2_tutorials/launch/run_benchmarks.launch.py
[22.725s] -- Up-to-date: /home/buhrmann/ws_moveit/install/moveit2_tutorials/share/moveit2_tutorials/config
[22.726s] -- Up-to-date: /home/buhrmann/ws_moveit/install/moveit2_tutorials/share/moveit2_tutorials/config/benchmarks.yaml
[22.726s] -- Up-to-date: /home/buhrmann/ws_moveit/install/moveit2_tutorials/share/moveit2_tutorials/config/benchmarking_moveit_cpp.yaml
[22.726s] -- Up-to-date: /home/buhrmann/ws_moveit/install/moveit2_tutorials/share/moveit2_tutorials/launch
[22.726s] -- Up-to-date: /home/buhrmann/ws_moveit/install/moveit2_tutorials/share/moveit2_tutorials/launch/isaac_moveit.py
[22.726s] -- Up-to-date: /home/buhrmann/ws_moveit/install/moveit2_tutorials/share/moveit2_tutorials/launch/isaac_demo.launch.py
[22.726s] -- Up-to-date: /home/buhrmann/ws_moveit/install/moveit2_tutorials/share/moveit2_tutorials/launch/python.sh
[22.726s] -- Up-to-date: /home/buhrmann/ws_moveit/install/moveit2_tutorials/share/moveit2_tutorials/config
[22.726s] -- Up-to-date: /home/buhrmann/ws_moveit/install/moveit2_tutorials/share/moveit2_tutorials/config/panda_moveit_config.rviz
[22.727s] -- Installing: /home/buhrmann/ws_moveit/install/moveit2_tutorials/lib/moveit2_tutorials/kinematics_cost_function_tutorial
[22.727s] -- Set runtime path of "/home/buhrmann/ws_moveit/install/moveit2_tutorials/lib/moveit2_tutorials/kinematics_cost_function_tutorial" to ""
[22.727s] -- Up-to-date: /home/buhrmann/ws_moveit/install/moveit2_tutorials/share/moveit2_tutorials/launch
[22.727s] -- Up-to-date: /home/buhrmann/ws_moveit/install/moveit2_tutorials/share/moveit2_tutorials/launch/kinematics_cost_function_tutorial.launch.py
[22.728s] -- Installing: /home/buhrmann/ws_moveit/install/moveit2_tutorials/lib/moveit2_tutorials/parallel_planning_example
[22.728s] -- Set runtime path of "/home/buhrmann/ws_moveit/install/moveit2_tutorials/lib/moveit2_tutorials/parallel_planning_example" to ""
[22.728s] -- Up-to-date: /home/buhrmann/ws_moveit/install/moveit2_tutorials/share/moveit2_tutorials/launch
[22.728s] -- Up-to-date: /home/buhrmann/ws_moveit/install/moveit2_tutorials/share/moveit2_tutorials/launch/parallel_planning_example.launch.py
[22.729s] -- Up-to-date: /home/buhrmann/ws_moveit/install/moveit2_tutorials/share/moveit2_tutorials/config
[22.729s] -- Up-to-date: /home/buhrmann/ws_moveit/install/moveit2_tutorials/share/moveit2_tutorials/config/panda_test_db.sqlite
[22.729s] -- Up-to-date: /home/buhrmann/ws_moveit/install/moveit2_tutorials/share/moveit2_tutorials/config/parallel_planning_config.rviz
[22.729s] -- Up-to-date: /home/buhrmann/ws_moveit/install/moveit2_tutorials/share/moveit2_tutorials/config/parallel_planning_moveit_cpp.yaml
[22.729s] -- Up-to-date: /home/buhrmann/ws_moveit/install/moveit2_tutorials/share/moveit2_tutorials/launch
[22.729s] -- Up-to-date: /home/buhrmann/ws_moveit/install/moveit2_tutorials/share/moveit2_tutorials/launch/chomp_demo.launch.py
[22.729s] -- Up-to-date: /home/buhrmann/ws_moveit/install/moveit2_tutorials/share/moveit2_tutorials/config
[22.729s] -- Up-to-date: /home/buhrmann/ws_moveit/install/moveit2_tutorials/share/moveit2_tutorials/config/moveit_chomp.rviz
[22.729s] -- Up-to-date: /home/buhrmann/ws_moveit/install/moveit2_tutorials/share/moveit2_tutorials/launch
[22.729s] -- Up-to-date: /home/buhrmann/ws_moveit/install/moveit2_tutorials/share/moveit2_tutorials/launch/persistent_scenes_demo.launch.py
[22.730s] -- Installing: /home/buhrmann/ws_moveit/install/moveit2_tutorials/lib/moveit2_tutorials/pilz_move_group
[22.730s] -- Set runtime path of "/home/buhrmann/ws_moveit/install/moveit2_tutorials/lib/moveit2_tutorials/pilz_move_group" to ""
[22.731s] -- Installing: /home/buhrmann/ws_moveit/install/moveit2_tutorials/lib/moveit2_tutorials/pilz_mtc
[22.731s] -- Set runtime path of "/home/buhrmann/ws_moveit/install/moveit2_tutorials/lib/moveit2_tutorials/pilz_mtc" to ""
[22.731s] -- Installing: /home/buhrmann/ws_moveit/install/moveit2_tutorials/lib/moveit2_tutorials/pilz_sequence
[22.732s] -- Set runtime path of "/home/buhrmann/ws_moveit/install/moveit2_tutorials/lib/moveit2_tutorials/pilz_sequence" to ""
[22.732s] -- Up-to-date: /home/buhrmann/ws_moveit/install/moveit2_tutorials/share/moveit2_tutorials/launch
[22.732s] -- Up-to-date: /home/buhrmann/ws_moveit/install/moveit2_tutorials/share/moveit2_tutorials/launch/pilz_mtc.launch.py
[22.732s] -- Up-to-date: /home/buhrmann/ws_moveit/install/moveit2_tutorials/share/moveit2_tutorials/launch/pilz_moveit.launch.py
[22.733s] -- Installing: /home/buhrmann/ws_moveit/install/moveit2_tutorials/lib/moveit2_tutorials/ompl_constrained_planning
[22.733s] -- Set runtime path of "/home/buhrmann/ws_moveit/install/moveit2_tutorials/lib/moveit2_tutorials/ompl_constrained_planning" to ""
[22.733s] -- Up-to-date: /home/buhrmann/ws_moveit/install/moveit2_tutorials/share/moveit2_tutorials/launch
[22.733s] -- Up-to-date: /home/buhrmann/ws_moveit/install/moveit2_tutorials/share/moveit2_tutorials/launch/ompl_constrained_planning.launch.py
[22.733s] -- Up-to-date: /home/buhrmann/ws_moveit/install/moveit2_tutorials/share/moveit2_tutorials/launch/ompl_constrained_planning.rviz
[22.733s] -- Installing: /home/buhrmann/ws_moveit/install/moveit2_tutorials/lib/moveit2_tutorials/mtc_tutorial
[22.734s] -- Set runtime path of "/home/buhrmann/ws_moveit/install/moveit2_tutorials/lib/moveit2_tutorials/mtc_tutorial" to ""
[22.734s] -- Installing: /home/buhrmann/ws_moveit/install/moveit2_tutorials/lib/moveit2_tutorials/minimal_mtc_tutorial
[22.734s] -- Set runtime path of "/home/buhrmann/ws_moveit/install/moveit2_tutorials/lib/moveit2_tutorials/minimal_mtc_tutorial" to ""
[22.734s] -- Up-to-date: /home/buhrmann/ws_moveit/install/moveit2_tutorials/share/moveit2_tutorials/launch
[22.734s] -- Up-to-date: /home/buhrmann/ws_moveit/install/moveit2_tutorials/share/moveit2_tutorials/launch/mtc_demo_minimal.launch.py
[22.735s] -- Up-to-date: /home/buhrmann/ws_moveit/install/moveit2_tutorials/share/moveit2_tutorials/launch/mtc_demo.launch.py
[22.735s] -- Up-to-date: /home/buhrmann/ws_moveit/install/moveit2_tutorials/share/moveit2_tutorials/launch/pick_place_demo.launch.py
[22.735s] -- Up-to-date: /home/buhrmann/ws_moveit/install/moveit2_tutorials/share/moveit2_tutorials/launch/mtc.rviz
[22.735s] -- Up-to-date: /home/buhrmann/ws_moveit/install/moveit2_tutorials/share/moveit2_tutorials/launch
[22.735s] -- Up-to-date: /home/buhrmann/ws_moveit/install/moveit2_tutorials/share/moveit2_tutorials/launch/kinova_moveit_config_demo.rviz
[22.735s] -- Up-to-date: /home/buhrmann/ws_moveit/install/moveit2_tutorials/share/moveit2_tutorials/launch/kinova_moveit_config_demo_empty.rviz
[22.735s] -- Up-to-date: /home/buhrmann/ws_moveit/install/moveit2_tutorials/share/moveit2_tutorials/launch/kinova_hello_moveit.rviz
[22.735s] -- Up-to-date: /home/buhrmann/ws_moveit/install/moveit2_tutorials/share/moveit2_tutorials/launch/demo.launch.py
[22.735s] -- Up-to-date: /home/buhrmann/ws_moveit/install/moveit2_tutorials/share/moveit2_tutorials/launch
[22.735s] -- Up-to-date: /home/buhrmann/ws_moveit/install/moveit2_tutorials/share/moveit2_tutorials/launch/demo_pick_ik.launch.py
[22.735s] -- Up-to-date: /home/buhrmann/ws_moveit/install/moveit2_tutorials/share/moveit2_tutorials/config
[22.735s] -- Up-to-date: /home/buhrmann/ws_moveit/install/moveit2_tutorials/share/moveit2_tutorials/config/kinematics_pick_ik.yaml
[22.735s] -- Up-to-date: /home/buhrmann/ws_moveit/install/moveit2_tutorials/share/ament_index/resource_index/package_run_dependencies/moveit2_tutorials
[22.735s] -- Installing: /home/buhrmann/ws_moveit/install/moveit2_tutorials/share/ament_index/resource_index/parent_prefix_path/moveit2_tutorials
[22.735s] -- Up-to-date: /home/buhrmann/ws_moveit/install/moveit2_tutorials/share/moveit2_tutorials/environment/ament_prefix_path.sh
[22.735s] -- Up-to-date: /home/buhrmann/ws_moveit/install/moveit2_tutorials/share/moveit2_tutorials/environment/ament_prefix_path.dsv
[22.735s] -- Up-to-date: /home/buhrmann/ws_moveit/install/moveit2_tutorials/share/moveit2_tutorials/environment/path.sh
[22.735s] -- Up-to-date: /home/buhrmann/ws_moveit/install/moveit2_tutorials/share/moveit2_tutorials/environment/path.dsv
[22.736s] -- Up-to-date: /home/buhrmann/ws_moveit/install/moveit2_tutorials/share/moveit2_tutorials/local_setup.bash
[22.736s] -- Up-to-date: /home/buhrmann/ws_moveit/install/moveit2_tutorials/share/moveit2_tutorials/local_setup.sh
[22.736s] -- Up-to-date: /home/buhrmann/ws_moveit/install/moveit2_tutorials/share/moveit2_tutorials/local_setup.zsh
[22.736s] -- Up-to-date: /home/buhrmann/ws_moveit/install/moveit2_tutorials/share/moveit2_tutorials/local_setup.dsv
[22.736s] -- Installing: /home/buhrmann/ws_moveit/install/moveit2_tutorials/share/moveit2_tutorials/package.dsv
[22.736s] -- Up-to-date: /home/buhrmann/ws_moveit/install/moveit2_tutorials/share/ament_index/resource_index/packages/moveit2_tutorials
[22.736s] -- Up-to-date: /home/buhrmann/ws_moveit/install/moveit2_tutorials/share/moveit2_tutorials/cmake/ament_cmake_export_dependencies-extras.cmake
[22.736s] -- Up-to-date: /home/buhrmann/ws_moveit/install/moveit2_tutorials/share/moveit2_tutorials/cmake/ament_cmake_export_include_directories-extras.cmake
[22.736s] -- Up-to-date: /home/buhrmann/ws_moveit/install/moveit2_tutorials/share/moveit2_tutorials/cmake/moveit2_tutorialsConfig.cmake
[22.736s] -- Up-to-date: /home/buhrmann/ws_moveit/install/moveit2_tutorials/share/moveit2_tutorials/cmake/moveit2_tutorialsConfig-version.cmake
[22.736s] -- Up-to-date: /home/buhrmann/ws_moveit/install/moveit2_tutorials/share/moveit2_tutorials/package.xml
[22.737s] Invoked command in '/home/buhrmann/ws_moveit/build/moveit2_tutorials' returned '0': AMENT_PREFIX_PATH=/home/buhrmann/ws_moveit/install/moveit_configs_utils:/home/buhrmann/ws_moveit/install/ur5_moveit_test:/home/buhrmann/ws_moveit/install/ur5_camera_moveit_config2:/home/buhrmann/ws_moveit/install/ur5_camera_moveit_config:/home/buhrmann/ws_moveit/install/ur5_description_controller:/home/buhrmann/ws_moveit/install/ur3_camera_moveit_config:/home/buhrmann/ws_moveit/install/ur3_description_controller:/home/buhrmann/ws_moveit/install/robotiq_hardware_tests:/home/buhrmann/ws_moveit/install/robotiq_driver:/home/buhrmann/ws_moveit/install/serial:/home/buhrmann/ws_moveit/install/moveit2_tutorials:/home/buhrmann/ws_moveit/install/moveit_visual_tools:/home/buhrmann/ws_moveit/install/rviz_visual_tools:/home/buhrmann/ws_moveit/install/moveit_task_constructor_visualization:/home/buhrmann/ws_moveit/install/moveit_task_constructor_demo:/home/buhrmann/ws_moveit/install/moveit_task_constructor_capabilities:/home/buhrmann/ws_moveit/install/moveit_task_constructor_core:/home/buhrmann/ws_moveit/install/rviz_marker_tools:/home/buhrmann/ws_moveit/install/picknik_accessories:/home/buhrmann/ws_moveit/install/kortex_bringup:/home/buhrmann/ws_moveit/install/kinova_gen3_lite_moveit_config:/home/buhrmann/ws_moveit/install/kinova_gen3_7dof_robotiq_2f_85_moveit_config:/home/buhrmann/ws_moveit/install/kinova_gen3_6dof_robotiq_2f_85_moveit_config:/home/buhrmann/ws_moveit/install/kortex_description:/home/buhrmann/ws_moveit/install/robotiq_description:/home/buhrmann/ws_moveit/install/robotiq_controllers:/home/buhrmann/ws_moveit/install/point_cloud_circle_detector:/home/buhrmann/ws_moveit/install/pilz_industrial_motion_planner_testutils:/home/buhrmann/ws_moveit/install/moveit_runtime:/home/buhrmann/ws_moveit/install/moveit:/home/buhrmann/ws_moveit/install/moveit_planners:/home/buhrmann/ws_moveit/install/pilz_industrial_motion_planner:/home/buhrmann/ws_moveit/install/pick_ik:/home/buhrmann/ws_moveit/install/object_detection_pcl:/home/buhrmann/ws_moveit/install/object_detection:/home/buhrmann/ws_moveit/install/object_creation:/home/buhrmann/ws_moveit/install/moveit_task_constructor_msgs:/home/buhrmann/ws_moveit/install/moveit_ros_control_interface:/home/buhrmann/ws_moveit/install/moveit_plugins:/home/buhrmann/ws_moveit/install/moveit_simple_controller_manager:/home/buhrmann/ws_moveit/install/moveit_setup_assistant:/home/buhrmann/ws_moveit/install/moveit_setup_srdf_plugins:/home/buhrmann/ws_moveit/install/moveit_setup_core_plugins:/home/buhrmann/ws_moveit/install/moveit_setup_controllers:/home/buhrmann/ws_moveit/install/moveit_setup_app_plugins:/home/buhrmann/ws_moveit/install/moveit_setup_framework:/home/buhrmann/ws_moveit/install/moveit_servo:/home/buhrmann/ws_moveit/install/moveit_ros_trajectory_cache:/home/buhrmann/ws_moveit/install/moveit_ros:/home/buhrmann/ws_moveit/install/moveit_ros_visualization:/home/buhrmann/ws_moveit/install/moveit_py:/home/buhrmann/ws_moveit/install/moveit_hybrid_planning:/home/buhrmann/ws_moveit/install/moveit_ros_planning_interface:/home/buhrmann/ws_moveit/install/moveit_ros_benchmarks:/home/buhrmann/ws_moveit/install/moveit_ros_warehouse:/home/buhrmann/ws_moveit/install/moveit_ros_robot_interaction:/home/buhrmann/ws_moveit/install/moveit_ros_perception:/home/buhrmann/ws_moveit/install/moveit_resources_prbt_pg70_support:/home/buhrmann/ws_moveit/install/moveit_resources_prbt_moveit_config:/home/buhrmann/ws_moveit/install/moveit_ros_move_group:/home/buhrmann/ws_moveit/install/moveit_planners_ompl:/home/buhrmann/ws_moveit/install/moveit_kinematics:/home/buhrmann/ws_moveit/install/moveit_ros_planning:/home/buhrmann/ws_moveit/install/moveit_ros_occupancy_map_monitor:/home/buhrmann/ws_moveit/install/moveit_resources_prbt_support:/home/buhrmann/ws_moveit/install/moveit_resources_prbt_ikfast_manipulator_plugin:/home/buhrmann/ws_moveit/install/moveit_resources:/home/buhrmann/ws_moveit/install/moveit_resources_pr2_description:/home/buhrmann/ws_moveit/install/moveit_resources_panda_moveit_config:/home/buhrmann/ws_moveit/install/dual_arm_panda_moveit_config:/home/buhrmann/ws_moveit/install/moveit_resources_panda_description:/home/buhrmann/ws_moveit/install/moveit_resources_fanuc_moveit_config:/home/buhrmann/ws_moveit/install/moveit_resources_fanuc_description:/home/buhrmann/ws_moveit/install/moveit_planners_stomp:/home/buhrmann/ws_moveit/install/moveit_planners_chomp:/home/buhrmann/ws_moveit/install/chomp_motion_planner:/home/buhrmann/ws_moveit/install/moveit_core:/home/buhrmann/ws_moveit/install/moveit_msgs:/home/buhrmann/ws_moveit/install/moveit_common:/home/buhrmann/ws_moveit/install/kortex_driver:/home/buhrmann/ws_moveit/install/kortex_api:/opt/ros/iron CMAKE_PREFIX_PATH=/home/buhrmann/ws_moveit/install/moveit:/home/buhrmann/ws_moveit/install/kinova_gen3_7dof_robotiq_2f_85_moveit_config:/home/buhrmann/ws_moveit/install/moveit_task_constructor_core:/home/buhrmann/ws_moveit/install/moveit_setup_assistant:/home/buhrmann/ws_moveit/install/moveit_setup_srdf_plugins:/home/buhrmann/ws_moveit/install/moveit_setup_core_plugins:/home/buhrmann/ws_moveit/install/moveit_setup_controllers:/home/buhrmann/ws_moveit/install/moveit_setup_app_plugins:/home/buhrmann/ws_moveit/install/moveit_planners:/home/buhrmann/ws_moveit/install/pilz_industrial_motion_planner:/home/buhrmann/ws_moveit/install/moveit_setup_framework:/home/buhrmann/ws_moveit/install/moveit_servo:/home/buhrmann/ws_moveit/install/moveit_ros:/home/buhrmann/ws_moveit/install/moveit_ros_visualization:/home/buhrmann/ws_moveit/install/moveit_resources_prbt_pg70_support:/home/buhrmann/ws_moveit/install/moveit_py:/home/buhrmann/ws_moveit/install/moveit_hybrid_planning:/home/buhrmann/ws_moveit/install/moveit_ros_planning_interface:/home/buhrmann/ws_moveit/install/moveit_resources_prbt_moveit_config:/home/buhrmann/ws_moveit/install/moveit_ros_move_group:/home/buhrmann/ws_moveit/install/moveit_ros_benchmarks:/home/buhrmann/ws_moveit/install/moveit_visual_tools:/home/buhrmann/ws_moveit/install/moveit_ros_warehouse:/home/buhrmann/ws_moveit/install/moveit_ros_robot_interaction:/home/buhrmann/ws_moveit/install/moveit_ros_perception:/home/buhrmann/ws_moveit/install/moveit_planners_ompl:/home/buhrmann/ws_moveit/install/moveit_kinematics:/home/buhrmann/ws_moveit/install/moveit_ros_planning:/home/buhrmann/ws_moveit/install/moveit_plugins:/home/buhrmann/ws_moveit/install/pilz_industrial_motion_planner_testutils:/home/buhrmann/ws_moveit/install/pick_ik:/home/buhrmann/ws_moveit/install/moveit_simple_controller_manager:/home/buhrmann/ws_moveit/install/moveit_ros_occupancy_map_monitor:/home/buhrmann/ws_moveit/install/moveit_resources_prbt_ikfast_manipulator_plugin:/home/buhrmann/ws_moveit/install/moveit_planners_stomp:/home/buhrmann/ws_moveit/install/chomp_motion_planner:/home/buhrmann/ws_moveit/install/moveit_core:/home/buhrmann/ws_moveit/install/rviz_marker_tools:/home/buhrmann/ws_moveit/install/moveit_task_constructor_msgs:/home/buhrmann/ws_moveit/install/moveit_resources_panda_moveit_config:/home/buhrmann/ws_moveit/install/moveit_resources_fanuc_moveit_config:/home/buhrmann/ws_moveit/install/kortex_description:/home/buhrmann/ws_moveit/install/rviz_visual_tools:/home/buhrmann/ws_moveit/install/robotiq_description:/home/buhrmann/ws_moveit/install/moveit_resources_prbt_support:/home/buhrmann/ws_moveit/install/moveit_resources_pr2_description:/home/buhrmann/ws_moveit/install/moveit_resources_panda_description:/home/buhrmann/ws_moveit/install/moveit_resources_fanuc_description:/home/buhrmann/ws_moveit/install/moveit_msgs:/home/buhrmann/ws_moveit/install/moveit_common:/home/buhrmann/ws_moveit/install/ur5_moveit_test:/home/buhrmann/ws_moveit/install/ur5_camera_moveit_config2:/home/buhrmann/ws_moveit/install/ur5_camera_moveit_config:/home/buhrmann/ws_moveit/install/ur5_description_controller:/home/buhrmann/ws_moveit/install/ur3_camera_moveit_config:/home/buhrmann/ws_moveit/install/ur3_description_controller:/home/buhrmann/ws_moveit/install/robotiq_hardware_tests:/home/buhrmann/ws_moveit/install/robotiq_driver:/home/buhrmann/ws_moveit/install/serial:/home/buhrmann/ws_moveit/install/moveit2_tutorials:/home/buhrmann/ws_moveit/install/moveit_task_constructor_visualization:/home/buhrmann/ws_moveit/install/moveit_task_constructor_demo:/home/buhrmann/ws_moveit/install/moveit_task_constructor_capabilities:/home/buhrmann/ws_moveit/install/picknik_accessories:/home/buhrmann/ws_moveit/install/kortex_bringup:/home/buhrmann/ws_moveit/install/kinova_gen3_lite_moveit_config:/home/buhrmann/ws_moveit/install/kinova_gen3_6dof_robotiq_2f_85_moveit_config:/home/buhrmann/ws_moveit/install/robotiq_controllers:/home/buhrmann/ws_moveit/install/point_cloud_circle_detector:/home/buhrmann/ws_moveit/install/moveit_runtime:/home/buhrmann/ws_moveit/install/object_detection_pcl:/home/buhrmann/ws_moveit/install/object_detection:/home/buhrmann/ws_moveit/install/object_creation:/home/buhrmann/ws_moveit/install/moveit_ros_control_interface:/home/buhrmann/ws_moveit/install/moveit_ros_trajectory_cache:/home/buhrmann/ws_moveit/install/moveit_resources:/home/buhrmann/ws_moveit/install/dual_arm_panda_moveit_config:/home/buhrmann/ws_moveit/install/moveit_planners_chomp:/home/buhrmann/ws_moveit/install/kortex_driver:/home/buhrmann/ws_moveit/install/kortex_api:/home/buhrmann/ws_moveit/install/moveit_configs_utils:/opt/ros/iron LD_LIBRARY_PATH=/home/buhrmann/ws_moveit/install/moveit_task_constructor_core/lib:/home/buhrmann/ws_moveit/install/moveit_setup_srdf_plugins/lib:/home/buhrmann/ws_moveit/install/moveit_setup_core_plugins/lib:/home/buhrmann/ws_moveit/install/moveit_setup_controllers/lib:/home/buhrmann/ws_moveit/install/moveit_setup_app_plugins/lib:/home/buhrmann/ws_moveit/install/pilz_industrial_motion_planner/lib:/home/buhrmann/ws_moveit/install/moveit_setup_framework/lib:/home/buhrmann/ws_moveit/install/moveit_servo/lib:/home/buhrmann/ws_moveit/install/moveit_ros_visualization/lib:/home/buhrmann/ws_moveit/install/moveit_py/lib:/home/buhrmann/ws_moveit/install/moveit_hybrid_planning/lib:/home/buhrmann/ws_moveit/install/moveit_ros_planning_interface/lib:/home/buhrmann/ws_moveit/install/moveit_ros_move_group/lib:/home/buhrmann/ws_moveit/install/moveit_ros_benchmarks/lib:/home/buhrmann/ws_moveit/install/moveit_visual_tools/lib:/home/buhrmann/ws_moveit/install/moveit_ros_warehouse/lib:/home/buhrmann/ws_moveit/install/moveit_ros_robot_interaction/lib:/home/buhrmann/ws_moveit/install/moveit_ros_perception/lib:/home/buhrmann/ws_moveit/install/moveit_planners_ompl/lib:/home/buhrmann/ws_moveit/install/moveit_kinematics/lib:/home/buhrmann/ws_moveit/install/moveit_ros_planning/lib:/home/buhrmann/ws_moveit/install/pilz_industrial_motion_planner_testutils/lib:/home/buhrmann/ws_moveit/install/pick_ik/lib:/home/buhrmann/ws_moveit/install/moveit_simple_controller_manager/lib:/home/buhrmann/ws_moveit/install/moveit_ros_occupancy_map_monitor/lib:/home/buhrmann/ws_moveit/install/moveit_resources_prbt_ikfast_manipulator_plugin/lib:/home/buhrmann/ws_moveit/install/moveit_planners_stomp/lib:/home/buhrmann/ws_moveit/install/chomp_motion_planner/lib:/home/buhrmann/ws_moveit/install/moveit_core/lib:/home/buhrmann/ws_moveit/install/rviz_marker_tools/lib:/home/buhrmann/ws_moveit/install/moveit_task_constructor_msgs/lib:/home/buhrmann/ws_moveit/install/rviz_visual_tools/lib:/home/buhrmann/ws_moveit/install/moveit_msgs/lib:/home/buhrmann/ws_moveit/install/robotiq_driver/lib:/home/buhrmann/ws_moveit/install/serial/lib:/home/buhrmann/ws_moveit/install/moveit_task_constructor_visualization/lib:/home/buhrmann/ws_moveit/install/moveit_task_constructor_demo/lib:/home/buhrmann/ws_moveit/install/moveit_task_constructor_capabilities/lib:/home/buhrmann/ws_moveit/install/robotiq_controllers/lib:/home/buhrmann/ws_moveit/install/moveit_ros_control_interface/lib:/home/buhrmann/ws_moveit/install/moveit_setup_assistant/lib:/home/buhrmann/ws_moveit/install/moveit_ros_trajectory_cache/lib:/home/buhrmann/ws_moveit/install/moveit_planners_chomp/lib:/home/buhrmann/ws_moveit/install/kortex_driver/lib:/opt/ros/iron/opt/rviz_ogre_vendor/lib:/opt/ros/iron/lib/x86_64-linux-gnu:/opt/ros/iron/lib:/usr/lib/jvm/java-11-openjdk-amd64/lib/amd64 PYTHONPATH=/home/buhrmann/ws_moveit/install/moveit_task_constructor_core/lib/python3.10/site-packages:/home/buhrmann/ws_moveit/install/moveit_py/lib/python3.10/site-packages:/home/buhrmann/ws_moveit/install/moveit_task_constructor_msgs/lib/python3.10/site-packages:/home/buhrmann/ws_moveit/install/moveit_msgs/lib/python3.10/site-packages:/home/buhrmann/ws_moveit/install/moveit_configs_utils/lib/python3.10/site-packages:/opt/ros/iron/lib/python3.10/site-packages /usr/bin/cmake --install /home/buhrmann/ws_moveit/build/moveit2_tutorials
