[  8%] Built target default_response_adapter_parameters
[  9%] Built target gmock_main
[  8%] Built target gtest_main
[  8%] Built target kinematics_parameters
[  9%] Built target gtest
[ 10%] Built target planning_pipeline_parameters
[ 14%] Built target moveit_rdf_loader
[ 15%] Built target default_request_adapter_parameters
[ 18%] Built target srdf_publisher
[ 21%] Built target srdf_publisher_node
[ 24%] Built target gmock
[ 26%] Built target moveit_pipeline_test_plugins
[ 28%] Built target moveit_collision_plugin_loader
[ 31%] Built target moveit_planning_pipeline
[ 37%] Built target moveit_default_planning_response_adapter_plugins
[ 39%] Built target moveit_kinematics_plugin_loader
[ 42%] Built target moveit_constraint_sampler_manager_loader
[ 49%] Built target moveit_default_planning_request_adapter_plugins
[ 51%] Built target moveit_planning_pipeline_test
[ 57%] Built target moveit_planning_pipeline_interfaces
[ 60%] Built target moveit_robot_model_loader
[ 62%] Built target moveit_print_planning_model_info
[ 69%] Built target moveit_planning_scene_monitor
[ 72%] Built target planning_scene_monitor_test
[ 74%] Built target demo_scene
[ 77%] Built target trajectory_monitor_tests
[ 79%] Built target moveit_publish_scene_from_text
[ 83%] Built target moveit_trajectory_execution_manager
[ 84%] Built target current_state_monitor_tests
[ 86%] Built target moveit_display_random_state
[ 91%] Built target moveit_visualize_robot_collision_volume
[ 91%] Built target moveit_print_planning_scene_info
[ 93%] Built target moveit_evaluate_collision_checking_speed
[ 96%] Built target moveit_plan_execution
[100%] Built target moveit_cpp
