[ 16%] [32mBuilding CXX object CMakeFiles/point_cloud_cylinder_detector.dir/src/point_cloud_cylinder_detector.cpp.o[0m
[ 33%] [32mBuilding CXX object CMakeFiles/point_cloud_circle_detector.dir/src/point_cloud_circle_detector.cpp.o[0m
[ 50%] [32mBuilding CXX object CMakeFiles/point_cloud_plantpot_detector.dir/src/point_cloud_custom_plant_pot_detection.cpp.o[0m
In file included from [01m[K/usr/include/pcl-1.12/pcl/visualization/common/actor_map.h:40[m[K,
                 from [01m[K/usr/include/pcl-1.12/pcl/visualization/pcl_visualizer.h:48[m[K,
                 from [01m[K/home/buhrmann/ws_moveit/src/point_cloud_circle_detector/src/point_cloud_cylinder_detector.cpp:13[m[K:
[01m[K/usr/include/pcl-1.12/pcl/visualization/point_cloud_geometry_handlers.h:49:10:[m[K [01;31m[Kfatal error: [m[KvtkSmartPointer.h: No such file or directory
   49 | #include [01;31m[K<vtkSmartPointer.h>[m[K
      |          [01;31m[K^~~~~~~~~~~~~~~~~~~[m[K
compilation terminated.
In file included from [01m[K/usr/include/pcl-1.12/pcl/visualization/common/actor_map.h:40[m[K,
                 from [01m[K/usr/include/pcl-1.12/pcl/visualization/pcl_visualizer.h:48[m[K,
                 from [01m[K/home/buhrmann/ws_moveit/src/point_cloud_circle_detector/src/point_cloud_circle_detector.cpp:13[m[K:
[01m[K/usr/include/pcl-1.12/pcl/visualization/point_cloud_geometry_handlers.h:49:10:[m[K [01;31m[Kfatal error: [m[KvtkSmartPointer.h: No such file or directory
   49 | #include [01;31m[K<vtkSmartPointer.h>[m[K
      |          [01;31m[K^~~~~~~~~~~~~~~~~~~[m[K
compilation terminated.
gmake[2]: *** [CMakeFiles/point_cloud_cylinder_detector.dir/build.make:76: CMakeFiles/point_cloud_cylinder_detector.dir/src/point_cloud_cylinder_detector.cpp.o] Error 1
gmake[1]: *** [CMakeFiles/Makefile2:167: CMakeFiles/point_cloud_cylinder_detector.dir/all] Error 2
gmake[1]: *** Waiting for unfinished jobs....
gmake[2]: *** [CMakeFiles/point_cloud_circle_detector.dir/build.make:76: CMakeFiles/point_cloud_circle_detector.dir/src/point_cloud_circle_detector.cpp.o] Error 1
gmake[1]: *** [CMakeFiles/Makefile2:141: CMakeFiles/point_cloud_circle_detector.dir/all] Error 2
In file included from [01m[K/usr/include/pcl-1.12/pcl/visualization/common/actor_map.h:40[m[K,
                 from [01m[K/usr/include/pcl-1.12/pcl/visualization/pcl_visualizer.h:48[m[K,
                 from [01m[K/home/buhrmann/ws_moveit/src/point_cloud_circle_detector/src/point_cloud_custom_plant_pot_detection.cpp:13[m[K:
[01m[K/usr/include/pcl-1.12/pcl/visualization/point_cloud_geometry_handlers.h:49:10:[m[K [01;31m[Kfatal error: [m[KvtkSmartPointer.h: No such file or directory
   49 | #include [01;31m[K<vtkSmartPointer.h>[m[K
      |          [01;31m[K^~~~~~~~~~~~~~~~~~~[m[K
compilation terminated.
gmake[2]: *** [CMakeFiles/point_cloud_plantpot_detector.dir/build.make:76: CMakeFiles/point_cloud_plantpot_detector.dir/src/point_cloud_custom_plant_pot_detection.cpp.o] Error 1
gmake[1]: *** [CMakeFiles/Makefile2:193: CMakeFiles/point_cloud_plantpot_detector.dir/all] Error 2
gmake: *** [Makefile:146: all] Error 2
