[0.009s] Invoking command in '/home/buhrmann/ws_moveit/build/point_cloud_circle_detector': CMAKE_PREFIX_PATH=${CMAKE_PREFIX_PATH}:/home/buhrmann/ws_moveit/install/moveit_configs_utils:/opt/ros/iron /usr/bin/cmake --build /home/buhrmann/ws_moveit/build/point_cloud_circle_detector -- -j28 -l28
[0.073s] [ 16%] [32mBuilding CXX object CMakeFiles/point_cloud_cylinder_detector.dir/src/point_cloud_cylinder_detector.cpp.o[0m
[0.074s] [ 33%] [32mBuilding CXX object CMakeFiles/point_cloud_circle_detector.dir/src/point_cloud_circle_detector.cpp.o[0m
[0.076s] [ 50%] [32mBuilding CXX object CMakeFiles/point_cloud_plantpot_detector.dir/src/point_cloud_custom_plant_pot_detection.cpp.o[0m
[0.795s] In file included from [01m[K/usr/include/pcl-1.12/pcl/visualization/common/actor_map.h:40[m[K,
[0.795s]                  from [01m[K/usr/include/pcl-1.12/pcl/visualization/pcl_visualizer.h:48[m[K,
[0.795s]                  from [01m[K/home/buhrmann/ws_moveit/src/point_cloud_circle_detector/src/point_cloud_cylinder_detector.cpp:13[m[K:
[0.795s] [01m[K/usr/include/pcl-1.12/pcl/visualization/point_cloud_geometry_handlers.h:49:10:[m[K [01;31m[Kfatal error: [m[KvtkSmartPointer.h: No such file or directory
[0.795s]    49 | #include [01;31m[K<vtkSmartPointer.h>[m[K
[0.795s]       |          [01;31m[K^~~~~~~~~~~~~~~~~~~[m[K
[0.795s] compilation terminated.
[0.802s] In file included from [01m[K/usr/include/pcl-1.12/pcl/visualization/common/actor_map.h:40[m[K,
[0.802s]                  from [01m[K/usr/include/pcl-1.12/pcl/visualization/pcl_visualizer.h:48[m[K,
[0.802s]                  from [01m[K/home/buhrmann/ws_moveit/src/point_cloud_circle_detector/src/point_cloud_circle_detector.cpp:13[m[K:
[0.802s] [01m[K/usr/include/pcl-1.12/pcl/visualization/point_cloud_geometry_handlers.h:49:10:[m[K [01;31m[Kfatal error: [m[KvtkSmartPointer.h: No such file or directory
[0.802s]    49 | #include [01;31m[K<vtkSmartPointer.h>[m[K
[0.802s]       |          [01;31m[K^~~~~~~~~~~~~~~~~~~[m[K
[0.802s] compilation terminated.
[0.808s] gmake[2]: *** [CMakeFiles/point_cloud_cylinder_detector.dir/build.make:76: CMakeFiles/point_cloud_cylinder_detector.dir/src/point_cloud_cylinder_detector.cpp.o] Error 1
[0.808s] gmake[1]: *** [CMakeFiles/Makefile2:167: CMakeFiles/point_cloud_cylinder_detector.dir/all] Error 2
[0.808s] gmake[1]: *** Waiting for unfinished jobs....
[0.809s] gmake[2]: *** [CMakeFiles/point_cloud_circle_detector.dir/build.make:76: CMakeFiles/point_cloud_circle_detector.dir/src/point_cloud_circle_detector.cpp.o] Error 1
[0.809s] gmake[1]: *** [CMakeFiles/Makefile2:141: CMakeFiles/point_cloud_circle_detector.dir/all] Error 2
[0.889s] In file included from [01m[K/usr/include/pcl-1.12/pcl/visualization/common/actor_map.h:40[m[K,
[0.889s]                  from [01m[K/usr/include/pcl-1.12/pcl/visualization/pcl_visualizer.h:48[m[K,
[0.889s]                  from [01m[K/home/buhrmann/ws_moveit/src/point_cloud_circle_detector/src/point_cloud_custom_plant_pot_detection.cpp:13[m[K:
[0.889s] [01m[K/usr/include/pcl-1.12/pcl/visualization/point_cloud_geometry_handlers.h:49:10:[m[K [01;31m[Kfatal error: [m[KvtkSmartPointer.h: No such file or directory
[0.889s]    49 | #include [01;31m[K<vtkSmartPointer.h>[m[K
[0.889s]       |          [01;31m[K^~~~~~~~~~~~~~~~~~~[m[K
[0.889s] compilation terminated.
[0.904s] gmake[2]: *** [CMakeFiles/point_cloud_plantpot_detector.dir/build.make:76: CMakeFiles/point_cloud_plantpot_detector.dir/src/point_cloud_custom_plant_pot_detection.cpp.o] Error 1
[0.904s] gmake[1]: *** [CMakeFiles/Makefile2:193: CMakeFiles/point_cloud_plantpot_detector.dir/all] Error 2
[0.904s] gmake: *** [Makefile:146: all] Error 2
[0.906s] Invoked command in '/home/buhrmann/ws_moveit/build/point_cloud_circle_detector' returned '2': CMAKE_PREFIX_PATH=${CMAKE_PREFIX_PATH}:/home/buhrmann/ws_moveit/install/moveit_configs_utils:/opt/ros/iron /usr/bin/cmake --build /home/buhrmann/ws_moveit/build/point_cloud_circle_detector -- -j28 -l28
