[0.598s] Invoking command in '/home/buhrmann/ws_moveit/build/point_cloud_circle_detector': CMAKE_PREFIX_PATH=${CMAKE_PREFIX_PATH}:/home/buhrmann/ws_moveit/install/ros2_azure_bridge:/home/buhrmann/ws_moveit/install/moveit_configs_utils:/opt/ros/iron /usr/bin/cmake --build /home/buhrmann/ws_moveit/build/point_cloud_circle_detector -- -j28 -l28
[0.765s] [35m[1mConsolidate compiler generated dependencies of target plantplot_icp_conversion[0m
[0.766s] [  7%] Built target point_cloud_cylinder_detector
[0.772s] [ 15%] Built target point_cloud_circle_detector
[0.783s] [ 23%] Built target point_cloud_plantpot_pfh_detector
[0.784s] [ 30%] Built target rgb_edge_filter
[0.799s] [ 38%] Built target point_cloud_plantpot_rgb_edge_pfh_detector
[0.799s] [ 46%] Built target cup_pointcloud_segmentation_color
[0.799s] [ 53%] Built target hsv_color_filter
[0.802s] [ 61%] Built target point_cloud_plantpot_edge_pfh_detector
[0.804s] [ 69%] Built target image_based_hsv_color_filter
[0.805s] [ 76%] Built target point_cloud_plantpot_ppf_detector
[0.805s] [ 84%] Built target cup_segmentation_color
[0.805s] [ 92%] Built target point_cloud_plantpot_detector
[0.819s] [ 96%] [32mBuilding CXX object CMakeFiles/plantplot_icp_conversion.dir/src/plantplot_icp_conversion.cpp.o[0m
[2.307s] [01m[K/home/buhrmann/ws_moveit/src/point_cloud_circle_detector/src/plantplot_icp_conversion.cpp:4:10:[m[K [01;31m[Kfatal error: [m[Ktf2_geometry_msgs/tf2_geometry_msgs.hpp: No such file or directory
[2.307s]     4 | #include [01;31m[K<tf2_geometry_msgs/tf2_geometry_msgs.hpp>[m[K
[2.307s]       |          [01;31m[K^~~~~~~~~~~~~~~~~~~~~~~~~~~~~~~~~~~~~~~~~[m[K
[2.307s] compilation terminated.
[2.325s] gmake[2]: *** [CMakeFiles/plantplot_icp_conversion.dir/build.make:76: CMakeFiles/plantplot_icp_conversion.dir/src/plantplot_icp_conversion.cpp.o] Error 1
[2.325s] gmake[1]: *** [CMakeFiles/Makefile2:473: CMakeFiles/plantplot_icp_conversion.dir/all] Error 2
[2.334s] gmake: *** [Makefile:146: all] Error 2
[2.422s] Invoked command in '/home/buhrmann/ws_moveit/build/point_cloud_circle_detector' returned '2': CMAKE_PREFIX_PATH=${CMAKE_PREFIX_PATH}:/home/buhrmann/ws_moveit/install/ros2_azure_bridge:/home/buhrmann/ws_moveit/install/moveit_configs_utils:/opt/ros/iron /usr/bin/cmake --build /home/buhrmann/ws_moveit/build/point_cloud_circle_detector -- -j28 -l28
