[0.211s] Invoking command in '/home/buhrmann/ws_moveit/build/serial': CMAKE_PREFIX_PATH=${CMAKE_PREFIX_PATH}:/home/buhrmann/ws_moveit/install/ros2_azure_bridge:/home/buhrmann/ws_moveit/install/moveit_configs_utils:/opt/ros/iron /usr/bin/cmake --build /home/buhrmann/ws_moveit/build/serial -- -j28 -l28
[0.289s] [ 25%] [32mBuilding CXX object CMakeFiles/serial.dir/src/impl/unix.cc.o[0m
[0.292s] [ 50%] [32mBuilding CXX object CMakeFiles/serial.dir/src/impl/list_ports/list_ports_linux.cc.o[0m
[0.292s] [ 75%] [32mBuilding CXX object CMakeFiles/serial.dir/src/serial.cc.o[0m
[1.934s] [100%] [32m[1mLinking CXX static library libserial.a[0m
[2.021s] [100%] Built target serial
[2.040s] Invoked command in '/home/buhrmann/ws_moveit/build/serial' returned '0': CMAKE_PREFIX_PATH=${CMAKE_PREFIX_PATH}:/home/buhrmann/ws_moveit/install/ros2_azure_bridge:/home/buhrmann/ws_moveit/install/moveit_configs_utils:/opt/ros/iron /usr/bin/cmake --build /home/buhrmann/ws_moveit/build/serial -- -j28 -l28
[2.045s] Invoking command in '/home/buhrmann/ws_moveit/build/serial': CMAKE_PREFIX_PATH=${CMAKE_PREFIX_PATH}:/home/buhrmann/ws_moveit/install/ros2_azure_bridge:/home/buhrmann/ws_moveit/install/moveit_configs_utils:/opt/ros/iron /usr/bin/cmake --install /home/buhrmann/ws_moveit/build/serial
[2.066s] -- Install configuration: ""
[2.067s] -- Installing: /home/buhrmann/ws_moveit/install/serial/lib/libserial.a
[2.069s] -- Up-to-date: /home/buhrmann/ws_moveit/install/serial/include
[2.069s] -- Up-to-date: /home/buhrmann/ws_moveit/install/serial/include/serial
[2.069s] -- Up-to-date: /home/buhrmann/ws_moveit/install/serial/include/serial/serial.h
[2.069s] -- Up-to-date: /home/buhrmann/ws_moveit/install/serial/include/serial/v8stdint.h
[2.069s] -- Up-to-date: /home/buhrmann/ws_moveit/install/serial/include/serial/impl
[2.069s] -- Up-to-date: /home/buhrmann/ws_moveit/install/serial/include/serial/impl/win.h
[2.070s] -- Up-to-date: /home/buhrmann/ws_moveit/install/serial/include/serial/impl/unix.h
[2.070s] -- Up-to-date: /home/buhrmann/ws_moveit/install/serial/share/serial/environment/library_path.sh
[2.070s] -- Up-to-date: /home/buhrmann/ws_moveit/install/serial/share/serial/environment/library_path.dsv
[2.070s] -- Up-to-date: /home/buhrmann/ws_moveit/install/serial/share/ament_index/resource_index/package_run_dependencies/serial
[2.070s] -- Up-to-date: /home/buhrmann/ws_moveit/install/serial/share/ament_index/resource_index/parent_prefix_path/serial
[2.070s] -- Up-to-date: /home/buhrmann/ws_moveit/install/serial/share/serial/environment/ament_prefix_path.sh
[2.070s] -- Up-to-date: /home/buhrmann/ws_moveit/install/serial/share/serial/environment/ament_prefix_path.dsv
[2.070s] -- Up-to-date: /home/buhrmann/ws_moveit/install/serial/share/serial/environment/path.sh
[2.070s] -- Up-to-date: /home/buhrmann/ws_moveit/install/serial/share/serial/environment/path.dsv
[2.070s] -- Up-to-date: /home/buhrmann/ws_moveit/install/serial/share/serial/local_setup.bash
[2.070s] -- Up-to-date: /home/buhrmann/ws_moveit/install/serial/share/serial/local_setup.sh
[2.070s] -- Up-to-date: /home/buhrmann/ws_moveit/install/serial/share/serial/local_setup.zsh
[2.070s] -- Up-to-date: /home/buhrmann/ws_moveit/install/serial/share/serial/local_setup.dsv
[2.070s] -- Installing: /home/buhrmann/ws_moveit/install/serial/share/serial/package.dsv
[2.071s] -- Up-to-date: /home/buhrmann/ws_moveit/install/serial/share/ament_index/resource_index/packages/serial
[2.072s] -- Up-to-date: /home/buhrmann/ws_moveit/install/serial/share/serial/cmake/export_serialExport.cmake
[2.072s] -- Up-to-date: /home/buhrmann/ws_moveit/install/serial/share/serial/cmake/export_serialExport-noconfig.cmake
[2.072s] -- Up-to-date: /home/buhrmann/ws_moveit/install/serial/share/serial/cmake/ament_cmake_export_include_directories-extras.cmake
[2.073s] -- Up-to-date: /home/buhrmann/ws_moveit/install/serial/share/serial/cmake/ament_cmake_export_libraries-extras.cmake
[2.073s] -- Up-to-date: /home/buhrmann/ws_moveit/install/serial/share/serial/cmake/ament_cmake_export_targets-extras.cmake
[2.073s] -- Up-to-date: /home/buhrmann/ws_moveit/install/serial/share/serial/cmake/serialConfig.cmake
[2.073s] -- Up-to-date: /home/buhrmann/ws_moveit/install/serial/share/serial/cmake/serialConfig-version.cmake
[2.073s] -- Up-to-date: /home/buhrmann/ws_moveit/install/serial/share/serial/package.xml
[2.078s] Invoked command in '/home/buhrmann/ws_moveit/build/serial' returned '0': CMAKE_PREFIX_PATH=${CMAKE_PREFIX_PATH}:/home/buhrmann/ws_moveit/install/ros2_azure_bridge:/home/buhrmann/ws_moveit/install/moveit_configs_utils:/opt/ros/iron /usr/bin/cmake --install /home/buhrmann/ws_moveit/build/serial
