[ 12%] Built target point_cloud_plantpot_ppf_detector
[ 25%] Built target point_cloud_plantpot_edge_pfh_detector
[ 37%] Built target point_cloud_plantpot_rgb_edge_pfh_detector
[ 62%] Built target point_cloud_circle_detector
[ 62%] Built target point_cloud_plantpot_detector
[ 75%] Built target point_cloud_plantpot_pfh_detector
[100%] Built target point_cloud_cylinder_detector
[100%] Built target rgb_edge_filter
-- Install configuration: ""
-- Up-to-date: /home/buhrmann/ws_moveit/install/point_cloud_circle_detector/lib/point_cloud_circle_detector/point_cloud_circle_detector
-- Up-to-date: /home/buhrmann/ws_moveit/install/point_cloud_circle_detector/lib/point_cloud_circle_detector/point_cloud_cylinder_detector
-- Up-to-date: /home/buhrmann/ws_moveit/install/point_cloud_circle_detector/lib/point_cloud_circle_detector/point_cloud_plantpot_detector
-- Up-to-date: /home/buhrmann/ws_moveit/install/point_cloud_circle_detector/lib/point_cloud_circle_detector/point_cloud_plantpot_ppf_detector
-- Up-to-date: /home/buhrmann/ws_moveit/install/point_cloud_circle_detector/lib/point_cloud_circle_detector/point_cloud_plantpot_pfh_detector
-- Up-to-date: /home/buhrmann/ws_moveit/install/point_cloud_circle_detector/lib/point_cloud_circle_detector/point_cloud_plantpot_edge_pfh_detector
-- Up-to-date: /home/buhrmann/ws_moveit/install/point_cloud_circle_detector/lib/point_cloud_circle_detector/point_cloud_plantpot_rgb_edge_pfh_detector
-- Up-to-date: /home/buhrmann/ws_moveit/install/point_cloud_circle_detector/lib/point_cloud_circle_detector/rgb_edge_filter
-- Up-to-date: /home/buhrmann/ws_moveit/install/point_cloud_circle_detector/share/point_cloud_circle_detector/pcd
-- Up-to-date: /home/buhrmann/ws_moveit/install/point_cloud_circle_detector/share/point_cloud_circle_detector/pcd/plantpod_lesssamples.pcd
-- Up-to-date: /home/buhrmann/ws_moveit/install/point_cloud_circle_detector/share/point_cloud_circle_detector/pcd/plantpod.pcd
-- Up-to-date: /home/buhrmann/ws_moveit/install/point_cloud_circle_detector/share/ament_index/resource_index/package_run_dependencies/point_cloud_circle_detector
-- Up-to-date: /home/buhrmann/ws_moveit/install/point_cloud_circle_detector/share/ament_index/resource_index/parent_prefix_path/point_cloud_circle_detector
-- Up-to-date: /home/buhrmann/ws_moveit/install/point_cloud_circle_detector/share/point_cloud_circle_detector/environment/ament_prefix_path.sh
-- Up-to-date: /home/buhrmann/ws_moveit/install/point_cloud_circle_detector/share/point_cloud_circle_detector/environment/ament_prefix_path.dsv
-- Up-to-date: /home/buhrmann/ws_moveit/install/point_cloud_circle_detector/share/point_cloud_circle_detector/environment/path.sh
-- Up-to-date: /home/buhrmann/ws_moveit/install/point_cloud_circle_detector/share/point_cloud_circle_detector/environment/path.dsv
-- Up-to-date: /home/buhrmann/ws_moveit/install/point_cloud_circle_detector/share/point_cloud_circle_detector/local_setup.bash
-- Up-to-date: /home/buhrmann/ws_moveit/install/point_cloud_circle_detector/share/point_cloud_circle_detector/local_setup.sh
-- Up-to-date: /home/buhrmann/ws_moveit/install/point_cloud_circle_detector/share/point_cloud_circle_detector/local_setup.zsh
-- Up-to-date: /home/buhrmann/ws_moveit/install/point_cloud_circle_detector/share/point_cloud_circle_detector/local_setup.dsv
-- Installing: /home/buhrmann/ws_moveit/install/point_cloud_circle_detector/share/point_cloud_circle_detector/package.dsv
-- Up-to-date: /home/buhrmann/ws_moveit/install/point_cloud_circle_detector/share/ament_index/resource_index/packages/point_cloud_circle_detector
-- Up-to-date: /home/buhrmann/ws_moveit/install/point_cloud_circle_detector/share/point_cloud_circle_detector/cmake/point_cloud_circle_detectorConfig.cmake
-- Up-to-date: /home/buhrmann/ws_moveit/install/point_cloud_circle_detector/share/point_cloud_circle_detector/cmake/point_cloud_circle_detectorConfig-version.cmake
-- Up-to-date: /home/buhrmann/ws_moveit/install/point_cloud_circle_detector/share/point_cloud_circle_detector/package.xml
