[35m[1mConsolidate compiler generated dependencies of target point_cloud_plantpot_detector[0m
[ 33%] Built target point_cloud_circle_detector
[ 66%] Built target point_cloud_cylinder_detector
[ 83%] [32mBuilding CXX object CMakeFiles/point_cloud_plantpot_detector.dir/src/point_cloud_custom_plant_pot_detection.cpp.o[0m
[01m[K/home/buhrmann/ws_moveit/src/point_cloud_circle_detector/src/point_cloud_custom_plant_pot_detection.cpp:[m[K In member function ‘[01m[Kvoid PointCloudCustomObjectMatcher::listener_callback(sensor_msgs::msg::PointCloud2_<std::allocator<void> >::SharedPtr)[m[K’:
[01m[K/home/buhrmann/ws_moveit/src/point_cloud_circle_detector/src/point_cloud_custom_plant_pot_detection.cpp:82:74:[m[K [01;31m[Kerror: [m[Kwrong number of template arguments (2, should be 3)
   82 |         pcl::SampleConsensusInitialAlignment<pcl::PointXYZ, pcl::PointXYZ[01;31m[K>[m[K sac_ia;
      |                                                                          [01;31m[K^[m[K
In file included from [01m[K/home/buhrmann/ws_moveit/src/point_cloud_circle_detector/src/point_cloud_custom_plant_pot_detection.cpp:19[m[K:
[01m[K/usr/include/pcl-1.12/pcl/registration/ia_ransac.h:54:7:[m[K [01;36m[Knote: [m[Kprovided for ‘[01m[Ktemplate<class PointSource, class PointTarget, class FeatureT> class pcl::SampleConsensusInitialAlignment[m[K’
   54 | class [01;36m[KSampleConsensusInitialAlignment[m[K : public Registration<PointSource, PointTarget> {
      |       [01;36m[K^~~~~~~~~~~~~~~~~~~~~~~~~~~~~~~[m[K
[01m[K/home/buhrmann/ws_moveit/src/point_cloud_circle_detector/src/point_cloud_custom_plant_pot_detection.cpp:86:16:[m[K [01;31m[Kerror: [m[Krequest for member ‘[01m[KsetInputSource[m[K’ in ‘[01m[Ksac_ia[m[K’, which is of non-class type ‘[01m[Kint[m[K’
   86 |         sac_ia.[01;31m[KsetInputSource[m[K(custom_object_);  // The pod object model
      |                [01;31m[K^~~~~~~~~~~~~~[m[K
[01m[K/home/buhrmann/ws_moveit/src/point_cloud_circle_detector/src/point_cloud_custom_plant_pot_detection.cpp:87:16:[m[K [01;31m[Kerror: [m[Krequest for member ‘[01m[KsetInputTarget[m[K’ in ‘[01m[Ksac_ia[m[K’, which is of non-class type ‘[01m[Kint[m[K’
   87 |         sac_ia.[01;31m[KsetInputTarget[m[K(cloud_filtered);  // The filtered scene point cloud
      |                [01;31m[K^~~~~~~~~~~~~~[m[K
[01m[K/home/buhrmann/ws_moveit/src/point_cloud_circle_detector/src/point_cloud_custom_plant_pot_detection.cpp:88:16:[m[K [01;31m[Kerror: [m[Krequest for member ‘[01m[KsetMaxCorrespondenceDistance[m[K’ in ‘[01m[Ksac_ia[m[K’, which is of non-class type ‘[01m[Kint[m[K’
   88 |         sac_ia.[01;31m[KsetMaxCorrespondenceDistance[m[K(0.05);  // Max distance between correspondences
      |                [01;31m[K^~~~~~~~~~~~~~~~~~~~~~~~~~~~[m[K
[01m[K/home/buhrmann/ws_moveit/src/point_cloud_circle_detector/src/point_cloud_custom_plant_pot_detection.cpp:89:16:[m[K [01;31m[Kerror: [m[Krequest for member ‘[01m[KsetMaximumIterations[m[K’ in ‘[01m[Ksac_ia[m[K’, which is of non-class type ‘[01m[Kint[m[K’
   89 |         sac_ia.[01;31m[KsetMaximumIterations[m[K(500);  // Max iterations to run RANSAC
      |                [01;31m[K^~~~~~~~~~~~~~~~~~~~[m[K
[01m[K/home/buhrmann/ws_moveit/src/point_cloud_circle_detector/src/point_cloud_custom_plant_pot_detection.cpp:90:16:[m[K [01;31m[Kerror: [m[Krequest for member ‘[01m[KsetMinSampleDistance[m[K’ in ‘[01m[Ksac_ia[m[K’, which is of non-class type ‘[01m[Kint[m[K’
   90 |         sac_ia.[01;31m[KsetMinSampleDistance[m[K(0.01);  // Minimum sample distance
      |                [01;31m[K^~~~~~~~~~~~~~~~~~~~[m[K
[01m[K/home/buhrmann/ws_moveit/src/point_cloud_circle_detector/src/point_cloud_custom_plant_pot_detection.cpp:91:16:[m[K [01;31m[Kerror: [m[Krequest for member ‘[01m[KsetNumberOfSamples[m[K’ in ‘[01m[Ksac_ia[m[K’, which is of non-class type ‘[01m[Kint[m[K’
   91 |         sac_ia.[01;31m[KsetNumberOfSamples[m[K(3);  // Minimum number of samples to define a transformation
      |                [01;31m[K^~~~~~~~~~~~~~~~~~[m[K
[01m[K/home/buhrmann/ws_moveit/src/point_cloud_circle_detector/src/point_cloud_custom_plant_pot_detection.cpp:94:16:[m[K [01;31m[Kerror: [m[Krequest for member ‘[01m[Kalign[m[K’ in ‘[01m[Ksac_ia[m[K’, which is of non-class type ‘[01m[Kint[m[K’
   94 |         sac_ia.[01;31m[Kalign[m[K(*aligned_object);
      |                [01;31m[K^~~~~[m[K
[01m[K/home/buhrmann/ws_moveit/src/point_cloud_circle_detector/src/point_cloud_custom_plant_pot_detection.cpp:96:20:[m[K [01;31m[Kerror: [m[Krequest for member ‘[01m[KhasConverged[m[K’ in ‘[01m[Ksac_ia[m[K’, which is of non-class type ‘[01m[Kint[m[K’
   96 |         if (sac_ia.[01;31m[KhasConverged[m[K())
      |                    [01;31m[K^~~~~~~~~~~~[m[K
[01m[K/home/buhrmann/ws_moveit/src/point_cloud_circle_detector/src/point_cloud_custom_plant_pot_detection.cpp:101:79:[m[K [01;31m[Kerror: [m[Krequest for member ‘[01m[KgetFinalTransformation[m[K’ in ‘[01m[Ksac_ia[m[K’, which is of non-class type ‘[01m[Kint[m[K’
  101 |             pcl::transformPointCloud(*custom_object_, *aligned_object, sac_ia.[01;31m[KgetFinalTransformation[m[K());
      |                                                                               [01;31m[K^~~~~~~~~~~~~~~~~~~~~~[m[K
gmake[2]: *** [CMakeFiles/point_cloud_plantpot_detector.dir/build.make:76: CMakeFiles/point_cloud_plantpot_detector.dir/src/point_cloud_custom_plant_pot_detection.cpp.o] Error 1
gmake[1]: *** [CMakeFiles/Makefile2:193: CMakeFiles/point_cloud_plantpot_detector.dir/all] Error 2
gmake: *** [Makefile:146: all] Error 2
