[0.438s] Invoking command in '/home/buhrmann/ws_moveit/build/rviz_visual_tools': CMAKE_PREFIX_PATH=${CMAKE_PREFIX_PATH}:/home/buhrmann/ws_moveit/install/ros2_azure_bridge:/home/buhrmann/ws_moveit/install/moveit_configs_utils:/opt/ros/iron /usr/bin/cmake --build /home/buhrmann/ws_moveit/build/rviz_visual_tools -- -j28 -l28
[0.565s] [  2%] [34m[1mAutomatic MOC for target gtest_main[0m
[0.570s] [  5%] [34m[1mAutomatic MOC for target rviz_visual_tools_remote_control[0m
[0.577s] [  7%] [34m[1mAutomatic MOC for target gtest[0m
[0.583s] [ 10%] [34m[1mAutomatic MOC for target rviz_visual_tools_gui[0m
[0.627s] [ 10%] Built target rviz_visual_tools_remote_control_autogen
[0.628s] [ 10%] Built target gtest_main_autogen
[0.645s] [ 10%] Built target rviz_visual_tools_gui_autogen
[0.679s] [ 10%] Built target gtest_autogen
[0.696s] [ 17%] Built target gtest_main
[0.707s] [ 25%] Built target rviz_visual_tools_remote_control
[0.717s] [ 38%] Built target rviz_visual_tools_gui
[0.746s] [ 46%] Built target gtest
[0.757s] [ 48%] [34m[1mAutomatic MOC for target rviz_visual_tools[0m
[0.784s] [ 48%] Built target rviz_visual_tools_autogen
[0.828s] [ 58%] Built target rviz_visual_tools
[0.861s] [ 61%] [34m[1mAutomatic MOC for target rviz_visual_tools_imarker_simple[0m
[0.861s] [ 64%] [34m[1mAutomatic MOC for target rviz_visual_tools_rvt_test[0m
[0.866s] [ 66%] [34m[1mAutomatic MOC for target rviz_visual_tools_demo[0m
[0.892s] [ 66%] Built target rviz_visual_tools_rvt_test_autogen
[0.892s] [ 66%] Built target rviz_visual_tools_imarker_simple_autogen
[0.899s] [ 66%] Built target rviz_visual_tools_demo_autogen
[0.929s] [ 79%] Built target rviz_visual_tools_rvt_test
[0.929s] [ 82%] Built target rviz_visual_tools_demo
[0.932s] [ 89%] Built target rviz_visual_tools_imarker_simple
[0.964s] [ 92%] [34m[1mAutomatic MOC for target rviz_visual_tools_imarker_simple_demo[0m
[0.997s] [ 92%] Built target rviz_visual_tools_imarker_simple_demo_autogen
[1.079s] [100%] Built target rviz_visual_tools_imarker_simple_demo
[1.343s] Invoked command in '/home/buhrmann/ws_moveit/build/rviz_visual_tools' returned '0': CMAKE_PREFIX_PATH=${CMAKE_PREFIX_PATH}:/home/buhrmann/ws_moveit/install/ros2_azure_bridge:/home/buhrmann/ws_moveit/install/moveit_configs_utils:/opt/ros/iron /usr/bin/cmake --build /home/buhrmann/ws_moveit/build/rviz_visual_tools -- -j28 -l28
[1.344s] Invoking command in '/home/buhrmann/ws_moveit/build/rviz_visual_tools': CMAKE_PREFIX_PATH=${CMAKE_PREFIX_PATH}:/home/buhrmann/ws_moveit/install/ros2_azure_bridge:/home/buhrmann/ws_moveit/install/moveit_configs_utils:/opt/ros/iron /usr/bin/cmake --install /home/buhrmann/ws_moveit/build/rviz_visual_tools
[1.454s] -- Install configuration: ""
[1.455s] -- Up-to-date: /home/buhrmann/ws_moveit/install/rviz_visual_tools/share/rviz_visual_tools/plugin_description.xml
[1.455s] -- Up-to-date: /home/buhrmann/ws_moveit/install/rviz_visual_tools/lib/librviz_visual_tools.so
[1.455s] -- Up-to-date: /home/buhrmann/ws_moveit/install/rviz_visual_tools/lib/librviz_visual_tools_remote_control.so
[1.455s] -- Up-to-date: /home/buhrmann/ws_moveit/install/rviz_visual_tools/lib/librviz_visual_tools_gui.so
[1.455s] -- Up-to-date: /home/buhrmann/ws_moveit/install/rviz_visual_tools/lib/librviz_visual_tools_imarker_simple.so
[1.455s] -- Up-to-date: /home/buhrmann/ws_moveit/install/rviz_visual_tools/lib/rviz_visual_tools/rviz_visual_tools_demo
[1.455s] -- Up-to-date: /home/buhrmann/ws_moveit/install/rviz_visual_tools/lib/rviz_visual_tools/rviz_visual_tools_imarker_simple_demo
[1.455s] -- Up-to-date: /home/buhrmann/ws_moveit/install/rviz_visual_tools/include
[1.455s] -- Up-to-date: /home/buhrmann/ws_moveit/install/rviz_visual_tools/include/rviz_visual_tools
[1.455s] -- Up-to-date: /home/buhrmann/ws_moveit/install/rviz_visual_tools/include/rviz_visual_tools/remote_reciever.hpp
[1.455s] -- Up-to-date: /home/buhrmann/ws_moveit/install/rviz_visual_tools/include/rviz_visual_tools/tf_visual_tools.hpp
[1.455s] -- Up-to-date: /home/buhrmann/ws_moveit/install/rviz_visual_tools/include/rviz_visual_tools/key_tool.hpp
[1.455s] -- Up-to-date: /home/buhrmann/ws_moveit/install/rviz_visual_tools/include/rviz_visual_tools/remote_control.hpp
[1.455s] -- Up-to-date: /home/buhrmann/ws_moveit/install/rviz_visual_tools/include/rviz_visual_tools/rviz_visual_tools_gui.hpp
[1.455s] -- Up-to-date: /home/buhrmann/ws_moveit/install/rviz_visual_tools/include/rviz_visual_tools/imarker_simple.hpp
[1.455s] -- Up-to-date: /home/buhrmann/ws_moveit/install/rviz_visual_tools/include/rviz_visual_tools/rviz_visual_tools.hpp
[1.455s] -- Up-to-date: /home/buhrmann/ws_moveit/install/rviz_visual_tools/share/rviz_visual_tools/launch
[1.455s] -- Up-to-date: /home/buhrmann/ws_moveit/install/rviz_visual_tools/share/rviz_visual_tools/launch/demo_rviz.launch.py
[1.455s] -- Up-to-date: /home/buhrmann/ws_moveit/install/rviz_visual_tools/share/rviz_visual_tools/launch/demo_combined.launch.py
[1.455s] -- Up-to-date: /home/buhrmann/ws_moveit/install/rviz_visual_tools/share/rviz_visual_tools/launch/demo.rviz
[1.455s] -- Up-to-date: /home/buhrmann/ws_moveit/install/rviz_visual_tools/share/rviz_visual_tools/launch/rvt_test.launch
[1.455s] -- Up-to-date: /home/buhrmann/ws_moveit/install/rviz_visual_tools/share/rviz_visual_tools/environment/library_path.sh
[1.456s] -- Up-to-date: /home/buhrmann/ws_moveit/install/rviz_visual_tools/share/rviz_visual_tools/environment/library_path.dsv
[1.456s] -- Up-to-date: /home/buhrmann/ws_moveit/install/rviz_visual_tools/share/ament_index/resource_index/package_run_dependencies/rviz_visual_tools
[1.456s] -- Up-to-date: /home/buhrmann/ws_moveit/install/rviz_visual_tools/share/ament_index/resource_index/parent_prefix_path/rviz_visual_tools
[1.456s] -- Up-to-date: /home/buhrmann/ws_moveit/install/rviz_visual_tools/share/rviz_visual_tools/environment/ament_prefix_path.sh
[1.456s] -- Up-to-date: /home/buhrmann/ws_moveit/install/rviz_visual_tools/share/rviz_visual_tools/environment/ament_prefix_path.dsv
[1.456s] -- Up-to-date: /home/buhrmann/ws_moveit/install/rviz_visual_tools/share/rviz_visual_tools/environment/path.sh
[1.456s] -- Up-to-date: /home/buhrmann/ws_moveit/install/rviz_visual_tools/share/rviz_visual_tools/environment/path.dsv
[1.456s] -- Up-to-date: /home/buhrmann/ws_moveit/install/rviz_visual_tools/share/rviz_visual_tools/local_setup.bash
[1.456s] -- Up-to-date: /home/buhrmann/ws_moveit/install/rviz_visual_tools/share/rviz_visual_tools/local_setup.sh
[1.456s] -- Up-to-date: /home/buhrmann/ws_moveit/install/rviz_visual_tools/share/rviz_visual_tools/local_setup.zsh
[1.456s] -- Up-to-date: /home/buhrmann/ws_moveit/install/rviz_visual_tools/share/rviz_visual_tools/local_setup.dsv
[1.456s] -- Installing: /home/buhrmann/ws_moveit/install/rviz_visual_tools/share/rviz_visual_tools/package.dsv
[1.456s] -- Up-to-date: /home/buhrmann/ws_moveit/install/rviz_visual_tools/share/ament_index/resource_index/packages/rviz_visual_tools
[1.456s] -- Up-to-date: /home/buhrmann/ws_moveit/install/rviz_visual_tools/share/ament_index/resource_index/rviz_common__pluginlib__plugin/rviz_visual_tools
[1.456s] -- Up-to-date: /home/buhrmann/ws_moveit/install/rviz_visual_tools/share/rviz_visual_tools/cmake/export_rviz_visual_toolsExport.cmake
[1.456s] -- Up-to-date: /home/buhrmann/ws_moveit/install/rviz_visual_tools/share/rviz_visual_tools/cmake/export_rviz_visual_toolsExport-noconfig.cmake
[1.456s] -- Up-to-date: /home/buhrmann/ws_moveit/install/rviz_visual_tools/share/rviz_visual_tools/cmake/ament_cmake_export_targets-extras.cmake
[1.456s] -- Up-to-date: /home/buhrmann/ws_moveit/install/rviz_visual_tools/share/rviz_visual_tools/cmake/ament_cmake_export_dependencies-extras.cmake
[1.456s] -- Up-to-date: /home/buhrmann/ws_moveit/install/rviz_visual_tools/share/rviz_visual_tools/cmake/ament_cmake_export_include_directories-extras.cmake
[1.456s] -- Up-to-date: /home/buhrmann/ws_moveit/install/rviz_visual_tools/share/rviz_visual_tools/cmake/ament_cmake_export_libraries-extras.cmake
[1.457s] -- Up-to-date: /home/buhrmann/ws_moveit/install/rviz_visual_tools/share/rviz_visual_tools/cmake/rviz_visual_toolsConfig.cmake
[1.457s] -- Up-to-date: /home/buhrmann/ws_moveit/install/rviz_visual_tools/share/rviz_visual_tools/cmake/rviz_visual_toolsConfig-version.cmake
[1.457s] -- Up-to-date: /home/buhrmann/ws_moveit/install/rviz_visual_tools/share/rviz_visual_tools/package.xml
[1.528s] Invoked command in '/home/buhrmann/ws_moveit/build/rviz_visual_tools' returned '0': CMAKE_PREFIX_PATH=${CMAKE_PREFIX_PATH}:/home/buhrmann/ws_moveit/install/ros2_azure_bridge:/home/buhrmann/ws_moveit/install/moveit_configs_utils:/opt/ros/iron /usr/bin/cmake --install /home/buhrmann/ws_moveit/build/rviz_visual_tools
