[0.009s] Invoking command in '/home/buhrmann/ws_moveit/build/point_cloud_circle_detector': CMAKE_PREFIX_PATH=${CMAKE_PREFIX_PATH}:/home/buhrmann/ws_moveit/install/moveit_configs_utils:/opt/ros/iron /usr/bin/cmake --build /home/buhrmann/ws_moveit/build/point_cloud_circle_detector -- -j28 -l28
[0.039s] -- Found ament_cmake: 2.0.7 (/opt/ros/iron/share/ament_cmake/cmake)
[0.162s] -- Eigen found (include: /usr/include/eigen3, version: 3.4.0)
[0.178s] -- OpenNI found (version: 1.5.4.0, include: /usr/include/ni, lib: /usr/lib/libOpenNI.so;libusb::libusb)
[0.182s] -- OpenNI2 found (version: 2.2.0.33, include: /usr/include/openni2, lib: /usr/lib/x86_64-linux-gnu/libOpenNI2.so;libusb::libusb)
[0.182s] [0m** WARNING ** io features related to pcap will be disabled[0m
[0.182s] [0m** WARNING ** io features related to png will be disabled[0m
[0.450s] -- Eigen found (include: /usr/include/eigen3, version: 3.4.0)
[0.484s] -- FLANN found (include: /usr/include, lib: /usr/lib/x86_64-linux-gnu/libflann_cpp.so)
[0.718s] -- looking for PCL_COMMON
[0.718s] -- looking for PCL_OCTREE
[0.718s] -- looking for PCL_IO
[0.718s] -- looking for PCL_KDTREE
[0.718s] -- looking for PCL_SAMPLE_CONSENSUS
[0.718s] -- looking for PCL_FILTERS
[0.719s] -- looking for PCL_2D
[0.719s] -- looking for PCL_FEATURES
[0.719s] -- looking for PCL_SEARCH
[0.719s] -- Found PCL: pcl_common;pcl_octree;pcl_io;pcl_kdtree;pcl_sample_consensus;pcl_filters;pcl_features;pcl_search;Boost::system;Boost::filesystem;Boost::date_time;Boost::iostreams;Boost::serialization;/usr/lib/libOpenNI.so;libusb::libusb;/usr/lib/x86_64-linux-gnu/libOpenNI2.so;libusb::libusb;VTK::ChartsCore;VTK::CommonColor;VTK::CommonComputationalGeometry;VTK::CommonCore;VTK::CommonDataModel;VTK::CommonExecutionModel;VTK::CommonMath;VTK::CommonMisc;VTK::CommonTransforms;VTK::FiltersCore;VTK::FiltersExtraction;VTK::FiltersGeneral;VTK::FiltersGeometry;VTK::FiltersModeling;VTK::FiltersSources;VTK::ImagingCore;VTK::ImagingSources;VTK::InteractionImage;VTK::InteractionStyle;VTK::InteractionWidgets;VTK::IOCore;VTK::IOGeometry;VTK::IOImage;VTK::IOLegacy;VTK::IOPLY;VTK::RenderingAnnotation;VTK::RenderingCore;VTK::RenderingContext2D;VTK::RenderingLOD;VTK::RenderingFreeType;VTK::ViewsCore;VTK::ViewsContext2D;VTK::RenderingOpenGL2;VTK::GUISupportQt;FLANN::FLANN  
[0.719s] -- Found sensor_msgs: 5.0.1 (/opt/ros/iron/share/sensor_msgs/cmake)
[0.729s] -- Found rosidl_generator_c: 4.0.1 (/opt/ros/iron/share/rosidl_generator_c/cmake)
[0.733s] -- Found rosidl_generator_cpp: 4.0.1 (/opt/ros/iron/share/rosidl_generator_cpp/cmake)
[0.741s] -- Using all available rosidl_typesupport_c: rosidl_typesupport_fastrtps_c;rosidl_typesupport_introspection_c
[0.749s] -- Using all available rosidl_typesupport_cpp: rosidl_typesupport_fastrtps_cpp;rosidl_typesupport_introspection_cpp
[0.845s] -- Found rclcpp: 21.0.8 (/opt/ros/iron/share/rclcpp/cmake)
[0.891s] -- Found rmw_implementation_cmake: 7.1.0 (/opt/ros/iron/share/rmw_implementation_cmake/cmake)
[0.893s] -- Found rmw_fastrtps_cpp: 7.1.4 (/opt/ros/iron/share/rmw_fastrtps_cpp/cmake)
[0.972s] -- Using RMW implementation 'rmw_fastrtps_cpp' as default
[1.052s] -- Found pcl_conversions: 2.5.4 (/opt/ros/iron/share/pcl_conversions/cmake)
[1.469s] -- Found ament_lint_auto: 0.14.4 (/opt/ros/iron/share/ament_lint_auto/cmake)
[1.503s] -- Added test 'cppcheck' to perform static code analysis on C / C++ code
[1.503s] -- Configured cppcheck include dirs: 
[1.503s] -- Configured cppcheck exclude dirs and/or files: 
[1.503s] -- Added test 'lint_cmake' to check CMake code style
[1.503s] -- Added test 'uncrustify' to check C / C++ code style
[1.503s] -- Configured uncrustify additional arguments: 
[1.504s] -- Added test 'xmllint' to check XML markup files
[1.504s] -- Configuring done
[1.533s] -- Generating done
[1.534s] -- Build files have been written to: /home/buhrmann/ws_moveit/build/point_cloud_circle_detector
[1.563s] [35m[1mConsolidate compiler generated dependencies of target point_cloud_plantpot_detector[0m
[1.564s] [35m[1mConsolidate compiler generated dependencies of target point_cloud_circle_detector[0m
[1.564s] [35m[1mConsolidate compiler generated dependencies of target point_cloud_cylinder_detector[0m
[1.565s] [35m[1mConsolidate compiler generated dependencies of target point_cloud_plantpot_ppf_detector[0m
[1.582s] [ 12%] [32mBuilding CXX object CMakeFiles/point_cloud_plantpot_detector.dir/src/point_cloud_custom_plant_pot_detection.cpp.o[0m
[1.583s] [ 25%] [32mBuilding CXX object CMakeFiles/point_cloud_cylinder_detector.dir/src/point_cloud_cylinder_detector.cpp.o[0m
[1.584s] [ 37%] [32mBuilding CXX object CMakeFiles/point_cloud_circle_detector.dir/src/point_cloud_circle_detector.cpp.o[0m
[1.585s] [ 50%] [32mBuilding CXX object CMakeFiles/point_cloud_plantpot_ppf_detector.dir/src/point_cloud_plantpot_ppf_detector.cpp.o[0m
[7.987s] [ 62%] [32m[1mLinking CXX executable point_cloud_circle_detector[0m
[8.636s] [ 75%] [32m[1mLinking CXX executable point_cloud_cylinder_detector[0m
[9.027s] /usr/bin/ld: CMakeFiles/point_cloud_circle_detector.dir/src/point_cloud_circle_detector.cpp.o: in function `PointCloudCircleDetector::listener_callback(std::shared_ptr<sensor_msgs::msg::PointCloud2_<std::allocator<void> > >)':
[9.027s] point_cloud_circle_detector.cpp:(.text._ZN24PointCloudCircleDetector17listener_callbackESt10shared_ptrIN11sensor_msgs3msg12PointCloud2_ISaIvEEEE[_ZN24PointCloudCircleDetector17listener_callbackESt10shared_ptrIN11sensor_msgs3msg12PointCloud2_ISaIvEEEE]+0x648): undefined reference to `pcl::SACSegmentation<pcl::PointXYZ>::segment(pcl::PointIndices&, pcl::ModelCoefficients&)'
[9.030s] /usr/bin/ld: CMakeFiles/point_cloud_circle_detector.dir/src/point_cloud_circle_detector.cpp.o:(.data.rel.ro._ZTVN3pcl15SACSegmentationINS_8PointXYZEEE[_ZTVN3pcl15SACSegmentationINS_8PointXYZEEE]+0x48): undefined reference to `pcl::SACSegmentation<pcl::PointXYZ>::segment(pcl::PointIndices&, pcl::ModelCoefficients&)'
[9.030s] /usr/bin/ld: CMakeFiles/point_cloud_circle_detector.dir/src/point_cloud_circle_detector.cpp.o:(.data.rel.ro._ZTVN3pcl15SACSegmentationINS_8PointXYZEEE[_ZTVN3pcl15SACSegmentationINS_8PointXYZEEE]+0x50): undefined reference to `pcl::SACSegmentation<pcl::PointXYZ>::initSACModel(int)'
[9.030s] /usr/bin/ld: CMakeFiles/point_cloud_circle_detector.dir/src/point_cloud_circle_detector.cpp.o:(.data.rel.ro._ZTVN3pcl15SACSegmentationINS_8PointXYZEEE[_ZTVN3pcl15SACSegmentationINS_8PointXYZEEE]+0x58): undefined reference to `pcl::SACSegmentation<pcl::PointXYZ>::initSAC(int)'
[9.052s] collect2: error: ld returned 1 exit status
[9.053s] gmake[2]: *** [CMakeFiles/point_cloud_circle_detector.dir/build.make:301: point_cloud_circle_detector] Error 1
[9.054s] gmake[1]: *** [CMakeFiles/Makefile2:143: CMakeFiles/point_cloud_circle_detector.dir/all] Error 2
[9.054s] gmake[1]: *** Waiting for unfinished jobs....
[10.344s] /usr/bin/ld: CMakeFiles/point_cloud_cylinder_detector.dir/src/point_cloud_cylinder_detector.cpp.o: in function `PointCloudCylinderDetector::listener_callback(std::shared_ptr<sensor_msgs::msg::PointCloud2_<std::allocator<void> > >)':
[10.344s] point_cloud_cylinder_detector.cpp:(.text._ZN26PointCloudCylinderDetector17listener_callbackESt10shared_ptrIN11sensor_msgs3msg12PointCloud2_ISaIvEEEE[_ZN26PointCloudCylinderDetector17listener_callbackESt10shared_ptrIN11sensor_msgs3msg12PointCloud2_ISaIvEEEE]+0x707): undefined reference to `pcl::SACSegmentation<pcl::PointXYZ>::segment(pcl::PointIndices&, pcl::ModelCoefficients&)'
[10.346s] /usr/bin/ld: CMakeFiles/point_cloud_cylinder_detector.dir/src/point_cloud_cylinder_detector.cpp.o:(.data.rel.ro._ZTVN3pcl26SACSegmentationFromNormalsINS_8PointXYZENS_6NormalEEE[_ZTVN3pcl26SACSegmentationFromNormalsINS_8PointXYZENS_6NormalEEE]+0x48): undefined reference to `pcl::SACSegmentation<pcl::PointXYZ>::segment(pcl::PointIndices&, pcl::ModelCoefficients&)'
[10.346s] /usr/bin/ld: CMakeFiles/point_cloud_cylinder_detector.dir/src/point_cloud_cylinder_detector.cpp.o:(.data.rel.ro._ZTVN3pcl26SACSegmentationFromNormalsINS_8PointXYZENS_6NormalEEE[_ZTVN3pcl26SACSegmentationFromNormalsINS_8PointXYZENS_6NormalEEE]+0x50): undefined reference to `pcl::SACSegmentationFromNormals<pcl::PointXYZ, pcl::Normal>::initSACModel(int)'
[10.347s] /usr/bin/ld: CMakeFiles/point_cloud_cylinder_detector.dir/src/point_cloud_cylinder_detector.cpp.o:(.data.rel.ro._ZTVN3pcl26SACSegmentationFromNormalsINS_8PointXYZENS_6NormalEEE[_ZTVN3pcl26SACSegmentationFromNormalsINS_8PointXYZENS_6NormalEEE]+0x58): undefined reference to `pcl::SACSegmentation<pcl::PointXYZ>::initSAC(int)'
[10.347s] /usr/bin/ld: CMakeFiles/point_cloud_cylinder_detector.dir/src/point_cloud_cylinder_detector.cpp.o:(.data.rel.ro._ZTVN3pcl15SACSegmentationINS_8PointXYZEEE[_ZTVN3pcl15SACSegmentationINS_8PointXYZEEE]+0x48): undefined reference to `pcl::SACSegmentation<pcl::PointXYZ>::segment(pcl::PointIndices&, pcl::ModelCoefficients&)'
[10.347s] /usr/bin/ld: CMakeFiles/point_cloud_cylinder_detector.dir/src/point_cloud_cylinder_detector.cpp.o:(.data.rel.ro._ZTVN3pcl15SACSegmentationINS_8PointXYZEEE[_ZTVN3pcl15SACSegmentationINS_8PointXYZEEE]+0x50): undefined reference to `pcl::SACSegmentation<pcl::PointXYZ>::initSACModel(int)'
[10.347s] /usr/bin/ld: CMakeFiles/point_cloud_cylinder_detector.dir/src/point_cloud_cylinder_detector.cpp.o:(.data.rel.ro._ZTVN3pcl15SACSegmentationINS_8PointXYZEEE[_ZTVN3pcl15SACSegmentationINS_8PointXYZEEE]+0x58): undefined reference to `pcl::SACSegmentation<pcl::PointXYZ>::initSAC(int)'
[10.374s] collect2: error: ld returned 1 exit status
[10.375s] gmake[2]: *** [CMakeFiles/point_cloud_cylinder_detector.dir/build.make:301: point_cloud_cylinder_detector] Error 1
[10.375s] gmake[1]: *** [CMakeFiles/Makefile2:169: CMakeFiles/point_cloud_cylinder_detector.dir/all] Error 2
[11.558s] [ 87%] [32m[1mLinking CXX executable point_cloud_plantpot_ppf_detector[0m
[11.597s] [100%] [32m[1mLinking CXX executable point_cloud_plantpot_detector[0m
[13.058s] /usr/bin/ld: CMakeFiles/point_cloud_plantpot_ppf_detector.dir/src/point_cloud_plantpot_ppf_detector.cpp.o: in function `PointCloudCustomObjectMatcher::listener_callback(std::shared_ptr<sensor_msgs::msg::PointCloud2_<std::allocator<void> > >)':
[13.058s] point_cloud_plantpot_ppf_detector.cpp:(.text._ZN29PointCloudCustomObjectMatcher17listener_callbackESt10shared_ptrIN11sensor_msgs3msg12PointCloud2_ISaIvEEEE[_ZN29PointCloudCustomObjectMatcher17listener_callbackESt10shared_ptrIN11sensor_msgs3msg12PointCloud2_ISaIvEEEE]+0x1009): undefined reference to `pcl::PPFEstimation<pcl::PointXYZ, pcl::PointXYZ, pcl::PPFSignature>::PPFEstimation()'
[13.059s] /usr/bin/ld: point_cloud_plantpot_ppf_detector.cpp:(.text._ZN29PointCloudCustomObjectMatcher17listener_callbackESt10shared_ptrIN11sensor_msgs3msg12PointCloud2_ISaIvEEEE[_ZN29PointCloudCustomObjectMatcher17listener_callbackESt10shared_ptrIN11sensor_msgs3msg12PointCloud2_ISaIvEEEE]+0x1363): undefined reference to `pcl::PPFEstimation<pcl::PointXYZ, pcl::PointXYZ, pcl::PPFSignature>::PPFEstimation()'
[13.062s] /usr/bin/ld: CMakeFiles/point_cloud_plantpot_ppf_detector.dir/src/point_cloud_plantpot_ppf_detector.cpp.o:(.data.rel.ro._ZTVN3pcl13PPFEstimationINS_8PointXYZES1_NS_12PPFSignatureEEE[_ZTVN3pcl13PPFEstimationINS_8PointXYZES1_NS_12PPFSignatureEEE]+0x58): undefined reference to `pcl::PPFEstimation<pcl::PointXYZ, pcl::PointXYZ, pcl::PPFSignature>::computeFeature(pcl::PointCloud<pcl::PPFSignature>&)'
[13.103s] collect2: error: ld returned 1 exit status
[13.104s] gmake[2]: *** [CMakeFiles/point_cloud_plantpot_ppf_detector.dir/build.make:308: point_cloud_plantpot_ppf_detector] Error 1
[13.104s] gmake[1]: *** [CMakeFiles/Makefile2:221: CMakeFiles/point_cloud_plantpot_ppf_detector.dir/all] Error 2
[13.167s] [100%] Built target point_cloud_plantpot_detector
[13.168s] gmake: *** [Makefile:146: all] Error 2
[13.170s] Invoked command in '/home/buhrmann/ws_moveit/build/point_cloud_circle_detector' returned '2': CMAKE_PREFIX_PATH=${CMAKE_PREFIX_PATH}:/home/buhrmann/ws_moveit/install/moveit_configs_utils:/opt/ros/iron /usr/bin/cmake --build /home/buhrmann/ws_moveit/build/point_cloud_circle_detector -- -j28 -l28
