[0.146s] Invoking command in '/home/buhrmann/ws_moveit/build/point_cloud_circle_detector': CMAKE_PREFIX_PATH=${CMAKE_PREFIX_PATH}:/home/buhrmann/ws_moveit/install/moveit_configs_utils:/opt/ros/iron /usr/bin/cmake --build /home/buhrmann/ws_moveit/build/point_cloud_circle_detector -- -j28 -l28
[0.161s] -- Found ament_cmake: 2.0.6 (/opt/ros/iron/share/ament_cmake/cmake)
[0.270s] [31mCMake Error at CMakeLists.txt:10 (find_package):
[0.270s]   By not providing "FindPCL.cmake" in CMAKE_MODULE_PATH this project has
[0.270s]   asked CMake to find a package configuration file provided by "PCL", but
[0.270s]   CMake did not find one.
[0.270s] 
[0.270s]   Could not find a package configuration file provided by "PCL" with any of
[0.270s]   the following names:
[0.270s] 
[0.270s]     PCLConfig.cmake
[0.270s]     pcl-config.cmake
[0.270s] 
[0.270s]   Add the installation prefix of "PCL" to CMAKE_PREFIX_PATH or set "PCL_DIR"
[0.270s]   to a directory containing one of the above files.  If "PCL" provides a
[0.270s]   separate development package or SDK, be sure it has been installed.
[0.270s] 
[0.271s] [0m
[0.271s] -- Configuring incomplete, errors occurred!
[0.271s] See also "/home/buhrmann/ws_moveit/build/point_cloud_circle_detector/CMakeFiles/CMakeOutput.log".
[0.272s] gmake: *** [Makefile:267: cmake_check_build_system] Error 1
[0.303s] Invoked command in '/home/buhrmann/ws_moveit/build/point_cloud_circle_detector' returned '2': CMAKE_PREFIX_PATH=${CMAKE_PREFIX_PATH}:/home/buhrmann/ws_moveit/install/moveit_configs_utils:/opt/ros/iron /usr/bin/cmake --build /home/buhrmann/ws_moveit/build/point_cloud_circle_detector -- -j28 -l28
