-- Install configuration: ""
-- Up-to-date: /home/buhrmann/ws_moveit/install/ur5_camera_moveit_config2/share/ament_index/resource_index/package_run_dependencies/ur5_camera_moveit_config2
-- Up-to-date: /home/buhrmann/ws_moveit/install/ur5_camera_moveit_config2/share/ament_index/resource_index/parent_prefix_path/ur5_camera_moveit_config2
-- Up-to-date: /home/buhrmann/ws_moveit/install/ur5_camera_moveit_config2/share/ur5_camera_moveit_config2/environment/ament_prefix_path.sh
-- Up-to-date: /home/buhrmann/ws_moveit/install/ur5_camera_moveit_config2/share/ur5_camera_moveit_config2/environment/ament_prefix_path.dsv
-- Up-to-date: /home/buhrmann/ws_moveit/install/ur5_camera_moveit_config2/share/ur5_camera_moveit_config2/environment/path.sh
-- Up-to-date: /home/buhrmann/ws_moveit/install/ur5_camera_moveit_config2/share/ur5_camera_moveit_config2/environment/path.dsv
-- Up-to-date: /home/buhrmann/ws_moveit/install/ur5_camera_moveit_config2/share/ur5_camera_moveit_config2/local_setup.bash
-- Up-to-date: /home/buhrmann/ws_moveit/install/ur5_camera_moveit_config2/share/ur5_camera_moveit_config2/local_setup.sh
-- Up-to-date: /home/buhrmann/ws_moveit/install/ur5_camera_moveit_config2/share/ur5_camera_moveit_config2/local_setup.zsh
-- Up-to-date: /home/buhrmann/ws_moveit/install/ur5_camera_moveit_config2/share/ur5_camera_moveit_config2/local_setup.dsv
-- Up-to-date: /home/buhrmann/ws_moveit/install/ur5_camera_moveit_config2/share/ur5_camera_moveit_config2/package.dsv
-- Up-to-date: /home/buhrmann/ws_moveit/install/ur5_camera_moveit_config2/share/ament_index/resource_index/packages/ur5_camera_moveit_config2
-- Up-to-date: /home/buhrmann/ws_moveit/install/ur5_camera_moveit_config2/share/ur5_camera_moveit_config2/cmake/ur5_camera_moveit_config2Config.cmake
-- Up-to-date: /home/buhrmann/ws_moveit/install/ur5_camera_moveit_config2/share/ur5_camera_moveit_config2/cmake/ur5_camera_moveit_config2Config-version.cmake
-- Up-to-date: /home/buhrmann/ws_moveit/install/ur5_camera_moveit_config2/share/ur5_camera_moveit_config2/package.xml
-- Up-to-date: /home/buhrmann/ws_moveit/install/ur5_camera_moveit_config2/share/ur5_camera_moveit_config2/launch
-- Up-to-date: /home/buhrmann/ws_moveit/install/ur5_camera_moveit_config2/share/ur5_camera_moveit_config2/launch/move_group.launch.py
-- Up-to-date: /home/buhrmann/ws_moveit/install/ur5_camera_moveit_config2/share/ur5_camera_moveit_config2/launch/move_group.namespace.launch.py
-- Up-to-date: /home/buhrmann/ws_moveit/install/ur5_camera_moveit_config2/share/ur5_camera_moveit_config2/launch/static_virtual_joint_tfs.launch.py
-- Up-to-date: /home/buhrmann/ws_moveit/install/ur5_camera_moveit_config2/share/ur5_camera_moveit_config2/launch/spawn_controllers.launch.py
-- Up-to-date: /home/buhrmann/ws_moveit/install/ur5_camera_moveit_config2/share/ur5_camera_moveit_config2/launch/rsp.launch.py
-- Up-to-date: /home/buhrmann/ws_moveit/install/ur5_camera_moveit_config2/share/ur5_camera_moveit_config2/launch/moveit_rviz.namespace.launch.py
-- Up-to-date: /home/buhrmann/ws_moveit/install/ur5_camera_moveit_config2/share/ur5_camera_moveit_config2/launch/warehouse_db.launch.py
-- Up-to-date: /home/buhrmann/ws_moveit/install/ur5_camera_moveit_config2/share/ur5_camera_moveit_config2/launch/demo.launch.py
-- Up-to-date: /home/buhrmann/ws_moveit/install/ur5_camera_moveit_config2/share/ur5_camera_moveit_config2/launch/moveit_rviz.launch.py
-- Up-to-date: /home/buhrmann/ws_moveit/install/ur5_camera_moveit_config2/share/ur5_camera_moveit_config2/launch/setup_assistant.launch.py
-- Up-to-date: /home/buhrmann/ws_moveit/install/ur5_camera_moveit_config2/share/ur5_camera_moveit_config2/config
-- Up-to-date: /home/buhrmann/ws_moveit/install/ur5_camera_moveit_config2/share/ur5_camera_moveit_config2/config/moveit_controllers.yaml
-- Up-to-date: /home/buhrmann/ws_moveit/install/ur5_camera_moveit_config2/share/ur5_camera_moveit_config2/config/moveit.rviz
-- Up-to-date: /home/buhrmann/ws_moveit/install/ur5_camera_moveit_config2/share/ur5_camera_moveit_config2/config/sensors_3d.yaml
-- Up-to-date: /home/buhrmann/ws_moveit/install/ur5_camera_moveit_config2/share/ur5_camera_moveit_config2/config/ur5.srdf
-- Up-to-date: /home/buhrmann/ws_moveit/install/ur5_camera_moveit_config2/share/ur5_camera_moveit_config2/config/joint_limits.yaml
-- Up-to-date: /home/buhrmann/ws_moveit/install/ur5_camera_moveit_config2/share/ur5_camera_moveit_config2/config/kinematics.yaml
-- Up-to-date: /home/buhrmann/ws_moveit/install/ur5_camera_moveit_config2/share/ur5_camera_moveit_config2/config/pilz_cartesian_limits.yaml
-- Up-to-date: /home/buhrmann/ws_moveit/install/ur5_camera_moveit_config2/share/ur5_camera_moveit_config2/config/initial_positions.yaml
-- Up-to-date: /home/buhrmann/ws_moveit/install/ur5_camera_moveit_config2/share/ur5_camera_moveit_config2/.setup_assistant
