[35m[1mConsolidate compiler generated dependencies of target point_cloud_plantpot_edge_pfh_detector[0m
[  8%] [32mBuilding CXX object CMakeFiles/point_cloud_plantpot_edge_pfh_detector.dir/src/point_cloud_plantpot_edge_pfh_detector.cpp.o[0m
[ 58%] Built target point_cloud_cylinder_detector
[ 58%] Built target point_cloud_plantpot_ppf_detector
[ 58%] Built target point_cloud_plantpot_detector
[ 75%] Built target point_cloud_plantpot_pfh_detector
[ 91%] Built target point_cloud_circle_detector
[01m[K/home/buhrmann/ws_moveit/src/point_cloud_circle_detector/src/point_cloud_plantpot_edge_pfh_detector.cpp:[m[K In function ‘[01m[Kint main()[m[K’:
[01m[K/home/buhrmann/ws_moveit/src/point_cloud_circle_detector/src/point_cloud_plantpot_edge_pfh_detector.cpp:25:22:[m[K [01;31m[Kerror: [m[K‘[01m[KPointT[m[K’ was not declared in this scope
   25 |     pcl::PointCloud< [01;31m[KPointT[m[K >  egdes; // Store the labels (e.g., edge, non-edge, boundary)
      |                      [01;31m[K^~~~~~[m[K
[01m[K/home/buhrmann/ws_moveit/src/point_cloud_circle_detector/src/point_cloud_plantpot_edge_pfh_detector.cpp:25:29:[m[K [01;31m[Kerror: [m[Ktemplate argument 1 is invalid
   25 |     pcl::PointCloud< PointT [01;31m[K>[m[K  egdes; // Store the labels (e.g., edge, non-edge, boundary)
      |                             [01;31m[K^[m[K
[01m[K/home/buhrmann/ws_moveit/src/point_cloud_circle_detector/src/point_cloud_plantpot_edge_pfh_detector.cpp:29:27:[m[K [01;31m[Kerror: [m[Kcannot convert ‘[01m[Kint[m[K’ to ‘[01m[Kpcl::PointCloud<pcl::PointXYZ>&[m[K’
   29 |     edge_detector.compute([01;31m[Kegdes[m[K, label_indices);
      |                           [01;31m[K^~~~~[m[K
      |                           [01;31m[K|[m[K
      |                           [01;31m[Kint[m[K
In file included from [01m[K/usr/include/pcl-1.12/pcl/features/organized_edge_detection.h:429[m[K,
                 from [01m[K/home/buhrmann/ws_moveit/src/point_cloud_circle_detector/src/point_cloud_plantpot_edge_pfh_detector.cpp:5[m[K:
[01m[K/usr/include/pcl-1.12/pcl/features/impl/organized_edge_detection.hpp:52:77:[m[K [01;36m[Knote: [m[K  initializing argument 1 of ‘[01m[Kvoid pcl::OrganizedEdgeBase<PointT, PointLT>::compute(pcl::PointCloud<PointOutT>&, std::vector<pcl::PointIndices>&) const [with PointT = pcl::PointXYZ; PointLT = pcl::PointXYZ][m[K’
   52 | pcl::OrganizedEdgeBase<PointT, PointLT>::compute ([01;36m[Kpcl::PointCloud<PointLT>& labels[m[K, std::vector<pcl::PointIndices>& label_indices) const
      |                                                   [01;36m[K~~~~~~~~~~~~~~~~~~~~~~~~~~^~~~~~[m[K
[01m[K/home/buhrmann/ws_moveit/src/point_cloud_circle_detector/src/point_cloud_plantpot_edge_pfh_detector.cpp:44:30:[m[K [01;31m[Kerror: [m[Kno matching function for call to ‘[01m[KsavePCDFileASCII(const char [57], int&)[m[K’
   44 |     [01;31m[Kpcl::io::savePCDFileASCII("/home/buhrmann/Desktop/Pointcloud_Tests/output_edges.pcd", egdes)[m[K;
      |     [01;31m[K~~~~~~~~~~~~~~~~~~~~~~~~~^~~~~~~~~~~~~~~~~~~~~~~~~~~~~~~~~~~~~~~~~~~~~~~~~~~~~~~~~~~~~~~~~~~[m[K
In file included from [01m[K/home/buhrmann/ws_moveit/src/point_cloud_circle_detector/src/point_cloud_plantpot_edge_pfh_detector.cpp:6[m[K:
[01m[K/usr/include/pcl-1.12/pcl/io/pcd_io.h:719:5:[m[K [01;36m[Knote: [m[Kcandidate: ‘[01m[Ktemplate<class PointT> int pcl::io::savePCDFileASCII(const string&, const pcl::PointCloud<PointT>&)[m[K’
  719 |     [01;36m[KsavePCDFileASCII[m[K (const std::string &file_name, const pcl::PointCloud<PointT> &cloud)
      |     [01;36m[K^~~~~~~~~~~~~~~~[m[K
[01m[K/usr/include/pcl-1.12/pcl/io/pcd_io.h:719:5:[m[K [01;36m[Knote: [m[K  template argument deduction/substitution failed:
[01m[K/home/buhrmann/ws_moveit/src/point_cloud_circle_detector/src/point_cloud_plantpot_edge_pfh_detector.cpp:44:30:[m[K [01;36m[Knote: [m[K  mismatched types ‘[01m[Kconst pcl::PointCloud<PointT>[m[K’ and ‘[01m[Kint[m[K’
   44 |     [01;36m[Kpcl::io::savePCDFileASCII("/home/buhrmann/Desktop/Pointcloud_Tests/output_edges.pcd", egdes)[m[K;
      |     [01;36m[K~~~~~~~~~~~~~~~~~~~~~~~~~^~~~~~~~~~~~~~~~~~~~~~~~~~~~~~~~~~~~~~~~~~~~~~~~~~~~~~~~~~~~~~~~~~~[m[K
gmake[2]: *** [CMakeFiles/point_cloud_plantpot_edge_pfh_detector.dir/build.make:76: CMakeFiles/point_cloud_plantpot_edge_pfh_detector.dir/src/point_cloud_plantpot_edge_pfh_detector.cpp.o] Error 1
gmake[1]: *** [CMakeFiles/Makefile2:277: CMakeFiles/point_cloud_plantpot_edge_pfh_detector.dir/all] Error 2
gmake: *** [Makefile:146: all] Error 2
