[0.507s] Invoking command in '/home/buhrmann/ws_moveit/build/point_cloud_circle_detector': CMAKE_PREFIX_PATH=${CMAKE_PREFIX_PATH}:/home/buhrmann/ws_moveit/install/ros2_azure_bridge:/home/buhrmann/ws_moveit/install/moveit_configs_utils:/opt/ros/iron /usr/bin/cmake --build /home/buhrmann/ws_moveit/build/point_cloud_circle_detector -- -j28 -l28
[0.655s] [  7%] Built target point_cloud_cylinder_detector
[0.667s] [ 15%] Built target rgb_edge_filter
[0.671s] [ 23%] Built target point_cloud_plantpot_ppf_detector
[0.693s] [ 30%] Built target point_cloud_plantpot_rgb_edge_pfh_detector
[0.693s] [ 38%] Built target cup_pointcloud_segmentation_color
[0.697s] [35m[1mConsolidate compiler generated dependencies of target plantplot_icp_conversion[0m
[0.697s] [ 46%] Built target point_cloud_circle_detector
[0.701s] [ 53%] Built target point_cloud_plantpot_pfh_detector
[0.701s] [ 61%] Built target hsv_color_filter
[0.704s] [ 69%] Built target point_cloud_plantpot_edge_pfh_detector
[0.705s] [ 76%] Built target image_based_hsv_color_filter
[0.707s] [ 84%] Built target cup_segmentation_color
[0.708s] [ 92%] Built target point_cloud_plantpot_detector
[0.751s] [ 96%] [32mBuilding CXX object CMakeFiles/plantplot_icp_conversion.dir/src/plantplot_icp_conversion.cpp.o[0m
[11.218s] [01m[K/home/buhrmann/ws_moveit/src/point_cloud_circle_detector/src/plantplot_icp_conversion.cpp:[m[K In member function ‘[01m[Kvoid PointCloudCustomObjectMatcher::listener_callback(sensor_msgs::msg::PointCloud2_<std::allocator<void> >::SharedPtr)[m[K’:
[11.218s] [01m[K/home/buhrmann/ws_moveit/src/point_cloud_circle_detector/src/plantplot_icp_conversion.cpp:246:24:[m[K [01;31m[Kerror: [m[K‘[01m[Kobject_initial_transforms[m[K’ was not declared in this scope; did you mean ‘[01m[Kobject_initial_transform[m[K’?
[11.218s]   246 |         pcl::toROSMsg(*[01;31m[Kobject_initial_transforms[m[K, output_aligned);
[11.219s]       |                        [01;31m[K^~~~~~~~~~~~~~~~~~~~~~~~~[m[K
[11.219s]       |                        [32m[Kobject_initial_transform[m[K
[11.263s] [01m[K/home/buhrmann/ws_moveit/src/point_cloud_circle_detector/src/plantplot_icp_conversion.cpp:[m[K In member function ‘[01m[Kvoid PointCloudCustomObjectMatcher::filter_by_rgb(pcl::PointCloud<pcl::PointXYZRGB>::Ptr&, pcl::PointCloud<pcl::PointXYZRGB>::Ptr&)[m[K’:
[11.263s] [01m[K/home/buhrmann/ws_moveit/src/point_cloud_circle_detector/src/plantplot_icp_conversion.cpp:318:95:[m[K [01;35m[Kwarning: [m[Kcomparison is always true due to limited range of data type [[01;35m[K]8;;https://gcc.gnu.org/onlinedocs/gcc/Warning-Options.html#index-Wtype-limits-Wtype-limits]8;;[m[K]
[11.263s]   318 |             if (point.r >= 80 && point.r <= 155 && point.g >= 20 && point.g <= 100 && [01;35m[Kpoint.b >= 0[m[K && point.b <= 70)
[11.263s]       |                                                                                       [01;35m[K~~~~~~~~^~~~[m[K
[11.263s] [01m[K/home/buhrmann/ws_moveit/src/point_cloud_circle_detector/src/plantplot_icp_conversion.cpp:[m[K In member function ‘[01m[Kvoid PointCloudCustomObjectMatcher::overrideOrientationAndPlaceOnPlane(pcl::PointCloud<pcl::PointXYZ>::Ptr&)[m[K’:
[11.263s] [01m[K/home/buhrmann/ws_moveit/src/point_cloud_circle_detector/src/plantplot_icp_conversion.cpp:337:78:[m[K [01;35m[Kwarning: [m[Kunused parameter ‘[01m[Kcloud[m[K’ [[01;35m[K]8;;https://gcc.gnu.org/onlinedocs/gcc/Warning-Options.html#index-Wunused-parameter-Wunused-parameter]8;;[m[K]
[11.263s]   337 | void overrideOrientationAndPlaceOnPlane([01;35m[Kpcl::PointCloud<pcl::PointXYZ>::Ptr& cloud[m[K)
[11.263s]       |                                         [01;35m[K~~~~~~~~~~~~~~~~~~~~~~~~~~~~~~~~~~~~~^~~~~[m[K
[21.359s] gmake[2]: *** [CMakeFiles/plantplot_icp_conversion.dir/build.make:76: CMakeFiles/plantplot_icp_conversion.dir/src/plantplot_icp_conversion.cpp.o] Error 1
[21.359s] gmake[1]: *** [CMakeFiles/Makefile2:473: CMakeFiles/plantplot_icp_conversion.dir/all] Error 2
[21.359s] gmake: *** [Makefile:146: all] Error 2
[21.362s] Invoked command in '/home/buhrmann/ws_moveit/build/point_cloud_circle_detector' returned '2': CMAKE_PREFIX_PATH=${CMAKE_PREFIX_PATH}:/home/buhrmann/ws_moveit/install/ros2_azure_bridge:/home/buhrmann/ws_moveit/install/moveit_configs_utils:/opt/ros/iron /usr/bin/cmake --build /home/buhrmann/ws_moveit/build/point_cloud_circle_detector -- -j28 -l28
