[0.362s] Invoking command in '/home/buhrmann/ws_moveit/src/moveit2/moveit_configs_utils': PYTHONPATH=/home/buhrmann/ws_moveit/build/moveit_configs_utils/prefix_override:/usr/lib/python3/dist-packages/colcon_core/task/python/colcon_distutils_commands:/home/buhrmann/ws_moveit/install/moveit_configs_utils/lib/python3.10/site-packages:${PYTHONPATH} /usr/bin/python3 -W ignore:setup.py install is deprecated -W ignore:easy_install command is deprecated setup.py egg_info --egg-base ../../../build/moveit_configs_utils build --build-base /home/buhrmann/ws_moveit/build/moveit_configs_utils/build install --record /home/buhrmann/ws_moveit/build/moveit_configs_utils/install.log --single-version-externally-managed install_data
[0.481s] running egg_info
[0.481s] writing ../../../build/moveit_configs_utils/moveit_configs_utils.egg-info/PKG-INFO
[0.482s] writing dependency_links to ../../../build/moveit_configs_utils/moveit_configs_utils.egg-info/dependency_links.txt
[0.482s] writing entry points to ../../../build/moveit_configs_utils/moveit_configs_utils.egg-info/entry_points.txt
[0.482s] writing requirements to ../../../build/moveit_configs_utils/moveit_configs_utils.egg-info/requires.txt
[0.482s] writing top-level names to ../../../build/moveit_configs_utils/moveit_configs_utils.egg-info/top_level.txt
[0.483s] reading manifest file '../../../build/moveit_configs_utils/moveit_configs_utils.egg-info/SOURCES.txt'
[0.483s] writing manifest file '../../../build/moveit_configs_utils/moveit_configs_utils.egg-info/SOURCES.txt'
[0.483s] running build
[0.483s] running build_py
[0.483s] copying moveit_configs_utils/launches.py -> /home/buhrmann/ws_moveit/build/moveit_configs_utils/build/lib/moveit_configs_utils
[0.483s] running install
[0.484s] running install_lib
[0.484s] copying /home/buhrmann/ws_moveit/build/moveit_configs_utils/build/lib/moveit_configs_utils/launches.py -> /home/buhrmann/ws_moveit/install/moveit_configs_utils/lib/python3.10/site-packages/moveit_configs_utils
[0.484s] byte-compiling /home/buhrmann/ws_moveit/install/moveit_configs_utils/lib/python3.10/site-packages/moveit_configs_utils/launches.py to launches.cpython-310.pyc
[0.485s] running install_data
[0.485s] running install_egg_info
[0.486s] removing '/home/buhrmann/ws_moveit/install/moveit_configs_utils/lib/python3.10/site-packages/moveit_configs_utils-2.11.0-py3.10.egg-info' (and everything under it)
[0.486s] Copying ../../../build/moveit_configs_utils/moveit_configs_utils.egg-info to /home/buhrmann/ws_moveit/install/moveit_configs_utils/lib/python3.10/site-packages/moveit_configs_utils-2.11.0-py3.10.egg-info
[0.486s] running install_scripts
[0.498s] writing list of installed files to '/home/buhrmann/ws_moveit/build/moveit_configs_utils/install.log'
[0.509s] Invoked command in '/home/buhrmann/ws_moveit/src/moveit2/moveit_configs_utils' returned '0': PYTHONPATH=/home/buhrmann/ws_moveit/build/moveit_configs_utils/prefix_override:/usr/lib/python3/dist-packages/colcon_core/task/python/colcon_distutils_commands:/home/buhrmann/ws_moveit/install/moveit_configs_utils/lib/python3.10/site-packages:${PYTHONPATH} /usr/bin/python3 -W ignore:setup.py install is deprecated -W ignore:easy_install command is deprecated setup.py egg_info --egg-base ../../../build/moveit_configs_utils build --build-base /home/buhrmann/ws_moveit/build/moveit_configs_utils/build install --record /home/buhrmann/ws_moveit/build/moveit_configs_utils/install.log --single-version-externally-managed install_data
