[35m[1mConsolidate compiler generated dependencies of target point_cloud_plantpot_edge_pfh_detector[0m
[ 16%] [32mBuilding CXX object CMakeFiles/point_cloud_plantpot_edge_pfh_detector.dir/src/point_cloud_plantpot_edge_pfh_detector.cpp.o[0m
[ 25%] Built target point_cloud_circle_detector
[ 33%] [32m[1mLinking CXX executable point_cloud_plantpot_detector[0m
[ 50%] Built target point_cloud_plantpot_pfh_detector
[ 83%] Built target point_cloud_cylinder_detector
[ 75%] Built target point_cloud_plantpot_ppf_detector
/usr/bin/ld: CMakeFiles/point_cloud_plantpot_detector.dir/src/point_cloud_custom_plant_pot_detection.cpp.o: in function `pcl::SampleConsensusInitialAlignment<pcl::PointXYZ, pcl::PointXYZ, pcl::FPFHSignature33>::SampleConsensusInitialAlignment()':
point_cloud_custom_plant_pot_detection.cpp:(.text._ZN3pcl31SampleConsensusInitialAlignmentINS_8PointXYZES1_NS_15FPFHSignature33EEC2Ev[_ZN3pcl31SampleConsensusInitialAlignmentINS_8PointXYZES1_NS_15FPFHSignature33EEC5Ev]+0x11e): undefined reference to `pcl::registration::TransformationEstimationSVD<pcl::PointXYZ, pcl::PointXYZ, float>::TransformationEstimationSVD(bool)'
collect2: error: ld returned 1 exit status
gmake[2]: *** [CMakeFiles/point_cloud_plantpot_detector.dir/build.make:319: point_cloud_plantpot_detector] Error 1
gmake[1]: *** [CMakeFiles/Makefile2:199: CMakeFiles/point_cloud_plantpot_detector.dir/all] Error 2
gmake[1]: *** Waiting for unfinished jobs....
[01m[K/home/buhrmann/ws_moveit/src/point_cloud_circle_detector/src/point_cloud_plantpot_edge_pfh_detector.cpp:[m[K In function ‘[01m[Kint main()[m[K’:
[01m[K/home/buhrmann/ws_moveit/src/point_cloud_circle_detector/src/point_cloud_plantpot_edge_pfh_detector.cpp:29:27:[m[K [01;31m[Kerror: [m[Kcannot convert ‘[01m[Kpcl::PointCloud<pcl::Label>[m[K’ to ‘[01m[Kpcl::PointCloud<pcl::PointIndices>&[m[K’
   29 |     edge_detector.compute([01;31m[Kegdes[m[K, label_indices);
      |                           [01;31m[K^~~~~[m[K
      |                           [01;31m[K|[m[K
      |                           [01;31m[Kpcl::PointCloud<pcl::Label>[m[K
In file included from [01m[K/usr/local/include/pcl-1.14/pcl/features/organized_edge_detection.h:416[m[K,
                 from [01m[K/home/buhrmann/ws_moveit/src/point_cloud_circle_detector/src/point_cloud_plantpot_edge_pfh_detector.cpp:5[m[K:
[01m[K/usr/local/include/pcl-1.14/pcl/features/impl/organized_edge_detection.hpp:52:77:[m[K [01;36m[Knote: [m[K  initializing argument 1 of ‘[01m[Kvoid pcl::OrganizedEdgeBase<PointT, PointLT>::compute(pcl::PointCloud<PointOutT>&, std::vector<pcl::PointIndices>&) const [with PointT = pcl::PointXYZ; PointLT = pcl::PointIndices][m[K’
   52 | pcl::OrganizedEdgeBase<PointT, PointLT>::compute ([01;36m[Kpcl::PointCloud<PointLT>& labels[m[K, std::vector<pcl::PointIndices>& label_indices) const
      |                                                   [01;36m[K~~~~~~~~~~~~~~~~~~~~~~~~~~^~~~~~[m[K
gmake[2]: *** [CMakeFiles/point_cloud_plantpot_edge_pfh_detector.dir/build.make:76: CMakeFiles/point_cloud_plantpot_edge_pfh_detector.dir/src/point_cloud_plantpot_edge_pfh_detector.cpp.o] Error 1
gmake[1]: *** [CMakeFiles/Makefile2:277: CMakeFiles/point_cloud_plantpot_edge_pfh_detector.dir/all] Error 2
gmake: *** [Makefile:146: all] Error 2
