[0.586s] Invoking command in '/home/buhrmann/ws_moveit/build/moveit_configs_utils': PYTHONPATH=/home/buhrmann/ws_moveit/build/moveit_configs_utils/prefix_override:/usr/lib/python3/dist-packages/colcon_core/task/python/colcon_distutils_commands:/home/buhrmann/ws_moveit/install/moveit_configs_utils/lib/python3.10/site-packages:${PYTHONPATH} /usr/bin/python3 -W ignore:setup.py install is deprecated -W ignore:easy_install command is deprecated setup.py develop --editable --build-directory /home/buhrmann/ws_moveit/build/moveit_configs_utils/build --no-deps symlink_data --force
[0.727s] running develop
[0.873s] running egg_info
[0.873s] writing moveit_configs_utils.egg-info/PKG-INFO
[0.873s] writing dependency_links to moveit_configs_utils.egg-info/dependency_links.txt
[0.873s] writing entry points to moveit_configs_utils.egg-info/entry_points.txt
[0.873s] writing requirements to moveit_configs_utils.egg-info/requires.txt
[0.873s] writing top-level names to moveit_configs_utils.egg-info/top_level.txt
[0.875s] reading manifest file 'moveit_configs_utils.egg-info/SOURCES.txt'
[0.876s] writing manifest file 'moveit_configs_utils.egg-info/SOURCES.txt'
[0.926s] running build_ext
[0.926s] Creating /home/buhrmann/ws_moveit/install/moveit_configs_utils/lib/python3.10/site-packages/moveit-configs-utils.egg-link (link to .)
[0.927s] 
[0.927s] Installed /home/buhrmann/ws_moveit/build/moveit_configs_utils
[0.927s] running symlink_data
[0.927s] symbolically linking /home/buhrmann/ws_moveit/build/moveit_configs_utils/resource/moveit_configs_utils -> /home/buhrmann/ws_moveit/install/moveit_configs_utils/share/ament_index/resource_index/packages
[0.927s] symbolically linking /home/buhrmann/ws_moveit/build/moveit_configs_utils/package.xml -> /home/buhrmann/ws_moveit/install/moveit_configs_utils/share/moveit_configs_utils
[0.928s] symbolically linking /home/buhrmann/ws_moveit/build/moveit_configs_utils/default_configs/pilz_industrial_motion_planner_planning.yaml -> /home/buhrmann/ws_moveit/install/moveit_configs_utils/share/moveit_configs_utils/default_configs
[0.928s] symbolically linking /home/buhrmann/ws_moveit/build/moveit_configs_utils/default_configs/stomp_planning.yaml -> /home/buhrmann/ws_moveit/install/moveit_configs_utils/share/moveit_configs_utils/default_configs
[0.928s] symbolically linking /home/buhrmann/ws_moveit/build/moveit_configs_utils/default_configs/chomp_planning.yaml -> /home/buhrmann/ws_moveit/install/moveit_configs_utils/share/moveit_configs_utils/default_configs
[0.928s] symbolically linking /home/buhrmann/ws_moveit/build/moveit_configs_utils/default_configs/ompl_planning.yaml -> /home/buhrmann/ws_moveit/install/moveit_configs_utils/share/moveit_configs_utils/default_configs
[0.928s] symbolically linking /home/buhrmann/ws_moveit/build/moveit_configs_utils/default_configs/ompl_defaults.yaml -> /home/buhrmann/ws_moveit/install/moveit_configs_utils/share/moveit_configs_utils/default_configs
[0.969s] Invoked command in '/home/buhrmann/ws_moveit/build/moveit_configs_utils' returned '0': PYTHONPATH=/home/buhrmann/ws_moveit/build/moveit_configs_utils/prefix_override:/usr/lib/python3/dist-packages/colcon_core/task/python/colcon_distutils_commands:/home/buhrmann/ws_moveit/install/moveit_configs_utils/lib/python3.10/site-packages:${PYTHONPATH} /usr/bin/python3 -W ignore:setup.py install is deprecated -W ignore:easy_install command is deprecated setup.py develop --editable --build-directory /home/buhrmann/ws_moveit/build/moveit_configs_utils/build --no-deps symlink_data --force
