-- The CXX compiler identification is GNU 11.4.0
-- Detecting CXX compiler ABI info
-- Detecting CXX compiler ABI info - done
-- Check for working CXX compiler: /usr/bin/c++ - skipped
-- Detecting CXX compile features
-- Detecting CXX compile features - done
-- Found moveit_common: 2.11.0 (/home/buhrmann/ws_moveit/install/moveit_common/share/moveit_common/cmake)
-- Found ament_cmake: 2.0.6 (/opt/ros/iron/share/ament_cmake/cmake)
-- Found Python3: /usr/bin/python3.10 (found version "3.10.12") found components: Interpreter 
[0mmoveit_hybrid_planning: You did not request a specific build type: Choosing 'Release' for maximum performance[0m
-- Found generate_parameter_library: 0.3.9 (/opt/ros/iron/share/generate_parameter_library/cmake)
-- Found parameter_traits: 0.3.9 (/opt/ros/iron/share/parameter_traits/cmake)
-- Found rosidl_generator_c: 4.0.1 (/opt/ros/iron/share/rosidl_generator_c/cmake)
-- Found rosidl_generator_cpp: 4.0.1 (/opt/ros/iron/share/rosidl_generator_cpp/cmake)
-- Using all available rosidl_typesupport_c: rosidl_typesupport_fastrtps_c;rosidl_typesupport_introspection_c
-- Using all available rosidl_typesupport_cpp: rosidl_typesupport_fastrtps_cpp;rosidl_typesupport_introspection_cpp
-- Found rmw_implementation_cmake: 7.1.0 (/opt/ros/iron/share/rmw_implementation_cmake/cmake)
-- Found rmw_fastrtps_cpp: 7.1.4 (/opt/ros/iron/share/rmw_fastrtps_cpp/cmake)
-- Found OpenSSL: /usr/lib/x86_64-linux-gnu/libcrypto.so (found version "3.0.2")  
-- Found FastRTPS: /opt/ros/iron/include  
-- Using RMW implementation 'rmw_fastrtps_cpp' as default
-- Found rclcpp_lifecycle: 21.0.7 (/opt/ros/iron/share/rclcpp_lifecycle/cmake)
-- Found moveit_core: 2.11.0 (/home/buhrmann/ws_moveit/install/moveit_core/share/moveit_core/cmake)
-- Found Boost: /usr/lib/x86_64-linux-gnu/cmake/Boost-1.74.0/BoostConfig.cmake (found version "1.74.0") found components: chrono date_time filesystem iostreams program_options regex serialization system thread 
-- Found Boost: /usr/lib/x86_64-linux-gnu/cmake/Boost-1.74.0/BoostConfig.cmake (found version "1.74.0") found components: filesystem 
-- library: /usr/lib/x86_64-linux-gnu/libcurl.so
-- Found Eigen3: TRUE (found version "3.4.0") 
-- Ensuring Eigen3 include directory is part of orocos-kdl CMake target
-- Found moveit_ros_planning: 2.11.0 (/home/buhrmann/ws_moveit/install/moveit_ros_planning/share/moveit_ros_planning/cmake)
-- Found Boost: /usr/lib/x86_64-linux-gnu/cmake/Boost-1.74.0/BoostConfig.cmake (found version "1.74.0") found components: system filesystem date_time program_options thread chrono 
-- Found moveit_ros_planning_interface: 2.11.0 (/home/buhrmann/ws_moveit/install/moveit_ros_planning_interface/share/moveit_ros_planning_interface/cmake)
-- Found Boost: /usr/lib/x86_64-linux-gnu/cmake/Boost-1.74.0/BoostConfig.cmake (found version "1.74.0") found components: date_time filesystem program_options system thread 
-- Found Boost: /usr/lib/x86_64-linux-gnu/cmake/Boost-1.74.0/BoostConfig.cmake (found version "1.74.0") found components: thread system filesystem regex date_time program_options 
-- Found Boost: /usr/lib/x86_64-linux-gnu/cmake/Boost-1.74.0/BoostConfig.cmake (found version "1.74.0") found components: system filesystem date_time program_options thread 
-- Found ament_cmake_gtest: 2.0.6 (/opt/ros/iron/share/ament_cmake_gtest/cmake)
-- Found ros_testing: 0.5.2 (/opt/ros/iron/share/ros_testing/cmake)
-- Found launch_testing_ament_cmake: 2.0.4 (/opt/ros/iron/share/launch_testing_ament_cmake/cmake)
-- Found python_cmake_module: 0.10.2 (/opt/ros/iron/share/python_cmake_module/cmake)
-- Found PythonInterp: /usr/bin/python3 (found suitable version "3.10.12", minimum required is "3.6") 
-- Found PythonLibs: /usr/lib/x86_64-linux-gnu/libpython3.10.so (found suitable version "3.10.12", minimum required is "3.5") 
-- Using PYTHON_EXECUTABLE: /usr/bin/python3
-- Using PYTHON_INCLUDE_DIRS: /usr/include/python3.10
-- Using PYTHON_LIBRARIES: /usr/lib/x86_64-linux-gnu/libpython3.10.so
-- Found PythonExtra: .so  
-- Found Boost: /usr/lib/x86_64-linux-gnu/cmake/Boost-1.74.0/BoostConfig.cmake (found version "1.74.0") found components: filesystem 
-- Configuring done
-- Generating done
-- Build files have been written to: /home/buhrmann/ws_moveit/build/moveit_hybrid_planning
[  5%] [34m[1mRunning `/opt/ros/iron/bin/generate_parameter_library_cpp /home/buhrmann/ws_moveit/build/moveit_hybrid_planning/local_planner/local_planner_component/local_planner_parameters/include//local_planner_parameters.hpp /home/buhrmann/ws_moveit/src/moveit2/moveit_ros/hybrid_planning/local_planner/local_planner_component/res/local_planner_parameters.yaml `[0m
[ 10%] [32mBuilding CXX object global_planner/global_planner_component/CMakeFiles/moveit_global_planner_component.dir/src/global_planner_component.cpp.o[0m
[ 15%] [34m[1mRunning `/opt/ros/iron/bin/generate_parameter_library_cpp /home/buhrmann/ws_moveit/build/moveit_hybrid_planning/hybrid_planning_manager/hybrid_planning_manager_component/hp_manager_parameters/include//hp_manager_parameters.hpp /home/buhrmann/ws_moveit/src/moveit2/moveit_ros/hybrid_planning/hybrid_planning_manager/hybrid_planning_manager_component/res/hp_manager_parameters.yaml `[0m
[ 20%] [32mBuilding CXX object global_planner/global_planner_plugins/CMakeFiles/motion_planning_pipeline_plugin.dir/src/moveit_planning_pipeline.cpp.o[0m
[ 25%] [32mBuilding CXX object local_planner/local_constraint_solver_plugins/CMakeFiles/forward_trajectory_plugin.dir/src/forward_trajectory.cpp.o[0m
[ 30%] [32mBuilding CXX object local_planner/trajectory_operator_plugins/CMakeFiles/simple_sampler_plugin.dir/src/simple_sampler.cpp.o[0m
[ 35%] [32mBuilding CXX object test/CMakeFiles/cancel_action.dir/cancel_action.cpp.o[0m
[ 35%] Built target hp_manager_parameters
[ 40%] [32mBuilding CXX object hybrid_planning_manager/hybrid_planning_manager_component/CMakeFiles/moveit_hybrid_planning_manager.dir/src/hybrid_planning_manager.cpp.o[0m
[ 40%] Built target local_planner_parameters
[ 45%] [32mBuilding CXX object local_planner/local_planner_component/CMakeFiles/moveit_local_planner_component.dir/src/local_planner_component.cpp.o[0m
[ 50%] [32m[1mLinking CXX executable cancel_action[0m
[ 50%] Built target cancel_action
[ 55%] [32m[1mLinking CXX shared library libsimple_sampler_plugin.so[0m
[ 55%] Built target simple_sampler_plugin
[ 60%] [32m[1mLinking CXX shared library libforward_trajectory_plugin.so[0m
[ 60%] Built target forward_trajectory_plugin
[ 65%] [32m[1mLinking CXX shared library libmotion_planning_pipeline_plugin.so[0m
[ 65%] Built target motion_planning_pipeline_plugin
[ 70%] [32m[1mLinking CXX shared library libmoveit_global_planner_component.so[0m
[ 70%] Built target moveit_global_planner_component
[ 75%] [32m[1mLinking CXX shared library libmoveit_hybrid_planning_manager.so[0m
[ 75%] Built target moveit_hybrid_planning_manager
[ 80%] [32mBuilding CXX object hybrid_planning_manager/planner_logic_plugins/CMakeFiles/single_plan_execution_plugin.dir/src/single_plan_execution.cpp.o[0m
[ 85%] [32m[1mLinking CXX shared library libsingle_plan_execution_plugin.so[0m
[ 90%] [32m[1mLinking CXX shared library libmoveit_local_planner_component.so[0m
[ 90%] Built target moveit_local_planner_component
[ 90%] Built target single_plan_execution_plugin
[ 95%] [32mBuilding CXX object hybrid_planning_manager/planner_logic_plugins/CMakeFiles/replan_invalidated_trajectory_plugin.dir/src/replan_invalidated_trajectory.cpp.o[0m
[100%] [32m[1mLinking CXX shared library libreplan_invalidated_trajectory_plugin.so[0m
[100%] Built target replan_invalidated_trajectory_plugin
-- Install configuration: "Release"
-- Installing: /home/buhrmann/ws_moveit/install/moveit_hybrid_planning/include/hp_manager_parameters
-- Installing: /home/buhrmann/ws_moveit/install/moveit_hybrid_planning/include/hp_manager_parameters/hp_manager_parameters.hpp
-- Installing: /home/buhrmann/ws_moveit/install/moveit_hybrid_planning/include/local_planner_parameters
-- Installing: /home/buhrmann/ws_moveit/install/moveit_hybrid_planning/include/local_planner_parameters/local_planner_parameters.hpp
-- Installing: /home/buhrmann/ws_moveit/install/moveit_hybrid_planning/lib/libmoveit_global_planner_component.so.2.11.0
-- Set runtime path of "/home/buhrmann/ws_moveit/install/moveit_hybrid_planning/lib/libmoveit_global_planner_component.so.2.11.0" to ""
-- Installing: /home/buhrmann/ws_moveit/install/moveit_hybrid_planning/lib/libmoveit_global_planner_component.so
-- Installing: /home/buhrmann/ws_moveit/install/moveit_hybrid_planning/lib/libmoveit_hybrid_planning_manager.so.2.11.0
-- Set runtime path of "/home/buhrmann/ws_moveit/install/moveit_hybrid_planning/lib/libmoveit_hybrid_planning_manager.so.2.11.0" to ""
-- Installing: /home/buhrmann/ws_moveit/install/moveit_hybrid_planning/lib/libmoveit_hybrid_planning_manager.so
-- Installing: /home/buhrmann/ws_moveit/install/moveit_hybrid_planning/lib/libmoveit_local_planner_component.so.2.11.0
-- Set runtime path of "/home/buhrmann/ws_moveit/install/moveit_hybrid_planning/lib/libmoveit_local_planner_component.so.2.11.0" to ""
-- Installing: /home/buhrmann/ws_moveit/install/moveit_hybrid_planning/lib/libmoveit_local_planner_component.so
-- Installing: /home/buhrmann/ws_moveit/install/moveit_hybrid_planning/lib/libforward_trajectory_plugin.so.2.11.0
-- Set runtime path of "/home/buhrmann/ws_moveit/install/moveit_hybrid_planning/lib/libforward_trajectory_plugin.so.2.11.0" to ""
-- Installing: /home/buhrmann/ws_moveit/install/moveit_hybrid_planning/lib/libforward_trajectory_plugin.so
-- Installing: /home/buhrmann/ws_moveit/install/moveit_hybrid_planning/lib/libmotion_planning_pipeline_plugin.so.2.11.0
-- Set runtime path of "/home/buhrmann/ws_moveit/install/moveit_hybrid_planning/lib/libmotion_planning_pipeline_plugin.so.2.11.0" to ""
-- Installing: /home/buhrmann/ws_moveit/install/moveit_hybrid_planning/lib/libmotion_planning_pipeline_plugin.so
-- Installing: /home/buhrmann/ws_moveit/install/moveit_hybrid_planning/lib/libreplan_invalidated_trajectory_plugin.so.2.11.0
-- Set runtime path of "/home/buhrmann/ws_moveit/install/moveit_hybrid_planning/lib/libreplan_invalidated_trajectory_plugin.so.2.11.0" to ""
-- Installing: /home/buhrmann/ws_moveit/install/moveit_hybrid_planning/lib/libreplan_invalidated_trajectory_plugin.so
-- Installing: /home/buhrmann/ws_moveit/install/moveit_hybrid_planning/lib/libsimple_sampler_plugin.so.2.11.0
-- Set runtime path of "/home/buhrmann/ws_moveit/install/moveit_hybrid_planning/lib/libsimple_sampler_plugin.so.2.11.0" to ""
-- Installing: /home/buhrmann/ws_moveit/install/moveit_hybrid_planning/lib/libsimple_sampler_plugin.so
-- Installing: /home/buhrmann/ws_moveit/install/moveit_hybrid_planning/lib/libsingle_plan_execution_plugin.so.2.11.0
-- Set runtime path of "/home/buhrmann/ws_moveit/install/moveit_hybrid_planning/lib/libsingle_plan_execution_plugin.so.2.11.0" to ""
-- Installing: /home/buhrmann/ws_moveit/install/moveit_hybrid_planning/lib/libsingle_plan_execution_plugin.so
-- Installing: /home/buhrmann/ws_moveit/install/moveit_hybrid_planning/lib/moveit_hybrid_planning/cancel_action
-- Set runtime path of "/home/buhrmann/ws_moveit/install/moveit_hybrid_planning/lib/moveit_hybrid_planning/cancel_action" to ""
-- Installing: /home/buhrmann/ws_moveit/install/moveit_hybrid_planning/include/moveit_hybrid_planning
-- Installing: /home/buhrmann/ws_moveit/install/moveit_hybrid_planning/include/moveit_hybrid_planning/moveit
-- Installing: /home/buhrmann/ws_moveit/install/moveit_hybrid_planning/include/moveit_hybrid_planning/moveit/global_planner
-- Installing: /home/buhrmann/ws_moveit/install/moveit_hybrid_planning/include/moveit_hybrid_planning/moveit/global_planner/global_planner_interface.h
-- Installing: /home/buhrmann/ws_moveit/install/moveit_hybrid_planning/include/moveit_hybrid_planning/moveit/global_planner/global_planner_component.h
-- Up-to-date: /home/buhrmann/ws_moveit/install/moveit_hybrid_planning/include/moveit_hybrid_planning
-- Up-to-date: /home/buhrmann/ws_moveit/install/moveit_hybrid_planning/include/moveit_hybrid_planning/moveit
-- Up-to-date: /home/buhrmann/ws_moveit/install/moveit_hybrid_planning/include/moveit_hybrid_planning/moveit/global_planner
-- Installing: /home/buhrmann/ws_moveit/install/moveit_hybrid_planning/include/moveit_hybrid_planning/moveit/global_planner/moveit_planning_pipeline.h
-- Up-to-date: /home/buhrmann/ws_moveit/install/moveit_hybrid_planning/include/moveit_hybrid_planning
-- Up-to-date: /home/buhrmann/ws_moveit/install/moveit_hybrid_planning/include/moveit_hybrid_planning/moveit
-- Installing: /home/buhrmann/ws_moveit/install/moveit_hybrid_planning/include/moveit_hybrid_planning/moveit/hybrid_planning_manager
-- Installing: /home/buhrmann/ws_moveit/install/moveit_hybrid_planning/include/moveit_hybrid_planning/moveit/hybrid_planning_manager/hybrid_planning_events.h
-- Installing: /home/buhrmann/ws_moveit/install/moveit_hybrid_planning/include/moveit_hybrid_planning/moveit/hybrid_planning_manager/planner_logic_interface.h
-- Installing: /home/buhrmann/ws_moveit/install/moveit_hybrid_planning/include/moveit_hybrid_planning/moveit/hybrid_planning_manager/hybrid_planning_manager.h
-- Up-to-date: /home/buhrmann/ws_moveit/install/moveit_hybrid_planning/include/moveit_hybrid_planning
-- Up-to-date: /home/buhrmann/ws_moveit/install/moveit_hybrid_planning/include/moveit_hybrid_planning/moveit
-- Installing: /home/buhrmann/ws_moveit/install/moveit_hybrid_planning/include/moveit_hybrid_planning/moveit/planner_logic_plugins
-- Installing: /home/buhrmann/ws_moveit/install/moveit_hybrid_planning/include/moveit_hybrid_planning/moveit/planner_logic_plugins/replan_invalidated_trajectory.h
-- Installing: /home/buhrmann/ws_moveit/install/moveit_hybrid_planning/include/moveit_hybrid_planning/moveit/planner_logic_plugins/single_plan_execution.h
-- Up-to-date: /home/buhrmann/ws_moveit/install/moveit_hybrid_planning/include/moveit_hybrid_planning
-- Up-to-date: /home/buhrmann/ws_moveit/install/moveit_hybrid_planning/include/moveit_hybrid_planning/moveit
-- Installing: /home/buhrmann/ws_moveit/install/moveit_hybrid_planning/include/moveit_hybrid_planning/moveit/local_planner
-- Installing: /home/buhrmann/ws_moveit/install/moveit_hybrid_planning/include/moveit_hybrid_planning/moveit/local_planner/local_constraint_solver_interface.h
-- Installing: /home/buhrmann/ws_moveit/install/moveit_hybrid_planning/include/moveit_hybrid_planning/moveit/local_planner/trajectory_operator_interface.h
-- Installing: /home/buhrmann/ws_moveit/install/moveit_hybrid_planning/include/moveit_hybrid_planning/moveit/local_planner/local_planner_component.h
-- Installing: /home/buhrmann/ws_moveit/install/moveit_hybrid_planning/include/moveit_hybrid_planning/moveit/local_planner/feedback_types.h
-- Up-to-date: /home/buhrmann/ws_moveit/install/moveit_hybrid_planning/include/moveit_hybrid_planning
-- Up-to-date: /home/buhrmann/ws_moveit/install/moveit_hybrid_planning/include/moveit_hybrid_planning/moveit
-- Installing: /home/buhrmann/ws_moveit/install/moveit_hybrid_planning/include/moveit_hybrid_planning/moveit/trajectory_operator_plugins
-- Installing: /home/buhrmann/ws_moveit/install/moveit_hybrid_planning/include/moveit_hybrid_planning/moveit/trajectory_operator_plugins/simple_sampler.h
-- Up-to-date: /home/buhrmann/ws_moveit/install/moveit_hybrid_planning/include/moveit_hybrid_planning
-- Up-to-date: /home/buhrmann/ws_moveit/install/moveit_hybrid_planning/include/moveit_hybrid_planning/moveit
-- Installing: /home/buhrmann/ws_moveit/install/moveit_hybrid_planning/include/moveit_hybrid_planning/moveit/local_constraint_solver_plugins
-- Installing: /home/buhrmann/ws_moveit/install/moveit_hybrid_planning/include/moveit_hybrid_planning/moveit/local_constraint_solver_plugins/forward_trajectory.h
-- Installing: /home/buhrmann/ws_moveit/install/moveit_hybrid_planning/share/moveit_hybrid_planning/launch
-- Installing: /home/buhrmann/ws_moveit/install/moveit_hybrid_planning/share/moveit_hybrid_planning/launch/hybrid_planning_common.py
-- Installing: /home/buhrmann/ws_moveit/install/moveit_hybrid_planning/share/moveit_hybrid_planning/launch/test_basic_integration.test.py
-- Installing: /home/buhrmann/ws_moveit/install/moveit_hybrid_planning/share/moveit_hybrid_planning/config
-- Installing: /home/buhrmann/ws_moveit/install/moveit_hybrid_planning/share/moveit_hybrid_planning/config/demo_controller.yaml
-- Installing: /home/buhrmann/ws_moveit/install/moveit_hybrid_planning/share/moveit_hybrid_planning/config/hybrid_planning_demo.rviz
-- Installing: /home/buhrmann/ws_moveit/install/moveit_hybrid_planning/share/moveit_hybrid_planning/config/hybrid_planning_manager.yaml
-- Installing: /home/buhrmann/ws_moveit/install/moveit_hybrid_planning/share/moveit_hybrid_planning/config/global_planner.yaml
-- Installing: /home/buhrmann/ws_moveit/install/moveit_hybrid_planning/share/moveit_hybrid_planning/config/local_planner.yaml
-- Installing: /home/buhrmann/ws_moveit/install/moveit_hybrid_planning/share/moveit_hybrid_planning/single_plan_execution_plugin.xml
-- Installing: /home/buhrmann/ws_moveit/install/moveit_hybrid_planning/share/moveit_hybrid_planning/moveit_planning_pipeline_plugin.xml
-- Installing: /home/buhrmann/ws_moveit/install/moveit_hybrid_planning/share/moveit_hybrid_planning/simple_sampler_plugin.xml
-- Installing: /home/buhrmann/ws_moveit/install/moveit_hybrid_planning/share/moveit_hybrid_planning/replan_invalidated_trajectory_plugin.xml
-- Installing: /home/buhrmann/ws_moveit/install/moveit_hybrid_planning/share/moveit_hybrid_planning/forward_trajectory_plugin.xml
-- Installing: /home/buhrmann/ws_moveit/install/moveit_hybrid_planning/share/moveit_hybrid_planning/environment/library_path.sh
-- Installing: /home/buhrmann/ws_moveit/install/moveit_hybrid_planning/share/moveit_hybrid_planning/environment/library_path.dsv
-- Installing: /home/buhrmann/ws_moveit/install/moveit_hybrid_planning/share/ament_index/resource_index/package_run_dependencies/moveit_hybrid_planning
-- Installing: /home/buhrmann/ws_moveit/install/moveit_hybrid_planning/share/ament_index/resource_index/parent_prefix_path/moveit_hybrid_planning
-- Installing: /home/buhrmann/ws_moveit/install/moveit_hybrid_planning/share/moveit_hybrid_planning/environment/ament_prefix_path.sh
-- Installing: /home/buhrmann/ws_moveit/install/moveit_hybrid_planning/share/moveit_hybrid_planning/environment/ament_prefix_path.dsv
-- Installing: /home/buhrmann/ws_moveit/install/moveit_hybrid_planning/share/moveit_hybrid_planning/environment/path.sh
-- Installing: /home/buhrmann/ws_moveit/install/moveit_hybrid_planning/share/moveit_hybrid_planning/environment/path.dsv
-- Installing: /home/buhrmann/ws_moveit/install/moveit_hybrid_planning/share/moveit_hybrid_planning/local_setup.bash
-- Installing: /home/buhrmann/ws_moveit/install/moveit_hybrid_planning/share/moveit_hybrid_planning/local_setup.sh
-- Installing: /home/buhrmann/ws_moveit/install/moveit_hybrid_planning/share/moveit_hybrid_planning/local_setup.zsh
-- Installing: /home/buhrmann/ws_moveit/install/moveit_hybrid_planning/share/moveit_hybrid_planning/local_setup.dsv
-- Installing: /home/buhrmann/ws_moveit/install/moveit_hybrid_planning/share/moveit_hybrid_planning/package.dsv
-- Installing: /home/buhrmann/ws_moveit/install/moveit_hybrid_planning/share/ament_index/resource_index/packages/moveit_hybrid_planning
-- Installing: /home/buhrmann/ws_moveit/install/moveit_hybrid_planning/share/ament_index/resource_index/moveit_hybrid_planning__pluginlib__plugin/moveit_hybrid_planning
-- Installing: /home/buhrmann/ws_moveit/install/moveit_hybrid_planning/share/ament_index/resource_index/rclcpp_components/moveit_hybrid_planning
-- Installing: /home/buhrmann/ws_moveit/install/moveit_hybrid_planning/share/moveit_hybrid_planning/cmake/moveit_hybrid_planningTargetsExport.cmake
-- Installing: /home/buhrmann/ws_moveit/install/moveit_hybrid_planning/share/moveit_hybrid_planning/cmake/moveit_hybrid_planningTargetsExport-release.cmake
-- Installing: /home/buhrmann/ws_moveit/install/moveit_hybrid_planning/share/moveit_hybrid_planning/cmake/ament_cmake_export_dependencies-extras.cmake
-- Installing: /home/buhrmann/ws_moveit/install/moveit_hybrid_planning/share/moveit_hybrid_planning/cmake/ament_cmake_export_targets-extras.cmake
-- Installing: /home/buhrmann/ws_moveit/install/moveit_hybrid_planning/share/moveit_hybrid_planning/cmake/moveit_hybrid_planningConfig.cmake
-- Installing: /home/buhrmann/ws_moveit/install/moveit_hybrid_planning/share/moveit_hybrid_planning/cmake/moveit_hybrid_planningConfig-version.cmake
-- Installing: /home/buhrmann/ws_moveit/install/moveit_hybrid_planning/share/moveit_hybrid_planning/package.xml
