[0.554s] Invoking command in '/home/buhrmann/ws_moveit/build/moveit_core': CMAKE_PREFIX_PATH=/home/buhrmann/ws_moveit/install/moveit_resources_panda_moveit_config:/home/buhrmann/ws_moveit/install/moveit_resources_pr2_description:/home/buhrmann/ws_moveit/install/moveit_resources_panda_description:/home/buhrmann/ws_moveit/install/moveit_msgs:/home/buhrmann/ws_moveit/install/moveit_common:/home/buhrmann/ws_moveit/install/ur5_moveit_test:/home/buhrmann/ws_moveit/install/ur5_camera_moveit_config2:/home/buhrmann/ws_moveit/install/ur5_camera_moveit_config:/home/buhrmann/ws_moveit/install/ur5_description_controller:/home/buhrmann/ws_moveit/install/ur3_camera_moveit_config:/home/buhrmann/ws_moveit/install/ur3_description_controller:/home/buhrmann/ws_moveit/install/robotiq_hardware_tests:/home/buhrmann/ws_moveit/install/robotiq_driver:/home/buhrmann/ws_moveit/install/serial:/home/buhrmann/ws_moveit/install/moveit2_tutorials:/home/buhrmann/ws_moveit/install/moveit_visual_tools:/home/buhrmann/ws_moveit/install/rviz_visual_tools:/home/buhrmann/ws_moveit/install/moveit_task_constructor_visualization:/home/buhrmann/ws_moveit/install/moveit_task_constructor_demo:/home/buhrmann/ws_moveit/install/moveit_task_constructor_capabilities:/home/buhrmann/ws_moveit/install/moveit_task_constructor_core:/home/buhrmann/ws_moveit/install/rviz_marker_tools:/home/buhrmann/ws_moveit/install/picknik_accessories:/home/buhrmann/ws_moveit/install/kortex_bringup:/home/buhrmann/ws_moveit/install/kinova_gen3_lite_moveit_config:/home/buhrmann/ws_moveit/install/kinova_gen3_7dof_robotiq_2f_85_moveit_config:/home/buhrmann/ws_moveit/install/kinova_gen3_6dof_robotiq_2f_85_moveit_config:/home/buhrmann/ws_moveit/install/kortex_description:/home/buhrmann/ws_moveit/install/robotiq_description:/home/buhrmann/ws_moveit/install/robotiq_controllers:/home/buhrmann/ws_moveit/install/ppf_test_pkg:/home/buhrmann/ws_moveit/install/point_cloud_circle_detector:/home/buhrmann/ws_moveit/install/pilz_industrial_motion_planner_testutils:/home/buhrmann/ws_moveit/install/moveit_runtime:/home/buhrmann/ws_moveit/install/moveit:/home/buhrmann/ws_moveit/install/moveit_planners:/home/buhrmann/ws_moveit/install/pilz_industrial_motion_planner:/home/buhrmann/ws_moveit/install/pick_ik:/home/buhrmann/ws_moveit/install/object_detection_pcl:/home/buhrmann/ws_moveit/install/object_detection:/home/buhrmann/ws_moveit/install/object_creation:/home/buhrmann/ws_moveit/install/moveit_task_constructor_msgs:/home/buhrmann/ws_moveit/install/moveit_ros_control_interface:/home/buhrmann/ws_moveit/install/moveit_plugins:/home/buhrmann/ws_moveit/install/moveit_simple_controller_manager:/home/buhrmann/ws_moveit/install/moveit_setup_assistant:/home/buhrmann/ws_moveit/install/moveit_setup_srdf_plugins:/home/buhrmann/ws_moveit/install/moveit_setup_core_plugins:/home/buhrmann/ws_moveit/install/moveit_setup_controllers:/home/buhrmann/ws_moveit/install/moveit_setup_app_plugins:/home/buhrmann/ws_moveit/install/moveit_setup_framework:/home/buhrmann/ws_moveit/install/moveit_servo:/home/buhrmann/ws_moveit/install/moveit_ros_trajectory_cache:/home/buhrmann/ws_moveit/install/moveit_ros:/home/buhrmann/ws_moveit/install/moveit_ros_visualization:/home/buhrmann/ws_moveit/install/moveit_py:/home/buhrmann/ws_moveit/install/moveit_hybrid_planning:/home/buhrmann/ws_moveit/install/edit_planning_scene:/home/buhrmann/ws_moveit/install/moveit_ros_planning_interface:/home/buhrmann/ws_moveit/install/moveit_ros_benchmarks:/home/buhrmann/ws_moveit/install/moveit_ros_warehouse:/home/buhrmann/ws_moveit/install/moveit_ros_robot_interaction:/home/buhrmann/ws_moveit/install/moveit_ros_perception:/home/buhrmann/ws_moveit/install/moveit_resources_prbt_pg70_support:/home/buhrmann/ws_moveit/install/moveit_resources_prbt_moveit_config:/home/buhrmann/ws_moveit/install/moveit_ros_move_group:/home/buhrmann/ws_moveit/install/moveit_planners_ompl:/home/buhrmann/ws_moveit/install/moveit_kinematics:/home/buhrmann/ws_moveit/install/moveit_ros_planning:/home/buhrmann/ws_moveit/install/moveit_ros_occupancy_map_monitor:/home/buhrmann/ws_moveit/install/moveit_resources_prbt_support:/home/buhrmann/ws_moveit/install/moveit_resources_prbt_ikfast_manipulator_plugin:/home/buhrmann/ws_moveit/install/moveit_resources:/home/buhrmann/ws_moveit/install/dual_arm_panda_moveit_config:/home/buhrmann/ws_moveit/install/moveit_resources_fanuc_moveit_config:/home/buhrmann/ws_moveit/install/moveit_resources_fanuc_description:/home/buhrmann/ws_moveit/install/moveit_planners_stomp:/home/buhrmann/ws_moveit/install/moveit_planners_chomp:/home/buhrmann/ws_moveit/install/chomp_motion_planner:/home/buhrmann/ws_moveit/install/moveit_core:/home/buhrmann/ws_moveit/install/kortex_driver:/home/buhrmann/ws_moveit/install/kortex_api:/home/buhrmann/ws_moveit/install/common_services_package:/home/buhrmann/ws_moveit/install/ros2_azure_bridge:/home/buhrmann/ws_moveit/install/moveit_configs_utils:/opt/ros/iron LD_LIBRARY_PATH=/home/buhrmann/ws_moveit/install/moveit_msgs/lib:/home/buhrmann/ws_moveit/install/robotiq_driver/lib:/home/buhrmann/ws_moveit/install/serial/lib:/home/buhrmann/ws_moveit/install/moveit_visual_tools/lib:/home/buhrmann/ws_moveit/install/rviz_visual_tools/lib:/home/buhrmann/ws_moveit/install/moveit_task_constructor_visualization/lib:/home/buhrmann/ws_moveit/install/moveit_task_constructor_demo/lib:/home/buhrmann/ws_moveit/install/moveit_task_constructor_capabilities/lib:/home/buhrmann/ws_moveit/install/moveit_task_constructor_core/lib:/home/buhrmann/ws_moveit/install/rviz_marker_tools/lib:/home/buhrmann/ws_moveit/install/robotiq_controllers/lib:/home/buhrmann/ws_moveit/install/pilz_industrial_motion_planner_testutils/lib:/home/buhrmann/ws_moveit/install/pilz_industrial_motion_planner/lib:/home/buhrmann/ws_moveit/install/pick_ik/lib:/home/buhrmann/ws_moveit/install/moveit_task_constructor_msgs/lib:/home/buhrmann/ws_moveit/install/moveit_ros_control_interface/lib:/home/buhrmann/ws_moveit/install/moveit_simple_controller_manager/lib:/home/buhrmann/ws_moveit/install/moveit_setup_assistant/lib:/home/buhrmann/ws_moveit/install/moveit_setup_srdf_plugins/lib:/home/buhrmann/ws_moveit/install/moveit_setup_core_plugins/lib:/home/buhrmann/ws_moveit/install/moveit_setup_controllers/lib:/home/buhrmann/ws_moveit/install/moveit_setup_app_plugins/lib:/home/buhrmann/ws_moveit/install/moveit_setup_framework/lib:/home/buhrmann/ws_moveit/install/moveit_servo/lib:/home/buhrmann/ws_moveit/install/moveit_ros_trajectory_cache/lib:/home/buhrmann/ws_moveit/install/moveit_ros_visualization/lib:/home/buhrmann/ws_moveit/install/moveit_py/lib:/home/buhrmann/ws_moveit/install/moveit_hybrid_planning/lib:/home/buhrmann/ws_moveit/install/moveit_ros_planning_interface/lib:/home/buhrmann/ws_moveit/install/moveit_ros_benchmarks/lib:/home/buhrmann/ws_moveit/install/moveit_ros_warehouse/lib:/home/buhrmann/ws_moveit/install/moveit_ros_robot_interaction/lib:/home/buhrmann/ws_moveit/install/moveit_ros_perception/lib:/home/buhrmann/ws_moveit/install/moveit_ros_move_group/lib:/home/buhrmann/ws_moveit/install/moveit_planners_ompl/lib:/home/buhrmann/ws_moveit/install/moveit_kinematics/lib:/home/buhrmann/ws_moveit/install/moveit_ros_planning/lib:/home/buhrmann/ws_moveit/install/moveit_ros_occupancy_map_monitor/lib:/home/buhrmann/ws_moveit/install/moveit_resources_prbt_ikfast_manipulator_plugin/lib:/home/buhrmann/ws_moveit/install/moveit_planners_stomp/lib:/home/buhrmann/ws_moveit/install/moveit_planners_chomp/lib:/home/buhrmann/ws_moveit/install/chomp_motion_planner/lib:/home/buhrmann/ws_moveit/install/moveit_core/lib:/home/buhrmann/ws_moveit/install/kortex_driver/lib:/home/buhrmann/ws_moveit/install/common_services_package/lib:/opt/ros/iron/opt/rviz_ogre_vendor/lib:/opt/ros/iron/lib/x86_64-linux-gnu:/opt/ros/iron/lib:/usr/lib/jvm/java-11-openjdk-amd64/lib/amd64 PYTHONPATH=/home/buhrmann/ws_moveit/install/moveit_msgs/lib/python3.10/site-packages:/home/buhrmann/ws_moveit/install/moveit_task_constructor_core/lib/python3.10/site-packages:/home/buhrmann/ws_moveit/install/ros2_azure_bridge/lib/python3.10/site-packages:/home/buhrmann/ws_moveit/install/moveit_task_constructor_msgs/lib/python3.10/site-packages:/home/buhrmann/ws_moveit/install/moveit_py/lib/python3.10/site-packages:/home/buhrmann/ws_moveit/install/moveit_configs_utils/lib/python3.10/site-packages:/home/buhrmann/ws_moveit/install/common_services_package/lib/python3.10/site-packages:/opt/ros/iron/lib/python3.10/site-packages /usr/bin/cmake --build /home/buhrmann/ws_moveit/build/moveit_core -- -j28 -l28
[0.665s] [  1%] [34m[1mGenerate version header[0m
[0.676s] [  2%] Built target moveit_smoothing_base
[0.678s] [  3%] Built target gmock
[0.678s] [  4%] Built target gtest_main
[0.679s] [  4%] Built target moveit_butterworth_filter_parameters
[0.679s] [  5%] Built target gtest
[0.679s] [  8%] Built target moveit_utils
[0.679s] [  9%] Built target moveit_ruckig_filter_parameters
[0.679s] [ 10%] Built target moveit_acceleration_filter_parameters
[0.684s] [ 12%] Built target gmock_main
[0.715s] [ 13%] [34m[1mGenerating version.h[0m
[0.727s] [ 15%] Built target logger_dut
[0.728s] [ 15%] Built target moveit_exceptions
[0.733s] [ 15%] Built target version_h
[0.750s] [ 18%] Built target moveit_distance_field
[0.762s] [ 19%] Built target moveit_transforms
[0.769s] [ 20%] Built target moveit_version
[0.787s] [ 26%] Built target moveit_robot_model
[0.797s] [ 27%] Built target test_transforms
[0.800s] [ 29%] Built target test_distance_field
[0.800s] [ 29%] Built target test_voxel_grid
[0.835s] [ 30%] Built target moveit_kinematics_base
[0.836s] [ 31%] Built target moveit_butterworth_filter
[0.881s] [ 33%] Built target test_butterworth_filter
[0.881s] [ 33%] Built target moveit_test_utils
[0.888s] [ 36%] Built target moveit_robot_state
[0.946s] [ 37%] Built target moveit_robot_trajectory
[0.946s] [ 38%] Built target test_robot_model
[0.954s] [ 39%] Built target moveit_kinematics_metrics
[0.962s] [ 40%] Built target moveit_acceleration_filter
[0.967s] [ 41%] Built target moveit_dynamics_solver
[0.971s] [ 42%] Built target robot_state_benchmark
[0.974s] [ 44%] Built target test_aabb
[0.974s] [ 51%] Built target moveit_collision_detection
[0.991s] [ 51%] Built target test_robot_state
[0.991s] [ 53%] Built target test_cartesian_interpolator
[0.991s] [ 54%] Built target moveit_ruckig_filter
[0.993s] [ 55%] Built target test_robot_state_complex
[1.021s] [ 57%] Built target test_robot_trajectory
[1.022s] [ 58%] Built target test_world
[1.036s] [ 59%] Built target test_world_diff
[1.037s] [ 60%] Built target moveit_collision_detection_fcl
[1.037s] [ 61%] Built target test_acceleration_filter
[1.037s] [ 66%] Built target moveit_collision_detection_bullet
[1.046s] [ 67%] Built target test_all_valid
[1.058s] [ 69%] Built target moveit_trajectory_processing
[1.102s] [ 71%] Built target test_fcl_collision_detection
[1.102s] [ 72%] Built target test_fcl_collision_detection_panda
[1.103s] [ 73%] Built target test_bullet_collision_detection
[1.107s] [ 75%] Built target moveit_kinematic_constraints
[1.112s] [ 76%] Built target test_fcl_collision_env
[1.114s] [ 77%] Built target test_bullet_collision_detection_panda
[1.115s] [ 78%] Built target test_ruckig_traj_smoothing
[1.115s] [ 79%] Built target test_bullet_continuous_collision_checking
[1.127s] [ 80%] Built target test_time_optimal_trajectory_generation
[1.128s] [ 81%] Built target robot_trajectory_benchmark
[1.158s] [ 82%] Built target test_orientation_constraints
[1.158s] [ 83%] Built target moveit_planning_scene
[1.160s] [ 84%] Built target test_constraints
[1.212s] [ 85%] Built target collision_detector_fcl_plugin
[1.226s] [ 87%] Built target moveit_planning_interface
[1.229s] [ 88%] Built target test_collision_objects
[1.229s] [ 89%] Built target test_multi_threaded
[1.233s] [ 90%] Built target collision_detector_bullet_plugin
[1.234s] [ 93%] Built target moveit_constraint_samplers
[1.241s] [ 96%] Built target moveit_collision_distance_field
[1.242s] [ 97%] Built target test_planning_scene
[1.299s] [ 98%] Built target test_collision_distance_field
[1.303s] [100%] Built target test_constraint_samplers
[1.317s] Invoked command in '/home/buhrmann/ws_moveit/build/moveit_core' returned '0': CMAKE_PREFIX_PATH=/home/buhrmann/ws_moveit/install/moveit_resources_panda_moveit_config:/home/buhrmann/ws_moveit/install/moveit_resources_pr2_description:/home/buhrmann/ws_moveit/install/moveit_resources_panda_description:/home/buhrmann/ws_moveit/install/moveit_msgs:/home/buhrmann/ws_moveit/install/moveit_common:/home/buhrmann/ws_moveit/install/ur5_moveit_test:/home/buhrmann/ws_moveit/install/ur5_camera_moveit_config2:/home/buhrmann/ws_moveit/install/ur5_camera_moveit_config:/home/buhrmann/ws_moveit/install/ur5_description_controller:/home/buhrmann/ws_moveit/install/ur3_camera_moveit_config:/home/buhrmann/ws_moveit/install/ur3_description_controller:/home/buhrmann/ws_moveit/install/robotiq_hardware_tests:/home/buhrmann/ws_moveit/install/robotiq_driver:/home/buhrmann/ws_moveit/install/serial:/home/buhrmann/ws_moveit/install/moveit2_tutorials:/home/buhrmann/ws_moveit/install/moveit_visual_tools:/home/buhrmann/ws_moveit/install/rviz_visual_tools:/home/buhrmann/ws_moveit/install/moveit_task_constructor_visualization:/home/buhrmann/ws_moveit/install/moveit_task_constructor_demo:/home/buhrmann/ws_moveit/install/moveit_task_constructor_capabilities:/home/buhrmann/ws_moveit/install/moveit_task_constructor_core:/home/buhrmann/ws_moveit/install/rviz_marker_tools:/home/buhrmann/ws_moveit/install/picknik_accessories:/home/buhrmann/ws_moveit/install/kortex_bringup:/home/buhrmann/ws_moveit/install/kinova_gen3_lite_moveit_config:/home/buhrmann/ws_moveit/install/kinova_gen3_7dof_robotiq_2f_85_moveit_config:/home/buhrmann/ws_moveit/install/kinova_gen3_6dof_robotiq_2f_85_moveit_config:/home/buhrmann/ws_moveit/install/kortex_description:/home/buhrmann/ws_moveit/install/robotiq_description:/home/buhrmann/ws_moveit/install/robotiq_controllers:/home/buhrmann/ws_moveit/install/ppf_test_pkg:/home/buhrmann/ws_moveit/install/point_cloud_circle_detector:/home/buhrmann/ws_moveit/install/pilz_industrial_motion_planner_testutils:/home/buhrmann/ws_moveit/install/moveit_runtime:/home/buhrmann/ws_moveit/install/moveit:/home/buhrmann/ws_moveit/install/moveit_planners:/home/buhrmann/ws_moveit/install/pilz_industrial_motion_planner:/home/buhrmann/ws_moveit/install/pick_ik:/home/buhrmann/ws_moveit/install/object_detection_pcl:/home/buhrmann/ws_moveit/install/object_detection:/home/buhrmann/ws_moveit/install/object_creation:/home/buhrmann/ws_moveit/install/moveit_task_constructor_msgs:/home/buhrmann/ws_moveit/install/moveit_ros_control_interface:/home/buhrmann/ws_moveit/install/moveit_plugins:/home/buhrmann/ws_moveit/install/moveit_simple_controller_manager:/home/buhrmann/ws_moveit/install/moveit_setup_assistant:/home/buhrmann/ws_moveit/install/moveit_setup_srdf_plugins:/home/buhrmann/ws_moveit/install/moveit_setup_core_plugins:/home/buhrmann/ws_moveit/install/moveit_setup_controllers:/home/buhrmann/ws_moveit/install/moveit_setup_app_plugins:/home/buhrmann/ws_moveit/install/moveit_setup_framework:/home/buhrmann/ws_moveit/install/moveit_servo:/home/buhrmann/ws_moveit/install/moveit_ros_trajectory_cache:/home/buhrmann/ws_moveit/install/moveit_ros:/home/buhrmann/ws_moveit/install/moveit_ros_visualization:/home/buhrmann/ws_moveit/install/moveit_py:/home/buhrmann/ws_moveit/install/moveit_hybrid_planning:/home/buhrmann/ws_moveit/install/edit_planning_scene:/home/buhrmann/ws_moveit/install/moveit_ros_planning_interface:/home/buhrmann/ws_moveit/install/moveit_ros_benchmarks:/home/buhrmann/ws_moveit/install/moveit_ros_warehouse:/home/buhrmann/ws_moveit/install/moveit_ros_robot_interaction:/home/buhrmann/ws_moveit/install/moveit_ros_perception:/home/buhrmann/ws_moveit/install/moveit_resources_prbt_pg70_support:/home/buhrmann/ws_moveit/install/moveit_resources_prbt_moveit_config:/home/buhrmann/ws_moveit/install/moveit_ros_move_group:/home/buhrmann/ws_moveit/install/moveit_planners_ompl:/home/buhrmann/ws_moveit/install/moveit_kinematics:/home/buhrmann/ws_moveit/install/moveit_ros_planning:/home/buhrmann/ws_moveit/install/moveit_ros_occupancy_map_monitor:/home/buhrmann/ws_moveit/install/moveit_resources_prbt_support:/home/buhrmann/ws_moveit/install/moveit_resources_prbt_ikfast_manipulator_plugin:/home/buhrmann/ws_moveit/install/moveit_resources:/home/buhrmann/ws_moveit/install/dual_arm_panda_moveit_config:/home/buhrmann/ws_moveit/install/moveit_resources_fanuc_moveit_config:/home/buhrmann/ws_moveit/install/moveit_resources_fanuc_description:/home/buhrmann/ws_moveit/install/moveit_planners_stomp:/home/buhrmann/ws_moveit/install/moveit_planners_chomp:/home/buhrmann/ws_moveit/install/chomp_motion_planner:/home/buhrmann/ws_moveit/install/moveit_core:/home/buhrmann/ws_moveit/install/kortex_driver:/home/buhrmann/ws_moveit/install/kortex_api:/home/buhrmann/ws_moveit/install/common_services_package:/home/buhrmann/ws_moveit/install/ros2_azure_bridge:/home/buhrmann/ws_moveit/install/moveit_configs_utils:/opt/ros/iron LD_LIBRARY_PATH=/home/buhrmann/ws_moveit/install/moveit_msgs/lib:/home/buhrmann/ws_moveit/install/robotiq_driver/lib:/home/buhrmann/ws_moveit/install/serial/lib:/home/buhrmann/ws_moveit/install/moveit_visual_tools/lib:/home/buhrmann/ws_moveit/install/rviz_visual_tools/lib:/home/buhrmann/ws_moveit/install/moveit_task_constructor_visualization/lib:/home/buhrmann/ws_moveit/install/moveit_task_constructor_demo/lib:/home/buhrmann/ws_moveit/install/moveit_task_constructor_capabilities/lib:/home/buhrmann/ws_moveit/install/moveit_task_constructor_core/lib:/home/buhrmann/ws_moveit/install/rviz_marker_tools/lib:/home/buhrmann/ws_moveit/install/robotiq_controllers/lib:/home/buhrmann/ws_moveit/install/pilz_industrial_motion_planner_testutils/lib:/home/buhrmann/ws_moveit/install/pilz_industrial_motion_planner/lib:/home/buhrmann/ws_moveit/install/pick_ik/lib:/home/buhrmann/ws_moveit/install/moveit_task_constructor_msgs/lib:/home/buhrmann/ws_moveit/install/moveit_ros_control_interface/lib:/home/buhrmann/ws_moveit/install/moveit_simple_controller_manager/lib:/home/buhrmann/ws_moveit/install/moveit_setup_assistant/lib:/home/buhrmann/ws_moveit/install/moveit_setup_srdf_plugins/lib:/home/buhrmann/ws_moveit/install/moveit_setup_core_plugins/lib:/home/buhrmann/ws_moveit/install/moveit_setup_controllers/lib:/home/buhrmann/ws_moveit/install/moveit_setup_app_plugins/lib:/home/buhrmann/ws_moveit/install/moveit_setup_framework/lib:/home/buhrmann/ws_moveit/install/moveit_servo/lib:/home/buhrmann/ws_moveit/install/moveit_ros_trajectory_cache/lib:/home/buhrmann/ws_moveit/install/moveit_ros_visualization/lib:/home/buhrmann/ws_moveit/install/moveit_py/lib:/home/buhrmann/ws_moveit/install/moveit_hybrid_planning/lib:/home/buhrmann/ws_moveit/install/moveit_ros_planning_interface/lib:/home/buhrmann/ws_moveit/install/moveit_ros_benchmarks/lib:/home/buhrmann/ws_moveit/install/moveit_ros_warehouse/lib:/home/buhrmann/ws_moveit/install/moveit_ros_robot_interaction/lib:/home/buhrmann/ws_moveit/install/moveit_ros_perception/lib:/home/buhrmann/ws_moveit/install/moveit_ros_move_group/lib:/home/buhrmann/ws_moveit/install/moveit_planners_ompl/lib:/home/buhrmann/ws_moveit/install/moveit_kinematics/lib:/home/buhrmann/ws_moveit/install/moveit_ros_planning/lib:/home/buhrmann/ws_moveit/install/moveit_ros_occupancy_map_monitor/lib:/home/buhrmann/ws_moveit/install/moveit_resources_prbt_ikfast_manipulator_plugin/lib:/home/buhrmann/ws_moveit/install/moveit_planners_stomp/lib:/home/buhrmann/ws_moveit/install/moveit_planners_chomp/lib:/home/buhrmann/ws_moveit/install/chomp_motion_planner/lib:/home/buhrmann/ws_moveit/install/moveit_core/lib:/home/buhrmann/ws_moveit/install/kortex_driver/lib:/home/buhrmann/ws_moveit/install/common_services_package/lib:/opt/ros/iron/opt/rviz_ogre_vendor/lib:/opt/ros/iron/lib/x86_64-linux-gnu:/opt/ros/iron/lib:/usr/lib/jvm/java-11-openjdk-amd64/lib/amd64 PYTHONPATH=/home/buhrmann/ws_moveit/install/moveit_msgs/lib/python3.10/site-packages:/home/buhrmann/ws_moveit/install/moveit_task_constructor_core/lib/python3.10/site-packages:/home/buhrmann/ws_moveit/install/ros2_azure_bridge/lib/python3.10/site-packages:/home/buhrmann/ws_moveit/install/moveit_task_constructor_msgs/lib/python3.10/site-packages:/home/buhrmann/ws_moveit/install/moveit_py/lib/python3.10/site-packages:/home/buhrmann/ws_moveit/install/moveit_configs_utils/lib/python3.10/site-packages:/home/buhrmann/ws_moveit/install/common_services_package/lib/python3.10/site-packages:/opt/ros/iron/lib/python3.10/site-packages /usr/bin/cmake --build /home/buhrmann/ws_moveit/build/moveit_core -- -j28 -l28
[1.323s] Invoking command in '/home/buhrmann/ws_moveit/build/moveit_core': CMAKE_PREFIX_PATH=/home/buhrmann/ws_moveit/install/moveit_resources_panda_moveit_config:/home/buhrmann/ws_moveit/install/moveit_resources_pr2_description:/home/buhrmann/ws_moveit/install/moveit_resources_panda_description:/home/buhrmann/ws_moveit/install/moveit_msgs:/home/buhrmann/ws_moveit/install/moveit_common:/home/buhrmann/ws_moveit/install/ur5_moveit_test:/home/buhrmann/ws_moveit/install/ur5_camera_moveit_config2:/home/buhrmann/ws_moveit/install/ur5_camera_moveit_config:/home/buhrmann/ws_moveit/install/ur5_description_controller:/home/buhrmann/ws_moveit/install/ur3_camera_moveit_config:/home/buhrmann/ws_moveit/install/ur3_description_controller:/home/buhrmann/ws_moveit/install/robotiq_hardware_tests:/home/buhrmann/ws_moveit/install/robotiq_driver:/home/buhrmann/ws_moveit/install/serial:/home/buhrmann/ws_moveit/install/moveit2_tutorials:/home/buhrmann/ws_moveit/install/moveit_visual_tools:/home/buhrmann/ws_moveit/install/rviz_visual_tools:/home/buhrmann/ws_moveit/install/moveit_task_constructor_visualization:/home/buhrmann/ws_moveit/install/moveit_task_constructor_demo:/home/buhrmann/ws_moveit/install/moveit_task_constructor_capabilities:/home/buhrmann/ws_moveit/install/moveit_task_constructor_core:/home/buhrmann/ws_moveit/install/rviz_marker_tools:/home/buhrmann/ws_moveit/install/picknik_accessories:/home/buhrmann/ws_moveit/install/kortex_bringup:/home/buhrmann/ws_moveit/install/kinova_gen3_lite_moveit_config:/home/buhrmann/ws_moveit/install/kinova_gen3_7dof_robotiq_2f_85_moveit_config:/home/buhrmann/ws_moveit/install/kinova_gen3_6dof_robotiq_2f_85_moveit_config:/home/buhrmann/ws_moveit/install/kortex_description:/home/buhrmann/ws_moveit/install/robotiq_description:/home/buhrmann/ws_moveit/install/robotiq_controllers:/home/buhrmann/ws_moveit/install/ppf_test_pkg:/home/buhrmann/ws_moveit/install/point_cloud_circle_detector:/home/buhrmann/ws_moveit/install/pilz_industrial_motion_planner_testutils:/home/buhrmann/ws_moveit/install/moveit_runtime:/home/buhrmann/ws_moveit/install/moveit:/home/buhrmann/ws_moveit/install/moveit_planners:/home/buhrmann/ws_moveit/install/pilz_industrial_motion_planner:/home/buhrmann/ws_moveit/install/pick_ik:/home/buhrmann/ws_moveit/install/object_detection_pcl:/home/buhrmann/ws_moveit/install/object_detection:/home/buhrmann/ws_moveit/install/object_creation:/home/buhrmann/ws_moveit/install/moveit_task_constructor_msgs:/home/buhrmann/ws_moveit/install/moveit_ros_control_interface:/home/buhrmann/ws_moveit/install/moveit_plugins:/home/buhrmann/ws_moveit/install/moveit_simple_controller_manager:/home/buhrmann/ws_moveit/install/moveit_setup_assistant:/home/buhrmann/ws_moveit/install/moveit_setup_srdf_plugins:/home/buhrmann/ws_moveit/install/moveit_setup_core_plugins:/home/buhrmann/ws_moveit/install/moveit_setup_controllers:/home/buhrmann/ws_moveit/install/moveit_setup_app_plugins:/home/buhrmann/ws_moveit/install/moveit_setup_framework:/home/buhrmann/ws_moveit/install/moveit_servo:/home/buhrmann/ws_moveit/install/moveit_ros_trajectory_cache:/home/buhrmann/ws_moveit/install/moveit_ros:/home/buhrmann/ws_moveit/install/moveit_ros_visualization:/home/buhrmann/ws_moveit/install/moveit_py:/home/buhrmann/ws_moveit/install/moveit_hybrid_planning:/home/buhrmann/ws_moveit/install/edit_planning_scene:/home/buhrmann/ws_moveit/install/moveit_ros_planning_interface:/home/buhrmann/ws_moveit/install/moveit_ros_benchmarks:/home/buhrmann/ws_moveit/install/moveit_ros_warehouse:/home/buhrmann/ws_moveit/install/moveit_ros_robot_interaction:/home/buhrmann/ws_moveit/install/moveit_ros_perception:/home/buhrmann/ws_moveit/install/moveit_resources_prbt_pg70_support:/home/buhrmann/ws_moveit/install/moveit_resources_prbt_moveit_config:/home/buhrmann/ws_moveit/install/moveit_ros_move_group:/home/buhrmann/ws_moveit/install/moveit_planners_ompl:/home/buhrmann/ws_moveit/install/moveit_kinematics:/home/buhrmann/ws_moveit/install/moveit_ros_planning:/home/buhrmann/ws_moveit/install/moveit_ros_occupancy_map_monitor:/home/buhrmann/ws_moveit/install/moveit_resources_prbt_support:/home/buhrmann/ws_moveit/install/moveit_resources_prbt_ikfast_manipulator_plugin:/home/buhrmann/ws_moveit/install/moveit_resources:/home/buhrmann/ws_moveit/install/dual_arm_panda_moveit_config:/home/buhrmann/ws_moveit/install/moveit_resources_fanuc_moveit_config:/home/buhrmann/ws_moveit/install/moveit_resources_fanuc_description:/home/buhrmann/ws_moveit/install/moveit_planners_stomp:/home/buhrmann/ws_moveit/install/moveit_planners_chomp:/home/buhrmann/ws_moveit/install/chomp_motion_planner:/home/buhrmann/ws_moveit/install/moveit_core:/home/buhrmann/ws_moveit/install/kortex_driver:/home/buhrmann/ws_moveit/install/kortex_api:/home/buhrmann/ws_moveit/install/common_services_package:/home/buhrmann/ws_moveit/install/ros2_azure_bridge:/home/buhrmann/ws_moveit/install/moveit_configs_utils:/opt/ros/iron LD_LIBRARY_PATH=/home/buhrmann/ws_moveit/install/moveit_msgs/lib:/home/buhrmann/ws_moveit/install/robotiq_driver/lib:/home/buhrmann/ws_moveit/install/serial/lib:/home/buhrmann/ws_moveit/install/moveit_visual_tools/lib:/home/buhrmann/ws_moveit/install/rviz_visual_tools/lib:/home/buhrmann/ws_moveit/install/moveit_task_constructor_visualization/lib:/home/buhrmann/ws_moveit/install/moveit_task_constructor_demo/lib:/home/buhrmann/ws_moveit/install/moveit_task_constructor_capabilities/lib:/home/buhrmann/ws_moveit/install/moveit_task_constructor_core/lib:/home/buhrmann/ws_moveit/install/rviz_marker_tools/lib:/home/buhrmann/ws_moveit/install/robotiq_controllers/lib:/home/buhrmann/ws_moveit/install/pilz_industrial_motion_planner_testutils/lib:/home/buhrmann/ws_moveit/install/pilz_industrial_motion_planner/lib:/home/buhrmann/ws_moveit/install/pick_ik/lib:/home/buhrmann/ws_moveit/install/moveit_task_constructor_msgs/lib:/home/buhrmann/ws_moveit/install/moveit_ros_control_interface/lib:/home/buhrmann/ws_moveit/install/moveit_simple_controller_manager/lib:/home/buhrmann/ws_moveit/install/moveit_setup_assistant/lib:/home/buhrmann/ws_moveit/install/moveit_setup_srdf_plugins/lib:/home/buhrmann/ws_moveit/install/moveit_setup_core_plugins/lib:/home/buhrmann/ws_moveit/install/moveit_setup_controllers/lib:/home/buhrmann/ws_moveit/install/moveit_setup_app_plugins/lib:/home/buhrmann/ws_moveit/install/moveit_setup_framework/lib:/home/buhrmann/ws_moveit/install/moveit_servo/lib:/home/buhrmann/ws_moveit/install/moveit_ros_trajectory_cache/lib:/home/buhrmann/ws_moveit/install/moveit_ros_visualization/lib:/home/buhrmann/ws_moveit/install/moveit_py/lib:/home/buhrmann/ws_moveit/install/moveit_hybrid_planning/lib:/home/buhrmann/ws_moveit/install/moveit_ros_planning_interface/lib:/home/buhrmann/ws_moveit/install/moveit_ros_benchmarks/lib:/home/buhrmann/ws_moveit/install/moveit_ros_warehouse/lib:/home/buhrmann/ws_moveit/install/moveit_ros_robot_interaction/lib:/home/buhrmann/ws_moveit/install/moveit_ros_perception/lib:/home/buhrmann/ws_moveit/install/moveit_ros_move_group/lib:/home/buhrmann/ws_moveit/install/moveit_planners_ompl/lib:/home/buhrmann/ws_moveit/install/moveit_kinematics/lib:/home/buhrmann/ws_moveit/install/moveit_ros_planning/lib:/home/buhrmann/ws_moveit/install/moveit_ros_occupancy_map_monitor/lib:/home/buhrmann/ws_moveit/install/moveit_resources_prbt_ikfast_manipulator_plugin/lib:/home/buhrmann/ws_moveit/install/moveit_planners_stomp/lib:/home/buhrmann/ws_moveit/install/moveit_planners_chomp/lib:/home/buhrmann/ws_moveit/install/chomp_motion_planner/lib:/home/buhrmann/ws_moveit/install/moveit_core/lib:/home/buhrmann/ws_moveit/install/kortex_driver/lib:/home/buhrmann/ws_moveit/install/common_services_package/lib:/opt/ros/iron/opt/rviz_ogre_vendor/lib:/opt/ros/iron/lib/x86_64-linux-gnu:/opt/ros/iron/lib:/usr/lib/jvm/java-11-openjdk-amd64/lib/amd64 PYTHONPATH=/home/buhrmann/ws_moveit/install/moveit_msgs/lib/python3.10/site-packages:/home/buhrmann/ws_moveit/install/moveit_task_constructor_core/lib/python3.10/site-packages:/home/buhrmann/ws_moveit/install/ros2_azure_bridge/lib/python3.10/site-packages:/home/buhrmann/ws_moveit/install/moveit_task_constructor_msgs/lib/python3.10/site-packages:/home/buhrmann/ws_moveit/install/moveit_py/lib/python3.10/site-packages:/home/buhrmann/ws_moveit/install/moveit_configs_utils/lib/python3.10/site-packages:/home/buhrmann/ws_moveit/install/common_services_package/lib/python3.10/site-packages:/opt/ros/iron/lib/python3.10/site-packages /usr/bin/cmake --install /home/buhrmann/ws_moveit/build/moveit_core
[1.335s] -- Install configuration: "Release"
[1.335s] -- Up-to-date: /home/buhrmann/ws_moveit/install/moveit_core/include/moveit_core
[1.335s] -- Up-to-date: /home/buhrmann/ws_moveit/install/moveit_core/include/moveit_core/moveit
[1.335s] -- Up-to-date: /home/buhrmann/ws_moveit/install/moveit_core/include/moveit_core/moveit/collision_detection_bullet
[1.335s] -- Up-to-date: /home/buhrmann/ws_moveit/install/moveit_core/include/moveit_core/moveit/collision_detection_bullet/collision_detector_bullet_plugin_loader.h
[1.335s] -- Up-to-date: /home/buhrmann/ws_moveit/install/moveit_core/include/moveit_core/moveit/collision_detection_bullet/bullet_integration
[1.335s] -- Up-to-date: /home/buhrmann/ws_moveit/install/moveit_core/include/moveit_core/moveit/collision_detection_bullet/bullet_integration/bullet_discrete_bvh_manager.h
[1.336s] -- Up-to-date: /home/buhrmann/ws_moveit/install/moveit_core/include/moveit_core/moveit/collision_detection_bullet/bullet_integration/basic_types.h
[1.336s] -- Up-to-date: /home/buhrmann/ws_moveit/install/moveit_core/include/moveit_core/moveit/collision_detection_bullet/bullet_integration/ros_bullet_utils.h
[1.336s] -- Up-to-date: /home/buhrmann/ws_moveit/install/moveit_core/include/moveit_core/moveit/collision_detection_bullet/bullet_integration/contact_checker_common.h
[1.336s] -- Up-to-date: /home/buhrmann/ws_moveit/install/moveit_core/include/moveit_core/moveit/collision_detection_bullet/bullet_integration/bullet_bvh_manager.h
[1.336s] -- Up-to-date: /home/buhrmann/ws_moveit/install/moveit_core/include/moveit_core/moveit/collision_detection_bullet/bullet_integration/bullet_utils.h
[1.336s] -- Up-to-date: /home/buhrmann/ws_moveit/install/moveit_core/include/moveit_core/moveit/collision_detection_bullet/bullet_integration/bullet_cast_bvh_manager.h
[1.336s] -- Up-to-date: /home/buhrmann/ws_moveit/install/moveit_core/include/moveit_core/moveit/collision_detection_bullet/collision_detector_allocator_bullet.h
[1.336s] -- Up-to-date: /home/buhrmann/ws_moveit/install/moveit_core/include/moveit_core/moveit/collision_detection_bullet/collision_env_bullet.h
[1.336s] -- Up-to-date: /home/buhrmann/ws_moveit/install/moveit_core/include/moveit_core/moveit_collision_detection_bullet_export.h
[1.336s] -- Up-to-date: /home/buhrmann/ws_moveit/install/moveit_core/include/moveit_core
[1.336s] -- Up-to-date: /home/buhrmann/ws_moveit/install/moveit_core/include/moveit_core/moveit
[1.336s] -- Up-to-date: /home/buhrmann/ws_moveit/install/moveit_core/include/moveit_core/moveit/collision_detection_fcl
[1.336s] -- Up-to-date: /home/buhrmann/ws_moveit/install/moveit_core/include/moveit_core/moveit/collision_detection_fcl/collision_common.h
[1.336s] -- Up-to-date: /home/buhrmann/ws_moveit/install/moveit_core/include/moveit_core/moveit/collision_detection_fcl/collision_detector_allocator_fcl.h
[1.336s] -- Up-to-date: /home/buhrmann/ws_moveit/install/moveit_core/include/moveit_core/moveit/collision_detection_fcl/collision_detector_fcl_plugin_loader.h
[1.336s] -- Up-to-date: /home/buhrmann/ws_moveit/install/moveit_core/include/moveit_core/moveit/collision_detection_fcl/collision_env_fcl.h
[1.336s] -- Up-to-date: /home/buhrmann/ws_moveit/install/moveit_core/include/moveit_core/moveit/collision_detection_fcl/fcl_compat.h
[1.336s] -- Up-to-date: /home/buhrmann/ws_moveit/install/moveit_core/include/moveit_core/moveit_collision_detection_fcl_export.h
[1.337s] -- Up-to-date: /home/buhrmann/ws_moveit/install/moveit_core/include/moveit_core
[1.337s] -- Up-to-date: /home/buhrmann/ws_moveit/install/moveit_core/include/moveit_core/moveit
[1.337s] -- Up-to-date: /home/buhrmann/ws_moveit/install/moveit_core/include/moveit_core/moveit/collision_detection
[1.337s] -- Up-to-date: /home/buhrmann/ws_moveit/install/moveit_core/include/moveit_core/moveit/collision_detection/collision_common.h
[1.337s] -- Up-to-date: /home/buhrmann/ws_moveit/install/moveit_core/include/moveit_core/moveit/collision_detection/world_diff.h
[1.337s] -- Up-to-date: /home/buhrmann/ws_moveit/install/moveit_core/include/moveit_core/moveit/collision_detection/collision_tools.h
[1.337s] -- Up-to-date: /home/buhrmann/ws_moveit/install/moveit_core/include/moveit_core/moveit/collision_detection/collision_plugin_cache.h
[1.337s] -- Up-to-date: /home/buhrmann/ws_moveit/install/moveit_core/include/moveit_core/moveit/collision_detection/collision_env.h
[1.337s] -- Up-to-date: /home/buhrmann/ws_moveit/install/moveit_core/include/moveit_core/moveit/collision_detection/test_collision_common_pr2.h
[1.337s] -- Up-to-date: /home/buhrmann/ws_moveit/install/moveit_core/include/moveit_core/moveit/collision_detection/collision_matrix.h
[1.337s] -- Up-to-date: /home/buhrmann/ws_moveit/install/moveit_core/include/moveit_core/moveit/collision_detection/occupancy_map.h
[1.337s] -- Up-to-date: /home/buhrmann/ws_moveit/install/moveit_core/include/moveit_core/moveit/collision_detection/world.h
[1.337s] -- Up-to-date: /home/buhrmann/ws_moveit/install/moveit_core/include/moveit_core/moveit/collision_detection/collision_plugin.h
[1.337s] -- Up-to-date: /home/buhrmann/ws_moveit/install/moveit_core/include/moveit_core/moveit/collision_detection/test_collision_common_panda.h
[1.337s] -- Up-to-date: /home/buhrmann/ws_moveit/install/moveit_core/include/moveit_core/moveit/collision_detection/allvalid
[1.338s] -- Up-to-date: /home/buhrmann/ws_moveit/install/moveit_core/include/moveit_core/moveit/collision_detection/allvalid/collision_detector_allocator_allvalid.h
[1.338s] -- Up-to-date: /home/buhrmann/ws_moveit/install/moveit_core/include/moveit_core/moveit/collision_detection/allvalid/collision_env_allvalid.h
[1.338s] -- Up-to-date: /home/buhrmann/ws_moveit/install/moveit_core/include/moveit_core/moveit/collision_detection/collision_octomap_filter.h
[1.338s] -- Up-to-date: /home/buhrmann/ws_moveit/install/moveit_core/include/moveit_core/moveit/collision_detection/collision_detector_allocator.h
[1.338s] -- Up-to-date: /home/buhrmann/ws_moveit/install/moveit_core/include/moveit_core/moveit_collision_detection_export.h
[1.338s] -- Up-to-date: /home/buhrmann/ws_moveit/install/moveit_core/include/moveit_core
[1.338s] -- Up-to-date: /home/buhrmann/ws_moveit/install/moveit_core/include/moveit_core/moveit
[1.338s] -- Up-to-date: /home/buhrmann/ws_moveit/install/moveit_core/include/moveit_core/moveit/collision_distance_field
[1.338s] -- Up-to-date: /home/buhrmann/ws_moveit/install/moveit_core/include/moveit_core/moveit/collision_distance_field/collision_env_distance_field.h
[1.338s] -- Up-to-date: /home/buhrmann/ws_moveit/install/moveit_core/include/moveit_core/moveit/collision_distance_field/collision_env_hybrid.h
[1.338s] -- Up-to-date: /home/buhrmann/ws_moveit/install/moveit_core/include/moveit_core/moveit/collision_distance_field/collision_common_distance_field.h
[1.339s] -- Up-to-date: /home/buhrmann/ws_moveit/install/moveit_core/include/moveit_core/moveit/collision_distance_field/collision_detector_allocator_hybrid.h
[1.339s] -- Up-to-date: /home/buhrmann/ws_moveit/install/moveit_core/include/moveit_core/moveit/collision_distance_field/collision_distance_field_types.h
[1.339s] -- Up-to-date: /home/buhrmann/ws_moveit/install/moveit_core/include/moveit_core/moveit/collision_distance_field/collision_detector_allocator_distance_field.h
[1.339s] -- Up-to-date: /home/buhrmann/ws_moveit/install/moveit_core/include/moveit_core/moveit_collision_distance_field_export.h
[1.339s] -- Up-to-date: /home/buhrmann/ws_moveit/install/moveit_core/include/moveit_core
[1.339s] -- Up-to-date: /home/buhrmann/ws_moveit/install/moveit_core/include/moveit_core/moveit
[1.339s] -- Up-to-date: /home/buhrmann/ws_moveit/install/moveit_core/include/moveit_core/moveit/constraint_samplers
[1.339s] -- Up-to-date: /home/buhrmann/ws_moveit/install/moveit_core/include/moveit_core/moveit/constraint_samplers/constraint_sampler_manager.h
[1.339s] -- Up-to-date: /home/buhrmann/ws_moveit/install/moveit_core/include/moveit_core/moveit/constraint_samplers/constraint_sampler.h
[1.340s] -- Up-to-date: /home/buhrmann/ws_moveit/install/moveit_core/include/moveit_core/moveit/constraint_samplers/constraint_sampler_allocator.h
[1.340s] -- Up-to-date: /home/buhrmann/ws_moveit/install/moveit_core/include/moveit_core/moveit/constraint_samplers/union_constraint_sampler.h
[1.340s] -- Up-to-date: /home/buhrmann/ws_moveit/install/moveit_core/include/moveit_core/moveit/constraint_samplers/default_constraint_samplers.h
[1.340s] -- Up-to-date: /home/buhrmann/ws_moveit/install/moveit_core/include/moveit_core/moveit/constraint_samplers/constraint_sampler_tools.h
[1.340s] -- Up-to-date: /home/buhrmann/ws_moveit/install/moveit_core/include/moveit_core
[1.340s] -- Up-to-date: /home/buhrmann/ws_moveit/install/moveit_core/include/moveit_core/moveit
[1.340s] -- Up-to-date: /home/buhrmann/ws_moveit/install/moveit_core/include/moveit_core/moveit/controller_manager
[1.340s] -- Up-to-date: /home/buhrmann/ws_moveit/install/moveit_core/include/moveit_core/moveit/controller_manager/controller_manager.h
[1.340s] -- Up-to-date: /home/buhrmann/ws_moveit/install/moveit_core/include/moveit_core
[1.340s] -- Up-to-date: /home/buhrmann/ws_moveit/install/moveit_core/include/moveit_core/moveit
[1.340s] -- Up-to-date: /home/buhrmann/ws_moveit/install/moveit_core/include/moveit_core/moveit/distance_field
[1.340s] -- Up-to-date: /home/buhrmann/ws_moveit/install/moveit_core/include/moveit_core/moveit/distance_field/find_internal_points.h
[1.341s] -- Up-to-date: /home/buhrmann/ws_moveit/install/moveit_core/include/moveit_core/moveit/distance_field/voxel_grid.h
[1.341s] -- Up-to-date: /home/buhrmann/ws_moveit/install/moveit_core/include/moveit_core/moveit/distance_field/propagation_distance_field.h
[1.341s] -- Up-to-date: /home/buhrmann/ws_moveit/install/moveit_core/include/moveit_core/moveit/distance_field/distance_field.h
[1.341s] -- Up-to-date: /home/buhrmann/ws_moveit/install/moveit_core/include/moveit_core
[1.341s] -- Up-to-date: /home/buhrmann/ws_moveit/install/moveit_core/include/moveit_core/moveit
[1.341s] -- Up-to-date: /home/buhrmann/ws_moveit/install/moveit_core/include/moveit_core/moveit/dynamics_solver
[1.341s] -- Up-to-date: /home/buhrmann/ws_moveit/install/moveit_core/include/moveit_core/moveit/dynamics_solver/dynamics_solver.h
[1.341s] -- Up-to-date: /home/buhrmann/ws_moveit/install/moveit_core/include/moveit_core
[1.341s] -- Up-to-date: /home/buhrmann/ws_moveit/install/moveit_core/include/moveit_core/moveit
[1.341s] -- Up-to-date: /home/buhrmann/ws_moveit/install/moveit_core/include/moveit_core/moveit/exceptions
[1.341s] -- Up-to-date: /home/buhrmann/ws_moveit/install/moveit_core/include/moveit_core/moveit/exceptions/exceptions.h
[1.342s] -- Up-to-date: /home/buhrmann/ws_moveit/install/moveit_core/include/moveit_core
[1.342s] -- Up-to-date: /home/buhrmann/ws_moveit/install/moveit_core/include/moveit_core/moveit
[1.342s] -- Up-to-date: /home/buhrmann/ws_moveit/install/moveit_core/include/moveit_core/moveit/kinematic_constraints
[1.342s] -- Up-to-date: /home/buhrmann/ws_moveit/install/moveit_core/include/moveit_core/moveit/kinematic_constraints/kinematic_constraint.h
[1.342s] -- Up-to-date: /home/buhrmann/ws_moveit/install/moveit_core/include/moveit_core/moveit/kinematic_constraints/utils.h
[1.342s] -- Up-to-date: /home/buhrmann/ws_moveit/install/moveit_core/include/moveit_core
[1.342s] -- Up-to-date: /home/buhrmann/ws_moveit/install/moveit_core/include/moveit_core/moveit
[1.342s] -- Up-to-date: /home/buhrmann/ws_moveit/install/moveit_core/include/moveit_core/moveit/kinematics_base
[1.342s] -- Up-to-date: /home/buhrmann/ws_moveit/install/moveit_core/include/moveit_core/moveit/kinematics_base/kinematics_base.h
[1.342s] -- Up-to-date: /home/buhrmann/ws_moveit/install/moveit_core/include/moveit_core/moveit_kinematics_base_export.h
[1.342s] -- Up-to-date: /home/buhrmann/ws_moveit/install/moveit_core/include/moveit_core
[1.342s] -- Up-to-date: /home/buhrmann/ws_moveit/install/moveit_core/include/moveit_core/moveit
[1.342s] -- Up-to-date: /home/buhrmann/ws_moveit/install/moveit_core/include/moveit_core/moveit/kinematics_metrics
[1.342s] -- Up-to-date: /home/buhrmann/ws_moveit/install/moveit_core/include/moveit_core/moveit/kinematics_metrics/kinematics_metrics.h
[1.342s] -- Up-to-date: /home/buhrmann/ws_moveit/install/moveit_core/include/moveit_core
[1.342s] -- Up-to-date: /home/buhrmann/ws_moveit/install/moveit_core/include/moveit_core/moveit
[1.342s] -- Up-to-date: /home/buhrmann/ws_moveit/install/moveit_core/include/moveit_core/moveit/macros
[1.342s] -- Up-to-date: /home/buhrmann/ws_moveit/install/moveit_core/include/moveit_core/moveit/macros/console_colors.h
[1.342s] -- Up-to-date: /home/buhrmann/ws_moveit/install/moveit_core/include/moveit_core/moveit/macros/declare_ptr.h
[1.342s] -- Up-to-date: /home/buhrmann/ws_moveit/install/moveit_core/include/moveit_core/moveit/macros/class_forward.h
[1.343s] -- Up-to-date: /home/buhrmann/ws_moveit/install/moveit_core/include/moveit_acceleration_filter_parameters
[1.343s] -- Up-to-date: /home/buhrmann/ws_moveit/install/moveit_core/include/moveit_acceleration_filter_parameters/moveit_acceleration_filter_parameters.hpp
[1.343s] -- Up-to-date: /home/buhrmann/ws_moveit/install/moveit_core/include/moveit_butterworth_filter_parameters
[1.343s] -- Up-to-date: /home/buhrmann/ws_moveit/install/moveit_core/include/moveit_butterworth_filter_parameters/moveit_butterworth_filter_parameters.hpp
[1.343s] -- Up-to-date: /home/buhrmann/ws_moveit/install/moveit_core/include/moveit_ruckig_filter_parameters
[1.343s] -- Up-to-date: /home/buhrmann/ws_moveit/install/moveit_core/include/moveit_ruckig_filter_parameters/moveit_ruckig_filter_parameters.hpp
[1.343s] -- Up-to-date: /home/buhrmann/ws_moveit/install/moveit_core/include/moveit_core
[1.343s] -- Up-to-date: /home/buhrmann/ws_moveit/install/moveit_core/include/moveit_core/moveit
[1.343s] -- Up-to-date: /home/buhrmann/ws_moveit/install/moveit_core/include/moveit_core/moveit/online_signal_smoothing
[1.343s] -- Up-to-date: /home/buhrmann/ws_moveit/install/moveit_core/include/moveit_core/moveit/online_signal_smoothing/ruckig_filter.h
[1.343s] -- Up-to-date: /home/buhrmann/ws_moveit/install/moveit_core/include/moveit_core/moveit/online_signal_smoothing/butterworth_filter.h
[1.343s] -- Up-to-date: /home/buhrmann/ws_moveit/install/moveit_core/include/moveit_core/moveit/online_signal_smoothing/acceleration_filter.h
[1.343s] -- Up-to-date: /home/buhrmann/ws_moveit/install/moveit_core/include/moveit_core/moveit/online_signal_smoothing/smoothing_base_class.h
[1.343s] -- Up-to-date: /home/buhrmann/ws_moveit/install/moveit_core/include/moveit_core/moveit_smoothing_base_export.h
[1.343s] -- Up-to-date: /home/buhrmann/ws_moveit/install/moveit_core/include/moveit_core/moveit_acceleration_filter_export.h
[1.343s] -- Up-to-date: /home/buhrmann/ws_moveit/install/moveit_core/include/moveit_core/moveit_butterworth_filter_export.h
[1.343s] -- Up-to-date: /home/buhrmann/ws_moveit/install/moveit_core/include/moveit_core/moveit_ruckig_filter_export.h
[1.343s] -- Up-to-date: /home/buhrmann/ws_moveit/install/moveit_core/include/moveit_core
[1.343s] -- Up-to-date: /home/buhrmann/ws_moveit/install/moveit_core/include/moveit_core/moveit
[1.343s] -- Up-to-date: /home/buhrmann/ws_moveit/install/moveit_core/include/moveit_core/moveit/planning_interface
[1.343s] -- Up-to-date: /home/buhrmann/ws_moveit/install/moveit_core/include/moveit_core/moveit/planning_interface/planning_request.h
[1.343s] -- Up-to-date: /home/buhrmann/ws_moveit/install/moveit_core/include/moveit_core/moveit/planning_interface/planning_response_adapter.h
[1.343s] -- Up-to-date: /home/buhrmann/ws_moveit/install/moveit_core/include/moveit_core/moveit/planning_interface/planning_request_adapter.h
[1.343s] -- Up-to-date: /home/buhrmann/ws_moveit/install/moveit_core/include/moveit_core/moveit/planning_interface/planning_interface.h
[1.343s] -- Up-to-date: /home/buhrmann/ws_moveit/install/moveit_core/include/moveit_core/moveit/planning_interface/planning_response.h
[1.343s] -- Up-to-date: /home/buhrmann/ws_moveit/install/moveit_core/include/moveit_core
[1.344s] -- Up-to-date: /home/buhrmann/ws_moveit/install/moveit_core/include/moveit_core/moveit
[1.344s] -- Up-to-date: /home/buhrmann/ws_moveit/install/moveit_core/include/moveit_core/moveit/planning_scene
[1.344s] -- Up-to-date: /home/buhrmann/ws_moveit/install/moveit_core/include/moveit_core/moveit/planning_scene/planning_scene.h
[1.344s] -- Up-to-date: /home/buhrmann/ws_moveit/install/moveit_core/include/moveit_core/moveit_planning_scene_export.h
[1.344s] -- Up-to-date: /home/buhrmann/ws_moveit/install/moveit_core/include/moveit_core
[1.344s] -- Up-to-date: /home/buhrmann/ws_moveit/install/moveit_core/include/moveit_core/moveit
[1.344s] -- Up-to-date: /home/buhrmann/ws_moveit/install/moveit_core/include/moveit_core/moveit/robot_model
[1.344s] -- Up-to-date: /home/buhrmann/ws_moveit/install/moveit_core/include/moveit_core/moveit/robot_model/floating_joint_model.h
[1.344s] -- Up-to-date: /home/buhrmann/ws_moveit/install/moveit_core/include/moveit_core/moveit/robot_model/robot_model.h
[1.344s] -- Up-to-date: /home/buhrmann/ws_moveit/install/moveit_core/include/moveit_core/moveit/robot_model/planar_joint_model.h
[1.344s] -- Up-to-date: /home/buhrmann/ws_moveit/install/moveit_core/include/moveit_core/moveit/robot_model/prismatic_joint_model.h
[1.344s] -- Up-to-date: /home/buhrmann/ws_moveit/install/moveit_core/include/moveit_core/moveit/robot_model/aabb.h
[1.344s] -- Up-to-date: /home/buhrmann/ws_moveit/install/moveit_core/include/moveit_core/moveit/robot_model/fixed_joint_model.h
[1.344s] -- Up-to-date: /home/buhrmann/ws_moveit/install/moveit_core/include/moveit_core/moveit/robot_model/joint_model.h
[1.344s] -- Up-to-date: /home/buhrmann/ws_moveit/install/moveit_core/include/moveit_core/moveit/robot_model/revolute_joint_model.h
[1.344s] -- Up-to-date: /home/buhrmann/ws_moveit/install/moveit_core/include/moveit_core/moveit/robot_model/joint_model_group.h
[1.344s] -- Up-to-date: /home/buhrmann/ws_moveit/install/moveit_core/include/moveit_core/moveit/robot_model/link_model.h
[1.344s] -- Up-to-date: /home/buhrmann/ws_moveit/install/moveit_core/include/moveit_core
[1.344s] -- Up-to-date: /home/buhrmann/ws_moveit/install/moveit_core/include/moveit_core/moveit
[1.344s] -- Up-to-date: /home/buhrmann/ws_moveit/install/moveit_core/include/moveit_core/moveit/robot_state
[1.344s] -- Up-to-date: /home/buhrmann/ws_moveit/install/moveit_core/include/moveit_core/moveit/robot_state/conversions.h
[1.344s] -- Up-to-date: /home/buhrmann/ws_moveit/install/moveit_core/include/moveit_core/moveit/robot_state/robot_state.h
[1.344s] -- Up-to-date: /home/buhrmann/ws_moveit/install/moveit_core/include/moveit_core/moveit/robot_state/attached_body.h
[1.344s] -- Up-to-date: /home/buhrmann/ws_moveit/install/moveit_core/include/moveit_core/moveit/robot_state/cartesian_interpolator.h
[1.344s] -- Up-to-date: /home/buhrmann/ws_moveit/install/moveit_core/include/moveit_core
[1.344s] -- Up-to-date: /home/buhrmann/ws_moveit/install/moveit_core/include/moveit_core/moveit
[1.344s] -- Up-to-date: /home/buhrmann/ws_moveit/install/moveit_core/include/moveit_core/moveit/robot_trajectory
[1.345s] -- Up-to-date: /home/buhrmann/ws_moveit/install/moveit_core/include/moveit_core/moveit/robot_trajectory/robot_trajectory.h
[1.345s] -- Up-to-date: /home/buhrmann/ws_moveit/install/moveit_core/include/moveit_core
[1.345s] -- Up-to-date: /home/buhrmann/ws_moveit/install/moveit_core/include/moveit_core/moveit
[1.345s] -- Up-to-date: /home/buhrmann/ws_moveit/install/moveit_core/include/moveit_core/moveit/trajectory_processing
[1.345s] -- Up-to-date: /home/buhrmann/ws_moveit/install/moveit_core/include/moveit_core/moveit/trajectory_processing/ruckig_traj_smoothing.h
[1.345s] -- Up-to-date: /home/buhrmann/ws_moveit/install/moveit_core/include/moveit_core/moveit/trajectory_processing/time_optimal_trajectory_generation.h
[1.345s] -- Up-to-date: /home/buhrmann/ws_moveit/install/moveit_core/include/moveit_core/moveit/trajectory_processing/time_parameterization.h
[1.345s] -- Up-to-date: /home/buhrmann/ws_moveit/install/moveit_core/include/moveit_core/moveit/trajectory_processing/trajectory_tools.h
[1.345s] -- Up-to-date: /home/buhrmann/ws_moveit/install/moveit_core/include/moveit_core
[1.345s] -- Up-to-date: /home/buhrmann/ws_moveit/install/moveit_core/include/moveit_core/moveit
[1.345s] -- Up-to-date: /home/buhrmann/ws_moveit/install/moveit_core/include/moveit_core/moveit/transforms
[1.345s] -- Up-to-date: /home/buhrmann/ws_moveit/install/moveit_core/include/moveit_core/moveit/transforms/transforms.h
[1.345s] -- Up-to-date: /home/buhrmann/ws_moveit/install/moveit_core/include/moveit_core
[1.345s] -- Up-to-date: /home/buhrmann/ws_moveit/install/moveit_core/include/moveit_core/moveit
[1.345s] -- Up-to-date: /home/buhrmann/ws_moveit/install/moveit_core/include/moveit_core/moveit/utils
[1.345s] -- Up-to-date: /home/buhrmann/ws_moveit/install/moveit_core/include/moveit_core/moveit/utils/robot_model_test_utils.h
[1.345s] -- Up-to-date: /home/buhrmann/ws_moveit/install/moveit_core/include/moveit_core/moveit/utils/eigen_test_utils.h
[1.345s] -- Up-to-date: /home/buhrmann/ws_moveit/install/moveit_core/include/moveit_core/moveit/utils/moveit_error_code.h
[1.345s] -- Up-to-date: /home/buhrmann/ws_moveit/install/moveit_core/include/moveit_core/moveit/utils/message_checks.h
[1.345s] -- Up-to-date: /home/buhrmann/ws_moveit/install/moveit_core/include/moveit_core/moveit/utils/rclcpp_utils.h
[1.345s] -- Up-to-date: /home/buhrmann/ws_moveit/install/moveit_core/include/moveit_core/moveit/utils/logger.hpp
[1.345s] -- Up-to-date: /home/buhrmann/ws_moveit/install/moveit_core/include/moveit_core/moveit/utils/lexical_casts.h
[1.345s] -- Up-to-date: /home/buhrmann/ws_moveit/install/moveit_core/lib/moveit_core/logger_dut
[1.345s] -- Up-to-date: /home/buhrmann/ws_moveit/install/moveit_core/include/moveit_core/moveit/version.h
[1.345s] -- Up-to-date: /home/buhrmann/ws_moveit/install/moveit_core/bin/moveit_version
[1.345s] -- Up-to-date: /home/buhrmann/ws_moveit/install/moveit_core/lib/libcollision_detector_bullet_plugin.so.2.11.0
[1.345s] -- Up-to-date: /home/buhrmann/ws_moveit/install/moveit_core/lib/libcollision_detector_bullet_plugin.so
[1.345s] -- Up-to-date: /home/buhrmann/ws_moveit/install/moveit_core/lib/libcollision_detector_fcl_plugin.so.2.11.0
[1.346s] -- Up-to-date: /home/buhrmann/ws_moveit/install/moveit_core/lib/libcollision_detector_fcl_plugin.so
[1.346s] -- Up-to-date: /home/buhrmann/ws_moveit/install/moveit_core/lib/libmoveit_acceleration_filter.so.2.11.0
[1.346s] -- Up-to-date: /home/buhrmann/ws_moveit/install/moveit_core/lib/libmoveit_acceleration_filter.so
[1.346s] -- Up-to-date: /home/buhrmann/ws_moveit/install/moveit_core/lib/libmoveit_butterworth_filter.so.2.11.0
[1.346s] -- Up-to-date: /home/buhrmann/ws_moveit/install/moveit_core/lib/libmoveit_butterworth_filter.so
[1.346s] -- Up-to-date: /home/buhrmann/ws_moveit/install/moveit_core/lib/libmoveit_collision_detection.so.2.11.0
[1.346s] -- Up-to-date: /home/buhrmann/ws_moveit/install/moveit_core/lib/libmoveit_collision_detection.so
[1.346s] -- Up-to-date: /home/buhrmann/ws_moveit/install/moveit_core/lib/libmoveit_collision_detection_bullet.so.2.11.0
[1.346s] -- Up-to-date: /home/buhrmann/ws_moveit/install/moveit_core/lib/libmoveit_collision_detection_bullet.so
[1.346s] -- Up-to-date: /home/buhrmann/ws_moveit/install/moveit_core/lib/libmoveit_collision_detection_fcl.so.2.11.0
[1.346s] -- Up-to-date: /home/buhrmann/ws_moveit/install/moveit_core/lib/libmoveit_collision_detection_fcl.so
[1.347s] -- Up-to-date: /home/buhrmann/ws_moveit/install/moveit_core/lib/libmoveit_collision_distance_field.so.2.11.0
[1.347s] -- Up-to-date: /home/buhrmann/ws_moveit/install/moveit_core/lib/libmoveit_collision_distance_field.so
[1.347s] -- Up-to-date: /home/buhrmann/ws_moveit/install/moveit_core/lib/libmoveit_constraint_samplers.so.2.11.0
[1.347s] -- Up-to-date: /home/buhrmann/ws_moveit/install/moveit_core/lib/libmoveit_constraint_samplers.so
[1.347s] -- Up-to-date: /home/buhrmann/ws_moveit/install/moveit_core/lib/libmoveit_distance_field.so.2.11.0
[1.347s] -- Up-to-date: /home/buhrmann/ws_moveit/install/moveit_core/lib/libmoveit_distance_field.so
[1.348s] -- Up-to-date: /home/buhrmann/ws_moveit/install/moveit_core/lib/libmoveit_dynamics_solver.so.2.11.0
[1.348s] -- Up-to-date: /home/buhrmann/ws_moveit/install/moveit_core/lib/libmoveit_dynamics_solver.so
[1.348s] -- Up-to-date: /home/buhrmann/ws_moveit/install/moveit_core/lib/libmoveit_exceptions.so.2.11.0
[1.348s] -- Up-to-date: /home/buhrmann/ws_moveit/install/moveit_core/lib/libmoveit_exceptions.so
[1.348s] -- Up-to-date: /home/buhrmann/ws_moveit/install/moveit_core/lib/libmoveit_kinematic_constraints.so.2.11.0
[1.349s] -- Up-to-date: /home/buhrmann/ws_moveit/install/moveit_core/lib/libmoveit_kinematic_constraints.so
[1.349s] -- Up-to-date: /home/buhrmann/ws_moveit/install/moveit_core/lib/libmoveit_kinematics_base.so
[1.349s] -- Up-to-date: /home/buhrmann/ws_moveit/install/moveit_core/lib/libmoveit_kinematics_metrics.so.2.11.0
[1.349s] -- Up-to-date: /home/buhrmann/ws_moveit/install/moveit_core/lib/libmoveit_kinematics_metrics.so
[1.349s] -- Up-to-date: /home/buhrmann/ws_moveit/install/moveit_core/lib/libmoveit_planning_interface.so.2.11.0
[1.349s] -- Up-to-date: /home/buhrmann/ws_moveit/install/moveit_core/lib/libmoveit_planning_interface.so
[1.350s] -- Up-to-date: /home/buhrmann/ws_moveit/install/moveit_core/lib/libmoveit_planning_scene.so.2.11.0
[1.350s] -- Up-to-date: /home/buhrmann/ws_moveit/install/moveit_core/lib/libmoveit_planning_scene.so
[1.350s] -- Up-to-date: /home/buhrmann/ws_moveit/install/moveit_core/lib/libmoveit_robot_model.so.2.11.0
[1.350s] -- Up-to-date: /home/buhrmann/ws_moveit/install/moveit_core/lib/libmoveit_robot_model.so
[1.350s] -- Up-to-date: /home/buhrmann/ws_moveit/install/moveit_core/lib/libmoveit_robot_state.so.2.11.0
[1.351s] -- Up-to-date: /home/buhrmann/ws_moveit/install/moveit_core/lib/libmoveit_robot_state.so
[1.351s] -- Up-to-date: /home/buhrmann/ws_moveit/install/moveit_core/lib/libmoveit_robot_trajectory.so.2.11.0
[1.351s] -- Up-to-date: /home/buhrmann/ws_moveit/install/moveit_core/lib/libmoveit_robot_trajectory.so
[1.351s] -- Up-to-date: /home/buhrmann/ws_moveit/install/moveit_core/lib/libmoveit_ruckig_filter.so.2.11.0
[1.351s] -- Up-to-date: /home/buhrmann/ws_moveit/install/moveit_core/lib/libmoveit_ruckig_filter.so
[1.352s] -- Up-to-date: /home/buhrmann/ws_moveit/install/moveit_core/lib/libmoveit_smoothing_base.so.2.11.0
[1.352s] -- Up-to-date: /home/buhrmann/ws_moveit/install/moveit_core/lib/libmoveit_smoothing_base.so
[1.352s] -- Up-to-date: /home/buhrmann/ws_moveit/install/moveit_core/lib/libmoveit_test_utils.so.2.11.0
[1.352s] -- Up-to-date: /home/buhrmann/ws_moveit/install/moveit_core/lib/libmoveit_test_utils.so
[1.352s] -- Up-to-date: /home/buhrmann/ws_moveit/install/moveit_core/lib/libmoveit_trajectory_processing.so.2.11.0
[1.352s] -- Up-to-date: /home/buhrmann/ws_moveit/install/moveit_core/lib/libmoveit_trajectory_processing.so
[1.353s] -- Up-to-date: /home/buhrmann/ws_moveit/install/moveit_core/lib/libmoveit_transforms.so.2.11.0
[1.353s] -- Up-to-date: /home/buhrmann/ws_moveit/install/moveit_core/lib/libmoveit_transforms.so
[1.353s] -- Up-to-date: /home/buhrmann/ws_moveit/install/moveit_core/lib/libmoveit_utils.so.2.11.0
[1.353s] -- Up-to-date: /home/buhrmann/ws_moveit/install/moveit_core/lib/libmoveit_utils.so
[1.353s] -- Up-to-date: /home/buhrmann/ws_moveit/install/moveit_core/share/moveit_core/environment/library_path.sh
[1.353s] -- Up-to-date: /home/buhrmann/ws_moveit/install/moveit_core/share/moveit_core/environment/library_path.dsv
[1.353s] -- Up-to-date: /home/buhrmann/ws_moveit/install/moveit_core/share/moveit_core/collision_detector_fcl_description.xml
[1.353s] -- Up-to-date: /home/buhrmann/ws_moveit/install/moveit_core/share/moveit_core/collision_detector_bullet_description.xml
[1.353s] -- Up-to-date: /home/buhrmann/ws_moveit/install/moveit_core/share/moveit_core/filter_plugin_acceleration.xml
[1.354s] -- Up-to-date: /home/buhrmann/ws_moveit/install/moveit_core/share/moveit_core/filter_plugin_butterworth.xml
[1.354s] -- Up-to-date: /home/buhrmann/ws_moveit/install/moveit_core/share/moveit_core/filter_plugin_ruckig.xml
[1.354s] -- Up-to-date: /home/buhrmann/ws_moveit/install/moveit_core/share/ament_index/resource_index/package_run_dependencies/moveit_core
[1.354s] -- Up-to-date: /home/buhrmann/ws_moveit/install/moveit_core/share/ament_index/resource_index/parent_prefix_path/moveit_core
[1.354s] -- Up-to-date: /home/buhrmann/ws_moveit/install/moveit_core/share/moveit_core/environment/ament_prefix_path.sh
[1.354s] -- Up-to-date: /home/buhrmann/ws_moveit/install/moveit_core/share/moveit_core/environment/ament_prefix_path.dsv
[1.354s] -- Up-to-date: /home/buhrmann/ws_moveit/install/moveit_core/share/moveit_core/environment/path.sh
[1.354s] -- Up-to-date: /home/buhrmann/ws_moveit/install/moveit_core/share/moveit_core/environment/path.dsv
[1.354s] -- Up-to-date: /home/buhrmann/ws_moveit/install/moveit_core/share/moveit_core/local_setup.bash
[1.354s] -- Up-to-date: /home/buhrmann/ws_moveit/install/moveit_core/share/moveit_core/local_setup.sh
[1.354s] -- Up-to-date: /home/buhrmann/ws_moveit/install/moveit_core/share/moveit_core/local_setup.zsh
[1.354s] -- Up-to-date: /home/buhrmann/ws_moveit/install/moveit_core/share/moveit_core/local_setup.dsv
[1.354s] -- Installing: /home/buhrmann/ws_moveit/install/moveit_core/share/moveit_core/package.dsv
[1.355s] -- Up-to-date: /home/buhrmann/ws_moveit/install/moveit_core/share/ament_index/resource_index/packages/moveit_core
[1.355s] -- Up-to-date: /home/buhrmann/ws_moveit/install/moveit_core/share/ament_index/resource_index/moveit_core__pluginlib__plugin/moveit_core
[1.355s] -- Up-to-date: /home/buhrmann/ws_moveit/install/moveit_core/share/moveit_core/cmake/moveit_coreTargetsExport.cmake
[1.355s] -- Up-to-date: /home/buhrmann/ws_moveit/install/moveit_core/share/moveit_core/cmake/moveit_coreTargetsExport-release.cmake
[1.355s] -- Up-to-date: /home/buhrmann/ws_moveit/install/moveit_core/share/moveit_core/cmake/ConfigExtras.cmake
[1.355s] -- Up-to-date: /home/buhrmann/ws_moveit/install/moveit_core/share/moveit_core/cmake/ament_cmake_export_targets-extras.cmake
[1.355s] -- Up-to-date: /home/buhrmann/ws_moveit/install/moveit_core/share/moveit_core/cmake/ament_cmake_export_dependencies-extras.cmake
[1.355s] -- Up-to-date: /home/buhrmann/ws_moveit/install/moveit_core/share/moveit_core/cmake/moveit_coreConfig.cmake
[1.355s] -- Up-to-date: /home/buhrmann/ws_moveit/install/moveit_core/share/moveit_core/cmake/moveit_coreConfig-version.cmake
[1.355s] -- Up-to-date: /home/buhrmann/ws_moveit/install/moveit_core/share/moveit_core/package.xml
[1.358s] Invoked command in '/home/buhrmann/ws_moveit/build/moveit_core' returned '0': CMAKE_PREFIX_PATH=/home/buhrmann/ws_moveit/install/moveit_resources_panda_moveit_config:/home/buhrmann/ws_moveit/install/moveit_resources_pr2_description:/home/buhrmann/ws_moveit/install/moveit_resources_panda_description:/home/buhrmann/ws_moveit/install/moveit_msgs:/home/buhrmann/ws_moveit/install/moveit_common:/home/buhrmann/ws_moveit/install/ur5_moveit_test:/home/buhrmann/ws_moveit/install/ur5_camera_moveit_config2:/home/buhrmann/ws_moveit/install/ur5_camera_moveit_config:/home/buhrmann/ws_moveit/install/ur5_description_controller:/home/buhrmann/ws_moveit/install/ur3_camera_moveit_config:/home/buhrmann/ws_moveit/install/ur3_description_controller:/home/buhrmann/ws_moveit/install/robotiq_hardware_tests:/home/buhrmann/ws_moveit/install/robotiq_driver:/home/buhrmann/ws_moveit/install/serial:/home/buhrmann/ws_moveit/install/moveit2_tutorials:/home/buhrmann/ws_moveit/install/moveit_visual_tools:/home/buhrmann/ws_moveit/install/rviz_visual_tools:/home/buhrmann/ws_moveit/install/moveit_task_constructor_visualization:/home/buhrmann/ws_moveit/install/moveit_task_constructor_demo:/home/buhrmann/ws_moveit/install/moveit_task_constructor_capabilities:/home/buhrmann/ws_moveit/install/moveit_task_constructor_core:/home/buhrmann/ws_moveit/install/rviz_marker_tools:/home/buhrmann/ws_moveit/install/picknik_accessories:/home/buhrmann/ws_moveit/install/kortex_bringup:/home/buhrmann/ws_moveit/install/kinova_gen3_lite_moveit_config:/home/buhrmann/ws_moveit/install/kinova_gen3_7dof_robotiq_2f_85_moveit_config:/home/buhrmann/ws_moveit/install/kinova_gen3_6dof_robotiq_2f_85_moveit_config:/home/buhrmann/ws_moveit/install/kortex_description:/home/buhrmann/ws_moveit/install/robotiq_description:/home/buhrmann/ws_moveit/install/robotiq_controllers:/home/buhrmann/ws_moveit/install/ppf_test_pkg:/home/buhrmann/ws_moveit/install/point_cloud_circle_detector:/home/buhrmann/ws_moveit/install/pilz_industrial_motion_planner_testutils:/home/buhrmann/ws_moveit/install/moveit_runtime:/home/buhrmann/ws_moveit/install/moveit:/home/buhrmann/ws_moveit/install/moveit_planners:/home/buhrmann/ws_moveit/install/pilz_industrial_motion_planner:/home/buhrmann/ws_moveit/install/pick_ik:/home/buhrmann/ws_moveit/install/object_detection_pcl:/home/buhrmann/ws_moveit/install/object_detection:/home/buhrmann/ws_moveit/install/object_creation:/home/buhrmann/ws_moveit/install/moveit_task_constructor_msgs:/home/buhrmann/ws_moveit/install/moveit_ros_control_interface:/home/buhrmann/ws_moveit/install/moveit_plugins:/home/buhrmann/ws_moveit/install/moveit_simple_controller_manager:/home/buhrmann/ws_moveit/install/moveit_setup_assistant:/home/buhrmann/ws_moveit/install/moveit_setup_srdf_plugins:/home/buhrmann/ws_moveit/install/moveit_setup_core_plugins:/home/buhrmann/ws_moveit/install/moveit_setup_controllers:/home/buhrmann/ws_moveit/install/moveit_setup_app_plugins:/home/buhrmann/ws_moveit/install/moveit_setup_framework:/home/buhrmann/ws_moveit/install/moveit_servo:/home/buhrmann/ws_moveit/install/moveit_ros_trajectory_cache:/home/buhrmann/ws_moveit/install/moveit_ros:/home/buhrmann/ws_moveit/install/moveit_ros_visualization:/home/buhrmann/ws_moveit/install/moveit_py:/home/buhrmann/ws_moveit/install/moveit_hybrid_planning:/home/buhrmann/ws_moveit/install/edit_planning_scene:/home/buhrmann/ws_moveit/install/moveit_ros_planning_interface:/home/buhrmann/ws_moveit/install/moveit_ros_benchmarks:/home/buhrmann/ws_moveit/install/moveit_ros_warehouse:/home/buhrmann/ws_moveit/install/moveit_ros_robot_interaction:/home/buhrmann/ws_moveit/install/moveit_ros_perception:/home/buhrmann/ws_moveit/install/moveit_resources_prbt_pg70_support:/home/buhrmann/ws_moveit/install/moveit_resources_prbt_moveit_config:/home/buhrmann/ws_moveit/install/moveit_ros_move_group:/home/buhrmann/ws_moveit/install/moveit_planners_ompl:/home/buhrmann/ws_moveit/install/moveit_kinematics:/home/buhrmann/ws_moveit/install/moveit_ros_planning:/home/buhrmann/ws_moveit/install/moveit_ros_occupancy_map_monitor:/home/buhrmann/ws_moveit/install/moveit_resources_prbt_support:/home/buhrmann/ws_moveit/install/moveit_resources_prbt_ikfast_manipulator_plugin:/home/buhrmann/ws_moveit/install/moveit_resources:/home/buhrmann/ws_moveit/install/dual_arm_panda_moveit_config:/home/buhrmann/ws_moveit/install/moveit_resources_fanuc_moveit_config:/home/buhrmann/ws_moveit/install/moveit_resources_fanuc_description:/home/buhrmann/ws_moveit/install/moveit_planners_stomp:/home/buhrmann/ws_moveit/install/moveit_planners_chomp:/home/buhrmann/ws_moveit/install/chomp_motion_planner:/home/buhrmann/ws_moveit/install/moveit_core:/home/buhrmann/ws_moveit/install/kortex_driver:/home/buhrmann/ws_moveit/install/kortex_api:/home/buhrmann/ws_moveit/install/common_services_package:/home/buhrmann/ws_moveit/install/ros2_azure_bridge:/home/buhrmann/ws_moveit/install/moveit_configs_utils:/opt/ros/iron LD_LIBRARY_PATH=/home/buhrmann/ws_moveit/install/moveit_msgs/lib:/home/buhrmann/ws_moveit/install/robotiq_driver/lib:/home/buhrmann/ws_moveit/install/serial/lib:/home/buhrmann/ws_moveit/install/moveit_visual_tools/lib:/home/buhrmann/ws_moveit/install/rviz_visual_tools/lib:/home/buhrmann/ws_moveit/install/moveit_task_constructor_visualization/lib:/home/buhrmann/ws_moveit/install/moveit_task_constructor_demo/lib:/home/buhrmann/ws_moveit/install/moveit_task_constructor_capabilities/lib:/home/buhrmann/ws_moveit/install/moveit_task_constructor_core/lib:/home/buhrmann/ws_moveit/install/rviz_marker_tools/lib:/home/buhrmann/ws_moveit/install/robotiq_controllers/lib:/home/buhrmann/ws_moveit/install/pilz_industrial_motion_planner_testutils/lib:/home/buhrmann/ws_moveit/install/pilz_industrial_motion_planner/lib:/home/buhrmann/ws_moveit/install/pick_ik/lib:/home/buhrmann/ws_moveit/install/moveit_task_constructor_msgs/lib:/home/buhrmann/ws_moveit/install/moveit_ros_control_interface/lib:/home/buhrmann/ws_moveit/install/moveit_simple_controller_manager/lib:/home/buhrmann/ws_moveit/install/moveit_setup_assistant/lib:/home/buhrmann/ws_moveit/install/moveit_setup_srdf_plugins/lib:/home/buhrmann/ws_moveit/install/moveit_setup_core_plugins/lib:/home/buhrmann/ws_moveit/install/moveit_setup_controllers/lib:/home/buhrmann/ws_moveit/install/moveit_setup_app_plugins/lib:/home/buhrmann/ws_moveit/install/moveit_setup_framework/lib:/home/buhrmann/ws_moveit/install/moveit_servo/lib:/home/buhrmann/ws_moveit/install/moveit_ros_trajectory_cache/lib:/home/buhrmann/ws_moveit/install/moveit_ros_visualization/lib:/home/buhrmann/ws_moveit/install/moveit_py/lib:/home/buhrmann/ws_moveit/install/moveit_hybrid_planning/lib:/home/buhrmann/ws_moveit/install/moveit_ros_planning_interface/lib:/home/buhrmann/ws_moveit/install/moveit_ros_benchmarks/lib:/home/buhrmann/ws_moveit/install/moveit_ros_warehouse/lib:/home/buhrmann/ws_moveit/install/moveit_ros_robot_interaction/lib:/home/buhrmann/ws_moveit/install/moveit_ros_perception/lib:/home/buhrmann/ws_moveit/install/moveit_ros_move_group/lib:/home/buhrmann/ws_moveit/install/moveit_planners_ompl/lib:/home/buhrmann/ws_moveit/install/moveit_kinematics/lib:/home/buhrmann/ws_moveit/install/moveit_ros_planning/lib:/home/buhrmann/ws_moveit/install/moveit_ros_occupancy_map_monitor/lib:/home/buhrmann/ws_moveit/install/moveit_resources_prbt_ikfast_manipulator_plugin/lib:/home/buhrmann/ws_moveit/install/moveit_planners_stomp/lib:/home/buhrmann/ws_moveit/install/moveit_planners_chomp/lib:/home/buhrmann/ws_moveit/install/chomp_motion_planner/lib:/home/buhrmann/ws_moveit/install/moveit_core/lib:/home/buhrmann/ws_moveit/install/kortex_driver/lib:/home/buhrmann/ws_moveit/install/common_services_package/lib:/opt/ros/iron/opt/rviz_ogre_vendor/lib:/opt/ros/iron/lib/x86_64-linux-gnu:/opt/ros/iron/lib:/usr/lib/jvm/java-11-openjdk-amd64/lib/amd64 PYTHONPATH=/home/buhrmann/ws_moveit/install/moveit_msgs/lib/python3.10/site-packages:/home/buhrmann/ws_moveit/install/moveit_task_constructor_core/lib/python3.10/site-packages:/home/buhrmann/ws_moveit/install/ros2_azure_bridge/lib/python3.10/site-packages:/home/buhrmann/ws_moveit/install/moveit_task_constructor_msgs/lib/python3.10/site-packages:/home/buhrmann/ws_moveit/install/moveit_py/lib/python3.10/site-packages:/home/buhrmann/ws_moveit/install/moveit_configs_utils/lib/python3.10/site-packages:/home/buhrmann/ws_moveit/install/common_services_package/lib/python3.10/site-packages:/opt/ros/iron/lib/python3.10/site-packages /usr/bin/cmake --install /home/buhrmann/ws_moveit/build/moveit_core
