[35m[1mConsolidate compiler generated dependencies of target point_cloud_plantpot_edge_pfh_detector[0m
[ 33%] Built target point_cloud_plantpot_ppf_detector
[ 33%] Built target point_cloud_circle_detector
[ 50%] Built target point_cloud_plantpot_pfh_detector
[ 66%] Built target point_cloud_plantpot_detector
[ 83%] Built target point_cloud_cylinder_detector
[ 91%] [32mBuilding CXX object CMakeFiles/point_cloud_plantpot_edge_pfh_detector.dir/src/point_cloud_plantpot_edge_pfh_detector.cpp.o[0m
[01m[K/home/buhrmann/ws_moveit/src/point_cloud_circle_detector/src/point_cloud_plantpot_edge_pfh_detector.cpp:[m[K In member function ‘[01m[Kvoid PointCloudSubscriber::listener_callback(sensor_msgs::msg::PointCloud2_<std::allocator<void> >::SharedPtr)[m[K’:
[01m[K/home/buhrmann/ws_moveit/src/point_cloud_circle_detector/src/point_cloud_plantpot_edge_pfh_detector.cpp:26:92:[m[K [01;31m[Kerror: [m[Kno matching function for call to ‘[01m[Kstd::shared_ptr<pcl::PointCloud<pcl::PointXYZRGB> >::shared_ptr(pcl::PointCloud<pcl::PointXYZ>*)[m[K’
   26 |         pcl::PointCloud<pcl::PointXYZRGB>::Ptr cloud_rgb(new pcl::PointCloud<pcl::PointXYZ>[01;31m[K)[m[K;
      |                                                                                            [01;31m[K^[m[K
In file included from [01m[K/usr/include/c++/11/memory:77[m[K,
                 from [01m[K/usr/local/include/pcl-1.14/pcl/memory.h:50[m[K,
                 from [01m[K/usr/local/include/pcl-1.14/pcl/PCLHeader.h:3[m[K,
                 from [01m[K/usr/local/include/pcl-1.14/pcl/point_cloud.h:47[m[K,
                 from [01m[K/home/buhrmann/ws_moveit/src/point_cloud_circle_detector/src/point_cloud_plantpot_edge_pfh_detector.cpp:2[m[K:
[01m[K/usr/include/c++/11/bits/shared_ptr.h:408:9:[m[K [01;36m[Knote: [m[Kcandidate: ‘[01m[Ktemplate<class _Alloc, class ... _Args> std::shared_ptr<_Tp>::shared_ptr(std::_Sp_alloc_shared_tag<_Tp>, _Args&& ...) [with _Alloc = _Alloc; _Args = {_Args ...}; _Tp = pcl::PointCloud<pcl::PointXYZRGB>][m[K’
  408 |         [01;36m[Kshared_ptr[m[K(_Sp_alloc_shared_tag<_Alloc> __tag, _Args&&... __args)
      |         [01;36m[K^~~~~~~~~~[m[K
[01m[K/usr/include/c++/11/bits/shared_ptr.h:408:9:[m[K [01;36m[Knote: [m[K  template argument deduction/substitution failed:
[01m[K/home/buhrmann/ws_moveit/src/point_cloud_circle_detector/src/point_cloud_plantpot_edge_pfh_detector.cpp:26:92:[m[K [01;36m[Knote: [m[K  mismatched types ‘[01m[Kstd::_Sp_alloc_shared_tag<_Tp>[m[K’ and ‘[01m[Kpcl::PointCloud<pcl::PointXYZ>*[m[K’
   26 |         pcl::PointCloud<pcl::PointXYZRGB>::Ptr cloud_rgb(new pcl::PointCloud<pcl::PointXYZ>[01;36m[K)[m[K;
      |                                                                                            [01;36m[K^[m[K
In file included from [01m[K/usr/include/c++/11/memory:77[m[K,
                 from [01m[K/usr/local/include/pcl-1.14/pcl/memory.h:50[m[K,
                 from [01m[K/usr/local/include/pcl-1.14/pcl/PCLHeader.h:3[m[K,
                 from [01m[K/usr/local/include/pcl-1.14/pcl/point_cloud.h:47[m[K,
                 from [01m[K/home/buhrmann/ws_moveit/src/point_cloud_circle_detector/src/point_cloud_plantpot_edge_pfh_detector.cpp:2[m[K:
[01m[K/usr/include/c++/11/bits/shared_ptr.h:340:9:[m[K [01;36m[Knote: [m[Kcandidate: ‘[01m[Ktemplate<class _Yp, class _Del, class> std::shared_ptr<_Tp>::shared_ptr(std::unique_ptr<_Up, _Ep>&&) [with _Yp = _Yp; _Del = _Del; <template-parameter-2-3> = <template-parameter-1-3>; _Tp = pcl::PointCloud<pcl::PointXYZRGB>][m[K’
  340 |         [01;36m[Kshared_ptr[m[K(unique_ptr<_Yp, _Del>&& __r)
      |         [01;36m[K^~~~~~~~~~[m[K
[01m[K/usr/include/c++/11/bits/shared_ptr.h:340:9:[m[K [01;36m[Knote: [m[K  template argument deduction/substitution failed:
[01m[K/home/buhrmann/ws_moveit/src/point_cloud_circle_detector/src/point_cloud_plantpot_edge_pfh_detector.cpp:26:92:[m[K [01;36m[Knote: [m[K  mismatched types ‘[01m[Kstd::unique_ptr<_Tp, _Dp>[m[K’ and ‘[01m[Kpcl::PointCloud<pcl::PointXYZ>*[m[K’
   26 |         pcl::PointCloud<pcl::PointXYZRGB>::Ptr cloud_rgb(new pcl::PointCloud<pcl::PointXYZ>[01;36m[K)[m[K;
      |                                                                                            [01;36m[K^[m[K
In file included from [01m[K/usr/include/c++/11/memory:77[m[K,
                 from [01m[K/usr/local/include/pcl-1.14/pcl/memory.h:50[m[K,
                 from [01m[K/usr/local/include/pcl-1.14/pcl/PCLHeader.h:3[m[K,
                 from [01m[K/usr/local/include/pcl-1.14/pcl/point_cloud.h:47[m[K,
                 from [01m[K/home/buhrmann/ws_moveit/src/point_cloud_circle_detector/src/point_cloud_plantpot_edge_pfh_detector.cpp:2[m[K:
[01m[K/usr/include/c++/11/bits/shared_ptr.h:332:9:[m[K [01;36m[Knote: [m[Kcandidate: ‘[01m[Ktemplate<class _Yp, class> std::shared_ptr<_Tp>::shared_ptr(std::auto_ptr<_Up>&&) [with _Yp = _Tp1; <template-parameter-2-2> = <template-parameter-1-2>; _Tp = pcl::PointCloud<pcl::PointXYZRGB>][m[K’
  332 |         [01;36m[Kshared_ptr[m[K(auto_ptr<_Yp>&& __r);
      |         [01;36m[K^~~~~~~~~~[m[K
[01m[K/usr/include/c++/11/bits/shared_ptr.h:332:9:[m[K [01;36m[Knote: [m[K  template argument deduction/substitution failed:
[01m[K/home/buhrmann/ws_moveit/src/point_cloud_circle_detector/src/point_cloud_plantpot_edge_pfh_detector.cpp:26:92:[m[K [01;36m[Knote: [m[K  mismatched types ‘[01m[Kstd::auto_ptr<_Up>[m[K’ and ‘[01m[Kpcl::PointCloud<pcl::PointXYZ>*[m[K’
   26 |         pcl::PointCloud<pcl::PointXYZRGB>::Ptr cloud_rgb(new pcl::PointCloud<pcl::PointXYZ>[01;36m[K)[m[K;
      |                                                                                            [01;36m[K^[m[K
In file included from [01m[K/usr/include/c++/11/memory:77[m[K,
                 from [01m[K/usr/local/include/pcl-1.14/pcl/memory.h:50[m[K,
                 from [01m[K/usr/local/include/pcl-1.14/pcl/PCLHeader.h:3[m[K,
                 from [01m[K/usr/local/include/pcl-1.14/pcl/point_cloud.h:47[m[K,
                 from [01m[K/home/buhrmann/ws_moveit/src/point_cloud_circle_detector/src/point_cloud_plantpot_edge_pfh_detector.cpp:2[m[K:
[01m[K/usr/include/c++/11/bits/shared_ptr.h:325:18:[m[K [01;36m[Knote: [m[Kcandidate: ‘[01m[Ktemplate<class _Yp, class> std::shared_ptr<_Tp>::shared_ptr(const std::weak_ptr<_Yp>&) [with _Yp = _Yp; <template-parameter-2-2> = <template-parameter-1-2>; _Tp = pcl::PointCloud<pcl::PointXYZRGB>][m[K’
  325 |         explicit [01;36m[Kshared_ptr[m[K(const weak_ptr<_Yp>& __r)
      |                  [01;36m[K^~~~~~~~~~[m[K
[01m[K/usr/include/c++/11/bits/shared_ptr.h:325:18:[m[K [01;36m[Knote: [m[K  template argument deduction/substitution failed:
[01m[K/home/buhrmann/ws_moveit/src/point_cloud_circle_detector/src/point_cloud_plantpot_edge_pfh_detector.cpp:26:92:[m[K [01;36m[Knote: [m[K  mismatched types ‘[01m[Kconst std::weak_ptr<_Tp>[m[K’ and ‘[01m[Kpcl::PointCloud<pcl::PointXYZ>*[m[K’
   26 |         pcl::PointCloud<pcl::PointXYZRGB>::Ptr cloud_rgb(new pcl::PointCloud<pcl::PointXYZ>[01;36m[K)[m[K;
      |                                                                                            [01;36m[K^[m[K
In file included from [01m[K/usr/include/c++/11/memory:77[m[K,
                 from [01m[K/usr/local/include/pcl-1.14/pcl/memory.h:50[m[K,
                 from [01m[K/usr/local/include/pcl-1.14/pcl/PCLHeader.h:3[m[K,
                 from [01m[K/usr/local/include/pcl-1.14/pcl/point_cloud.h:47[m[K,
                 from [01m[K/home/buhrmann/ws_moveit/src/point_cloud_circle_detector/src/point_cloud_plantpot_edge_pfh_detector.cpp:2[m[K:
[01m[K/usr/include/c++/11/bits/shared_ptr.h:313:9:[m[K [01;36m[Knote: [m[Kcandidate: ‘[01m[Ktemplate<class _Yp, class> std::shared_ptr<_Tp>::shared_ptr(std::shared_ptr<_Yp>&&) [with _Yp = _Yp; <template-parameter-2-2> = <template-parameter-1-2>; _Tp = pcl::PointCloud<pcl::PointXYZRGB>][m[K’
  313 |         [01;36m[Kshared_ptr[m[K(shared_ptr<_Yp>&& __r) noexcept
      |         [01;36m[K^~~~~~~~~~[m[K
[01m[K/usr/include/c++/11/bits/shared_ptr.h:313:9:[m[K [01;36m[Knote: [m[K  template argument deduction/substitution failed:
[01m[K/home/buhrmann/ws_moveit/src/point_cloud_circle_detector/src/point_cloud_plantpot_edge_pfh_detector.cpp:26:92:[m[K [01;36m[Knote: [m[K  mismatched types ‘[01m[Kstd::shared_ptr<_Tp>[m[K’ and ‘[01m[Kpcl::PointCloud<pcl::PointXYZ>*[m[K’
   26 |         pcl::PointCloud<pcl::PointXYZRGB>::Ptr cloud_rgb(new pcl::PointCloud<pcl::PointXYZ>[01;36m[K)[m[K;
      |                                                                                            [01;36m[K^[m[K
In file included from [01m[K/usr/include/c++/11/memory:77[m[K,
                 from [01m[K/usr/local/include/pcl-1.14/pcl/memory.h:50[m[K,
                 from [01m[K/usr/local/include/pcl-1.14/pcl/PCLHeader.h:3[m[K,
                 from [01m[K/usr/local/include/pcl-1.14/pcl/point_cloud.h:47[m[K,
                 from [01m[K/home/buhrmann/ws_moveit/src/point_cloud_circle_detector/src/point_cloud_plantpot_edge_pfh_detector.cpp:2[m[K:
[01m[K/usr/include/c++/11/bits/shared_ptr.h:296:9:[m[K [01;36m[Knote: [m[Kcandidate: ‘[01m[Ktemplate<class _Yp, class> std::shared_ptr<_Tp>::shared_ptr(const std::shared_ptr<_Yp>&) [with _Yp = _Yp; <template-parameter-2-2> = <template-parameter-1-2>; _Tp = pcl::PointCloud<pcl::PointXYZRGB>][m[K’
  296 |         [01;36m[Kshared_ptr[m[K(const shared_ptr<_Yp>& __r) noexcept
      |         [01;36m[K^~~~~~~~~~[m[K
[01m[K/usr/include/c++/11/bits/shared_ptr.h:296:9:[m[K [01;36m[Knote: [m[K  template argument deduction/substitution failed:
[01m[K/home/buhrmann/ws_moveit/src/point_cloud_circle_detector/src/point_cloud_plantpot_edge_pfh_detector.cpp:26:92:[m[K [01;36m[Knote: [m[K  mismatched types ‘[01m[Kconst std::shared_ptr<_Tp>[m[K’ and ‘[01m[Kpcl::PointCloud<pcl::PointXYZ>*[m[K’
   26 |         pcl::PointCloud<pcl::PointXYZRGB>::Ptr cloud_rgb(new pcl::PointCloud<pcl::PointXYZ>[01;36m[K)[m[K;
      |                                                                                            [01;36m[K^[m[K
In file included from [01m[K/usr/include/c++/11/memory:77[m[K,
                 from [01m[K/usr/local/include/pcl-1.14/pcl/memory.h:50[m[K,
                 from [01m[K/usr/local/include/pcl-1.14/pcl/PCLHeader.h:3[m[K,
                 from [01m[K/usr/local/include/pcl-1.14/pcl/point_cloud.h:47[m[K,
                 from [01m[K/home/buhrmann/ws_moveit/src/point_cloud_circle_detector/src/point_cloud_plantpot_edge_pfh_detector.cpp:2[m[K:
[01m[K/usr/include/c++/11/bits/shared_ptr.h:257:9:[m[K [01;36m[Knote: [m[Kcandidate: ‘[01m[Ktemplate<class _Yp> std::shared_ptr<_Tp>::shared_ptr(const std::shared_ptr<_Yp>&, std::shared_ptr<_Tp>::element_type*) [with _Yp = _Yp; _Tp = pcl::PointCloud<pcl::PointXYZRGB>][m[K’
  257 |         [01;36m[Kshared_ptr[m[K(const shared_ptr<_Yp>& __r, element_type* __p) noexcept
      |         [01;36m[K^~~~~~~~~~[m[K
[01m[K/usr/include/c++/11/bits/shared_ptr.h:257:9:[m[K [01;36m[Knote: [m[K  template argument deduction/substitution failed:
[01m[K/home/buhrmann/ws_moveit/src/point_cloud_circle_detector/src/point_cloud_plantpot_edge_pfh_detector.cpp:26:92:[m[K [01;36m[Knote: [m[K  mismatched types ‘[01m[Kconst std::shared_ptr<_Tp>[m[K’ and ‘[01m[Kpcl::PointCloud<pcl::PointXYZ>*[m[K’
   26 |         pcl::PointCloud<pcl::PointXYZRGB>::Ptr cloud_rgb(new pcl::PointCloud<pcl::PointXYZ>[01;36m[K)[m[K;
      |                                                                                            [01;36m[K^[m[K
In file included from [01m[K/usr/include/c++/11/memory:77[m[K,
                 from [01m[K/usr/local/include/pcl-1.14/pcl/memory.h:50[m[K,
                 from [01m[K/usr/local/include/pcl-1.14/pcl/PCLHeader.h:3[m[K,
                 from [01m[K/usr/local/include/pcl-1.14/pcl/point_cloud.h:47[m[K,
                 from [01m[K/home/buhrmann/ws_moveit/src/point_cloud_circle_detector/src/point_cloud_plantpot_edge_pfh_detector.cpp:2[m[K:
[01m[K/usr/include/c++/11/bits/shared_ptr.h:233:9:[m[K [01;36m[Knote: [m[Kcandidate: ‘[01m[Ktemplate<class _Deleter, class _Alloc> std::shared_ptr<_Tp>::shared_ptr(std::nullptr_t, _Deleter, _Alloc) [with _Deleter = _Deleter; _Alloc = _Alloc; _Tp = pcl::PointCloud<pcl::PointXYZRGB>][m[K’
  233 |         [01;36m[Kshared_ptr[m[K(nullptr_t __p, _Deleter __d, _Alloc __a)
      |         [01;36m[K^~~~~~~~~~[m[K
[01m[K/usr/include/c++/11/bits/shared_ptr.h:233:9:[m[K [01;36m[Knote: [m[K  template argument deduction/substitution failed:
[01m[K/home/buhrmann/ws_moveit/src/point_cloud_circle_detector/src/point_cloud_plantpot_edge_pfh_detector.cpp:26:92:[m[K [01;36m[Knote: [m[K  candidate expects 3 arguments, 1 provided
   26 |         pcl::PointCloud<pcl::PointXYZRGB>::Ptr cloud_rgb(new pcl::PointCloud<pcl::PointXYZ>[01;36m[K)[m[K;
      |                                                                                            [01;36m[K^[m[K
In file included from [01m[K/usr/include/c++/11/memory:77[m[K,
                 from [01m[K/usr/local/include/pcl-1.14/pcl/memory.h:50[m[K,
                 from [01m[K/usr/local/include/pcl-1.14/pcl/PCLHeader.h:3[m[K,
                 from [01m[K/usr/local/include/pcl-1.14/pcl/point_cloud.h:47[m[K,
                 from [01m[K/home/buhrmann/ws_moveit/src/point_cloud_circle_detector/src/point_cloud_plantpot_edge_pfh_detector.cpp:2[m[K:
[01m[K/usr/include/c++/11/bits/shared_ptr.h:214:9:[m[K [01;36m[Knote: [m[Kcandidate: ‘[01m[Ktemplate<class _Yp, class _Deleter, class _Alloc, class> std::shared_ptr<_Tp>::shared_ptr(_Yp*, _Deleter, _Alloc) [with _Yp = _Yp; _Deleter = _Deleter; _Alloc = _Alloc; <template-parameter-2-4> = <template-parameter-1-4>; _Tp = pcl::PointCloud<pcl::PointXYZRGB>][m[K’
  214 |         [01;36m[Kshared_ptr[m[K(_Yp* __p, _Deleter __d, _Alloc __a)
      |         [01;36m[K^~~~~~~~~~[m[K
[01m[K/usr/include/c++/11/bits/shared_ptr.h:214:9:[m[K [01;36m[Knote: [m[K  template argument deduction/substitution failed:
[01m[K/home/buhrmann/ws_moveit/src/point_cloud_circle_detector/src/point_cloud_plantpot_edge_pfh_detector.cpp:26:92:[m[K [01;36m[Knote: [m[K  candidate expects 3 arguments, 1 provided
   26 |         pcl::PointCloud<pcl::PointXYZRGB>::Ptr cloud_rgb(new pcl::PointCloud<pcl::PointXYZ>[01;36m[K)[m[K;
      |                                                                                            [01;36m[K^[m[K
In file included from [01m[K/usr/include/c++/11/memory:77[m[K,
                 from [01m[K/usr/local/include/pcl-1.14/pcl/memory.h:50[m[K,
                 from [01m[K/usr/local/include/pcl-1.14/pcl/PCLHeader.h:3[m[K,
                 from [01m[K/usr/local/include/pcl-1.14/pcl/point_cloud.h:47[m[K,
                 from [01m[K/home/buhrmann/ws_moveit/src/point_cloud_circle_detector/src/point_cloud_plantpot_edge_pfh_detector.cpp:2[m[K:
[01m[K/usr/include/c++/11/bits/shared_ptr.h:194:9:[m[K [01;36m[Knote: [m[Kcandidate: ‘[01m[Ktemplate<class _Deleter> std::shared_ptr<_Tp>::shared_ptr(std::nullptr_t, _Deleter) [with _Deleter = _Deleter; _Tp = pcl::PointCloud<pcl::PointXYZRGB>][m[K’
  194 |         [01;36m[Kshared_ptr[m[K(nullptr_t __p, _Deleter __d)
      |         [01;36m[K^~~~~~~~~~[m[K
[01m[K/usr/include/c++/11/bits/shared_ptr.h:194:9:[m[K [01;36m[Knote: [m[K  template argument deduction/substitution failed:
[01m[K/home/buhrmann/ws_moveit/src/point_cloud_circle_detector/src/point_cloud_plantpot_edge_pfh_detector.cpp:26:92:[m[K [01;36m[Knote: [m[K  candidate expects 2 arguments, 1 provided
   26 |         pcl::PointCloud<pcl::PointXYZRGB>::Ptr cloud_rgb(new pcl::PointCloud<pcl::PointXYZ>[01;36m[K)[m[K;
      |                                                                                            [01;36m[K^[m[K
In file included from [01m[K/usr/include/c++/11/memory:77[m[K,
                 from [01m[K/usr/local/include/pcl-1.14/pcl/memory.h:50[m[K,
                 from [01m[K/usr/local/include/pcl-1.14/pcl/PCLHeader.h:3[m[K,
                 from [01m[K/usr/local/include/pcl-1.14/pcl/point_cloud.h:47[m[K,
                 from [01m[K/home/buhrmann/ws_moveit/src/point_cloud_circle_detector/src/point_cloud_plantpot_edge_pfh_detector.cpp:2[m[K:
[01m[K/usr/include/c++/11/bits/shared_ptr.h:177:9:[m[K [01;36m[Knote: [m[Kcandidate: ‘[01m[Ktemplate<class _Yp, class _Deleter, class> std::shared_ptr<_Tp>::shared_ptr(_Yp*, _Deleter) [with _Yp = _Yp; _Deleter = _Deleter; <template-parameter-2-3> = <template-parameter-1-3>; _Tp = pcl::PointCloud<pcl::PointXYZRGB>][m[K’
  177 |         [01;36m[Kshared_ptr[m[K(_Yp* __p, _Deleter __d)
      |         [01;36m[K^~~~~~~~~~[m[K
[01m[K/usr/include/c++/11/bits/shared_ptr.h:177:9:[m[K [01;36m[Knote: [m[K  template argument deduction/substitution failed:
[01m[K/home/buhrmann/ws_moveit/src/point_cloud_circle_detector/src/point_cloud_plantpot_edge_pfh_detector.cpp:26:92:[m[K [01;36m[Knote: [m[K  candidate expects 2 arguments, 1 provided
   26 |         pcl::PointCloud<pcl::PointXYZRGB>::Ptr cloud_rgb(new pcl::PointCloud<pcl::PointXYZ>[01;36m[K)[m[K;
      |                                                                                            [01;36m[K^[m[K
In file included from [01m[K/usr/include/c++/11/memory:77[m[K,
                 from [01m[K/usr/local/include/pcl-1.14/pcl/memory.h:50[m[K,
                 from [01m[K/usr/local/include/pcl-1.14/pcl/PCLHeader.h:3[m[K,
                 from [01m[K/usr/local/include/pcl-1.14/pcl/point_cloud.h:47[m[K,
                 from [01m[K/home/buhrmann/ws_moveit/src/point_cloud_circle_detector/src/point_cloud_plantpot_edge_pfh_detector.cpp:2[m[K:
[01m[K/usr/include/c++/11/bits/shared_ptr.h:160:9:[m[K [01;36m[Knote: [m[Kcandidate: ‘[01m[Ktemplate<class _Yp, class> std::shared_ptr<_Tp>::shared_ptr(_Yp*) [with _Yp = _Yp; <template-parameter-2-2> = <template-parameter-1-2>; _Tp = pcl::PointCloud<pcl::PointXYZRGB>][m[K’
  160 |         [01;36m[Kshared_ptr[m[K(_Yp* __p) : __shared_ptr<_Tp>(__p) { }
      |         [01;36m[K^~~~~~~~~~[m[K
[01m[K/usr/include/c++/11/bits/shared_ptr.h:160:9:[m[K [01;36m[Knote: [m[K  template argument deduction/substitution failed:
/usr/include/c++/11/bits/shared_ptr.h: In substitution of ‘[01m[Ktemplate<class _Tp> template<class ... _Args> using _Constructible = typename std::enable_if<std::is_constructible<std::__shared_ptr<_Tp>, _Args ...>::value>::type [with _Args = {pcl::PointCloud<pcl::PointXYZ>*}; _Tp = pcl::PointCloud<pcl::PointXYZRGB>][m[K’:
[01m[K/usr/include/c++/11/bits/shared_ptr.h:158:30:[m[K   required from here
[01m[K/usr/include/c++/11/bits/shared_ptr.h:125:15:[m[K [01;31m[Kerror: [m[Kno type named ‘[01m[Ktype[m[K’ in ‘[01m[Kstruct std::enable_if<false, void>[m[K’
  125 |         using [01;31m[K_Constructible[m[K = typename enable_if<
      |               [01;31m[K^~~~~~~~~~~~~~[m[K
[01m[K/usr/include/c++/11/bits/shared_ptr.h:417:7:[m[K [01;36m[Knote: [m[Kcandidate: ‘[01m[Kstd::shared_ptr<_Tp>::shared_ptr(const std::weak_ptr<_Tp>&, std::nothrow_t) [with _Tp = pcl::PointCloud<pcl::PointXYZRGB>][m[K’
  417 |       [01;36m[Kshared_ptr[m[K(const weak_ptr<_Tp>& __r, std::nothrow_t) noexcept
      |       [01;36m[K^~~~~~~~~~[m[K
[01m[K/usr/include/c++/11/bits/shared_ptr.h:417:7:[m[K [01;36m[Knote: [m[K  candidate expects 2 arguments, 1 provided
[01m[K/usr/include/c++/11/bits/shared_ptr.h:357:17:[m[K [01;36m[Knote: [m[Kcandidate: ‘[01m[Kconstexpr std::shared_ptr<_Tp>::shared_ptr(std::nullptr_t) [with _Tp = pcl::PointCloud<pcl::PointXYZRGB>; std::nullptr_t = std::nullptr_t][m[K’
  357 |       constexpr [01;36m[Kshared_ptr[m[K(nullptr_t) noexcept : shared_ptr() { }
      |                 [01;36m[K^~~~~~~~~~[m[K
[01m[K/usr/include/c++/11/bits/shared_ptr.h:357:28:[m[K [01;36m[Knote: [m[K  no known conversion for argument 1 from ‘[01m[Kpcl::PointCloud<pcl::PointXYZ>*[m[K’ to ‘[01m[Kstd::nullptr_t[m[K’
  357 |       constexpr shared_ptr([01;36m[Knullptr_t[m[K) noexcept : shared_ptr() { }
      |                            [01;36m[K^~~~~~~~~[m[K
[01m[K/usr/include/c++/11/bits/shared_ptr.h:304:7:[m[K [01;36m[Knote: [m[Kcandidate: ‘[01m[Kstd::shared_ptr<_Tp>::shared_ptr(std::shared_ptr<_Tp>&&) [with _Tp = pcl::PointCloud<pcl::PointXYZRGB>][m[K’
  304 |       [01;36m[Kshared_ptr[m[K(shared_ptr&& __r) noexcept
      |       [01;36m[K^~~~~~~~~~[m[K
[01m[K/usr/include/c++/11/bits/shared_ptr.h:304:31:[m[K [01;36m[Knote: [m[K  no known conversion for argument 1 from ‘[01m[Kpcl::PointCloud<pcl::PointXYZ>*[m[K’ to ‘[01m[Kstd::shared_ptr<pcl::PointCloud<pcl::PointXYZRGB> >&&[m[K’
  304 |       shared_ptr([01;36m[Kshared_ptr&& __r[m[K) noexcept
      |                  [01;36m[K~~~~~~~~~~~~~^~~[m[K
[01m[K/usr/include/c++/11/bits/shared_ptr.h:150:7:[m[K [01;36m[Knote: [m[Kcandidate: ‘[01m[Kstd::shared_ptr<_Tp>::shared_ptr(const std::shared_ptr<_Tp>&) [with _Tp = pcl::PointCloud<pcl::PointXYZRGB>][m[K’
  150 |       [01;36m[Kshared_ptr[m[K(const shared_ptr&) noexcept = default; ///< Copy constructor
      |       [01;36m[K^~~~~~~~~~[m[K
[01m[K/usr/include/c++/11/bits/shared_ptr.h:150:18:[m[K [01;36m[Knote: [m[K  no known conversion for argument 1 from ‘[01m[Kpcl::PointCloud<pcl::PointXYZ>*[m[K’ to ‘[01m[Kconst std::shared_ptr<pcl::PointCloud<pcl::PointXYZRGB> >&[m[K’
  150 |       shared_ptr([01;36m[Kconst shared_ptr&[m[K) noexcept = default; ///< Copy constructor
      |                  [01;36m[K^~~~~~~~~~~~~~~~~[m[K
[01m[K/usr/include/c++/11/bits/shared_ptr.h:148:17:[m[K [01;36m[Knote: [m[Kcandidate: ‘[01m[Kconstexpr std::shared_ptr<_Tp>::shared_ptr() [with _Tp = pcl::PointCloud<pcl::PointXYZRGB>][m[K’
  148 |       constexpr [01;36m[Kshared_ptr[m[K() noexcept : __shared_ptr<_Tp>() { }
      |                 [01;36m[K^~~~~~~~~~[m[K
[01m[K/usr/include/c++/11/bits/shared_ptr.h:148:17:[m[K [01;36m[Knote: [m[K  candidate expects 0 arguments, 1 provided
gmake[2]: *** [CMakeFiles/point_cloud_plantpot_edge_pfh_detector.dir/build.make:76: CMakeFiles/point_cloud_plantpot_edge_pfh_detector.dir/src/point_cloud_plantpot_edge_pfh_detector.cpp.o] Error 1
gmake[1]: *** [CMakeFiles/Makefile2:277: CMakeFiles/point_cloud_plantpot_edge_pfh_detector.dir/all] Error 2
gmake: *** [Makefile:146: all] Error 2
