-- Found ament_cmake: 2.0.7 (/opt/ros/iron/share/ament_cmake/cmake)
-- Override CMake install command with custom implementation using symlinks instead of copying resources
-- Found rclcpp: 21.0.8 (/opt/ros/iron/share/rclcpp/cmake)
-- Found rosidl_generator_c: 4.0.1 (/opt/ros/iron/share/rosidl_generator_c/cmake)
-- Found rosidl_generator_cpp: 4.0.1 (/opt/ros/iron/share/rosidl_generator_cpp/cmake)
-- Using all available rosidl_typesupport_c: rosidl_typesupport_fastrtps_c;rosidl_typesupport_introspection_c
-- Using all available rosidl_typesupport_cpp: rosidl_typesupport_fastrtps_cpp;rosidl_typesupport_introspection_cpp
-- Found rmw_implementation_cmake: 7.1.0 (/opt/ros/iron/share/rmw_implementation_cmake/cmake)
-- Found rmw_fastrtps_cpp: 7.1.4 (/opt/ros/iron/share/rmw_fastrtps_cpp/cmake)
-- Using RMW implementation 'rmw_fastrtps_cpp' as default
-- Found rclcpp_components: 21.0.8 (/opt/ros/iron/share/rclcpp_components/cmake)
-- Found rviz_ogre_vendor: 12.4.10 (/opt/ros/iron/share/rviz_ogre_vendor/cmake)
-- Setting OGRE_DIR to: '/opt/ros/iron/share/rviz_ogre_vendor/cmake/../../../opt/rviz_ogre_vendor/lib/OGRE/cmake'
-- Found OGRE
--   static     : OFF
--   components : MeshLodGenerator;Overlay;Paging;Property;RTShaderSystem;Terrain;Volume
--   plugins    : Plugin_BSPSceneManager;Plugin_OctreeSceneManager;Plugin_PCZSceneManager;Plugin_ParticleFX;RenderSystem_GL;RenderSystem_GL3Plus;Codec_STBI
--   media      : /opt/ros/iron/opt/rviz_ogre_vendor/share/OGRE/Media
-- OGRE_LIBRARIES: OgreMeshLodGenerator;OgreOverlay;OgrePaging;OgreProperty;OgreRTShaderSystem;OgreTerrain;OgreVolume;OgreMain
-- OGRE_LIBRARY_DIRS: /opt/ros/iron/opt/rviz_ogre_vendor/lib
-- OGRE_PLUGINS: Plugin_BSPSceneManager;Plugin_OctreeSceneManager;Plugin_PCZSceneManager;Plugin_ParticleFX;RenderSystem_GL;RenderSystem_GL3Plus;Codec_STBI
-- OGRE_PLUGIN_DIR: /opt/ros/iron/opt/rviz_ogre_vendor/lib/OGRE
-- rviz_ogre_vendor::OgreOverlay for IMPORTED_LOCATION_RELEASE: /opt/ros/iron/opt/rviz_ogre_vendor/lib/libOgreOverlay.so
-- rviz_ogre_vendor::OgreOverlay for IMPORTED_LOCATION_DEBUG: /opt/ros/iron/opt/rviz_ogre_vendor/lib/libOgreOverlay.so
-- rviz_ogre_vendor::OgreMain for IMPORTED_LOCATION_RELEASE: /opt/ros/iron/opt/rviz_ogre_vendor/lib/libOgreMain.so
-- rviz_ogre_vendor::OgreMain for IMPORTED_LOCATION_DEBUG: /opt/ros/iron/opt/rviz_ogre_vendor/lib/libOgreMain.so
-- Could not find freeimage library
-- Found sensor_msgs: 5.0.1 (/opt/ros/iron/share/sensor_msgs/cmake)
-- Found shape_msgs: 5.0.1 (/opt/ros/iron/share/shape_msgs/cmake)
-- Found visualization_msgs: 5.0.1 (/opt/ros/iron/share/visualization_msgs/cmake)
-- Found trajectory_msgs: 5.0.1 (/opt/ros/iron/share/trajectory_msgs/cmake)
-- Found eigen3_cmake_module: 0.2.2 (/opt/ros/iron/share/eigen3_cmake_module/cmake)
-- Found eigen_stl_containers: 1.0.0 (/opt/ros/iron/share/eigen_stl_containers/cmake)
-- Found tf2: 0.31.8 (/opt/ros/iron/share/tf2/cmake)
-- Found tf2_eigen: 0.31.8 (/opt/ros/iron/share/tf2_eigen/cmake)
-- Found tf2_geometry_msgs: 0.31.8 (/opt/ros/iron/share/tf2_geometry_msgs/cmake)
-- Ensuring Eigen3 include directory is part of orocos-kdl CMake target
-- Found pluginlib: 5.2.2 (/opt/ros/iron/share/pluginlib/cmake)
-- Found interactive_markers: 2.4.0 (/opt/ros/iron/share/interactive_markers/cmake)
-- Found rviz_common: 12.4.10 (/opt/ros/iron/share/rviz_common/cmake)
-- Setting assimp_DIR to: '/opt/ros/iron/share/rviz_assimp_vendor/cmake/../../../opt/rviz_assimp_vendor/lib/cmake/assimp-4.1'
-- library: /usr/lib/x86_64-linux-gnu/libcurl.so
-- Found rviz_default_plugins: 12.4.10 (/opt/ros/iron/share/rviz_default_plugins/cmake)
-- Found ament_cmake_gtest: 2.0.7 (/opt/ros/iron/share/ament_cmake_gtest/cmake)
-- Found gtest sources under '/opt/ros/iron/src/gtest_vendor': C++ tests using 'Google Test' will be built
-- Configuring done
-- Generating done
-- Build files have been written to: /home/buhrmann/ws_moveit/build/rviz_visual_tools
[  2%] [34m[1mAutomatic MOC for target gtest[0m
[  5%] [34m[1mAutomatic MOC for target rviz_visual_tools_gui[0m
[  7%] [34m[1mAutomatic MOC for target gtest_main[0m
[ 10%] [34m[1mAutomatic MOC for target rviz_visual_tools_remote_control[0m
[ 10%] Built target gtest_main_autogen
[ 10%] Built target gtest_autogen
[ 10%] Built target rviz_visual_tools_remote_control_autogen
[35m[1mConsolidate compiler generated dependencies of target gtest_main[0m
[35m[1mConsolidate compiler generated dependencies of target gtest[0m
[ 12%] [32mBuilding CXX object gtest/CMakeFiles/gtest_main.dir/src/gtest_main.cc.o[0m
[35m[1mConsolidate compiler generated dependencies of target rviz_visual_tools_remote_control[0m
[ 15%] [32mBuilding CXX object gtest/CMakeFiles/gtest.dir/src/gtest-all.cc.o[0m
[ 17%] [32mBuilding CXX object CMakeFiles/rviz_visual_tools_remote_control.dir/src/remote_control.cpp.o[0m
[ 17%] Built target rviz_visual_tools_gui_autogen
[35m[1mConsolidate compiler generated dependencies of target rviz_visual_tools_gui[0m
[ 20%] [32mBuilding CXX object CMakeFiles/rviz_visual_tools_gui.dir/src/remote_control.cpp.o[0m
[ 28%] [32mBuilding CXX object CMakeFiles/rviz_visual_tools_gui.dir/rviz_visual_tools_gui_autogen/mocs_compilation.cpp.o[0m
[ 28%] [32mBuilding CXX object CMakeFiles/rviz_visual_tools_gui.dir/src/key_tool.cpp.o[0m
[ 28%] [32mBuilding CXX object CMakeFiles/rviz_visual_tools_gui.dir/src/rviz_visual_tools_gui.cpp.o[0m
[ 30%] [32m[1mLinking CXX static library libgtest_main.a[0m
[ 33%] Built target gtest_main
[ 35%] [32m[1mLinking CXX static library libgtest.a[0m
[ 38%] Built target gtest
[ 41%] [32m[1mLinking CXX shared library librviz_visual_tools_remote_control.so[0m
[ 43%] Built target rviz_visual_tools_remote_control
[ 46%] [34m[1mAutomatic MOC for target rviz_visual_tools[0m
[ 46%] Built target rviz_visual_tools_autogen
[35m[1mConsolidate compiler generated dependencies of target rviz_visual_tools[0m
[ 48%] [32mBuilding CXX object CMakeFiles/rviz_visual_tools.dir/src/tf_visual_tools.cpp.o[0m
[ 51%] [32mBuilding CXX object CMakeFiles/rviz_visual_tools.dir/src/rviz_visual_tools.cpp.o[0m
[ 53%] [32m[1mLinking CXX shared library librviz_visual_tools_gui.so[0m
[ 53%] Built target rviz_visual_tools_gui
[ 56%] [32m[1mLinking CXX shared library librviz_visual_tools.so[0m
[ 58%] Built target rviz_visual_tools
[ 61%] [34m[1mAutomatic MOC for target rviz_visual_tools_rvt_test[0m
[ 64%] [34m[1mAutomatic MOC for target rviz_visual_tools_demo[0m
[ 66%] [34m[1mAutomatic MOC for target rviz_visual_tools_imarker_simple[0m
[ 66%] Built target rviz_visual_tools_demo_autogen
[ 66%] Built target rviz_visual_tools_imarker_simple_autogen
[ 66%] Built target rviz_visual_tools_rvt_test_autogen
[35m[1mConsolidate compiler generated dependencies of target rviz_visual_tools_demo[0m
[35m[1mConsolidate compiler generated dependencies of target rviz_visual_tools_rvt_test[0m
[35m[1mConsolidate compiler generated dependencies of target rviz_visual_tools_imarker_simple[0m
[ 69%] [32mBuilding CXX object CMakeFiles/rviz_visual_tools_demo.dir/src/rviz_visual_tools_demo.cpp.o[0m
[ 71%] [32mBuilding CXX object CMakeFiles/rviz_visual_tools_rvt_test.dir/tests/rvt_test.cpp.o[0m
[ 74%] [32mBuilding CXX object CMakeFiles/rviz_visual_tools_imarker_simple.dir/src/imarker_simple.cpp.o[0m
[ 76%] [32m[1mLinking CXX shared library librviz_visual_tools_imarker_simple.so[0m
[ 79%] Built target rviz_visual_tools_imarker_simple
[ 82%] [34m[1mAutomatic MOC for target rviz_visual_tools_imarker_simple_demo[0m
[ 82%] Built target rviz_visual_tools_imarker_simple_demo_autogen
[35m[1mConsolidate compiler generated dependencies of target rviz_visual_tools_imarker_simple_demo[0m
[ 84%] [32m[1mLinking CXX executable rviz_visual_tools_demo[0m
[ 87%] [32mBuilding CXX object CMakeFiles/rviz_visual_tools_imarker_simple_demo.dir/src/imarker_simple_demo.cpp.o[0m
[ 89%] Built target rviz_visual_tools_demo
[ 92%] [32m[1mLinking CXX executable rviz_visual_tools_rvt_test[0m
[ 94%] Built target rviz_visual_tools_rvt_test
[ 97%] [32m[1mLinking CXX executable rviz_visual_tools_imarker_simple_demo[0m
[100%] Built target rviz_visual_tools_imarker_simple_demo
