[0.158s] Invoking command in '/home/buhrmann/ws_moveit/build/rviz_visual_tools': CMAKE_PREFIX_PATH=${CMAKE_PREFIX_PATH}:/home/buhrmann/ws_moveit/install/moveit_configs_utils:/opt/ros/iron /usr/bin/cmake /home/buhrmann/ws_moveit/src/rviz_visual_tools -DAMENT_CMAKE_SYMLINK_INSTALL=1 -DCMAKE_INSTALL_PREFIX=/home/buhrmann/ws_moveit/install/rviz_visual_tools
[0.178s] -- Found ament_cmake: 2.0.7 (/opt/ros/iron/share/ament_cmake/cmake)
[0.269s] -- Override CMake install command with custom implementation using symlinks instead of copying resources
[0.274s] -- Found rclcpp: 21.0.8 (/opt/ros/iron/share/rclcpp/cmake)
[0.300s] -- Found rosidl_generator_c: 4.0.1 (/opt/ros/iron/share/rosidl_generator_c/cmake)
[0.307s] -- Found rosidl_generator_cpp: 4.0.1 (/opt/ros/iron/share/rosidl_generator_cpp/cmake)
[0.320s] -- Using all available rosidl_typesupport_c: rosidl_typesupport_fastrtps_c;rosidl_typesupport_introspection_c
[0.330s] -- Using all available rosidl_typesupport_cpp: rosidl_typesupport_fastrtps_cpp;rosidl_typesupport_introspection_cpp
[0.411s] -- Found rmw_implementation_cmake: 7.1.0 (/opt/ros/iron/share/rmw_implementation_cmake/cmake)
[0.413s] -- Found rmw_fastrtps_cpp: 7.1.4 (/opt/ros/iron/share/rmw_fastrtps_cpp/cmake)
[0.523s] -- Using RMW implementation 'rmw_fastrtps_cpp' as default
[0.667s] -- Found rclcpp_components: 21.0.8 (/opt/ros/iron/share/rclcpp_components/cmake)
[0.726s] -- Found rviz_ogre_vendor: 12.4.10 (/opt/ros/iron/share/rviz_ogre_vendor/cmake)
[0.726s] -- Setting OGRE_DIR to: '/opt/ros/iron/share/rviz_ogre_vendor/cmake/../../../opt/rviz_ogre_vendor/lib/OGRE/cmake'
[0.727s] -- Found OGRE
[0.727s] --   static     : OFF
[0.727s] --   components : MeshLodGenerator;Overlay;Paging;Property;RTShaderSystem;Terrain;Volume
[0.727s] --   plugins    : Plugin_BSPSceneManager;Plugin_OctreeSceneManager;Plugin_PCZSceneManager;Plugin_ParticleFX;RenderSystem_GL;RenderSystem_GL3Plus;Codec_STBI
[0.727s] --   media      : /opt/ros/iron/opt/rviz_ogre_vendor/share/OGRE/Media
[0.727s] -- OGRE_LIBRARIES: OgreMeshLodGenerator;OgreOverlay;OgrePaging;OgreProperty;OgreRTShaderSystem;OgreTerrain;OgreVolume;OgreMain
[0.727s] -- OGRE_LIBRARY_DIRS: /opt/ros/iron/opt/rviz_ogre_vendor/lib
[0.727s] -- OGRE_PLUGINS: Plugin_BSPSceneManager;Plugin_OctreeSceneManager;Plugin_PCZSceneManager;Plugin_ParticleFX;RenderSystem_GL;RenderSystem_GL3Plus;Codec_STBI
[0.728s] -- OGRE_PLUGIN_DIR: /opt/ros/iron/opt/rviz_ogre_vendor/lib/OGRE
[0.728s] -- rviz_ogre_vendor::OgreOverlay for IMPORTED_LOCATION_RELEASE: /opt/ros/iron/opt/rviz_ogre_vendor/lib/libOgreOverlay.so
[0.728s] -- rviz_ogre_vendor::OgreOverlay for IMPORTED_LOCATION_DEBUG: /opt/ros/iron/opt/rviz_ogre_vendor/lib/libOgreOverlay.so
[0.728s] -- rviz_ogre_vendor::OgreMain for IMPORTED_LOCATION_RELEASE: /opt/ros/iron/opt/rviz_ogre_vendor/lib/libOgreMain.so
[0.728s] -- rviz_ogre_vendor::OgreMain for IMPORTED_LOCATION_DEBUG: /opt/ros/iron/opt/rviz_ogre_vendor/lib/libOgreMain.so
[0.729s] -- Could not find freeimage library
[0.763s] -- Found sensor_msgs: 5.0.1 (/opt/ros/iron/share/sensor_msgs/cmake)
[0.899s] -- Found shape_msgs: 5.0.1 (/opt/ros/iron/share/shape_msgs/cmake)
[0.945s] -- Found visualization_msgs: 5.0.1 (/opt/ros/iron/share/visualization_msgs/cmake)
[1.086s] -- Found trajectory_msgs: 5.0.1 (/opt/ros/iron/share/trajectory_msgs/cmake)
[1.154s] -- Found eigen3_cmake_module: 0.2.2 (/opt/ros/iron/share/eigen3_cmake_module/cmake)
[1.155s] -- Found eigen_stl_containers: 1.0.0 (/opt/ros/iron/share/eigen_stl_containers/cmake)
[1.161s] -- Found tf2: 0.31.8 (/opt/ros/iron/share/tf2/cmake)
[1.168s] -- Found tf2_eigen: 0.31.8 (/opt/ros/iron/share/tf2_eigen/cmake)
[1.457s] -- Found tf2_geometry_msgs: 0.31.8 (/opt/ros/iron/share/tf2_geometry_msgs/cmake)
[1.463s] -- Ensuring Eigen3 include directory is part of orocos-kdl CMake target
[1.470s] -- Found pluginlib: 5.2.2 (/opt/ros/iron/share/pluginlib/cmake)
[1.488s] -- Found interactive_markers: 2.4.0 (/opt/ros/iron/share/interactive_markers/cmake)
[1.499s] -- Found rviz_common: 12.4.10 (/opt/ros/iron/share/rviz_common/cmake)
[1.507s] -- Setting assimp_DIR to: '/opt/ros/iron/share/rviz_assimp_vendor/cmake/../../../opt/rviz_assimp_vendor/lib/cmake/assimp-4.1'
[1.548s] -- library: /usr/lib/x86_64-linux-gnu/libcurl.so
[1.595s] -- Found rviz_default_plugins: 12.4.10 (/opt/ros/iron/share/rviz_default_plugins/cmake)
[2.125s] -- Found ament_cmake_gtest: 2.0.7 (/opt/ros/iron/share/ament_cmake_gtest/cmake)
[2.126s] -- Found gtest sources under '/opt/ros/iron/src/gtest_vendor': C++ tests using 'Google Test' will be built
[2.198s] -- Configuring done
[2.284s] -- Generating done
[2.295s] -- Build files have been written to: /home/buhrmann/ws_moveit/build/rviz_visual_tools
[2.310s] Invoked command in '/home/buhrmann/ws_moveit/build/rviz_visual_tools' returned '0': CMAKE_PREFIX_PATH=${CMAKE_PREFIX_PATH}:/home/buhrmann/ws_moveit/install/moveit_configs_utils:/opt/ros/iron /usr/bin/cmake /home/buhrmann/ws_moveit/src/rviz_visual_tools -DAMENT_CMAKE_SYMLINK_INSTALL=1 -DCMAKE_INSTALL_PREFIX=/home/buhrmann/ws_moveit/install/rviz_visual_tools
[2.312s] Invoking command in '/home/buhrmann/ws_moveit/build/rviz_visual_tools': CMAKE_PREFIX_PATH=${CMAKE_PREFIX_PATH}:/home/buhrmann/ws_moveit/install/moveit_configs_utils:/opt/ros/iron /usr/bin/cmake --build /home/buhrmann/ws_moveit/build/rviz_visual_tools -- -j28 -l28
[2.368s] [  2%] [34m[1mAutomatic MOC for target gtest[0m
[2.369s] [  5%] [34m[1mAutomatic MOC for target rviz_visual_tools_gui[0m
[2.369s] [  7%] [34m[1mAutomatic MOC for target gtest_main[0m
[2.370s] [ 10%] [34m[1mAutomatic MOC for target rviz_visual_tools_remote_control[0m
[2.386s] [ 10%] Built target gtest_main_autogen
[2.389s] [ 10%] Built target gtest_autogen
[2.392s] [ 10%] Built target rviz_visual_tools_remote_control_autogen
[2.394s] [35m[1mConsolidate compiler generated dependencies of target gtest_main[0m
[2.399s] [35m[1mConsolidate compiler generated dependencies of target gtest[0m
[2.404s] [ 12%] [32mBuilding CXX object gtest/CMakeFiles/gtest_main.dir/src/gtest_main.cc.o[0m
[2.405s] [35m[1mConsolidate compiler generated dependencies of target rviz_visual_tools_remote_control[0m
[2.410s] [ 15%] [32mBuilding CXX object gtest/CMakeFiles/gtest.dir/src/gtest-all.cc.o[0m
[2.422s] [ 17%] [32mBuilding CXX object CMakeFiles/rviz_visual_tools_remote_control.dir/src/remote_control.cpp.o[0m
[2.562s] [ 17%] Built target rviz_visual_tools_gui_autogen
[2.576s] [35m[1mConsolidate compiler generated dependencies of target rviz_visual_tools_gui[0m
[2.600s] [ 20%] [32mBuilding CXX object CMakeFiles/rviz_visual_tools_gui.dir/src/remote_control.cpp.o[0m
[2.601s] [ 28%] [32mBuilding CXX object CMakeFiles/rviz_visual_tools_gui.dir/rviz_visual_tools_gui_autogen/mocs_compilation.cpp.o[0m
[2.601s] [ 28%] [32mBuilding CXX object CMakeFiles/rviz_visual_tools_gui.dir/src/key_tool.cpp.o[0m
[2.601s] [ 28%] [32mBuilding CXX object CMakeFiles/rviz_visual_tools_gui.dir/src/rviz_visual_tools_gui.cpp.o[0m
[2.731s] [ 30%] [32m[1mLinking CXX static library libgtest_main.a[0m
[2.781s] [ 33%] Built target gtest_main
[4.027s] [ 35%] [32m[1mLinking CXX static library libgtest.a[0m
[4.111s] [ 38%] Built target gtest
[6.036s] [ 41%] [32m[1mLinking CXX shared library librviz_visual_tools_remote_control.so[0m
[6.256s] [ 43%] Built target rviz_visual_tools_remote_control
[6.287s] [ 46%] [34m[1mAutomatic MOC for target rviz_visual_tools[0m
[6.304s] [ 46%] Built target rviz_visual_tools_autogen
[6.319s] [35m[1mConsolidate compiler generated dependencies of target rviz_visual_tools[0m
[6.336s] [ 48%] [32mBuilding CXX object CMakeFiles/rviz_visual_tools.dir/src/tf_visual_tools.cpp.o[0m
[6.338s] [ 51%] [32mBuilding CXX object CMakeFiles/rviz_visual_tools.dir/src/rviz_visual_tools.cpp.o[0m
[7.318s] [ 53%] [32m[1mLinking CXX shared library librviz_visual_tools_gui.so[0m
[8.285s] [ 53%] Built target rviz_visual_tools_gui
[13.547s] [ 56%] [32m[1mLinking CXX shared library librviz_visual_tools.so[0m
[13.898s] [ 58%] Built target rviz_visual_tools
[13.932s] [ 61%] [34m[1mAutomatic MOC for target rviz_visual_tools_rvt_test[0m
[13.932s] [ 64%] [34m[1mAutomatic MOC for target rviz_visual_tools_demo[0m
[13.933s] [ 66%] [34m[1mAutomatic MOC for target rviz_visual_tools_imarker_simple[0m
[13.950s] [ 66%] Built target rviz_visual_tools_demo_autogen
[13.953s] [ 66%] Built target rviz_visual_tools_imarker_simple_autogen
[13.955s] [ 66%] Built target rviz_visual_tools_rvt_test_autogen
[13.958s] [35m[1mConsolidate compiler generated dependencies of target rviz_visual_tools_demo[0m
[13.964s] [35m[1mConsolidate compiler generated dependencies of target rviz_visual_tools_rvt_test[0m
[13.965s] [35m[1mConsolidate compiler generated dependencies of target rviz_visual_tools_imarker_simple[0m
[13.971s] [ 69%] [32mBuilding CXX object CMakeFiles/rviz_visual_tools_demo.dir/src/rviz_visual_tools_demo.cpp.o[0m
[13.976s] [ 71%] [32mBuilding CXX object CMakeFiles/rviz_visual_tools_rvt_test.dir/tests/rvt_test.cpp.o[0m
[13.978s] [ 74%] [32mBuilding CXX object CMakeFiles/rviz_visual_tools_imarker_simple.dir/src/imarker_simple.cpp.o[0m
[16.221s] [ 76%] [32m[1mLinking CXX shared library librviz_visual_tools_imarker_simple.so[0m
[16.389s] [ 79%] Built target rviz_visual_tools_imarker_simple
[16.414s] [ 82%] [34m[1mAutomatic MOC for target rviz_visual_tools_imarker_simple_demo[0m
[16.435s] [ 82%] Built target rviz_visual_tools_imarker_simple_demo_autogen
[16.445s] [35m[1mConsolidate compiler generated dependencies of target rviz_visual_tools_imarker_simple_demo[0m
[16.459s] [ 84%] [32m[1mLinking CXX executable rviz_visual_tools_demo[0m
[16.460s] [ 87%] [32mBuilding CXX object CMakeFiles/rviz_visual_tools_imarker_simple_demo.dir/src/imarker_simple_demo.cpp.o[0m
[16.657s] [ 89%] Built target rviz_visual_tools_demo
[16.908s] [ 92%] [32m[1mLinking CXX executable rviz_visual_tools_rvt_test[0m
[17.156s] [ 94%] Built target rviz_visual_tools_rvt_test
[18.628s] [ 97%] [32m[1mLinking CXX executable rviz_visual_tools_imarker_simple_demo[0m
[18.817s] [100%] Built target rviz_visual_tools_imarker_simple_demo
