[0.241s] Invoking command in '/home/buhrmann/ws_moveit/build/moveit_common': CMAKE_PREFIX_PATH=${CMAKE_PREFIX_PATH}:/home/buhrmann/ws_moveit/install/ros2_azure_bridge:/home/buhrmann/ws_moveit/install/moveit_configs_utils:/opt/ros/iron /usr/bin/cmake --build /home/buhrmann/ws_moveit/build/moveit_common -- -j28 -l28
[0.659s] Invoked command in '/home/buhrmann/ws_moveit/build/moveit_common' returned '0': CMAKE_PREFIX_PATH=${CMAKE_PREFIX_PATH}:/home/buhrmann/ws_moveit/install/ros2_azure_bridge:/home/buhrmann/ws_moveit/install/moveit_configs_utils:/opt/ros/iron /usr/bin/cmake --build /home/buhrmann/ws_moveit/build/moveit_common -- -j28 -l28
[0.661s] Invoking command in '/home/buhrmann/ws_moveit/build/moveit_common': CMAKE_PREFIX_PATH=${CMAKE_PREFIX_PATH}:/home/buhrmann/ws_moveit/install/ros2_azure_bridge:/home/buhrmann/ws_moveit/install/moveit_configs_utils:/opt/ros/iron /usr/bin/cmake --install /home/buhrmann/ws_moveit/build/moveit_common
[0.702s] -- Install configuration: ""
[0.707s] -- Up-to-date: /home/buhrmann/ws_moveit/install/moveit_common/share/ament_index/resource_index/package_run_dependencies/moveit_common
[0.708s] -- Up-to-date: /home/buhrmann/ws_moveit/install/moveit_common/share/ament_index/resource_index/parent_prefix_path/moveit_common
[0.709s] -- Up-to-date: /home/buhrmann/ws_moveit/install/moveit_common/share/moveit_common/environment/ament_prefix_path.sh
[0.710s] -- Up-to-date: /home/buhrmann/ws_moveit/install/moveit_common/share/moveit_common/environment/ament_prefix_path.dsv
[0.710s] -- Up-to-date: /home/buhrmann/ws_moveit/install/moveit_common/share/moveit_common/environment/path.sh
[0.710s] -- Up-to-date: /home/buhrmann/ws_moveit/install/moveit_common/share/moveit_common/environment/path.dsv
[0.711s] -- Up-to-date: /home/buhrmann/ws_moveit/install/moveit_common/share/moveit_common/local_setup.bash
[0.711s] -- Up-to-date: /home/buhrmann/ws_moveit/install/moveit_common/share/moveit_common/local_setup.sh
[0.711s] -- Up-to-date: /home/buhrmann/ws_moveit/install/moveit_common/share/moveit_common/local_setup.zsh
[0.711s] -- Up-to-date: /home/buhrmann/ws_moveit/install/moveit_common/share/moveit_common/local_setup.dsv
[0.711s] -- Installing: /home/buhrmann/ws_moveit/install/moveit_common/share/moveit_common/package.dsv
[0.712s] -- Up-to-date: /home/buhrmann/ws_moveit/install/moveit_common/share/ament_index/resource_index/packages/moveit_common
[0.713s] -- Up-to-date: /home/buhrmann/ws_moveit/install/moveit_common/share/moveit_common/cmake/moveit_common-extras.cmake
[0.716s] -- Up-to-date: /home/buhrmann/ws_moveit/install/moveit_common/share/moveit_common/cmake/moveit_commonConfig.cmake
[0.716s] -- Up-to-date: /home/buhrmann/ws_moveit/install/moveit_common/share/moveit_common/cmake/moveit_commonConfig-version.cmake
[0.716s] -- Up-to-date: /home/buhrmann/ws_moveit/install/moveit_common/share/moveit_common/package.xml
[0.722s] -- Up-to-date: /home/buhrmann/ws_moveit/install/moveit_common/share/moveit_common/cmake
[0.723s] -- Up-to-date: /home/buhrmann/ws_moveit/install/moveit_common/share/moveit_common/cmake/moveit_package.cmake
[0.848s] Invoked command in '/home/buhrmann/ws_moveit/build/moveit_common' returned '0': CMAKE_PREFIX_PATH=${CMAKE_PREFIX_PATH}:/home/buhrmann/ws_moveit/install/ros2_azure_bridge:/home/buhrmann/ws_moveit/install/moveit_configs_utils:/opt/ros/iron /usr/bin/cmake --install /home/buhrmann/ws_moveit/build/moveit_common
